Reading OpenROAD database at '/home/yaser/CMOS_Tapeouts/nano_cpu/runs/RUN_2026-04-05_19-43-06/31-openroad-repairdesignpostgpl/nano_cpu.odb'…
Reading library file at '/home/yaser/.volare/volare/sky130/versions/0fe599b2afb6708d281543108caf8310912f54af/sky130A/libs.ref/sky130_fd_sc_hd/lib/sky130_fd_sc_hd__tt_025C_1v80.lib'…
Reading design constraints file at '/nix/store/ss2cw3sxbrwwx9jl0rrppbw4kgcmgi2n-python3-3.11.9-env/lib/python3.11/site-packages/openlane/scripts/base.sdc'…
[INFO] Using clock clk…
[INFO] Setting output delay to: 3.0
[INFO] Setting input delay to: 3.0
[INFO] Setting load to: 0.033442
[INFO] Setting clock uncertainty to: 0.25
[INFO] Setting clock transition to: 0.1499999999999999944488848768742172978818416595458984375
[INFO] Setting timing derate to: 5%
Placement Analysis
---------------------------------
total displacement          0.0 u
average displacement        0.0 u
max displacement            0.0 u
original HPWL            3374.6 u
legalized HPWL           3510.1 u
delta HPWL                    4 %

[INFO DPL-0020] Mirrored 80 instances
[INFO DPL-0021] HPWL before            3510.1 u
[INFO DPL-0022] HPWL after             3374.6 u
[INFO DPL-0023] HPWL delta               -3.9 %
Setting global connections for newly added cells…
[INFO] Setting global connections...
Updating metrics…
Cell type report:                       Count       Area
  Fill cell                                48     180.17
  Tap cell                                 52      65.06
  Timing Repair Buffer                     68     302.79
  Inverter                                  5      18.77
  Sequential cell                          25     500.48
  Multi-Input combinational cell          125     912.12
  Total                                   323    1979.40
Writing OpenROAD database to '/home/yaser/CMOS_Tapeouts/nano_cpu/runs/RUN_2026-04-05_19-43-06/33-openroad-detailedplacement/nano_cpu.odb'…
Writing netlist to '/home/yaser/CMOS_Tapeouts/nano_cpu/runs/RUN_2026-04-05_19-43-06/33-openroad-detailedplacement/nano_cpu.nl.v'…
Writing powered netlist to '/home/yaser/CMOS_Tapeouts/nano_cpu/runs/RUN_2026-04-05_19-43-06/33-openroad-detailedplacement/nano_cpu.pnl.v'…
Writing layout to '/home/yaser/CMOS_Tapeouts/nano_cpu/runs/RUN_2026-04-05_19-43-06/33-openroad-detailedplacement/nano_cpu.def'…
Writing timing constraints to '/home/yaser/CMOS_Tapeouts/nano_cpu/runs/RUN_2026-04-05_19-43-06/33-openroad-detailedplacement/nano_cpu.sdc'…
