Clock: clk
Sources: clk 
Generated: no
Virtual: yes
Propagated: no
Period: 10.000000

===========================================================================
report_clock_properties
============================================================================
Clock                   Period          Waveform
----------------------------------------------------
clk                  10.000000    0.000000  5.000000

===========================================================================
report_clock_latency
============================================================================
Clock clk
rise -> rise
    min     max
0.000000 0.000000 source latency
0.268744         network latency _22_/CLK
        0.270577 network latency _23_/CLK
---------------
0.268744 0.270577 latency
        0.001833 skew

fall -> fall
    min     max
0.000000 0.000000 source latency
0.276569         network latency _22_/CLK
        0.278240 network latency _23_/CLK
---------------
0.276569 0.278240 latency
        0.001672 skew



===========================================================================
report_clock_min_period
============================================================================
clk period_min = 1.54 fmax = 648.62
