
===========================================================================
report_checks -path_delay max (Setup)
============================================================================
======================= nom_tt_025C_1v80 Corner ===================================

Startpoint: _21_ (rising edge-triggered flip-flop clocked by clk)
Endpoint: out[1] (output port clocked by clk)
Path Group: clk
Path Type: max

Fanout         Cap        Slew       Delay        Time   Description
---------------------------------------------------------------------------------------------
                                  0.000000    0.000000   clock clk (rise edge)
                                  0.000000    0.000000   clock source latency
     1    0.010141    0.052064    0.034529    0.034529 ^ clk (in)
                                                         clk (net)
                      0.052066    0.000000    0.034529 ^ clkbuf_0_clk/A (sky130_fd_sc_hd__clkbuf_16)
     2    0.017343    0.039575    0.125399    0.159928 ^ clkbuf_0_clk/X (sky130_fd_sc_hd__clkbuf_16)
                                                         clknet_0_clk (net)
                      0.039584    0.000271    0.160198 ^ clkbuf_1_1__f_clk/A (sky130_fd_sc_hd__clkbuf_16)
     2    0.006384    0.030039    0.110202    0.270401 ^ clkbuf_1_1__f_clk/X (sky130_fd_sc_hd__clkbuf_16)
                                                         clknet_1_1__leaf_clk (net)
                      0.030039    0.000167    0.270567 ^ _21_/CLK (sky130_fd_sc_hd__dfrtp_1)
     4    0.013360    0.127777    0.377788    0.648355 ^ _21_/Q (sky130_fd_sc_hd__dfrtp_1)
                                                         net3 (net)
                      0.127777    0.000307    0.648663 ^ output3/A (sky130_fd_sc_hd__buf_2)
     1    0.033960    0.169162    0.227067    0.875729 ^ output3/X (sky130_fd_sc_hd__buf_2)
                                                         out[1] (net)
                      0.169162    0.000631    0.876360 ^ out[1] (out)
                                              0.876360   data arrival time

                                 10.000000   10.000000   clock clk (rise edge)
                                  0.000000   10.000000   clock network delay (propagated)
                                 -0.250000    9.750000   clock uncertainty
                                  0.000000    9.750000   clock reconvergence pessimism
                                 -2.000000    7.750000   output external delay
                                              7.750000   data required time
---------------------------------------------------------------------------------------------
                                              7.750000   data required time
                                             -0.876360   data arrival time
---------------------------------------------------------------------------------------------
                                              6.873640   slack (MET)


Startpoint: _20_ (rising edge-triggered flip-flop clocked by clk)
Endpoint: out[0] (output port clocked by clk)
Path Group: clk
Path Type: max

Fanout         Cap        Slew       Delay        Time   Description
---------------------------------------------------------------------------------------------
                                  0.000000    0.000000   clock clk (rise edge)
                                  0.000000    0.000000   clock source latency
     1    0.010141    0.052064    0.034529    0.034529 ^ clk (in)
                                                         clk (net)
                      0.052066    0.000000    0.034529 ^ clkbuf_0_clk/A (sky130_fd_sc_hd__clkbuf_16)
     2    0.017343    0.039575    0.125399    0.159928 ^ clkbuf_0_clk/X (sky130_fd_sc_hd__clkbuf_16)
                                                         clknet_0_clk (net)
                      0.039585    0.000365    0.160292 ^ clkbuf_1_0__f_clk/A (sky130_fd_sc_hd__clkbuf_16)
     2    0.004829    0.028611    0.108349    0.268641 ^ clkbuf_1_0__f_clk/X (sky130_fd_sc_hd__clkbuf_16)
                                                         clknet_1_0__leaf_clk (net)
                      0.028611    0.000110    0.268752 ^ _20_/CLK (sky130_fd_sc_hd__dfrtp_1)
     4    0.012875    0.123786    0.374353    0.643105 ^ _20_/Q (sky130_fd_sc_hd__dfrtp_1)
                                                         net2 (net)
                      0.123786    0.000306    0.643411 ^ output2/A (sky130_fd_sc_hd__buf_2)
     1    0.034384    0.171154    0.227331    0.870742 ^ output2/X (sky130_fd_sc_hd__buf_2)
                                                         out[0] (net)
                      0.171154    0.000722    0.871464 ^ out[0] (out)
                                              0.871464   data arrival time

                                 10.000000   10.000000   clock clk (rise edge)
                                  0.000000   10.000000   clock network delay (propagated)
                                 -0.250000    9.750000   clock uncertainty
                                  0.000000    9.750000   clock reconvergence pessimism
                                 -2.000000    7.750000   output external delay
                                              7.750000   data required time
---------------------------------------------------------------------------------------------
                                              7.750000   data required time
                                             -0.871464   data arrival time
---------------------------------------------------------------------------------------------
                                              6.878536   slack (MET)


Startpoint: _22_ (rising edge-triggered flip-flop clocked by clk)
Endpoint: out[2] (output port clocked by clk)
Path Group: clk
Path Type: max

Fanout         Cap        Slew       Delay        Time   Description
---------------------------------------------------------------------------------------------
                                  0.000000    0.000000   clock clk (rise edge)
                                  0.000000    0.000000   clock source latency
     1    0.010141    0.052064    0.034529    0.034529 ^ clk (in)
                                                         clk (net)
                      0.052066    0.000000    0.034529 ^ clkbuf_0_clk/A (sky130_fd_sc_hd__clkbuf_16)
     2    0.017343    0.039575    0.125399    0.159928 ^ clkbuf_0_clk/X (sky130_fd_sc_hd__clkbuf_16)
                                                         clknet_0_clk (net)
                      0.039585    0.000365    0.160292 ^ clkbuf_1_0__f_clk/A (sky130_fd_sc_hd__clkbuf_16)
     2    0.004829    0.028611    0.108349    0.268641 ^ clkbuf_1_0__f_clk/X (sky130_fd_sc_hd__clkbuf_16)
                                                         clknet_1_0__leaf_clk (net)
                      0.028611    0.000103    0.268744 ^ _22_/CLK (sky130_fd_sc_hd__dfrtp_1)
     3    0.007534    0.061483    0.373193    0.641937 v _22_/Q (sky130_fd_sc_hd__dfrtp_1)
                                                         net4 (net)
                      0.061483    0.000138    0.642075 v output4/A (sky130_fd_sc_hd__buf_2)
     1    0.034463    0.089931    0.187685    0.829760 v output4/X (sky130_fd_sc_hd__buf_2)
                                                         out[2] (net)
                      0.089936    0.000762    0.830522 v out[2] (out)
                                              0.830522   data arrival time

                                 10.000000   10.000000   clock clk (rise edge)
                                  0.000000   10.000000   clock network delay (propagated)
                                 -0.250000    9.750000   clock uncertainty
                                  0.000000    9.750000   clock reconvergence pessimism
                                 -2.000000    7.750000   output external delay
                                              7.750000   data required time
---------------------------------------------------------------------------------------------
                                              7.750000   data required time
                                             -0.830522   data arrival time
---------------------------------------------------------------------------------------------
                                              6.919477   slack (MET)


Startpoint: _23_ (rising edge-triggered flip-flop clocked by clk)
Endpoint: out[3] (output port clocked by clk)
Path Group: clk
Path Type: max

Fanout         Cap        Slew       Delay        Time   Description
---------------------------------------------------------------------------------------------
                                  0.000000    0.000000   clock clk (rise edge)
                                  0.000000    0.000000   clock source latency
     1    0.010141    0.052064    0.034529    0.034529 ^ clk (in)
                                                         clk (net)
                      0.052066    0.000000    0.034529 ^ clkbuf_0_clk/A (sky130_fd_sc_hd__clkbuf_16)
     2    0.017343    0.039575    0.125399    0.159928 ^ clkbuf_0_clk/X (sky130_fd_sc_hd__clkbuf_16)
                                                         clknet_0_clk (net)
                      0.039584    0.000271    0.160198 ^ clkbuf_1_1__f_clk/A (sky130_fd_sc_hd__clkbuf_16)
     2    0.006384    0.030039    0.110202    0.270401 ^ clkbuf_1_1__f_clk/X (sky130_fd_sc_hd__clkbuf_16)
                                                         clknet_1_1__leaf_clk (net)
                      0.030039    0.000177    0.270577 ^ _23_/CLK (sky130_fd_sc_hd__dfrtp_1)
     2    0.004458    0.046851    0.357187    0.627764 v _23_/Q (sky130_fd_sc_hd__dfrtp_1)
                                                         net5 (net)
                      0.046851    0.000095    0.627859 v output5/A (sky130_fd_sc_hd__buf_2)
     1    0.034333    0.089675    0.180959    0.808818 v output5/X (sky130_fd_sc_hd__buf_2)
                                                         out[3] (net)
                      0.089680    0.000733    0.809551 v out[3] (out)
                                              0.809551   data arrival time

                                 10.000000   10.000000   clock clk (rise edge)
                                  0.000000   10.000000   clock network delay (propagated)
                                 -0.250000    9.750000   clock uncertainty
                                  0.000000    9.750000   clock reconvergence pessimism
                                 -2.000000    7.750000   output external delay
                                              7.750000   data required time
---------------------------------------------------------------------------------------------
                                              7.750000   data required time
                                             -0.809551   data arrival time
---------------------------------------------------------------------------------------------
                                              6.940449   slack (MET)


Startpoint: rst (input port clocked by clk)
Endpoint: _20_ (recovery check against rising-edge clock clk)
Path Group: asynchronous
Path Type: max

Fanout         Cap        Slew       Delay        Time   Description
---------------------------------------------------------------------------------------------
                                  0.000000    0.000000   clock clk (rise edge)
                                  0.000000    0.000000   clock network delay (propagated)
                                  2.000000    2.000000 v input external delay
     1    0.003217    0.009590    0.005148    2.005148 v rst (in)
                                                         rst (net)
                      0.009591    0.000000    2.005148 v input1/A (sky130_fd_sc_hd__clkbuf_2)
     4    0.020489    0.083638    0.135328    2.140476 v input1/X (sky130_fd_sc_hd__clkbuf_2)
                                                         net1 (net)
                      0.083639    0.000361    2.140837 v _11_/A (sky130_fd_sc_hd__inv_2)
     1    0.004838    0.037215    0.062241    2.203079 ^ _11_/Y (sky130_fd_sc_hd__inv_2)
                                                         _04_ (net)
                      0.037215    0.000112    2.203191 ^ _20_/RESET_B (sky130_fd_sc_hd__dfrtp_1)
                                              2.203191   data arrival time

                                 10.000000   10.000000   clock clk (rise edge)
                                  0.000000   10.000000   clock source latency
     1    0.010141    0.052064    0.034529   10.034529 ^ clk (in)
                                                         clk (net)
                      0.052066    0.000000   10.034529 ^ clkbuf_0_clk/A (sky130_fd_sc_hd__clkbuf_16)
     2    0.017343    0.039575    0.125398   10.159927 ^ clkbuf_0_clk/X (sky130_fd_sc_hd__clkbuf_16)
                                                         clknet_0_clk (net)
                      0.039585    0.000365   10.160293 ^ clkbuf_1_0__f_clk/A (sky130_fd_sc_hd__clkbuf_16)
     2    0.004829    0.028611    0.108349   10.268641 ^ clkbuf_1_0__f_clk/X (sky130_fd_sc_hd__clkbuf_16)
                                                         clknet_1_0__leaf_clk (net)
                      0.028611    0.000110   10.268751 ^ _20_/CLK (sky130_fd_sc_hd__dfrtp_1)
                                 -0.250000   10.018751   clock uncertainty
                                  0.000000   10.018751   clock reconvergence pessimism
                                  0.227328   10.246079   library recovery time
                                             10.246079   data required time
---------------------------------------------------------------------------------------------
                                             10.246079   data required time
                                             -2.203191   data arrival time
---------------------------------------------------------------------------------------------
                                              8.042890   slack (MET)


Startpoint: rst (input port clocked by clk)
Endpoint: _22_ (recovery check against rising-edge clock clk)
Path Group: asynchronous
Path Type: max

Fanout         Cap        Slew       Delay        Time   Description
---------------------------------------------------------------------------------------------
                                  0.000000    0.000000   clock clk (rise edge)
                                  0.000000    0.000000   clock network delay (propagated)
                                  2.000000    2.000000 v input external delay
     1    0.003217    0.009590    0.005148    2.005148 v rst (in)
                                                         rst (net)
                      0.009591    0.000000    2.005148 v input1/A (sky130_fd_sc_hd__clkbuf_2)
     4    0.020489    0.083638    0.135328    2.140476 v input1/X (sky130_fd_sc_hd__clkbuf_2)
                                                         net1 (net)
                      0.083642    0.000618    2.141093 v _18_/A (sky130_fd_sc_hd__inv_2)
     1    0.004120    0.034681    0.059477    2.200570 ^ _18_/Y (sky130_fd_sc_hd__inv_2)
                                                         _06_ (net)
                      0.034681    0.000084    2.200654 ^ _22_/RESET_B (sky130_fd_sc_hd__dfrtp_1)
                                              2.200654   data arrival time

                                 10.000000   10.000000   clock clk (rise edge)
                                  0.000000   10.000000   clock source latency
     1    0.010141    0.052064    0.034529   10.034529 ^ clk (in)
                                                         clk (net)
                      0.052066    0.000000   10.034529 ^ clkbuf_0_clk/A (sky130_fd_sc_hd__clkbuf_16)
     2    0.017343    0.039575    0.125398   10.159927 ^ clkbuf_0_clk/X (sky130_fd_sc_hd__clkbuf_16)
                                                         clknet_0_clk (net)
                      0.039585    0.000365   10.160293 ^ clkbuf_1_0__f_clk/A (sky130_fd_sc_hd__clkbuf_16)
     2    0.004829    0.028611    0.108349   10.268641 ^ clkbuf_1_0__f_clk/X (sky130_fd_sc_hd__clkbuf_16)
                                                         clknet_1_0__leaf_clk (net)
                      0.028611    0.000103   10.268744 ^ _22_/CLK (sky130_fd_sc_hd__dfrtp_1)
                                 -0.250000   10.018744   clock uncertainty
                                  0.000000   10.018744   clock reconvergence pessimism
                                  0.227986   10.246730   library recovery time
                                             10.246730   data required time
---------------------------------------------------------------------------------------------
                                             10.246730   data required time
                                             -2.200654   data arrival time
---------------------------------------------------------------------------------------------
                                              8.046076   slack (MET)


Startpoint: rst (input port clocked by clk)
Endpoint: _21_ (recovery check against rising-edge clock clk)
Path Group: asynchronous
Path Type: max

Fanout         Cap        Slew       Delay        Time   Description
---------------------------------------------------------------------------------------------
                                  0.000000    0.000000   clock clk (rise edge)
                                  0.000000    0.000000   clock network delay (propagated)
                                  2.000000    2.000000 v input external delay
     1    0.003217    0.009590    0.005148    2.005148 v rst (in)
                                                         rst (net)
                      0.009591    0.000000    2.005148 v input1/A (sky130_fd_sc_hd__clkbuf_2)
     4    0.020489    0.083638    0.135328    2.140476 v input1/X (sky130_fd_sc_hd__clkbuf_2)
                                                         net1 (net)
                      0.083643    0.000665    2.141140 v _17_/A (sky130_fd_sc_hd__inv_2)
     1    0.004242    0.035141    0.060044    2.201185 ^ _17_/Y (sky130_fd_sc_hd__inv_2)
                                                         _05_ (net)
                      0.035141    0.000090    2.201275 ^ _21_/RESET_B (sky130_fd_sc_hd__dfrtp_1)
                                              2.201275   data arrival time

                                 10.000000   10.000000   clock clk (rise edge)
                                  0.000000   10.000000   clock source latency
     1    0.010141    0.052064    0.034529   10.034529 ^ clk (in)
                                                         clk (net)
                      0.052066    0.000000   10.034529 ^ clkbuf_0_clk/A (sky130_fd_sc_hd__clkbuf_16)
     2    0.017343    0.039575    0.125398   10.159927 ^ clkbuf_0_clk/X (sky130_fd_sc_hd__clkbuf_16)
                                                         clknet_0_clk (net)
                      0.039584    0.000271   10.160198 ^ clkbuf_1_1__f_clk/A (sky130_fd_sc_hd__clkbuf_16)
     2    0.006384    0.030039    0.110203   10.270401 ^ clkbuf_1_1__f_clk/X (sky130_fd_sc_hd__clkbuf_16)
                                                         clknet_1_1__leaf_clk (net)
                      0.030039    0.000167   10.270568 ^ _21_/CLK (sky130_fd_sc_hd__dfrtp_1)
                                 -0.250000   10.020568   clock uncertainty
                                  0.000000   10.020568   clock reconvergence pessimism
                                  0.228304   10.248872   library recovery time
                                             10.248872   data required time
---------------------------------------------------------------------------------------------
                                             10.248872   data required time
                                             -2.201275   data arrival time
---------------------------------------------------------------------------------------------
                                              8.047597   slack (MET)


Startpoint: rst (input port clocked by clk)
Endpoint: _23_ (recovery check against rising-edge clock clk)
Path Group: asynchronous
Path Type: max

Fanout         Cap        Slew       Delay        Time   Description
---------------------------------------------------------------------------------------------
                                  0.000000    0.000000   clock clk (rise edge)
                                  0.000000    0.000000   clock network delay (propagated)
                                  2.000000    2.000000 v input external delay
     1    0.003217    0.009590    0.005148    2.005148 v rst (in)
                                                         rst (net)
                      0.009591    0.000000    2.005148 v input1/A (sky130_fd_sc_hd__clkbuf_2)
     4    0.020489    0.083638    0.135328    2.140476 v input1/X (sky130_fd_sc_hd__clkbuf_2)
                                                         net1 (net)
                      0.083643    0.000672    2.141148 v _19_/A (sky130_fd_sc_hd__inv_2)
     1    0.003996    0.034218    0.058900    2.200048 ^ _19_/Y (sky130_fd_sc_hd__inv_2)
                                                         _07_ (net)
                      0.034218    0.000079    2.200127 ^ _23_/RESET_B (sky130_fd_sc_hd__dfrtp_1)
                                              2.200127   data arrival time

                                 10.000000   10.000000   clock clk (rise edge)
                                  0.000000   10.000000   clock source latency
     1    0.010141    0.052064    0.034529   10.034529 ^ clk (in)
                                                         clk (net)
                      0.052066    0.000000   10.034529 ^ clkbuf_0_clk/A (sky130_fd_sc_hd__clkbuf_16)
     2    0.017343    0.039575    0.125398   10.159927 ^ clkbuf_0_clk/X (sky130_fd_sc_hd__clkbuf_16)
                                                         clknet_0_clk (net)
                      0.039584    0.000271   10.160198 ^ clkbuf_1_1__f_clk/A (sky130_fd_sc_hd__clkbuf_16)
     2    0.006384    0.030039    0.110203   10.270401 ^ clkbuf_1_1__f_clk/X (sky130_fd_sc_hd__clkbuf_16)
                                                         clknet_1_1__leaf_clk (net)
                      0.030039    0.000177   10.270577 ^ _23_/CLK (sky130_fd_sc_hd__dfrtp_1)
                                 -0.250000   10.020577   clock uncertainty
                                  0.000000   10.020577   clock reconvergence pessimism
                                  0.228544   10.249121   library recovery time
                                             10.249121   data required time
---------------------------------------------------------------------------------------------
                                             10.249121   data required time
                                             -2.200127   data arrival time
---------------------------------------------------------------------------------------------
                                              8.048995   slack (MET)


Startpoint: _20_ (rising edge-triggered flip-flop clocked by clk)
Endpoint: _21_ (rising edge-triggered flip-flop clocked by clk)
Path Group: clk
Path Type: max

Fanout         Cap        Slew       Delay        Time   Description
---------------------------------------------------------------------------------------------
                                  0.000000    0.000000   clock clk (rise edge)
                                  0.000000    0.000000   clock source latency
     1    0.010141    0.052064    0.034529    0.034529 ^ clk (in)
                                                         clk (net)
                      0.052066    0.000000    0.034529 ^ clkbuf_0_clk/A (sky130_fd_sc_hd__clkbuf_16)
     2    0.017343    0.039575    0.125399    0.159928 ^ clkbuf_0_clk/X (sky130_fd_sc_hd__clkbuf_16)
                                                         clknet_0_clk (net)
                      0.039585    0.000365    0.160292 ^ clkbuf_1_0__f_clk/A (sky130_fd_sc_hd__clkbuf_16)
     2    0.004829    0.028611    0.108349    0.268641 ^ clkbuf_1_0__f_clk/X (sky130_fd_sc_hd__clkbuf_16)
                                                         clknet_1_0__leaf_clk (net)
                      0.028611    0.000110    0.268752 ^ _20_/CLK (sky130_fd_sc_hd__dfrtp_1)
     4    0.012357    0.081027    0.395125    0.663876 v _20_/Q (sky130_fd_sc_hd__dfrtp_1)
                                                         net2 (net)
                      0.081027    0.000247    0.664124 v hold2/A (sky130_fd_sc_hd__dlygate4sd3_1)
     2    0.008978    0.082643    0.605336    1.269460 v hold2/X (sky130_fd_sc_hd__dlygate4sd3_1)
                                                         net7 (net)
                      0.082643    0.000143    1.269603 v _12_/A (sky130_fd_sc_hd__xor2_1)
     1    0.003590    0.050941    0.172294    1.441897 v _12_/X (sky130_fd_sc_hd__xor2_1)
                                                         _01_ (net)
                      0.050941    0.000106    1.442003 v _21_/D (sky130_fd_sc_hd__dfrtp_1)
                                              1.442003   data arrival time

                                 10.000000   10.000000   clock clk (rise edge)
                                  0.000000   10.000000   clock source latency
     1    0.010141    0.052064    0.034529   10.034529 ^ clk (in)
                                                         clk (net)
                      0.052066    0.000000   10.034529 ^ clkbuf_0_clk/A (sky130_fd_sc_hd__clkbuf_16)
     2    0.017343    0.039575    0.125398   10.159927 ^ clkbuf_0_clk/X (sky130_fd_sc_hd__clkbuf_16)
                                                         clknet_0_clk (net)
                      0.039584    0.000271   10.160198 ^ clkbuf_1_1__f_clk/A (sky130_fd_sc_hd__clkbuf_16)
     2    0.006384    0.030039    0.110203   10.270401 ^ clkbuf_1_1__f_clk/X (sky130_fd_sc_hd__clkbuf_16)
                                                         clknet_1_1__leaf_clk (net)
                      0.030039    0.000167   10.270568 ^ _21_/CLK (sky130_fd_sc_hd__dfrtp_1)
                                 -0.250000   10.020568   clock uncertainty
                                  0.000000   10.020568   clock reconvergence pessimism
                                 -0.120291    9.900276   library setup time
                                              9.900276   data required time
---------------------------------------------------------------------------------------------
                                              9.900276   data required time
                                             -1.442003   data arrival time
---------------------------------------------------------------------------------------------
                                              8.458274   slack (MET)


Startpoint: _22_ (rising edge-triggered flip-flop clocked by clk)
Endpoint: _22_ (rising edge-triggered flip-flop clocked by clk)
Path Group: clk
Path Type: max

Fanout         Cap        Slew       Delay        Time   Description
---------------------------------------------------------------------------------------------
                                  0.000000    0.000000   clock clk (rise edge)
                                  0.000000    0.000000   clock source latency
     1    0.010141    0.052064    0.034529    0.034529 ^ clk (in)
                                                         clk (net)
                      0.052066    0.000000    0.034529 ^ clkbuf_0_clk/A (sky130_fd_sc_hd__clkbuf_16)
     2    0.017343    0.039575    0.125399    0.159928 ^ clkbuf_0_clk/X (sky130_fd_sc_hd__clkbuf_16)
                                                         clknet_0_clk (net)
                      0.039585    0.000365    0.160292 ^ clkbuf_1_0__f_clk/A (sky130_fd_sc_hd__clkbuf_16)
     2    0.004829    0.028611    0.108349    0.268641 ^ clkbuf_1_0__f_clk/X (sky130_fd_sc_hd__clkbuf_16)
                                                         clknet_1_0__leaf_clk (net)
                      0.028611    0.000103    0.268744 ^ _22_/CLK (sky130_fd_sc_hd__dfrtp_1)
     3    0.007534    0.061483    0.373193    0.641937 v _22_/Q (sky130_fd_sc_hd__dfrtp_1)
                                                         net4 (net)
                      0.061483    0.000175    0.642112 v hold4/A (sky130_fd_sc_hd__dlygate4sd3_1)
     1    0.002303    0.050206    0.550623    1.192735 v hold4/X (sky130_fd_sc_hd__dlygate4sd3_1)
                                                         net9 (net)
                      0.050206    0.000044    1.192779 v _13_/B1 (sky130_fd_sc_hd__a21oi_1)
     1    0.004658    0.137691    0.137864    1.330643 ^ _13_/Y (sky130_fd_sc_hd__a21oi_1)
                                                         _08_ (net)
                      0.137691    0.000161    1.330803 ^ _15_/A (sky130_fd_sc_hd__nor2_1)
     1    0.002913    0.042314    0.065213    1.396016 v _15_/Y (sky130_fd_sc_hd__nor2_1)
                                                         _02_ (net)
                      0.042314    0.000065    1.396081 v _22_/D (sky130_fd_sc_hd__dfrtp_1)
                                              1.396081   data arrival time

                                 10.000000   10.000000   clock clk (rise edge)
                                  0.000000   10.000000   clock source latency
     1    0.010141    0.052064    0.034529   10.034529 ^ clk (in)
                                                         clk (net)
                      0.052066    0.000000   10.034529 ^ clkbuf_0_clk/A (sky130_fd_sc_hd__clkbuf_16)
     2    0.017343    0.039575    0.125398   10.159927 ^ clkbuf_0_clk/X (sky130_fd_sc_hd__clkbuf_16)
                                                         clknet_0_clk (net)
                      0.039585    0.000365   10.160293 ^ clkbuf_1_0__f_clk/A (sky130_fd_sc_hd__clkbuf_16)
     2    0.004829    0.028611    0.108349   10.268641 ^ clkbuf_1_0__f_clk/X (sky130_fd_sc_hd__clkbuf_16)
                                                         clknet_1_0__leaf_clk (net)
                      0.028611    0.000103   10.268744 ^ _22_/CLK (sky130_fd_sc_hd__dfrtp_1)
                                 -0.250000   10.018744   clock uncertainty
                                  0.000000   10.018744   clock reconvergence pessimism
                                 -0.116851    9.901894   library setup time
                                              9.901894   data required time
---------------------------------------------------------------------------------------------
                                              9.901894   data required time
                                             -1.396081   data arrival time
---------------------------------------------------------------------------------------------
                                              8.505814   slack (MET)


Startpoint: _23_ (rising edge-triggered flip-flop clocked by clk)
Endpoint: _23_ (rising edge-triggered flip-flop clocked by clk)
Path Group: clk
Path Type: max

Fanout         Cap        Slew       Delay        Time   Description
---------------------------------------------------------------------------------------------
                                  0.000000    0.000000   clock clk (rise edge)
                                  0.000000    0.000000   clock source latency
     1    0.010141    0.052064    0.034529    0.034529 ^ clk (in)
                                                         clk (net)
                      0.052066    0.000000    0.034529 ^ clkbuf_0_clk/A (sky130_fd_sc_hd__clkbuf_16)
     2    0.017343    0.039575    0.125399    0.159928 ^ clkbuf_0_clk/X (sky130_fd_sc_hd__clkbuf_16)
                                                         clknet_0_clk (net)
                      0.039584    0.000271    0.160198 ^ clkbuf_1_1__f_clk/A (sky130_fd_sc_hd__clkbuf_16)
     2    0.006384    0.030039    0.110202    0.270401 ^ clkbuf_1_1__f_clk/X (sky130_fd_sc_hd__clkbuf_16)
                                                         clknet_1_1__leaf_clk (net)
                      0.030039    0.000177    0.270577 ^ _23_/CLK (sky130_fd_sc_hd__dfrtp_1)
     2    0.004458    0.046851    0.357187    0.627764 v _23_/Q (sky130_fd_sc_hd__dfrtp_1)
                                                         net5 (net)
                      0.046851    0.000063    0.627827 v hold1/A (sky130_fd_sc_hd__dlygate4sd3_1)
     1    0.005473    0.066011    0.567802    1.195629 v hold1/X (sky130_fd_sc_hd__dlygate4sd3_1)
                                                         net6 (net)
                      0.066011    0.000182    1.195811 v _16_/A (sky130_fd_sc_hd__xor2_1)
     1    0.002397    0.046549    0.159603    1.355414 v _16_/X (sky130_fd_sc_hd__xor2_1)
                                                         _03_ (net)
                      0.046549    0.000068    1.355482 v _23_/D (sky130_fd_sc_hd__dfrtp_1)
                                              1.355482   data arrival time

                                 10.000000   10.000000   clock clk (rise edge)
                                  0.000000   10.000000   clock source latency
     1    0.010141    0.052064    0.034529   10.034529 ^ clk (in)
                                                         clk (net)
                      0.052066    0.000000   10.034529 ^ clkbuf_0_clk/A (sky130_fd_sc_hd__clkbuf_16)
     2    0.017343    0.039575    0.125398   10.159927 ^ clkbuf_0_clk/X (sky130_fd_sc_hd__clkbuf_16)
                                                         clknet_0_clk (net)
                      0.039584    0.000271   10.160198 ^ clkbuf_1_1__f_clk/A (sky130_fd_sc_hd__clkbuf_16)
     2    0.006384    0.030039    0.110203   10.270401 ^ clkbuf_1_1__f_clk/X (sky130_fd_sc_hd__clkbuf_16)
                                                         clknet_1_1__leaf_clk (net)
                      0.030039    0.000177   10.270577 ^ _23_/CLK (sky130_fd_sc_hd__dfrtp_1)
                                 -0.250000   10.020577   clock uncertainty
                                  0.000000   10.020577   clock reconvergence pessimism
                                 -0.118373    9.902204   library setup time
                                              9.902204   data required time
---------------------------------------------------------------------------------------------
                                              9.902204   data required time
                                             -1.355482   data arrival time
---------------------------------------------------------------------------------------------
                                              8.546721   slack (MET)


Startpoint: _20_ (rising edge-triggered flip-flop clocked by clk)
Endpoint: _20_ (rising edge-triggered flip-flop clocked by clk)
Path Group: clk
Path Type: max

Fanout         Cap        Slew       Delay        Time   Description
---------------------------------------------------------------------------------------------
                                  0.000000    0.000000   clock clk (rise edge)
                                  0.000000    0.000000   clock source latency
     1    0.010141    0.052064    0.034529    0.034529 ^ clk (in)
                                                         clk (net)
                      0.052066    0.000000    0.034529 ^ clkbuf_0_clk/A (sky130_fd_sc_hd__clkbuf_16)
     2    0.017343    0.039575    0.125399    0.159928 ^ clkbuf_0_clk/X (sky130_fd_sc_hd__clkbuf_16)
                                                         clknet_0_clk (net)
                      0.039585    0.000365    0.160292 ^ clkbuf_1_0__f_clk/A (sky130_fd_sc_hd__clkbuf_16)
     2    0.004829    0.028611    0.108349    0.268641 ^ clkbuf_1_0__f_clk/X (sky130_fd_sc_hd__clkbuf_16)
                                                         clknet_1_0__leaf_clk (net)
                      0.028611    0.000110    0.268752 ^ _20_/CLK (sky130_fd_sc_hd__dfrtp_1)
     4    0.012875    0.123786    0.374353    0.643105 ^ _20_/Q (sky130_fd_sc_hd__dfrtp_1)
                                                         net2 (net)
                      0.123786    0.000259    0.643365 ^ hold2/A (sky130_fd_sc_hd__dlygate4sd3_1)
     2    0.009678    0.112759    0.610928    1.254292 ^ hold2/X (sky130_fd_sc_hd__dlygate4sd3_1)
                                                         net7 (net)
                      0.112759    0.000138    1.254431 ^ _10_/A (sky130_fd_sc_hd__inv_2)
     1    0.002818    0.025470    0.035604    1.290034 v _10_/Y (sky130_fd_sc_hd__inv_2)
                                                         _00_ (net)
                      0.025470    0.000085    1.290119 v _20_/D (sky130_fd_sc_hd__dfrtp_1)
                                              1.290119   data arrival time

                                 10.000000   10.000000   clock clk (rise edge)
                                  0.000000   10.000000   clock source latency
     1    0.010141    0.052064    0.034529   10.034529 ^ clk (in)
                                                         clk (net)
                      0.052066    0.000000   10.034529 ^ clkbuf_0_clk/A (sky130_fd_sc_hd__clkbuf_16)
     2    0.017343    0.039575    0.125398   10.159927 ^ clkbuf_0_clk/X (sky130_fd_sc_hd__clkbuf_16)
                                                         clknet_0_clk (net)
                      0.039585    0.000365   10.160293 ^ clkbuf_1_0__f_clk/A (sky130_fd_sc_hd__clkbuf_16)
     2    0.004829    0.028611    0.108349   10.268641 ^ clkbuf_1_0__f_clk/X (sky130_fd_sc_hd__clkbuf_16)
                                                         clknet_1_0__leaf_clk (net)
                      0.028611    0.000110   10.268751 ^ _20_/CLK (sky130_fd_sc_hd__dfrtp_1)
                                 -0.250000   10.018751   clock uncertainty
                                  0.000000   10.018751   clock reconvergence pessimism
                                 -0.109495    9.909257   library setup time
                                              9.909257   data required time
---------------------------------------------------------------------------------------------
                                              9.909257   data required time
                                             -1.290119   data arrival time
---------------------------------------------------------------------------------------------
                                              8.619138   slack (MET)



