
===========================================================================
report_checks -path_delay min (Hold)
============================================================================
======================= nom_tt_025C_1v80 Corner ===================================

Startpoint: _20_ (rising edge-triggered flip-flop clocked by clk)
Endpoint: _22_ (rising edge-triggered flip-flop clocked by clk)
Path Group: clk
Path Type: min

Fanout         Cap        Slew       Delay        Time   Description
---------------------------------------------------------------------------------------------
                                  0.000000    0.000000   clock clk (rise edge)
                                  0.000000    0.000000   clock source latency
     1    0.010141    0.052064    0.034529    0.034529 ^ clk (in)
                                                         clk (net)
                      0.052066    0.000000    0.034529 ^ clkbuf_0_clk/A (sky130_fd_sc_hd__clkbuf_16)
     2    0.017343    0.039575    0.125399    0.159928 ^ clkbuf_0_clk/X (sky130_fd_sc_hd__clkbuf_16)
                                                         clknet_0_clk (net)
                      0.039585    0.000365    0.160292 ^ clkbuf_1_0__f_clk/A (sky130_fd_sc_hd__clkbuf_16)
     2    0.004829    0.028611    0.108349    0.268641 ^ clkbuf_1_0__f_clk/X (sky130_fd_sc_hd__clkbuf_16)
                                                         clknet_1_0__leaf_clk (net)
                      0.028611    0.000110    0.268752 ^ _20_/CLK (sky130_fd_sc_hd__dfrtp_1)
     4    0.012875    0.123786    0.374353    0.643105 ^ _20_/Q (sky130_fd_sc_hd__dfrtp_1)
                                                         net2 (net)
                      0.123786    0.000320    0.643425 ^ _13_/A1 (sky130_fd_sc_hd__a21oi_1)
     1    0.004470    0.032801    0.088775    0.732200 v _13_/Y (sky130_fd_sc_hd__a21oi_1)
                                                         _08_ (net)
                      0.032801    0.000153    0.732353 v _15_/A (sky130_fd_sc_hd__nor2_1)
     1    0.002970    0.078501    0.093769    0.826122 ^ _15_/Y (sky130_fd_sc_hd__nor2_1)
                                                         _02_ (net)
                      0.078501    0.000067    0.826189 ^ _22_/D (sky130_fd_sc_hd__dfrtp_1)
                                              0.826189   data arrival time

                                  0.000000    0.000000   clock clk (rise edge)
                                  0.000000    0.000000   clock source latency
     1    0.010141    0.052064    0.034529    0.034529 ^ clk (in)
                                                         clk (net)
                      0.052066    0.000000    0.034529 ^ clkbuf_0_clk/A (sky130_fd_sc_hd__clkbuf_16)
     2    0.017343    0.039575    0.125399    0.159928 ^ clkbuf_0_clk/X (sky130_fd_sc_hd__clkbuf_16)
                                                         clknet_0_clk (net)
                      0.039585    0.000365    0.160292 ^ clkbuf_1_0__f_clk/A (sky130_fd_sc_hd__clkbuf_16)
     2    0.004829    0.028611    0.108349    0.268641 ^ clkbuf_1_0__f_clk/X (sky130_fd_sc_hd__clkbuf_16)
                                                         clknet_1_0__leaf_clk (net)
                      0.028611    0.000103    0.268744 ^ _22_/CLK (sky130_fd_sc_hd__dfrtp_1)
                                  0.250000    0.518744   clock uncertainty
                                  0.000000    0.518744   clock reconvergence pessimism
                                 -0.044040    0.474704   library hold time
                                              0.474704   data required time
---------------------------------------------------------------------------------------------
                                              0.474704   data required time
                                             -0.826189   data arrival time
---------------------------------------------------------------------------------------------
                                              0.351485   slack (MET)


Startpoint: _22_ (rising edge-triggered flip-flop clocked by clk)
Endpoint: _23_ (rising edge-triggered flip-flop clocked by clk)
Path Group: clk
Path Type: min

Fanout         Cap        Slew       Delay        Time   Description
---------------------------------------------------------------------------------------------
                                  0.000000    0.000000   clock clk (rise edge)
                                  0.000000    0.000000   clock source latency
     1    0.010141    0.052064    0.034529    0.034529 ^ clk (in)
                                                         clk (net)
                      0.052066    0.000000    0.034529 ^ clkbuf_0_clk/A (sky130_fd_sc_hd__clkbuf_16)
     2    0.017343    0.039575    0.125399    0.159928 ^ clkbuf_0_clk/X (sky130_fd_sc_hd__clkbuf_16)
                                                         clknet_0_clk (net)
                      0.039585    0.000365    0.160292 ^ clkbuf_1_0__f_clk/A (sky130_fd_sc_hd__clkbuf_16)
     2    0.004829    0.028611    0.108349    0.268641 ^ clkbuf_1_0__f_clk/X (sky130_fd_sc_hd__clkbuf_16)
                                                         clknet_1_0__leaf_clk (net)
                      0.028611    0.000103    0.268744 ^ _22_/CLK (sky130_fd_sc_hd__dfrtp_1)
     3    0.007995    0.085285    0.343898    0.612642 ^ _22_/Q (sky130_fd_sc_hd__dfrtp_1)
                                                         net4 (net)
                      0.085285    0.000166    0.612808 ^ _14_/C (sky130_fd_sc_hd__and3_1)
     2    0.008353    0.096862    0.197368    0.810176 ^ _14_/X (sky130_fd_sc_hd__and3_1)
                                                         _09_ (net)
                      0.096862    0.000208    0.810384 ^ _16_/B (sky130_fd_sc_hd__xor2_1)
     1    0.002397    0.034586    0.068455    0.878839 v _16_/X (sky130_fd_sc_hd__xor2_1)
                                                         _03_ (net)
                      0.034586    0.000068    0.878907 v _23_/D (sky130_fd_sc_hd__dfrtp_1)
                                              0.878907   data arrival time

                                  0.000000    0.000000   clock clk (rise edge)
                                  0.000000    0.000000   clock source latency
     1    0.010141    0.052064    0.034529    0.034529 ^ clk (in)
                                                         clk (net)
                      0.052066    0.000000    0.034529 ^ clkbuf_0_clk/A (sky130_fd_sc_hd__clkbuf_16)
     2    0.017343    0.039575    0.125399    0.159928 ^ clkbuf_0_clk/X (sky130_fd_sc_hd__clkbuf_16)
                                                         clknet_0_clk (net)
                      0.039584    0.000271    0.160198 ^ clkbuf_1_1__f_clk/A (sky130_fd_sc_hd__clkbuf_16)
     2    0.006384    0.030039    0.110202    0.270401 ^ clkbuf_1_1__f_clk/X (sky130_fd_sc_hd__clkbuf_16)
                                                         clknet_1_1__leaf_clk (net)
                      0.030039    0.000177    0.270577 ^ _23_/CLK (sky130_fd_sc_hd__dfrtp_1)
                                  0.250000    0.520577   clock uncertainty
                                  0.000000    0.520577   clock reconvergence pessimism
                                 -0.044948    0.475630   library hold time
                                              0.475630   data required time
---------------------------------------------------------------------------------------------
                                              0.475630   data required time
                                             -0.878907   data arrival time
---------------------------------------------------------------------------------------------
                                              0.403277   slack (MET)


Startpoint: _20_ (rising edge-triggered flip-flop clocked by clk)
Endpoint: _20_ (rising edge-triggered flip-flop clocked by clk)
Path Group: clk
Path Type: min

Fanout         Cap        Slew       Delay        Time   Description
---------------------------------------------------------------------------------------------
                                  0.000000    0.000000   clock clk (rise edge)
                                  0.000000    0.000000   clock source latency
     1    0.010141    0.052064    0.034529    0.034529 ^ clk (in)
                                                         clk (net)
                      0.052066    0.000000    0.034529 ^ clkbuf_0_clk/A (sky130_fd_sc_hd__clkbuf_16)
     2    0.017343    0.039575    0.125399    0.159928 ^ clkbuf_0_clk/X (sky130_fd_sc_hd__clkbuf_16)
                                                         clknet_0_clk (net)
                      0.039585    0.000365    0.160292 ^ clkbuf_1_0__f_clk/A (sky130_fd_sc_hd__clkbuf_16)
     2    0.004829    0.028611    0.108349    0.268641 ^ clkbuf_1_0__f_clk/X (sky130_fd_sc_hd__clkbuf_16)
                                                         clknet_1_0__leaf_clk (net)
                      0.028611    0.000110    0.268752 ^ _20_/CLK (sky130_fd_sc_hd__dfrtp_1)
     4    0.012875    0.123786    0.374353    0.643105 ^ _20_/Q (sky130_fd_sc_hd__dfrtp_1)
                                                         net2 (net)
                      0.123786    0.000259    0.643365 ^ hold2/A (sky130_fd_sc_hd__dlygate4sd3_1)
     2    0.009678    0.112759    0.610928    1.254292 ^ hold2/X (sky130_fd_sc_hd__dlygate4sd3_1)
                                                         net7 (net)
                      0.112759    0.000138    1.254431 ^ _10_/A (sky130_fd_sc_hd__inv_2)
     1    0.002818    0.025470    0.035604    1.290034 v _10_/Y (sky130_fd_sc_hd__inv_2)
                                                         _00_ (net)
                      0.025470    0.000085    1.290119 v _20_/D (sky130_fd_sc_hd__dfrtp_1)
                                              1.290119   data arrival time

                                  0.000000    0.000000   clock clk (rise edge)
                                  0.000000    0.000000   clock source latency
     1    0.010141    0.052064    0.034529    0.034529 ^ clk (in)
                                                         clk (net)
                      0.052066    0.000000    0.034529 ^ clkbuf_0_clk/A (sky130_fd_sc_hd__clkbuf_16)
     2    0.017343    0.039575    0.125399    0.159928 ^ clkbuf_0_clk/X (sky130_fd_sc_hd__clkbuf_16)
                                                         clknet_0_clk (net)
                      0.039585    0.000365    0.160292 ^ clkbuf_1_0__f_clk/A (sky130_fd_sc_hd__clkbuf_16)
     2    0.004829    0.028611    0.108349    0.268641 ^ clkbuf_1_0__f_clk/X (sky130_fd_sc_hd__clkbuf_16)
                                                         clknet_1_0__leaf_clk (net)
                      0.028611    0.000110    0.268752 ^ _20_/CLK (sky130_fd_sc_hd__dfrtp_1)
                                  0.250000    0.518752   clock uncertainty
                                  0.000000    0.518752   clock reconvergence pessimism
                                 -0.041561    0.477190   library hold time
                                              0.477190   data required time
---------------------------------------------------------------------------------------------
                                              0.477190   data required time
                                             -1.290119   data arrival time
---------------------------------------------------------------------------------------------
                                              0.812929   slack (MET)


Startpoint: _21_ (rising edge-triggered flip-flop clocked by clk)
Endpoint: _21_ (rising edge-triggered flip-flop clocked by clk)
Path Group: clk
Path Type: min

Fanout         Cap        Slew       Delay        Time   Description
---------------------------------------------------------------------------------------------
                                  0.000000    0.000000   clock clk (rise edge)
                                  0.000000    0.000000   clock source latency
     1    0.010141    0.052064    0.034529    0.034529 ^ clk (in)
                                                         clk (net)
                      0.052066    0.000000    0.034529 ^ clkbuf_0_clk/A (sky130_fd_sc_hd__clkbuf_16)
     2    0.017343    0.039575    0.125399    0.159928 ^ clkbuf_0_clk/X (sky130_fd_sc_hd__clkbuf_16)
                                                         clknet_0_clk (net)
                      0.039584    0.000271    0.160198 ^ clkbuf_1_1__f_clk/A (sky130_fd_sc_hd__clkbuf_16)
     2    0.006384    0.030039    0.110202    0.270401 ^ clkbuf_1_1__f_clk/X (sky130_fd_sc_hd__clkbuf_16)
                                                         clknet_1_1__leaf_clk (net)
                      0.030039    0.000167    0.270567 ^ _21_/CLK (sky130_fd_sc_hd__dfrtp_1)
     4    0.013360    0.127777    0.377788    0.648355 ^ _21_/Q (sky130_fd_sc_hd__dfrtp_1)
                                                         net3 (net)
                      0.127777    0.000285    0.648640 ^ hold3/A (sky130_fd_sc_hd__dlygate4sd3_1)
     1    0.005748    0.078556    0.582232    1.230872 ^ hold3/X (sky130_fd_sc_hd__dlygate4sd3_1)
                                                         net8 (net)
                      0.078556    0.000141    1.231013 ^ _12_/B (sky130_fd_sc_hd__xor2_1)
     1    0.003590    0.039269    0.069299    1.300312 v _12_/X (sky130_fd_sc_hd__xor2_1)
                                                         _01_ (net)
                      0.039269    0.000106    1.300418 v _21_/D (sky130_fd_sc_hd__dfrtp_1)
                                              1.300418   data arrival time

                                  0.000000    0.000000   clock clk (rise edge)
                                  0.000000    0.000000   clock source latency
     1    0.010141    0.052064    0.034529    0.034529 ^ clk (in)
                                                         clk (net)
                      0.052066    0.000000    0.034529 ^ clkbuf_0_clk/A (sky130_fd_sc_hd__clkbuf_16)
     2    0.017343    0.039575    0.125399    0.159928 ^ clkbuf_0_clk/X (sky130_fd_sc_hd__clkbuf_16)
                                                         clknet_0_clk (net)
                      0.039584    0.000271    0.160198 ^ clkbuf_1_1__f_clk/A (sky130_fd_sc_hd__clkbuf_16)
     2    0.006384    0.030039    0.110202    0.270401 ^ clkbuf_1_1__f_clk/X (sky130_fd_sc_hd__clkbuf_16)
                                                         clknet_1_1__leaf_clk (net)
                      0.030039    0.000167    0.270567 ^ _21_/CLK (sky130_fd_sc_hd__dfrtp_1)
                                  0.250000    0.520567   clock uncertainty
                                  0.000000    0.520567   clock reconvergence pessimism
                                 -0.046855    0.473713   library hold time
                                              0.473713   data required time
---------------------------------------------------------------------------------------------
                                              0.473713   data required time
                                             -1.300418   data arrival time
---------------------------------------------------------------------------------------------
                                              0.826705   slack (MET)


Startpoint: rst (input port clocked by clk)
Endpoint: _23_ (removal check against rising-edge clock clk)
Path Group: asynchronous
Path Type: min

Fanout         Cap        Slew       Delay        Time   Description
---------------------------------------------------------------------------------------------
                                  0.000000    0.000000   clock clk (rise edge)
                                  0.000000    0.000000   clock network delay (propagated)
                                  2.000000    2.000000 v input external delay
     1    0.003217    0.009590    0.005148    2.005148 v rst (in)
                                                         rst (net)
                      0.009591    0.000000    2.005148 v input1/A (sky130_fd_sc_hd__clkbuf_2)
     4    0.020489    0.083638    0.135328    2.140476 v input1/X (sky130_fd_sc_hd__clkbuf_2)
                                                         net1 (net)
                      0.083643    0.000672    2.141148 v _19_/A (sky130_fd_sc_hd__inv_2)
     1    0.003996    0.034218    0.058900    2.200048 ^ _19_/Y (sky130_fd_sc_hd__inv_2)
                                                         _07_ (net)
                      0.034218    0.000079    2.200127 ^ _23_/RESET_B (sky130_fd_sc_hd__dfrtp_1)
                                              2.200127   data arrival time

                                  0.000000    0.000000   clock clk (rise edge)
                                  0.000000    0.000000   clock source latency
     1    0.010141    0.052064    0.034529    0.034529 ^ clk (in)
                                                         clk (net)
                      0.052066    0.000000    0.034529 ^ clkbuf_0_clk/A (sky130_fd_sc_hd__clkbuf_16)
     2    0.017343    0.039575    0.125399    0.159928 ^ clkbuf_0_clk/X (sky130_fd_sc_hd__clkbuf_16)
                                                         clknet_0_clk (net)
                      0.039584    0.000271    0.160198 ^ clkbuf_1_1__f_clk/A (sky130_fd_sc_hd__clkbuf_16)
     2    0.006384    0.030039    0.110202    0.270401 ^ clkbuf_1_1__f_clk/X (sky130_fd_sc_hd__clkbuf_16)
                                                         clknet_1_1__leaf_clk (net)
                      0.030039    0.000177    0.270577 ^ _23_/CLK (sky130_fd_sc_hd__dfrtp_1)
                                  0.250000    0.520577   clock uncertainty
                                  0.000000    0.520577   clock reconvergence pessimism
                                  0.313203    0.833780   library removal time
                                              0.833780   data required time
---------------------------------------------------------------------------------------------
                                              0.833780   data required time
                                             -2.200127   data arrival time
---------------------------------------------------------------------------------------------
                                              1.366346   slack (MET)


Startpoint: rst (input port clocked by clk)
Endpoint: _21_ (removal check against rising-edge clock clk)
Path Group: asynchronous
Path Type: min

Fanout         Cap        Slew       Delay        Time   Description
---------------------------------------------------------------------------------------------
                                  0.000000    0.000000   clock clk (rise edge)
                                  0.000000    0.000000   clock network delay (propagated)
                                  2.000000    2.000000 v input external delay
     1    0.003217    0.009590    0.005148    2.005148 v rst (in)
                                                         rst (net)
                      0.009591    0.000000    2.005148 v input1/A (sky130_fd_sc_hd__clkbuf_2)
     4    0.020489    0.083638    0.135328    2.140476 v input1/X (sky130_fd_sc_hd__clkbuf_2)
                                                         net1 (net)
                      0.083643    0.000665    2.141140 v _17_/A (sky130_fd_sc_hd__inv_2)
     1    0.004242    0.035141    0.060044    2.201185 ^ _17_/Y (sky130_fd_sc_hd__inv_2)
                                                         _05_ (net)
                      0.035141    0.000090    2.201275 ^ _21_/RESET_B (sky130_fd_sc_hd__dfrtp_1)
                                              2.201275   data arrival time

                                  0.000000    0.000000   clock clk (rise edge)
                                  0.000000    0.000000   clock source latency
     1    0.010141    0.052064    0.034529    0.034529 ^ clk (in)
                                                         clk (net)
                      0.052066    0.000000    0.034529 ^ clkbuf_0_clk/A (sky130_fd_sc_hd__clkbuf_16)
     2    0.017343    0.039575    0.125399    0.159928 ^ clkbuf_0_clk/X (sky130_fd_sc_hd__clkbuf_16)
                                                         clknet_0_clk (net)
                      0.039584    0.000271    0.160198 ^ clkbuf_1_1__f_clk/A (sky130_fd_sc_hd__clkbuf_16)
     2    0.006384    0.030039    0.110202    0.270401 ^ clkbuf_1_1__f_clk/X (sky130_fd_sc_hd__clkbuf_16)
                                                         clknet_1_1__leaf_clk (net)
                      0.030039    0.000167    0.270567 ^ _21_/CLK (sky130_fd_sc_hd__dfrtp_1)
                                  0.250000    0.520567   clock uncertainty
                                  0.000000    0.520567   clock reconvergence pessimism
                                  0.313457    0.834024   library removal time
                                              0.834024   data required time
---------------------------------------------------------------------------------------------
                                              0.834024   data required time
                                             -2.201275   data arrival time
---------------------------------------------------------------------------------------------
                                              1.367250   slack (MET)


Startpoint: rst (input port clocked by clk)
Endpoint: _22_ (removal check against rising-edge clock clk)
Path Group: asynchronous
Path Type: min

Fanout         Cap        Slew       Delay        Time   Description
---------------------------------------------------------------------------------------------
                                  0.000000    0.000000   clock clk (rise edge)
                                  0.000000    0.000000   clock network delay (propagated)
                                  2.000000    2.000000 v input external delay
     1    0.003217    0.009590    0.005148    2.005148 v rst (in)
                                                         rst (net)
                      0.009591    0.000000    2.005148 v input1/A (sky130_fd_sc_hd__clkbuf_2)
     4    0.020489    0.083638    0.135328    2.140476 v input1/X (sky130_fd_sc_hd__clkbuf_2)
                                                         net1 (net)
                      0.083642    0.000618    2.141093 v _18_/A (sky130_fd_sc_hd__inv_2)
     1    0.004120    0.034681    0.059477    2.200570 ^ _18_/Y (sky130_fd_sc_hd__inv_2)
                                                         _06_ (net)
                      0.034681    0.000084    2.200654 ^ _22_/RESET_B (sky130_fd_sc_hd__dfrtp_1)
                                              2.200654   data arrival time

                                  0.000000    0.000000   clock clk (rise edge)
                                  0.000000    0.000000   clock source latency
     1    0.010141    0.052064    0.034529    0.034529 ^ clk (in)
                                                         clk (net)
                      0.052066    0.000000    0.034529 ^ clkbuf_0_clk/A (sky130_fd_sc_hd__clkbuf_16)
     2    0.017343    0.039575    0.125399    0.159928 ^ clkbuf_0_clk/X (sky130_fd_sc_hd__clkbuf_16)
                                                         clknet_0_clk (net)
                      0.039585    0.000365    0.160292 ^ clkbuf_1_0__f_clk/A (sky130_fd_sc_hd__clkbuf_16)
     2    0.004829    0.028611    0.108349    0.268641 ^ clkbuf_1_0__f_clk/X (sky130_fd_sc_hd__clkbuf_16)
                                                         clknet_1_0__leaf_clk (net)
                      0.028611    0.000103    0.268744 ^ _22_/CLK (sky130_fd_sc_hd__dfrtp_1)
                                  0.250000    0.518744   clock uncertainty
                                  0.000000    0.518744   clock reconvergence pessimism
                                  0.312941    0.831685   library removal time
                                              0.831685   data required time
---------------------------------------------------------------------------------------------
                                              0.831685   data required time
                                             -2.200654   data arrival time
---------------------------------------------------------------------------------------------
                                              1.368969   slack (MET)


Startpoint: rst (input port clocked by clk)
Endpoint: _20_ (removal check against rising-edge clock clk)
Path Group: asynchronous
Path Type: min

Fanout         Cap        Slew       Delay        Time   Description
---------------------------------------------------------------------------------------------
                                  0.000000    0.000000   clock clk (rise edge)
                                  0.000000    0.000000   clock network delay (propagated)
                                  2.000000    2.000000 v input external delay
     1    0.003217    0.009590    0.005148    2.005148 v rst (in)
                                                         rst (net)
                      0.009591    0.000000    2.005148 v input1/A (sky130_fd_sc_hd__clkbuf_2)
     4    0.020489    0.083638    0.135328    2.140476 v input1/X (sky130_fd_sc_hd__clkbuf_2)
                                                         net1 (net)
                      0.083639    0.000361    2.140837 v _11_/A (sky130_fd_sc_hd__inv_2)
     1    0.004838    0.037215    0.062241    2.203079 ^ _11_/Y (sky130_fd_sc_hd__inv_2)
                                                         _04_ (net)
                      0.037215    0.000112    2.203191 ^ _20_/RESET_B (sky130_fd_sc_hd__dfrtp_1)
                                              2.203191   data arrival time

                                  0.000000    0.000000   clock clk (rise edge)
                                  0.000000    0.000000   clock source latency
     1    0.010141    0.052064    0.034529    0.034529 ^ clk (in)
                                                         clk (net)
                      0.052066    0.000000    0.034529 ^ clkbuf_0_clk/A (sky130_fd_sc_hd__clkbuf_16)
     2    0.017343    0.039575    0.125399    0.159928 ^ clkbuf_0_clk/X (sky130_fd_sc_hd__clkbuf_16)
                                                         clknet_0_clk (net)
                      0.039585    0.000365    0.160292 ^ clkbuf_1_0__f_clk/A (sky130_fd_sc_hd__clkbuf_16)
     2    0.004829    0.028611    0.108349    0.268641 ^ clkbuf_1_0__f_clk/X (sky130_fd_sc_hd__clkbuf_16)
                                                         clknet_1_0__leaf_clk (net)
                      0.028611    0.000110    0.268752 ^ _20_/CLK (sky130_fd_sc_hd__dfrtp_1)
                                  0.250000    0.518752   clock uncertainty
                                  0.000000    0.518752   clock reconvergence pessimism
                                  0.313639    0.832390   library removal time
                                              0.832390   data required time
---------------------------------------------------------------------------------------------
                                              0.832390   data required time
                                             -2.203191   data arrival time
---------------------------------------------------------------------------------------------
                                              1.370800   slack (MET)


Startpoint: _23_ (rising edge-triggered flip-flop clocked by clk)
Endpoint: out[3] (output port clocked by clk)
Path Group: clk
Path Type: min

Fanout         Cap        Slew       Delay        Time   Description
---------------------------------------------------------------------------------------------
                                  0.000000    0.000000   clock clk (rise edge)
                                  0.000000    0.000000   clock source latency
     1    0.010141    0.052064    0.034529    0.034529 ^ clk (in)
                                                         clk (net)
                      0.052066    0.000000    0.034529 ^ clkbuf_0_clk/A (sky130_fd_sc_hd__clkbuf_16)
     2    0.017343    0.039575    0.125399    0.159928 ^ clkbuf_0_clk/X (sky130_fd_sc_hd__clkbuf_16)
                                                         clknet_0_clk (net)
                      0.039584    0.000271    0.160198 ^ clkbuf_1_1__f_clk/A (sky130_fd_sc_hd__clkbuf_16)
     2    0.006384    0.030039    0.110202    0.270401 ^ clkbuf_1_1__f_clk/X (sky130_fd_sc_hd__clkbuf_16)
                                                         clknet_1_1__leaf_clk (net)
                      0.030039    0.000177    0.270577 ^ _23_/CLK (sky130_fd_sc_hd__dfrtp_1)
     2    0.004783    0.060083    0.322821    0.593398 ^ _23_/Q (sky130_fd_sc_hd__dfrtp_1)
                                                         net5 (net)
                      0.060083    0.000102    0.593500 ^ output5/A (sky130_fd_sc_hd__buf_2)
     1    0.034333    0.170555    0.203808    0.797308 ^ output5/X (sky130_fd_sc_hd__buf_2)
                                                         out[3] (net)
                      0.170556    0.000733    0.798041 ^ out[3] (out)
                                              0.798041   data arrival time

                                  0.000000    0.000000   clock clk (rise edge)
                                  0.000000    0.000000   clock network delay (propagated)
                                  0.250000    0.250000   clock uncertainty
                                  0.000000    0.250000   clock reconvergence pessimism
                                 -2.000000   -1.750000   output external delay
                                             -1.750000   data required time
---------------------------------------------------------------------------------------------
                                             -1.750000   data required time
                                             -0.798041   data arrival time
---------------------------------------------------------------------------------------------
                                              2.548041   slack (MET)


Startpoint: _22_ (rising edge-triggered flip-flop clocked by clk)
Endpoint: out[2] (output port clocked by clk)
Path Group: clk
Path Type: min

Fanout         Cap        Slew       Delay        Time   Description
---------------------------------------------------------------------------------------------
                                  0.000000    0.000000   clock clk (rise edge)
                                  0.000000    0.000000   clock source latency
     1    0.010141    0.052064    0.034529    0.034529 ^ clk (in)
                                                         clk (net)
                      0.052066    0.000000    0.034529 ^ clkbuf_0_clk/A (sky130_fd_sc_hd__clkbuf_16)
     2    0.017343    0.039575    0.125399    0.159928 ^ clkbuf_0_clk/X (sky130_fd_sc_hd__clkbuf_16)
                                                         clknet_0_clk (net)
                      0.039585    0.000365    0.160292 ^ clkbuf_1_0__f_clk/A (sky130_fd_sc_hd__clkbuf_16)
     2    0.004829    0.028611    0.108349    0.268641 ^ clkbuf_1_0__f_clk/X (sky130_fd_sc_hd__clkbuf_16)
                                                         clknet_1_0__leaf_clk (net)
                      0.028611    0.000103    0.268744 ^ _22_/CLK (sky130_fd_sc_hd__dfrtp_1)
     3    0.007995    0.085285    0.343898    0.612642 ^ _22_/Q (sky130_fd_sc_hd__dfrtp_1)
                                                         net4 (net)
                      0.085285    0.000147    0.612789 ^ output4/A (sky130_fd_sc_hd__buf_2)
     1    0.034463    0.171314    0.213508    0.826297 ^ output4/X (sky130_fd_sc_hd__buf_2)
                                                         out[2] (net)
                      0.171315    0.000762    0.827060 ^ out[2] (out)
                                              0.827060   data arrival time

                                  0.000000    0.000000   clock clk (rise edge)
                                  0.000000    0.000000   clock network delay (propagated)
                                  0.250000    0.250000   clock uncertainty
                                  0.000000    0.250000   clock reconvergence pessimism
                                 -2.000000   -1.750000   output external delay
                                             -1.750000   data required time
---------------------------------------------------------------------------------------------
                                             -1.750000   data required time
                                             -0.827060   data arrival time
---------------------------------------------------------------------------------------------
                                              2.577060   slack (MET)


Startpoint: _20_ (rising edge-triggered flip-flop clocked by clk)
Endpoint: out[0] (output port clocked by clk)
Path Group: clk
Path Type: min

Fanout         Cap        Slew       Delay        Time   Description
---------------------------------------------------------------------------------------------
                                  0.000000    0.000000   clock clk (rise edge)
                                  0.000000    0.000000   clock source latency
     1    0.010141    0.052064    0.034529    0.034529 ^ clk (in)
                                                         clk (net)
                      0.052066    0.000000    0.034529 ^ clkbuf_0_clk/A (sky130_fd_sc_hd__clkbuf_16)
     2    0.017343    0.039575    0.125399    0.159928 ^ clkbuf_0_clk/X (sky130_fd_sc_hd__clkbuf_16)
                                                         clknet_0_clk (net)
                      0.039585    0.000365    0.160292 ^ clkbuf_1_0__f_clk/A (sky130_fd_sc_hd__clkbuf_16)
     2    0.004829    0.028611    0.108349    0.268641 ^ clkbuf_1_0__f_clk/X (sky130_fd_sc_hd__clkbuf_16)
                                                         clknet_1_0__leaf_clk (net)
                      0.028611    0.000110    0.268752 ^ _20_/CLK (sky130_fd_sc_hd__dfrtp_1)
     4    0.012357    0.081027    0.395125    0.663876 v _20_/Q (sky130_fd_sc_hd__dfrtp_1)
                                                         net2 (net)
                      0.081027    0.000292    0.664168 v output2/A (sky130_fd_sc_hd__buf_2)
     1    0.034384    0.089765    0.196458    0.860627 v output2/X (sky130_fd_sc_hd__buf_2)
                                                         out[0] (net)
                      0.089771    0.000722    0.861348 v out[0] (out)
                                              0.861348   data arrival time

                                  0.000000    0.000000   clock clk (rise edge)
                                  0.000000    0.000000   clock network delay (propagated)
                                  0.250000    0.250000   clock uncertainty
                                  0.000000    0.250000   clock reconvergence pessimism
                                 -2.000000   -1.750000   output external delay
                                             -1.750000   data required time
---------------------------------------------------------------------------------------------
                                             -1.750000   data required time
                                             -0.861348   data arrival time
---------------------------------------------------------------------------------------------
                                              2.611348   slack (MET)


Startpoint: _21_ (rising edge-triggered flip-flop clocked by clk)
Endpoint: out[1] (output port clocked by clk)
Path Group: clk
Path Type: min

Fanout         Cap        Slew       Delay        Time   Description
---------------------------------------------------------------------------------------------
                                  0.000000    0.000000   clock clk (rise edge)
                                  0.000000    0.000000   clock source latency
     1    0.010141    0.052064    0.034529    0.034529 ^ clk (in)
                                                         clk (net)
                      0.052066    0.000000    0.034529 ^ clkbuf_0_clk/A (sky130_fd_sc_hd__clkbuf_16)
     2    0.017343    0.039575    0.125399    0.159928 ^ clkbuf_0_clk/X (sky130_fd_sc_hd__clkbuf_16)
                                                         clknet_0_clk (net)
                      0.039584    0.000271    0.160198 ^ clkbuf_1_1__f_clk/A (sky130_fd_sc_hd__clkbuf_16)
     2    0.006384    0.030039    0.110202    0.270401 ^ clkbuf_1_1__f_clk/X (sky130_fd_sc_hd__clkbuf_16)
                                                         clknet_1_1__leaf_clk (net)
                      0.030039    0.000167    0.270567 ^ _21_/CLK (sky130_fd_sc_hd__dfrtp_1)
     4    0.012765    0.082785    0.397267    0.667835 v _21_/Q (sky130_fd_sc_hd__dfrtp_1)
                                                         net3 (net)
                      0.082785    0.000291    0.668126 v output3/A (sky130_fd_sc_hd__buf_2)
     1    0.033960    0.088817    0.196538    0.864664 v output3/X (sky130_fd_sc_hd__buf_2)
                                                         out[1] (net)
                      0.088821    0.000631    0.865295 v out[1] (out)
                                              0.865295   data arrival time

                                  0.000000    0.000000   clock clk (rise edge)
                                  0.000000    0.000000   clock network delay (propagated)
                                  0.250000    0.250000   clock uncertainty
                                  0.000000    0.250000   clock reconvergence pessimism
                                 -2.000000   -1.750000   output external delay
                                             -1.750000   data required time
---------------------------------------------------------------------------------------------
                                             -1.750000   data required time
                                             -0.865295   data arrival time
---------------------------------------------------------------------------------------------
                                              2.615295   slack (MET)



