
===========================================================================
report_checks -unconstrained
===========================================================================
======================= min_ss_100C_1v60 Corner ===================================

Startpoint: instruction[6] (input port clocked by clk)
Endpoint: _281_ (rising edge-triggered flip-flop clocked by clk)
Path Group: clk
Path Type: max

Fanout         Cap        Slew       Delay        Time   Description
---------------------------------------------------------------------------------------------
                                  0.000000    0.000000   clock clk (rise edge)
                                  0.000000    0.000000   clock network delay (propagated)
                                  3.000000    3.000000 ^ input external delay
     2    0.003753    0.038636    0.020788    3.020788 ^ instruction[6] (in)
                                                         instruction[6] (net)
                      0.038636    0.000000    3.020788 ^ input7/A (sky130_fd_sc_hd__clkbuf_1)
     2    0.009583    0.193473    0.224663    3.245451 ^ input7/X (sky130_fd_sc_hd__clkbuf_1)
                                                         net7 (net)
                      0.193473    0.000241    3.245692 ^ fanout60/A (sky130_fd_sc_hd__buf_1)
     4    0.012776    0.251326    0.332217    3.577909 ^ fanout60/X (sky130_fd_sc_hd__buf_1)
                                                         net60 (net)
                      0.251326    0.000199    3.578108 ^ fanout59/A (sky130_fd_sc_hd__buf_1)
     4    0.010691    0.217938    0.325446    3.903554 ^ fanout59/X (sky130_fd_sc_hd__buf_1)
                                                         net59 (net)
                      0.217938    0.000096    3.903651 ^ _137_/B (sky130_fd_sc_hd__nand3b_1)
     2    0.006169    0.198183    0.267779    4.171430 v _137_/Y (sky130_fd_sc_hd__nand3b_1)
                                                         _041_ (net)
                      0.198183    0.000086    4.171515 v fanout53/A (sky130_fd_sc_hd__buf_1)
     4    0.012723    0.152866    0.305063    4.476578 v fanout53/X (sky130_fd_sc_hd__buf_1)
                                                         net53 (net)
                      0.152866    0.000215    4.476793 v _138_/C (sky130_fd_sc_hd__and3_1)
     2    0.005422    0.092442    0.425958    4.902751 v _138_/X (sky130_fd_sc_hd__and3_1)
                                                         _042_ (net)
                      0.092442    0.000044    4.902795 v _141_/B (sky130_fd_sc_hd__or3_1)
     2    0.004730    0.162763    0.833996    5.736791 v _141_/X (sky130_fd_sc_hd__or3_1)
                                                         _045_ (net)
                      0.162763    0.000030    5.736821 v _148_/A1 (sky130_fd_sc_hd__a21o_1)
     3    0.009886    0.115665    0.381799    6.118620 v _148_/X (sky130_fd_sc_hd__a21o_1)
                                                         _051_ (net)
                      0.115665    0.000227    6.118847 v _173_/A1 (sky130_fd_sc_hd__a31o_1)
     3    0.011183    0.135622    0.409942    6.528789 v _173_/X (sky130_fd_sc_hd__a31o_1)
                                                         _074_ (net)
                      0.135622    0.000173    6.528962 v _174_/B (sky130_fd_sc_hd__xor2_1)
     1    0.002157    0.114492    0.281123    6.810085 v _174_/X (sky130_fd_sc_hd__xor2_1)
                                                         _075_ (net)
                      0.114492    0.000012    6.810096 v _175_/A1 (sky130_fd_sc_hd__mux2_1)
     1    0.001996    0.104306    0.652794    7.462890 v _175_/X (sky130_fd_sc_hd__mux2_1)
                                                         _076_ (net)
                      0.104306    0.000017    7.462907 v _176_/A1 (sky130_fd_sc_hd__mux2_1)
     1    0.002218    0.106816    0.652616    8.115522 v _176_/X (sky130_fd_sc_hd__mux2_1)
                                                         _077_ (net)
                      0.106816    0.000022    8.115545 v _177_/B (sky130_fd_sc_hd__and2_1)
     1    0.002055    0.062297    0.322662    8.438207 v _177_/X (sky130_fd_sc_hd__and2_1)
                                                         _021_ (net)
                      0.062297    0.000019    8.438226 v _281_/D (sky130_fd_sc_hd__dfxtp_1)
                                              8.438226   data arrival time

                                 15.000000   15.000000   clock clk (rise edge)
                                  0.000000   15.000000   clock source latency
     2    0.015978    0.122150    0.082116   15.082115 ^ clk (in)
                                                         clk (net)
                      0.122151    0.000000   15.082115 ^ clkbuf_0_clk/A (sky130_fd_sc_hd__clkbuf_16)
     2    0.018340    0.065351    0.243171   15.325286 ^ clkbuf_0_clk/X (sky130_fd_sc_hd__clkbuf_16)
                                                         clknet_0_clk (net)
                      0.065351    0.000115   15.325402 ^ clkbuf_1_0__f_clk/A (sky130_fd_sc_hd__clkbuf_16)
    13    0.038320    0.092093    0.245489   15.570890 ^ clkbuf_1_0__f_clk/X (sky130_fd_sc_hd__clkbuf_16)
                                                         clknet_1_0__leaf_clk (net)
                      0.092093    0.000281   15.571172 ^ _281_/CLK (sky130_fd_sc_hd__dfxtp_1)
                                 -0.250000   15.321173   clock uncertainty
                                  0.000000   15.321173   clock reconvergence pessimism
                                 -0.259828   15.061344   library setup time
                                             15.061344   data required time
---------------------------------------------------------------------------------------------
                                             15.061344   data required time
                                             -8.438226   data arrival time
---------------------------------------------------------------------------------------------
                                              6.623119   slack (MET)




===========================================================================
report_checks --slack_max -0.01
============================================================================
======================= min_ss_100C_1v60 Corner ===================================

No paths found.


===========================================================================
 report_check_types -max_slew -max_cap -max_fanout -violators
============================================================================
======================= min_ss_100C_1v60 Corner ===================================

max fanout

Pin                                   Limit Fanout  Slack
---------------------------------------------------------
clkbuf_1_0__f_clk/X                       4     13     -9 (VIOLATED)
clkbuf_1_1__f_clk/X                       4     13     -9 (VIOLATED)



===========================================================================
report_parasitic_annotation -report_unannotated
============================================================================
Found 1 unannotated drivers.
 clkload0/X
Found 0 partially unannotated drivers.

===========================================================================
max slew violation count 0
max fanout violation count 2
max cap violation count 0
============================================================================

===========================================================================
check_setup -verbose -unconstrained_endpoints -multiple_clock -no_clock -no_input_delay -loops -generated_clocks
===========================================================================
