[WARNING ORD-0039] .openroad ignored with -python
                                Cells by Master                                 
┏━━━━━━━━━━━━━━━━━━━━━━━━━━━━━━━━━━━━━━━━━━━━━━━━━━━━━━━━━━━━━━━━┳━━━━━━━━━━━━━┓
┃ Cell                                                           ┃ Count       ┃
┡━━━━━━━━━━━━━━━━━━━━━━━━━━━━━━━━━━━━━━━━━━━━━━━━━━━━━━━━━━━━━━━━╇━━━━━━━━━━━━━┩
│ sky130_ef_sc_hd__decap_12                                      │ 83          │
│ sky130_fd_sc_hd__a211o_1                                       │ 1           │
│ sky130_fd_sc_hd__a211oi_1                                      │ 2           │
│ sky130_fd_sc_hd__a21bo_1                                       │ 1           │
│ sky130_fd_sc_hd__a21o_1                                        │ 4           │
│ sky130_fd_sc_hd__a21oi_1                                       │ 6           │
│ sky130_fd_sc_hd__a2bb2o_1                                      │ 2           │
│ sky130_fd_sc_hd__a31o_1                                        │ 4           │
│ sky130_fd_sc_hd__and2_1                                        │ 17          │
│ sky130_fd_sc_hd__and2b_1                                       │ 6           │
│ sky130_fd_sc_hd__and3_1                                        │ 6           │
│ sky130_fd_sc_hd__and4b_1                                       │ 1           │
│ sky130_fd_sc_hd__buf_1                                         │ 38          │
│ sky130_fd_sc_hd__buf_2                                         │ 16          │
│ sky130_fd_sc_hd__clkbuf_1                                      │ 10          │
│ sky130_fd_sc_hd__clkbuf_16                                     │ 3           │
│ sky130_fd_sc_hd__clkbuf_2                                      │ 1           │
│ sky130_fd_sc_hd__clkbuf_4                                      │ 1           │
│ sky130_fd_sc_hd__decap_3                                       │ 78          │
│ sky130_fd_sc_hd__decap_4                                       │ 22          │
│ sky130_fd_sc_hd__decap_6                                       │ 10          │
│ sky130_fd_sc_hd__decap_8                                       │ 30          │
│ sky130_fd_sc_hd__dfxtp_1                                       │ 25          │
│ sky130_fd_sc_hd__diode_2                                       │ 10          │
│ sky130_fd_sc_hd__dlygate4sd3_1                                 │ 16          │
│ sky130_fd_sc_hd__dlymetal6s2s_1                                │ 3           │
│ sky130_fd_sc_hd__fill_1                                        │ 60          │
│ sky130_fd_sc_hd__fill_2                                        │ 39          │
│ sky130_fd_sc_hd__inv_2                                         │ 5           │
│ sky130_fd_sc_hd__mux2_1                                        │ 12          │
│ sky130_fd_sc_hd__nand2_1                                       │ 6           │
│ sky130_fd_sc_hd__nand2b_1                                      │ 2           │
│ sky130_fd_sc_hd__nand3b_1                                      │ 2           │
│ sky130_fd_sc_hd__nor2_1                                        │ 12          │
│ sky130_fd_sc_hd__o211a_1                                       │ 4           │
│ sky130_fd_sc_hd__o21a_1                                        │ 5           │
│ sky130_fd_sc_hd__o21ai_1                                       │ 6           │
│ sky130_fd_sc_hd__o221a_1                                       │ 1           │
│ sky130_fd_sc_hd__o2bb2a_1                                      │ 5           │
│ sky130_fd_sc_hd__o311a_1                                       │ 3           │
│ sky130_fd_sc_hd__o31ai_1                                       │ 1           │
│ sky130_fd_sc_hd__or2_1                                         │ 2           │
│ sky130_fd_sc_hd__or3_1                                         │ 2           │
│ sky130_fd_sc_hd__or3b_1                                        │ 1           │
│ sky130_fd_sc_hd__or4_1                                         │ 2           │
│ sky130_fd_sc_hd__tapvpwrvgnd_1                                 │ 52          │
│ sky130_fd_sc_hd__xnor2_1                                       │ 4           │
│ sky130_fd_sc_hd__xor2_1                                        │ 5           │
└────────────────────────────────────────────────────────────────┴─────────────┘
                               Cells by Function                                
┏━━━━━━━━━━━━━━━━━━━━━━━━━━━━━━━━━━━━━━━━━━━━━━━━━━━━━━━━━━━━━━━┳━━━━━━━━━━━━━━┓
┃ Cell Function                                                 ┃ Count        ┃
┡━━━━━━━━━━━━━━━━━━━━━━━━━━━━━━━━━━━━━━━━━━━━━━━━━━━━━━━━━━━━━━━╇━━━━━━━━━━━━━━┩
│ sky130_ef_sc_hd__decap                                        │ 83           │
│ sky130_fd_sc_hd__a211o                                        │ 1            │
│ sky130_fd_sc_hd__a211oi                                       │ 2            │
│ sky130_fd_sc_hd__a21bo                                        │ 1            │
│ sky130_fd_sc_hd__a21o                                         │ 4            │
│ sky130_fd_sc_hd__a21oi                                        │ 6            │
│ sky130_fd_sc_hd__a2bb2o                                       │ 2            │
│ sky130_fd_sc_hd__a31o                                         │ 4            │
│ sky130_fd_sc_hd__and2                                         │ 17           │
│ sky130_fd_sc_hd__and2b                                        │ 6            │
│ sky130_fd_sc_hd__and3                                         │ 6            │
│ sky130_fd_sc_hd__and4b                                        │ 1            │
│ sky130_fd_sc_hd__buf                                          │ 54           │
│ sky130_fd_sc_hd__clkbuf                                       │ 15           │
│ sky130_fd_sc_hd__decap                                        │ 140          │
│ sky130_fd_sc_hd__dfxtp                                        │ 25           │
│ sky130_fd_sc_hd__diode                                        │ 10           │
│ sky130_fd_sc_hd__dlygate4sd3                                  │ 16           │
│ sky130_fd_sc_hd__dlymetal6s2s                                 │ 3            │
│ sky130_fd_sc_hd__fill                                         │ 99           │
│ sky130_fd_sc_hd__inv                                          │ 5            │
│ sky130_fd_sc_hd__mux2                                         │ 12           │
│ sky130_fd_sc_hd__nand2                                        │ 6            │
│ sky130_fd_sc_hd__nand2b                                       │ 2            │
│ sky130_fd_sc_hd__nand3b                                       │ 2            │
│ sky130_fd_sc_hd__nor2                                         │ 12           │
│ sky130_fd_sc_hd__o211a                                        │ 4            │
│ sky130_fd_sc_hd__o21a                                         │ 5            │
│ sky130_fd_sc_hd__o21ai                                        │ 6            │
│ sky130_fd_sc_hd__o221a                                        │ 1            │
│ sky130_fd_sc_hd__o2bb2a                                       │ 5            │
│ sky130_fd_sc_hd__o311a                                        │ 3            │
│ sky130_fd_sc_hd__o31ai                                        │ 1            │
│ sky130_fd_sc_hd__or2                                          │ 2            │
│ sky130_fd_sc_hd__or3                                          │ 2            │
│ sky130_fd_sc_hd__or3b                                         │ 1            │
│ sky130_fd_sc_hd__or4                                          │ 2            │
│ sky130_fd_sc_hd__tapvpwrvgnd                                  │ 52           │
│ sky130_fd_sc_hd__xnor2                                        │ 4            │
│ sky130_fd_sc_hd__xor2                                         │ 5            │
└───────────────────────────────────────────────────────────────┴──────────────┘
                                  Cells by SCL                                  
┏━━━━━━━━━━━━━━━━━━━━━━━━━━━━━━━━━━━━━━━━━━━━━━━━━━━━━━━┳━━━━━━━━━━━━━━━━━━━━━━┓
┃ SCL                                                   ┃ Count                ┃
┡━━━━━━━━━━━━━━━━━━━━━━━━━━━━━━━━━━━━━━━━━━━━━━━━━━━━━━━╇━━━━━━━━━━━━━━━━━━━━━━┩
│ sky130_ef_sc_hd                                       │ 83                   │
│ sky130_fd_sc_hd                                       │ 544                  │
└───────────────────────────────────────────────────────┴──────────────────────┘
                             Buffers by Cell Master                             
┏━━━━━━━━━━━━━━━━━━━━━━━━━━━━━━━━━━━━━━━━━━━━━━━━━━━━━━━━━━━━━━━━┳━━━━━━━━━━━━━┓
┃ Buffer                                                         ┃ Count       ┃
┡━━━━━━━━━━━━━━━━━━━━━━━━━━━━━━━━━━━━━━━━━━━━━━━━━━━━━━━━━━━━━━━━╇━━━━━━━━━━━━━┩
│ sky130_fd_sc_hd__buf_1                                         │ 38          │
│ sky130_fd_sc_hd__buf_2                                         │ 16          │
│ sky130_fd_sc_hd__clkbuf_1                                      │ 10          │
│ sky130_fd_sc_hd__clkbuf_16                                     │ 3           │
│ sky130_fd_sc_hd__clkbuf_2                                      │ 1           │
│ sky130_fd_sc_hd__clkbuf_4                                      │ 1           │
│ sky130_fd_sc_hd__dlygate4sd3_1                                 │ 16          │
│ sky130_fd_sc_hd__dlymetal6s2s_1                                │ 3           │
└────────────────────────────────────────────────────────────────┴─────────────┘
