Clock: clk
Sources: clk 
Generated: no
Virtual: yes
Propagated: no
Period: 10.000000

===========================================================================
report_clock_properties
============================================================================
Clock                   Period          Waveform
----------------------------------------------------
clk                  10.000000    0.000000  5.000000

===========================================================================
report_clock_latency
============================================================================
Clock clk
rise -> rise
    min     max
0.000000 0.000000 source latency
0.474167         network latency _22_/CLK
        0.477255 network latency _23_/CLK
---------------
0.474167 0.477255 latency
        0.003088 skew

fall -> fall
    min     max
0.000000 0.000000 source latency
0.499498         network latency _22_/CLK
        0.502200 network latency _23_/CLK
---------------
0.499498 0.502200 latency
        0.002702 skew



===========================================================================
report_clock_min_period
============================================================================
clk period_min = 2.95 fmax = 339.14
