
===========================================================================
report_checks -path_delay max (Setup)
============================================================================
======================= max_ss_100C_1v60 Corner ===================================

Startpoint: _21_ (rising edge-triggered flip-flop clocked by clk)
Endpoint: out[1] (output port clocked by clk)
Path Group: clk
Path Type: max

Fanout         Cap        Slew       Delay        Time   Description
---------------------------------------------------------------------------------------------
                                  0.000000    0.000000   clock clk (rise edge)
                                  0.000000    0.000000   clock source latency
     1    0.010311    0.083293    0.054128    0.054128 ^ clk (in)
                                                         clk (net)
                      0.083298    0.000000    0.054128 ^ clkbuf_0_clk/A (sky130_fd_sc_hd__clkbuf_16)
     2    0.017473    0.064290    0.223853    0.277980 ^ clkbuf_0_clk/X (sky130_fd_sc_hd__clkbuf_16)
                                                         clknet_0_clk (net)
                      0.064290    0.000629    0.278610 ^ clkbuf_1_1__f_clk/A (sky130_fd_sc_hd__clkbuf_16)
     2    0.006454    0.049795    0.198257    0.476866 ^ clkbuf_1_1__f_clk/X (sky130_fd_sc_hd__clkbuf_16)
                                                         clknet_1_1__leaf_clk (net)
                      0.049796    0.000370    0.477236 ^ _21_/CLK (sky130_fd_sc_hd__dfrtp_1)
     4    0.013068    0.164102    0.821459    1.298696 v _21_/Q (sky130_fd_sc_hd__dfrtp_1)
                                                         net3 (net)
                      0.164102    0.000694    1.299390 v output3/A (sky130_fd_sc_hd__buf_2)
     1    0.034003    0.165196    0.388225    1.687615 v output3/X (sky130_fd_sc_hd__buf_2)
                                                         out[1] (net)
                      0.165210    0.001610    1.689224 v out[1] (out)
                                              1.689224   data arrival time

                                 10.000000   10.000000   clock clk (rise edge)
                                  0.000000   10.000000   clock network delay (propagated)
                                 -0.250000    9.750000   clock uncertainty
                                  0.000000    9.750000   clock reconvergence pessimism
                                 -2.000000    7.750000   output external delay
                                              7.750000   data required time
---------------------------------------------------------------------------------------------
                                              7.750000   data required time
                                             -1.689224   data arrival time
---------------------------------------------------------------------------------------------
                                              6.060776   slack (MET)


Startpoint: _20_ (rising edge-triggered flip-flop clocked by clk)
Endpoint: out[0] (output port clocked by clk)
Path Group: clk
Path Type: max

Fanout         Cap        Slew       Delay        Time   Description
---------------------------------------------------------------------------------------------
                                  0.000000    0.000000   clock clk (rise edge)
                                  0.000000    0.000000   clock source latency
     1    0.010311    0.083293    0.054128    0.054128 ^ clk (in)
                                                         clk (net)
                      0.083298    0.000000    0.054128 ^ clkbuf_0_clk/A (sky130_fd_sc_hd__clkbuf_16)
     2    0.017473    0.064290    0.223853    0.277980 ^ clkbuf_0_clk/X (sky130_fd_sc_hd__clkbuf_16)
                                                         clknet_0_clk (net)
                      0.064290    0.000896    0.278877 ^ clkbuf_1_0__f_clk/A (sky130_fd_sc_hd__clkbuf_16)
     2    0.004740    0.047452    0.195027    0.473904 ^ clkbuf_1_0__f_clk/X (sky130_fd_sc_hd__clkbuf_16)
                                                         clknet_1_0__leaf_clk (net)
                      0.047453    0.000281    0.474185 ^ _20_/CLK (sky130_fd_sc_hd__dfrtp_1)
     4    0.012605    0.162920    0.816189    1.290373 v _20_/Q (sky130_fd_sc_hd__dfrtp_1)
                                                         net2 (net)
                      0.162921    0.000651    1.291024 v output2/A (sky130_fd_sc_hd__buf_2)
     1    0.034478    0.167109    0.389078    1.680102 v output2/X (sky130_fd_sc_hd__buf_2)
                                                         out[0] (net)
                      0.167126    0.001736    1.681838 v out[0] (out)
                                              1.681838   data arrival time

                                 10.000000   10.000000   clock clk (rise edge)
                                  0.000000   10.000000   clock network delay (propagated)
                                 -0.250000    9.750000   clock uncertainty
                                  0.000000    9.750000   clock reconvergence pessimism
                                 -2.000000    7.750000   output external delay
                                              7.750000   data required time
---------------------------------------------------------------------------------------------
                                              7.750000   data required time
                                             -1.681838   data arrival time
---------------------------------------------------------------------------------------------
                                              6.068162   slack (MET)


Startpoint: _22_ (rising edge-triggered flip-flop clocked by clk)
Endpoint: out[2] (output port clocked by clk)
Path Group: clk
Path Type: max

Fanout         Cap        Slew       Delay        Time   Description
---------------------------------------------------------------------------------------------
                                  0.000000    0.000000   clock clk (rise edge)
                                  0.000000    0.000000   clock source latency
     1    0.010311    0.083293    0.054128    0.054128 ^ clk (in)
                                                         clk (net)
                      0.083298    0.000000    0.054128 ^ clkbuf_0_clk/A (sky130_fd_sc_hd__clkbuf_16)
     2    0.017473    0.064290    0.223853    0.277980 ^ clkbuf_0_clk/X (sky130_fd_sc_hd__clkbuf_16)
                                                         clknet_0_clk (net)
                      0.064290    0.000896    0.278877 ^ clkbuf_1_0__f_clk/A (sky130_fd_sc_hd__clkbuf_16)
     2    0.004740    0.047452    0.195027    0.473904 ^ clkbuf_1_0__f_clk/X (sky130_fd_sc_hd__clkbuf_16)
                                                         clknet_1_0__leaf_clk (net)
                      0.047453    0.000264    0.474167 ^ _22_/CLK (sky130_fd_sc_hd__dfrtp_1)
     3    0.007647    0.117333    0.770781    1.244948 v _22_/Q (sky130_fd_sc_hd__dfrtp_1)
                                                         net4 (net)
                      0.117333    0.000369    1.245317 v output4/A (sky130_fd_sc_hd__buf_2)
     1    0.034520    0.167185    0.367315    1.612632 v output4/X (sky130_fd_sc_hd__buf_2)
                                                         out[2] (net)
                      0.167199    0.001631    1.614263 v out[2] (out)
                                              1.614263   data arrival time

                                 10.000000   10.000000   clock clk (rise edge)
                                  0.000000   10.000000   clock network delay (propagated)
                                 -0.250000    9.750000   clock uncertainty
                                  0.000000    9.750000   clock reconvergence pessimism
                                 -2.000000    7.750000   output external delay
                                              7.750000   data required time
---------------------------------------------------------------------------------------------
                                              7.750000   data required time
                                             -1.614263   data arrival time
---------------------------------------------------------------------------------------------
                                              6.135737   slack (MET)


Startpoint: _23_ (rising edge-triggered flip-flop clocked by clk)
Endpoint: out[3] (output port clocked by clk)
Path Group: clk
Path Type: max

Fanout         Cap        Slew       Delay        Time   Description
---------------------------------------------------------------------------------------------
                                  0.000000    0.000000   clock clk (rise edge)
                                  0.000000    0.000000   clock source latency
     1    0.010311    0.083293    0.054128    0.054128 ^ clk (in)
                                                         clk (net)
                      0.083298    0.000000    0.054128 ^ clkbuf_0_clk/A (sky130_fd_sc_hd__clkbuf_16)
     2    0.017473    0.064290    0.223853    0.277980 ^ clkbuf_0_clk/X (sky130_fd_sc_hd__clkbuf_16)
                                                         clknet_0_clk (net)
                      0.064290    0.000629    0.278610 ^ clkbuf_1_1__f_clk/A (sky130_fd_sc_hd__clkbuf_16)
     2    0.006454    0.049795    0.198257    0.476866 ^ clkbuf_1_1__f_clk/X (sky130_fd_sc_hd__clkbuf_16)
                                                         clknet_1_1__leaf_clk (net)
                      0.049796    0.000389    0.477255 ^ _23_/CLK (sky130_fd_sc_hd__dfrtp_1)
     2    0.004506    0.091641    0.742921    1.220176 v _23_/Q (sky130_fd_sc_hd__dfrtp_1)
                                                         net5 (net)
                      0.091641    0.000224    1.220401 v output5/A (sky130_fd_sc_hd__buf_2)
     1    0.034388    0.166618    0.354525    1.574926 v output5/X (sky130_fd_sc_hd__buf_2)
                                                         out[3] (net)
                      0.166631    0.001597    1.576522 v out[3] (out)
                                              1.576522   data arrival time

                                 10.000000   10.000000   clock clk (rise edge)
                                  0.000000   10.000000   clock network delay (propagated)
                                 -0.250000    9.750000   clock uncertainty
                                  0.000000    9.750000   clock reconvergence pessimism
                                 -2.000000    7.750000   output external delay
                                              7.750000   data required time
---------------------------------------------------------------------------------------------
                                              7.750000   data required time
                                             -1.576522   data arrival time
---------------------------------------------------------------------------------------------
                                              6.173478   slack (MET)


Startpoint: _20_ (rising edge-triggered flip-flop clocked by clk)
Endpoint: _21_ (rising edge-triggered flip-flop clocked by clk)
Path Group: clk
Path Type: max

Fanout         Cap        Slew       Delay        Time   Description
---------------------------------------------------------------------------------------------
                                  0.000000    0.000000   clock clk (rise edge)
                                  0.000000    0.000000   clock source latency
     1    0.010311    0.083293    0.054128    0.054128 ^ clk (in)
                                                         clk (net)
                      0.083298    0.000000    0.054128 ^ clkbuf_0_clk/A (sky130_fd_sc_hd__clkbuf_16)
     2    0.017473    0.064290    0.223853    0.277980 ^ clkbuf_0_clk/X (sky130_fd_sc_hd__clkbuf_16)
                                                         clknet_0_clk (net)
                      0.064290    0.000896    0.278877 ^ clkbuf_1_0__f_clk/A (sky130_fd_sc_hd__clkbuf_16)
     2    0.004740    0.047452    0.195027    0.473904 ^ clkbuf_1_0__f_clk/X (sky130_fd_sc_hd__clkbuf_16)
                                                         clknet_1_0__leaf_clk (net)
                      0.047453    0.000281    0.474185 ^ _20_/CLK (sky130_fd_sc_hd__dfrtp_1)
     4    0.012605    0.162920    0.816189    1.290373 v _20_/Q (sky130_fd_sc_hd__dfrtp_1)
                                                         net2 (net)
                      0.162921    0.000600    1.290973 v hold2/A (sky130_fd_sc_hd__dlygate4sd3_1)
     2    0.009087    0.166535    1.248409    2.539382 v hold2/X (sky130_fd_sc_hd__dlygate4sd3_1)
                                                         net7 (net)
                      0.166535    0.000335    2.539717 v _12_/A (sky130_fd_sc_hd__xor2_1)
     1    0.003559    0.104847    0.339391    2.879108 v _12_/X (sky130_fd_sc_hd__xor2_1)
                                                         _01_ (net)
                      0.104847    0.000260    2.879368 v _21_/D (sky130_fd_sc_hd__dfrtp_1)
                                              2.879368   data arrival time

                                 10.000000   10.000000   clock clk (rise edge)
                                  0.000000   10.000000   clock source latency
     1    0.010311    0.083293    0.054127   10.054128 ^ clk (in)
                                                         clk (net)
                      0.083298    0.000000   10.054128 ^ clkbuf_0_clk/A (sky130_fd_sc_hd__clkbuf_16)
     2    0.017473    0.064290    0.223853   10.277981 ^ clkbuf_0_clk/X (sky130_fd_sc_hd__clkbuf_16)
                                                         clknet_0_clk (net)
                      0.064290    0.000629   10.278609 ^ clkbuf_1_1__f_clk/A (sky130_fd_sc_hd__clkbuf_16)
     2    0.006454    0.049795    0.198257   10.476867 ^ clkbuf_1_1__f_clk/X (sky130_fd_sc_hd__clkbuf_16)
                                                         clknet_1_1__leaf_clk (net)
                      0.049796    0.000370   10.477237 ^ _21_/CLK (sky130_fd_sc_hd__dfrtp_1)
                                 -0.250000   10.227237   clock uncertainty
                                  0.000000   10.227237   clock reconvergence pessimism
                                 -0.296488    9.930750   library setup time
                                              9.930750   data required time
---------------------------------------------------------------------------------------------
                                              9.930750   data required time
                                             -2.879368   data arrival time
---------------------------------------------------------------------------------------------
                                              7.051382   slack (MET)


Startpoint: _22_ (rising edge-triggered flip-flop clocked by clk)
Endpoint: _22_ (rising edge-triggered flip-flop clocked by clk)
Path Group: clk
Path Type: max

Fanout         Cap        Slew       Delay        Time   Description
---------------------------------------------------------------------------------------------
                                  0.000000    0.000000   clock clk (rise edge)
                                  0.000000    0.000000   clock source latency
     1    0.010311    0.083293    0.054128    0.054128 ^ clk (in)
                                                         clk (net)
                      0.083298    0.000000    0.054128 ^ clkbuf_0_clk/A (sky130_fd_sc_hd__clkbuf_16)
     2    0.017473    0.064290    0.223853    0.277980 ^ clkbuf_0_clk/X (sky130_fd_sc_hd__clkbuf_16)
                                                         clknet_0_clk (net)
                      0.064290    0.000896    0.278877 ^ clkbuf_1_0__f_clk/A (sky130_fd_sc_hd__clkbuf_16)
     2    0.004740    0.047452    0.195027    0.473904 ^ clkbuf_1_0__f_clk/X (sky130_fd_sc_hd__clkbuf_16)
                                                         clknet_1_0__leaf_clk (net)
                      0.047453    0.000264    0.474167 ^ _22_/CLK (sky130_fd_sc_hd__dfrtp_1)
     3    0.007647    0.117333    0.770781    1.244948 v _22_/Q (sky130_fd_sc_hd__dfrtp_1)
                                                         net4 (net)
                      0.117333    0.000432    1.245379 v hold4/A (sky130_fd_sc_hd__dlygate4sd3_1)
     1    0.002343    0.102225    1.138128    2.383507 v hold4/X (sky130_fd_sc_hd__dlygate4sd3_1)
                                                         net9 (net)
                      0.102225    0.000109    2.383616 v _13_/B1 (sky130_fd_sc_hd__a21oi_1)
     1    0.004855    0.227500    0.244024    2.627640 ^ _13_/Y (sky130_fd_sc_hd__a21oi_1)
                                                         _08_ (net)
                      0.227500    0.000341    2.627981 ^ _15_/A (sky130_fd_sc_hd__nor2_1)
     1    0.002855    0.068033    0.146126    2.774107 v _15_/Y (sky130_fd_sc_hd__nor2_1)
                                                         _02_ (net)
                      0.068033    0.000119    2.774226 v _22_/D (sky130_fd_sc_hd__dfrtp_1)
                                              2.774226   data arrival time

                                 10.000000   10.000000   clock clk (rise edge)
                                  0.000000   10.000000   clock source latency
     1    0.010311    0.083293    0.054127   10.054128 ^ clk (in)
                                                         clk (net)
                      0.083298    0.000000   10.054128 ^ clkbuf_0_clk/A (sky130_fd_sc_hd__clkbuf_16)
     2    0.017473    0.064290    0.223853   10.277981 ^ clkbuf_0_clk/X (sky130_fd_sc_hd__clkbuf_16)
                                                         clknet_0_clk (net)
                      0.064290    0.000896   10.278876 ^ clkbuf_1_0__f_clk/A (sky130_fd_sc_hd__clkbuf_16)
     2    0.004740    0.047452    0.195027   10.473904 ^ clkbuf_1_0__f_clk/X (sky130_fd_sc_hd__clkbuf_16)
                                                         clknet_1_0__leaf_clk (net)
                      0.047453    0.000264   10.474168 ^ _22_/CLK (sky130_fd_sc_hd__dfrtp_1)
                                 -0.250000   10.224168   clock uncertainty
                                  0.000000   10.224168   clock reconvergence pessimism
                                 -0.281752    9.942415   library setup time
                                              9.942415   data required time
---------------------------------------------------------------------------------------------
                                              9.942415   data required time
                                             -2.774226   data arrival time
---------------------------------------------------------------------------------------------
                                              7.168189   slack (MET)


Startpoint: _23_ (rising edge-triggered flip-flop clocked by clk)
Endpoint: _23_ (rising edge-triggered flip-flop clocked by clk)
Path Group: clk
Path Type: max

Fanout         Cap        Slew       Delay        Time   Description
---------------------------------------------------------------------------------------------
                                  0.000000    0.000000   clock clk (rise edge)
                                  0.000000    0.000000   clock source latency
     1    0.010311    0.083293    0.054128    0.054128 ^ clk (in)
                                                         clk (net)
                      0.083298    0.000000    0.054128 ^ clkbuf_0_clk/A (sky130_fd_sc_hd__clkbuf_16)
     2    0.017473    0.064290    0.223853    0.277980 ^ clkbuf_0_clk/X (sky130_fd_sc_hd__clkbuf_16)
                                                         clknet_0_clk (net)
                      0.064290    0.000629    0.278610 ^ clkbuf_1_1__f_clk/A (sky130_fd_sc_hd__clkbuf_16)
     2    0.006454    0.049795    0.198257    0.476866 ^ clkbuf_1_1__f_clk/X (sky130_fd_sc_hd__clkbuf_16)
                                                         clknet_1_1__leaf_clk (net)
                      0.049796    0.000389    0.477255 ^ _23_/CLK (sky130_fd_sc_hd__dfrtp_1)
     2    0.004506    0.091641    0.742921    1.220176 v _23_/Q (sky130_fd_sc_hd__dfrtp_1)
                                                         net5 (net)
                      0.091641    0.000149    1.220325 v hold1/A (sky130_fd_sc_hd__dlygate4sd3_1)
     1    0.005624    0.134509    1.174282    2.394607 v hold1/X (sky130_fd_sc_hd__dlygate4sd3_1)
                                                         net6 (net)
                      0.134509    0.000448    2.395055 v _16_/A (sky130_fd_sc_hd__xor2_1)
     1    0.002338    0.091855    0.313690    2.708745 v _16_/X (sky130_fd_sc_hd__xor2_1)
                                                         _03_ (net)
                      0.091855    0.000158    2.708903 v _23_/D (sky130_fd_sc_hd__dfrtp_1)
                                              2.708903   data arrival time

                                 10.000000   10.000000   clock clk (rise edge)
                                  0.000000   10.000000   clock source latency
     1    0.010311    0.083293    0.054127   10.054128 ^ clk (in)
                                                         clk (net)
                      0.083298    0.000000   10.054128 ^ clkbuf_0_clk/A (sky130_fd_sc_hd__clkbuf_16)
     2    0.017473    0.064290    0.223853   10.277981 ^ clkbuf_0_clk/X (sky130_fd_sc_hd__clkbuf_16)
                                                         clknet_0_clk (net)
                      0.064290    0.000629   10.278609 ^ clkbuf_1_1__f_clk/A (sky130_fd_sc_hd__clkbuf_16)
     2    0.006454    0.049795    0.198257   10.476867 ^ clkbuf_1_1__f_clk/X (sky130_fd_sc_hd__clkbuf_16)
                                                         clknet_1_1__leaf_clk (net)
                      0.049796    0.000389   10.477256 ^ _23_/CLK (sky130_fd_sc_hd__dfrtp_1)
                                 -0.250000   10.227256   clock uncertainty
                                  0.000000   10.227256   clock reconvergence pessimism
                                 -0.291067    9.936189   library setup time
                                              9.936189   data required time
---------------------------------------------------------------------------------------------
                                              9.936189   data required time
                                             -2.708903   data arrival time
---------------------------------------------------------------------------------------------
                                              7.227286   slack (MET)


Startpoint: _20_ (rising edge-triggered flip-flop clocked by clk)
Endpoint: _20_ (rising edge-triggered flip-flop clocked by clk)
Path Group: clk
Path Type: max

Fanout         Cap        Slew       Delay        Time   Description
---------------------------------------------------------------------------------------------
                                  0.000000    0.000000   clock clk (rise edge)
                                  0.000000    0.000000   clock source latency
     1    0.010311    0.083293    0.054128    0.054128 ^ clk (in)
                                                         clk (net)
                      0.083298    0.000000    0.054128 ^ clkbuf_0_clk/A (sky130_fd_sc_hd__clkbuf_16)
     2    0.017473    0.064290    0.223853    0.277980 ^ clkbuf_0_clk/X (sky130_fd_sc_hd__clkbuf_16)
                                                         clknet_0_clk (net)
                      0.064290    0.000896    0.278877 ^ clkbuf_1_0__f_clk/A (sky130_fd_sc_hd__clkbuf_16)
     2    0.004740    0.047452    0.195027    0.473904 ^ clkbuf_1_0__f_clk/X (sky130_fd_sc_hd__clkbuf_16)
                                                         clknet_1_0__leaf_clk (net)
                      0.047453    0.000281    0.474185 ^ _20_/CLK (sky130_fd_sc_hd__dfrtp_1)
     4    0.012605    0.162920    0.816189    1.290373 v _20_/Q (sky130_fd_sc_hd__dfrtp_1)
                                                         net2 (net)
                      0.162921    0.000600    1.290973 v hold2/A (sky130_fd_sc_hd__dlygate4sd3_1)
     2    0.009087    0.166535    1.248409    2.539382 v hold2/X (sky130_fd_sc_hd__dlygate4sd3_1)
                                                         net7 (net)
                      0.166535    0.000313    2.539695 v _10_/A (sky130_fd_sc_hd__inv_2)
     1    0.002809    0.054135    0.100361    2.640056 ^ _10_/Y (sky130_fd_sc_hd__inv_2)
                                                         _00_ (net)
                      0.054135    0.000205    2.640261 ^ _20_/D (sky130_fd_sc_hd__dfrtp_1)
                                              2.640261   data arrival time

                                 10.000000   10.000000   clock clk (rise edge)
                                  0.000000   10.000000   clock source latency
     1    0.010311    0.083293    0.054127   10.054128 ^ clk (in)
                                                         clk (net)
                      0.083298    0.000000   10.054128 ^ clkbuf_0_clk/A (sky130_fd_sc_hd__clkbuf_16)
     2    0.017473    0.064290    0.223853   10.277981 ^ clkbuf_0_clk/X (sky130_fd_sc_hd__clkbuf_16)
                                                         clknet_0_clk (net)
                      0.064290    0.000896   10.278876 ^ clkbuf_1_0__f_clk/A (sky130_fd_sc_hd__clkbuf_16)
     2    0.004740    0.047452    0.195027   10.473904 ^ clkbuf_1_0__f_clk/X (sky130_fd_sc_hd__clkbuf_16)
                                                         clknet_1_0__leaf_clk (net)
                      0.047453    0.000281   10.474184 ^ _20_/CLK (sky130_fd_sc_hd__dfrtp_1)
                                 -0.250000   10.224184   clock uncertainty
                                  0.000000   10.224184   clock reconvergence pessimism
                                 -0.132961   10.091224   library setup time
                                             10.091224   data required time
---------------------------------------------------------------------------------------------
                                             10.091224   data required time
                                             -2.640261   data arrival time
---------------------------------------------------------------------------------------------
                                              7.450963   slack (MET)


Startpoint: rst (input port clocked by clk)
Endpoint: _20_ (recovery check against rising-edge clock clk)
Path Group: asynchronous
Path Type: max

Fanout         Cap        Slew       Delay        Time   Description
---------------------------------------------------------------------------------------------
                                  0.000000    0.000000   clock clk (rise edge)
                                  0.000000    0.000000   clock network delay (propagated)
                                  2.000000    2.000000 v input external delay
     1    0.003332    0.020509    0.010962    2.010962 v rst (in)
                                                         rst (net)
                      0.020509    0.000000    2.010962 v input1/A (sky130_fd_sc_hd__clkbuf_2)
     4    0.020880    0.153542    0.248463    2.259425 v input1/X (sky130_fd_sc_hd__clkbuf_2)
                                                         net1 (net)
                      0.153546    0.000987    2.260412 v _11_/A (sky130_fd_sc_hd__inv_2)
     1    0.004555    0.061400    0.108866    2.369278 ^ _11_/Y (sky130_fd_sc_hd__inv_2)
                                                         _04_ (net)
                      0.061400    0.000238    2.369517 ^ _20_/RESET_B (sky130_fd_sc_hd__dfrtp_1)
                                              2.369517   data arrival time

                                 10.000000   10.000000   clock clk (rise edge)
                                  0.000000   10.000000   clock source latency
     1    0.010311    0.083293    0.054127   10.054128 ^ clk (in)
                                                         clk (net)
                      0.083298    0.000000   10.054128 ^ clkbuf_0_clk/A (sky130_fd_sc_hd__clkbuf_16)
     2    0.017473    0.064290    0.223853   10.277981 ^ clkbuf_0_clk/X (sky130_fd_sc_hd__clkbuf_16)
                                                         clknet_0_clk (net)
                      0.064290    0.000896   10.278876 ^ clkbuf_1_0__f_clk/A (sky130_fd_sc_hd__clkbuf_16)
     2    0.004740    0.047452    0.195027   10.473904 ^ clkbuf_1_0__f_clk/X (sky130_fd_sc_hd__clkbuf_16)
                                                         clknet_1_0__leaf_clk (net)
                      0.047453    0.000281   10.474184 ^ _20_/CLK (sky130_fd_sc_hd__dfrtp_1)
                                 -0.250000   10.224184   clock uncertainty
                                  0.000000   10.224184   clock reconvergence pessimism
                                  0.458265   10.682449   library recovery time
                                             10.682449   data required time
---------------------------------------------------------------------------------------------
                                             10.682449   data required time
                                             -2.369517   data arrival time
---------------------------------------------------------------------------------------------
                                              8.312933   slack (MET)


Startpoint: rst (input port clocked by clk)
Endpoint: _22_ (recovery check against rising-edge clock clk)
Path Group: asynchronous
Path Type: max

Fanout         Cap        Slew       Delay        Time   Description
---------------------------------------------------------------------------------------------
                                  0.000000    0.000000   clock clk (rise edge)
                                  0.000000    0.000000   clock network delay (propagated)
                                  2.000000    2.000000 v input external delay
     1    0.003332    0.020509    0.010962    2.010962 v rst (in)
                                                         rst (net)
                      0.020509    0.000000    2.010962 v input1/A (sky130_fd_sc_hd__clkbuf_2)
     4    0.020880    0.153542    0.248463    2.259425 v input1/X (sky130_fd_sc_hd__clkbuf_2)
                                                         net1 (net)
                      0.153553    0.001388    2.260813 v _18_/A (sky130_fd_sc_hd__inv_2)
     1    0.003816    0.056993    0.103406    2.364219 ^ _18_/Y (sky130_fd_sc_hd__inv_2)
                                                         _06_ (net)
                      0.056993    0.000206    2.364424 ^ _22_/RESET_B (sky130_fd_sc_hd__dfrtp_1)
                                              2.364424   data arrival time

                                 10.000000   10.000000   clock clk (rise edge)
                                  0.000000   10.000000   clock source latency
     1    0.010311    0.083293    0.054127   10.054128 ^ clk (in)
                                                         clk (net)
                      0.083298    0.000000   10.054128 ^ clkbuf_0_clk/A (sky130_fd_sc_hd__clkbuf_16)
     2    0.017473    0.064290    0.223853   10.277981 ^ clkbuf_0_clk/X (sky130_fd_sc_hd__clkbuf_16)
                                                         clknet_0_clk (net)
                      0.064290    0.000896   10.278876 ^ clkbuf_1_0__f_clk/A (sky130_fd_sc_hd__clkbuf_16)
     2    0.004740    0.047452    0.195027   10.473904 ^ clkbuf_1_0__f_clk/X (sky130_fd_sc_hd__clkbuf_16)
                                                         clknet_1_0__leaf_clk (net)
                      0.047453    0.000264   10.474168 ^ _22_/CLK (sky130_fd_sc_hd__dfrtp_1)
                                 -0.250000   10.224168   clock uncertainty
                                  0.000000   10.224168   clock reconvergence pessimism
                                  0.459900   10.684068   library recovery time
                                             10.684068   data required time
---------------------------------------------------------------------------------------------
                                             10.684068   data required time
                                             -2.364424   data arrival time
---------------------------------------------------------------------------------------------
                                              8.319643   slack (MET)


Startpoint: rst (input port clocked by clk)
Endpoint: _21_ (recovery check against rising-edge clock clk)
Path Group: asynchronous
Path Type: max

Fanout         Cap        Slew       Delay        Time   Description
---------------------------------------------------------------------------------------------
                                  0.000000    0.000000   clock clk (rise edge)
                                  0.000000    0.000000   clock network delay (propagated)
                                  2.000000    2.000000 v input external delay
     1    0.003332    0.020509    0.010962    2.010962 v rst (in)
                                                         rst (net)
                      0.020509    0.000000    2.010962 v input1/A (sky130_fd_sc_hd__clkbuf_2)
     4    0.020880    0.153542    0.248463    2.259425 v input1/X (sky130_fd_sc_hd__clkbuf_2)
                                                         net1 (net)
                      0.153554    0.001443    2.260868 v _17_/A (sky130_fd_sc_hd__inv_2)
     1    0.003955    0.057790    0.104437    2.365305 ^ _17_/Y (sky130_fd_sc_hd__inv_2)
                                                         _05_ (net)
                      0.057790    0.000209    2.365514 ^ _21_/RESET_B (sky130_fd_sc_hd__dfrtp_1)
                                              2.365514   data arrival time

                                 10.000000   10.000000   clock clk (rise edge)
                                  0.000000   10.000000   clock source latency
     1    0.010311    0.083293    0.054127   10.054128 ^ clk (in)
                                                         clk (net)
                      0.083298    0.000000   10.054128 ^ clkbuf_0_clk/A (sky130_fd_sc_hd__clkbuf_16)
     2    0.017473    0.064290    0.223853   10.277981 ^ clkbuf_0_clk/X (sky130_fd_sc_hd__clkbuf_16)
                                                         clknet_0_clk (net)
                      0.064290    0.000629   10.278609 ^ clkbuf_1_1__f_clk/A (sky130_fd_sc_hd__clkbuf_16)
     2    0.006454    0.049795    0.198257   10.476867 ^ clkbuf_1_1__f_clk/X (sky130_fd_sc_hd__clkbuf_16)
                                                         clknet_1_1__leaf_clk (net)
                      0.049796    0.000370   10.477237 ^ _21_/CLK (sky130_fd_sc_hd__dfrtp_1)
                                 -0.250000   10.227237   clock uncertainty
                                  0.000000   10.227237   clock reconvergence pessimism
                                  0.460383   10.687620   library recovery time
                                             10.687620   data required time
---------------------------------------------------------------------------------------------
                                             10.687620   data required time
                                             -2.365514   data arrival time
---------------------------------------------------------------------------------------------
                                              8.322106   slack (MET)


Startpoint: rst (input port clocked by clk)
Endpoint: _23_ (recovery check against rising-edge clock clk)
Path Group: asynchronous
Path Type: max

Fanout         Cap        Slew       Delay        Time   Description
---------------------------------------------------------------------------------------------
                                  0.000000    0.000000   clock clk (rise edge)
                                  0.000000    0.000000   clock network delay (propagated)
                                  2.000000    2.000000 v input external delay
     1    0.003332    0.020509    0.010962    2.010962 v rst (in)
                                                         rst (net)
                      0.020509    0.000000    2.010962 v input1/A (sky130_fd_sc_hd__clkbuf_2)
     4    0.020880    0.153542    0.248463    2.259425 v input1/X (sky130_fd_sc_hd__clkbuf_2)
                                                         net1 (net)
                      0.153554    0.001454    2.260878 v _19_/A (sky130_fd_sc_hd__inv_2)
     1    0.003668    0.056153    0.102318    2.363196 ^ _19_/Y (sky130_fd_sc_hd__inv_2)
                                                         _07_ (net)
                      0.056153    0.000191    2.363387 ^ _23_/RESET_B (sky130_fd_sc_hd__dfrtp_1)
                                              2.363387   data arrival time

                                 10.000000   10.000000   clock clk (rise edge)
                                  0.000000   10.000000   clock source latency
     1    0.010311    0.083293    0.054127   10.054128 ^ clk (in)
                                                         clk (net)
                      0.083298    0.000000   10.054128 ^ clkbuf_0_clk/A (sky130_fd_sc_hd__clkbuf_16)
     2    0.017473    0.064290    0.223853   10.277981 ^ clkbuf_0_clk/X (sky130_fd_sc_hd__clkbuf_16)
                                                         clknet_0_clk (net)
                      0.064290    0.000629   10.278609 ^ clkbuf_1_1__f_clk/A (sky130_fd_sc_hd__clkbuf_16)
     2    0.006454    0.049795    0.198257   10.476867 ^ clkbuf_1_1__f_clk/X (sky130_fd_sc_hd__clkbuf_16)
                                                         clknet_1_1__leaf_clk (net)
                      0.049796    0.000389   10.477256 ^ _23_/CLK (sky130_fd_sc_hd__dfrtp_1)
                                 -0.250000   10.227256   clock uncertainty
                                  0.000000   10.227256   clock reconvergence pessimism
                                  0.460990   10.688246   library recovery time
                                             10.688246   data required time
---------------------------------------------------------------------------------------------
                                             10.688246   data required time
                                             -2.363387   data arrival time
---------------------------------------------------------------------------------------------
                                              8.324860   slack (MET)



