Reading timing models for corner max_ss_100C_1v60…
Reading cell library for the 'max_ss_100C_1v60' corner at '/home/yaser/.volare/volare/sky130/versions/0fe599b2afb6708d281543108caf8310912f54af/sky130A/libs.ref/sky130_fd_sc_hd/lib/sky130_fd_sc_hd__ss_100C_1v60.lib'…
Reading top-level netlist at '/home/yaser/CMOS_Tapeouts/counter/runs/RUN_2026-04-03_19-53-56/51-openroad-fillinsertion/counter.nl.v'…
Linking design 'counter' from netlist…
Warning: /home/yaser/CMOS_Tapeouts/counter/runs/RUN_2026-04-03_19-53-56/51-openroad-fillinsertion/counter.nl.v line 94, module sky130_fd_sc_hd__tapvpwrvgnd_1 not found. Creating black box for TAP_TAPCELL_ROW_0_20.
Warning: /home/yaser/CMOS_Tapeouts/counter/runs/RUN_2026-04-03_19-53-56/51-openroad-fillinsertion/counter.nl.v line 130, module sky130_ef_sc_hd__decap_12 not found. Creating black box for FILLER_0_3.
Warning: /home/yaser/CMOS_Tapeouts/counter/runs/RUN_2026-04-03_19-53-56/51-openroad-fillinsertion/counter.nl.v line 132, module sky130_fd_sc_hd__fill_1 not found. Creating black box for FILLER_0_23.
Warning: /home/yaser/CMOS_Tapeouts/counter/runs/RUN_2026-04-03_19-53-56/51-openroad-fillinsertion/counter.nl.v line 133, module sky130_fd_sc_hd__fill_2 not found. Creating black box for FILLER_0_36.
Reading design constraints file at '/nix/store/ss2cw3sxbrwwx9jl0rrppbw4kgcmgi2n-python3-3.11.9-env/lib/python3.11/site-packages/openlane/scripts/base.sdc'…
[INFO] Using clock clk…
[INFO] Setting output delay to: 2.0
[INFO] Setting input delay to: 2.0
[INFO] Setting load to: 0.033442
[INFO] Setting clock uncertainty to: 0.25
[INFO] Setting clock transition to: 0.1499999999999999944488848768742172978818416595458984375
[INFO] Setting timing derate to: 5%
Reading top-level design parasitics for the 'max_ss_100C_1v60' corner at '/home/yaser/CMOS_Tapeouts/counter/runs/RUN_2026-04-03_19-53-56/53-openroad-rcx/max/counter.max.spef'…
%OL_CREATE_REPORT min.rpt

===========================================================================
report_checks -path_delay min (Hold)
============================================================================
======================= max_ss_100C_1v60 Corner ===================================

Startpoint: _20_ (rising edge-triggered flip-flop clocked by clk)
Endpoint: _22_ (rising edge-triggered flip-flop clocked by clk)
Path Group: clk
Path Type: min

Fanout         Cap        Slew       Delay        Time   Description
---------------------------------------------------------------------------------------------
                                  0.000000    0.000000   clock clk (rise edge)
                                  0.000000    0.000000   clock source latency
     1    0.010311    0.083293    0.054128    0.054128 ^ clk (in)
                                                         clk (net)
                      0.083298    0.000000    0.054128 ^ clkbuf_0_clk/A (sky130_fd_sc_hd__clkbuf_16)
     2    0.017473    0.064290    0.223853    0.277980 ^ clkbuf_0_clk/X (sky130_fd_sc_hd__clkbuf_16)
                                                         clknet_0_clk (net)
                      0.064290    0.000896    0.278877 ^ clkbuf_1_0__f_clk/A (sky130_fd_sc_hd__clkbuf_16)
     2    0.004740    0.047452    0.195027    0.473904 ^ clkbuf_1_0__f_clk/X (sky130_fd_sc_hd__clkbuf_16)
                                                         clknet_1_0__leaf_clk (net)
                      0.047453    0.000281    0.474185 ^ _20_/CLK (sky130_fd_sc_hd__dfrtp_1)
     4    0.012999    0.202662    0.737203    1.211388 ^ _20_/Q (sky130_fd_sc_hd__dfrtp_1)
                                                         net2 (net)
                      0.202662    0.000706    1.212094 ^ _13_/A1 (sky130_fd_sc_hd__a21oi_1)
     1    0.004699    0.061157    0.196724    1.408818 v _13_/Y (sky130_fd_sc_hd__a21oi_1)
                                                         _08_ (net)
                      0.061158    0.000327    1.409145 v _15_/A (sky130_fd_sc_hd__nor2_1)
     1    0.002870    0.130061    0.163351    1.572496 ^ _15_/Y (sky130_fd_sc_hd__nor2_1)
                                                         _02_ (net)
                      0.130061    0.000120    1.572616 ^ _22_/D (sky130_fd_sc_hd__dfrtp_1)
                                              1.572616   data arrival time

                                  0.000000    0.000000   clock clk (rise edge)
                                  0.000000    0.000000   clock source latency
     1    0.010311    0.083293    0.054128    0.054128 ^ clk (in)
                                                         clk (net)
                      0.083298    0.000000    0.054128 ^ clkbuf_0_clk/A (sky130_fd_sc_hd__clkbuf_16)
     2    0.017473    0.064290    0.223853    0.277980 ^ clkbuf_0_clk/X (sky130_fd_sc_hd__clkbuf_16)
                                                         clknet_0_clk (net)
                      0.064290    0.000896    0.278877 ^ clkbuf_1_0__f_clk/A (sky130_fd_sc_hd__clkbuf_16)
     2    0.004740    0.047452    0.195027    0.473904 ^ clkbuf_1_0__f_clk/X (sky130_fd_sc_hd__clkbuf_16)
                                                         clknet_1_0__leaf_clk (net)
                      0.047453    0.000264    0.474167 ^ _22_/CLK (sky130_fd_sc_hd__dfrtp_1)
                                  0.250000    0.724167   clock uncertainty
                                  0.000000    0.724167   clock reconvergence pessimism
                                 -0.094356    0.629812   library hold time
                                              0.629812   data required time
---------------------------------------------------------------------------------------------
                                              0.629812   data required time
                                             -1.572616   data arrival time
---------------------------------------------------------------------------------------------
                                              0.942804   slack (MET)


Startpoint: rst (input port clocked by clk)
Endpoint: _23_ (removal check against rising-edge clock clk)
Path Group: asynchronous
Path Type: min

Fanout         Cap        Slew       Delay        Time   Description
---------------------------------------------------------------------------------------------
                                  0.000000    0.000000   clock clk (rise edge)
                                  0.000000    0.000000   clock network delay (propagated)
                                  2.000000    2.000000 v input external delay
     1    0.003332    0.020509    0.010962    2.010962 v rst (in)
                                                         rst (net)
                      0.020509    0.000000    2.010962 v input1/A (sky130_fd_sc_hd__clkbuf_2)
     4    0.020880    0.153542    0.248463    2.259425 v input1/X (sky130_fd_sc_hd__clkbuf_2)
                                                         net1 (net)
                      0.153554    0.001454    2.260878 v _19_/A (sky130_fd_sc_hd__inv_2)
     1    0.003668    0.056153    0.102318    2.363196 ^ _19_/Y (sky130_fd_sc_hd__inv_2)
                                                         _07_ (net)
                      0.056153    0.000191    2.363387 ^ _23_/RESET_B (sky130_fd_sc_hd__dfrtp_1)
                                              2.363387   data arrival time

                                  0.000000    0.000000   clock clk (rise edge)
                                  0.000000    0.000000   clock source latency
     1    0.010311    0.083293    0.054128    0.054128 ^ clk (in)
                                                         clk (net)
                      0.083298    0.000000    0.054128 ^ clkbuf_0_clk/A (sky130_fd_sc_hd__clkbuf_16)
     2    0.017473    0.064290    0.223853    0.277980 ^ clkbuf_0_clk/X (sky130_fd_sc_hd__clkbuf_16)
                                                         clknet_0_clk (net)
                      0.064290    0.000629    0.278610 ^ clkbuf_1_1__f_clk/A (sky130_fd_sc_hd__clkbuf_16)
     2    0.006454    0.049795    0.198257    0.476866 ^ clkbuf_1_1__f_clk/X (sky130_fd_sc_hd__clkbuf_16)
                                                         clknet_1_1__leaf_clk (net)
                      0.049796    0.000389    0.477255 ^ _23_/CLK (sky130_fd_sc_hd__dfrtp_1)
                                  0.250000    0.727255   clock uncertainty
                                  0.000000    0.727255   clock reconvergence pessimism
                                  0.647103    1.374358   library removal time
                                              1.374358   data required time
---------------------------------------------------------------------------------------------
                                              1.374358   data required time
                                             -2.363387   data arrival time
---------------------------------------------------------------------------------------------
                                              0.989029   slack (MET)


Startpoint: rst (input port clocked by clk)
Endpoint: _21_ (removal check against rising-edge clock clk)
Path Group: asynchronous
Path Type: min

Fanout         Cap        Slew       Delay        Time   Description
---------------------------------------------------------------------------------------------
                                  0.000000    0.000000   clock clk (rise edge)
                                  0.000000    0.000000   clock network delay (propagated)
                                  2.000000    2.000000 v input external delay
     1    0.003332    0.020509    0.010962    2.010962 v rst (in)
                                                         rst (net)
                      0.020509    0.000000    2.010962 v input1/A (sky130_fd_sc_hd__clkbuf_2)
     4    0.020880    0.153542    0.248463    2.259425 v input1/X (sky130_fd_sc_hd__clkbuf_2)
                                                         net1 (net)
                      0.153554    0.001443    2.260868 v _17_/A (sky130_fd_sc_hd__inv_2)
     1    0.003955    0.057790    0.104437    2.365305 ^ _17_/Y (sky130_fd_sc_hd__inv_2)
                                                         _05_ (net)
                      0.057790    0.000209    2.365514 ^ _21_/RESET_B (sky130_fd_sc_hd__dfrtp_1)
                                              2.365514   data arrival time

                                  0.000000    0.000000   clock clk (rise edge)
                                  0.000000    0.000000   clock source latency
     1    0.010311    0.083293    0.054128    0.054128 ^ clk (in)
                                                         clk (net)
                      0.083298    0.000000    0.054128 ^ clkbuf_0_clk/A (sky130_fd_sc_hd__clkbuf_16)
     2    0.017473    0.064290    0.223853    0.277980 ^ clkbuf_0_clk/X (sky130_fd_sc_hd__clkbuf_16)
                                                         clknet_0_clk (net)
                      0.064290    0.000629    0.278610 ^ clkbuf_1_1__f_clk/A (sky130_fd_sc_hd__clkbuf_16)
     2    0.006454    0.049795    0.198257    0.476866 ^ clkbuf_1_1__f_clk/X (sky130_fd_sc_hd__clkbuf_16)
                                                         clknet_1_1__leaf_clk (net)
                      0.049796    0.000370    0.477236 ^ _21_/CLK (sky130_fd_sc_hd__dfrtp_1)
                                  0.250000    0.727237   clock uncertainty
                                  0.000000    0.727237   clock reconvergence pessimism
                                  0.647606    1.374842   library removal time
                                              1.374842   data required time
---------------------------------------------------------------------------------------------
                                              1.374842   data required time
                                             -2.365514   data arrival time
---------------------------------------------------------------------------------------------
                                              0.990671   slack (MET)


Startpoint: rst (input port clocked by clk)
Endpoint: _22_ (removal check against rising-edge clock clk)
Path Group: asynchronous
Path Type: min

Fanout         Cap        Slew       Delay        Time   Description
---------------------------------------------------------------------------------------------
                                  0.000000    0.000000   clock clk (rise edge)
                                  0.000000    0.000000   clock network delay (propagated)
                                  2.000000    2.000000 v input external delay
     1    0.003332    0.020509    0.010962    2.010962 v rst (in)
                                                         rst (net)
                      0.020509    0.000000    2.010962 v input1/A (sky130_fd_sc_hd__clkbuf_2)
     4    0.020880    0.153542    0.248463    2.259425 v input1/X (sky130_fd_sc_hd__clkbuf_2)
                                                         net1 (net)
                      0.153553    0.001388    2.260813 v _18_/A (sky130_fd_sc_hd__inv_2)
     1    0.003816    0.056993    0.103406    2.364219 ^ _18_/Y (sky130_fd_sc_hd__inv_2)
                                                         _06_ (net)
                      0.056993    0.000206    2.364424 ^ _22_/RESET_B (sky130_fd_sc_hd__dfrtp_1)
                                              2.364424   data arrival time

                                  0.000000    0.000000   clock clk (rise edge)
                                  0.000000    0.000000   clock source latency
     1    0.010311    0.083293    0.054128    0.054128 ^ clk (in)
                                                         clk (net)
                      0.083298    0.000000    0.054128 ^ clkbuf_0_clk/A (sky130_fd_sc_hd__clkbuf_16)
     2    0.017473    0.064290    0.223853    0.277980 ^ clkbuf_0_clk/X (sky130_fd_sc_hd__clkbuf_16)
                                                         clknet_0_clk (net)
                      0.064290    0.000896    0.278877 ^ clkbuf_1_0__f_clk/A (sky130_fd_sc_hd__clkbuf_16)
     2    0.004740    0.047452    0.195027    0.473904 ^ clkbuf_1_0__f_clk/X (sky130_fd_sc_hd__clkbuf_16)
                                                         clknet_1_0__leaf_clk (net)
                      0.047453    0.000264    0.474167 ^ _22_/CLK (sky130_fd_sc_hd__dfrtp_1)
                                  0.250000    0.724167   clock uncertainty
                                  0.000000    0.724167   clock reconvergence pessimism
                                  0.646654    1.370821   library removal time
                                              1.370821   data required time
---------------------------------------------------------------------------------------------
                                              1.370821   data required time
                                             -2.364424   data arrival time
---------------------------------------------------------------------------------------------
                                              0.993603   slack (MET)


Startpoint: rst (input port clocked by clk)
Endpoint: _20_ (removal check against rising-edge clock clk)
Path Group: asynchronous
Path Type: min

Fanout         Cap        Slew       Delay        Time   Description
---------------------------------------------------------------------------------------------
                                  0.000000    0.000000   clock clk (rise edge)
                                  0.000000    0.000000   clock network delay (propagated)
                                  2.000000    2.000000 v input external delay
     1    0.003332    0.020509    0.010962    2.010962 v rst (in)
                                                         rst (net)
                      0.020509    0.000000    2.010962 v input1/A (sky130_fd_sc_hd__clkbuf_2)
     4    0.020880    0.153542    0.248463    2.259425 v input1/X (sky130_fd_sc_hd__clkbuf_2)
                                                         net1 (net)
                      0.153546    0.000987    2.260412 v _11_/A (sky130_fd_sc_hd__inv_2)
     1    0.004555    0.061400    0.108866    2.369278 ^ _11_/Y (sky130_fd_sc_hd__inv_2)
                                                         _04_ (net)
                      0.061400    0.000238    2.369517 ^ _20_/RESET_B (sky130_fd_sc_hd__dfrtp_1)
                                              2.369517   data arrival time

                                  0.000000    0.000000   clock clk (rise edge)
                                  0.000000    0.000000   clock source latency
     1    0.010311    0.083293    0.054128    0.054128 ^ clk (in)
                                                         clk (net)
                      0.083298    0.000000    0.054128 ^ clkbuf_0_clk/A (sky130_fd_sc_hd__clkbuf_16)
     2    0.017473    0.064290    0.223853    0.277980 ^ clkbuf_0_clk/X (sky130_fd_sc_hd__clkbuf_16)
                                                         clknet_0_clk (net)
                      0.064290    0.000896    0.278877 ^ clkbuf_1_0__f_clk/A (sky130_fd_sc_hd__clkbuf_16)
     2    0.004740    0.047452    0.195027    0.473904 ^ clkbuf_1_0__f_clk/X (sky130_fd_sc_hd__clkbuf_16)
                                                         clknet_1_0__leaf_clk (net)
                      0.047453    0.000281    0.474185 ^ _20_/CLK (sky130_fd_sc_hd__dfrtp_1)
                                  0.250000    0.724185   clock uncertainty
                                  0.000000    0.724185   clock reconvergence pessimism
                                  0.648008    1.372193   library removal time
                                              1.372193   data required time
---------------------------------------------------------------------------------------------
                                              1.372193   data required time
                                             -2.369517   data arrival time
---------------------------------------------------------------------------------------------
                                              0.997324   slack (MET)


Startpoint: _22_ (rising edge-triggered flip-flop clocked by clk)
Endpoint: _23_ (rising edge-triggered flip-flop clocked by clk)
Path Group: clk
Path Type: min

Fanout         Cap        Slew       Delay        Time   Description
---------------------------------------------------------------------------------------------
                                  0.000000    0.000000   clock clk (rise edge)
                                  0.000000    0.000000   clock source latency
     1    0.010311    0.083293    0.054128    0.054128 ^ clk (in)
                                                         clk (net)
                      0.083298    0.000000    0.054128 ^ clkbuf_0_clk/A (sky130_fd_sc_hd__clkbuf_16)
     2    0.017473    0.064290    0.223853    0.277980 ^ clkbuf_0_clk/X (sky130_fd_sc_hd__clkbuf_16)
                                                         clknet_0_clk (net)
                      0.064290    0.000896    0.278877 ^ clkbuf_1_0__f_clk/A (sky130_fd_sc_hd__clkbuf_16)
     2    0.004740    0.047452    0.195027    0.473904 ^ clkbuf_1_0__f_clk/X (sky130_fd_sc_hd__clkbuf_16)
                                                         clknet_1_0__leaf_clk (net)
                      0.047453    0.000264    0.474167 ^ _22_/CLK (sky130_fd_sc_hd__dfrtp_1)
     3    0.007995    0.140907    0.684494    1.158661 ^ _22_/Q (sky130_fd_sc_hd__dfrtp_1)
                                                         net4 (net)
                      0.140907    0.000411    1.159072 ^ _14_/C (sky130_fd_sc_hd__and3_1)
     2    0.008444    0.161274    0.396864    1.555936 ^ _14_/X (sky130_fd_sc_hd__and3_1)
                                                         _09_ (net)
                      0.161274    0.000536    1.556472 ^ _16_/B (sky130_fd_sc_hd__xor2_1)
     1    0.002338    0.064114    0.150812    1.707284 v _16_/X (sky130_fd_sc_hd__xor2_1)
                                                         _03_ (net)
                      0.064114    0.000158    1.707442 v _23_/D (sky130_fd_sc_hd__dfrtp_1)
                                              1.707442   data arrival time

                                  0.000000    0.000000   clock clk (rise edge)
                                  0.000000    0.000000   clock source latency
     1    0.010311    0.083293    0.054128    0.054128 ^ clk (in)
                                                         clk (net)
                      0.083298    0.000000    0.054128 ^ clkbuf_0_clk/A (sky130_fd_sc_hd__clkbuf_16)
     2    0.017473    0.064290    0.223853    0.277980 ^ clkbuf_0_clk/X (sky130_fd_sc_hd__clkbuf_16)
                                                         clknet_0_clk (net)
                      0.064290    0.000629    0.278610 ^ clkbuf_1_1__f_clk/A (sky130_fd_sc_hd__clkbuf_16)
     2    0.006454    0.049795    0.198257    0.476866 ^ clkbuf_1_1__f_clk/X (sky130_fd_sc_hd__clkbuf_16)
                                                         clknet_1_1__leaf_clk (net)
                      0.049796    0.000389    0.477255 ^ _23_/CLK (sky130_fd_sc_hd__dfrtp_1)
                                  0.250000    0.727255   clock uncertainty
                                  0.000000    0.727255   clock reconvergence pessimism
                                 -0.099961    0.627294   library hold time
                                              0.627294   data required time
---------------------------------------------------------------------------------------------
                                              0.627294   data required time
                                             -1.707442   data arrival time
---------------------------------------------------------------------------------------------
                                              1.080148   slack (MET)


Startpoint: _20_ (rising edge-triggered flip-flop clocked by clk)
Endpoint: _20_ (rising edge-triggered flip-flop clocked by clk)
Path Group: clk
Path Type: min

Fanout         Cap        Slew       Delay        Time   Description
---------------------------------------------------------------------------------------------
                                  0.000000    0.000000   clock clk (rise edge)
                                  0.000000    0.000000   clock source latency
     1    0.010311    0.083293    0.054128    0.054128 ^ clk (in)
                                                         clk (net)
                      0.083298    0.000000    0.054128 ^ clkbuf_0_clk/A (sky130_fd_sc_hd__clkbuf_16)
     2    0.017473    0.064290    0.223853    0.277980 ^ clkbuf_0_clk/X (sky130_fd_sc_hd__clkbuf_16)
                                                         clknet_0_clk (net)
                      0.064290    0.000896    0.278877 ^ clkbuf_1_0__f_clk/A (sky130_fd_sc_hd__clkbuf_16)
     2    0.004740    0.047452    0.195027    0.473904 ^ clkbuf_1_0__f_clk/X (sky130_fd_sc_hd__clkbuf_16)
                                                         clknet_1_0__leaf_clk (net)
                      0.047453    0.000281    0.474185 ^ _20_/CLK (sky130_fd_sc_hd__dfrtp_1)
     4    0.012999    0.202662    0.737203    1.211388 ^ _20_/Q (sky130_fd_sc_hd__dfrtp_1)
                                                         net2 (net)
                      0.202662    0.000622    1.212010 ^ hold2/A (sky130_fd_sc_hd__dlygate4sd3_1)
     2    0.009693    0.184932    1.181457    2.393466 ^ hold2/X (sky130_fd_sc_hd__dlygate4sd3_1)
                                                         net7 (net)
                      0.184932    0.000334    2.393800 ^ _10_/A (sky130_fd_sc_hd__inv_2)
     1    0.002794    0.041773    0.087733    2.481534 v _10_/Y (sky130_fd_sc_hd__inv_2)
                                                         _00_ (net)
                      0.041773    0.000203    2.481737 v _20_/D (sky130_fd_sc_hd__dfrtp_1)
                                              2.481737   data arrival time

                                  0.000000    0.000000   clock clk (rise edge)
                                  0.000000    0.000000   clock source latency
     1    0.010311    0.083293    0.054128    0.054128 ^ clk (in)
                                                         clk (net)
                      0.083298    0.000000    0.054128 ^ clkbuf_0_clk/A (sky130_fd_sc_hd__clkbuf_16)
     2    0.017473    0.064290    0.223853    0.277980 ^ clkbuf_0_clk/X (sky130_fd_sc_hd__clkbuf_16)
                                                         clknet_0_clk (net)
                      0.064290    0.000896    0.278877 ^ clkbuf_1_0__f_clk/A (sky130_fd_sc_hd__clkbuf_16)
     2    0.004740    0.047452    0.195027    0.473904 ^ clkbuf_1_0__f_clk/X (sky130_fd_sc_hd__clkbuf_16)
                                                         clknet_1_0__leaf_clk (net)
                      0.047453    0.000281    0.474185 ^ _20_/CLK (sky130_fd_sc_hd__dfrtp_1)
                                  0.250000    0.724185   clock uncertainty
                                  0.000000    0.724185   clock reconvergence pessimism
                                 -0.092238    0.631947   library hold time
                                              0.631947   data required time
---------------------------------------------------------------------------------------------
                                              0.631947   data required time
                                             -2.481737   data arrival time
---------------------------------------------------------------------------------------------
                                              1.849790   slack (MET)


Startpoint: _21_ (rising edge-triggered flip-flop clocked by clk)
Endpoint: _21_ (rising edge-triggered flip-flop clocked by clk)
Path Group: clk
Path Type: min

Fanout         Cap        Slew       Delay        Time   Description
---------------------------------------------------------------------------------------------
                                  0.000000    0.000000   clock clk (rise edge)
                                  0.000000    0.000000   clock source latency
     1    0.010311    0.083293    0.054128    0.054128 ^ clk (in)
                                                         clk (net)
                      0.083298    0.000000    0.054128 ^ clkbuf_0_clk/A (sky130_fd_sc_hd__clkbuf_16)
     2    0.017473    0.064290    0.223853    0.277980 ^ clkbuf_0_clk/X (sky130_fd_sc_hd__clkbuf_16)
                                                         clknet_0_clk (net)
                      0.064290    0.000629    0.278610 ^ clkbuf_1_1__f_clk/A (sky130_fd_sc_hd__clkbuf_16)
     2    0.006454    0.049795    0.198257    0.476866 ^ clkbuf_1_1__f_clk/X (sky130_fd_sc_hd__clkbuf_16)
                                                         clknet_1_1__leaf_clk (net)
                      0.049796    0.000370    0.477236 ^ _21_/CLK (sky130_fd_sc_hd__dfrtp_1)
     4    0.013543    0.207667    0.743942    1.221178 ^ _21_/Q (sky130_fd_sc_hd__dfrtp_1)
                                                         net3 (net)
                      0.207667    0.000690    1.221868 ^ hold3/A (sky130_fd_sc_hd__dlygate4sd3_1)
     1    0.005830    0.132523    1.137115    2.358983 ^ hold3/X (sky130_fd_sc_hd__dlygate4sd3_1)
                                                         net8 (net)
                      0.132523    0.000277    2.359260 ^ _12_/B (sky130_fd_sc_hd__xor2_1)
     1    0.003559    0.073945    0.152889    2.512149 v _12_/X (sky130_fd_sc_hd__xor2_1)
                                                         _01_ (net)
                      0.073945    0.000260    2.512409 v _21_/D (sky130_fd_sc_hd__dfrtp_1)
                                              2.512409   data arrival time

                                  0.000000    0.000000   clock clk (rise edge)
                                  0.000000    0.000000   clock source latency
     1    0.010311    0.083293    0.054128    0.054128 ^ clk (in)
                                                         clk (net)
                      0.083298    0.000000    0.054128 ^ clkbuf_0_clk/A (sky130_fd_sc_hd__clkbuf_16)
     2    0.017473    0.064290    0.223853    0.277980 ^ clkbuf_0_clk/X (sky130_fd_sc_hd__clkbuf_16)
                                                         clknet_0_clk (net)
                      0.064290    0.000629    0.278610 ^ clkbuf_1_1__f_clk/A (sky130_fd_sc_hd__clkbuf_16)
     2    0.006454    0.049795    0.198257    0.476866 ^ clkbuf_1_1__f_clk/X (sky130_fd_sc_hd__clkbuf_16)
                                                         clknet_1_1__leaf_clk (net)
                      0.049796    0.000370    0.477236 ^ _21_/CLK (sky130_fd_sc_hd__dfrtp_1)
                                  0.250000    0.727237   clock uncertainty
                                  0.000000    0.727237   clock reconvergence pessimism
                                 -0.103611    0.623625   library hold time
                                              0.623625   data required time
---------------------------------------------------------------------------------------------
                                              0.623625   data required time
                                             -2.512409   data arrival time
---------------------------------------------------------------------------------------------
                                              1.888783   slack (MET)


Startpoint: _23_ (rising edge-triggered flip-flop clocked by clk)
Endpoint: out[3] (output port clocked by clk)
Path Group: clk
Path Type: min

Fanout         Cap        Slew       Delay        Time   Description
---------------------------------------------------------------------------------------------
                                  0.000000    0.000000   clock clk (rise edge)
                                  0.000000    0.000000   clock source latency
     1    0.010311    0.083293    0.054128    0.054128 ^ clk (in)
                                                         clk (net)
                      0.083298    0.000000    0.054128 ^ clkbuf_0_clk/A (sky130_fd_sc_hd__clkbuf_16)
     2    0.017473    0.064290    0.223853    0.277980 ^ clkbuf_0_clk/X (sky130_fd_sc_hd__clkbuf_16)
                                                         clknet_0_clk (net)
                      0.064290    0.000629    0.278610 ^ clkbuf_1_1__f_clk/A (sky130_fd_sc_hd__clkbuf_16)
     2    0.006454    0.049795    0.198257    0.476866 ^ clkbuf_1_1__f_clk/X (sky130_fd_sc_hd__clkbuf_16)
                                                         clknet_1_1__leaf_clk (net)
                      0.049796    0.000389    0.477255 ^ _23_/CLK (sky130_fd_sc_hd__dfrtp_1)
     2    0.004752    0.101889    0.651455    1.128710 ^ _23_/Q (sky130_fd_sc_hd__dfrtp_1)
                                                         net5 (net)
                      0.101889    0.000238    1.128948 ^ output5/A (sky130_fd_sc_hd__buf_2)
     1    0.034388    0.273277    0.358344    1.487292 ^ output5/X (sky130_fd_sc_hd__buf_2)
                                                         out[3] (net)
                      0.273283    0.001597    1.488889 ^ out[3] (out)
                                              1.488889   data arrival time

                                  0.000000    0.000000   clock clk (rise edge)
                                  0.000000    0.000000   clock network delay (propagated)
                                  0.250000    0.250000   clock uncertainty
                                  0.000000    0.250000   clock reconvergence pessimism
                                 -2.000000   -1.750000   output external delay
                                             -1.750000   data required time
---------------------------------------------------------------------------------------------
                                             -1.750000   data required time
                                             -1.488889   data arrival time
---------------------------------------------------------------------------------------------
                                              3.238889   slack (MET)


Startpoint: _22_ (rising edge-triggered flip-flop clocked by clk)
Endpoint: out[2] (output port clocked by clk)
Path Group: clk
Path Type: min

Fanout         Cap        Slew       Delay        Time   Description
---------------------------------------------------------------------------------------------
                                  0.000000    0.000000   clock clk (rise edge)
                                  0.000000    0.000000   clock source latency
     1    0.010311    0.083293    0.054128    0.054128 ^ clk (in)
                                                         clk (net)
                      0.083298    0.000000    0.054128 ^ clkbuf_0_clk/A (sky130_fd_sc_hd__clkbuf_16)
     2    0.017473    0.064290    0.223853    0.277980 ^ clkbuf_0_clk/X (sky130_fd_sc_hd__clkbuf_16)
                                                         clknet_0_clk (net)
                      0.064290    0.000896    0.278877 ^ clkbuf_1_0__f_clk/A (sky130_fd_sc_hd__clkbuf_16)
     2    0.004740    0.047452    0.195027    0.473904 ^ clkbuf_1_0__f_clk/X (sky130_fd_sc_hd__clkbuf_16)
                                                         clknet_1_0__leaf_clk (net)
                      0.047453    0.000264    0.474167 ^ _22_/CLK (sky130_fd_sc_hd__dfrtp_1)
     3    0.007995    0.140907    0.684494    1.158661 ^ _22_/Q (sky130_fd_sc_hd__dfrtp_1)
                                                         net4 (net)
                      0.140907    0.000387    1.159049 ^ output4/A (sky130_fd_sc_hd__buf_2)
     1    0.034520    0.274340    0.377326    1.536374 ^ output4/X (sky130_fd_sc_hd__buf_2)
                                                         out[2] (net)
                      0.274345    0.001632    1.538006 ^ out[2] (out)
                                              1.538006   data arrival time

                                  0.000000    0.000000   clock clk (rise edge)
                                  0.000000    0.000000   clock network delay (propagated)
                                  0.250000    0.250000   clock uncertainty
                                  0.000000    0.250000   clock reconvergence pessimism
                                 -2.000000   -1.750000   output external delay
                                             -1.750000   data required time
---------------------------------------------------------------------------------------------
                                             -1.750000   data required time
                                             -1.538006   data arrival time
---------------------------------------------------------------------------------------------
                                              3.288006   slack (MET)


Startpoint: _20_ (rising edge-triggered flip-flop clocked by clk)
Endpoint: out[0] (output port clocked by clk)
Path Group: clk
Path Type: min

Fanout         Cap        Slew       Delay        Time   Description
---------------------------------------------------------------------------------------------
                                  0.000000    0.000000   clock clk (rise edge)
                                  0.000000    0.000000   clock source latency
     1    0.010311    0.083293    0.054128    0.054128 ^ clk (in)
                                                         clk (net)
                      0.083298    0.000000    0.054128 ^ clkbuf_0_clk/A (sky130_fd_sc_hd__clkbuf_16)
     2    0.017473    0.064290    0.223853    0.277980 ^ clkbuf_0_clk/X (sky130_fd_sc_hd__clkbuf_16)
                                                         clknet_0_clk (net)
                      0.064290    0.000896    0.278877 ^ clkbuf_1_0__f_clk/A (sky130_fd_sc_hd__clkbuf_16)
     2    0.004740    0.047452    0.195027    0.473904 ^ clkbuf_1_0__f_clk/X (sky130_fd_sc_hd__clkbuf_16)
                                                         clknet_1_0__leaf_clk (net)
                      0.047453    0.000281    0.474185 ^ _20_/CLK (sky130_fd_sc_hd__dfrtp_1)
     4    0.012999    0.202662    0.737203    1.211388 ^ _20_/Q (sky130_fd_sc_hd__dfrtp_1)
                                                         net2 (net)
                      0.202662    0.000675    1.212063 ^ output2/A (sky130_fd_sc_hd__buf_2)
     1    0.034478    0.274164    0.405981    1.618043 ^ output2/X (sky130_fd_sc_hd__buf_2)
                                                         out[0] (net)
                      0.274170    0.001737    1.619780 ^ out[0] (out)
                                              1.619780   data arrival time

                                  0.000000    0.000000   clock clk (rise edge)
                                  0.000000    0.000000   clock network delay (propagated)
                                  0.250000    0.250000   clock uncertainty
                                  0.000000    0.250000   clock reconvergence pessimism
                                 -2.000000   -1.750000   output external delay
                                             -1.750000   data required time
---------------------------------------------------------------------------------------------
                                             -1.750000   data required time
                                             -1.619780   data arrival time
---------------------------------------------------------------------------------------------
                                              3.369780   slack (MET)


Startpoint: _21_ (rising edge-triggered flip-flop clocked by clk)
Endpoint: out[1] (output port clocked by clk)
Path Group: clk
Path Type: min

Fanout         Cap        Slew       Delay        Time   Description
---------------------------------------------------------------------------------------------
                                  0.000000    0.000000   clock clk (rise edge)
                                  0.000000    0.000000   clock source latency
     1    0.010311    0.083293    0.054128    0.054128 ^ clk (in)
                                                         clk (net)
                      0.083298    0.000000    0.054128 ^ clkbuf_0_clk/A (sky130_fd_sc_hd__clkbuf_16)
     2    0.017473    0.064290    0.223853    0.277980 ^ clkbuf_0_clk/X (sky130_fd_sc_hd__clkbuf_16)
                                                         clknet_0_clk (net)
                      0.064290    0.000629    0.278610 ^ clkbuf_1_1__f_clk/A (sky130_fd_sc_hd__clkbuf_16)
     2    0.006454    0.049795    0.198257    0.476866 ^ clkbuf_1_1__f_clk/X (sky130_fd_sc_hd__clkbuf_16)
                                                         clknet_1_1__leaf_clk (net)
                      0.049796    0.000370    0.477236 ^ _21_/CLK (sky130_fd_sc_hd__dfrtp_1)
     4    0.013543    0.207667    0.743942    1.221178 ^ _21_/Q (sky130_fd_sc_hd__dfrtp_1)
                                                         net3 (net)
                      0.207667    0.000723    1.221902 ^ output3/A (sky130_fd_sc_hd__buf_2)
     1    0.034003    0.270625    0.405903    1.627804 ^ output3/X (sky130_fd_sc_hd__buf_2)
                                                         out[1] (net)
                      0.270631    0.001610    1.629415 ^ out[1] (out)
                                              1.629415   data arrival time

                                  0.000000    0.000000   clock clk (rise edge)
                                  0.000000    0.000000   clock network delay (propagated)
                                  0.250000    0.250000   clock uncertainty
                                  0.000000    0.250000   clock reconvergence pessimism
                                 -2.000000   -1.750000   output external delay
                                             -1.750000   data required time
---------------------------------------------------------------------------------------------
                                             -1.750000   data required time
                                             -1.629415   data arrival time
---------------------------------------------------------------------------------------------
                                              3.379415   slack (MET)



%OL_END_REPORT
%OL_CREATE_REPORT max.rpt

===========================================================================
report_checks -path_delay max (Setup)
============================================================================
======================= max_ss_100C_1v60 Corner ===================================

Startpoint: _21_ (rising edge-triggered flip-flop clocked by clk)
Endpoint: out[1] (output port clocked by clk)
Path Group: clk
Path Type: max

Fanout         Cap        Slew       Delay        Time   Description
---------------------------------------------------------------------------------------------
                                  0.000000    0.000000   clock clk (rise edge)
                                  0.000000    0.000000   clock source latency
     1    0.010311    0.083293    0.054128    0.054128 ^ clk (in)
                                                         clk (net)
                      0.083298    0.000000    0.054128 ^ clkbuf_0_clk/A (sky130_fd_sc_hd__clkbuf_16)
     2    0.017473    0.064290    0.223853    0.277980 ^ clkbuf_0_clk/X (sky130_fd_sc_hd__clkbuf_16)
                                                         clknet_0_clk (net)
                      0.064290    0.000629    0.278610 ^ clkbuf_1_1__f_clk/A (sky130_fd_sc_hd__clkbuf_16)
     2    0.006454    0.049795    0.198257    0.476866 ^ clkbuf_1_1__f_clk/X (sky130_fd_sc_hd__clkbuf_16)
                                                         clknet_1_1__leaf_clk (net)
                      0.049796    0.000370    0.477236 ^ _21_/CLK (sky130_fd_sc_hd__dfrtp_1)
     4    0.013068    0.164102    0.821459    1.298696 v _21_/Q (sky130_fd_sc_hd__dfrtp_1)
                                                         net3 (net)
                      0.164102    0.000694    1.299390 v output3/A (sky130_fd_sc_hd__buf_2)
     1    0.034003    0.165196    0.388225    1.687615 v output3/X (sky130_fd_sc_hd__buf_2)
                                                         out[1] (net)
                      0.165210    0.001610    1.689224 v out[1] (out)
                                              1.689224   data arrival time

                                 10.000000   10.000000   clock clk (rise edge)
                                  0.000000   10.000000   clock network delay (propagated)
                                 -0.250000    9.750000   clock uncertainty
                                  0.000000    9.750000   clock reconvergence pessimism
                                 -2.000000    7.750000   output external delay
                                              7.750000   data required time
---------------------------------------------------------------------------------------------
                                              7.750000   data required time
                                             -1.689224   data arrival time
---------------------------------------------------------------------------------------------
                                              6.060776   slack (MET)


Startpoint: _20_ (rising edge-triggered flip-flop clocked by clk)
Endpoint: out[0] (output port clocked by clk)
Path Group: clk
Path Type: max

Fanout         Cap        Slew       Delay        Time   Description
---------------------------------------------------------------------------------------------
                                  0.000000    0.000000   clock clk (rise edge)
                                  0.000000    0.000000   clock source latency
     1    0.010311    0.083293    0.054128    0.054128 ^ clk (in)
                                                         clk (net)
                      0.083298    0.000000    0.054128 ^ clkbuf_0_clk/A (sky130_fd_sc_hd__clkbuf_16)
     2    0.017473    0.064290    0.223853    0.277980 ^ clkbuf_0_clk/X (sky130_fd_sc_hd__clkbuf_16)
                                                         clknet_0_clk (net)
                      0.064290    0.000896    0.278877 ^ clkbuf_1_0__f_clk/A (sky130_fd_sc_hd__clkbuf_16)
     2    0.004740    0.047452    0.195027    0.473904 ^ clkbuf_1_0__f_clk/X (sky130_fd_sc_hd__clkbuf_16)
                                                         clknet_1_0__leaf_clk (net)
                      0.047453    0.000281    0.474185 ^ _20_/CLK (sky130_fd_sc_hd__dfrtp_1)
     4    0.012605    0.162920    0.816189    1.290373 v _20_/Q (sky130_fd_sc_hd__dfrtp_1)
                                                         net2 (net)
                      0.162921    0.000651    1.291024 v output2/A (sky130_fd_sc_hd__buf_2)
     1    0.034478    0.167109    0.389078    1.680102 v output2/X (sky130_fd_sc_hd__buf_2)
                                                         out[0] (net)
                      0.167126    0.001736    1.681838 v out[0] (out)
                                              1.681838   data arrival time

                                 10.000000   10.000000   clock clk (rise edge)
                                  0.000000   10.000000   clock network delay (propagated)
                                 -0.250000    9.750000   clock uncertainty
                                  0.000000    9.750000   clock reconvergence pessimism
                                 -2.000000    7.750000   output external delay
                                              7.750000   data required time
---------------------------------------------------------------------------------------------
                                              7.750000   data required time
                                             -1.681838   data arrival time
---------------------------------------------------------------------------------------------
                                              6.068162   slack (MET)


Startpoint: _22_ (rising edge-triggered flip-flop clocked by clk)
Endpoint: out[2] (output port clocked by clk)
Path Group: clk
Path Type: max

Fanout         Cap        Slew       Delay        Time   Description
---------------------------------------------------------------------------------------------
                                  0.000000    0.000000   clock clk (rise edge)
                                  0.000000    0.000000   clock source latency
     1    0.010311    0.083293    0.054128    0.054128 ^ clk (in)
                                                         clk (net)
                      0.083298    0.000000    0.054128 ^ clkbuf_0_clk/A (sky130_fd_sc_hd__clkbuf_16)
     2    0.017473    0.064290    0.223853    0.277980 ^ clkbuf_0_clk/X (sky130_fd_sc_hd__clkbuf_16)
                                                         clknet_0_clk (net)
                      0.064290    0.000896    0.278877 ^ clkbuf_1_0__f_clk/A (sky130_fd_sc_hd__clkbuf_16)
     2    0.004740    0.047452    0.195027    0.473904 ^ clkbuf_1_0__f_clk/X (sky130_fd_sc_hd__clkbuf_16)
                                                         clknet_1_0__leaf_clk (net)
                      0.047453    0.000264    0.474167 ^ _22_/CLK (sky130_fd_sc_hd__dfrtp_1)
     3    0.007647    0.117333    0.770781    1.244948 v _22_/Q (sky130_fd_sc_hd__dfrtp_1)
                                                         net4 (net)
                      0.117333    0.000369    1.245317 v output4/A (sky130_fd_sc_hd__buf_2)
     1    0.034520    0.167185    0.367315    1.612632 v output4/X (sky130_fd_sc_hd__buf_2)
                                                         out[2] (net)
                      0.167199    0.001631    1.614263 v out[2] (out)
                                              1.614263   data arrival time

                                 10.000000   10.000000   clock clk (rise edge)
                                  0.000000   10.000000   clock network delay (propagated)
                                 -0.250000    9.750000   clock uncertainty
                                  0.000000    9.750000   clock reconvergence pessimism
                                 -2.000000    7.750000   output external delay
                                              7.750000   data required time
---------------------------------------------------------------------------------------------
                                              7.750000   data required time
                                             -1.614263   data arrival time
---------------------------------------------------------------------------------------------
                                              6.135737   slack (MET)


Startpoint: _23_ (rising edge-triggered flip-flop clocked by clk)
Endpoint: out[3] (output port clocked by clk)
Path Group: clk
Path Type: max

Fanout         Cap        Slew       Delay        Time   Description
---------------------------------------------------------------------------------------------
                                  0.000000    0.000000   clock clk (rise edge)
                                  0.000000    0.000000   clock source latency
     1    0.010311    0.083293    0.054128    0.054128 ^ clk (in)
                                                         clk (net)
                      0.083298    0.000000    0.054128 ^ clkbuf_0_clk/A (sky130_fd_sc_hd__clkbuf_16)
     2    0.017473    0.064290    0.223853    0.277980 ^ clkbuf_0_clk/X (sky130_fd_sc_hd__clkbuf_16)
                                                         clknet_0_clk (net)
                      0.064290    0.000629    0.278610 ^ clkbuf_1_1__f_clk/A (sky130_fd_sc_hd__clkbuf_16)
     2    0.006454    0.049795    0.198257    0.476866 ^ clkbuf_1_1__f_clk/X (sky130_fd_sc_hd__clkbuf_16)
                                                         clknet_1_1__leaf_clk (net)
                      0.049796    0.000389    0.477255 ^ _23_/CLK (sky130_fd_sc_hd__dfrtp_1)
     2    0.004506    0.091641    0.742921    1.220176 v _23_/Q (sky130_fd_sc_hd__dfrtp_1)
                                                         net5 (net)
                      0.091641    0.000224    1.220401 v output5/A (sky130_fd_sc_hd__buf_2)
     1    0.034388    0.166618    0.354525    1.574926 v output5/X (sky130_fd_sc_hd__buf_2)
                                                         out[3] (net)
                      0.166631    0.001597    1.576522 v out[3] (out)
                                              1.576522   data arrival time

                                 10.000000   10.000000   clock clk (rise edge)
                                  0.000000   10.000000   clock network delay (propagated)
                                 -0.250000    9.750000   clock uncertainty
                                  0.000000    9.750000   clock reconvergence pessimism
                                 -2.000000    7.750000   output external delay
                                              7.750000   data required time
---------------------------------------------------------------------------------------------
                                              7.750000   data required time
                                             -1.576522   data arrival time
---------------------------------------------------------------------------------------------
                                              6.173478   slack (MET)


Startpoint: _20_ (rising edge-triggered flip-flop clocked by clk)
Endpoint: _21_ (rising edge-triggered flip-flop clocked by clk)
Path Group: clk
Path Type: max

Fanout         Cap        Slew       Delay        Time   Description
---------------------------------------------------------------------------------------------
                                  0.000000    0.000000   clock clk (rise edge)
                                  0.000000    0.000000   clock source latency
     1    0.010311    0.083293    0.054128    0.054128 ^ clk (in)
                                                         clk (net)
                      0.083298    0.000000    0.054128 ^ clkbuf_0_clk/A (sky130_fd_sc_hd__clkbuf_16)
     2    0.017473    0.064290    0.223853    0.277980 ^ clkbuf_0_clk/X (sky130_fd_sc_hd__clkbuf_16)
                                                         clknet_0_clk (net)
                      0.064290    0.000896    0.278877 ^ clkbuf_1_0__f_clk/A (sky130_fd_sc_hd__clkbuf_16)
     2    0.004740    0.047452    0.195027    0.473904 ^ clkbuf_1_0__f_clk/X (sky130_fd_sc_hd__clkbuf_16)
                                                         clknet_1_0__leaf_clk (net)
                      0.047453    0.000281    0.474185 ^ _20_/CLK (sky130_fd_sc_hd__dfrtp_1)
     4    0.012605    0.162920    0.816189    1.290373 v _20_/Q (sky130_fd_sc_hd__dfrtp_1)
                                                         net2 (net)
                      0.162921    0.000600    1.290973 v hold2/A (sky130_fd_sc_hd__dlygate4sd3_1)
     2    0.009087    0.166535    1.248409    2.539382 v hold2/X (sky130_fd_sc_hd__dlygate4sd3_1)
                                                         net7 (net)
                      0.166535    0.000335    2.539717 v _12_/A (sky130_fd_sc_hd__xor2_1)
     1    0.003559    0.104847    0.339391    2.879108 v _12_/X (sky130_fd_sc_hd__xor2_1)
                                                         _01_ (net)
                      0.104847    0.000260    2.879368 v _21_/D (sky130_fd_sc_hd__dfrtp_1)
                                              2.879368   data arrival time

                                 10.000000   10.000000   clock clk (rise edge)
                                  0.000000   10.000000   clock source latency
     1    0.010311    0.083293    0.054127   10.054128 ^ clk (in)
                                                         clk (net)
                      0.083298    0.000000   10.054128 ^ clkbuf_0_clk/A (sky130_fd_sc_hd__clkbuf_16)
     2    0.017473    0.064290    0.223853   10.277981 ^ clkbuf_0_clk/X (sky130_fd_sc_hd__clkbuf_16)
                                                         clknet_0_clk (net)
                      0.064290    0.000629   10.278609 ^ clkbuf_1_1__f_clk/A (sky130_fd_sc_hd__clkbuf_16)
     2    0.006454    0.049795    0.198257   10.476867 ^ clkbuf_1_1__f_clk/X (sky130_fd_sc_hd__clkbuf_16)
                                                         clknet_1_1__leaf_clk (net)
                      0.049796    0.000370   10.477237 ^ _21_/CLK (sky130_fd_sc_hd__dfrtp_1)
                                 -0.250000   10.227237   clock uncertainty
                                  0.000000   10.227237   clock reconvergence pessimism
                                 -0.296488    9.930750   library setup time
                                              9.930750   data required time
---------------------------------------------------------------------------------------------
                                              9.930750   data required time
                                             -2.879368   data arrival time
---------------------------------------------------------------------------------------------
                                              7.051382   slack (MET)


Startpoint: _22_ (rising edge-triggered flip-flop clocked by clk)
Endpoint: _22_ (rising edge-triggered flip-flop clocked by clk)
Path Group: clk
Path Type: max

Fanout         Cap        Slew       Delay        Time   Description
---------------------------------------------------------------------------------------------
                                  0.000000    0.000000   clock clk (rise edge)
                                  0.000000    0.000000   clock source latency
     1    0.010311    0.083293    0.054128    0.054128 ^ clk (in)
                                                         clk (net)
                      0.083298    0.000000    0.054128 ^ clkbuf_0_clk/A (sky130_fd_sc_hd__clkbuf_16)
     2    0.017473    0.064290    0.223853    0.277980 ^ clkbuf_0_clk/X (sky130_fd_sc_hd__clkbuf_16)
                                                         clknet_0_clk (net)
                      0.064290    0.000896    0.278877 ^ clkbuf_1_0__f_clk/A (sky130_fd_sc_hd__clkbuf_16)
     2    0.004740    0.047452    0.195027    0.473904 ^ clkbuf_1_0__f_clk/X (sky130_fd_sc_hd__clkbuf_16)
                                                         clknet_1_0__leaf_clk (net)
                      0.047453    0.000264    0.474167 ^ _22_/CLK (sky130_fd_sc_hd__dfrtp_1)
     3    0.007647    0.117333    0.770781    1.244948 v _22_/Q (sky130_fd_sc_hd__dfrtp_1)
                                                         net4 (net)
                      0.117333    0.000432    1.245379 v hold4/A (sky130_fd_sc_hd__dlygate4sd3_1)
     1    0.002343    0.102225    1.138128    2.383507 v hold4/X (sky130_fd_sc_hd__dlygate4sd3_1)
                                                         net9 (net)
                      0.102225    0.000109    2.383616 v _13_/B1 (sky130_fd_sc_hd__a21oi_1)
     1    0.004855    0.227500    0.244024    2.627640 ^ _13_/Y (sky130_fd_sc_hd__a21oi_1)
                                                         _08_ (net)
                      0.227500    0.000341    2.627981 ^ _15_/A (sky130_fd_sc_hd__nor2_1)
     1    0.002855    0.068033    0.146126    2.774107 v _15_/Y (sky130_fd_sc_hd__nor2_1)
                                                         _02_ (net)
                      0.068033    0.000119    2.774226 v _22_/D (sky130_fd_sc_hd__dfrtp_1)
                                              2.774226   data arrival time

                                 10.000000   10.000000   clock clk (rise edge)
                                  0.000000   10.000000   clock source latency
     1    0.010311    0.083293    0.054127   10.054128 ^ clk (in)
                                                         clk (net)
                      0.083298    0.000000   10.054128 ^ clkbuf_0_clk/A (sky130_fd_sc_hd__clkbuf_16)
     2    0.017473    0.064290    0.223853   10.277981 ^ clkbuf_0_clk/X (sky130_fd_sc_hd__clkbuf_16)
                                                         clknet_0_clk (net)
                      0.064290    0.000896   10.278876 ^ clkbuf_1_0__f_clk/A (sky130_fd_sc_hd__clkbuf_16)
     2    0.004740    0.047452    0.195027   10.473904 ^ clkbuf_1_0__f_clk/X (sky130_fd_sc_hd__clkbuf_16)
                                                         clknet_1_0__leaf_clk (net)
                      0.047453    0.000264   10.474168 ^ _22_/CLK (sky130_fd_sc_hd__dfrtp_1)
                                 -0.250000   10.224168   clock uncertainty
                                  0.000000   10.224168   clock reconvergence pessimism
                                 -0.281752    9.942415   library setup time
                                              9.942415   data required time
---------------------------------------------------------------------------------------------
                                              9.942415   data required time
                                             -2.774226   data arrival time
---------------------------------------------------------------------------------------------
                                              7.168189   slack (MET)


Startpoint: _23_ (rising edge-triggered flip-flop clocked by clk)
Endpoint: _23_ (rising edge-triggered flip-flop clocked by clk)
Path Group: clk
Path Type: max

Fanout         Cap        Slew       Delay        Time   Description
---------------------------------------------------------------------------------------------
                                  0.000000    0.000000   clock clk (rise edge)
                                  0.000000    0.000000   clock source latency
     1    0.010311    0.083293    0.054128    0.054128 ^ clk (in)
                                                         clk (net)
                      0.083298    0.000000    0.054128 ^ clkbuf_0_clk/A (sky130_fd_sc_hd__clkbuf_16)
     2    0.017473    0.064290    0.223853    0.277980 ^ clkbuf_0_clk/X (sky130_fd_sc_hd__clkbuf_16)
                                                         clknet_0_clk (net)
                      0.064290    0.000629    0.278610 ^ clkbuf_1_1__f_clk/A (sky130_fd_sc_hd__clkbuf_16)
     2    0.006454    0.049795    0.198257    0.476866 ^ clkbuf_1_1__f_clk/X (sky130_fd_sc_hd__clkbuf_16)
                                                         clknet_1_1__leaf_clk (net)
                      0.049796    0.000389    0.477255 ^ _23_/CLK (sky130_fd_sc_hd__dfrtp_1)
     2    0.004506    0.091641    0.742921    1.220176 v _23_/Q (sky130_fd_sc_hd__dfrtp_1)
                                                         net5 (net)
                      0.091641    0.000149    1.220325 v hold1/A (sky130_fd_sc_hd__dlygate4sd3_1)
     1    0.005624    0.134509    1.174282    2.394607 v hold1/X (sky130_fd_sc_hd__dlygate4sd3_1)
                                                         net6 (net)
                      0.134509    0.000448    2.395055 v _16_/A (sky130_fd_sc_hd__xor2_1)
     1    0.002338    0.091855    0.313690    2.708745 v _16_/X (sky130_fd_sc_hd__xor2_1)
                                                         _03_ (net)
                      0.091855    0.000158    2.708903 v _23_/D (sky130_fd_sc_hd__dfrtp_1)
                                              2.708903   data arrival time

                                 10.000000   10.000000   clock clk (rise edge)
                                  0.000000   10.000000   clock source latency
     1    0.010311    0.083293    0.054127   10.054128 ^ clk (in)
                                                         clk (net)
                      0.083298    0.000000   10.054128 ^ clkbuf_0_clk/A (sky130_fd_sc_hd__clkbuf_16)
     2    0.017473    0.064290    0.223853   10.277981 ^ clkbuf_0_clk/X (sky130_fd_sc_hd__clkbuf_16)
                                                         clknet_0_clk (net)
                      0.064290    0.000629   10.278609 ^ clkbuf_1_1__f_clk/A (sky130_fd_sc_hd__clkbuf_16)
     2    0.006454    0.049795    0.198257   10.476867 ^ clkbuf_1_1__f_clk/X (sky130_fd_sc_hd__clkbuf_16)
                                                         clknet_1_1__leaf_clk (net)
                      0.049796    0.000389   10.477256 ^ _23_/CLK (sky130_fd_sc_hd__dfrtp_1)
                                 -0.250000   10.227256   clock uncertainty
                                  0.000000   10.227256   clock reconvergence pessimism
                                 -0.291067    9.936189   library setup time
                                              9.936189   data required time
---------------------------------------------------------------------------------------------
                                              9.936189   data required time
                                             -2.708903   data arrival time
---------------------------------------------------------------------------------------------
                                              7.227286   slack (MET)


Startpoint: _20_ (rising edge-triggered flip-flop clocked by clk)
Endpoint: _20_ (rising edge-triggered flip-flop clocked by clk)
Path Group: clk
Path Type: max

Fanout         Cap        Slew       Delay        Time   Description
---------------------------------------------------------------------------------------------
                                  0.000000    0.000000   clock clk (rise edge)
                                  0.000000    0.000000   clock source latency
     1    0.010311    0.083293    0.054128    0.054128 ^ clk (in)
                                                         clk (net)
                      0.083298    0.000000    0.054128 ^ clkbuf_0_clk/A (sky130_fd_sc_hd__clkbuf_16)
     2    0.017473    0.064290    0.223853    0.277980 ^ clkbuf_0_clk/X (sky130_fd_sc_hd__clkbuf_16)
                                                         clknet_0_clk (net)
                      0.064290    0.000896    0.278877 ^ clkbuf_1_0__f_clk/A (sky130_fd_sc_hd__clkbuf_16)
     2    0.004740    0.047452    0.195027    0.473904 ^ clkbuf_1_0__f_clk/X (sky130_fd_sc_hd__clkbuf_16)
                                                         clknet_1_0__leaf_clk (net)
                      0.047453    0.000281    0.474185 ^ _20_/CLK (sky130_fd_sc_hd__dfrtp_1)
     4    0.012605    0.162920    0.816189    1.290373 v _20_/Q (sky130_fd_sc_hd__dfrtp_1)
                                                         net2 (net)
                      0.162921    0.000600    1.290973 v hold2/A (sky130_fd_sc_hd__dlygate4sd3_1)
     2    0.009087    0.166535    1.248409    2.539382 v hold2/X (sky130_fd_sc_hd__dlygate4sd3_1)
                                                         net7 (net)
                      0.166535    0.000313    2.539695 v _10_/A (sky130_fd_sc_hd__inv_2)
     1    0.002809    0.054135    0.100361    2.640056 ^ _10_/Y (sky130_fd_sc_hd__inv_2)
                                                         _00_ (net)
                      0.054135    0.000205    2.640261 ^ _20_/D (sky130_fd_sc_hd__dfrtp_1)
                                              2.640261   data arrival time

                                 10.000000   10.000000   clock clk (rise edge)
                                  0.000000   10.000000   clock source latency
     1    0.010311    0.083293    0.054127   10.054128 ^ clk (in)
                                                         clk (net)
                      0.083298    0.000000   10.054128 ^ clkbuf_0_clk/A (sky130_fd_sc_hd__clkbuf_16)
     2    0.017473    0.064290    0.223853   10.277981 ^ clkbuf_0_clk/X (sky130_fd_sc_hd__clkbuf_16)
                                                         clknet_0_clk (net)
                      0.064290    0.000896   10.278876 ^ clkbuf_1_0__f_clk/A (sky130_fd_sc_hd__clkbuf_16)
     2    0.004740    0.047452    0.195027   10.473904 ^ clkbuf_1_0__f_clk/X (sky130_fd_sc_hd__clkbuf_16)
                                                         clknet_1_0__leaf_clk (net)
                      0.047453    0.000281   10.474184 ^ _20_/CLK (sky130_fd_sc_hd__dfrtp_1)
                                 -0.250000   10.224184   clock uncertainty
                                  0.000000   10.224184   clock reconvergence pessimism
                                 -0.132961   10.091224   library setup time
                                             10.091224   data required time
---------------------------------------------------------------------------------------------
                                             10.091224   data required time
                                             -2.640261   data arrival time
---------------------------------------------------------------------------------------------
                                              7.450963   slack (MET)


Startpoint: rst (input port clocked by clk)
Endpoint: _20_ (recovery check against rising-edge clock clk)
Path Group: asynchronous
Path Type: max

Fanout         Cap        Slew       Delay        Time   Description
---------------------------------------------------------------------------------------------
                                  0.000000    0.000000   clock clk (rise edge)
                                  0.000000    0.000000   clock network delay (propagated)
                                  2.000000    2.000000 v input external delay
     1    0.003332    0.020509    0.010962    2.010962 v rst (in)
                                                         rst (net)
                      0.020509    0.000000    2.010962 v input1/A (sky130_fd_sc_hd__clkbuf_2)
     4    0.020880    0.153542    0.248463    2.259425 v input1/X (sky130_fd_sc_hd__clkbuf_2)
                                                         net1 (net)
                      0.153546    0.000987    2.260412 v _11_/A (sky130_fd_sc_hd__inv_2)
     1    0.004555    0.061400    0.108866    2.369278 ^ _11_/Y (sky130_fd_sc_hd__inv_2)
                                                         _04_ (net)
                      0.061400    0.000238    2.369517 ^ _20_/RESET_B (sky130_fd_sc_hd__dfrtp_1)
                                              2.369517   data arrival time

                                 10.000000   10.000000   clock clk (rise edge)
                                  0.000000   10.000000   clock source latency
     1    0.010311    0.083293    0.054127   10.054128 ^ clk (in)
                                                         clk (net)
                      0.083298    0.000000   10.054128 ^ clkbuf_0_clk/A (sky130_fd_sc_hd__clkbuf_16)
     2    0.017473    0.064290    0.223853   10.277981 ^ clkbuf_0_clk/X (sky130_fd_sc_hd__clkbuf_16)
                                                         clknet_0_clk (net)
                      0.064290    0.000896   10.278876 ^ clkbuf_1_0__f_clk/A (sky130_fd_sc_hd__clkbuf_16)
     2    0.004740    0.047452    0.195027   10.473904 ^ clkbuf_1_0__f_clk/X (sky130_fd_sc_hd__clkbuf_16)
                                                         clknet_1_0__leaf_clk (net)
                      0.047453    0.000281   10.474184 ^ _20_/CLK (sky130_fd_sc_hd__dfrtp_1)
                                 -0.250000   10.224184   clock uncertainty
                                  0.000000   10.224184   clock reconvergence pessimism
                                  0.458265   10.682449   library recovery time
                                             10.682449   data required time
---------------------------------------------------------------------------------------------
                                             10.682449   data required time
                                             -2.369517   data arrival time
---------------------------------------------------------------------------------------------
                                              8.312933   slack (MET)


Startpoint: rst (input port clocked by clk)
Endpoint: _22_ (recovery check against rising-edge clock clk)
Path Group: asynchronous
Path Type: max

Fanout         Cap        Slew       Delay        Time   Description
---------------------------------------------------------------------------------------------
                                  0.000000    0.000000   clock clk (rise edge)
                                  0.000000    0.000000   clock network delay (propagated)
                                  2.000000    2.000000 v input external delay
     1    0.003332    0.020509    0.010962    2.010962 v rst (in)
                                                         rst (net)
                      0.020509    0.000000    2.010962 v input1/A (sky130_fd_sc_hd__clkbuf_2)
     4    0.020880    0.153542    0.248463    2.259425 v input1/X (sky130_fd_sc_hd__clkbuf_2)
                                                         net1 (net)
                      0.153553    0.001388    2.260813 v _18_/A (sky130_fd_sc_hd__inv_2)
     1    0.003816    0.056993    0.103406    2.364219 ^ _18_/Y (sky130_fd_sc_hd__inv_2)
                                                         _06_ (net)
                      0.056993    0.000206    2.364424 ^ _22_/RESET_B (sky130_fd_sc_hd__dfrtp_1)
                                              2.364424   data arrival time

                                 10.000000   10.000000   clock clk (rise edge)
                                  0.000000   10.000000   clock source latency
     1    0.010311    0.083293    0.054127   10.054128 ^ clk (in)
                                                         clk (net)
                      0.083298    0.000000   10.054128 ^ clkbuf_0_clk/A (sky130_fd_sc_hd__clkbuf_16)
     2    0.017473    0.064290    0.223853   10.277981 ^ clkbuf_0_clk/X (sky130_fd_sc_hd__clkbuf_16)
                                                         clknet_0_clk (net)
                      0.064290    0.000896   10.278876 ^ clkbuf_1_0__f_clk/A (sky130_fd_sc_hd__clkbuf_16)
     2    0.004740    0.047452    0.195027   10.473904 ^ clkbuf_1_0__f_clk/X (sky130_fd_sc_hd__clkbuf_16)
                                                         clknet_1_0__leaf_clk (net)
                      0.047453    0.000264   10.474168 ^ _22_/CLK (sky130_fd_sc_hd__dfrtp_1)
                                 -0.250000   10.224168   clock uncertainty
                                  0.000000   10.224168   clock reconvergence pessimism
                                  0.459900   10.684068   library recovery time
                                             10.684068   data required time
---------------------------------------------------------------------------------------------
                                             10.684068   data required time
                                             -2.364424   data arrival time
---------------------------------------------------------------------------------------------
                                              8.319643   slack (MET)


Startpoint: rst (input port clocked by clk)
Endpoint: _21_ (recovery check against rising-edge clock clk)
Path Group: asynchronous
Path Type: max

Fanout         Cap        Slew       Delay        Time   Description
---------------------------------------------------------------------------------------------
                                  0.000000    0.000000   clock clk (rise edge)
                                  0.000000    0.000000   clock network delay (propagated)
                                  2.000000    2.000000 v input external delay
     1    0.003332    0.020509    0.010962    2.010962 v rst (in)
                                                         rst (net)
                      0.020509    0.000000    2.010962 v input1/A (sky130_fd_sc_hd__clkbuf_2)
     4    0.020880    0.153542    0.248463    2.259425 v input1/X (sky130_fd_sc_hd__clkbuf_2)
                                                         net1 (net)
                      0.153554    0.001443    2.260868 v _17_/A (sky130_fd_sc_hd__inv_2)
     1    0.003955    0.057790    0.104437    2.365305 ^ _17_/Y (sky130_fd_sc_hd__inv_2)
                                                         _05_ (net)
                      0.057790    0.000209    2.365514 ^ _21_/RESET_B (sky130_fd_sc_hd__dfrtp_1)
                                              2.365514   data arrival time

                                 10.000000   10.000000   clock clk (rise edge)
                                  0.000000   10.000000   clock source latency
     1    0.010311    0.083293    0.054127   10.054128 ^ clk (in)
                                                         clk (net)
                      0.083298    0.000000   10.054128 ^ clkbuf_0_clk/A (sky130_fd_sc_hd__clkbuf_16)
     2    0.017473    0.064290    0.223853   10.277981 ^ clkbuf_0_clk/X (sky130_fd_sc_hd__clkbuf_16)
                                                         clknet_0_clk (net)
                      0.064290    0.000629   10.278609 ^ clkbuf_1_1__f_clk/A (sky130_fd_sc_hd__clkbuf_16)
     2    0.006454    0.049795    0.198257   10.476867 ^ clkbuf_1_1__f_clk/X (sky130_fd_sc_hd__clkbuf_16)
                                                         clknet_1_1__leaf_clk (net)
                      0.049796    0.000370   10.477237 ^ _21_/CLK (sky130_fd_sc_hd__dfrtp_1)
                                 -0.250000   10.227237   clock uncertainty
                                  0.000000   10.227237   clock reconvergence pessimism
                                  0.460383   10.687620   library recovery time
                                             10.687620   data required time
---------------------------------------------------------------------------------------------
                                             10.687620   data required time
                                             -2.365514   data arrival time
---------------------------------------------------------------------------------------------
                                              8.322106   slack (MET)


Startpoint: rst (input port clocked by clk)
Endpoint: _23_ (recovery check against rising-edge clock clk)
Path Group: asynchronous
Path Type: max

Fanout         Cap        Slew       Delay        Time   Description
---------------------------------------------------------------------------------------------
                                  0.000000    0.000000   clock clk (rise edge)
                                  0.000000    0.000000   clock network delay (propagated)
                                  2.000000    2.000000 v input external delay
     1    0.003332    0.020509    0.010962    2.010962 v rst (in)
                                                         rst (net)
                      0.020509    0.000000    2.010962 v input1/A (sky130_fd_sc_hd__clkbuf_2)
     4    0.020880    0.153542    0.248463    2.259425 v input1/X (sky130_fd_sc_hd__clkbuf_2)
                                                         net1 (net)
                      0.153554    0.001454    2.260878 v _19_/A (sky130_fd_sc_hd__inv_2)
     1    0.003668    0.056153    0.102318    2.363196 ^ _19_/Y (sky130_fd_sc_hd__inv_2)
                                                         _07_ (net)
                      0.056153    0.000191    2.363387 ^ _23_/RESET_B (sky130_fd_sc_hd__dfrtp_1)
                                              2.363387   data arrival time

                                 10.000000   10.000000   clock clk (rise edge)
                                  0.000000   10.000000   clock source latency
     1    0.010311    0.083293    0.054127   10.054128 ^ clk (in)
                                                         clk (net)
                      0.083298    0.000000   10.054128 ^ clkbuf_0_clk/A (sky130_fd_sc_hd__clkbuf_16)
     2    0.017473    0.064290    0.223853   10.277981 ^ clkbuf_0_clk/X (sky130_fd_sc_hd__clkbuf_16)
                                                         clknet_0_clk (net)
                      0.064290    0.000629   10.278609 ^ clkbuf_1_1__f_clk/A (sky130_fd_sc_hd__clkbuf_16)
     2    0.006454    0.049795    0.198257   10.476867 ^ clkbuf_1_1__f_clk/X (sky130_fd_sc_hd__clkbuf_16)
                                                         clknet_1_1__leaf_clk (net)
                      0.049796    0.000389   10.477256 ^ _23_/CLK (sky130_fd_sc_hd__dfrtp_1)
                                 -0.250000   10.227256   clock uncertainty
                                  0.000000   10.227256   clock reconvergence pessimism
                                  0.460990   10.688246   library recovery time
                                             10.688246   data required time
---------------------------------------------------------------------------------------------
                                             10.688246   data required time
                                             -2.363387   data arrival time
---------------------------------------------------------------------------------------------
                                              8.324860   slack (MET)



%OL_END_REPORT
%OL_CREATE_REPORT checks.rpt

===========================================================================
report_checks -unconstrained
===========================================================================
======================= max_ss_100C_1v60 Corner ===================================

Startpoint: rst (input port clocked by clk)
Endpoint: _20_ (recovery check against rising-edge clock clk)
Path Group: asynchronous
Path Type: max

Fanout         Cap        Slew       Delay        Time   Description
---------------------------------------------------------------------------------------------
                                  0.000000    0.000000   clock clk (rise edge)
                                  0.000000    0.000000   clock network delay (propagated)
                                  2.000000    2.000000 v input external delay
     1    0.003332    0.020509    0.010962    2.010962 v rst (in)
                                                         rst (net)
                      0.020509    0.000000    2.010962 v input1/A (sky130_fd_sc_hd__clkbuf_2)
     4    0.020880    0.153542    0.248463    2.259425 v input1/X (sky130_fd_sc_hd__clkbuf_2)
                                                         net1 (net)
                      0.153546    0.000987    2.260412 v _11_/A (sky130_fd_sc_hd__inv_2)
     1    0.004555    0.061400    0.108866    2.369278 ^ _11_/Y (sky130_fd_sc_hd__inv_2)
                                                         _04_ (net)
                      0.061400    0.000238    2.369517 ^ _20_/RESET_B (sky130_fd_sc_hd__dfrtp_1)
                                              2.369517   data arrival time

                                 10.000000   10.000000   clock clk (rise edge)
                                  0.000000   10.000000   clock source latency
     1    0.010311    0.083293    0.054127   10.054128 ^ clk (in)
                                                         clk (net)
                      0.083298    0.000000   10.054128 ^ clkbuf_0_clk/A (sky130_fd_sc_hd__clkbuf_16)
     2    0.017473    0.064290    0.223853   10.277981 ^ clkbuf_0_clk/X (sky130_fd_sc_hd__clkbuf_16)
                                                         clknet_0_clk (net)
                      0.064290    0.000896   10.278876 ^ clkbuf_1_0__f_clk/A (sky130_fd_sc_hd__clkbuf_16)
     2    0.004740    0.047452    0.195027   10.473904 ^ clkbuf_1_0__f_clk/X (sky130_fd_sc_hd__clkbuf_16)
                                                         clknet_1_0__leaf_clk (net)
                      0.047453    0.000281   10.474184 ^ _20_/CLK (sky130_fd_sc_hd__dfrtp_1)
                                 -0.250000   10.224184   clock uncertainty
                                  0.000000   10.224184   clock reconvergence pessimism
                                  0.458265   10.682449   library recovery time
                                             10.682449   data required time
---------------------------------------------------------------------------------------------
                                             10.682449   data required time
                                             -2.369517   data arrival time
---------------------------------------------------------------------------------------------
                                              8.312933   slack (MET)


Startpoint: _21_ (rising edge-triggered flip-flop clocked by clk)
Endpoint: out[1] (output port clocked by clk)
Path Group: clk
Path Type: max

Fanout         Cap        Slew       Delay        Time   Description
---------------------------------------------------------------------------------------------
                                  0.000000    0.000000   clock clk (rise edge)
                                  0.000000    0.000000   clock source latency
     1    0.010311    0.083293    0.054128    0.054128 ^ clk (in)
                                                         clk (net)
                      0.083298    0.000000    0.054128 ^ clkbuf_0_clk/A (sky130_fd_sc_hd__clkbuf_16)
     2    0.017473    0.064290    0.223853    0.277980 ^ clkbuf_0_clk/X (sky130_fd_sc_hd__clkbuf_16)
                                                         clknet_0_clk (net)
                      0.064290    0.000629    0.278610 ^ clkbuf_1_1__f_clk/A (sky130_fd_sc_hd__clkbuf_16)
     2    0.006454    0.049795    0.198257    0.476866 ^ clkbuf_1_1__f_clk/X (sky130_fd_sc_hd__clkbuf_16)
                                                         clknet_1_1__leaf_clk (net)
                      0.049796    0.000370    0.477236 ^ _21_/CLK (sky130_fd_sc_hd__dfrtp_1)
     4    0.013068    0.164102    0.821459    1.298696 v _21_/Q (sky130_fd_sc_hd__dfrtp_1)
                                                         net3 (net)
                      0.164102    0.000694    1.299390 v output3/A (sky130_fd_sc_hd__buf_2)
     1    0.034003    0.165196    0.388225    1.687615 v output3/X (sky130_fd_sc_hd__buf_2)
                                                         out[1] (net)
                      0.165210    0.001610    1.689224 v out[1] (out)
                                              1.689224   data arrival time

                                 10.000000   10.000000   clock clk (rise edge)
                                  0.000000   10.000000   clock network delay (propagated)
                                 -0.250000    9.750000   clock uncertainty
                                  0.000000    9.750000   clock reconvergence pessimism
                                 -2.000000    7.750000   output external delay
                                              7.750000   data required time
---------------------------------------------------------------------------------------------
                                              7.750000   data required time
                                             -1.689224   data arrival time
---------------------------------------------------------------------------------------------
                                              6.060776   slack (MET)




===========================================================================
report_checks --slack_max -0.01
============================================================================
======================= max_ss_100C_1v60 Corner ===================================

No paths found.


===========================================================================
 report_check_types -max_slew -max_cap -max_fanout -violators
============================================================================
======================= max_ss_100C_1v60 Corner ===================================



===========================================================================
report_parasitic_annotation -report_unannotated
============================================================================
Found 0 unannotated drivers.
Found 0 partially unannotated drivers.

===========================================================================
max slew violation count 0
%OL_METRIC_I design__max_slew_violation__count__corner:max_ss_100C_1v60 0
max fanout violation count 0
%OL_METRIC_I design__max_fanout_violation__count__corner:max_ss_100C_1v60 0
max cap violation count 0
%OL_METRIC_I design__max_cap_violation__count__corner:max_ss_100C_1v60 0
============================================================================

===========================================================================
check_setup -verbose -unconstrained_endpoints -multiple_clock -no_clock -no_input_delay -loops -generated_clocks
===========================================================================
%OL_END_REPORT
%OL_CREATE_REPORT power.rpt

===========================================================================
 report_power
============================================================================
======================= max_ss_100C_1v60 Corner ===================================

Group                    Internal    Switching      Leakage        Total
                            Power        Power        Power        Power (Watts)
------------------------------------------------------------------------
Sequential           1.275175e-05 0.000000e+00 7.529997e-08 1.282705e-05  20.6%
Combinational        2.354140e-07 4.878112e-07 9.613483e-08 8.193600e-07   1.3%
Clock                4.120327e-05 7.338705e-06 5.715621e-08 4.859913e-05  78.1%
Macro                0.000000e+00 0.000000e+00 0.000000e+00 0.000000e+00   0.0%
Pad                  0.000000e+00 0.000000e+00 0.000000e+00 0.000000e+00   0.0%
------------------------------------------------------------------------
Total                5.419043e-05 7.826517e-06 2.285910e-07 6.224554e-05 100.0%
                            87.1%        12.6%         0.4%
%OL_METRIC_F power__internal__total 5.4190433729672804e-5
%OL_METRIC_F power__switching__total 7.826516593922861e-6
%OL_METRIC_F power__leakage__total 2.2859103410155512e-7
%OL_METRIC_F power__total 6.224554090294987e-5

%OL_END_REPORT
%OL_CREATE_REPORT skew.min.rpt

===========================================================================
Clock Skew (Hold)
============================================================================
%OL_METRIC_F clock__skew__worst_hold__corner:max_ss_100C_1v60 -0.2530878633857207
======================= max_ss_100C_1v60 Corner ===================================

Clock clk
0.474167 source latency _22_/CLK ^
-0.477255 target latency _23_/CLK ^
-0.250000 clock uncertainty
0.000000 CRPR
--------------
-0.253088 hold skew

%OL_END_REPORT
%OL_CREATE_REPORT skew.max.rpt

===========================================================================
Clock Skew (Setup)
============================================================================
%OL_METRIC_F clock__skew__worst_setup__corner:max_ss_100C_1v60 0.25306910061607385
======================= max_ss_100C_1v60 Corner ===================================

Clock clk
0.477236 source latency _21_/CLK ^
-0.474167 target latency _22_/CLK ^
0.250000 clock uncertainty
0.000000 CRPR
--------------
0.253069 setup skew

%OL_END_REPORT
%OL_CREATE_REPORT ws.min.rpt

===========================================================================
Worst Slack (Hold)
============================================================================
%OL_METRIC_F timing__hold__ws__corner:max_ss_100C_1v60 0.9428038616666513
max_ss_100C_1v60: 0.9428038616666513
%OL_END_REPORT
%OL_CREATE_REPORT ws.max.rpt

===========================================================================
Worst Slack (Setup)
============================================================================
%OL_METRIC_F timing__setup__ws__corner:max_ss_100C_1v60 6.060775608488277
max_ss_100C_1v60: 6.060775608488277
%OL_END_REPORT
%OL_CREATE_REPORT tns.min.rpt

===========================================================================
Total Negative Slack (Hold)
============================================================================
%OL_METRIC_F timing__hold__tns__corner:max_ss_100C_1v60 0.0
max_ss_100C_1v60: 0.0
%OL_END_REPORT
%OL_CREATE_REPORT tns.max.rpt

===========================================================================
Total Negative Slack (Setup)
============================================================================
%OL_METRIC_F timing__setup__tns__corner:max_ss_100C_1v60 0.0
max_ss_100C_1v60: 0.0
%OL_END_REPORT
%OL_CREATE_REPORT wns.min.rpt

===========================================================================
Worst Negative Slack (Hold)
============================================================================
%OL_METRIC_F timing__hold__wns__corner:max_ss_100C_1v60 0
max_ss_100C_1v60: 0
%OL_END_REPORT
%OL_CREATE_REPORT wns.max.rpt

===========================================================================
Worst Negative Slack (Setup)
============================================================================
%OL_METRIC_F timing__setup__wns__corner:max_ss_100C_1v60 0.0
max_ss_100C_1v60: 0.0
%OL_END_REPORT
%OL_CREATE_REPORT violator_list.rpt

===========================================================================
Violator List
============================================================================
%OL_METRIC_I timing__hold_vio__count__corner:max_ss_100C_1v60 0
%OL_METRIC_F timing__hold_r2r__ws__corner:max_ss_100C_1v60 0.942804
%OL_METRIC_I timing__hold_r2r_vio__count__corner:max_ss_100C_1v60 0
%OL_METRIC_I timing__setup_vio__count__corner:max_ss_100C_1v60 0
%OL_METRIC_F timing__setup_r2r__ws__corner:max_ss_100C_1v60 7.051382
%OL_METRIC_I timing__setup_r2r_vio__count__corner:max_ss_100C_1v60 0
%OL_END_REPORT
%OL_CREATE_REPORT unpropagated.rpt
%OL_END_REPORT
%OL_CREATE_REPORT clock.rpt
Clock: clk
Sources: clk 
Generated: no
Virtual: yes
Propagated: no
Period: 10.000000

===========================================================================
report_clock_properties
============================================================================
Clock                   Period          Waveform
----------------------------------------------------
clk                  10.000000    0.000000  5.000000

===========================================================================
report_clock_latency
============================================================================
Clock clk
rise -> rise
    min     max
0.000000 0.000000 source latency
0.474167         network latency _22_/CLK
        0.477255 network latency _23_/CLK
---------------
0.474167 0.477255 latency
        0.003088 skew

fall -> fall
    min     max
0.000000 0.000000 source latency
0.499498         network latency _22_/CLK
        0.502200 network latency _23_/CLK
---------------
0.499498 0.502200 latency
        0.002702 skew



===========================================================================
report_clock_min_period
============================================================================
clk period_min = 2.95 fmax = 339.14
%OL_END_REPORT
Writing SDF files for all corners…
Removing Clock latencies before writing libs…
Writing timing models for all corners…
Writing timing models for the max_ss_100C_1v60 corner to /home/yaser/CMOS_Tapeouts/counter/runs/RUN_2026-04-03_19-53-56/54-openroad-stapostpnr/max_ss_100C_1v60/counter__max_ss_100C_1v60.lib…
