
===========================================================================
report_checks -unconstrained
===========================================================================
======================= nom_tt_025C_1v80 Corner ===================================

Startpoint: instruction[6] (input port clocked by clk)
Endpoint: _281_ (rising edge-triggered flip-flop clocked by clk)
Path Group: clk
Path Type: max

Fanout         Cap        Slew       Delay        Time   Description
---------------------------------------------------------------------------------------------
                                  0.000000    0.000000   clock clk (rise edge)
                                  0.000000    0.000000   clock network delay (propagated)
                                  3.000000    3.000000 ^ input external delay
     2    0.003753    0.023866    0.013650    3.013650 ^ instruction[6] (in)
                                                         instruction[6] (net)
                      0.023866    0.000000    3.013650 ^ input7/A (sky130_fd_sc_hd__clkbuf_1)
     2    0.010467    0.130001    0.133896    3.147547 ^ input7/X (sky130_fd_sc_hd__clkbuf_1)
                                                         net7 (net)
                      0.130003    0.000429    3.147975 ^ fanout60/A (sky130_fd_sc_hd__buf_1)
     4    0.013289    0.162543    0.186499    3.334475 ^ fanout60/X (sky130_fd_sc_hd__buf_1)
                                                         net60 (net)
                      0.162593    0.000447    3.334922 ^ fanout59/A (sky130_fd_sc_hd__buf_1)
     4    0.011156    0.138220    0.174303    3.509225 ^ fanout59/X (sky130_fd_sc_hd__buf_1)
                                                         net59 (net)
                      0.138220    0.000254    3.509479 ^ _137_/B (sky130_fd_sc_hd__nand3b_1)
     2    0.006450    0.088478    0.117463    3.626942 v _137_/Y (sky130_fd_sc_hd__nand3b_1)
                                                         _041_ (net)
                      0.088478    0.000188    3.627130 v fanout53/A (sky130_fd_sc_hd__buf_1)
     4    0.013164    0.081885    0.152743    3.779873 v fanout53/X (sky130_fd_sc_hd__buf_1)
                                                         net53 (net)
                      0.081886    0.000407    3.780281 v _138_/C (sky130_fd_sc_hd__and3_1)
     2    0.005640    0.048944    0.204735    3.985016 v _138_/X (sky130_fd_sc_hd__and3_1)
                                                         _042_ (net)
                      0.048944    0.000129    3.985145 v _141_/B (sky130_fd_sc_hd__or3_1)
     2    0.004850    0.076233    0.356795    4.341940 v _141_/X (sky130_fd_sc_hd__or3_1)
                                                         _045_ (net)
                      0.076233    0.000090    4.342030 v _148_/A1 (sky130_fd_sc_hd__a21o_1)
     3    0.010306    0.063723    0.196662    4.538692 v _148_/X (sky130_fd_sc_hd__a21o_1)
                                                         _051_ (net)
                      0.063724    0.000410    4.539103 v _173_/A1 (sky130_fd_sc_hd__a31o_1)
     3    0.011500    0.073778    0.216916    4.756018 v _173_/X (sky130_fd_sc_hd__a31o_1)
                                                         _074_ (net)
                      0.073778    0.000355    4.756373 v _174_/B (sky130_fd_sc_hd__xor2_1)
     1    0.002234    0.064123    0.143396    4.899770 v _174_/X (sky130_fd_sc_hd__xor2_1)
                                                         _075_ (net)
                      0.064123    0.000045    4.899815 v _175_/A1 (sky130_fd_sc_hd__mux2_1)
     1    0.002060    0.051272    0.286589    5.186404 v _175_/X (sky130_fd_sc_hd__mux2_1)
                                                         _076_ (net)
                      0.051272    0.000059    5.186463 v _176_/A1 (sky130_fd_sc_hd__mux2_1)
     1    0.002374    0.052731    0.285102    5.471565 v _176_/X (sky130_fd_sc_hd__mux2_1)
                                                         _077_ (net)
                      0.052731    0.000065    5.471631 v _177_/B (sky130_fd_sc_hd__and2_1)
     1    0.002163    0.032458    0.149615    5.621245 v _177_/X (sky130_fd_sc_hd__and2_1)
                                                         _021_ (net)
                      0.032458    0.000062    5.621307 v _281_/D (sky130_fd_sc_hd__dfxtp_1)
                                              5.621307   data arrival time

                                 15.000000   15.000000   clock clk (rise edge)
                                  0.000000   15.000000   clock source latency
     2    0.016506    0.080131    0.054818   15.054818 ^ clk (in)
                                                         clk (net)
                      0.080135    0.000000   15.054818 ^ clkbuf_0_clk/A (sky130_fd_sc_hd__clkbuf_16)
     2    0.018622    0.040703    0.136948   15.191767 ^ clkbuf_0_clk/X (sky130_fd_sc_hd__clkbuf_16)
                                                         clknet_0_clk (net)
                      0.040704    0.000343   15.192109 ^ clkbuf_1_0__f_clk/A (sky130_fd_sc_hd__clkbuf_16)
    13    0.042113    0.061595    0.141643   15.333753 ^ clkbuf_1_0__f_clk/X (sky130_fd_sc_hd__clkbuf_16)
                                                         clknet_1_0__leaf_clk (net)
                      0.061605    0.000787   15.334539 ^ _281_/CLK (sky130_fd_sc_hd__dfxtp_1)
                                 -0.250000   15.084540   clock uncertainty
                                  0.000000   15.084540   clock reconvergence pessimism
                                 -0.101150   14.983391   library setup time
                                             14.983391   data required time
---------------------------------------------------------------------------------------------
                                             14.983391   data required time
                                             -5.621307   data arrival time
---------------------------------------------------------------------------------------------
                                              9.362083   slack (MET)




===========================================================================
report_checks --slack_max -0.01
============================================================================
======================= nom_tt_025C_1v80 Corner ===================================

No paths found.


===========================================================================
 report_check_types -max_slew -max_cap -max_fanout -violators
============================================================================
======================= nom_tt_025C_1v80 Corner ===================================

max fanout

Pin                                   Limit Fanout  Slack
---------------------------------------------------------
clkbuf_1_0__f_clk/X                       4     13     -9 (VIOLATED)
clkbuf_1_1__f_clk/X                       4     13     -9 (VIOLATED)



===========================================================================
report_parasitic_annotation -report_unannotated
============================================================================
Found 1 unannotated drivers.
 clkload0/X
Found 0 partially unannotated drivers.

===========================================================================
max slew violation count 0
max fanout violation count 2
max cap violation count 0
============================================================================

===========================================================================
check_setup -verbose -unconstrained_endpoints -multiple_clock -no_clock -no_input_delay -loops -generated_clocks
===========================================================================
