Clock: clk
Sources: clk 
Generated: no
Virtual: yes
Propagated: no
Period: 15.000000

===========================================================================
report_clock_properties
============================================================================
Clock                   Period          Waveform
----------------------------------------------------
clk                  15.000000    0.000000  7.500000

===========================================================================
report_clock_latency
============================================================================
Clock clk
rise -> rise
    min     max
0.000000 0.000000 source latency
0.331496         network latency _282_/CLK
        0.335201 network latency _284_/CLK
---------------
0.331496 0.335201 latency
        0.003705 skew

fall -> fall
    min     max
0.000000 0.000000 source latency
0.318664         network latency _282_/CLK
        0.321599 network latency _284_/CLK
---------------
0.318664 0.321599 latency
        0.002935 skew



===========================================================================
report_clock_min_period
============================================================================
clk period_min = 2.97 fmax = 336.82
