Clock: clk
Sources: clk 
Generated: no
Virtual: yes
Propagated: no
Period: 15.000000

===========================================================================
report_clock_properties
============================================================================
Clock                   Period          Waveform
----------------------------------------------------
clk                  15.000000    0.000000  7.500000

===========================================================================
report_clock_latency
============================================================================
Clock clk
rise -> rise
    min     max
0.000000 0.000000 source latency
0.305173         network latency _280_/CLK
        0.306549 network latency _277_/CLK
---------------
0.305173 0.306549 latency
        0.001376 skew

fall -> fall
    min     max
0.000000 0.000000 source latency
0.302948         network latency _280_/CLK
        0.304053 network latency _277_/CLK
---------------
0.302948 0.304053 latency
        0.001105 skew



===========================================================================
report_clock_min_period
============================================================================
clk period_min = 2.80 fmax = 357.16
