
===========================================================================
report_checks -unconstrained
===========================================================================
======================= min_ff_n40C_1v95 Corner ===================================

Startpoint: instruction[6] (input port clocked by clk)
Endpoint: _284_ (rising edge-triggered flip-flop clocked by clk)
Path Group: clk
Path Type: max

Fanout         Cap        Slew       Delay        Time   Description
---------------------------------------------------------------------------------------------
                                  0.000000    0.000000   clock clk (rise edge)
                                  0.000000    0.000000   clock network delay (propagated)
                                  3.000000    3.000000 ^ input external delay
     2    0.003682    0.017082    0.009527    3.009526 ^ instruction[6] (in)
                                                         instruction[6] (net)
                      0.017082    0.000000    3.009526 ^ input7/A (sky130_fd_sc_hd__clkbuf_1)
     2    0.009910    0.091819    0.090260    3.099786 ^ input7/X (sky130_fd_sc_hd__clkbuf_1)
                                                         net7 (net)
                      0.091820    0.000250    3.100036 ^ fanout60/A (sky130_fd_sc_hd__buf_1)
     4    0.012952    0.117806    0.118653    3.218689 ^ fanout60/X (sky130_fd_sc_hd__buf_1)
                                                         net60 (net)
                      0.117806    0.000203    3.218892 ^ fanout59/A (sky130_fd_sc_hd__buf_1)
     4    0.011053    0.101650    0.109349    3.328240 ^ fanout59/X (sky130_fd_sc_hd__buf_1)
                                                         net59 (net)
                      0.101650    0.000100    3.328341 ^ _137_/B (sky130_fd_sc_hd__nand3b_1)
     2    0.006317    0.054898    0.064269    3.392609 v _137_/Y (sky130_fd_sc_hd__nand3b_1)
                                                         _041_ (net)
                      0.054898    0.000088    3.392698 v fanout53/A (sky130_fd_sc_hd__buf_1)
     4    0.012835    0.054516    0.097176    3.489873 v fanout53/X (sky130_fd_sc_hd__buf_1)
                                                         net53 (net)
                      0.054516    0.000218    3.490092 v _138_/C (sky130_fd_sc_hd__and3_1)
     2    0.005519    0.035247    0.129370    3.619462 v _138_/X (sky130_fd_sc_hd__and3_1)
                                                         _042_ (net)
                      0.035247    0.000044    3.619506 v _141_/B (sky130_fd_sc_hd__or3_1)
     2    0.004867    0.051052    0.206069    3.825575 v _141_/X (sky130_fd_sc_hd__or3_1)
                                                         _045_ (net)
                      0.051052    0.000031    3.825605 v _148_/A1 (sky130_fd_sc_hd__a21o_1)
     3    0.009980    0.045261    0.124939    3.950544 v _148_/X (sky130_fd_sc_hd__a21o_1)
                                                         _051_ (net)
                      0.045262    0.000229    3.950774 v _173_/A1 (sky130_fd_sc_hd__a31o_1)
     3    0.011191    0.051856    0.140045    4.090819 v _173_/X (sky130_fd_sc_hd__a31o_1)
                                                         _074_ (net)
                      0.051856    0.000183    4.091002 v _190_/A2 (sky130_fd_sc_hd__a31o_1)
     3    0.012965    0.056851    0.169279    4.260280 v _190_/X (sky130_fd_sc_hd__a31o_1)
                                                         _089_ (net)
                      0.056852    0.000290    4.260570 v _199_/A2 (sky130_fd_sc_hd__a211o_1)
     1    0.002912    0.033672    0.185421    4.445991 v _199_/X (sky130_fd_sc_hd__a211o_1)
                                                         _097_ (net)
                      0.033672    0.000019    4.446010 v _200_/B1 (sky130_fd_sc_hd__o311a_1)
     1    0.003350    0.040751    0.076505    4.522514 v _200_/X (sky130_fd_sc_hd__o311a_1)
                                                         _098_ (net)
                      0.040751    0.000036    4.522551 v _201_/A2 (sky130_fd_sc_hd__o21a_1)
     1    0.002404    0.023683    0.103215    4.625766 v _201_/X (sky130_fd_sc_hd__o21a_1)
                                                         _024_ (net)
                      0.023683    0.000025    4.625791 v _284_/D (sky130_fd_sc_hd__dfxtp_1)
                                              4.625791   data arrival time

                                 15.000000   15.000000   clock clk (rise edge)
                                  0.000000   15.000000   clock source latency
     2    0.015845    0.057920    0.039211   15.039211 ^ clk (in)
                                                         clk (net)
                      0.057922    0.000000   15.039211 ^ clkbuf_0_clk/A (sky130_fd_sc_hd__clkbuf_16)
     2    0.018478    0.030320    0.091154   15.130365 ^ clkbuf_0_clk/X (sky130_fd_sc_hd__clkbuf_16)
                                                         clknet_0_clk (net)
                      0.030320    0.000117   15.130482 ^ clkbuf_1_0__f_clk/A (sky130_fd_sc_hd__clkbuf_16)
    13    0.041167    0.045919    0.097451   15.227933 ^ clkbuf_1_0__f_clk/X (sky130_fd_sc_hd__clkbuf_16)
                                                         clknet_1_0__leaf_clk (net)
                      0.045935    0.000757   15.228690 ^ _284_/CLK (sky130_fd_sc_hd__dfxtp_1)
                                 -0.250000   14.978691   clock uncertainty
                                  0.000000   14.978691   clock reconvergence pessimism
                                 -0.065694   14.912997   library setup time
                                             14.912997   data required time
---------------------------------------------------------------------------------------------
                                             14.912997   data required time
                                             -4.625791   data arrival time
---------------------------------------------------------------------------------------------
                                             10.287207   slack (MET)




===========================================================================
report_checks --slack_max -0.01
============================================================================
======================= min_ff_n40C_1v95 Corner ===================================

No paths found.


===========================================================================
 report_check_types -max_slew -max_cap -max_fanout -violators
============================================================================
======================= min_ff_n40C_1v95 Corner ===================================

max fanout

Pin                                   Limit Fanout  Slack
---------------------------------------------------------
clkbuf_1_0__f_clk/X                       4     13     -9 (VIOLATED)
clkbuf_1_1__f_clk/X                       4     13     -9 (VIOLATED)



===========================================================================
report_parasitic_annotation -report_unannotated
============================================================================
Found 1 unannotated drivers.
 clkload0/X
Found 0 partially unannotated drivers.

===========================================================================
max slew violation count 0
max fanout violation count 2
max cap violation count 0
============================================================================

===========================================================================
check_setup -verbose -unconstrained_endpoints -multiple_clock -no_clock -no_input_delay -loops -generated_clocks
===========================================================================
