
===========================================================================
report_checks -unconstrained
===========================================================================
======================= nom_ss_100C_1v60 Corner ===================================

Startpoint: instruction[7] (input port clocked by clk)
Endpoint: _281_ (rising edge-triggered flip-flop clocked by clk)
Path Group: clk
Path Type: max

Fanout         Cap        Slew       Delay        Time   Description
---------------------------------------------------------------------------------------------
                      0.150000    0.000000    0.000000   clock clk (rise edge)
                                  0.000000    0.000000   clock network delay (ideal)
                                  3.000000    3.000000 v input external delay
     5    0.008027    0.040362    0.025327    3.025327 v instruction[7] (in)
                                                         instruction[7] (net)
                      0.040362    0.000000    3.025327 v _137_/A_N (sky130_fd_sc_hd__nand3b_2)
     7    0.021811    0.339008    0.586883    3.612210 v _137_/Y (sky130_fd_sc_hd__nand3b_2)
                                                         _041_ (net)
                      0.339008    0.000000    3.612210 v _138_/C (sky130_fd_sc_hd__and3_2)
     2    0.003750    0.077938    0.571435    4.183645 v _138_/X (sky130_fd_sc_hd__and3_2)
                                                         _042_ (net)
                      0.077938    0.000000    4.183645 v _141_/B (sky130_fd_sc_hd__or3_2)
     2    0.003805    0.172734    1.055368    5.239013 v _141_/X (sky130_fd_sc_hd__or3_2)
                                                         _045_ (net)
                      0.172734    0.000000    5.239013 v _148_/A1 (sky130_fd_sc_hd__a21o_2)
     3    0.007949    0.083684    0.418262    5.657275 v _148_/X (sky130_fd_sc_hd__a21o_2)
                                                         _051_ (net)
                      0.083684    0.000000    5.657275 v _173_/A1 (sky130_fd_sc_hd__a31o_2)
     3    0.012044    0.107523    0.427391    6.084666 v _173_/X (sky130_fd_sc_hd__a31o_2)
                                                         _074_ (net)
                      0.107523    0.000000    6.084666 v _174_/B (sky130_fd_sc_hd__xor2_2)
     1    0.001763    0.084621    0.257228    6.341894 v _174_/X (sky130_fd_sc_hd__xor2_2)
                                                         _075_ (net)
                      0.084621    0.000000    6.341894 v _175_/A1 (sky130_fd_sc_hd__mux2_1)
     1    0.001763    0.101772    0.636883    6.978777 v _175_/X (sky130_fd_sc_hd__mux2_1)
                                                         _076_ (net)
                      0.101772    0.000000    6.978777 v _176_/A1 (sky130_fd_sc_hd__mux2_1)
     1    0.001353    0.096511    0.635498    7.614275 v _176_/X (sky130_fd_sc_hd__mux2_1)
                                                         _077_ (net)
                      0.096511    0.000000    7.614275 v _177_/B (sky130_fd_sc_hd__and2_2)
     1    0.001577    0.064719    0.392641    8.006916 v _177_/X (sky130_fd_sc_hd__and2_2)
                                                         _021_ (net)
                      0.064719    0.000000    8.006916 v _281_/D (sky130_fd_sc_hd__dfxtp_2)
                                              8.006916   data arrival time

                      0.150000   15.000000   15.000000   clock clk (rise edge)
                                  0.000000   15.000000   clock network delay (ideal)
                                 -0.250000   14.750000   clock uncertainty
                                  0.000000   14.750000   clock reconvergence pessimism
                                             14.750000 ^ _281_/CLK (sky130_fd_sc_hd__dfxtp_2)
                                 -0.250528   14.499473   library setup time
                                             14.499473   data required time
---------------------------------------------------------------------------------------------
                                             14.499473   data required time
                                             -8.006916   data arrival time
---------------------------------------------------------------------------------------------
                                              6.492556   slack (MET)




===========================================================================
report_checks --slack_max -0.01
============================================================================
======================= nom_ss_100C_1v60 Corner ===================================

No paths found.


===========================================================================
 report_check_types -max_slew -max_cap -max_fanout -violators
============================================================================
======================= nom_ss_100C_1v60 Corner ===================================

max fanout

Pin                                   Limit Fanout  Slack
---------------------------------------------------------
_205_/Y                                   4     15    -11 (VIOLATED)
reset                                     4      9     -5 (VIOLATED)
_240_/X                                   4      9     -5 (VIOLATED)
instruction[0]                            4      8     -4 (VIOLATED)
instruction[6]                            4      8     -4 (VIOLATED)
_211_/X                                   4      8     -4 (VIOLATED)
_137_/Y                                   4      7     -3 (VIOLATED)
_216_/X                                   4      7     -3 (VIOLATED)
_258_/Y                                   4      7     -3 (VIOLATED)
instruction[1]                            4      6     -2 (VIOLATED)
instruction[5]                            4      6     -2 (VIOLATED)
_178_/Y                                   4      6     -2 (VIOLATED)
_279_/Q                                   4      6     -2 (VIOLATED)
instruction[3]                            4      5        (VIOLATED)
instruction[7]                            4      5        (VIOLATED)
_130_/Y                                   4      5        (VIOLATED)
_132_/Y                                   4      5        (VIOLATED)
_260_/Q                                   4      5        (VIOLATED)
_278_/Q                                   4      5        (VIOLATED)
_280_/Q                                   4      5        (VIOLATED)
_282_/Q                                   4      5        (VIOLATED)
_283_/Q                                   4      5        (VIOLATED)
_284_/Q                                   4      5        (VIOLATED)



===========================================================================
report_parasitic_annotation -report_unannotated
============================================================================
Found 165 unannotated drivers.
 clk
 instruction[0]
 instruction[1]
 instruction[2]
 instruction[3]
 instruction[4]
 instruction[5]
 instruction[6]
 instruction[7]
 reset
 _130_/Y
 _131_/X
 _132_/Y
 _133_/X
 _134_/Y
 _135_/X
 _136_/Y
 _137_/Y
 _138_/X
 _139_/Y
 _140_/X
 _141_/X
 _142_/X
 _143_/Y
 _144_/X
 _145_/X
 _146_/X
 _147_/X
 _148_/X
 _149_/X
 _150_/Y
 _151_/X
 _152_/X
 _153_/Y
 _154_/Y
 _155_/X
 _156_/X
 _157_/X
 _158_/X
 _159_/X
 _160_/Y
 _161_/X
 _162_/X
 _163_/X
 _164_/Y
 _165_/X
 _166_/X
 _167_/X
 _168_/Y
 _169_/X
 _170_/X
 _171_/Y
 _172_/X
 _173_/X
 _174_/X
 _175_/X
 _176_/X
 _177_/X
 _178_/Y
 _179_/Y
 _180_/Y
 _181_/X
 _182_/X
 _183_/Y
 _184_/X
 _185_/Y
 _186_/X
 _187_/X
 _188_/X
 _189_/Y
 _190_/X
 _191_/Y
 _192_/X
 _193_/Y
 _194_/X
 _195_/Y
 _196_/Y
 _197_/X
 _198_/Y
 _199_/X
 _200_/X
 _201_/X
 _202_/Y
 _203_/Y
 _204_/Y
 _205_/Y
 _206_/Y
 _207_/X
 _208_/X
 _209_/Y
 _210_/Y
 _211_/X
 _212_/X
 _213_/X
 _214_/Y
 _215_/X
 _216_/X
 _217_/Y
 _218_/X
 _219_/X
 _220_/X
 _221_/Y
 _222_/Y
 _223_/X
 _224_/X
 _225_/X
 _226_/X
 _227_/Y
 _228_/X
 _229_/X
 _230_/X
 _231_/X
 _232_/Y
 _233_/Y
 _234_/Y
 _235_/X
 _236_/Y
 _237_/Y
 _238_/Y
 _239_/X
 _240_/X
 _241_/X
 _242_/X
 _243_/X
 _244_/X
 _245_/X
 _246_/X
 _247_/X
 _248_/X
 _249_/Y
 _250_/X
 _251_/X
 _252_/X
 _253_/X
 _254_/X
 _255_/X
 _256_/X
 _257_/X
 _258_/Y
 _259_/Y
 _260_/Q
 _261_/Q
 _262_/Q
 _263_/Q
 _264_/Q
 _265_/Q
 _266_/Q
 _267_/Q
 _268_/Q
 _269_/Q
 _270_/Q
 _271_/Q
 _272_/Q
 _273_/Q
 _274_/Q
 _275_/Q
 _276_/Q
 _277_/Q
 _278_/Q
 _279_/Q
 _280_/Q
 _281_/Q
 _282_/Q
 _283_/Q
 _284_/Q
Found 0 partially unannotated drivers.

===========================================================================
max slew violation count 0
max fanout violation count 23
max cap violation count 0
============================================================================

===========================================================================
check_setup -verbose -unconstrained_endpoints -multiple_clock -no_clock -no_input_delay -loops -generated_clocks
===========================================================================
