Clock: clk
Sources: clk 
Generated: no
Virtual: no
Propagated: no
Period: 15.000000

===========================================================================
report_clock_properties
============================================================================
Clock                   Period          Waveform
----------------------------------------------------
clk                  15.000000    0.000000  7.500000

===========================================================================
report_clock_latency
============================================================================
Clock clk
rise -> rise
    min     max
0.000000 0.000000 source latency
0.215283         network latency _260_/CLK
        0.215283 network latency _260_/CLK
---------------
0.215283 0.215283 latency
        0.000000 skew

fall -> fall
    min     max
0.000000 0.000000 source latency
0.122400         network latency _260_/CLK
        0.122400 network latency _260_/CLK
---------------
0.122400 0.122400 latency
        0.000000 skew



===========================================================================
report_clock_min_period
============================================================================
clk period_min = 5.03 fmax = 198.84
