Reading OpenROAD database at '/home/yaser/CMOS_Tapeouts/clb/runs/RUN_2026-06-01_14-01-11/17-openroad-cutrows/clb.odb'…
Reading library file at '/home/yaser/.volare/volare/sky130/versions/0fe599b2afb6708d281543108caf8310912f54af/sky130A/libs.ref/sky130_fd_sc_hd/lib/sky130_fd_sc_hd__tt_025C_1v80.lib'…
Reading design constraints file at '/nix/store/ss2cw3sxbrwwx9jl0rrppbw4kgcmgi2n-python3-3.11.9-env/lib/python3.11/site-packages/openlane/scripts/base.sdc'…
[INFO] Using clock clk…
[INFO] Setting output delay to: 2.0
[INFO] Setting input delay to: 2.0
[INFO] Setting load to: 0.033442
[INFO] Setting clock uncertainty to: 0.25
[INFO] Setting clock transition to: 0.1499999999999999944488848768742172978818416595458984375
[INFO] Setting timing derate to: 5%
[INFO TAP-0004] Inserted 30 endcaps.
[INFO TAP-0005] Inserted 34 tapcells.
Setting global connections for newly added cells…
[INFO] Setting global connections...
Updating metrics…
Cell type report:                       Count       Area
  Fill cell                                30     112.61
  Tap cell                                 34      42.54
  Multi-Input combinational cell            2      11.26
  Total                                    66     166.41
Writing OpenROAD database to '/home/yaser/CMOS_Tapeouts/clb/runs/RUN_2026-06-01_14-01-11/18-openroad-tapendcapinsertion/clb.odb'…
Writing netlist to '/home/yaser/CMOS_Tapeouts/clb/runs/RUN_2026-06-01_14-01-11/18-openroad-tapendcapinsertion/clb.nl.v'…
Writing powered netlist to '/home/yaser/CMOS_Tapeouts/clb/runs/RUN_2026-06-01_14-01-11/18-openroad-tapendcapinsertion/clb.pnl.v'…
Writing layout to '/home/yaser/CMOS_Tapeouts/clb/runs/RUN_2026-06-01_14-01-11/18-openroad-tapendcapinsertion/clb.def'…
Writing timing constraints to '/home/yaser/CMOS_Tapeouts/clb/runs/RUN_2026-06-01_14-01-11/18-openroad-tapendcapinsertion/clb.sdc'…
