Clock: clk
Sources: clk 
Generated: no
Virtual: yes
Propagated: no
Period: 10.000000

===========================================================================
report_clock_properties
============================================================================
Clock                   Period          Waveform
----------------------------------------------------
clk                  10.000000    0.000000  5.000000

===========================================================================
report_clock_latency
============================================================================
Clock clk
rise -> rise
    min     max
0.000000 0.000000 source latency
0.471615         network latency _22_/CLK
        0.474533 network latency _23_/CLK
---------------
0.471615 0.474533 latency
        0.002918 skew

fall -> fall
    min     max
0.000000 0.000000 source latency
0.497602         network latency _22_/CLK
        0.500154 network latency _23_/CLK
---------------
0.497602 0.500154 latency
        0.002552 skew



===========================================================================
report_clock_min_period
============================================================================
clk period_min = 2.94 fmax = 339.90
