
===========================================================================
report_checks -path_delay min (Hold)
============================================================================
======================= nom_ss_100C_1v60 Corner ===================================

Startpoint: _20_ (rising edge-triggered flip-flop clocked by clk)
Endpoint: _22_ (rising edge-triggered flip-flop clocked by clk)
Path Group: clk
Path Type: min

Fanout         Cap        Slew       Delay        Time   Description
---------------------------------------------------------------------------------------------
                                  0.000000    0.000000   clock clk (rise edge)
                                  0.000000    0.000000   clock source latency
     1    0.010141    0.082100    0.053152    0.053152 ^ clk (in)
                                                         clk (net)
                      0.082101    0.000000    0.053152 ^ clkbuf_0_clk/A (sky130_fd_sc_hd__clkbuf_16)
     2    0.017343    0.064114    0.223258    0.276410 ^ clkbuf_0_clk/X (sky130_fd_sc_hd__clkbuf_16)
                                                         clknet_0_clk (net)
                      0.064114    0.000365    0.276775 ^ clkbuf_1_0__f_clk/A (sky130_fd_sc_hd__clkbuf_16)
     2    0.004619    0.047281    0.194742    0.471517 ^ clkbuf_1_0__f_clk/X (sky130_fd_sc_hd__clkbuf_16)
                                                         clknet_1_0__leaf_clk (net)
                      0.047282    0.000106    0.471622 ^ _20_/CLK (sky130_fd_sc_hd__dfrtp_1)
     4    0.012649    0.199211    0.733677    1.205300 ^ _20_/Q (sky130_fd_sc_hd__dfrtp_1)
                                                         net2 (net)
                      0.199211    0.000316    1.205616 ^ _13_/A1 (sky130_fd_sc_hd__a21oi_1)
     1    0.004494    0.059614    0.192905    1.398521 v _13_/Y (sky130_fd_sc_hd__a21oi_1)
                                                         _08_ (net)
                      0.059614    0.000154    1.398675 v _15_/A (sky130_fd_sc_hd__nor2_1)
     1    0.002817    0.128694    0.161610    1.560285 ^ _15_/Y (sky130_fd_sc_hd__nor2_1)
                                                         _02_ (net)
                      0.128694    0.000063    1.560348 ^ _22_/D (sky130_fd_sc_hd__dfrtp_1)
                                              1.560348   data arrival time

                                  0.000000    0.000000   clock clk (rise edge)
                                  0.000000    0.000000   clock source latency
     1    0.010141    0.082100    0.053152    0.053152 ^ clk (in)
                                                         clk (net)
                      0.082101    0.000000    0.053152 ^ clkbuf_0_clk/A (sky130_fd_sc_hd__clkbuf_16)
     2    0.017343    0.064114    0.223258    0.276410 ^ clkbuf_0_clk/X (sky130_fd_sc_hd__clkbuf_16)
                                                         clknet_0_clk (net)
                      0.064114    0.000365    0.276775 ^ clkbuf_1_0__f_clk/A (sky130_fd_sc_hd__clkbuf_16)
     2    0.004619    0.047281    0.194742    0.471517 ^ clkbuf_1_0__f_clk/X (sky130_fd_sc_hd__clkbuf_16)
                                                         clknet_1_0__leaf_clk (net)
                      0.047282    0.000098    0.471615 ^ _22_/CLK (sky130_fd_sc_hd__dfrtp_1)
                                  0.250000    0.721615   clock uncertainty
                                  0.000000    0.721615   clock reconvergence pessimism
                                 -0.094071    0.627543   library hold time
                                              0.627543   data required time
---------------------------------------------------------------------------------------------
                                              0.627543   data required time
                                             -1.560348   data arrival time
---------------------------------------------------------------------------------------------
                                              0.932805   slack (MET)


Startpoint: rst (input port clocked by clk)
Endpoint: _23_ (removal check against rising-edge clock clk)
Path Group: asynchronous
Path Type: min

Fanout         Cap        Slew       Delay        Time   Description
---------------------------------------------------------------------------------------------
                                  0.000000    0.000000   clock clk (rise edge)
                                  0.000000    0.000000   clock network delay (propagated)
                                  2.000000    2.000000 v input external delay
     1    0.003240    0.020154    0.010629    2.010629 v rst (in)
                                                         rst (net)
                      0.020154    0.000000    2.010629 v input1/A (sky130_fd_sc_hd__clkbuf_2)
     4    0.020585    0.151464    0.247377    2.258005 v input1/X (sky130_fd_sc_hd__clkbuf_2)
                                                         net1 (net)
                      0.151465    0.000675    2.258681 v _19_/A (sky130_fd_sc_hd__inv_2)
     1    0.003629    0.055501    0.101311    2.359991 ^ _19_/Y (sky130_fd_sc_hd__inv_2)
                                                         _07_ (net)
                      0.055501    0.000071    2.360062 ^ _23_/RESET_B (sky130_fd_sc_hd__dfrtp_1)
                                              2.360062   data arrival time

                                  0.000000    0.000000   clock clk (rise edge)
                                  0.000000    0.000000   clock source latency
     1    0.010141    0.082100    0.053152    0.053152 ^ clk (in)
                                                         clk (net)
                      0.082101    0.000000    0.053152 ^ clkbuf_0_clk/A (sky130_fd_sc_hd__clkbuf_16)
     2    0.017343    0.064114    0.223258    0.276410 ^ clkbuf_0_clk/X (sky130_fd_sc_hd__clkbuf_16)
                                                         clknet_0_clk (net)
                      0.064114    0.000271    0.276681 ^ clkbuf_1_1__f_clk/A (sky130_fd_sc_hd__clkbuf_16)
     2    0.006174    0.049408    0.197682    0.474363 ^ clkbuf_1_1__f_clk/X (sky130_fd_sc_hd__clkbuf_16)
                                                         clknet_1_1__leaf_clk (net)
                      0.049408    0.000170    0.474533 ^ _23_/CLK (sky130_fd_sc_hd__dfrtp_1)
                                  0.250000    0.724533   clock uncertainty
                                  0.000000    0.724533   clock reconvergence pessimism
                                  0.646785    1.371318   library removal time
                                              1.371318   data required time
---------------------------------------------------------------------------------------------
                                              1.371318   data required time
                                             -2.360062   data arrival time
---------------------------------------------------------------------------------------------
                                              0.988744   slack (MET)


Startpoint: rst (input port clocked by clk)
Endpoint: _21_ (removal check against rising-edge clock clk)
Path Group: asynchronous
Path Type: min

Fanout         Cap        Slew       Delay        Time   Description
---------------------------------------------------------------------------------------------
                                  0.000000    0.000000   clock clk (rise edge)
                                  0.000000    0.000000   clock network delay (propagated)
                                  2.000000    2.000000 v input external delay
     1    0.003240    0.020154    0.010629    2.010629 v rst (in)
                                                         rst (net)
                      0.020154    0.000000    2.010629 v input1/A (sky130_fd_sc_hd__clkbuf_2)
     4    0.020585    0.151464    0.247377    2.258005 v input1/X (sky130_fd_sc_hd__clkbuf_2)
                                                         net1 (net)
                      0.151465    0.000668    2.258673 v _17_/A (sky130_fd_sc_hd__inv_2)
     1    0.003875    0.056889    0.103117    2.361790 ^ _17_/Y (sky130_fd_sc_hd__inv_2)
                                                         _05_ (net)
                      0.056889    0.000082    2.361872 ^ _21_/RESET_B (sky130_fd_sc_hd__dfrtp_1)
                                              2.361872   data arrival time

                                  0.000000    0.000000   clock clk (rise edge)
                                  0.000000    0.000000   clock source latency
     1    0.010141    0.082100    0.053152    0.053152 ^ clk (in)
                                                         clk (net)
                      0.082101    0.000000    0.053152 ^ clkbuf_0_clk/A (sky130_fd_sc_hd__clkbuf_16)
     2    0.017343    0.064114    0.223258    0.276410 ^ clkbuf_0_clk/X (sky130_fd_sc_hd__clkbuf_16)
                                                         clknet_0_clk (net)
                      0.064114    0.000271    0.276681 ^ clkbuf_1_1__f_clk/A (sky130_fd_sc_hd__clkbuf_16)
     2    0.006174    0.049408    0.197682    0.474363 ^ clkbuf_1_1__f_clk/X (sky130_fd_sc_hd__clkbuf_16)
                                                         clknet_1_1__leaf_clk (net)
                      0.049408    0.000160    0.474523 ^ _21_/CLK (sky130_fd_sc_hd__dfrtp_1)
                                  0.250000    0.724523   clock uncertainty
                                  0.000000    0.724523   clock reconvergence pessimism
                                  0.647212    1.371735   library removal time
                                              1.371735   data required time
---------------------------------------------------------------------------------------------
                                              1.371735   data required time
                                             -2.361872   data arrival time
---------------------------------------------------------------------------------------------
                                              0.990137   slack (MET)


Startpoint: rst (input port clocked by clk)
Endpoint: _22_ (removal check against rising-edge clock clk)
Path Group: asynchronous
Path Type: min

Fanout         Cap        Slew       Delay        Time   Description
---------------------------------------------------------------------------------------------
                                  0.000000    0.000000   clock clk (rise edge)
                                  0.000000    0.000000   clock network delay (propagated)
                                  2.000000    2.000000 v input external delay
     1    0.003240    0.020154    0.010629    2.010629 v rst (in)
                                                         rst (net)
                      0.020154    0.000000    2.010629 v input1/A (sky130_fd_sc_hd__clkbuf_2)
     4    0.020585    0.151464    0.247377    2.258005 v input1/X (sky130_fd_sc_hd__clkbuf_2)
                                                         net1 (net)
                      0.151465    0.000621    2.258626 v _18_/A (sky130_fd_sc_hd__inv_2)
     1    0.003753    0.056196    0.102221    2.360847 ^ _18_/Y (sky130_fd_sc_hd__inv_2)
                                                         _06_ (net)
                      0.056196    0.000076    2.360924 ^ _22_/RESET_B (sky130_fd_sc_hd__dfrtp_1)
                                              2.360924   data arrival time

                                  0.000000    0.000000   clock clk (rise edge)
                                  0.000000    0.000000   clock source latency
     1    0.010141    0.082100    0.053152    0.053152 ^ clk (in)
                                                         clk (net)
                      0.082101    0.000000    0.053152 ^ clkbuf_0_clk/A (sky130_fd_sc_hd__clkbuf_16)
     2    0.017343    0.064114    0.223258    0.276410 ^ clkbuf_0_clk/X (sky130_fd_sc_hd__clkbuf_16)
                                                         clknet_0_clk (net)
                      0.064114    0.000365    0.276775 ^ clkbuf_1_0__f_clk/A (sky130_fd_sc_hd__clkbuf_16)
     2    0.004619    0.047281    0.194742    0.471517 ^ clkbuf_1_0__f_clk/X (sky130_fd_sc_hd__clkbuf_16)
                                                         clknet_1_0__leaf_clk (net)
                      0.047282    0.000098    0.471615 ^ _22_/CLK (sky130_fd_sc_hd__dfrtp_1)
                                  0.250000    0.721615   clock uncertainty
                                  0.000000    0.721615   clock reconvergence pessimism
                                  0.646357    1.367972   library removal time
                                              1.367972   data required time
---------------------------------------------------------------------------------------------
                                              1.367972   data required time
                                             -2.360924   data arrival time
---------------------------------------------------------------------------------------------
                                              0.992952   slack (MET)


Startpoint: rst (input port clocked by clk)
Endpoint: _20_ (removal check against rising-edge clock clk)
Path Group: asynchronous
Path Type: min

Fanout         Cap        Slew       Delay        Time   Description
---------------------------------------------------------------------------------------------
                                  0.000000    0.000000   clock clk (rise edge)
                                  0.000000    0.000000   clock network delay (propagated)
                                  2.000000    2.000000 v input external delay
     1    0.003240    0.020154    0.010629    2.010629 v rst (in)
                                                         rst (net)
                      0.020154    0.000000    2.010629 v input1/A (sky130_fd_sc_hd__clkbuf_2)
     4    0.020585    0.151464    0.247377    2.258005 v input1/X (sky130_fd_sc_hd__clkbuf_2)
                                                         net1 (net)
                      0.151464    0.000363    2.258368 v _11_/A (sky130_fd_sc_hd__inv_2)
     1    0.004471    0.060428    0.107497    2.365866 ^ _11_/Y (sky130_fd_sc_hd__inv_2)
                                                         _04_ (net)
                      0.060428    0.000103    2.365969 ^ _20_/RESET_B (sky130_fd_sc_hd__dfrtp_1)
                                              2.365969   data arrival time

                                  0.000000    0.000000   clock clk (rise edge)
                                  0.000000    0.000000   clock source latency
     1    0.010141    0.082100    0.053152    0.053152 ^ clk (in)
                                                         clk (net)
                      0.082101    0.000000    0.053152 ^ clkbuf_0_clk/A (sky130_fd_sc_hd__clkbuf_16)
     2    0.017343    0.064114    0.223258    0.276410 ^ clkbuf_0_clk/X (sky130_fd_sc_hd__clkbuf_16)
                                                         clknet_0_clk (net)
                      0.064114    0.000365    0.276775 ^ clkbuf_1_0__f_clk/A (sky130_fd_sc_hd__clkbuf_16)
     2    0.004619    0.047281    0.194742    0.471517 ^ clkbuf_1_0__f_clk/X (sky130_fd_sc_hd__clkbuf_16)
                                                         clknet_1_0__leaf_clk (net)
                      0.047282    0.000106    0.471622 ^ _20_/CLK (sky130_fd_sc_hd__dfrtp_1)
                                  0.250000    0.721622   clock uncertainty
                                  0.000000    0.721622   clock reconvergence pessimism
                                  0.647658    1.369280   library removal time
                                              1.369280   data required time
---------------------------------------------------------------------------------------------
                                              1.369280   data required time
                                             -2.365969   data arrival time
---------------------------------------------------------------------------------------------
                                              0.996688   slack (MET)


Startpoint: _22_ (rising edge-triggered flip-flop clocked by clk)
Endpoint: _23_ (rising edge-triggered flip-flop clocked by clk)
Path Group: clk
Path Type: min

Fanout         Cap        Slew       Delay        Time   Description
---------------------------------------------------------------------------------------------
                                  0.000000    0.000000   clock clk (rise edge)
                                  0.000000    0.000000   clock source latency
     1    0.010141    0.082100    0.053152    0.053152 ^ clk (in)
                                                         clk (net)
                      0.082101    0.000000    0.053152 ^ clkbuf_0_clk/A (sky130_fd_sc_hd__clkbuf_16)
     2    0.017343    0.064114    0.223258    0.276410 ^ clkbuf_0_clk/X (sky130_fd_sc_hd__clkbuf_16)
                                                         clknet_0_clk (net)
                      0.064114    0.000365    0.276775 ^ clkbuf_1_0__f_clk/A (sky130_fd_sc_hd__clkbuf_16)
     2    0.004619    0.047281    0.194742    0.471517 ^ clkbuf_1_0__f_clk/X (sky130_fd_sc_hd__clkbuf_16)
                                                         clknet_1_0__leaf_clk (net)
                      0.047282    0.000098    0.471615 ^ _22_/CLK (sky130_fd_sc_hd__dfrtp_1)
     3    0.007762    0.137986    0.682100    1.153714 ^ _22_/Q (sky130_fd_sc_hd__dfrtp_1)
                                                         net4 (net)
                      0.137986    0.000161    1.153875 ^ _14_/C (sky130_fd_sc_hd__and3_1)
     2    0.008340    0.159798    0.394885    1.548760 ^ _14_/X (sky130_fd_sc_hd__and3_1)
                                                         _09_ (net)
                      0.159798    0.000208    1.548969 ^ _16_/B (sky130_fd_sc_hd__xor2_1)
     1    0.002286    0.063712    0.149605    1.698574 v _16_/X (sky130_fd_sc_hd__xor2_1)
                                                         _03_ (net)
                      0.063712    0.000064    1.698638 v _23_/D (sky130_fd_sc_hd__dfrtp_1)
                                              1.698638   data arrival time

                                  0.000000    0.000000   clock clk (rise edge)
                                  0.000000    0.000000   clock source latency
     1    0.010141    0.082100    0.053152    0.053152 ^ clk (in)
                                                         clk (net)
                      0.082101    0.000000    0.053152 ^ clkbuf_0_clk/A (sky130_fd_sc_hd__clkbuf_16)
     2    0.017343    0.064114    0.223258    0.276410 ^ clkbuf_0_clk/X (sky130_fd_sc_hd__clkbuf_16)
                                                         clknet_0_clk (net)
                      0.064114    0.000271    0.276681 ^ clkbuf_1_1__f_clk/A (sky130_fd_sc_hd__clkbuf_16)
     2    0.006174    0.049408    0.197682    0.474363 ^ clkbuf_1_1__f_clk/X (sky130_fd_sc_hd__clkbuf_16)
                                                         clknet_1_1__leaf_clk (net)
                      0.049408    0.000170    0.474533 ^ _23_/CLK (sky130_fd_sc_hd__dfrtp_1)
                                  0.250000    0.724533   clock uncertainty
                                  0.000000    0.724533   clock reconvergence pessimism
                                 -0.099906    0.624627   library hold time
                                              0.624627   data required time
---------------------------------------------------------------------------------------------
                                              0.624627   data required time
                                             -1.698638   data arrival time
---------------------------------------------------------------------------------------------
                                              1.074012   slack (MET)


Startpoint: _20_ (rising edge-triggered flip-flop clocked by clk)
Endpoint: _20_ (rising edge-triggered flip-flop clocked by clk)
Path Group: clk
Path Type: min

Fanout         Cap        Slew       Delay        Time   Description
---------------------------------------------------------------------------------------------
                                  0.000000    0.000000   clock clk (rise edge)
                                  0.000000    0.000000   clock source latency
     1    0.010141    0.082100    0.053152    0.053152 ^ clk (in)
                                                         clk (net)
                      0.082101    0.000000    0.053152 ^ clkbuf_0_clk/A (sky130_fd_sc_hd__clkbuf_16)
     2    0.017343    0.064114    0.223258    0.276410 ^ clkbuf_0_clk/X (sky130_fd_sc_hd__clkbuf_16)
                                                         clknet_0_clk (net)
                      0.064114    0.000365    0.276775 ^ clkbuf_1_0__f_clk/A (sky130_fd_sc_hd__clkbuf_16)
     2    0.004619    0.047281    0.194742    0.471517 ^ clkbuf_1_0__f_clk/X (sky130_fd_sc_hd__clkbuf_16)
                                                         clknet_1_0__leaf_clk (net)
                      0.047282    0.000106    0.471622 ^ _20_/CLK (sky130_fd_sc_hd__dfrtp_1)
     4    0.012649    0.199211    0.733677    1.205300 ^ _20_/Q (sky130_fd_sc_hd__dfrtp_1)
                                                         net2 (net)
                      0.199211    0.000254    1.205554 ^ hold2/A (sky130_fd_sc_hd__dlygate4sd3_1)
     2    0.009661    0.184422    1.179834    2.385388 ^ hold2/X (sky130_fd_sc_hd__dlygate4sd3_1)
                                                         net7 (net)
                      0.184422    0.000138    2.385526 ^ _10_/A (sky130_fd_sc_hd__inv_2)
     1    0.002707    0.041384    0.087062    2.472588 v _10_/Y (sky130_fd_sc_hd__inv_2)
                                                         _00_ (net)
                      0.041385    0.000081    2.472668 v _20_/D (sky130_fd_sc_hd__dfrtp_1)
                                              2.472668   data arrival time

                                  0.000000    0.000000   clock clk (rise edge)
                                  0.000000    0.000000   clock source latency
     1    0.010141    0.082100    0.053152    0.053152 ^ clk (in)
                                                         clk (net)
                      0.082101    0.000000    0.053152 ^ clkbuf_0_clk/A (sky130_fd_sc_hd__clkbuf_16)
     2    0.017343    0.064114    0.223258    0.276410 ^ clkbuf_0_clk/X (sky130_fd_sc_hd__clkbuf_16)
                                                         clknet_0_clk (net)
                      0.064114    0.000365    0.276775 ^ clkbuf_1_0__f_clk/A (sky130_fd_sc_hd__clkbuf_16)
     2    0.004619    0.047281    0.194742    0.471517 ^ clkbuf_1_0__f_clk/X (sky130_fd_sc_hd__clkbuf_16)
                                                         clknet_1_0__leaf_clk (net)
                      0.047282    0.000106    0.471622 ^ _20_/CLK (sky130_fd_sc_hd__dfrtp_1)
                                  0.250000    0.721622   clock uncertainty
                                  0.000000    0.721622   clock reconvergence pessimism
                                 -0.092135    0.629487   library hold time
                                              0.629487   data required time
---------------------------------------------------------------------------------------------
                                              0.629487   data required time
                                             -2.472668   data arrival time
---------------------------------------------------------------------------------------------
                                              1.843181   slack (MET)


Startpoint: _21_ (rising edge-triggered flip-flop clocked by clk)
Endpoint: _21_ (rising edge-triggered flip-flop clocked by clk)
Path Group: clk
Path Type: min

Fanout         Cap        Slew       Delay        Time   Description
---------------------------------------------------------------------------------------------
                                  0.000000    0.000000   clock clk (rise edge)
                                  0.000000    0.000000   clock source latency
     1    0.010141    0.082100    0.053152    0.053152 ^ clk (in)
                                                         clk (net)
                      0.082101    0.000000    0.053152 ^ clkbuf_0_clk/A (sky130_fd_sc_hd__clkbuf_16)
     2    0.017343    0.064114    0.223258    0.276410 ^ clkbuf_0_clk/X (sky130_fd_sc_hd__clkbuf_16)
                                                         clknet_0_clk (net)
                      0.064114    0.000271    0.276681 ^ clkbuf_1_1__f_clk/A (sky130_fd_sc_hd__clkbuf_16)
     2    0.006174    0.049408    0.197682    0.474363 ^ clkbuf_1_1__f_clk/X (sky130_fd_sc_hd__clkbuf_16)
                                                         clknet_1_1__leaf_clk (net)
                      0.049408    0.000160    0.474523 ^ _21_/CLK (sky130_fd_sc_hd__dfrtp_1)
     4    0.013143    0.203865    0.739838    1.214362 ^ _21_/Q (sky130_fd_sc_hd__dfrtp_1)
                                                         net3 (net)
                      0.203865    0.000279    1.214640 ^ hold3/A (sky130_fd_sc_hd__dlygate4sd3_1)
     1    0.005760    0.131606    1.134838    2.349479 ^ hold3/X (sky130_fd_sc_hd__dlygate4sd3_1)
                                                         net8 (net)
                      0.131606    0.000141    2.349620 ^ _12_/B (sky130_fd_sc_hd__xor2_1)
     1    0.003479    0.073402    0.151678    2.501298 v _12_/X (sky130_fd_sc_hd__xor2_1)
                                                         _01_ (net)
                      0.073402    0.000102    2.501400 v _21_/D (sky130_fd_sc_hd__dfrtp_1)
                                              2.501400   data arrival time

                                  0.000000    0.000000   clock clk (rise edge)
                                  0.000000    0.000000   clock source latency
     1    0.010141    0.082100    0.053152    0.053152 ^ clk (in)
                                                         clk (net)
                      0.082101    0.000000    0.053152 ^ clkbuf_0_clk/A (sky130_fd_sc_hd__clkbuf_16)
     2    0.017343    0.064114    0.223258    0.276410 ^ clkbuf_0_clk/X (sky130_fd_sc_hd__clkbuf_16)
                                                         clknet_0_clk (net)
                      0.064114    0.000271    0.276681 ^ clkbuf_1_1__f_clk/A (sky130_fd_sc_hd__clkbuf_16)
     2    0.006174    0.049408    0.197682    0.474363 ^ clkbuf_1_1__f_clk/X (sky130_fd_sc_hd__clkbuf_16)
                                                         clknet_1_1__leaf_clk (net)
                      0.049408    0.000160    0.474523 ^ _21_/CLK (sky130_fd_sc_hd__dfrtp_1)
                                  0.250000    0.724523   clock uncertainty
                                  0.000000    0.724523   clock reconvergence pessimism
                                 -0.103504    0.621020   library hold time
                                              0.621020   data required time
---------------------------------------------------------------------------------------------
                                              0.621020   data required time
                                             -2.501400   data arrival time
---------------------------------------------------------------------------------------------
                                              1.880380   slack (MET)


Startpoint: _23_ (rising edge-triggered flip-flop clocked by clk)
Endpoint: out[3] (output port clocked by clk)
Path Group: clk
Path Type: min

Fanout         Cap        Slew       Delay        Time   Description
---------------------------------------------------------------------------------------------
                                  0.000000    0.000000   clock clk (rise edge)
                                  0.000000    0.000000   clock source latency
     1    0.010141    0.082100    0.053152    0.053152 ^ clk (in)
                                                         clk (net)
                      0.082101    0.000000    0.053152 ^ clkbuf_0_clk/A (sky130_fd_sc_hd__clkbuf_16)
     2    0.017343    0.064114    0.223258    0.276410 ^ clkbuf_0_clk/X (sky130_fd_sc_hd__clkbuf_16)
                                                         clknet_0_clk (net)
                      0.064114    0.000271    0.276681 ^ clkbuf_1_1__f_clk/A (sky130_fd_sc_hd__clkbuf_16)
     2    0.006174    0.049408    0.197682    0.474363 ^ clkbuf_1_1__f_clk/X (sky130_fd_sc_hd__clkbuf_16)
                                                         clknet_1_1__leaf_clk (net)
                      0.049408    0.000170    0.474533 ^ _23_/CLK (sky130_fd_sc_hd__dfrtp_1)
     2    0.004631    0.100510    0.650040    1.124573 ^ _23_/Q (sky130_fd_sc_hd__dfrtp_1)
                                                         net5 (net)
                      0.100510    0.000099    1.124672 ^ output5/A (sky130_fd_sc_hd__buf_2)
     1    0.034333    0.272696    0.358011    1.482683 ^ output5/X (sky130_fd_sc_hd__buf_2)
                                                         out[3] (net)
                      0.272696    0.000734    1.483416 ^ out[3] (out)
                                              1.483416   data arrival time

                                  0.000000    0.000000   clock clk (rise edge)
                                  0.000000    0.000000   clock network delay (propagated)
                                  0.250000    0.250000   clock uncertainty
                                  0.000000    0.250000   clock reconvergence pessimism
                                 -2.000000   -1.750000   output external delay
                                             -1.750000   data required time
---------------------------------------------------------------------------------------------
                                             -1.750000   data required time
                                             -1.483416   data arrival time
---------------------------------------------------------------------------------------------
                                              3.233416   slack (MET)


Startpoint: _22_ (rising edge-triggered flip-flop clocked by clk)
Endpoint: out[2] (output port clocked by clk)
Path Group: clk
Path Type: min

Fanout         Cap        Slew       Delay        Time   Description
---------------------------------------------------------------------------------------------
                                  0.000000    0.000000   clock clk (rise edge)
                                  0.000000    0.000000   clock source latency
     1    0.010141    0.082100    0.053152    0.053152 ^ clk (in)
                                                         clk (net)
                      0.082101    0.000000    0.053152 ^ clkbuf_0_clk/A (sky130_fd_sc_hd__clkbuf_16)
     2    0.017343    0.064114    0.223258    0.276410 ^ clkbuf_0_clk/X (sky130_fd_sc_hd__clkbuf_16)
                                                         clknet_0_clk (net)
                      0.064114    0.000365    0.276775 ^ clkbuf_1_0__f_clk/A (sky130_fd_sc_hd__clkbuf_16)
     2    0.004619    0.047281    0.194742    0.471517 ^ clkbuf_1_0__f_clk/X (sky130_fd_sc_hd__clkbuf_16)
                                                         clknet_1_0__leaf_clk (net)
                      0.047282    0.000098    0.471615 ^ _22_/CLK (sky130_fd_sc_hd__dfrtp_1)
     3    0.007762    0.137986    0.682100    1.153714 ^ _22_/Q (sky130_fd_sc_hd__dfrtp_1)
                                                         net4 (net)
                      0.137986    0.000143    1.153857 ^ output4/A (sky130_fd_sc_hd__buf_2)
     1    0.034463    0.273740    0.376262    1.530119 ^ output4/X (sky130_fd_sc_hd__buf_2)
                                                         out[2] (net)
                      0.273740    0.000763    1.530882 ^ out[2] (out)
                                              1.530882   data arrival time

                                  0.000000    0.000000   clock clk (rise edge)
                                  0.000000    0.000000   clock network delay (propagated)
                                  0.250000    0.250000   clock uncertainty
                                  0.000000    0.250000   clock reconvergence pessimism
                                 -2.000000   -1.750000   output external delay
                                             -1.750000   data required time
---------------------------------------------------------------------------------------------
                                             -1.750000   data required time
                                             -1.530882   data arrival time
---------------------------------------------------------------------------------------------
                                              3.280882   slack (MET)


Startpoint: _20_ (rising edge-triggered flip-flop clocked by clk)
Endpoint: out[0] (output port clocked by clk)
Path Group: clk
Path Type: min

Fanout         Cap        Slew       Delay        Time   Description
---------------------------------------------------------------------------------------------
                                  0.000000    0.000000   clock clk (rise edge)
                                  0.000000    0.000000   clock source latency
     1    0.010141    0.082100    0.053152    0.053152 ^ clk (in)
                                                         clk (net)
                      0.082101    0.000000    0.053152 ^ clkbuf_0_clk/A (sky130_fd_sc_hd__clkbuf_16)
     2    0.017343    0.064114    0.223258    0.276410 ^ clkbuf_0_clk/X (sky130_fd_sc_hd__clkbuf_16)
                                                         clknet_0_clk (net)
                      0.064114    0.000365    0.276775 ^ clkbuf_1_0__f_clk/A (sky130_fd_sc_hd__clkbuf_16)
     2    0.004619    0.047281    0.194742    0.471517 ^ clkbuf_1_0__f_clk/X (sky130_fd_sc_hd__clkbuf_16)
                                                         clknet_1_0__leaf_clk (net)
                      0.047282    0.000106    0.471622 ^ _20_/CLK (sky130_fd_sc_hd__dfrtp_1)
     4    0.012649    0.199211    0.733677    1.205300 ^ _20_/Q (sky130_fd_sc_hd__dfrtp_1)
                                                         net2 (net)
                      0.199211    0.000300    1.205600 ^ output2/A (sky130_fd_sc_hd__buf_2)
     1    0.034384    0.273260    0.404587    1.610188 ^ output2/X (sky130_fd_sc_hd__buf_2)
                                                         out[0] (net)
                      0.273260    0.000722    1.610910 ^ out[0] (out)
                                              1.610910   data arrival time

                                  0.000000    0.000000   clock clk (rise edge)
                                  0.000000    0.000000   clock network delay (propagated)
                                  0.250000    0.250000   clock uncertainty
                                  0.000000    0.250000   clock reconvergence pessimism
                                 -2.000000   -1.750000   output external delay
                                             -1.750000   data required time
---------------------------------------------------------------------------------------------
                                             -1.750000   data required time
                                             -1.610910   data arrival time
---------------------------------------------------------------------------------------------
                                              3.360910   slack (MET)


Startpoint: _21_ (rising edge-triggered flip-flop clocked by clk)
Endpoint: out[1] (output port clocked by clk)
Path Group: clk
Path Type: min

Fanout         Cap        Slew       Delay        Time   Description
---------------------------------------------------------------------------------------------
                                  0.000000    0.000000   clock clk (rise edge)
                                  0.000000    0.000000   clock source latency
     1    0.010141    0.082100    0.053152    0.053152 ^ clk (in)
                                                         clk (net)
                      0.082101    0.000000    0.053152 ^ clkbuf_0_clk/A (sky130_fd_sc_hd__clkbuf_16)
     2    0.017343    0.064114    0.223258    0.276410 ^ clkbuf_0_clk/X (sky130_fd_sc_hd__clkbuf_16)
                                                         clknet_0_clk (net)
                      0.064114    0.000271    0.276681 ^ clkbuf_1_1__f_clk/A (sky130_fd_sc_hd__clkbuf_16)
     2    0.006174    0.049408    0.197682    0.474363 ^ clkbuf_1_1__f_clk/X (sky130_fd_sc_hd__clkbuf_16)
                                                         clknet_1_1__leaf_clk (net)
                      0.049408    0.000160    0.474523 ^ _21_/CLK (sky130_fd_sc_hd__dfrtp_1)
     4    0.013143    0.203865    0.739838    1.214362 ^ _21_/Q (sky130_fd_sc_hd__dfrtp_1)
                                                         net3 (net)
                      0.203865    0.000301    1.214663 ^ output3/A (sky130_fd_sc_hd__buf_2)
     1    0.033960    0.270100    0.404581    1.619244 ^ output3/X (sky130_fd_sc_hd__buf_2)
                                                         out[1] (net)
                      0.270100    0.000631    1.619874 ^ out[1] (out)
                                              1.619874   data arrival time

                                  0.000000    0.000000   clock clk (rise edge)
                                  0.000000    0.000000   clock network delay (propagated)
                                  0.250000    0.250000   clock uncertainty
                                  0.000000    0.250000   clock reconvergence pessimism
                                 -2.000000   -1.750000   output external delay
                                             -1.750000   data required time
---------------------------------------------------------------------------------------------
                                             -1.750000   data required time
                                             -1.619874   data arrival time
---------------------------------------------------------------------------------------------
                                              3.369874   slack (MET)



