
===========================================================================
report_checks -path_delay max (Setup)
============================================================================
======================= nom_tt_025C_1v80 Corner ===================================

Startpoint: cin (input port clocked by clk)
Endpoint: cout (output port clocked by clk)
Path Group: clk
Path Type: max

Fanout         Cap        Slew       Delay        Time   Description
---------------------------------------------------------------------------------------------
                                  0.000000    0.000000   clock clk (rise edge)
                                  0.000000    0.000000   clock network delay (propagated)
                                  2.000000    2.000000 ^ input external delay
     1    0.002315    0.017683    0.008598    2.008598 ^ cin (in)
                                                         cin (net)
                      0.017683    0.000000    2.008598 ^ _0_/B (sky130_fd_sc_hd__and2_2)
     1    0.037448    0.196157    0.247174    2.255771 ^ _0_/X (sky130_fd_sc_hd__and2_2)
                                                         cout (net)
                      0.196157    0.000800    2.256571 ^ cout (out)
                                              2.256571   data arrival time

                                 10.000000   10.000000   clock clk (rise edge)
                                  0.000000   10.000000   clock network delay (propagated)
                                 -0.250000    9.750000   clock uncertainty
                                  0.000000    9.750000   clock reconvergence pessimism
                                 -2.000000    7.750000   output external delay
                                              7.750000   data required time
---------------------------------------------------------------------------------------------
                                              7.750000   data required time
                                             -2.256571   data arrival time
---------------------------------------------------------------------------------------------
                                              5.493429   slack (MET)



