100. Printing statistics.

=== control_unit ===

   Number of wires:                 11
   Number of wire bits:             13
   Number of public wires:           7
   Number of public wire bits:       9
   Number of ports:                  6
   Number of port bits:              7
   Number of memories:               0
   Number of memory bits:            0
   Number of processes:              0
   Number of cells:                 10
     $_ANDNOT_                       1
     $_AND_                          1
     $_MUX_                          1
     $_NOR_                          1
     $_NOT_                          2
     $_OR_                           1
     $_XOR_                          1
     sky130_fd_sc_hd__dfrtp_2        2

   Area for cell type $_NOT_ is unknown!
   Area for cell type $_AND_ is unknown!
   Area for cell type $_OR_ is unknown!
   Area for cell type $_NOR_ is unknown!
   Area for cell type $_XOR_ is unknown!
   Area for cell type $_ANDNOT_ is unknown!
   Area for cell type $_MUX_ is unknown!

   Chip area for module '\control_unit': 52.550400
     of which used for sequential elements: 52.550400 (100.00%)

