108. Printing statistics.

=== control_unit ===

   Number of wires:                 10
   Number of wire bits:             11
   Number of public wires:           8
   Number of public wire bits:       9
   Number of ports:                  6
   Number of port bits:              7
   Number of memories:               0
   Number of memory bits:            0
   Number of processes:              0
   Number of cells:                  8
     sky130_fd_sc_hd__and2_2         1
     sky130_fd_sc_hd__dfrtp_2        2
     sky130_fd_sc_hd__inv_2          2
     sky130_fd_sc_hd__o21ba_2        1
     sky130_fd_sc_hd__or2_2          1
     sky130_fd_sc_hd__xor2_2         1

   Chip area for module '\control_unit': 100.096000
     of which used for sequential elements: 52.550400 (52.50%)

