[WARNING ORD-0039] .openroad ignored with -python
                                Cells by Master                                 
┏━━━━━━━━━━━━━━━━━━━━━━━━━━━━━━━━━━━━━━━━━━━━━━━━━━━━━━━━━━━━━━━━┳━━━━━━━━━━━━━┓
┃ Cell                                                           ┃ Count       ┃
┡━━━━━━━━━━━━━━━━━━━━━━━━━━━━━━━━━━━━━━━━━━━━━━━━━━━━━━━━━━━━━━━━╇━━━━━━━━━━━━━┩
│ sky130_ef_sc_hd__decap_12                                      │ 118         │
│ sky130_fd_sc_hd__and2_1                                        │ 1           │
│ sky130_fd_sc_hd__buf_2                                         │ 1           │
│ sky130_fd_sc_hd__clkbuf_1                                      │ 2           │
│ sky130_fd_sc_hd__conb_1                                        │ 1           │
│ sky130_fd_sc_hd__decap_3                                       │ 37          │
│ sky130_fd_sc_hd__decap_4                                       │ 11          │
│ sky130_fd_sc_hd__decap_6                                       │ 14          │
│ sky130_fd_sc_hd__diode_2                                       │ 2           │
│ sky130_fd_sc_hd__fill_1                                        │ 42          │
│ sky130_fd_sc_hd__fill_2                                        │ 1           │
│ sky130_fd_sc_hd__tapvpwrvgnd_1                                 │ 34          │
└────────────────────────────────────────────────────────────────┴─────────────┘
                               Cells by Function                                
┏━━━━━━━━━━━━━━━━━━━━━━━━━━━━━━━━━━━━━━━━━━━━━━━━━━━━━━━━━━━━━━━┳━━━━━━━━━━━━━━┓
┃ Cell Function                                                 ┃ Count        ┃
┡━━━━━━━━━━━━━━━━━━━━━━━━━━━━━━━━━━━━━━━━━━━━━━━━━━━━━━━━━━━━━━━╇━━━━━━━━━━━━━━┩
│ sky130_ef_sc_hd__decap                                        │ 118          │
│ sky130_fd_sc_hd__and2                                         │ 1            │
│ sky130_fd_sc_hd__buf                                          │ 1            │
│ sky130_fd_sc_hd__clkbuf                                       │ 2            │
│ sky130_fd_sc_hd__conb                                         │ 1            │
│ sky130_fd_sc_hd__decap                                        │ 62           │
│ sky130_fd_sc_hd__diode                                        │ 2            │
│ sky130_fd_sc_hd__fill                                         │ 43           │
│ sky130_fd_sc_hd__tapvpwrvgnd                                  │ 34           │
└───────────────────────────────────────────────────────────────┴──────────────┘
                                  Cells by SCL                                  
┏━━━━━━━━━━━━━━━━━━━━━━━━━━━━━━━━━━━━━━━━━━━━━━━━━━━━━━━┳━━━━━━━━━━━━━━━━━━━━━━┓
┃ SCL                                                   ┃ Count                ┃
┡━━━━━━━━━━━━━━━━━━━━━━━━━━━━━━━━━━━━━━━━━━━━━━━━━━━━━━━╇━━━━━━━━━━━━━━━━━━━━━━┩
│ sky130_ef_sc_hd                                       │ 118                  │
│ sky130_fd_sc_hd                                       │ 146                  │
└───────────────────────────────────────────────────────┴──────────────────────┘
                             Buffers by Cell Master                             
┏━━━━━━━━━━━━━━━━━━━━━━━━━━━━━━━━━━━━━━━━━━━━━━━━━━━━━━━━━━━━━━┳━━━━━━━━━━━━━━━┓
┃ Buffer                                                       ┃ Count         ┃
┡━━━━━━━━━━━━━━━━━━━━━━━━━━━━━━━━━━━━━━━━━━━━━━━━━━━━━━━━━━━━━━╇━━━━━━━━━━━━━━━┩
│ sky130_fd_sc_hd__buf_2                                       │ 1             │
│ sky130_fd_sc_hd__clkbuf_1                                    │ 2             │
└──────────────────────────────────────────────────────────────┴───────────────┘
