130. Printing statistics.

=== nano_cpu ===

   Number of wires:                202
   Number of wire bits:            237
   Number of public wires:           7
   Number of public wire bits:      35
   Number of ports:                  5
   Number of port bits:             26
   Number of memories:               0
   Number of memory bits:            0
   Number of processes:              0
   Number of cells:                227
     $_ANDNOT_                      47
     $_AND_                          2
     $_MUX_                         69
     $_NAND_                         9
     $_NOR_                         12
     $_NOT_                         11
     $_ORNOT_                        4
     $_OR_                          22
     $_XNOR_                        11
     $_XOR_                         15
     sky130_fd_sc_hd__dfxtp_2       25

   Area for cell type $_NOT_ is unknown!
   Area for cell type $_AND_ is unknown!
   Area for cell type $_NAND_ is unknown!
   Area for cell type $_OR_ is unknown!
   Area for cell type $_NOR_ is unknown!
   Area for cell type $_XOR_ is unknown!
   Area for cell type $_XNOR_ is unknown!
   Area for cell type $_ANDNOT_ is unknown!
   Area for cell type $_ORNOT_ is unknown!
   Area for cell type $_MUX_ is unknown!

   Chip area for module '\nano_cpu': 531.760000
     of which used for sequential elements: 531.760000 (100.00%)

