138. Printing statistics.

=== nano_cpu ===

   Number of wires:                144
   Number of wire bits:            165
   Number of public wires:          14
   Number of public wire bits:      35
   Number of ports:                  5
   Number of port bits:             26
   Number of memories:               0
   Number of memory bits:            0
   Number of processes:              0
   Number of cells:                155
     sky130_fd_sc_hd__a211o_2        1
     sky130_fd_sc_hd__a211oi_2       2
     sky130_fd_sc_hd__a21bo_2        1
     sky130_fd_sc_hd__a21o_2         4
     sky130_fd_sc_hd__a21oi_2        6
     sky130_fd_sc_hd__a2bb2o_2       2
     sky130_fd_sc_hd__a31o_2         4
     sky130_fd_sc_hd__and2_2        17
     sky130_fd_sc_hd__and2b_2        6
     sky130_fd_sc_hd__and3_2         6
     sky130_fd_sc_hd__and4b_2        1
     sky130_fd_sc_hd__dfxtp_2       25
     sky130_fd_sc_hd__inv_2          5
     sky130_fd_sc_hd__mux2_1        12
     sky130_fd_sc_hd__nand2_2        6
     sky130_fd_sc_hd__nand2b_2       2
     sky130_fd_sc_hd__nand3b_2       2
     sky130_fd_sc_hd__nor2_2        12
     sky130_fd_sc_hd__o211a_2        4
     sky130_fd_sc_hd__o21a_2         5
     sky130_fd_sc_hd__o21ai_2        6
     sky130_fd_sc_hd__o221a_2        1
     sky130_fd_sc_hd__o2bb2a_2       5
     sky130_fd_sc_hd__o311a_2        3
     sky130_fd_sc_hd__o31ai_2        1
     sky130_fd_sc_hd__or2_2          2
     sky130_fd_sc_hd__or3_2          2
     sky130_fd_sc_hd__or3b_2         1
     sky130_fd_sc_hd__or4_2          2
     sky130_fd_sc_hd__xnor2_2        4
     sky130_fd_sc_hd__xor2_2         5

   Chip area for module '\nano_cpu': 1715.395200
     of which used for sequential elements: 531.760000 (31.00%)

