
 /----------------------------------------------------------------------------\
 |  yosys -- Yosys Open SYnthesis Suite                                       |
 |  Copyright (C) 2012 - 2024  Claire Xenia Wolf <claire@yosyshq.com>         |
 |  Distributed under an ISC-like license, type "license" to see terms        |
 \----------------------------------------------------------------------------/
 Yosys 0.46 (git sha1 e97731b9dda91fa5fa53ed87df7c34163ba59a41, clang++ 17.0.6 -fPIC -O3)
Loaded SDC plugin

1. Executing Liberty frontend: /home/yaser/.volare/volare/sky130/versions/0fe599b2afb6708d281543108caf8310912f54af/sky130A/libs.ref/sky130_fd_sc_hd/lib/sky130_fd_sc_hd__tt_025C_1v80.lib
Imported 428 cell types from liberty file.
[INFO] Using SDC file '/home/yaser/CMOS_Tapeouts/clb/runs/RUN_2026-06-01_14-01-11/06-yosys-synthesis/synthesis.abc.sdc' for ABC…

2. Executing Verilog-2005 frontend: /home/yaser/CMOS_Tapeouts/clb/src/clb.v
Parsing SystemVerilog input from `/home/yaser/CMOS_Tapeouts/clb/src/clb.v' to AST representation.
Storing AST representation for module `$abstract\clb'.
Successfully finished Verilog frontend.

3. Executing HIERARCHY pass (managing design hierarchy).

4. Executing AST frontend in derive mode using pre-parsed AST for module `\clb'.
Generating RTLIL representation for module `\clb'.

4.1. Analyzing design hierarchy..
Top module:  \clb

4.2. Analyzing design hierarchy..
Top module:  \clb
Removing unused module `$abstract\clb'.
Removed 1 unused modules.
Renaming module clb to clb.

5. Generating Graphviz representation of design.
Writing dot description to `/home/yaser/CMOS_Tapeouts/clb/runs/RUN_2026-06-01_14-01-11/06-yosys-synthesis/hierarchy.dot'.
Dumping module clb to page 1.

6. Executing TRIBUF pass.

7. Executing HIERARCHY pass (managing design hierarchy).

7.1. Analyzing design hierarchy..
Top module:  \clb

7.2. Analyzing design hierarchy..
Top module:  \clb
Removed 0 unused modules.

8. Executing PROC_CLEAN pass (remove empty switches from decision trees).
Cleaned up 0 empty switches.

9. Executing PROC_RMDEAD pass (remove dead branches from decision trees).
Marked 1 switch rules as full_case in process $proc$/home/yaser/CMOS_Tapeouts/clb/src/clb.v:26$2 in module clb.
Removed a total of 0 dead cases.

10. Executing PROC_PRUNE pass (remove redundant assignments in processes).
Removed 1 redundant assignment.
Promoted 0 assignments to connections.

11. Executing PROC_INIT pass (extract init attributes).

12. Executing PROC_ARST pass (detect async resets in processes).

13. Executing PROC_ROM pass (convert switches to ROMs).
Converted 0 switches.
<suppressed ~1 debug messages>

14. Executing PROC_MUX pass (convert decision trees to multiplexers).
Creating decoders for process `\clb.$proc$/home/yaser/CMOS_Tapeouts/clb/src/clb.v:26$2'.
     1/1: $0\ff_q[0:0]

15. Executing PROC_DLATCH pass (convert process syncs to latches).

16. Executing PROC_DFF pass (convert process syncs to FFs).
Creating register for signal `\clb.\ff_q' using process `\clb.$proc$/home/yaser/CMOS_Tapeouts/clb/src/clb.v:26$2'.
  created $dff cell `$procdff$12' with positive edge clock.

17. Executing PROC_MEMWR pass (convert process memory writes to cells).

18. Executing PROC_CLEAN pass (remove empty switches from decision trees).
Found and cleaned up 1 empty switch in `\clb.$proc$/home/yaser/CMOS_Tapeouts/clb/src/clb.v:26$2'.
Removing empty process `clb.$proc$/home/yaser/CMOS_Tapeouts/clb/src/clb.v:26$2'.
Cleaned up 1 empty switch.

19. Executing CHECK pass (checking for obvious problems).
Checking module clb...
Found and reported 0 problems.

20. Executing OPT_EXPR pass (perform const folding).
Optimizing module clb.

21. Executing FLATTEN pass (flatten design).

22. Executing OPT_EXPR pass (perform const folding).
Optimizing module clb.

23. Executing OPT_CLEAN pass (remove unused cells and wires).
Finding unused cells or wires in module \clb..
Removed 0 unused cells and 5 unused wires.
<suppressed ~1 debug messages>

24. Executing OPT_EXPR pass (perform const folding).
Optimizing module clb.

25. Executing OPT_MERGE pass (detect identical cells).
Finding identical cells in module `\clb'.
Removed a total of 0 cells.

26. Executing OPT_MUXTREE pass (detect dead branches in mux trees).
Running muxtree optimizer on module \clb..
  Creating internal representation of mux trees.
  Evaluating internal representation of mux trees.
  Analyzing evaluation results.
Removed 0 multiplexer ports.
<suppressed ~2 debug messages>

27. Executing OPT_REDUCE pass (consolidate $*mux and $reduce_* inputs).
  Optimizing cells in module \clb.
Performed a total of 0 changes.

28. Executing OPT_MERGE pass (detect identical cells).
Finding identical cells in module `\clb'.
Removed a total of 0 cells.

29. Executing OPT_DFF pass (perform DFF optimizations).

30. Executing OPT_CLEAN pass (remove unused cells and wires).
Finding unused cells or wires in module \clb..

31. Executing OPT_EXPR pass (perform const folding).
Optimizing module clb.

32. Executing FSM pass (extract and optimize FSM).

32.1. Executing FSM_DETECT pass (finding FSMs in design).

32.2. Executing FSM_EXTRACT pass (extracting FSM from design).

32.3. Executing FSM_OPT pass (simple optimizations of FSMs).

32.4. Executing OPT_CLEAN pass (remove unused cells and wires).
Finding unused cells or wires in module \clb..

32.5. Executing FSM_OPT pass (simple optimizations of FSMs).

32.6. Executing FSM_RECODE pass (re-assigning FSM state encoding).

32.7. Executing FSM_INFO pass (dumping all available information on FSM cells).

32.8. Executing FSM_MAP pass (mapping FSMs to basic logic).

33. Executing OPT_EXPR pass (perform const folding).
Optimizing module clb.

34. Executing OPT_MERGE pass (detect identical cells).
Finding identical cells in module `\clb'.
Removed a total of 0 cells.

35. Executing OPT_MUXTREE pass (detect dead branches in mux trees).
Running muxtree optimizer on module \clb..
  Creating internal representation of mux trees.
  Evaluating internal representation of mux trees.
  Analyzing evaluation results.
Removed 0 multiplexer ports.
<suppressed ~2 debug messages>

36. Executing OPT_REDUCE pass (consolidate $*mux and $reduce_* inputs).
  Optimizing cells in module \clb.
Performed a total of 0 changes.

37. Executing OPT_MERGE pass (detect identical cells).
Finding identical cells in module `\clb'.
Removed a total of 0 cells.

38. Executing OPT_DFF pass (perform DFF optimizations).
Adding SRST signal on $procdff$12 ($dff) from module clb (D = \lut_out, Q = \ff_q, rval = 1'0).

39. Executing OPT_CLEAN pass (remove unused cells and wires).
Finding unused cells or wires in module \clb..
Removed 1 unused cells and 1 unused wires.
<suppressed ~2 debug messages>

40. Executing OPT_EXPR pass (perform const folding).
Optimizing module clb.

41. Rerunning OPT passes. (Maybe there is more to do…)

42. Executing OPT_MUXTREE pass (detect dead branches in mux trees).
Running muxtree optimizer on module \clb..
  Creating internal representation of mux trees.
  Evaluating internal representation of mux trees.
  Analyzing evaluation results.
Removed 0 multiplexer ports.
<suppressed ~1 debug messages>

43. Executing OPT_REDUCE pass (consolidate $*mux and $reduce_* inputs).
  Optimizing cells in module \clb.
Performed a total of 0 changes.

44. Executing OPT_MERGE pass (detect identical cells).
Finding identical cells in module `\clb'.
Removed a total of 0 cells.

45. Executing OPT_DFF pass (perform DFF optimizations).

46. Executing OPT_CLEAN pass (remove unused cells and wires).
Finding unused cells or wires in module \clb..

47. Executing OPT_EXPR pass (perform const folding).
Optimizing module clb.

48. Executing WREDUCE pass (reducing word size of cells).

49. Executing PEEPOPT pass (run peephole optimizers).

50. Executing OPT_CLEAN pass (remove unused cells and wires).
Finding unused cells or wires in module \clb..

51. Executing ALUMACC pass (create $alu and $macc cells).
Extracting $alu and $macc cells in module clb:
  created 0 $alu and 0 $macc cells.

52. Executing SHARE pass (SAT-based resource sharing).

53. Executing OPT_EXPR pass (perform const folding).
Optimizing module clb.

54. Executing OPT_MERGE pass (detect identical cells).
Finding identical cells in module `\clb'.
Removed a total of 0 cells.

55. Executing OPT_MUXTREE pass (detect dead branches in mux trees).
Running muxtree optimizer on module \clb..
  Creating internal representation of mux trees.
  Evaluating internal representation of mux trees.
  Analyzing evaluation results.
Removed 0 multiplexer ports.
<suppressed ~1 debug messages>

56. Executing OPT_REDUCE pass (consolidate $*mux and $reduce_* inputs).
  Optimizing cells in module \clb.
Performed a total of 0 changes.

57. Executing OPT_MERGE pass (detect identical cells).
Finding identical cells in module `\clb'.
Removed a total of 0 cells.

58. Executing OPT_DFF pass (perform DFF optimizations).

59. Executing OPT_CLEAN pass (remove unused cells and wires).
Finding unused cells or wires in module \clb..

60. Executing OPT_EXPR pass (perform const folding).
Optimizing module clb.

61. Executing MEMORY pass.

61.1. Executing OPT_MEM pass (optimize memories).
Performed a total of 0 transformations.

61.2. Executing OPT_MEM_PRIORITY pass (removing unnecessary memory write priority relations).
Performed a total of 0 transformations.

61.3. Executing OPT_MEM_FEEDBACK pass (finding memory read-to-write feedback paths).

61.4. Executing MEMORY_BMUX2ROM pass (converting muxes to ROMs).

61.5. Executing MEMORY_DFF pass (merging $dff cells to $memrd).

61.6. Executing OPT_CLEAN pass (remove unused cells and wires).
Finding unused cells or wires in module \clb..

61.7. Executing MEMORY_SHARE pass (consolidating $memrd/$memwr cells).

61.8. Executing OPT_MEM_WIDEN pass (optimize memories where all ports are wide).
Performed a total of 0 transformations.

61.9. Executing OPT_CLEAN pass (remove unused cells and wires).
Finding unused cells or wires in module \clb..

61.10. Executing MEMORY_COLLECT pass (generating $mem cells).

62. Executing OPT_CLEAN pass (remove unused cells and wires).
Finding unused cells or wires in module \clb..

63. Executing OPT_EXPR pass (perform const folding).
Optimizing module clb.

64. Executing OPT_MERGE pass (detect identical cells).
Finding identical cells in module `\clb'.
Removed a total of 0 cells.

65. Executing OPT_DFF pass (perform DFF optimizations).

66. Executing OPT_CLEAN pass (remove unused cells and wires).
Finding unused cells or wires in module \clb..

67. Executing MEMORY_MAP pass (converting memories to logic and flip-flops).

68. Executing OPT_EXPR pass (perform const folding).
Optimizing module clb.

69. Executing OPT_MERGE pass (detect identical cells).
Finding identical cells in module `\clb'.
Removed a total of 0 cells.

70. Executing OPT_MUXTREE pass (detect dead branches in mux trees).
Running muxtree optimizer on module \clb..
  Creating internal representation of mux trees.
  Evaluating internal representation of mux trees.
  Analyzing evaluation results.
Removed 0 multiplexer ports.
<suppressed ~1 debug messages>

71. Executing OPT_REDUCE pass (consolidate $*mux and $reduce_* inputs).
  Optimizing cells in module \clb.
Performed a total of 0 changes.

72. Executing OPT_MERGE pass (detect identical cells).
Finding identical cells in module `\clb'.
Removed a total of 0 cells.

73. Executing OPT_SHARE pass.

74. Executing OPT_DFF pass (perform DFF optimizations).

75. Executing OPT_CLEAN pass (remove unused cells and wires).
Finding unused cells or wires in module \clb..

76. Executing OPT_EXPR pass (perform const folding).
Optimizing module clb.

77. Executing TECHMAP pass (map to technology primitives).

77.1. Executing Verilog-2005 frontend: /nix/store/9r0bh7sp051dpm8km8bqlb028anpd3v3-yosys/bin/../share/yosys/techmap.v
Parsing Verilog input from `/nix/store/9r0bh7sp051dpm8km8bqlb028anpd3v3-yosys/bin/../share/yosys/techmap.v' to AST representation.
Generating RTLIL representation for module `\_90_simplemap_bool_ops'.
Generating RTLIL representation for module `\_90_simplemap_reduce_ops'.
Generating RTLIL representation for module `\_90_simplemap_logic_ops'.
Generating RTLIL representation for module `\_90_simplemap_compare_ops'.
Generating RTLIL representation for module `\_90_simplemap_various'.
Generating RTLIL representation for module `\_90_simplemap_registers'.
Generating RTLIL representation for module `\_90_shift_ops_shr_shl_sshl_sshr'.
Generating RTLIL representation for module `\_90_shift_shiftx'.
Generating RTLIL representation for module `\_90_fa'.
Generating RTLIL representation for module `\_90_lcu_brent_kung'.
Generating RTLIL representation for module `\_90_alu'.
Generating RTLIL representation for module `\_90_macc'.
Generating RTLIL representation for module `\_90_alumacc'.
Generating RTLIL representation for module `\$__div_mod_u'.
Generating RTLIL representation for module `\$__div_mod_trunc'.
Generating RTLIL representation for module `\_90_div'.
Generating RTLIL representation for module `\_90_mod'.
Generating RTLIL representation for module `\$__div_mod_floor'.
Generating RTLIL representation for module `\_90_divfloor'.
Generating RTLIL representation for module `\_90_modfloor'.
Generating RTLIL representation for module `\_90_pow'.
Generating RTLIL representation for module `\_90_pmux'.
Generating RTLIL representation for module `\_90_demux'.
Generating RTLIL representation for module `\_90_lut'.
Successfully finished Verilog frontend.

77.2. Continuing TECHMAP pass.
Using template $paramod$constmap:53d00429d9e96058a48e1849eaa62be665db27eb$paramod$962bb79c2a50a422516483c1c9c06046761917ac\_90_shift_shiftx for cells of type $shiftx.
Using extmapper simplemap for cells of type $mux.
Using extmapper simplemap for cells of type $and.
Using extmapper simplemap for cells of type $or.
Using extmapper simplemap for cells of type $sdff.
No more expansions possible.
<suppressed ~238 debug messages>

78. Executing OPT_EXPR pass (perform const folding).
Optimizing module clb.
<suppressed ~42 debug messages>

79. Executing OPT_MERGE pass (detect identical cells).
Finding identical cells in module `\clb'.
Removed a total of 0 cells.

80. Executing OPT_DFF pass (perform DFF optimizations).
Setting constant 0-bit at position 0 on $auto$ff.cc:266:slice$128 ($_SDFF_PP0_) from module clb.

81. Executing OPT_CLEAN pass (remove unused cells and wires).
Finding unused cells or wires in module \clb..
Removed 26 unused cells and 13 unused wires.
<suppressed ~27 debug messages>

82. Rerunning OPT passes (Removed registers in this run.)

83. Executing OPT_EXPR pass (perform const folding).
Optimizing module clb.
<suppressed ~1 debug messages>

84. Executing OPT_MERGE pass (detect identical cells).
Finding identical cells in module `\clb'.
Removed a total of 0 cells.

85. Executing OPT_DFF pass (perform DFF optimizations).

86. Executing OPT_CLEAN pass (remove unused cells and wires).
Finding unused cells or wires in module \clb..

87. Executing OPT_EXPR pass (perform const folding).
Optimizing module clb.

88. Executing OPT_MERGE pass (detect identical cells).
Finding identical cells in module `\clb'.
Removed a total of 0 cells.

89. Executing OPT_DFF pass (perform DFF optimizations).

90. Executing OPT_CLEAN pass (remove unused cells and wires).
Finding unused cells or wires in module \clb..

91. Executing ABC pass (technology mapping using ABC).

91.1. Extracting gate netlist of module `\clb' to `<abc-temp-dir>/input.blif'..
Extracted 1 gates and 3 wires to a netlist network with 2 inputs and 1 outputs.

91.1.1. Executing ABC.
Running ABC command: "/nix/store/6l3aj1gi4lja8z5s4lan2k2cfz9mqkrz-yosys-abc/bin/abc" -s -f <abc-temp-dir>/abc.script 2>&1
ABC: ABC command line: "source <abc-temp-dir>/abc.script".
ABC: 
ABC: + read_blif <abc-temp-dir>/input.blif 
ABC: + read_library <abc-temp-dir>/stdcells.genlib 
ABC: Entered genlib library with 13 gates from file "<abc-temp-dir>/stdcells.genlib".
ABC: + strash 
ABC: + dretime 
ABC: + map 
ABC: + write_blif <abc-temp-dir>/output.blif 

91.1.2. Re-integrating ABC results.
ABC RESULTS:               AND cells:        1
ABC RESULTS:        internal signals:        0
ABC RESULTS:           input signals:        2
ABC RESULTS:          output signals:        1
Removing temp directory.

92. Executing OPT pass (performing simple optimizations).

92.1. Executing OPT_EXPR pass (perform const folding).
Optimizing module clb.

92.2. Executing OPT_MERGE pass (detect identical cells).
Finding identical cells in module `\clb'.
Removed a total of 0 cells.

92.3. Executing OPT_DFF pass (perform DFF optimizations).

92.4. Executing OPT_CLEAN pass (remove unused cells and wires).
Finding unused cells or wires in module \clb..
Removed 0 unused cells and 3 unused wires.
<suppressed ~1 debug messages>

92.5. Finished fast OPT passes.

93. Executing HIERARCHY pass (managing design hierarchy).

93.1. Analyzing design hierarchy..
Top module:  \clb

93.2. Analyzing design hierarchy..
Top module:  \clb
Removed 0 unused modules.

94. Executing CHECK pass (checking for obvious problems).
Checking module clb...
Found and reported 0 problems.

95. Printing statistics.

=== clb ===

   Number of wires:                  9
   Number of wire bits:             12
   Number of public wires:           9
   Number of public wire bits:      12
   Number of ports:                  7
   Number of port bits:             10
   Number of memories:               0
   Number of memory bits:            0
   Number of processes:              0
   Number of cells:                  1
     $_AND_                          1

96. Generating Graphviz representation of design.
Writing dot description to `/home/yaser/CMOS_Tapeouts/clb/runs/RUN_2026-06-01_14-01-11/06-yosys-synthesis/primitive_techmap.dot'.
Dumping module clb to page 1.

97. Executing OPT pass (performing simple optimizations).

97.1. Executing OPT_EXPR pass (perform const folding).
Optimizing module clb.

97.2. Executing OPT_MERGE pass (detect identical cells).
Finding identical cells in module `\clb'.
Removed a total of 0 cells.

97.3. Executing OPT_MUXTREE pass (detect dead branches in mux trees).
Running muxtree optimizer on module \clb..
  Creating internal representation of mux trees.
  No muxes found in this module.
Removed 0 multiplexer ports.

97.4. Executing OPT_REDUCE pass (consolidate $*mux and $reduce_* inputs).
  Optimizing cells in module \clb.
Performed a total of 0 changes.

97.5. Executing OPT_MERGE pass (detect identical cells).
Finding identical cells in module `\clb'.
Removed a total of 0 cells.

97.6. Executing OPT_DFF pass (perform DFF optimizations).

97.7. Executing OPT_CLEAN pass (remove unused cells and wires).
Finding unused cells or wires in module \clb..

97.8. Executing OPT_EXPR pass (perform const folding).
Optimizing module clb.

97.9. Finished OPT passes. (There is nothing left to do.)

98. Executing OPT_CLEAN pass (remove unused cells and wires).
Finding unused cells or wires in module \clb..
Removed 0 unused cells and 2 unused wires.
<suppressed ~2 debug messages>
{
   "creator": "Yosys 0.46 (git sha1 e97731b9dda91fa5fa53ed87df7c34163ba59a41, clang++ 17.0.6 -fPIC -O3)",
   "invocation": "stat -json -liberty /home/yaser/CMOS_Tapeouts/clb/runs/RUN_2026-06-01_14-01-11/tmp/63616fcfa23245d08e2fe3313078ab62.lib ",
   "modules": {
      "\\clb": {
         "num_wires":         7,
         "num_wire_bits":     10,
         "num_pub_wires":     7,
         "num_pub_wire_bits": 10,
         "num_ports":         7,
         "num_port_bits":     10,
         "num_memories":      0,
         "num_memory_bits":   0,
         "num_processes":     0,
         "num_cells":         1,
         "num_cells_by_type": {
            "$_AND_": 1
         }
      }
   },
      "design": {
         "num_wires":         7,
         "num_wire_bits":     10,
         "num_pub_wires":     7,
         "num_pub_wire_bits": 10,
         "num_ports":         7,
         "num_port_bits":     10,
         "num_memories":      0,
         "num_memory_bits":   0,
         "num_processes":     0,
         "num_cells":         1,
         "num_cells_by_type": {
            "$_AND_": 1
         }
      }
}

99. Printing statistics.

=== clb ===

   Number of wires:                  7
   Number of wire bits:             10
   Number of public wires:           7
   Number of public wire bits:      10
   Number of ports:                  7
   Number of port bits:             10
   Number of memories:               0
   Number of memory bits:            0
   Number of processes:              0
   Number of cells:                  1
     $_AND_                          1

   Area for cell type $_AND_ is unknown!

[INFO] Applying tri-state buffer mapping from '/home/yaser/.volare/volare/sky130/versions/0fe599b2afb6708d281543108caf8310912f54af/sky130A/libs.tech/openlane/sky130_fd_sc_hd/tribuff_map.v'…

100. Executing TECHMAP pass (map to technology primitives).

100.1. Executing Verilog-2005 frontend: /home/yaser/.volare/volare/sky130/versions/0fe599b2afb6708d281543108caf8310912f54af/sky130A/libs.tech/openlane/sky130_fd_sc_hd/tribuff_map.v
Parsing Verilog input from `/home/yaser/.volare/volare/sky130/versions/0fe599b2afb6708d281543108caf8310912f54af/sky130A/libs.tech/openlane/sky130_fd_sc_hd/tribuff_map.v' to AST representation.
Generating RTLIL representation for module `\$_TBUF_'.
Successfully finished Verilog frontend.

100.2. Continuing TECHMAP pass.
No more expansions possible.
<suppressed ~3 debug messages>

101. Executing SIMPLEMAP pass (map simple cells to gate primitives).
[INFO] Applying latch mapping from '/home/yaser/.volare/volare/sky130/versions/0fe599b2afb6708d281543108caf8310912f54af/sky130A/libs.tech/openlane/sky130_fd_sc_hd/latch_map.v'…

102. Executing TECHMAP pass (map to technology primitives).

102.1. Executing Verilog-2005 frontend: /home/yaser/.volare/volare/sky130/versions/0fe599b2afb6708d281543108caf8310912f54af/sky130A/libs.tech/openlane/sky130_fd_sc_hd/latch_map.v
Parsing Verilog input from `/home/yaser/.volare/volare/sky130/versions/0fe599b2afb6708d281543108caf8310912f54af/sky130A/libs.tech/openlane/sky130_fd_sc_hd/latch_map.v' to AST representation.
Generating RTLIL representation for module `\$_DLATCH_P_'.
Generating RTLIL representation for module `\$_DLATCH_N_'.
Successfully finished Verilog frontend.

102.2. Continuing TECHMAP pass.
No more expansions possible.
<suppressed ~4 debug messages>

103. Executing SIMPLEMAP pass (map simple cells to gate primitives).

104. Executing DFFLIBMAP pass (mapping DFF cells to sequential cells from liberty file).
  cell sky130_fd_sc_hd__dfxtp_2 (noninv, pins=3, area=21.27) is a direct match for cell type $_DFF_P_.
  cell sky130_fd_sc_hd__dfrtp_2 (noninv, pins=4, area=26.28) is a direct match for cell type $_DFF_PN0_.
  cell sky130_fd_sc_hd__dfstp_2 (noninv, pins=4, area=26.28) is a direct match for cell type $_DFF_PN1_.
  cell sky130_fd_sc_hd__dfbbn_2 (noninv, pins=6, area=35.03) is a direct match for cell type $_DFFSR_NNN_.
  final dff cell mappings:
    unmapped dff cell: $_DFF_N_
    \sky130_fd_sc_hd__dfxtp_2 _DFF_P_ (.CLK( C), .D( D), .Q( Q));
    unmapped dff cell: $_DFF_NN0_
    unmapped dff cell: $_DFF_NN1_
    unmapped dff cell: $_DFF_NP0_
    unmapped dff cell: $_DFF_NP1_
    \sky130_fd_sc_hd__dfrtp_2 _DFF_PN0_ (.CLK( C), .D( D), .Q( Q), .RESET_B( R));
    \sky130_fd_sc_hd__dfstp_2 _DFF_PN1_ (.CLK( C), .D( D), .Q( Q), .SET_B( R));
    unmapped dff cell: $_DFF_PP0_
    unmapped dff cell: $_DFF_PP1_
    \sky130_fd_sc_hd__dfbbn_2 _DFFSR_NNN_ (.CLK_N( C), .D( D), .Q( Q), .Q_N(~Q), .RESET_B( R), .SET_B( S));
    unmapped dff cell: $_DFFSR_NNP_
    unmapped dff cell: $_DFFSR_NPN_
    unmapped dff cell: $_DFFSR_NPP_
    unmapped dff cell: $_DFFSR_PNN_
    unmapped dff cell: $_DFFSR_PNP_
    unmapped dff cell: $_DFFSR_PPN_
    unmapped dff cell: $_DFFSR_PPP_

104.1. Executing DFFLEGALIZE pass (convert FFs to types supported by the target).
Mapping DFF cells in module `\clb':
{
   "creator": "Yosys 0.46 (git sha1 e97731b9dda91fa5fa53ed87df7c34163ba59a41, clang++ 17.0.6 -fPIC -O3)",
   "invocation": "stat -json -liberty /home/yaser/CMOS_Tapeouts/clb/runs/RUN_2026-06-01_14-01-11/tmp/63616fcfa23245d08e2fe3313078ab62.lib ",
   "modules": {
      "\\clb": {
         "num_wires":         7,
         "num_wire_bits":     10,
         "num_pub_wires":     7,
         "num_pub_wire_bits": 10,
         "num_ports":         7,
         "num_port_bits":     10,
         "num_memories":      0,
         "num_memory_bits":   0,
         "num_processes":     0,
         "num_cells":         1,
         "num_cells_by_type": {
            "$_AND_": 1
         }
      }
   },
      "design": {
         "num_wires":         7,
         "num_wire_bits":     10,
         "num_pub_wires":     7,
         "num_pub_wire_bits": 10,
         "num_ports":         7,
         "num_port_bits":     10,
         "num_memories":      0,
         "num_memory_bits":   0,
         "num_processes":     0,
         "num_cells":         1,
         "num_cells_by_type": {
            "$_AND_": 1
         }
      }
}

105. Printing statistics.

=== clb ===

   Number of wires:                  7
   Number of wire bits:             10
   Number of public wires:           7
   Number of public wire bits:      10
   Number of ports:                  7
   Number of port bits:             10
   Number of memories:               0
   Number of memory bits:            0
   Number of processes:              0
   Number of cells:                  1
     $_AND_                          1

   Area for cell type $_AND_ is unknown!

[INFO] Using generated ABC script '/home/yaser/CMOS_Tapeouts/clb/runs/RUN_2026-06-01_14-01-11/06-yosys-synthesis/AREA_0.abc'…

106. Executing ABC pass (technology mapping using ABC).

106.1. Extracting gate netlist of module `\clb' to `/tmp/yosys-abc-iaBgQC/input.blif'..
Extracted 1 gates and 3 wires to a netlist network with 2 inputs and 1 outputs.

106.1.1. Executing ABC.
Running ABC command: "/nix/store/6l3aj1gi4lja8z5s4lan2k2cfz9mqkrz-yosys-abc/bin/abc" -s -f /tmp/yosys-abc-iaBgQC/abc.script 2>&1
ABC: ABC command line: "source /tmp/yosys-abc-iaBgQC/abc.script".
ABC: 
ABC: + read_blif /tmp/yosys-abc-iaBgQC/input.blif 
ABC: + read_lib -w /home/yaser/CMOS_Tapeouts/clb/runs/RUN_2026-06-01_14-01-11/tmp/63616fcfa23245d08e2fe3313078ab62.lib 
ABC: Parsing finished successfully.  Parsing time =     0.02 sec
ABC: Scl_LibertyReadGenlib() skipped sequential cell "sky130_fd_sc_hd__dfbbn_2".
ABC: Scl_LibertyReadGenlib() skipped sequential cell "sky130_fd_sc_hd__dfrbp_2".
ABC: Scl_LibertyReadGenlib() skipped sequential cell "sky130_fd_sc_hd__dfrtp_2".
ABC: Scl_LibertyReadGenlib() skipped sequential cell "sky130_fd_sc_hd__dfrtp_4".
ABC: Scl_LibertyReadGenlib() skipped sequential cell "sky130_fd_sc_hd__dfsbp_2".
ABC: Scl_LibertyReadGenlib() skipped sequential cell "sky130_fd_sc_hd__dfstp_2".
ABC: Scl_LibertyReadGenlib() skipped sequential cell "sky130_fd_sc_hd__dfstp_4".
ABC: Scl_LibertyReadGenlib() skipped sequential cell "sky130_fd_sc_hd__dfxbp_2".
ABC: Scl_LibertyReadGenlib() skipped sequential cell "sky130_fd_sc_hd__dfxtp_2".
ABC: Scl_LibertyReadGenlib() skipped sequential cell "sky130_fd_sc_hd__dfxtp_4".
ABC: Scl_LibertyReadGenlib() skipped sequential cell "sky130_fd_sc_hd__dlxtn_1".
ABC: Scl_LibertyReadGenlib() skipped sequential cell "sky130_fd_sc_hd__dlxtn_2".
ABC: Scl_LibertyReadGenlib() skipped sequential cell "sky130_fd_sc_hd__dlxtn_4".
ABC: Scl_LibertyReadGenlib() skipped sequential cell "sky130_fd_sc_hd__dlxtp_1".
ABC: Scl_LibertyReadGenlib() skipped three-state cell "sky130_fd_sc_hd__ebufn_2".
ABC: Scl_LibertyReadGenlib() skipped three-state cell "sky130_fd_sc_hd__ebufn_4".
ABC: Scl_LibertyReadGenlib() skipped three-state cell "sky130_fd_sc_hd__ebufn_8".
ABC: Library "sky130_fd_sc_hd__tt_025C_1v80" from "/home/yaser/CMOS_Tapeouts/clb/runs/RUN_2026-06-01_14-01-11/tmp/63616fcfa23245d08e2fe3313078ab62.lib" has 175 cells (17 skipped: 14 seq; 3 tri-state; 0 no func; 0 dont_use).  Time =     0.04 sec
ABC: Memory =    9.54 MB. Time =     0.04 sec
ABC: Warning: Detected 2 multi-output gates (for example, "sky130_fd_sc_hd__fa_1").
ABC: + read_constr -v /home/yaser/CMOS_Tapeouts/clb/runs/RUN_2026-06-01_14-01-11/06-yosys-synthesis/synthesis.abc.sdc 
ABC: Setting driving cell to be "sky130_fd_sc_hd__inv_2/Y".
ABC: Setting output load to be 33.442001.
ABC: + source /home/yaser/CMOS_Tapeouts/clb/runs/RUN_2026-06-01_14-01-11/06-yosys-synthesis/AREA_0.abc 
ABC: Error: The network is combinational.
ABC: Cannot find the default PI driving cell (sky130_fd_sc_hd__inv_2/Y) in the library.
ABC: WireLoad = "none"  Gates =      1 (  0.0 %)   Cap = 12.1 ff (  0.0 %)   Area =        7.51 (100.0 %)   Delay =   241.74 ps  (100.0 %)               
ABC: Path  0 --       2 : 0    1 pi                      A =   0.00  Df =   0.0   -0.0 ps  S =   0.0 ps  Cin =  0.0 ff  Cout =   1.5 ff  Cmax =   0.0 ff  G =    0  
ABC: Path  1 --       4 : 2    1 sky130_fd_sc_hd__and2_2 A =   7.51  Df = 241.7  -14.0 ps  S = 180.6 ps  Cin =  1.5 ff  Cout =  33.4 ff  Cmax = 303.0 ff  G = 2288  
ABC: Start-point = pi1 (\cin).  End-point = po0 (\cout).
ABC: netlist                       : i/o =    2/    1  lat =    0  nd =     1  edge =      2  area = 7.51  delay = 1.00  lev = 1
ABC: + write_blif /tmp/yosys-abc-iaBgQC/output.blif 

106.1.2. Re-integrating ABC results.
ABC RESULTS:   sky130_fd_sc_hd__and2_2 cells:        1
ABC RESULTS:        internal signals:        0
ABC RESULTS:           input signals:        2
ABC RESULTS:          output signals:        1
Removing temp directory.

107. Executing SETUNDEF pass (replace undef values with defined constants).

108. Executing HILOMAP pass (mapping to constant drivers).

109. Executing SPLITNETS pass (splitting up multi-bit signals).

110. Executing OPT_CLEAN pass (remove unused cells and wires).
Finding unused cells or wires in module \clb..
Removed 0 unused cells and 4 unused wires.
<suppressed ~1 debug messages>

111. Executing INSBUF pass (insert buffer cells for connected wires).

112. Executing CHECK pass (checking for obvious problems).
Checking module clb...
Found and reported 0 problems.
{
   "creator": "Yosys 0.46 (git sha1 e97731b9dda91fa5fa53ed87df7c34163ba59a41, clang++ 17.0.6 -fPIC -O3)",
   "invocation": "stat -json -liberty /home/yaser/CMOS_Tapeouts/clb/runs/RUN_2026-06-01_14-01-11/tmp/63616fcfa23245d08e2fe3313078ab62.lib ",
   "modules": {
      "\\clb": {
         "num_wires":         7,
         "num_wire_bits":     10,
         "num_pub_wires":     7,
         "num_pub_wire_bits": 10,
         "num_ports":         7,
         "num_port_bits":     10,
         "num_memories":      0,
         "num_memory_bits":   0,
         "num_processes":     0,
         "num_cells":         2,
         "area":              11.260800,
         "num_cells_by_type": {
            "sky130_fd_sc_hd__and2_2": 1,
            "sky130_fd_sc_hd__conb_1": 1
         }
      }
   },
      "design": {
         "num_wires":         7,
         "num_wire_bits":     10,
         "num_pub_wires":     7,
         "num_pub_wire_bits": 10,
         "num_ports":         7,
         "num_port_bits":     10,
         "num_memories":      0,
         "num_memory_bits":   0,
         "num_processes":     0,
         "num_cells":         2,
         "area":              11.260800,
         "num_cells_by_type": {
            "sky130_fd_sc_hd__and2_2": 1,
            "sky130_fd_sc_hd__conb_1": 1
         }
      }
}

113. Printing statistics.

=== clb ===

   Number of wires:                  7
   Number of wire bits:             10
   Number of public wires:           7
   Number of public wire bits:      10
   Number of ports:                  7
   Number of port bits:             10
   Number of memories:               0
   Number of memory bits:            0
   Number of processes:              0
   Number of cells:                  2
     sky130_fd_sc_hd__and2_2         1
     sky130_fd_sc_hd__conb_1         1

   Chip area for module '\clb': 11.260800
     of which used for sequential elements: 0.000000 (0.00%)

114. Executing Verilog backend.
Dumping module `\clb'.

115. Executing JSON backend.
