
===========================================================================
report_checks -path_delay max (Setup)
============================================================================
======================= max_tt_025C_1v80 Corner ===================================

Startpoint: cin (input port clocked by clk)
Endpoint: cout (output port clocked by clk)
Path Group: clk
Path Type: max

Fanout         Cap        Slew       Delay        Time   Description
---------------------------------------------------------------------------------------------
                                  0.000000    0.000000   clock clk (rise edge)
                                  0.000000    0.000000   clock network delay (propagated)
                                  2.000000    2.000000 ^ input external delay
     2    0.003874    0.024401    0.014121    2.014121 ^ cin (in)
                                                         cin (net)
                      0.024402    0.000000    2.014121 ^ input2/A (sky130_fd_sc_hd__clkbuf_1)
     1    0.002132    0.036858    0.067895    2.082016 ^ input2/X (sky130_fd_sc_hd__clkbuf_1)
                                                         net2 (net)
                      0.036858    0.000097    2.082113 ^ _0_/B (sky130_fd_sc_hd__and2_1)
     1    0.007099    0.083235    0.142008    2.224121 ^ _0_/X (sky130_fd_sc_hd__and2_1)
                                                         net3 (net)
                      0.083235    0.000424    2.224545 ^ output3/A (sky130_fd_sc_hd__buf_2)
     1    0.034449    0.171380    0.212109    2.436655 ^ output3/X (sky130_fd_sc_hd__buf_2)
                                                         cout (net)
                      0.171452    0.001613    2.438268 ^ cout (out)
                                              2.438268   data arrival time

                                 10.000000   10.000000   clock clk (rise edge)
                                  0.000000   10.000000   clock network delay (propagated)
                                 -0.250000    9.750000   clock uncertainty
                                  0.000000    9.750000   clock reconvergence pessimism
                                 -2.000000    7.750000   output external delay
                                              7.750000   data required time
---------------------------------------------------------------------------------------------
                                              7.750000   data required time
                                             -2.438268   data arrival time
---------------------------------------------------------------------------------------------
                                              5.311733   slack (MET)



