
===========================================================================
report_checks -path_delay min (Hold)
============================================================================
======================= max_tt_025C_1v80 Corner ===================================

Startpoint: I[3] (input port clocked by clk)
Endpoint: cout (output port clocked by clk)
Path Group: clk
Path Type: min

Fanout         Cap        Slew       Delay        Time   Description
---------------------------------------------------------------------------------------------
                                  0.000000    0.000000   clock clk (rise edge)
                                  0.000000    0.000000   clock network delay (propagated)
                                  2.000000    2.000000 v input external delay
     2    0.003822    0.011009    0.006200    2.006200 v I[3] (in)
                                                         I[3] (net)
                      0.011011    0.000000    2.006200 v input1/A (sky130_fd_sc_hd__clkbuf_1)
     1    0.002402    0.024458    0.070856    2.077056 v input1/X (sky130_fd_sc_hd__clkbuf_1)
                                                         net1 (net)
                      0.024458    0.000160    2.077216 v _0_/A (sky130_fd_sc_hd__and2_1)
     1    0.006939    0.050901    0.142552    2.219768 v _0_/X (sky130_fd_sc_hd__and2_1)
                                                         net3 (net)
                      0.050903    0.000405    2.220173 v output3/A (sky130_fd_sc_hd__buf_2)
     1    0.034449    0.090250    0.182230    2.402402 v output3/X (sky130_fd_sc_hd__buf_2)
                                                         cout (net)
                      0.090284    0.001611    2.404013 v cout (out)
                                              2.404013   data arrival time

                                  0.000000    0.000000   clock clk (rise edge)
                                  0.000000    0.000000   clock network delay (propagated)
                                  0.250000    0.250000   clock uncertainty
                                  0.000000    0.250000   clock reconvergence pessimism
                                 -2.000000   -1.750000   output external delay
                                             -1.750000   data required time
---------------------------------------------------------------------------------------------
                                             -1.750000   data required time
                                             -2.404013   data arrival time
---------------------------------------------------------------------------------------------
                                              4.154013   slack (MET)



