Reading timing models for corner max_tt_025C_1v80…
Reading cell library for the 'max_tt_025C_1v80' corner at '/home/yaser/.volare/volare/sky130/versions/0fe599b2afb6708d281543108caf8310912f54af/sky130A/libs.ref/sky130_fd_sc_hd/lib/sky130_fd_sc_hd__tt_025C_1v80.lib'…
Reading top-level netlist at '/home/yaser/CMOS_Tapeouts/clb/runs/RUN_2026-06-01_14-01-11/51-openroad-fillinsertion/clb.nl.v'…
Linking design 'clb' from netlist…
Warning: /home/yaser/CMOS_Tapeouts/clb/runs/RUN_2026-06-01_14-01-11/51-openroad-fillinsertion/clb.nl.v line 55, module sky130_fd_sc_hd__tapvpwrvgnd_1 not found. Creating black box for TAP_TAPCELL_ROW_0_30.
Warning: /home/yaser/CMOS_Tapeouts/clb/runs/RUN_2026-06-01_14-01-11/51-openroad-fillinsertion/clb.nl.v line 97, module sky130_ef_sc_hd__decap_12 not found. Creating black box for FILLER_0_3.
Warning: /home/yaser/CMOS_Tapeouts/clb/runs/RUN_2026-06-01_14-01-11/51-openroad-fillinsertion/clb.nl.v line 99, module sky130_fd_sc_hd__fill_1 not found. Creating black box for FILLER_0_27.
Warning: /home/yaser/CMOS_Tapeouts/clb/runs/RUN_2026-06-01_14-01-11/51-openroad-fillinsertion/clb.nl.v line 103, module sky130_fd_sc_hd__fill_2 not found. Creating black box for FILLER_0_57.
Reading design constraints file at '/nix/store/ss2cw3sxbrwwx9jl0rrppbw4kgcmgi2n-python3-3.11.9-env/lib/python3.11/site-packages/openlane/scripts/base.sdc'…
[INFO] Using clock clk…
[INFO] Setting output delay to: 2.0
[INFO] Setting input delay to: 2.0
[INFO] Setting load to: 0.033442
[INFO] Setting clock uncertainty to: 0.25
[INFO] Setting clock transition to: 0.1499999999999999944488848768742172978818416595458984375
[INFO] Setting timing derate to: 5%
Reading top-level design parasitics for the 'max_tt_025C_1v80' corner at '/home/yaser/CMOS_Tapeouts/clb/runs/RUN_2026-06-01_14-01-11/53-openroad-rcx/max/clb.max.spef'…
%OL_CREATE_REPORT min.rpt

===========================================================================
report_checks -path_delay min (Hold)
============================================================================
======================= max_tt_025C_1v80 Corner ===================================

Startpoint: I[3] (input port clocked by clk)
Endpoint: cout (output port clocked by clk)
Path Group: clk
Path Type: min

Fanout         Cap        Slew       Delay        Time   Description
---------------------------------------------------------------------------------------------
                                  0.000000    0.000000   clock clk (rise edge)
                                  0.000000    0.000000   clock network delay (propagated)
                                  2.000000    2.000000 v input external delay
     2    0.003822    0.011009    0.006200    2.006200 v I[3] (in)
                                                         I[3] (net)
                      0.011011    0.000000    2.006200 v input1/A (sky130_fd_sc_hd__clkbuf_1)
     1    0.002402    0.024458    0.070856    2.077056 v input1/X (sky130_fd_sc_hd__clkbuf_1)
                                                         net1 (net)
                      0.024458    0.000160    2.077216 v _0_/A (sky130_fd_sc_hd__and2_1)
     1    0.006939    0.050901    0.142552    2.219768 v _0_/X (sky130_fd_sc_hd__and2_1)
                                                         net3 (net)
                      0.050903    0.000405    2.220173 v output3/A (sky130_fd_sc_hd__buf_2)
     1    0.034449    0.090250    0.182230    2.402402 v output3/X (sky130_fd_sc_hd__buf_2)
                                                         cout (net)
                      0.090284    0.001611    2.404013 v cout (out)
                                              2.404013   data arrival time

                                  0.000000    0.000000   clock clk (rise edge)
                                  0.000000    0.000000   clock network delay (propagated)
                                  0.250000    0.250000   clock uncertainty
                                  0.000000    0.250000   clock reconvergence pessimism
                                 -2.000000   -1.750000   output external delay
                                             -1.750000   data required time
---------------------------------------------------------------------------------------------
                                             -1.750000   data required time
                                             -2.404013   data arrival time
---------------------------------------------------------------------------------------------
                                              4.154013   slack (MET)



%OL_END_REPORT
%OL_CREATE_REPORT max.rpt

===========================================================================
report_checks -path_delay max (Setup)
============================================================================
======================= max_tt_025C_1v80 Corner ===================================

Startpoint: cin (input port clocked by clk)
Endpoint: cout (output port clocked by clk)
Path Group: clk
Path Type: max

Fanout         Cap        Slew       Delay        Time   Description
---------------------------------------------------------------------------------------------
                                  0.000000    0.000000   clock clk (rise edge)
                                  0.000000    0.000000   clock network delay (propagated)
                                  2.000000    2.000000 ^ input external delay
     2    0.003874    0.024401    0.014121    2.014121 ^ cin (in)
                                                         cin (net)
                      0.024402    0.000000    2.014121 ^ input2/A (sky130_fd_sc_hd__clkbuf_1)
     1    0.002132    0.036858    0.067895    2.082016 ^ input2/X (sky130_fd_sc_hd__clkbuf_1)
                                                         net2 (net)
                      0.036858    0.000097    2.082113 ^ _0_/B (sky130_fd_sc_hd__and2_1)
     1    0.007099    0.083235    0.142008    2.224121 ^ _0_/X (sky130_fd_sc_hd__and2_1)
                                                         net3 (net)
                      0.083235    0.000424    2.224545 ^ output3/A (sky130_fd_sc_hd__buf_2)
     1    0.034449    0.171380    0.212109    2.436655 ^ output3/X (sky130_fd_sc_hd__buf_2)
                                                         cout (net)
                      0.171452    0.001613    2.438268 ^ cout (out)
                                              2.438268   data arrival time

                                 10.000000   10.000000   clock clk (rise edge)
                                  0.000000   10.000000   clock network delay (propagated)
                                 -0.250000    9.750000   clock uncertainty
                                  0.000000    9.750000   clock reconvergence pessimism
                                 -2.000000    7.750000   output external delay
                                              7.750000   data required time
---------------------------------------------------------------------------------------------
                                              7.750000   data required time
                                             -2.438268   data arrival time
---------------------------------------------------------------------------------------------
                                              5.311733   slack (MET)



%OL_END_REPORT
%OL_CREATE_REPORT checks.rpt

===========================================================================
report_checks -unconstrained
===========================================================================
======================= max_tt_025C_1v80 Corner ===================================

Startpoint: cin (input port clocked by clk)
Endpoint: cout (output port clocked by clk)
Path Group: clk
Path Type: max

Fanout         Cap        Slew       Delay        Time   Description
---------------------------------------------------------------------------------------------
                                  0.000000    0.000000   clock clk (rise edge)
                                  0.000000    0.000000   clock network delay (propagated)
                                  2.000000    2.000000 ^ input external delay
     2    0.003874    0.024401    0.014121    2.014121 ^ cin (in)
                                                         cin (net)
                      0.024402    0.000000    2.014121 ^ input2/A (sky130_fd_sc_hd__clkbuf_1)
     1    0.002132    0.036858    0.067895    2.082016 ^ input2/X (sky130_fd_sc_hd__clkbuf_1)
                                                         net2 (net)
                      0.036858    0.000097    2.082113 ^ _0_/B (sky130_fd_sc_hd__and2_1)
     1    0.007099    0.083235    0.142008    2.224121 ^ _0_/X (sky130_fd_sc_hd__and2_1)
                                                         net3 (net)
                      0.083235    0.000424    2.224545 ^ output3/A (sky130_fd_sc_hd__buf_2)
     1    0.034449    0.171380    0.212109    2.436655 ^ output3/X (sky130_fd_sc_hd__buf_2)
                                                         cout (net)
                      0.171452    0.001613    2.438268 ^ cout (out)
                                              2.438268   data arrival time

                                 10.000000   10.000000   clock clk (rise edge)
                                  0.000000   10.000000   clock network delay (propagated)
                                 -0.250000    9.750000   clock uncertainty
                                  0.000000    9.750000   clock reconvergence pessimism
                                 -2.000000    7.750000   output external delay
                                              7.750000   data required time
---------------------------------------------------------------------------------------------
                                              7.750000   data required time
                                             -2.438268   data arrival time
---------------------------------------------------------------------------------------------
                                              5.311733   slack (MET)




===========================================================================
report_checks --slack_max -0.01
============================================================================
======================= max_tt_025C_1v80 Corner ===================================

No paths found.


===========================================================================
 report_check_types -max_slew -max_cap -max_fanout -violators
============================================================================
======================= max_tt_025C_1v80 Corner ===================================



===========================================================================
report_parasitic_annotation -report_unannotated
============================================================================
Found 7 unannotated drivers.
 I[0]
 I[1]
 I[2]
 clk
 ff_en
 rst
 clb_4/HI
Found 0 partially unannotated drivers.

===========================================================================
max slew violation count 0
%OL_METRIC_I design__max_slew_violation__count__corner:max_tt_025C_1v80 0
max fanout violation count 0
%OL_METRIC_I design__max_fanout_violation__count__corner:max_tt_025C_1v80 0
max cap violation count 0
%OL_METRIC_I design__max_cap_violation__count__corner:max_tt_025C_1v80 0
============================================================================

===========================================================================
check_setup -verbose -unconstrained_endpoints -multiple_clock -no_clock -no_input_delay -loops -generated_clocks
===========================================================================
Warning: There is 1 unconstrained endpoint.
  O
%OL_END_REPORT
%OL_CREATE_REPORT power.rpt

===========================================================================
 report_power
============================================================================
======================= max_tt_025C_1v80 Corner ===================================

Group                    Internal    Switching      Leakage        Total
                            Power        Power        Power        Power (Watts)
------------------------------------------------------------------------
Sequential           0.000000e+00 0.000000e+00 0.000000e+00 0.000000e+00   0.0%
Combinational        4.096372e-07 7.475143e-07 1.303516e-11 1.157165e-06 100.0%
Clock                -1.375661e-11 0.000000e+00 2.008952e-10 1.871386e-10   0.0%
Macro                0.000000e+00 0.000000e+00 0.000000e+00 0.000000e+00   0.0%
Pad                  0.000000e+00 0.000000e+00 0.000000e+00 0.000000e+00   0.0%
------------------------------------------------------------------------
Total                4.096235e-07 7.475143e-07 2.139304e-10 1.157352e-06 100.0%
                            35.4%        64.6%         0.0%
%OL_METRIC_F power__internal__total 4.096234533790266e-7
%OL_METRIC_F power__switching__total 7.475142638213583e-7
%OL_METRIC_F power__leakage__total 2.1393038729389247e-10
%OL_METRIC_F power__total 1.157351675828977e-6

%OL_END_REPORT
%OL_CREATE_REPORT skew.min.rpt

===========================================================================
Clock Skew (Hold)
============================================================================
%OL_METRIC_F clock__skew__worst_hold__corner:max_tt_025C_1v80 0.0
======================= max_tt_025C_1v80 Corner ===================================

Clock clk
No launch/capture paths found.

%OL_END_REPORT
%OL_CREATE_REPORT skew.max.rpt

===========================================================================
Clock Skew (Setup)
============================================================================
%OL_METRIC_F clock__skew__worst_setup__corner:max_tt_025C_1v80 0.0
======================= max_tt_025C_1v80 Corner ===================================

Clock clk
No launch/capture paths found.

%OL_END_REPORT
%OL_CREATE_REPORT ws.min.rpt

===========================================================================
Worst Slack (Hold)
============================================================================
%OL_METRIC_F timing__hold__ws__corner:max_tt_025C_1v80 4.154013250956263
max_tt_025C_1v80: 4.154013250956263
%OL_END_REPORT
%OL_CREATE_REPORT ws.max.rpt

===========================================================================
Worst Slack (Setup)
============================================================================
%OL_METRIC_F timing__setup__ws__corner:max_tt_025C_1v80 5.311732537495841
max_tt_025C_1v80: 5.311732537495841
%OL_END_REPORT
%OL_CREATE_REPORT tns.min.rpt

===========================================================================
Total Negative Slack (Hold)
============================================================================
%OL_METRIC_F timing__hold__tns__corner:max_tt_025C_1v80 0.0
max_tt_025C_1v80: 0.0
%OL_END_REPORT
%OL_CREATE_REPORT tns.max.rpt

===========================================================================
Total Negative Slack (Setup)
============================================================================
%OL_METRIC_F timing__setup__tns__corner:max_tt_025C_1v80 0.0
max_tt_025C_1v80: 0.0
%OL_END_REPORT
%OL_CREATE_REPORT wns.min.rpt

===========================================================================
Worst Negative Slack (Hold)
============================================================================
%OL_METRIC_F timing__hold__wns__corner:max_tt_025C_1v80 0
max_tt_025C_1v80: 0
%OL_END_REPORT
%OL_CREATE_REPORT wns.max.rpt

===========================================================================
Worst Negative Slack (Setup)
============================================================================
%OL_METRIC_F timing__setup__wns__corner:max_tt_025C_1v80 0.0
max_tt_025C_1v80: 0.0
%OL_END_REPORT
%OL_CREATE_REPORT violator_list.rpt

===========================================================================
Violator List
============================================================================
%OL_METRIC_I timing__hold_vio__count__corner:max_tt_025C_1v80 0
%OL_METRIC_F timing__hold_r2r__ws__corner:max_tt_025C_1v80 inf
%OL_METRIC_I timing__hold_r2r_vio__count__corner:max_tt_025C_1v80 0
%OL_METRIC_I timing__setup_vio__count__corner:max_tt_025C_1v80 0
%OL_METRIC_F timing__setup_r2r__ws__corner:max_tt_025C_1v80 inf
%OL_METRIC_I timing__setup_r2r_vio__count__corner:max_tt_025C_1v80 0
%OL_END_REPORT
%OL_CREATE_REPORT unpropagated.rpt
%OL_END_REPORT
%OL_CREATE_REPORT clock.rpt
Clock: clk
Sources: clk 
Generated: no
Virtual: yes
Propagated: no
Period: 10.000000

===========================================================================
report_clock_properties
============================================================================
Clock                   Period          Waveform
----------------------------------------------------
clk                  10.000000    0.000000  5.000000

===========================================================================
report_clock_latency
============================================================================
Clock clk


===========================================================================
report_clock_min_period
============================================================================
clk period_min = 0.00 fmax = inf
%OL_END_REPORT
Writing SDF files for all corners…
Removing Clock latencies before writing libs…
Writing timing models for all corners…
Writing timing models for the max_tt_025C_1v80 corner to /home/yaser/CMOS_Tapeouts/clb/runs/RUN_2026-06-01_14-01-11/54-openroad-stapostpnr/max_tt_025C_1v80/clb__max_tt_025C_1v80.lib…
