Clock: clk
Sources: clk 
Generated: no
Virtual: yes
Propagated: no
Period: 15.000000

===========================================================================
report_clock_properties
============================================================================
Clock                   Period          Waveform
----------------------------------------------------
clk                  15.000000    0.000000  7.500000

===========================================================================
report_clock_latency
============================================================================
Clock clk
rise -> rise
    min     max
0.000000 0.000000 source latency
0.583552         network latency _282_/CLK
        0.591210 network latency _284_/CLK
---------------
0.583552 0.591210 latency
        0.007658 skew

fall -> fall
    min     max
0.000000 0.000000 source latency
0.576528         network latency _282_/CLK
        0.583121 network latency _284_/CLK
---------------
0.576528 0.583121 latency
        0.006593 skew



===========================================================================
report_clock_min_period
============================================================================
clk period_min = 5.90 fmax = 169.45
