Clock: clk
Sources: clk 
Generated: no
Virtual: yes
Propagated: no
Period: 10.000000

===========================================================================
report_clock_properties
============================================================================
Clock                   Period          Waveform
----------------------------------------------------
clk                  10.000000    0.000000  5.000000

===========================================================================
report_clock_latency
============================================================================
Clock clk
rise -> rise
    min     max
0.000000 0.000000 source latency
0.269061         network latency _8_/CLK
        0.269135 network latency _9_/CLK
---------------
0.269061 0.269135 latency
        0.000074 skew

fall -> fall
    min     max
0.000000 0.000000 source latency
0.276328         network latency _8_/CLK
        0.276396 network latency _9_/CLK
---------------
0.276328 0.276396 latency
        0.000068 skew



===========================================================================
report_clock_min_period
============================================================================
clk period_min = 2.06 fmax = 485.72
