
===========================================================================
report_checks -unconstrained
===========================================================================
======================= nom_ff_n40C_1v95 Corner ===================================

Startpoint: rst (input port clocked by clk)
Endpoint: _8_ (recovery check against rising-edge clock clk)
Path Group: asynchronous
Path Type: max

Fanout         Cap        Slew       Delay        Time   Description
---------------------------------------------------------------------------------------------
                      0.150000    0.000000    0.000000   clock clk (rise edge)
                                  0.000000    0.000000   clock network delay (ideal)
                                  2.000000    2.000000 v input external delay
     2    0.008570    0.014113    0.008235    2.008235 v rst (in)
                                                         rst (net)
                      0.014113    0.000000    2.008235 v _2_/A (sky130_fd_sc_hd__inv_2)
     1    0.003617    0.018023    0.022922    2.031157 ^ _2_/Y (sky130_fd_sc_hd__inv_2)
                                                         _0_ (net)
                      0.018023    0.000000    2.031157 ^ _8_/RESET_B (sky130_fd_sc_hd__dfrtp_2)
                                              2.031157   data arrival time

                      0.150000   10.000000   10.000000   clock clk (rise edge)
                                  0.000000   10.000000   clock network delay (ideal)
                                 -0.250000    9.750000   clock uncertainty
                                  0.000000    9.750000   clock reconvergence pessimism
                                              9.750000 ^ _8_/CLK (sky130_fd_sc_hd__dfrtp_2)
                                  0.155026    9.905026   library recovery time
                                              9.905026   data required time
---------------------------------------------------------------------------------------------
                                              9.905026   data required time
                                             -2.031157   data arrival time
---------------------------------------------------------------------------------------------
                                              7.873869   slack (MET)


Startpoint: _8_ (rising edge-triggered flip-flop clocked by clk)
Endpoint: busy (output port clocked by clk)
Path Group: clk
Path Type: max

Fanout         Cap        Slew       Delay        Time   Description
---------------------------------------------------------------------------------------------
                      0.150000    0.000000    0.000000   clock clk (rise edge)
                                  0.000000    0.000000   clock network delay (ideal)
                      0.150000    0.000000    0.000000 ^ _8_/CLK (sky130_fd_sc_hd__dfrtp_2)
     5    0.046417    0.097369    0.345788    0.345788 v _8_/Q (sky130_fd_sc_hd__dfrtp_2)
                                                         state_out[0] (net)
                      0.097369    0.000000    0.345788 v _3_/A (sky130_fd_sc_hd__or2_2)
     1    0.033442    0.090450    0.257012    0.602800 v _3_/X (sky130_fd_sc_hd__or2_2)
                                                         busy (net)
                      0.090450    0.000000    0.602800 v busy (out)
                                              0.602800   data arrival time

                      0.150000   10.000000   10.000000   clock clk (rise edge)
                                  0.000000   10.000000   clock network delay (ideal)
                                 -0.250000    9.750000   clock uncertainty
                                  0.000000    9.750000   clock reconvergence pessimism
                                 -2.000000    7.750000   output external delay
                                              7.750000   data required time
---------------------------------------------------------------------------------------------
                                              7.750000   data required time
                                             -0.602800   data arrival time
---------------------------------------------------------------------------------------------
                                              7.147200   slack (MET)




===========================================================================
report_checks --slack_max -0.01
============================================================================
======================= nom_ff_n40C_1v95 Corner ===================================

No paths found.


===========================================================================
 report_check_types -max_slew -max_cap -max_fanout -violators
============================================================================
======================= nom_ff_n40C_1v95 Corner ===================================



===========================================================================
report_parasitic_annotation -report_unannotated
============================================================================
Found 11 unannotated drivers.
 clk
 rst
 start
 _2_/Y
 _3_/X
 _4_/X
 _5_/X
 _6_/X
 _7_/Y
 _8_/Q
 _9_/Q
Found 0 partially unannotated drivers.

===========================================================================
max slew violation count 0
max fanout violation count 0
max cap violation count 0
============================================================================

===========================================================================
check_setup -verbose -unconstrained_endpoints -multiple_clock -no_clock -no_input_delay -loops -generated_clocks
===========================================================================
