
===========================================================================
report_checks -path_delay max (Setup)
============================================================================
======================= nom_ff_n40C_1v95 Corner ===================================

Startpoint: _8_ (rising edge-triggered flip-flop clocked by clk)
Endpoint: busy (output port clocked by clk)
Path Group: clk
Path Type: max

Fanout         Cap        Slew       Delay        Time   Description
---------------------------------------------------------------------------------------------
                      0.150000    0.000000    0.000000   clock clk (rise edge)
                                  0.000000    0.000000   clock network delay (ideal)
                      0.150000    0.000000    0.000000 ^ _8_/CLK (sky130_fd_sc_hd__dfrtp_2)
     5    0.046417    0.097369    0.345788    0.345788 v _8_/Q (sky130_fd_sc_hd__dfrtp_2)
                                                         state_out[0] (net)
                      0.097369    0.000000    0.345788 v _3_/A (sky130_fd_sc_hd__or2_2)
     1    0.033442    0.090450    0.257012    0.602800 v _3_/X (sky130_fd_sc_hd__or2_2)
                                                         busy (net)
                      0.090450    0.000000    0.602800 v busy (out)
                                              0.602800   data arrival time

                      0.150000   10.000000   10.000000   clock clk (rise edge)
                                  0.000000   10.000000   clock network delay (ideal)
                                 -0.250000    9.750000   clock uncertainty
                                  0.000000    9.750000   clock reconvergence pessimism
                                 -2.000000    7.750000   output external delay
                                              7.750000   data required time
---------------------------------------------------------------------------------------------
                                              7.750000   data required time
                                             -0.602800   data arrival time
---------------------------------------------------------------------------------------------
                                              7.147200   slack (MET)


Startpoint: _8_ (rising edge-triggered flip-flop clocked by clk)
Endpoint: done (output port clocked by clk)
Path Group: clk
Path Type: max

Fanout         Cap        Slew       Delay        Time   Description
---------------------------------------------------------------------------------------------
                      0.150000    0.000000    0.000000   clock clk (rise edge)
                                  0.000000    0.000000   clock network delay (ideal)
                      0.150000    0.000000    0.000000 ^ _8_/CLK (sky130_fd_sc_hd__dfrtp_2)
     5    0.047557    0.176100    0.352254    0.352254 ^ _8_/Q (sky130_fd_sc_hd__dfrtp_2)
                                                         state_out[0] (net)
                      0.176100    0.000000    0.352254 ^ _4_/A (sky130_fd_sc_hd__and2_2)
     1    0.033442    0.135457    0.188362    0.540616 ^ _4_/X (sky130_fd_sc_hd__and2_2)
                                                         done (net)
                      0.135457    0.000000    0.540616 ^ done (out)
                                              0.540616   data arrival time

                      0.150000   10.000000   10.000000   clock clk (rise edge)
                                  0.000000   10.000000   clock network delay (ideal)
                                 -0.250000    9.750000   clock uncertainty
                                  0.000000    9.750000   clock reconvergence pessimism
                                 -2.000000    7.750000   output external delay
                                              7.750000   data required time
---------------------------------------------------------------------------------------------
                                              7.750000   data required time
                                             -0.540616   data arrival time
---------------------------------------------------------------------------------------------
                                              7.209384   slack (MET)


Startpoint: _9_ (rising edge-triggered flip-flop clocked by clk)
Endpoint: state_out[1] (output port clocked by clk)
Path Group: clk
Path Type: max

Fanout         Cap        Slew       Delay        Time   Description
---------------------------------------------------------------------------------------------
                      0.150000    0.000000    0.000000   clock clk (rise edge)
                                  0.000000    0.000000   clock network delay (ideal)
                      0.150000    0.000000    0.000000 ^ _9_/CLK (sky130_fd_sc_hd__dfrtp_2)
     5    0.047581    0.176184    0.352312    0.352312 ^ _9_/Q (sky130_fd_sc_hd__dfrtp_2)
                                                         state_out[1] (net)
                      0.176184    0.000000    0.352312 ^ state_out[1] (out)
                                              0.352312   data arrival time

                      0.150000   10.000000   10.000000   clock clk (rise edge)
                                  0.000000   10.000000   clock network delay (ideal)
                                 -0.250000    9.750000   clock uncertainty
                                  0.000000    9.750000   clock reconvergence pessimism
                                 -2.000000    7.750000   output external delay
                                              7.750000   data required time
---------------------------------------------------------------------------------------------
                                              7.750000   data required time
                                             -0.352312   data arrival time
---------------------------------------------------------------------------------------------
                                              7.397688   slack (MET)


Startpoint: _8_ (rising edge-triggered flip-flop clocked by clk)
Endpoint: state_out[0] (output port clocked by clk)
Path Group: clk
Path Type: max

Fanout         Cap        Slew       Delay        Time   Description
---------------------------------------------------------------------------------------------
                      0.150000    0.000000    0.000000   clock clk (rise edge)
                                  0.000000    0.000000   clock network delay (ideal)
                      0.150000    0.000000    0.000000 ^ _8_/CLK (sky130_fd_sc_hd__dfrtp_2)
     5    0.047557    0.176100    0.352254    0.352254 ^ _8_/Q (sky130_fd_sc_hd__dfrtp_2)
                                                         state_out[0] (net)
                      0.176100    0.000000    0.352254 ^ state_out[0] (out)
                                              0.352254   data arrival time

                      0.150000   10.000000   10.000000   clock clk (rise edge)
                                  0.000000   10.000000   clock network delay (ideal)
                                 -0.250000    9.750000   clock uncertainty
                                  0.000000    9.750000   clock reconvergence pessimism
                                 -2.000000    7.750000   output external delay
                                              7.750000   data required time
---------------------------------------------------------------------------------------------
                                              7.750000   data required time
                                             -0.352254   data arrival time
---------------------------------------------------------------------------------------------
                                              7.397746   slack (MET)


Startpoint: start (input port clocked by clk)
Endpoint: _8_ (rising edge-triggered flip-flop clocked by clk)
Path Group: clk
Path Type: max

Fanout         Cap        Slew       Delay        Time   Description
---------------------------------------------------------------------------------------------
                      0.150000    0.000000    0.000000   clock clk (rise edge)
                                  0.000000    0.000000   clock network delay (ideal)
                                  2.000000    2.000000 v input external delay
     1    0.002237    0.004054    0.001757    2.001757 v start (in)
                                                         start (net)
                      0.004054    0.000000    2.001757 v _5_/A2 (sky130_fd_sc_hd__o21ba_2)
     1    0.002059    0.024130    0.104504    2.106261 v _5_/X (sky130_fd_sc_hd__o21ba_2)
                                                         next_state[0] (net)
                      0.024130    0.000000    2.106261 v _8_/D (sky130_fd_sc_hd__dfrtp_2)
                                              2.106261   data arrival time

                      0.150000   10.000000   10.000000   clock clk (rise edge)
                                  0.000000   10.000000   clock network delay (ideal)
                                 -0.250000    9.750000   clock uncertainty
                                  0.000000    9.750000   clock reconvergence pessimism
                                              9.750000 ^ _8_/CLK (sky130_fd_sc_hd__dfrtp_2)
                                 -0.059514    9.690487   library setup time
                                              9.690487   data required time
---------------------------------------------------------------------------------------------
                                              9.690487   data required time
                                             -2.106261   data arrival time
---------------------------------------------------------------------------------------------
                                              7.584226   slack (MET)


Startpoint: rst (input port clocked by clk)
Endpoint: _8_ (recovery check against rising-edge clock clk)
Path Group: asynchronous
Path Type: max

Fanout         Cap        Slew       Delay        Time   Description
---------------------------------------------------------------------------------------------
                      0.150000    0.000000    0.000000   clock clk (rise edge)
                                  0.000000    0.000000   clock network delay (ideal)
                                  2.000000    2.000000 v input external delay
     2    0.008570    0.014113    0.008235    2.008235 v rst (in)
                                                         rst (net)
                      0.014113    0.000000    2.008235 v _2_/A (sky130_fd_sc_hd__inv_2)
     1    0.003617    0.018023    0.022922    2.031157 ^ _2_/Y (sky130_fd_sc_hd__inv_2)
                                                         _0_ (net)
                      0.018023    0.000000    2.031157 ^ _8_/RESET_B (sky130_fd_sc_hd__dfrtp_2)
                                              2.031157   data arrival time

                      0.150000   10.000000   10.000000   clock clk (rise edge)
                                  0.000000   10.000000   clock network delay (ideal)
                                 -0.250000    9.750000   clock uncertainty
                                  0.000000    9.750000   clock reconvergence pessimism
                                              9.750000 ^ _8_/CLK (sky130_fd_sc_hd__dfrtp_2)
                                  0.155026    9.905026   library recovery time
                                              9.905026   data required time
---------------------------------------------------------------------------------------------
                                              9.905026   data required time
                                             -2.031157   data arrival time
---------------------------------------------------------------------------------------------
                                              7.873869   slack (MET)


Startpoint: rst (input port clocked by clk)
Endpoint: _9_ (recovery check against rising-edge clock clk)
Path Group: asynchronous
Path Type: max

Fanout         Cap        Slew       Delay        Time   Description
---------------------------------------------------------------------------------------------
                      0.150000    0.000000    0.000000   clock clk (rise edge)
                                  0.000000    0.000000   clock network delay (ideal)
                                  2.000000    2.000000 v input external delay
     2    0.008570    0.014113    0.008235    2.008235 v rst (in)
                                                         rst (net)
                      0.014113    0.000000    2.008235 v _7_/A (sky130_fd_sc_hd__inv_2)
     1    0.003617    0.018023    0.022922    2.031157 ^ _7_/Y (sky130_fd_sc_hd__inv_2)
                                                         _1_ (net)
                      0.018023    0.000000    2.031157 ^ _9_/RESET_B (sky130_fd_sc_hd__dfrtp_2)
                                              2.031157   data arrival time

                      0.150000   10.000000   10.000000   clock clk (rise edge)
                                  0.000000   10.000000   clock network delay (ideal)
                                 -0.250000    9.750000   clock uncertainty
                                  0.000000    9.750000   clock reconvergence pessimism
                                              9.750000 ^ _9_/CLK (sky130_fd_sc_hd__dfrtp_2)
                                  0.155026    9.905026   library recovery time
                                              9.905026   data required time
---------------------------------------------------------------------------------------------
                                              9.905026   data required time
                                             -2.031157   data arrival time
---------------------------------------------------------------------------------------------
                                              7.873869   slack (MET)


Startpoint: _8_ (rising edge-triggered flip-flop clocked by clk)
Endpoint: _9_ (rising edge-triggered flip-flop clocked by clk)
Path Group: clk
Path Type: max

Fanout         Cap        Slew       Delay        Time   Description
---------------------------------------------------------------------------------------------
                      0.150000    0.000000    0.000000   clock clk (rise edge)
                                  0.000000    0.000000   clock network delay (ideal)
                      0.150000    0.000000    0.000000 ^ _8_/CLK (sky130_fd_sc_hd__dfrtp_2)
     5    0.046417    0.097369    0.345788    0.345788 v _8_/Q (sky130_fd_sc_hd__dfrtp_2)
                                                         state_out[0] (net)
                      0.097369    0.000000    0.345788 v _6_/A (sky130_fd_sc_hd__xor2_2)
     1    0.002059    0.044855    0.124853    0.470640 v _6_/X (sky130_fd_sc_hd__xor2_2)
                                                         next_state[1] (net)
                      0.044855    0.000000    0.470640 v _9_/D (sky130_fd_sc_hd__dfrtp_2)
                                              0.470640   data arrival time

                      0.150000   10.000000   10.000000   clock clk (rise edge)
                                  0.000000   10.000000   clock network delay (ideal)
                                 -0.250000    9.750000   clock uncertainty
                                  0.000000    9.750000   clock reconvergence pessimism
                                              9.750000 ^ _9_/CLK (sky130_fd_sc_hd__dfrtp_2)
                                 -0.066878    9.683122   library setup time
                                              9.683122   data required time
---------------------------------------------------------------------------------------------
                                              9.683122   data required time
                                             -0.470640   data arrival time
---------------------------------------------------------------------------------------------
                                              9.212481   slack (MET)



