Reading OpenROAD database at '/home/yaser/CMOS_Tapeouts/control_unit/runs/RUN_2026-04-04_09-19-09/23-openroad-globalplacementskipio/control_unit.odb'…
Reading library file at '/home/yaser/.volare/volare/sky130/versions/0fe599b2afb6708d281543108caf8310912f54af/sky130A/libs.ref/sky130_fd_sc_hd/lib/sky130_fd_sc_hd__tt_025C_1v80.lib'…
Reading design constraints file at '/nix/store/ss2cw3sxbrwwx9jl0rrppbw4kgcmgi2n-python3-3.11.9-env/lib/python3.11/site-packages/openlane/scripts/base.sdc'…
[INFO] Using clock clk…
[INFO] Setting output delay to: 2.0
[INFO] Setting input delay to: 2.0
[INFO] Setting load to: 0.033442
[INFO] Setting clock uncertainty to: 0.25
[INFO] Setting clock transition to: 0.1499999999999999944488848768742172978818416595458984375
[INFO] Setting timing derate to: 5%
[INFO] place_pins args: -min_distance 3
Found 0 macro blocks.
[INFO PPL-0010] Tentative 0 to set up sections.
[INFO PPL-0001] Number of slots           62
[INFO PPL-0002] Number of I/O             7
[INFO PPL-0003] Number of I/O w/sink      7
[INFO PPL-0004] Number of I/O w/o sink    0
[INFO PPL-0005] Slots per section         200
[INFO PPL-0006] Slots increase factor     0.01
[INFO PPL-0008] Successfully assigned pins to sections.
[INFO PPL-0012] I/O nets HPWL: 181.60 um.
Setting global connections for newly added cells…
[INFO] Setting global connections...
Updating metrics…
Cell type report:                       Count       Area
  Fill cell                                20      75.07
  Tap cell                                 12      15.01
  Inverter                                  2       7.51
  Sequential cell                           2      52.55
  Multi-Input combinational cell            4      40.04
  Total                                    40     190.18
Writing OpenROAD database to '/home/yaser/CMOS_Tapeouts/control_unit/runs/RUN_2026-04-04_09-19-09/24-openroad-ioplacement/control_unit.odb'…
Writing netlist to '/home/yaser/CMOS_Tapeouts/control_unit/runs/RUN_2026-04-04_09-19-09/24-openroad-ioplacement/control_unit.nl.v'…
Writing powered netlist to '/home/yaser/CMOS_Tapeouts/control_unit/runs/RUN_2026-04-04_09-19-09/24-openroad-ioplacement/control_unit.pnl.v'…
Writing layout to '/home/yaser/CMOS_Tapeouts/control_unit/runs/RUN_2026-04-04_09-19-09/24-openroad-ioplacement/control_unit.def'…
Writing timing constraints to '/home/yaser/CMOS_Tapeouts/control_unit/runs/RUN_2026-04-04_09-19-09/24-openroad-ioplacement/control_unit.sdc'…
