
===========================================================================
report_checks -unconstrained
===========================================================================
======================= max_tt_025C_1v80 Corner ===================================

Startpoint: rst (input port clocked by clk)
Endpoint: _20_ (recovery check against rising-edge clock clk)
Path Group: asynchronous
Path Type: max

Fanout         Cap        Slew       Delay        Time   Description
---------------------------------------------------------------------------------------------
                                  0.000000    0.000000   clock clk (rise edge)
                                  0.000000    0.000000   clock network delay (propagated)
                                  2.000000    2.000000 v input external delay
     1    0.003309    0.009801    0.005344    2.005344 v rst (in)
                                                         rst (net)
                      0.009804    0.000000    2.005344 v input1/A (sky130_fd_sc_hd__clkbuf_2)
     4    0.020784    0.084860    0.135713    2.141057 v input1/X (sky130_fd_sc_hd__clkbuf_2)
                                                         net1 (net)
                      0.084871    0.000982    2.142039 v _11_/A (sky130_fd_sc_hd__inv_2)
     1    0.004922    0.037755    0.062943    2.204981 ^ _11_/Y (sky130_fd_sc_hd__inv_2)
                                                         _04_ (net)
                      0.037755    0.000261    2.205242 ^ _20_/RESET_B (sky130_fd_sc_hd__dfrtp_1)
                                              2.205242   data arrival time

                                 10.000000   10.000000   clock clk (rise edge)
                                  0.000000   10.000000   clock source latency
     1    0.010311    0.052854    0.035204   10.035204 ^ clk (in)
                                                         clk (net)
                      0.052862    0.000000   10.035204 ^ clkbuf_0_clk/A (sky130_fd_sc_hd__clkbuf_16)
     2    0.017473    0.039691    0.125652   10.160856 ^ clkbuf_0_clk/X (sky130_fd_sc_hd__clkbuf_16)
                                                         clknet_0_clk (net)
                      0.039704    0.000896   10.161753 ^ clkbuf_1_0__f_clk/A (sky130_fd_sc_hd__clkbuf_16)
     2    0.004950    0.028727    0.108511   10.270263 ^ clkbuf_1_0__f_clk/X (sky130_fd_sc_hd__clkbuf_16)
                                                         clknet_1_0__leaf_clk (net)
                      0.028728    0.000293   10.270556 ^ _20_/CLK (sky130_fd_sc_hd__dfrtp_1)
                                 -0.250000   10.020556   clock uncertainty
                                  0.000000   10.020556   clock reconvergence pessimism
                                  0.227224   10.247780   library recovery time
                                             10.247780   data required time
---------------------------------------------------------------------------------------------
                                             10.247780   data required time
                                             -2.205242   data arrival time
---------------------------------------------------------------------------------------------
                                              8.042538   slack (MET)


Startpoint: _21_ (rising edge-triggered flip-flop clocked by clk)
Endpoint: out[1] (output port clocked by clk)
Path Group: clk
Path Type: max

Fanout         Cap        Slew       Delay        Time   Description
---------------------------------------------------------------------------------------------
                                  0.000000    0.000000   clock clk (rise edge)
                                  0.000000    0.000000   clock source latency
     1    0.010311    0.052854    0.035204    0.035204 ^ clk (in)
                                                         clk (net)
                      0.052862    0.000000    0.035204 ^ clkbuf_0_clk/A (sky130_fd_sc_hd__clkbuf_16)
     2    0.017473    0.039691    0.125653    0.160856 ^ clkbuf_0_clk/X (sky130_fd_sc_hd__clkbuf_16)
                                                         clknet_0_clk (net)
                      0.039700    0.000629    0.161485 ^ clkbuf_1_1__f_clk/A (sky130_fd_sc_hd__clkbuf_16)
     2    0.006664    0.030340    0.110542    0.272027 ^ clkbuf_1_1__f_clk/X (sky130_fd_sc_hd__clkbuf_16)
                                                         clknet_1_1__leaf_clk (net)
                      0.030342    0.000385    0.272412 ^ _21_/CLK (sky130_fd_sc_hd__dfrtp_1)
     4    0.013760    0.131139    0.380038    0.652449 ^ _21_/Q (sky130_fd_sc_hd__dfrtp_1)
                                                         net3 (net)
                      0.131140    0.000737    0.653186 ^ output3/A (sky130_fd_sc_hd__buf_2)
     1    0.034003    0.169537    0.227435    0.880622 ^ output3/X (sky130_fd_sc_hd__buf_2)
                                                         out[1] (net)
                      0.169550    0.001610    0.882231 ^ out[1] (out)
                                              0.882231   data arrival time

                                 10.000000   10.000000   clock clk (rise edge)
                                  0.000000   10.000000   clock network delay (propagated)
                                 -0.250000    9.750000   clock uncertainty
                                  0.000000    9.750000   clock reconvergence pessimism
                                 -2.000000    7.750000   output external delay
                                              7.750000   data required time
---------------------------------------------------------------------------------------------
                                              7.750000   data required time
                                             -0.882231   data arrival time
---------------------------------------------------------------------------------------------
                                              6.867769   slack (MET)




===========================================================================
report_checks --slack_max -0.01
============================================================================
======================= max_tt_025C_1v80 Corner ===================================

No paths found.


===========================================================================
 report_check_types -max_slew -max_cap -max_fanout -violators
============================================================================
======================= max_tt_025C_1v80 Corner ===================================



===========================================================================
report_parasitic_annotation -report_unannotated
============================================================================
Found 0 unannotated drivers.
Found 0 partially unannotated drivers.

===========================================================================
max slew violation count 0
max fanout violation count 0
max cap violation count 0
============================================================================

===========================================================================
check_setup -verbose -unconstrained_endpoints -multiple_clock -no_clock -no_input_delay -loops -generated_clocks
===========================================================================
