Clock: clk
Sources: clk 
Generated: no
Virtual: yes
Propagated: no
Period: 10.000000

===========================================================================
report_clock_properties
============================================================================
Clock                   Period          Waveform
----------------------------------------------------
clk                  10.000000    0.000000  5.000000

===========================================================================
report_clock_latency
============================================================================
Clock clk
rise -> rise
    min     max
0.000000 0.000000 source latency
0.270539         network latency _22_/CLK
        0.272431 network latency _23_/CLK
---------------
0.270539 0.272431 latency
        0.001892 skew

fall -> fall
    min     max
0.000000 0.000000 source latency
0.277860         network latency _22_/CLK
        0.279595 network latency _23_/CLK
---------------
0.277860 0.279595 latency
        0.001734 skew



===========================================================================
report_clock_min_period
============================================================================
clk period_min = 1.54 fmax = 647.27
