Reading timing models for corner max_tt_025C_1v80…
Reading cell library for the 'max_tt_025C_1v80' corner at '/home/yaser/.volare/volare/sky130/versions/0fe599b2afb6708d281543108caf8310912f54af/sky130A/libs.ref/sky130_fd_sc_hd/lib/sky130_fd_sc_hd__tt_025C_1v80.lib'…
Reading top-level netlist at '/home/yaser/CMOS_Tapeouts/counter/runs/RUN_2026-04-03_19-53-56/51-openroad-fillinsertion/counter.nl.v'…
Linking design 'counter' from netlist…
Warning: /home/yaser/CMOS_Tapeouts/counter/runs/RUN_2026-04-03_19-53-56/51-openroad-fillinsertion/counter.nl.v line 94, module sky130_fd_sc_hd__tapvpwrvgnd_1 not found. Creating black box for TAP_TAPCELL_ROW_0_20.
Warning: /home/yaser/CMOS_Tapeouts/counter/runs/RUN_2026-04-03_19-53-56/51-openroad-fillinsertion/counter.nl.v line 130, module sky130_ef_sc_hd__decap_12 not found. Creating black box for FILLER_0_3.
Warning: /home/yaser/CMOS_Tapeouts/counter/runs/RUN_2026-04-03_19-53-56/51-openroad-fillinsertion/counter.nl.v line 132, module sky130_fd_sc_hd__fill_1 not found. Creating black box for FILLER_0_23.
Warning: /home/yaser/CMOS_Tapeouts/counter/runs/RUN_2026-04-03_19-53-56/51-openroad-fillinsertion/counter.nl.v line 133, module sky130_fd_sc_hd__fill_2 not found. Creating black box for FILLER_0_36.
Reading design constraints file at '/nix/store/ss2cw3sxbrwwx9jl0rrppbw4kgcmgi2n-python3-3.11.9-env/lib/python3.11/site-packages/openlane/scripts/base.sdc'…
[INFO] Using clock clk…
[INFO] Setting output delay to: 2.0
[INFO] Setting input delay to: 2.0
[INFO] Setting load to: 0.033442
[INFO] Setting clock uncertainty to: 0.25
[INFO] Setting clock transition to: 0.1499999999999999944488848768742172978818416595458984375
[INFO] Setting timing derate to: 5%
Reading top-level design parasitics for the 'max_tt_025C_1v80' corner at '/home/yaser/CMOS_Tapeouts/counter/runs/RUN_2026-04-03_19-53-56/53-openroad-rcx/max/counter.max.spef'…
%OL_CREATE_REPORT min.rpt

===========================================================================
report_checks -path_delay min (Hold)
============================================================================
======================= max_tt_025C_1v80 Corner ===================================

Startpoint: _20_ (rising edge-triggered flip-flop clocked by clk)
Endpoint: _22_ (rising edge-triggered flip-flop clocked by clk)
Path Group: clk
Path Type: min

Fanout         Cap        Slew       Delay        Time   Description
---------------------------------------------------------------------------------------------
                                  0.000000    0.000000   clock clk (rise edge)
                                  0.000000    0.000000   clock source latency
     1    0.010311    0.052854    0.035204    0.035204 ^ clk (in)
                                                         clk (net)
                      0.052862    0.000000    0.035204 ^ clkbuf_0_clk/A (sky130_fd_sc_hd__clkbuf_16)
     2    0.017473    0.039691    0.125653    0.160856 ^ clkbuf_0_clk/X (sky130_fd_sc_hd__clkbuf_16)
                                                         clknet_0_clk (net)
                      0.039704    0.000896    0.161752 ^ clkbuf_1_0__f_clk/A (sky130_fd_sc_hd__clkbuf_16)
     2    0.004950    0.028727    0.108511    0.270263 ^ clkbuf_1_0__f_clk/X (sky130_fd_sc_hd__clkbuf_16)
                                                         clknet_1_0__leaf_clk (net)
                      0.028728    0.000293    0.270556 ^ _20_/CLK (sky130_fd_sc_hd__dfrtp_1)
     4    0.013225    0.126717    0.376285    0.646841 ^ _20_/Q (sky130_fd_sc_hd__dfrtp_1)
                                                         net2 (net)
                      0.126719    0.000716    0.647557 ^ _13_/A1 (sky130_fd_sc_hd__a21oi_1)
     1    0.004675    0.033512    0.090598    0.738155 v _13_/Y (sky130_fd_sc_hd__a21oi_1)
                                                         _08_ (net)
                      0.033515    0.000325    0.738480 v _15_/A (sky130_fd_sc_hd__nor2_1)
     1    0.003023    0.079376    0.094681    0.833161 ^ _15_/Y (sky130_fd_sc_hd__nor2_1)
                                                         _02_ (net)
                      0.079377    0.000128    0.833289 ^ _22_/D (sky130_fd_sc_hd__dfrtp_1)
                                              0.833289   data arrival time

                                  0.000000    0.000000   clock clk (rise edge)
                                  0.000000    0.000000   clock source latency
     1    0.010311    0.052854    0.035204    0.035204 ^ clk (in)
                                                         clk (net)
                      0.052862    0.000000    0.035204 ^ clkbuf_0_clk/A (sky130_fd_sc_hd__clkbuf_16)
     2    0.017473    0.039691    0.125653    0.160856 ^ clkbuf_0_clk/X (sky130_fd_sc_hd__clkbuf_16)
                                                         clknet_0_clk (net)
                      0.039704    0.000896    0.161752 ^ clkbuf_1_0__f_clk/A (sky130_fd_sc_hd__clkbuf_16)
     2    0.004950    0.028727    0.108511    0.270263 ^ clkbuf_1_0__f_clk/X (sky130_fd_sc_hd__clkbuf_16)
                                                         clknet_1_0__leaf_clk (net)
                      0.028728    0.000276    0.270539 ^ _22_/CLK (sky130_fd_sc_hd__dfrtp_1)
                                  0.250000    0.520539   clock uncertainty
                                  0.000000    0.520539   clock reconvergence pessimism
                                 -0.044208    0.476331   library hold time
                                              0.476331   data required time
---------------------------------------------------------------------------------------------
                                              0.476331   data required time
                                             -0.833289   data arrival time
---------------------------------------------------------------------------------------------
                                              0.356958   slack (MET)


Startpoint: _22_ (rising edge-triggered flip-flop clocked by clk)
Endpoint: _23_ (rising edge-triggered flip-flop clocked by clk)
Path Group: clk
Path Type: min

Fanout         Cap        Slew       Delay        Time   Description
---------------------------------------------------------------------------------------------
                                  0.000000    0.000000   clock clk (rise edge)
                                  0.000000    0.000000   clock source latency
     1    0.010311    0.052854    0.035204    0.035204 ^ clk (in)
                                                         clk (net)
                      0.052862    0.000000    0.035204 ^ clkbuf_0_clk/A (sky130_fd_sc_hd__clkbuf_16)
     2    0.017473    0.039691    0.125653    0.160856 ^ clkbuf_0_clk/X (sky130_fd_sc_hd__clkbuf_16)
                                                         clknet_0_clk (net)
                      0.039704    0.000896    0.161752 ^ clkbuf_1_0__f_clk/A (sky130_fd_sc_hd__clkbuf_16)
     2    0.004950    0.028727    0.108511    0.270263 ^ clkbuf_1_0__f_clk/X (sky130_fd_sc_hd__clkbuf_16)
                                                         clknet_1_0__leaf_clk (net)
                      0.028728    0.000276    0.270539 ^ _22_/CLK (sky130_fd_sc_hd__dfrtp_1)
     3    0.008228    0.087220    0.345345    0.615884 ^ _22_/Q (sky130_fd_sc_hd__dfrtp_1)
                                                         net4 (net)
                      0.087221    0.000423    0.616308 ^ _14_/C (sky130_fd_sc_hd__and3_1)
     2    0.008457    0.097774    0.198390    0.814698 ^ _14_/X (sky130_fd_sc_hd__and3_1)
                                                         _09_ (net)
                      0.097775    0.000536    0.815234 ^ _16_/B (sky130_fd_sc_hd__xor2_1)
     1    0.002449    0.034814    0.069044    0.884278 v _16_/X (sky130_fd_sc_hd__xor2_1)
                                                         _03_ (net)
                      0.034814    0.000167    0.884445 v _23_/D (sky130_fd_sc_hd__dfrtp_1)
                                              0.884445   data arrival time

                                  0.000000    0.000000   clock clk (rise edge)
                                  0.000000    0.000000   clock source latency
     1    0.010311    0.052854    0.035204    0.035204 ^ clk (in)
                                                         clk (net)
                      0.052862    0.000000    0.035204 ^ clkbuf_0_clk/A (sky130_fd_sc_hd__clkbuf_16)
     2    0.017473    0.039691    0.125653    0.160856 ^ clkbuf_0_clk/X (sky130_fd_sc_hd__clkbuf_16)
                                                         clknet_0_clk (net)
                      0.039700    0.000629    0.161485 ^ clkbuf_1_1__f_clk/A (sky130_fd_sc_hd__clkbuf_16)
     2    0.006664    0.030340    0.110542    0.272027 ^ clkbuf_1_1__f_clk/X (sky130_fd_sc_hd__clkbuf_16)
                                                         clknet_1_1__leaf_clk (net)
                      0.030342    0.000404    0.272431 ^ _23_/CLK (sky130_fd_sc_hd__dfrtp_1)
                                  0.250000    0.522430   clock uncertainty
                                  0.000000    0.522430   clock reconvergence pessimism
                                 -0.044972    0.477459   library hold time
                                              0.477459   data required time
---------------------------------------------------------------------------------------------
                                              0.477459   data required time
                                             -0.884445   data arrival time
---------------------------------------------------------------------------------------------
                                              0.406986   slack (MET)


Startpoint: _20_ (rising edge-triggered flip-flop clocked by clk)
Endpoint: _20_ (rising edge-triggered flip-flop clocked by clk)
Path Group: clk
Path Type: min

Fanout         Cap        Slew       Delay        Time   Description
---------------------------------------------------------------------------------------------
                                  0.000000    0.000000   clock clk (rise edge)
                                  0.000000    0.000000   clock source latency
     1    0.010311    0.052854    0.035204    0.035204 ^ clk (in)
                                                         clk (net)
                      0.052862    0.000000    0.035204 ^ clkbuf_0_clk/A (sky130_fd_sc_hd__clkbuf_16)
     2    0.017473    0.039691    0.125653    0.160856 ^ clkbuf_0_clk/X (sky130_fd_sc_hd__clkbuf_16)
                                                         clknet_0_clk (net)
                      0.039704    0.000896    0.161752 ^ clkbuf_1_0__f_clk/A (sky130_fd_sc_hd__clkbuf_16)
     2    0.004950    0.028727    0.108511    0.270263 ^ clkbuf_1_0__f_clk/X (sky130_fd_sc_hd__clkbuf_16)
                                                         clknet_1_0__leaf_clk (net)
                      0.028728    0.000293    0.270556 ^ _20_/CLK (sky130_fd_sc_hd__dfrtp_1)
     4    0.013225    0.126717    0.376285    0.646841 ^ _20_/Q (sky130_fd_sc_hd__dfrtp_1)
                                                         net2 (net)
                      0.126718    0.000636    0.647476 ^ hold2/A (sky130_fd_sc_hd__dlygate4sd3_1)
     2    0.009710    0.113079    0.611656    1.259133 ^ hold2/X (sky130_fd_sc_hd__dlygate4sd3_1)
                                                         net7 (net)
                      0.113079    0.000335    1.259468 ^ _10_/A (sky130_fd_sc_hd__inv_2)
     1    0.002905    0.025756    0.035973    1.295441 v _10_/Y (sky130_fd_sc_hd__inv_2)
                                                         _00_ (net)
                      0.025758    0.000213    1.295653 v _20_/D (sky130_fd_sc_hd__dfrtp_1)
                                              1.295653   data arrival time

                                  0.000000    0.000000   clock clk (rise edge)
                                  0.000000    0.000000   clock source latency
     1    0.010311    0.052854    0.035204    0.035204 ^ clk (in)
                                                         clk (net)
                      0.052862    0.000000    0.035204 ^ clkbuf_0_clk/A (sky130_fd_sc_hd__clkbuf_16)
     2    0.017473    0.039691    0.125653    0.160856 ^ clkbuf_0_clk/X (sky130_fd_sc_hd__clkbuf_16)
                                                         clknet_0_clk (net)
                      0.039704    0.000896    0.161752 ^ clkbuf_1_0__f_clk/A (sky130_fd_sc_hd__clkbuf_16)
     2    0.004950    0.028727    0.108511    0.270263 ^ clkbuf_1_0__f_clk/X (sky130_fd_sc_hd__clkbuf_16)
                                                         clknet_1_0__leaf_clk (net)
                      0.028728    0.000293    0.270556 ^ _20_/CLK (sky130_fd_sc_hd__dfrtp_1)
                                  0.250000    0.520556   clock uncertainty
                                  0.000000    0.520556   clock reconvergence pessimism
                                 -0.041652    0.478904   library hold time
                                              0.478904   data required time
---------------------------------------------------------------------------------------------
                                              0.478904   data required time
                                             -1.295653   data arrival time
---------------------------------------------------------------------------------------------
                                              0.816749   slack (MET)


Startpoint: _21_ (rising edge-triggered flip-flop clocked by clk)
Endpoint: _21_ (rising edge-triggered flip-flop clocked by clk)
Path Group: clk
Path Type: min

Fanout         Cap        Slew       Delay        Time   Description
---------------------------------------------------------------------------------------------
                                  0.000000    0.000000   clock clk (rise edge)
                                  0.000000    0.000000   clock source latency
     1    0.010311    0.052854    0.035204    0.035204 ^ clk (in)
                                                         clk (net)
                      0.052862    0.000000    0.035204 ^ clkbuf_0_clk/A (sky130_fd_sc_hd__clkbuf_16)
     2    0.017473    0.039691    0.125653    0.160856 ^ clkbuf_0_clk/X (sky130_fd_sc_hd__clkbuf_16)
                                                         clknet_0_clk (net)
                      0.039700    0.000629    0.161485 ^ clkbuf_1_1__f_clk/A (sky130_fd_sc_hd__clkbuf_16)
     2    0.006664    0.030340    0.110542    0.272027 ^ clkbuf_1_1__f_clk/X (sky130_fd_sc_hd__clkbuf_16)
                                                         clknet_1_1__leaf_clk (net)
                      0.030342    0.000385    0.272412 ^ _21_/CLK (sky130_fd_sc_hd__dfrtp_1)
     4    0.013760    0.131139    0.380038    0.652449 ^ _21_/Q (sky130_fd_sc_hd__dfrtp_1)
                                                         net3 (net)
                      0.131140    0.000704    0.653154 ^ hold3/A (sky130_fd_sc_hd__dlygate4sd3_1)
     1    0.005818    0.079179    0.583418    1.236572 ^ hold3/X (sky130_fd_sc_hd__dlygate4sd3_1)
                                                         net8 (net)
                      0.079179    0.000276    1.236848 ^ _12_/B (sky130_fd_sc_hd__xor2_1)
     1    0.003670    0.039580    0.069873    1.306721 v _12_/X (sky130_fd_sc_hd__xor2_1)
                                                         _01_ (net)
                      0.039580    0.000270    1.306991 v _21_/D (sky130_fd_sc_hd__dfrtp_1)
                                              1.306991   data arrival time

                                  0.000000    0.000000   clock clk (rise edge)
                                  0.000000    0.000000   clock source latency
     1    0.010311    0.052854    0.035204    0.035204 ^ clk (in)
                                                         clk (net)
                      0.052862    0.000000    0.035204 ^ clkbuf_0_clk/A (sky130_fd_sc_hd__clkbuf_16)
     2    0.017473    0.039691    0.125653    0.160856 ^ clkbuf_0_clk/X (sky130_fd_sc_hd__clkbuf_16)
                                                         clknet_0_clk (net)
                      0.039700    0.000629    0.161485 ^ clkbuf_1_1__f_clk/A (sky130_fd_sc_hd__clkbuf_16)
     2    0.006664    0.030340    0.110542    0.272027 ^ clkbuf_1_1__f_clk/X (sky130_fd_sc_hd__clkbuf_16)
                                                         clknet_1_1__leaf_clk (net)
                      0.030342    0.000385    0.272412 ^ _21_/CLK (sky130_fd_sc_hd__dfrtp_1)
                                  0.250000    0.522412   clock uncertainty
                                  0.000000    0.522412   clock reconvergence pessimism
                                 -0.046912    0.475499   library hold time
                                              0.475499   data required time
---------------------------------------------------------------------------------------------
                                              0.475499   data required time
                                             -1.306991   data arrival time
---------------------------------------------------------------------------------------------
                                              0.831491   slack (MET)


Startpoint: rst (input port clocked by clk)
Endpoint: _23_ (removal check against rising-edge clock clk)
Path Group: asynchronous
Path Type: min

Fanout         Cap        Slew       Delay        Time   Description
---------------------------------------------------------------------------------------------
                                  0.000000    0.000000   clock clk (rise edge)
                                  0.000000    0.000000   clock network delay (propagated)
                                  2.000000    2.000000 v input external delay
     1    0.003309    0.009801    0.005344    2.005344 v rst (in)
                                                         rst (net)
                      0.009804    0.000000    2.005344 v input1/A (sky130_fd_sc_hd__clkbuf_2)
     4    0.020784    0.084860    0.135713    2.141057 v input1/X (sky130_fd_sc_hd__clkbuf_2)
                                                         net1 (net)
                      0.084887    0.001445    2.142502 v _19_/A (sky130_fd_sc_hd__inv_2)
     1    0.004035    0.034634    0.059475    2.201977 ^ _19_/Y (sky130_fd_sc_hd__inv_2)
                                                         _07_ (net)
                      0.034635    0.000211    2.202188 ^ _23_/RESET_B (sky130_fd_sc_hd__dfrtp_1)
                                              2.202188   data arrival time

                                  0.000000    0.000000   clock clk (rise edge)
                                  0.000000    0.000000   clock source latency
     1    0.010311    0.052854    0.035204    0.035204 ^ clk (in)
                                                         clk (net)
                      0.052862    0.000000    0.035204 ^ clkbuf_0_clk/A (sky130_fd_sc_hd__clkbuf_16)
     2    0.017473    0.039691    0.125653    0.160856 ^ clkbuf_0_clk/X (sky130_fd_sc_hd__clkbuf_16)
                                                         clknet_0_clk (net)
                      0.039700    0.000629    0.161485 ^ clkbuf_1_1__f_clk/A (sky130_fd_sc_hd__clkbuf_16)
     2    0.006664    0.030340    0.110542    0.272027 ^ clkbuf_1_1__f_clk/X (sky130_fd_sc_hd__clkbuf_16)
                                                         clknet_1_1__leaf_clk (net)
                      0.030342    0.000404    0.272431 ^ _23_/CLK (sky130_fd_sc_hd__dfrtp_1)
                                  0.250000    0.522430   clock uncertainty
                                  0.000000    0.522430   clock reconvergence pessimism
                                  0.313400    0.835831   library removal time
                                              0.835831   data required time
---------------------------------------------------------------------------------------------
                                              0.835831   data required time
                                             -2.202188   data arrival time
---------------------------------------------------------------------------------------------
                                              1.366357   slack (MET)


Startpoint: rst (input port clocked by clk)
Endpoint: _21_ (removal check against rising-edge clock clk)
Path Group: asynchronous
Path Type: min

Fanout         Cap        Slew       Delay        Time   Description
---------------------------------------------------------------------------------------------
                                  0.000000    0.000000   clock clk (rise edge)
                                  0.000000    0.000000   clock network delay (propagated)
                                  2.000000    2.000000 v input external delay
     1    0.003309    0.009801    0.005344    2.005344 v rst (in)
                                                         rst (net)
                      0.009804    0.000000    2.005344 v input1/A (sky130_fd_sc_hd__clkbuf_2)
     4    0.020784    0.084860    0.135713    2.141057 v input1/X (sky130_fd_sc_hd__clkbuf_2)
                                                         net1 (net)
                      0.084887    0.001435    2.142492 v _17_/A (sky130_fd_sc_hd__inv_2)
     1    0.004322    0.035720    0.060818    2.203310 ^ _17_/Y (sky130_fd_sc_hd__inv_2)
                                                         _05_ (net)
                      0.035721    0.000230    2.203540 ^ _21_/RESET_B (sky130_fd_sc_hd__dfrtp_1)
                                              2.203540   data arrival time

                                  0.000000    0.000000   clock clk (rise edge)
                                  0.000000    0.000000   clock source latency
     1    0.010311    0.052854    0.035204    0.035204 ^ clk (in)
                                                         clk (net)
                      0.052862    0.000000    0.035204 ^ clkbuf_0_clk/A (sky130_fd_sc_hd__clkbuf_16)
     2    0.017473    0.039691    0.125653    0.160856 ^ clkbuf_0_clk/X (sky130_fd_sc_hd__clkbuf_16)
                                                         clknet_0_clk (net)
                      0.039700    0.000629    0.161485 ^ clkbuf_1_1__f_clk/A (sky130_fd_sc_hd__clkbuf_16)
     2    0.006664    0.030340    0.110542    0.272027 ^ clkbuf_1_1__f_clk/X (sky130_fd_sc_hd__clkbuf_16)
                                                         clknet_1_1__leaf_clk (net)
                      0.030342    0.000385    0.272412 ^ _21_/CLK (sky130_fd_sc_hd__dfrtp_1)
                                  0.250000    0.522412   clock uncertainty
                                  0.000000    0.522412   clock reconvergence pessimism
                                  0.313699    0.836111   library removal time
                                              0.836111   data required time
---------------------------------------------------------------------------------------------
                                              0.836111   data required time
                                             -2.203540   data arrival time
---------------------------------------------------------------------------------------------
                                              1.367429   slack (MET)


Startpoint: rst (input port clocked by clk)
Endpoint: _22_ (removal check against rising-edge clock clk)
Path Group: asynchronous
Path Type: min

Fanout         Cap        Slew       Delay        Time   Description
---------------------------------------------------------------------------------------------
                                  0.000000    0.000000   clock clk (rise edge)
                                  0.000000    0.000000   clock network delay (propagated)
                                  2.000000    2.000000 v input external delay
     1    0.003309    0.009801    0.005344    2.005344 v rst (in)
                                                         rst (net)
                      0.009804    0.000000    2.005344 v input1/A (sky130_fd_sc_hd__clkbuf_2)
     4    0.020784    0.084860    0.135713    2.141057 v input1/X (sky130_fd_sc_hd__clkbuf_2)
                                                         net1 (net)
                      0.084884    0.001380    2.142437 v _18_/A (sky130_fd_sc_hd__inv_2)
     1    0.004183    0.035191    0.060161    2.202598 ^ _18_/Y (sky130_fd_sc_hd__inv_2)
                                                         _06_ (net)
                      0.035192    0.000226    2.202825 ^ _22_/RESET_B (sky130_fd_sc_hd__dfrtp_1)
                                              2.202825   data arrival time

                                  0.000000    0.000000   clock clk (rise edge)
                                  0.000000    0.000000   clock source latency
     1    0.010311    0.052854    0.035204    0.035204 ^ clk (in)
                                                         clk (net)
                      0.052862    0.000000    0.035204 ^ clkbuf_0_clk/A (sky130_fd_sc_hd__clkbuf_16)
     2    0.017473    0.039691    0.125653    0.160856 ^ clkbuf_0_clk/X (sky130_fd_sc_hd__clkbuf_16)
                                                         clknet_0_clk (net)
                      0.039704    0.000896    0.161752 ^ clkbuf_1_0__f_clk/A (sky130_fd_sc_hd__clkbuf_16)
     2    0.004950    0.028727    0.108511    0.270263 ^ clkbuf_1_0__f_clk/X (sky130_fd_sc_hd__clkbuf_16)
                                                         clknet_1_0__leaf_clk (net)
                      0.028728    0.000276    0.270539 ^ _22_/CLK (sky130_fd_sc_hd__dfrtp_1)
                                  0.250000    0.520539   clock uncertainty
                                  0.000000    0.520539   clock reconvergence pessimism
                                  0.313114    0.833652   library removal time
                                              0.833652   data required time
---------------------------------------------------------------------------------------------
                                              0.833652   data required time
                                             -2.202825   data arrival time
---------------------------------------------------------------------------------------------
                                              1.369172   slack (MET)


Startpoint: rst (input port clocked by clk)
Endpoint: _20_ (removal check against rising-edge clock clk)
Path Group: asynchronous
Path Type: min

Fanout         Cap        Slew       Delay        Time   Description
---------------------------------------------------------------------------------------------
                                  0.000000    0.000000   clock clk (rise edge)
                                  0.000000    0.000000   clock network delay (propagated)
                                  2.000000    2.000000 v input external delay
     1    0.003309    0.009801    0.005344    2.005344 v rst (in)
                                                         rst (net)
                      0.009804    0.000000    2.005344 v input1/A (sky130_fd_sc_hd__clkbuf_2)
     4    0.020784    0.084860    0.135713    2.141057 v input1/X (sky130_fd_sc_hd__clkbuf_2)
                                                         net1 (net)
                      0.084871    0.000982    2.142039 v _11_/A (sky130_fd_sc_hd__inv_2)
     1    0.004922    0.037755    0.062943    2.204981 ^ _11_/Y (sky130_fd_sc_hd__inv_2)
                                                         _04_ (net)
                      0.037755    0.000261    2.205242 ^ _20_/RESET_B (sky130_fd_sc_hd__dfrtp_1)
                                              2.205242   data arrival time

                                  0.000000    0.000000   clock clk (rise edge)
                                  0.000000    0.000000   clock source latency
     1    0.010311    0.052854    0.035204    0.035204 ^ clk (in)
                                                         clk (net)
                      0.052862    0.000000    0.035204 ^ clkbuf_0_clk/A (sky130_fd_sc_hd__clkbuf_16)
     2    0.017473    0.039691    0.125653    0.160856 ^ clkbuf_0_clk/X (sky130_fd_sc_hd__clkbuf_16)
                                                         clknet_0_clk (net)
                      0.039704    0.000896    0.161752 ^ clkbuf_1_0__f_clk/A (sky130_fd_sc_hd__clkbuf_16)
     2    0.004950    0.028727    0.108511    0.270263 ^ clkbuf_1_0__f_clk/X (sky130_fd_sc_hd__clkbuf_16)
                                                         clknet_1_0__leaf_clk (net)
                      0.028728    0.000293    0.270556 ^ _20_/CLK (sky130_fd_sc_hd__dfrtp_1)
                                  0.250000    0.520556   clock uncertainty
                                  0.000000    0.520556   clock reconvergence pessimism
                                  0.313819    0.834375   library removal time
                                              0.834375   data required time
---------------------------------------------------------------------------------------------
                                              0.834375   data required time
                                             -2.205242   data arrival time
---------------------------------------------------------------------------------------------
                                              1.370867   slack (MET)


Startpoint: _23_ (rising edge-triggered flip-flop clocked by clk)
Endpoint: out[3] (output port clocked by clk)
Path Group: clk
Path Type: min

Fanout         Cap        Slew       Delay        Time   Description
---------------------------------------------------------------------------------------------
                                  0.000000    0.000000   clock clk (rise edge)
                                  0.000000    0.000000   clock source latency
     1    0.010311    0.052854    0.035204    0.035204 ^ clk (in)
                                                         clk (net)
                      0.052862    0.000000    0.035204 ^ clkbuf_0_clk/A (sky130_fd_sc_hd__clkbuf_16)
     2    0.017473    0.039691    0.125653    0.160856 ^ clkbuf_0_clk/X (sky130_fd_sc_hd__clkbuf_16)
                                                         clknet_0_clk (net)
                      0.039700    0.000629    0.161485 ^ clkbuf_1_1__f_clk/A (sky130_fd_sc_hd__clkbuf_16)
     2    0.006664    0.030340    0.110542    0.272027 ^ clkbuf_1_1__f_clk/X (sky130_fd_sc_hd__clkbuf_16)
                                                         clknet_1_1__leaf_clk (net)
                      0.030342    0.000404    0.272431 ^ _23_/CLK (sky130_fd_sc_hd__dfrtp_1)
     2    0.004904    0.061017    0.323694    0.596125 ^ _23_/Q (sky130_fd_sc_hd__dfrtp_1)
                                                         net5 (net)
                      0.061017    0.000244    0.596369 ^ output5/A (sky130_fd_sc_hd__buf_2)
     1    0.034388    0.170872    0.203732    0.800101 ^ output5/X (sky130_fd_sc_hd__buf_2)
                                                         out[3] (net)
                      0.170944    0.001597    0.801697 ^ out[3] (out)
                                              0.801697   data arrival time

                                  0.000000    0.000000   clock clk (rise edge)
                                  0.000000    0.000000   clock network delay (propagated)
                                  0.250000    0.250000   clock uncertainty
                                  0.000000    0.250000   clock reconvergence pessimism
                                 -2.000000   -1.750000   output external delay
                                             -1.750000   data required time
---------------------------------------------------------------------------------------------
                                             -1.750000   data required time
                                             -0.801697   data arrival time
---------------------------------------------------------------------------------------------
                                              2.551697   slack (MET)


Startpoint: _22_ (rising edge-triggered flip-flop clocked by clk)
Endpoint: out[2] (output port clocked by clk)
Path Group: clk
Path Type: min

Fanout         Cap        Slew       Delay        Time   Description
---------------------------------------------------------------------------------------------
                                  0.000000    0.000000   clock clk (rise edge)
                                  0.000000    0.000000   clock source latency
     1    0.010311    0.052854    0.035204    0.035204 ^ clk (in)
                                                         clk (net)
                      0.052862    0.000000    0.035204 ^ clkbuf_0_clk/A (sky130_fd_sc_hd__clkbuf_16)
     2    0.017473    0.039691    0.125653    0.160856 ^ clkbuf_0_clk/X (sky130_fd_sc_hd__clkbuf_16)
                                                         clknet_0_clk (net)
                      0.039704    0.000896    0.161752 ^ clkbuf_1_0__f_clk/A (sky130_fd_sc_hd__clkbuf_16)
     2    0.004950    0.028727    0.108511    0.270263 ^ clkbuf_1_0__f_clk/X (sky130_fd_sc_hd__clkbuf_16)
                                                         clknet_1_0__leaf_clk (net)
                      0.028728    0.000276    0.270539 ^ _22_/CLK (sky130_fd_sc_hd__dfrtp_1)
     3    0.008228    0.087220    0.345345    0.615884 ^ _22_/Q (sky130_fd_sc_hd__dfrtp_1)
                                                         net4 (net)
                      0.087220    0.000399    0.616283 ^ output4/A (sky130_fd_sc_hd__buf_2)
     1    0.034520    0.171739    0.213804    0.830087 ^ output4/X (sky130_fd_sc_hd__buf_2)
                                                         out[2] (net)
                      0.171813    0.001631    0.831718 ^ out[2] (out)
                                              0.831718   data arrival time

                                  0.000000    0.000000   clock clk (rise edge)
                                  0.000000    0.000000   clock network delay (propagated)
                                  0.250000    0.250000   clock uncertainty
                                  0.000000    0.250000   clock reconvergence pessimism
                                 -2.000000   -1.750000   output external delay
                                             -1.750000   data required time
---------------------------------------------------------------------------------------------
                                             -1.750000   data required time
                                             -0.831718   data arrival time
---------------------------------------------------------------------------------------------
                                              2.581718   slack (MET)


Startpoint: _20_ (rising edge-triggered flip-flop clocked by clk)
Endpoint: out[0] (output port clocked by clk)
Path Group: clk
Path Type: min

Fanout         Cap        Slew       Delay        Time   Description
---------------------------------------------------------------------------------------------
                                  0.000000    0.000000   clock clk (rise edge)
                                  0.000000    0.000000   clock source latency
     1    0.010311    0.052854    0.035204    0.035204 ^ clk (in)
                                                         clk (net)
                      0.052862    0.000000    0.035204 ^ clkbuf_0_clk/A (sky130_fd_sc_hd__clkbuf_16)
     2    0.017473    0.039691    0.125653    0.160856 ^ clkbuf_0_clk/X (sky130_fd_sc_hd__clkbuf_16)
                                                         clknet_0_clk (net)
                      0.039704    0.000896    0.161752 ^ clkbuf_1_0__f_clk/A (sky130_fd_sc_hd__clkbuf_16)
     2    0.004950    0.028727    0.108511    0.270263 ^ clkbuf_1_0__f_clk/X (sky130_fd_sc_hd__clkbuf_16)
                                                         clknet_1_0__leaf_clk (net)
                      0.028728    0.000293    0.270556 ^ _20_/CLK (sky130_fd_sc_hd__dfrtp_1)
     4    0.012707    0.082652    0.396366    0.666922 v _20_/Q (sky130_fd_sc_hd__dfrtp_1)
                                                         net2 (net)
                      0.082656    0.000656    0.667578 v output2/A (sky130_fd_sc_hd__buf_2)
     1    0.034478    0.090383    0.196565    0.864143 v output2/X (sky130_fd_sc_hd__buf_2)
                                                         out[0] (net)
                      0.090422    0.001734    0.865876 v out[0] (out)
                                              0.865876   data arrival time

                                  0.000000    0.000000   clock clk (rise edge)
                                  0.000000    0.000000   clock network delay (propagated)
                                  0.250000    0.250000   clock uncertainty
                                  0.000000    0.250000   clock reconvergence pessimism
                                 -2.000000   -1.750000   output external delay
                                             -1.750000   data required time
---------------------------------------------------------------------------------------------
                                             -1.750000   data required time
                                             -0.865876   data arrival time
---------------------------------------------------------------------------------------------
                                              2.615876   slack (MET)


Startpoint: _21_ (rising edge-triggered flip-flop clocked by clk)
Endpoint: out[1] (output port clocked by clk)
Path Group: clk
Path Type: min

Fanout         Cap        Slew       Delay        Time   Description
---------------------------------------------------------------------------------------------
                                  0.000000    0.000000   clock clk (rise edge)
                                  0.000000    0.000000   clock source latency
     1    0.010311    0.052854    0.035204    0.035204 ^ clk (in)
                                                         clk (net)
                      0.052862    0.000000    0.035204 ^ clkbuf_0_clk/A (sky130_fd_sc_hd__clkbuf_16)
     2    0.017473    0.039691    0.125653    0.160856 ^ clkbuf_0_clk/X (sky130_fd_sc_hd__clkbuf_16)
                                                         clknet_0_clk (net)
                      0.039700    0.000629    0.161485 ^ clkbuf_1_1__f_clk/A (sky130_fd_sc_hd__clkbuf_16)
     2    0.006664    0.030340    0.110542    0.272027 ^ clkbuf_1_1__f_clk/X (sky130_fd_sc_hd__clkbuf_16)
                                                         clknet_1_1__leaf_clk (net)
                      0.030342    0.000385    0.272412 ^ _21_/CLK (sky130_fd_sc_hd__dfrtp_1)
     4    0.013165    0.084661    0.398727    0.671138 v _21_/Q (sky130_fd_sc_hd__dfrtp_1)
                                                         net3 (net)
                      0.084665    0.000700    0.671838 v output3/A (sky130_fd_sc_hd__buf_2)
     1    0.034003    0.089314    0.196700    0.868539 v output3/X (sky130_fd_sc_hd__buf_2)
                                                         out[1] (net)
                      0.089348    0.001608    0.870146 v out[1] (out)
                                              0.870146   data arrival time

                                  0.000000    0.000000   clock clk (rise edge)
                                  0.000000    0.000000   clock network delay (propagated)
                                  0.250000    0.250000   clock uncertainty
                                  0.000000    0.250000   clock reconvergence pessimism
                                 -2.000000   -1.750000   output external delay
                                             -1.750000   data required time
---------------------------------------------------------------------------------------------
                                             -1.750000   data required time
                                             -0.870146   data arrival time
---------------------------------------------------------------------------------------------
                                              2.620147   slack (MET)



%OL_END_REPORT
%OL_CREATE_REPORT max.rpt

===========================================================================
report_checks -path_delay max (Setup)
============================================================================
======================= max_tt_025C_1v80 Corner ===================================

Startpoint: _21_ (rising edge-triggered flip-flop clocked by clk)
Endpoint: out[1] (output port clocked by clk)
Path Group: clk
Path Type: max

Fanout         Cap        Slew       Delay        Time   Description
---------------------------------------------------------------------------------------------
                                  0.000000    0.000000   clock clk (rise edge)
                                  0.000000    0.000000   clock source latency
     1    0.010311    0.052854    0.035204    0.035204 ^ clk (in)
                                                         clk (net)
                      0.052862    0.000000    0.035204 ^ clkbuf_0_clk/A (sky130_fd_sc_hd__clkbuf_16)
     2    0.017473    0.039691    0.125653    0.160856 ^ clkbuf_0_clk/X (sky130_fd_sc_hd__clkbuf_16)
                                                         clknet_0_clk (net)
                      0.039700    0.000629    0.161485 ^ clkbuf_1_1__f_clk/A (sky130_fd_sc_hd__clkbuf_16)
     2    0.006664    0.030340    0.110542    0.272027 ^ clkbuf_1_1__f_clk/X (sky130_fd_sc_hd__clkbuf_16)
                                                         clknet_1_1__leaf_clk (net)
                      0.030342    0.000385    0.272412 ^ _21_/CLK (sky130_fd_sc_hd__dfrtp_1)
     4    0.013760    0.131139    0.380038    0.652449 ^ _21_/Q (sky130_fd_sc_hd__dfrtp_1)
                                                         net3 (net)
                      0.131140    0.000737    0.653186 ^ output3/A (sky130_fd_sc_hd__buf_2)
     1    0.034003    0.169537    0.227435    0.880622 ^ output3/X (sky130_fd_sc_hd__buf_2)
                                                         out[1] (net)
                      0.169550    0.001610    0.882231 ^ out[1] (out)
                                              0.882231   data arrival time

                                 10.000000   10.000000   clock clk (rise edge)
                                  0.000000   10.000000   clock network delay (propagated)
                                 -0.250000    9.750000   clock uncertainty
                                  0.000000    9.750000   clock reconvergence pessimism
                                 -2.000000    7.750000   output external delay
                                              7.750000   data required time
---------------------------------------------------------------------------------------------
                                              7.750000   data required time
                                             -0.882231   data arrival time
---------------------------------------------------------------------------------------------
                                              6.867769   slack (MET)


Startpoint: _20_ (rising edge-triggered flip-flop clocked by clk)
Endpoint: out[0] (output port clocked by clk)
Path Group: clk
Path Type: max

Fanout         Cap        Slew       Delay        Time   Description
---------------------------------------------------------------------------------------------
                                  0.000000    0.000000   clock clk (rise edge)
                                  0.000000    0.000000   clock source latency
     1    0.010311    0.052854    0.035204    0.035204 ^ clk (in)
                                                         clk (net)
                      0.052862    0.000000    0.035204 ^ clkbuf_0_clk/A (sky130_fd_sc_hd__clkbuf_16)
     2    0.017473    0.039691    0.125653    0.160856 ^ clkbuf_0_clk/X (sky130_fd_sc_hd__clkbuf_16)
                                                         clknet_0_clk (net)
                      0.039704    0.000896    0.161752 ^ clkbuf_1_0__f_clk/A (sky130_fd_sc_hd__clkbuf_16)
     2    0.004950    0.028727    0.108511    0.270263 ^ clkbuf_1_0__f_clk/X (sky130_fd_sc_hd__clkbuf_16)
                                                         clknet_1_0__leaf_clk (net)
                      0.028728    0.000293    0.270556 ^ _20_/CLK (sky130_fd_sc_hd__dfrtp_1)
     4    0.013225    0.126717    0.376285    0.646841 ^ _20_/Q (sky130_fd_sc_hd__dfrtp_1)
                                                         net2 (net)
                      0.126719    0.000687    0.647528 ^ output2/A (sky130_fd_sc_hd__buf_2)
     1    0.034478    0.171765    0.227719    0.875247 ^ output2/X (sky130_fd_sc_hd__buf_2)
                                                         out[0] (net)
                      0.171781    0.001736    0.876983 ^ out[0] (out)
                                              0.876983   data arrival time

                                 10.000000   10.000000   clock clk (rise edge)
                                  0.000000   10.000000   clock network delay (propagated)
                                 -0.250000    9.750000   clock uncertainty
                                  0.000000    9.750000   clock reconvergence pessimism
                                 -2.000000    7.750000   output external delay
                                              7.750000   data required time
---------------------------------------------------------------------------------------------
                                              7.750000   data required time
                                             -0.876983   data arrival time
---------------------------------------------------------------------------------------------
                                              6.873017   slack (MET)


Startpoint: _22_ (rising edge-triggered flip-flop clocked by clk)
Endpoint: out[2] (output port clocked by clk)
Path Group: clk
Path Type: max

Fanout         Cap        Slew       Delay        Time   Description
---------------------------------------------------------------------------------------------
                                  0.000000    0.000000   clock clk (rise edge)
                                  0.000000    0.000000   clock source latency
     1    0.010311    0.052854    0.035204    0.035204 ^ clk (in)
                                                         clk (net)
                      0.052862    0.000000    0.035204 ^ clkbuf_0_clk/A (sky130_fd_sc_hd__clkbuf_16)
     2    0.017473    0.039691    0.125653    0.160856 ^ clkbuf_0_clk/X (sky130_fd_sc_hd__clkbuf_16)
                                                         clknet_0_clk (net)
                      0.039704    0.000896    0.161752 ^ clkbuf_1_0__f_clk/A (sky130_fd_sc_hd__clkbuf_16)
     2    0.004950    0.028727    0.108511    0.270263 ^ clkbuf_1_0__f_clk/X (sky130_fd_sc_hd__clkbuf_16)
                                                         clknet_1_0__leaf_clk (net)
                      0.028728    0.000276    0.270539 ^ _22_/CLK (sky130_fd_sc_hd__dfrtp_1)
     3    0.007767    0.062782    0.374321    0.644860 v _22_/Q (sky130_fd_sc_hd__dfrtp_1)
                                                         net4 (net)
                      0.062783    0.000374    0.645234 v output4/A (sky130_fd_sc_hd__buf_2)
     1    0.034520    0.090406    0.187700    0.832934 v output4/X (sky130_fd_sc_hd__buf_2)
                                                         out[2] (net)
                      0.090440    0.001629    0.834564 v out[2] (out)
                                              0.834564   data arrival time

                                 10.000000   10.000000   clock clk (rise edge)
                                  0.000000   10.000000   clock network delay (propagated)
                                 -0.250000    9.750000   clock uncertainty
                                  0.000000    9.750000   clock reconvergence pessimism
                                 -2.000000    7.750000   output external delay
                                              7.750000   data required time
---------------------------------------------------------------------------------------------
                                              7.750000   data required time
                                             -0.834564   data arrival time
---------------------------------------------------------------------------------------------
                                              6.915436   slack (MET)


Startpoint: _23_ (rising edge-triggered flip-flop clocked by clk)
Endpoint: out[3] (output port clocked by clk)
Path Group: clk
Path Type: max

Fanout         Cap        Slew       Delay        Time   Description
---------------------------------------------------------------------------------------------
                                  0.000000    0.000000   clock clk (rise edge)
                                  0.000000    0.000000   clock source latency
     1    0.010311    0.052854    0.035204    0.035204 ^ clk (in)
                                                         clk (net)
                      0.052862    0.000000    0.035204 ^ clkbuf_0_clk/A (sky130_fd_sc_hd__clkbuf_16)
     2    0.017473    0.039691    0.125653    0.160856 ^ clkbuf_0_clk/X (sky130_fd_sc_hd__clkbuf_16)
                                                         clknet_0_clk (net)
                      0.039700    0.000629    0.161485 ^ clkbuf_1_1__f_clk/A (sky130_fd_sc_hd__clkbuf_16)
     2    0.006664    0.030340    0.110542    0.272027 ^ clkbuf_1_1__f_clk/X (sky130_fd_sc_hd__clkbuf_16)
                                                         clknet_1_1__leaf_clk (net)
                      0.030342    0.000404    0.272431 ^ _23_/CLK (sky130_fd_sc_hd__dfrtp_1)
     2    0.004579    0.047375    0.357906    0.630337 v _23_/Q (sky130_fd_sc_hd__dfrtp_1)
                                                         net5 (net)
                      0.047375    0.000227    0.630564 v output5/A (sky130_fd_sc_hd__buf_2)
     1    0.034388    0.090140    0.180609    0.811173 v output5/X (sky130_fd_sc_hd__buf_2)
                                                         out[3] (net)
                      0.090173    0.001595    0.812767 v out[3] (out)
                                              0.812767   data arrival time

                                 10.000000   10.000000   clock clk (rise edge)
                                  0.000000   10.000000   clock network delay (propagated)
                                 -0.250000    9.750000   clock uncertainty
                                  0.000000    9.750000   clock reconvergence pessimism
                                 -2.000000    7.750000   output external delay
                                              7.750000   data required time
---------------------------------------------------------------------------------------------
                                              7.750000   data required time
                                             -0.812767   data arrival time
---------------------------------------------------------------------------------------------
                                              6.937233   slack (MET)


Startpoint: rst (input port clocked by clk)
Endpoint: _20_ (recovery check against rising-edge clock clk)
Path Group: asynchronous
Path Type: max

Fanout         Cap        Slew       Delay        Time   Description
---------------------------------------------------------------------------------------------
                                  0.000000    0.000000   clock clk (rise edge)
                                  0.000000    0.000000   clock network delay (propagated)
                                  2.000000    2.000000 v input external delay
     1    0.003309    0.009801    0.005344    2.005344 v rst (in)
                                                         rst (net)
                      0.009804    0.000000    2.005344 v input1/A (sky130_fd_sc_hd__clkbuf_2)
     4    0.020784    0.084860    0.135713    2.141057 v input1/X (sky130_fd_sc_hd__clkbuf_2)
                                                         net1 (net)
                      0.084871    0.000982    2.142039 v _11_/A (sky130_fd_sc_hd__inv_2)
     1    0.004922    0.037755    0.062943    2.204981 ^ _11_/Y (sky130_fd_sc_hd__inv_2)
                                                         _04_ (net)
                      0.037755    0.000261    2.205242 ^ _20_/RESET_B (sky130_fd_sc_hd__dfrtp_1)
                                              2.205242   data arrival time

                                 10.000000   10.000000   clock clk (rise edge)
                                  0.000000   10.000000   clock source latency
     1    0.010311    0.052854    0.035204   10.035204 ^ clk (in)
                                                         clk (net)
                      0.052862    0.000000   10.035204 ^ clkbuf_0_clk/A (sky130_fd_sc_hd__clkbuf_16)
     2    0.017473    0.039691    0.125652   10.160856 ^ clkbuf_0_clk/X (sky130_fd_sc_hd__clkbuf_16)
                                                         clknet_0_clk (net)
                      0.039704    0.000896   10.161753 ^ clkbuf_1_0__f_clk/A (sky130_fd_sc_hd__clkbuf_16)
     2    0.004950    0.028727    0.108511   10.270263 ^ clkbuf_1_0__f_clk/X (sky130_fd_sc_hd__clkbuf_16)
                                                         clknet_1_0__leaf_clk (net)
                      0.028728    0.000293   10.270556 ^ _20_/CLK (sky130_fd_sc_hd__dfrtp_1)
                                 -0.250000   10.020556   clock uncertainty
                                  0.000000   10.020556   clock reconvergence pessimism
                                  0.227224   10.247780   library recovery time
                                             10.247780   data required time
---------------------------------------------------------------------------------------------
                                             10.247780   data required time
                                             -2.205242   data arrival time
---------------------------------------------------------------------------------------------
                                              8.042538   slack (MET)


Startpoint: rst (input port clocked by clk)
Endpoint: _22_ (recovery check against rising-edge clock clk)
Path Group: asynchronous
Path Type: max

Fanout         Cap        Slew       Delay        Time   Description
---------------------------------------------------------------------------------------------
                                  0.000000    0.000000   clock clk (rise edge)
                                  0.000000    0.000000   clock network delay (propagated)
                                  2.000000    2.000000 v input external delay
     1    0.003309    0.009801    0.005344    2.005344 v rst (in)
                                                         rst (net)
                      0.009804    0.000000    2.005344 v input1/A (sky130_fd_sc_hd__clkbuf_2)
     4    0.020784    0.084860    0.135713    2.141057 v input1/X (sky130_fd_sc_hd__clkbuf_2)
                                                         net1 (net)
                      0.084884    0.001380    2.142437 v _18_/A (sky130_fd_sc_hd__inv_2)
     1    0.004183    0.035191    0.060161    2.202598 ^ _18_/Y (sky130_fd_sc_hd__inv_2)
                                                         _06_ (net)
                      0.035192    0.000226    2.202825 ^ _22_/RESET_B (sky130_fd_sc_hd__dfrtp_1)
                                              2.202825   data arrival time

                                 10.000000   10.000000   clock clk (rise edge)
                                  0.000000   10.000000   clock source latency
     1    0.010311    0.052854    0.035204   10.035204 ^ clk (in)
                                                         clk (net)
                      0.052862    0.000000   10.035204 ^ clkbuf_0_clk/A (sky130_fd_sc_hd__clkbuf_16)
     2    0.017473    0.039691    0.125652   10.160856 ^ clkbuf_0_clk/X (sky130_fd_sc_hd__clkbuf_16)
                                                         clknet_0_clk (net)
                      0.039704    0.000896   10.161753 ^ clkbuf_1_0__f_clk/A (sky130_fd_sc_hd__clkbuf_16)
     2    0.004950    0.028727    0.108511   10.270263 ^ clkbuf_1_0__f_clk/X (sky130_fd_sc_hd__clkbuf_16)
                                                         clknet_1_0__leaf_clk (net)
                      0.028728    0.000276   10.270539 ^ _22_/CLK (sky130_fd_sc_hd__dfrtp_1)
                                 -0.250000   10.020539   clock uncertainty
                                  0.000000   10.020539   clock reconvergence pessimism
                                  0.227889   10.248429   library recovery time
                                             10.248429   data required time
---------------------------------------------------------------------------------------------
                                             10.248429   data required time
                                             -2.202825   data arrival time
---------------------------------------------------------------------------------------------
                                              8.045605   slack (MET)


Startpoint: rst (input port clocked by clk)
Endpoint: _21_ (recovery check against rising-edge clock clk)
Path Group: asynchronous
Path Type: max

Fanout         Cap        Slew       Delay        Time   Description
---------------------------------------------------------------------------------------------
                                  0.000000    0.000000   clock clk (rise edge)
                                  0.000000    0.000000   clock network delay (propagated)
                                  2.000000    2.000000 v input external delay
     1    0.003309    0.009801    0.005344    2.005344 v rst (in)
                                                         rst (net)
                      0.009804    0.000000    2.005344 v input1/A (sky130_fd_sc_hd__clkbuf_2)
     4    0.020784    0.084860    0.135713    2.141057 v input1/X (sky130_fd_sc_hd__clkbuf_2)
                                                         net1 (net)
                      0.084887    0.001435    2.142492 v _17_/A (sky130_fd_sc_hd__inv_2)
     1    0.004322    0.035720    0.060818    2.203310 ^ _17_/Y (sky130_fd_sc_hd__inv_2)
                                                         _05_ (net)
                      0.035721    0.000230    2.203540 ^ _21_/RESET_B (sky130_fd_sc_hd__dfrtp_1)
                                              2.203540   data arrival time

                                 10.000000   10.000000   clock clk (rise edge)
                                  0.000000   10.000000   clock source latency
     1    0.010311    0.052854    0.035204   10.035204 ^ clk (in)
                                                         clk (net)
                      0.052862    0.000000   10.035204 ^ clkbuf_0_clk/A (sky130_fd_sc_hd__clkbuf_16)
     2    0.017473    0.039691    0.125652   10.160856 ^ clkbuf_0_clk/X (sky130_fd_sc_hd__clkbuf_16)
                                                         clknet_0_clk (net)
                      0.039700    0.000629   10.161486 ^ clkbuf_1_1__f_clk/A (sky130_fd_sc_hd__clkbuf_16)
     2    0.006664    0.030340    0.110542   10.272027 ^ clkbuf_1_1__f_clk/X (sky130_fd_sc_hd__clkbuf_16)
                                                         clknet_1_1__leaf_clk (net)
                      0.030342    0.000385   10.272411 ^ _21_/CLK (sky130_fd_sc_hd__dfrtp_1)
                                 -0.250000   10.022411   clock uncertainty
                                  0.000000   10.022411   clock reconvergence pessimism
                                  0.228246   10.250657   library recovery time
                                             10.250657   data required time
---------------------------------------------------------------------------------------------
                                             10.250657   data required time
                                             -2.203540   data arrival time
---------------------------------------------------------------------------------------------
                                              8.047118   slack (MET)


Startpoint: rst (input port clocked by clk)
Endpoint: _23_ (recovery check against rising-edge clock clk)
Path Group: asynchronous
Path Type: max

Fanout         Cap        Slew       Delay        Time   Description
---------------------------------------------------------------------------------------------
                                  0.000000    0.000000   clock clk (rise edge)
                                  0.000000    0.000000   clock network delay (propagated)
                                  2.000000    2.000000 v input external delay
     1    0.003309    0.009801    0.005344    2.005344 v rst (in)
                                                         rst (net)
                      0.009804    0.000000    2.005344 v input1/A (sky130_fd_sc_hd__clkbuf_2)
     4    0.020784    0.084860    0.135713    2.141057 v input1/X (sky130_fd_sc_hd__clkbuf_2)
                                                         net1 (net)
                      0.084887    0.001445    2.142502 v _19_/A (sky130_fd_sc_hd__inv_2)
     1    0.004035    0.034634    0.059475    2.201977 ^ _19_/Y (sky130_fd_sc_hd__inv_2)
                                                         _07_ (net)
                      0.034635    0.000211    2.202188 ^ _23_/RESET_B (sky130_fd_sc_hd__dfrtp_1)
                                              2.202188   data arrival time

                                 10.000000   10.000000   clock clk (rise edge)
                                  0.000000   10.000000   clock source latency
     1    0.010311    0.052854    0.035204   10.035204 ^ clk (in)
                                                         clk (net)
                      0.052862    0.000000   10.035204 ^ clkbuf_0_clk/A (sky130_fd_sc_hd__clkbuf_16)
     2    0.017473    0.039691    0.125652   10.160856 ^ clkbuf_0_clk/X (sky130_fd_sc_hd__clkbuf_16)
                                                         clknet_0_clk (net)
                      0.039700    0.000629   10.161486 ^ clkbuf_1_1__f_clk/A (sky130_fd_sc_hd__clkbuf_16)
     2    0.006664    0.030340    0.110542   10.272027 ^ clkbuf_1_1__f_clk/X (sky130_fd_sc_hd__clkbuf_16)
                                                         clknet_1_1__leaf_clk (net)
                      0.030342    0.000403   10.272430 ^ _23_/CLK (sky130_fd_sc_hd__dfrtp_1)
                                 -0.250000   10.022430   clock uncertainty
                                  0.000000   10.022430   clock reconvergence pessimism
                                  0.228528   10.250957   library recovery time
                                             10.250957   data required time
---------------------------------------------------------------------------------------------
                                             10.250957   data required time
                                             -2.202188   data arrival time
---------------------------------------------------------------------------------------------
                                              8.048770   slack (MET)


Startpoint: _20_ (rising edge-triggered flip-flop clocked by clk)
Endpoint: _21_ (rising edge-triggered flip-flop clocked by clk)
Path Group: clk
Path Type: max

Fanout         Cap        Slew       Delay        Time   Description
---------------------------------------------------------------------------------------------
                                  0.000000    0.000000   clock clk (rise edge)
                                  0.000000    0.000000   clock source latency
     1    0.010311    0.052854    0.035204    0.035204 ^ clk (in)
                                                         clk (net)
                      0.052862    0.000000    0.035204 ^ clkbuf_0_clk/A (sky130_fd_sc_hd__clkbuf_16)
     2    0.017473    0.039691    0.125653    0.160856 ^ clkbuf_0_clk/X (sky130_fd_sc_hd__clkbuf_16)
                                                         clknet_0_clk (net)
                      0.039704    0.000896    0.161752 ^ clkbuf_1_0__f_clk/A (sky130_fd_sc_hd__clkbuf_16)
     2    0.004950    0.028727    0.108511    0.270263 ^ clkbuf_1_0__f_clk/X (sky130_fd_sc_hd__clkbuf_16)
                                                         clknet_1_0__leaf_clk (net)
                      0.028728    0.000293    0.270556 ^ _20_/CLK (sky130_fd_sc_hd__dfrtp_1)
     4    0.012707    0.082652    0.396366    0.666922 v _20_/Q (sky130_fd_sc_hd__dfrtp_1)
                                                         net2 (net)
                      0.082655    0.000606    0.667528 v hold2/A (sky130_fd_sc_hd__dlygate4sd3_1)
     2    0.009010    0.082820    0.606133    1.273661 v hold2/X (sky130_fd_sc_hd__dlygate4sd3_1)
                                                         net7 (net)
                      0.082820    0.000332    1.273993 v _12_/A (sky130_fd_sc_hd__xor2_1)
     1    0.003670    0.051374    0.172694    1.446686 v _12_/X (sky130_fd_sc_hd__xor2_1)
                                                         _01_ (net)
                      0.051375    0.000270    1.446956 v _21_/D (sky130_fd_sc_hd__dfrtp_1)
                                              1.446956   data arrival time

                                 10.000000   10.000000   clock clk (rise edge)
                                  0.000000   10.000000   clock source latency
     1    0.010311    0.052854    0.035204   10.035204 ^ clk (in)
                                                         clk (net)
                      0.052862    0.000000   10.035204 ^ clkbuf_0_clk/A (sky130_fd_sc_hd__clkbuf_16)
     2    0.017473    0.039691    0.125652   10.160856 ^ clkbuf_0_clk/X (sky130_fd_sc_hd__clkbuf_16)
                                                         clknet_0_clk (net)
                      0.039700    0.000629   10.161486 ^ clkbuf_1_1__f_clk/A (sky130_fd_sc_hd__clkbuf_16)
     2    0.006664    0.030340    0.110542   10.272027 ^ clkbuf_1_1__f_clk/X (sky130_fd_sc_hd__clkbuf_16)
                                                         clknet_1_1__leaf_clk (net)
                      0.030342    0.000385   10.272411 ^ _21_/CLK (sky130_fd_sc_hd__dfrtp_1)
                                 -0.250000   10.022411   clock uncertainty
                                  0.000000   10.022411   clock reconvergence pessimism
                                 -0.120411    9.902000   library setup time
                                              9.902000   data required time
---------------------------------------------------------------------------------------------
                                              9.902000   data required time
                                             -1.446956   data arrival time
---------------------------------------------------------------------------------------------
                                              8.455045   slack (MET)


Startpoint: _22_ (rising edge-triggered flip-flop clocked by clk)
Endpoint: _22_ (rising edge-triggered flip-flop clocked by clk)
Path Group: clk
Path Type: max

Fanout         Cap        Slew       Delay        Time   Description
---------------------------------------------------------------------------------------------
                                  0.000000    0.000000   clock clk (rise edge)
                                  0.000000    0.000000   clock source latency
     1    0.010311    0.052854    0.035204    0.035204 ^ clk (in)
                                                         clk (net)
                      0.052862    0.000000    0.035204 ^ clkbuf_0_clk/A (sky130_fd_sc_hd__clkbuf_16)
     2    0.017473    0.039691    0.125653    0.160856 ^ clkbuf_0_clk/X (sky130_fd_sc_hd__clkbuf_16)
                                                         clknet_0_clk (net)
                      0.039704    0.000896    0.161752 ^ clkbuf_1_0__f_clk/A (sky130_fd_sc_hd__clkbuf_16)
     2    0.004950    0.028727    0.108511    0.270263 ^ clkbuf_1_0__f_clk/X (sky130_fd_sc_hd__clkbuf_16)
                                                         clknet_1_0__leaf_clk (net)
                      0.028728    0.000276    0.270539 ^ _22_/CLK (sky130_fd_sc_hd__dfrtp_1)
     3    0.007767    0.062782    0.374321    0.644860 v _22_/Q (sky130_fd_sc_hd__dfrtp_1)
                                                         net4 (net)
                      0.062784    0.000439    0.645299 v hold4/A (sky130_fd_sc_hd__dlygate4sd3_1)
     1    0.002309    0.050218    0.551249    1.196548 v hold4/X (sky130_fd_sc_hd__dlygate4sd3_1)
                                                         net9 (net)
                      0.050218    0.000107    1.196655 v _13_/B1 (sky130_fd_sc_hd__a21oi_1)
     1    0.004863    0.141442    0.140794    1.337449 ^ _13_/Y (sky130_fd_sc_hd__a21oi_1)
                                                         _08_ (net)
                      0.141442    0.000342    1.337791 ^ _15_/A (sky130_fd_sc_hd__nor2_1)
     1    0.002966    0.043072    0.066033    1.403824 v _15_/Y (sky130_fd_sc_hd__nor2_1)
                                                         _02_ (net)
                      0.043072    0.000125    1.403949 v _22_/D (sky130_fd_sc_hd__dfrtp_1)
                                              1.403949   data arrival time

                                 10.000000   10.000000   clock clk (rise edge)
                                  0.000000   10.000000   clock source latency
     1    0.010311    0.052854    0.035204   10.035204 ^ clk (in)
                                                         clk (net)
                      0.052862    0.000000   10.035204 ^ clkbuf_0_clk/A (sky130_fd_sc_hd__clkbuf_16)
     2    0.017473    0.039691    0.125652   10.160856 ^ clkbuf_0_clk/X (sky130_fd_sc_hd__clkbuf_16)
                                                         clknet_0_clk (net)
                      0.039704    0.000896   10.161753 ^ clkbuf_1_0__f_clk/A (sky130_fd_sc_hd__clkbuf_16)
     2    0.004950    0.028727    0.108511   10.270263 ^ clkbuf_1_0__f_clk/X (sky130_fd_sc_hd__clkbuf_16)
                                                         clknet_1_0__leaf_clk (net)
                      0.028728    0.000276   10.270539 ^ _22_/CLK (sky130_fd_sc_hd__dfrtp_1)
                                 -0.250000   10.020539   clock uncertainty
                                  0.000000   10.020539   clock reconvergence pessimism
                                 -0.117155    9.903384   library setup time
                                              9.903384   data required time
---------------------------------------------------------------------------------------------
                                              9.903384   data required time
                                             -1.403949   data arrival time
---------------------------------------------------------------------------------------------
                                              8.499435   slack (MET)


Startpoint: _23_ (rising edge-triggered flip-flop clocked by clk)
Endpoint: _23_ (rising edge-triggered flip-flop clocked by clk)
Path Group: clk
Path Type: max

Fanout         Cap        Slew       Delay        Time   Description
---------------------------------------------------------------------------------------------
                                  0.000000    0.000000   clock clk (rise edge)
                                  0.000000    0.000000   clock source latency
     1    0.010311    0.052854    0.035204    0.035204 ^ clk (in)
                                                         clk (net)
                      0.052862    0.000000    0.035204 ^ clkbuf_0_clk/A (sky130_fd_sc_hd__clkbuf_16)
     2    0.017473    0.039691    0.125653    0.160856 ^ clkbuf_0_clk/X (sky130_fd_sc_hd__clkbuf_16)
                                                         clknet_0_clk (net)
                      0.039700    0.000629    0.161485 ^ clkbuf_1_1__f_clk/A (sky130_fd_sc_hd__clkbuf_16)
     2    0.006664    0.030340    0.110542    0.272027 ^ clkbuf_1_1__f_clk/X (sky130_fd_sc_hd__clkbuf_16)
                                                         clknet_1_1__leaf_clk (net)
                      0.030342    0.000404    0.272431 ^ _23_/CLK (sky130_fd_sc_hd__dfrtp_1)
     2    0.004579    0.047375    0.357906    0.630337 v _23_/Q (sky130_fd_sc_hd__dfrtp_1)
                                                         net5 (net)
                      0.047375    0.000152    0.630489 v hold1/A (sky130_fd_sc_hd__dlygate4sd3_1)
     1    0.005571    0.066564    0.568519    1.199008 v hold1/X (sky130_fd_sc_hd__dlygate4sd3_1)
                                                         net6 (net)
                      0.066564    0.000443    1.199451 v _16_/A (sky130_fd_sc_hd__xor2_1)
     1    0.002449    0.047002    0.160103    1.359554 v _16_/X (sky130_fd_sc_hd__xor2_1)
                                                         _03_ (net)
                      0.047002    0.000167    1.359721 v _23_/D (sky130_fd_sc_hd__dfrtp_1)
                                              1.359721   data arrival time

                                 10.000000   10.000000   clock clk (rise edge)
                                  0.000000   10.000000   clock source latency
     1    0.010311    0.052854    0.035204   10.035204 ^ clk (in)
                                                         clk (net)
                      0.052862    0.000000   10.035204 ^ clkbuf_0_clk/A (sky130_fd_sc_hd__clkbuf_16)
     2    0.017473    0.039691    0.125652   10.160856 ^ clkbuf_0_clk/X (sky130_fd_sc_hd__clkbuf_16)
                                                         clknet_0_clk (net)
                      0.039700    0.000629   10.161486 ^ clkbuf_1_1__f_clk/A (sky130_fd_sc_hd__clkbuf_16)
     2    0.006664    0.030340    0.110542   10.272027 ^ clkbuf_1_1__f_clk/X (sky130_fd_sc_hd__clkbuf_16)
                                                         clknet_1_1__leaf_clk (net)
                      0.030342    0.000403   10.272430 ^ _23_/CLK (sky130_fd_sc_hd__dfrtp_1)
                                 -0.250000   10.022430   clock uncertainty
                                  0.000000   10.022430   clock reconvergence pessimism
                                 -0.118502    9.903929   library setup time
                                              9.903929   data required time
---------------------------------------------------------------------------------------------
                                              9.903929   data required time
                                             -1.359721   data arrival time
---------------------------------------------------------------------------------------------
                                              8.544208   slack (MET)


Startpoint: _20_ (rising edge-triggered flip-flop clocked by clk)
Endpoint: _20_ (rising edge-triggered flip-flop clocked by clk)
Path Group: clk
Path Type: max

Fanout         Cap        Slew       Delay        Time   Description
---------------------------------------------------------------------------------------------
                                  0.000000    0.000000   clock clk (rise edge)
                                  0.000000    0.000000   clock source latency
     1    0.010311    0.052854    0.035204    0.035204 ^ clk (in)
                                                         clk (net)
                      0.052862    0.000000    0.035204 ^ clkbuf_0_clk/A (sky130_fd_sc_hd__clkbuf_16)
     2    0.017473    0.039691    0.125653    0.160856 ^ clkbuf_0_clk/X (sky130_fd_sc_hd__clkbuf_16)
                                                         clknet_0_clk (net)
                      0.039704    0.000896    0.161752 ^ clkbuf_1_0__f_clk/A (sky130_fd_sc_hd__clkbuf_16)
     2    0.004950    0.028727    0.108511    0.270263 ^ clkbuf_1_0__f_clk/X (sky130_fd_sc_hd__clkbuf_16)
                                                         clknet_1_0__leaf_clk (net)
                      0.028728    0.000293    0.270556 ^ _20_/CLK (sky130_fd_sc_hd__dfrtp_1)
     4    0.013225    0.126717    0.376285    0.646841 ^ _20_/Q (sky130_fd_sc_hd__dfrtp_1)
                                                         net2 (net)
                      0.126718    0.000636    0.647476 ^ hold2/A (sky130_fd_sc_hd__dlygate4sd3_1)
     2    0.009710    0.113079    0.611656    1.259133 ^ hold2/X (sky130_fd_sc_hd__dlygate4sd3_1)
                                                         net7 (net)
                      0.113079    0.000335    1.259468 ^ _10_/A (sky130_fd_sc_hd__inv_2)
     1    0.002905    0.025756    0.035973    1.295441 v _10_/Y (sky130_fd_sc_hd__inv_2)
                                                         _00_ (net)
                      0.025758    0.000213    1.295653 v _20_/D (sky130_fd_sc_hd__dfrtp_1)
                                              1.295653   data arrival time

                                 10.000000   10.000000   clock clk (rise edge)
                                  0.000000   10.000000   clock source latency
     1    0.010311    0.052854    0.035204   10.035204 ^ clk (in)
                                                         clk (net)
                      0.052862    0.000000   10.035204 ^ clkbuf_0_clk/A (sky130_fd_sc_hd__clkbuf_16)
     2    0.017473    0.039691    0.125652   10.160856 ^ clkbuf_0_clk/X (sky130_fd_sc_hd__clkbuf_16)
                                                         clknet_0_clk (net)
                      0.039704    0.000896   10.161753 ^ clkbuf_1_0__f_clk/A (sky130_fd_sc_hd__clkbuf_16)
     2    0.004950    0.028727    0.108511   10.270263 ^ clkbuf_1_0__f_clk/X (sky130_fd_sc_hd__clkbuf_16)
                                                         clknet_1_0__leaf_clk (net)
                      0.028728    0.000293   10.270556 ^ _20_/CLK (sky130_fd_sc_hd__dfrtp_1)
                                 -0.250000   10.020556   clock uncertainty
                                  0.000000   10.020556   clock reconvergence pessimism
                                 -0.109594    9.910963   library setup time
                                              9.910963   data required time
---------------------------------------------------------------------------------------------
                                              9.910963   data required time
                                             -1.295653   data arrival time
---------------------------------------------------------------------------------------------
                                              8.615310   slack (MET)



%OL_END_REPORT
%OL_CREATE_REPORT checks.rpt

===========================================================================
report_checks -unconstrained
===========================================================================
======================= max_tt_025C_1v80 Corner ===================================

Startpoint: rst (input port clocked by clk)
Endpoint: _20_ (recovery check against rising-edge clock clk)
Path Group: asynchronous
Path Type: max

Fanout         Cap        Slew       Delay        Time   Description
---------------------------------------------------------------------------------------------
                                  0.000000    0.000000   clock clk (rise edge)
                                  0.000000    0.000000   clock network delay (propagated)
                                  2.000000    2.000000 v input external delay
     1    0.003309    0.009801    0.005344    2.005344 v rst (in)
                                                         rst (net)
                      0.009804    0.000000    2.005344 v input1/A (sky130_fd_sc_hd__clkbuf_2)
     4    0.020784    0.084860    0.135713    2.141057 v input1/X (sky130_fd_sc_hd__clkbuf_2)
                                                         net1 (net)
                      0.084871    0.000982    2.142039 v _11_/A (sky130_fd_sc_hd__inv_2)
     1    0.004922    0.037755    0.062943    2.204981 ^ _11_/Y (sky130_fd_sc_hd__inv_2)
                                                         _04_ (net)
                      0.037755    0.000261    2.205242 ^ _20_/RESET_B (sky130_fd_sc_hd__dfrtp_1)
                                              2.205242   data arrival time

                                 10.000000   10.000000   clock clk (rise edge)
                                  0.000000   10.000000   clock source latency
     1    0.010311    0.052854    0.035204   10.035204 ^ clk (in)
                                                         clk (net)
                      0.052862    0.000000   10.035204 ^ clkbuf_0_clk/A (sky130_fd_sc_hd__clkbuf_16)
     2    0.017473    0.039691    0.125652   10.160856 ^ clkbuf_0_clk/X (sky130_fd_sc_hd__clkbuf_16)
                                                         clknet_0_clk (net)
                      0.039704    0.000896   10.161753 ^ clkbuf_1_0__f_clk/A (sky130_fd_sc_hd__clkbuf_16)
     2    0.004950    0.028727    0.108511   10.270263 ^ clkbuf_1_0__f_clk/X (sky130_fd_sc_hd__clkbuf_16)
                                                         clknet_1_0__leaf_clk (net)
                      0.028728    0.000293   10.270556 ^ _20_/CLK (sky130_fd_sc_hd__dfrtp_1)
                                 -0.250000   10.020556   clock uncertainty
                                  0.000000   10.020556   clock reconvergence pessimism
                                  0.227224   10.247780   library recovery time
                                             10.247780   data required time
---------------------------------------------------------------------------------------------
                                             10.247780   data required time
                                             -2.205242   data arrival time
---------------------------------------------------------------------------------------------
                                              8.042538   slack (MET)


Startpoint: _21_ (rising edge-triggered flip-flop clocked by clk)
Endpoint: out[1] (output port clocked by clk)
Path Group: clk
Path Type: max

Fanout         Cap        Slew       Delay        Time   Description
---------------------------------------------------------------------------------------------
                                  0.000000    0.000000   clock clk (rise edge)
                                  0.000000    0.000000   clock source latency
     1    0.010311    0.052854    0.035204    0.035204 ^ clk (in)
                                                         clk (net)
                      0.052862    0.000000    0.035204 ^ clkbuf_0_clk/A (sky130_fd_sc_hd__clkbuf_16)
     2    0.017473    0.039691    0.125653    0.160856 ^ clkbuf_0_clk/X (sky130_fd_sc_hd__clkbuf_16)
                                                         clknet_0_clk (net)
                      0.039700    0.000629    0.161485 ^ clkbuf_1_1__f_clk/A (sky130_fd_sc_hd__clkbuf_16)
     2    0.006664    0.030340    0.110542    0.272027 ^ clkbuf_1_1__f_clk/X (sky130_fd_sc_hd__clkbuf_16)
                                                         clknet_1_1__leaf_clk (net)
                      0.030342    0.000385    0.272412 ^ _21_/CLK (sky130_fd_sc_hd__dfrtp_1)
     4    0.013760    0.131139    0.380038    0.652449 ^ _21_/Q (sky130_fd_sc_hd__dfrtp_1)
                                                         net3 (net)
                      0.131140    0.000737    0.653186 ^ output3/A (sky130_fd_sc_hd__buf_2)
     1    0.034003    0.169537    0.227435    0.880622 ^ output3/X (sky130_fd_sc_hd__buf_2)
                                                         out[1] (net)
                      0.169550    0.001610    0.882231 ^ out[1] (out)
                                              0.882231   data arrival time

                                 10.000000   10.000000   clock clk (rise edge)
                                  0.000000   10.000000   clock network delay (propagated)
                                 -0.250000    9.750000   clock uncertainty
                                  0.000000    9.750000   clock reconvergence pessimism
                                 -2.000000    7.750000   output external delay
                                              7.750000   data required time
---------------------------------------------------------------------------------------------
                                              7.750000   data required time
                                             -0.882231   data arrival time
---------------------------------------------------------------------------------------------
                                              6.867769   slack (MET)




===========================================================================
report_checks --slack_max -0.01
============================================================================
======================= max_tt_025C_1v80 Corner ===================================

No paths found.


===========================================================================
 report_check_types -max_slew -max_cap -max_fanout -violators
============================================================================
======================= max_tt_025C_1v80 Corner ===================================



===========================================================================
report_parasitic_annotation -report_unannotated
============================================================================
Found 0 unannotated drivers.
Found 0 partially unannotated drivers.

===========================================================================
max slew violation count 0
%OL_METRIC_I design__max_slew_violation__count__corner:max_tt_025C_1v80 0
max fanout violation count 0
%OL_METRIC_I design__max_fanout_violation__count__corner:max_tt_025C_1v80 0
max cap violation count 0
%OL_METRIC_I design__max_cap_violation__count__corner:max_tt_025C_1v80 0
============================================================================

===========================================================================
check_setup -verbose -unconstrained_endpoints -multiple_clock -no_clock -no_input_delay -loops -generated_clocks
===========================================================================
%OL_END_REPORT
%OL_CREATE_REPORT power.rpt

===========================================================================
 report_power
============================================================================
======================= max_tt_025C_1v80 Corner ===================================

Group                    Internal    Switching      Leakage        Total
                            Power        Power        Power        Power (Watts)
------------------------------------------------------------------------
Sequential           1.630990e-05 0.000000e+00 5.131949e-11 1.630995e-05  21.1%
Combinational        2.883193e-07 6.433061e-07 8.546645e-11 9.317108e-07   1.2%
Clock                5.073924e-05 9.424129e-06 1.536109e-10 6.016352e-05  77.7%
Macro                0.000000e+00 0.000000e+00 0.000000e+00 0.000000e+00   0.0%
Pad                  0.000000e+00 0.000000e+00 0.000000e+00 0.000000e+00   0.0%
------------------------------------------------------------------------
Total                6.733747e-05 1.006744e-05 2.903967e-10 7.740520e-05 100.0%
                            87.0%        13.0%         0.0%
%OL_METRIC_F power__internal__total 6.733746704412624e-5
%OL_METRIC_F power__switching__total 1.0067435141536407e-5
%OL_METRIC_F power__leakage__total 2.9039673443698177e-10
%OL_METRIC_F power__total 7.740519504295662e-5

%OL_END_REPORT
%OL_CREATE_REPORT skew.min.rpt

===========================================================================
Clock Skew (Hold)
============================================================================
%OL_METRIC_F clock__skew__worst_hold__corner:max_tt_025C_1v80 -0.25189165355400717
======================= max_tt_025C_1v80 Corner ===================================

Clock clk
0.270539 source latency _22_/CLK ^
-0.272431 target latency _23_/CLK ^
-0.250000 clock uncertainty
0.000000 CRPR
--------------
-0.251892 hold skew

%OL_END_REPORT
%OL_CREATE_REPORT skew.max.rpt

===========================================================================
Clock Skew (Setup)
============================================================================
%OL_METRIC_F clock__skew__worst_setup__corner:max_tt_025C_1v80 0.2518726687397492
======================= max_tt_025C_1v80 Corner ===================================

Clock clk
0.272412 source latency _21_/CLK ^
-0.270539 target latency _22_/CLK ^
0.250000 clock uncertainty
0.000000 CRPR
--------------
0.251873 setup skew

%OL_END_REPORT
%OL_CREATE_REPORT ws.min.rpt

===========================================================================
Worst Slack (Hold)
============================================================================
%OL_METRIC_F timing__hold__ws__corner:max_tt_025C_1v80 0.3569579732833703
max_tt_025C_1v80: 0.3569579732833703
%OL_END_REPORT
%OL_CREATE_REPORT ws.max.rpt

===========================================================================
Worst Slack (Setup)
============================================================================
%OL_METRIC_F timing__setup__ws__corner:max_tt_025C_1v80 6.867768770291408
max_tt_025C_1v80: 6.867768770291408
%OL_END_REPORT
%OL_CREATE_REPORT tns.min.rpt

===========================================================================
Total Negative Slack (Hold)
============================================================================
%OL_METRIC_F timing__hold__tns__corner:max_tt_025C_1v80 0.0
max_tt_025C_1v80: 0.0
%OL_END_REPORT
%OL_CREATE_REPORT tns.max.rpt

===========================================================================
Total Negative Slack (Setup)
============================================================================
%OL_METRIC_F timing__setup__tns__corner:max_tt_025C_1v80 0.0
max_tt_025C_1v80: 0.0
%OL_END_REPORT
%OL_CREATE_REPORT wns.min.rpt

===========================================================================
Worst Negative Slack (Hold)
============================================================================
%OL_METRIC_F timing__hold__wns__corner:max_tt_025C_1v80 0
max_tt_025C_1v80: 0
%OL_END_REPORT
%OL_CREATE_REPORT wns.max.rpt

===========================================================================
Worst Negative Slack (Setup)
============================================================================
%OL_METRIC_F timing__setup__wns__corner:max_tt_025C_1v80 0.0
max_tt_025C_1v80: 0.0
%OL_END_REPORT
%OL_CREATE_REPORT violator_list.rpt

===========================================================================
Violator List
============================================================================
%OL_METRIC_I timing__hold_vio__count__corner:max_tt_025C_1v80 0
%OL_METRIC_F timing__hold_r2r__ws__corner:max_tt_025C_1v80 0.356958
%OL_METRIC_I timing__hold_r2r_vio__count__corner:max_tt_025C_1v80 0
%OL_METRIC_I timing__setup_vio__count__corner:max_tt_025C_1v80 0
%OL_METRIC_F timing__setup_r2r__ws__corner:max_tt_025C_1v80 8.455045
%OL_METRIC_I timing__setup_r2r_vio__count__corner:max_tt_025C_1v80 0
%OL_END_REPORT
%OL_CREATE_REPORT unpropagated.rpt
%OL_END_REPORT
%OL_CREATE_REPORT clock.rpt
Clock: clk
Sources: clk 
Generated: no
Virtual: yes
Propagated: no
Period: 10.000000

===========================================================================
report_clock_properties
============================================================================
Clock                   Period          Waveform
----------------------------------------------------
clk                  10.000000    0.000000  5.000000

===========================================================================
report_clock_latency
============================================================================
Clock clk
rise -> rise
    min     max
0.000000 0.000000 source latency
0.270539         network latency _22_/CLK
        0.272431 network latency _23_/CLK
---------------
0.270539 0.272431 latency
        0.001892 skew

fall -> fall
    min     max
0.000000 0.000000 source latency
0.277860         network latency _22_/CLK
        0.279595 network latency _23_/CLK
---------------
0.277860 0.279595 latency
        0.001734 skew



===========================================================================
report_clock_min_period
============================================================================
clk period_min = 1.54 fmax = 647.27
%OL_END_REPORT
Writing SDF files for all corners…
Removing Clock latencies before writing libs…
Writing timing models for all corners…
Writing timing models for the max_tt_025C_1v80 corner to /home/yaser/CMOS_Tapeouts/counter/runs/RUN_2026-04-03_19-53-56/54-openroad-stapostpnr/max_tt_025C_1v80/counter__max_tt_025C_1v80.lib…
