Clock: clk
Sources: clk 
Generated: no
Virtual: yes
Propagated: no
Period: 10.000000

===========================================================================
report_clock_properties
============================================================================
Clock                   Period          Waveform
----------------------------------------------------
clk                  10.000000    0.000000  5.000000

===========================================================================
report_clock_latency
============================================================================
Clock clk
rise -> rise
    min     max
0.000000 0.000000 source latency
0.470137         network latency _8_/CLK
        0.470319 network latency _9_/CLK
---------------
0.470137 0.470319 latency
        0.000181 skew

fall -> fall
    min     max
0.000000 0.000000 source latency
0.496045         network latency _8_/CLK
        0.496203 network latency _9_/CLK
---------------
0.496045 0.496203 latency
        0.000158 skew



===========================================================================
report_clock_min_period
============================================================================
clk period_min = 4.00 fmax = 250.29
