Reading OpenROAD database at '/home/yaser/CMOS_Tapeouts/control_unit/runs/RUN_2026-04-04_09-19-09/34-openroad-cts/control_unit.odb'…
Reading library file at '/home/yaser/.volare/volare/sky130/versions/0fe599b2afb6708d281543108caf8310912f54af/sky130A/libs.ref/sky130_fd_sc_hd/lib/sky130_fd_sc_hd__tt_025C_1v80.lib'…
Reading design constraints file at '/nix/store/ss2cw3sxbrwwx9jl0rrppbw4kgcmgi2n-python3-3.11.9-env/lib/python3.11/site-packages/openlane/scripts/base.sdc'…
[INFO] Using clock clk…
[INFO] Setting output delay to: 2.0
[INFO] Setting input delay to: 2.0
[INFO] Setting load to: 0.033442
[INFO] Setting clock uncertainty to: 0.25
[INFO] Setting clock transition to: 0.1499999999999999944488848768742172978818416595458984375
[INFO] Setting timing derate to: 5%
[INFO] Setting RC values…
[WARNING GRT-0097] No global routing found for nets.
%OL_CREATE_REPORT min.rpt

===========================================================================
report_checks -path_delay min (Hold)
============================================================================
======================= nom_tt_025C_1v80 Corner ===================================

Startpoint: _8_ (rising edge-triggered flip-flop clocked by clk)
Endpoint: _9_ (rising edge-triggered flip-flop clocked by clk)
Path Group: clk
Path Type: min

Fanout         Cap        Slew       Delay        Time   Description
---------------------------------------------------------------------------------------------
                                  0.000000    0.000000   clock clk (rise edge)
                                  0.000000    0.000000   clock source latency
     1    0.009880    0.050873    0.033608    0.033608 ^ clk (in)
                                                         clk (net)
                      0.050873    0.000000    0.033608 ^ clkbuf_0_clk/A (sky130_fd_sc_hd__clkbuf_16)
     2    0.017276    0.039525    0.125005    0.158613 ^ clkbuf_0_clk/X (sky130_fd_sc_hd__clkbuf_16)
                                                         clknet_0_clk (net)
                      0.039525    0.000032    0.158645 ^ clkbuf_1_0__f_clk/A (sky130_fd_sc_hd__clkbuf_16)
     1    0.002163    0.026080    0.105142    0.263787 ^ clkbuf_1_0__f_clk/X (sky130_fd_sc_hd__clkbuf_16)
                                                         clknet_1_0__leaf_clk (net)
                      0.026080    0.000004    0.263791 ^ _8_/CLK (sky130_fd_sc_hd__dfrtp_1)
     5    0.012645    0.121851    0.372151    0.635942 ^ _8_/Q (sky130_fd_sc_hd__dfrtp_1)
                                                         net5 (net)
                      0.121851    0.000053    0.635994 ^ _6_/A (sky130_fd_sc_hd__xor2_1)
     1    0.004040    0.040976    0.086933    0.722927 v _6_/X (sky130_fd_sc_hd__xor2_1)
                                                         next_state[1] (net)
                      0.040976    0.000031    0.722958 v _9_/D (sky130_fd_sc_hd__dfrtp_1)
                                              0.722958   data arrival time

                                  0.000000    0.000000   clock clk (rise edge)
                                  0.000000    0.000000   clock source latency
     1    0.009880    0.050873    0.033608    0.033608 ^ clk (in)
                                                         clk (net)
                      0.050873    0.000000    0.033608 ^ clkbuf_0_clk/A (sky130_fd_sc_hd__clkbuf_16)
     2    0.017276    0.039525    0.125005    0.158613 ^ clkbuf_0_clk/X (sky130_fd_sc_hd__clkbuf_16)
                                                         clknet_0_clk (net)
                      0.039525    0.000023    0.158636 ^ clkbuf_1_1__f_clk/A (sky130_fd_sc_hd__clkbuf_16)
     1    0.002203    0.026119    0.105190    0.263826 ^ clkbuf_1_1__f_clk/X (sky130_fd_sc_hd__clkbuf_16)
                                                         clknet_1_1__leaf_clk (net)
                      0.026119    0.000004    0.263830 ^ _9_/CLK (sky130_fd_sc_hd__dfrtp_1)
                                  0.250000    0.513830   clock uncertainty
                                  0.000000    0.513830   clock reconvergence pessimism
                                 -0.048444    0.465386   library hold time
                                              0.465386   data required time
---------------------------------------------------------------------------------------------
                                              0.465386   data required time
                                             -0.722958   data arrival time
---------------------------------------------------------------------------------------------
                                              0.257572   slack (MET)


Startpoint: _9_ (rising edge-triggered flip-flop clocked by clk)
Endpoint: _8_ (rising edge-triggered flip-flop clocked by clk)
Path Group: clk
Path Type: min

Fanout         Cap        Slew       Delay        Time   Description
---------------------------------------------------------------------------------------------
                                  0.000000    0.000000   clock clk (rise edge)
                                  0.000000    0.000000   clock source latency
     1    0.009880    0.050873    0.033608    0.033608 ^ clk (in)
                                                         clk (net)
                      0.050873    0.000000    0.033608 ^ clkbuf_0_clk/A (sky130_fd_sc_hd__clkbuf_16)
     2    0.017276    0.039525    0.125005    0.158613 ^ clkbuf_0_clk/X (sky130_fd_sc_hd__clkbuf_16)
                                                         clknet_0_clk (net)
                      0.039525    0.000023    0.158636 ^ clkbuf_1_1__f_clk/A (sky130_fd_sc_hd__clkbuf_16)
     1    0.002203    0.026119    0.105190    0.263826 ^ clkbuf_1_1__f_clk/X (sky130_fd_sc_hd__clkbuf_16)
                                                         clknet_1_1__leaf_clk (net)
                      0.026119    0.000004    0.263830 ^ _9_/CLK (sky130_fd_sc_hd__dfrtp_1)
     5    0.015073    0.141802    0.386877    0.650707 ^ _9_/Q (sky130_fd_sc_hd__dfrtp_1)
                                                         net6 (net)
                      0.141802    0.000109    0.650817 ^ _5_/A1 (sky130_fd_sc_hd__o21ba_1)
     1    0.002526    0.041269    0.143796    0.794613 ^ _5_/X (sky130_fd_sc_hd__o21ba_1)
                                                         next_state[0] (net)
                      0.041269    0.000008    0.794620 ^ _8_/D (sky130_fd_sc_hd__dfrtp_1)
                                              0.794620   data arrival time

                                  0.000000    0.000000   clock clk (rise edge)
                                  0.000000    0.000000   clock source latency
     1    0.009880    0.050873    0.033608    0.033608 ^ clk (in)
                                                         clk (net)
                      0.050873    0.000000    0.033608 ^ clkbuf_0_clk/A (sky130_fd_sc_hd__clkbuf_16)
     2    0.017276    0.039525    0.125005    0.158613 ^ clkbuf_0_clk/X (sky130_fd_sc_hd__clkbuf_16)
                                                         clknet_0_clk (net)
                      0.039525    0.000032    0.158645 ^ clkbuf_1_0__f_clk/A (sky130_fd_sc_hd__clkbuf_16)
     1    0.002163    0.026080    0.105142    0.263787 ^ clkbuf_1_0__f_clk/X (sky130_fd_sc_hd__clkbuf_16)
                                                         clknet_1_0__leaf_clk (net)
                      0.026080    0.000004    0.263791 ^ _8_/CLK (sky130_fd_sc_hd__dfrtp_1)
                                  0.250000    0.513791   clock uncertainty
                                  0.000000    0.513791   clock reconvergence pessimism
                                 -0.036566    0.477225   library hold time
                                              0.477225   data required time
---------------------------------------------------------------------------------------------
                                              0.477225   data required time
                                             -0.794620   data arrival time
---------------------------------------------------------------------------------------------
                                              0.317395   slack (MET)


Startpoint: rst (input port clocked by clk)
Endpoint: _9_ (removal check against rising-edge clock clk)
Path Group: asynchronous
Path Type: min

Fanout         Cap        Slew       Delay        Time   Description
---------------------------------------------------------------------------------------------
                                  0.000000    0.000000   clock clk (rise edge)
                                  0.000000    0.000000   clock network delay (propagated)
                                  2.000000    2.000000 v input external delay
     1    0.002581    0.008126    0.004043    2.004043 v rst (in)
                                                         rst (net)
                      0.008126    0.000000    2.004043 v input1/A (sky130_fd_sc_hd__buf_1)
     2    0.010569    0.067569    0.107173    2.111216 v input1/X (sky130_fd_sc_hd__buf_1)
                                                         net1 (net)
                      0.067569    0.000027    2.111243 v _7_/A (sky130_fd_sc_hd__inv_2)
     1    0.003905    0.031517    0.052792    2.164034 ^ _7_/Y (sky130_fd_sc_hd__inv_2)
                                                         _1_ (net)
                      0.031517    0.000007    2.164041 ^ _9_/RESET_B (sky130_fd_sc_hd__dfrtp_1)
                                              2.164041   data arrival time

                                  0.000000    0.000000   clock clk (rise edge)
                                  0.000000    0.000000   clock source latency
     1    0.009880    0.050873    0.033608    0.033608 ^ clk (in)
                                                         clk (net)
                      0.050873    0.000000    0.033608 ^ clkbuf_0_clk/A (sky130_fd_sc_hd__clkbuf_16)
     2    0.017276    0.039525    0.125005    0.158613 ^ clkbuf_0_clk/X (sky130_fd_sc_hd__clkbuf_16)
                                                         clknet_0_clk (net)
                      0.039525    0.000023    0.158636 ^ clkbuf_1_1__f_clk/A (sky130_fd_sc_hd__clkbuf_16)
     1    0.002203    0.026119    0.105190    0.263826 ^ clkbuf_1_1__f_clk/X (sky130_fd_sc_hd__clkbuf_16)
                                                         clknet_1_1__leaf_clk (net)
                      0.026119    0.000004    0.263830 ^ _9_/CLK (sky130_fd_sc_hd__dfrtp_1)
                                  0.250000    0.513830   clock uncertainty
                                  0.000000    0.513830   clock reconvergence pessimism
                                  0.311391    0.825221   library removal time
                                              0.825221   data required time
---------------------------------------------------------------------------------------------
                                              0.825221   data required time
                                             -2.164041   data arrival time
---------------------------------------------------------------------------------------------
                                              1.338820   slack (MET)


Startpoint: rst (input port clocked by clk)
Endpoint: _8_ (removal check against rising-edge clock clk)
Path Group: asynchronous
Path Type: min

Fanout         Cap        Slew       Delay        Time   Description
---------------------------------------------------------------------------------------------
                                  0.000000    0.000000   clock clk (rise edge)
                                  0.000000    0.000000   clock network delay (propagated)
                                  2.000000    2.000000 v input external delay
     1    0.002581    0.008126    0.004043    2.004043 v rst (in)
                                                         rst (net)
                      0.008126    0.000000    2.004043 v input1/A (sky130_fd_sc_hd__buf_1)
     2    0.010569    0.067569    0.107173    2.111216 v input1/X (sky130_fd_sc_hd__buf_1)
                                                         net1 (net)
                      0.067569    0.000058    2.111274 v _2_/A (sky130_fd_sc_hd__inv_2)
     1    0.004034    0.031949    0.053325    2.164599 ^ _2_/Y (sky130_fd_sc_hd__inv_2)
                                                         _0_ (net)
                      0.031949    0.000007    2.164606 ^ _8_/RESET_B (sky130_fd_sc_hd__dfrtp_1)
                                              2.164606   data arrival time

                                  0.000000    0.000000   clock clk (rise edge)
                                  0.000000    0.000000   clock source latency
     1    0.009880    0.050873    0.033608    0.033608 ^ clk (in)
                                                         clk (net)
                      0.050873    0.000000    0.033608 ^ clkbuf_0_clk/A (sky130_fd_sc_hd__clkbuf_16)
     2    0.017276    0.039525    0.125005    0.158613 ^ clkbuf_0_clk/X (sky130_fd_sc_hd__clkbuf_16)
                                                         clknet_0_clk (net)
                      0.039525    0.000032    0.158645 ^ clkbuf_1_0__f_clk/A (sky130_fd_sc_hd__clkbuf_16)
     1    0.002163    0.026080    0.105142    0.263787 ^ clkbuf_1_0__f_clk/X (sky130_fd_sc_hd__clkbuf_16)
                                                         clknet_1_0__leaf_clk (net)
                      0.026080    0.000004    0.263791 ^ _8_/CLK (sky130_fd_sc_hd__dfrtp_1)
                                  0.250000    0.513791   clock uncertainty
                                  0.000000    0.513791   clock reconvergence pessimism
                                  0.311499    0.825290   library removal time
                                              0.825290   data required time
---------------------------------------------------------------------------------------------
                                              0.825290   data required time
                                             -2.164606   data arrival time
---------------------------------------------------------------------------------------------
                                              1.339316   slack (MET)


Startpoint: _8_ (rising edge-triggered flip-flop clocked by clk)
Endpoint: state_out[0] (output port clocked by clk)
Path Group: clk
Path Type: min

Fanout         Cap        Slew       Delay        Time   Description
---------------------------------------------------------------------------------------------
                                  0.000000    0.000000   clock clk (rise edge)
                                  0.000000    0.000000   clock source latency
     1    0.009880    0.050873    0.033608    0.033608 ^ clk (in)
                                                         clk (net)
                      0.050873    0.000000    0.033608 ^ clkbuf_0_clk/A (sky130_fd_sc_hd__clkbuf_16)
     2    0.017276    0.039525    0.125005    0.158613 ^ clkbuf_0_clk/X (sky130_fd_sc_hd__clkbuf_16)
                                                         clknet_0_clk (net)
                      0.039525    0.000032    0.158645 ^ clkbuf_1_0__f_clk/A (sky130_fd_sc_hd__clkbuf_16)
     1    0.002163    0.026080    0.105142    0.263787 ^ clkbuf_1_0__f_clk/X (sky130_fd_sc_hd__clkbuf_16)
                                                         clknet_1_0__leaf_clk (net)
                      0.026080    0.000004    0.263791 ^ _8_/CLK (sky130_fd_sc_hd__dfrtp_1)
     5    0.011861    0.078871    0.392309    0.656100 v _8_/Q (sky130_fd_sc_hd__dfrtp_1)
                                                         net5 (net)
                      0.078871    0.000066    0.656165 v output5/A (sky130_fd_sc_hd__buf_2)
     1    0.033953    0.088537    0.195194    0.851360 v output5/X (sky130_fd_sc_hd__buf_2)
                                                         state_out[0] (net)
                      0.088537    0.000074    0.851434 v state_out[0] (out)
                                              0.851434   data arrival time

                                  0.000000    0.000000   clock clk (rise edge)
                                  0.000000    0.000000   clock network delay (propagated)
                                  0.250000    0.250000   clock uncertainty
                                  0.000000    0.250000   clock reconvergence pessimism
                                 -2.000000   -1.750000   output external delay
                                             -1.750000   data required time
---------------------------------------------------------------------------------------------
                                             -1.750000   data required time
                                             -0.851434   data arrival time
---------------------------------------------------------------------------------------------
                                              2.601434   slack (MET)


Startpoint: _9_ (rising edge-triggered flip-flop clocked by clk)
Endpoint: state_out[1] (output port clocked by clk)
Path Group: clk
Path Type: min

Fanout         Cap        Slew       Delay        Time   Description
---------------------------------------------------------------------------------------------
                                  0.000000    0.000000   clock clk (rise edge)
                                  0.000000    0.000000   clock source latency
     1    0.009880    0.050873    0.033608    0.033608 ^ clk (in)
                                                         clk (net)
                      0.050873    0.000000    0.033608 ^ clkbuf_0_clk/A (sky130_fd_sc_hd__clkbuf_16)
     2    0.017276    0.039525    0.125005    0.158613 ^ clkbuf_0_clk/X (sky130_fd_sc_hd__clkbuf_16)
                                                         clknet_0_clk (net)
                      0.039525    0.000023    0.158636 ^ clkbuf_1_1__f_clk/A (sky130_fd_sc_hd__clkbuf_16)
     1    0.002203    0.026119    0.105190    0.263826 ^ clkbuf_1_1__f_clk/X (sky130_fd_sc_hd__clkbuf_16)
                                                         clknet_1_1__leaf_clk (net)
                      0.026119    0.000004    0.263830 ^ _9_/CLK (sky130_fd_sc_hd__dfrtp_1)
     5    0.014055    0.088424    0.401197    0.665027 v _9_/Q (sky130_fd_sc_hd__dfrtp_1)
                                                         net6 (net)
                      0.088424    0.000007    0.665034 v output6/A (sky130_fd_sc_hd__buf_2)
     1    0.034069    0.088806    0.199736    0.864770 v output6/X (sky130_fd_sc_hd__buf_2)
                                                         state_out[1] (net)
                      0.088806    0.000099    0.864869 v state_out[1] (out)
                                              0.864869   data arrival time

                                  0.000000    0.000000   clock clk (rise edge)
                                  0.000000    0.000000   clock network delay (propagated)
                                  0.250000    0.250000   clock uncertainty
                                  0.000000    0.250000   clock reconvergence pessimism
                                 -2.000000   -1.750000   output external delay
                                             -1.750000   data required time
---------------------------------------------------------------------------------------------
                                             -1.750000   data required time
                                             -0.864869   data arrival time
---------------------------------------------------------------------------------------------
                                              2.614869   slack (MET)


Startpoint: _8_ (rising edge-triggered flip-flop clocked by clk)
Endpoint: busy (output port clocked by clk)
Path Group: clk
Path Type: min

Fanout         Cap        Slew       Delay        Time   Description
---------------------------------------------------------------------------------------------
                                  0.000000    0.000000   clock clk (rise edge)
                                  0.000000    0.000000   clock source latency
     1    0.009880    0.050873    0.033608    0.033608 ^ clk (in)
                                                         clk (net)
                      0.050873    0.000000    0.033608 ^ clkbuf_0_clk/A (sky130_fd_sc_hd__clkbuf_16)
     2    0.017276    0.039525    0.125005    0.158613 ^ clkbuf_0_clk/X (sky130_fd_sc_hd__clkbuf_16)
                                                         clknet_0_clk (net)
                      0.039525    0.000032    0.158645 ^ clkbuf_1_0__f_clk/A (sky130_fd_sc_hd__clkbuf_16)
     1    0.002163    0.026080    0.105142    0.263787 ^ clkbuf_1_0__f_clk/X (sky130_fd_sc_hd__clkbuf_16)
                                                         clknet_1_0__leaf_clk (net)
                      0.026080    0.000004    0.263791 ^ _8_/CLK (sky130_fd_sc_hd__dfrtp_1)
     5    0.012645    0.121851    0.372151    0.635942 ^ _8_/Q (sky130_fd_sc_hd__dfrtp_1)
                                                         net5 (net)
                      0.121851    0.000055    0.635996 ^ _3_/A (sky130_fd_sc_hd__or2_1)
     1    0.002482    0.039035    0.114040    0.750036 ^ _3_/X (sky130_fd_sc_hd__or2_1)
                                                         net3 (net)
                      0.039035    0.000007    0.750044 ^ output3/A (sky130_fd_sc_hd__buf_2)
     1    0.034424    0.170839    0.196512    0.946556 ^ output3/X (sky130_fd_sc_hd__buf_2)
                                                         busy (net)
                      0.170839    0.000216    0.946772 ^ busy (out)
                                              0.946772   data arrival time

                                  0.000000    0.000000   clock clk (rise edge)
                                  0.000000    0.000000   clock network delay (propagated)
                                  0.250000    0.250000   clock uncertainty
                                  0.000000    0.250000   clock reconvergence pessimism
                                 -2.000000   -1.750000   output external delay
                                             -1.750000   data required time
---------------------------------------------------------------------------------------------
                                             -1.750000   data required time
                                             -0.946772   data arrival time
---------------------------------------------------------------------------------------------
                                              2.696772   slack (MET)


Startpoint: _8_ (rising edge-triggered flip-flop clocked by clk)
Endpoint: done (output port clocked by clk)
Path Group: clk
Path Type: min

Fanout         Cap        Slew       Delay        Time   Description
---------------------------------------------------------------------------------------------
                                  0.000000    0.000000   clock clk (rise edge)
                                  0.000000    0.000000   clock source latency
     1    0.009880    0.050873    0.033608    0.033608 ^ clk (in)
                                                         clk (net)
                      0.050873    0.000000    0.033608 ^ clkbuf_0_clk/A (sky130_fd_sc_hd__clkbuf_16)
     2    0.017276    0.039525    0.125005    0.158613 ^ clkbuf_0_clk/X (sky130_fd_sc_hd__clkbuf_16)
                                                         clknet_0_clk (net)
                      0.039525    0.000032    0.158645 ^ clkbuf_1_0__f_clk/A (sky130_fd_sc_hd__clkbuf_16)
     1    0.002163    0.026080    0.105142    0.263787 ^ clkbuf_1_0__f_clk/X (sky130_fd_sc_hd__clkbuf_16)
                                                         clknet_1_0__leaf_clk (net)
                      0.026080    0.000004    0.263791 ^ _8_/CLK (sky130_fd_sc_hd__dfrtp_1)
     5    0.012645    0.121851    0.372151    0.635942 ^ _8_/Q (sky130_fd_sc_hd__dfrtp_1)
                                                         net5 (net)
                      0.121851    0.000061    0.636002 ^ _4_/A (sky130_fd_sc_hd__and2_1)
     1    0.002402    0.044627    0.132943    0.768946 ^ _4_/X (sky130_fd_sc_hd__and2_1)
                                                         net4 (net)
                      0.044627    0.000006    0.768952 ^ output4/A (sky130_fd_sc_hd__buf_2)
     1    0.034424    0.170849    0.198654    0.967606 ^ output4/X (sky130_fd_sc_hd__buf_2)
                                                         done (net)
                      0.170849    0.000216    0.967823 ^ done (out)
                                              0.967823   data arrival time

                                  0.000000    0.000000   clock clk (rise edge)
                                  0.000000    0.000000   clock network delay (propagated)
                                  0.250000    0.250000   clock uncertainty
                                  0.000000    0.250000   clock reconvergence pessimism
                                 -2.000000   -1.750000   output external delay
                                             -1.750000   data required time
---------------------------------------------------------------------------------------------
                                             -1.750000   data required time
                                             -0.967823   data arrival time
---------------------------------------------------------------------------------------------
                                              2.717823   slack (MET)



%OL_END_REPORT
%OL_CREATE_REPORT max.rpt

===========================================================================
report_checks -path_delay max (Setup)
============================================================================
======================= nom_tt_025C_1v80 Corner ===================================

Startpoint: _8_ (rising edge-triggered flip-flop clocked by clk)
Endpoint: busy (output port clocked by clk)
Path Group: clk
Path Type: max

Fanout         Cap        Slew       Delay        Time   Description
---------------------------------------------------------------------------------------------
                                  0.000000    0.000000   clock clk (rise edge)
                                  0.000000    0.000000   clock source latency
     1    0.009880    0.050873    0.033608    0.033608 ^ clk (in)
                                                         clk (net)
                      0.050873    0.000000    0.033608 ^ clkbuf_0_clk/A (sky130_fd_sc_hd__clkbuf_16)
     2    0.017276    0.039525    0.125005    0.158613 ^ clkbuf_0_clk/X (sky130_fd_sc_hd__clkbuf_16)
                                                         clknet_0_clk (net)
                      0.039525    0.000032    0.158645 ^ clkbuf_1_0__f_clk/A (sky130_fd_sc_hd__clkbuf_16)
     1    0.002163    0.026080    0.105142    0.263787 ^ clkbuf_1_0__f_clk/X (sky130_fd_sc_hd__clkbuf_16)
                                                         clknet_1_0__leaf_clk (net)
                      0.026080    0.000004    0.263791 ^ _8_/CLK (sky130_fd_sc_hd__dfrtp_1)
     5    0.011861    0.078871    0.392309    0.656100 v _8_/Q (sky130_fd_sc_hd__dfrtp_1)
                                                         net5 (net)
                      0.078871    0.000051    0.656151 v _3_/A (sky130_fd_sc_hd__or2_1)
     1    0.002322    0.046370    0.228700    0.884851 v _3_/X (sky130_fd_sc_hd__or2_1)
                                                         net3 (net)
                      0.046370    0.000007    0.884857 v output3/A (sky130_fd_sc_hd__buf_2)
     1    0.034424    0.089636    0.181337    1.066195 v output3/X (sky130_fd_sc_hd__buf_2)
                                                         busy (net)
                      0.089636    0.000216    1.066411 v busy (out)
                                              1.066411   data arrival time

                                 10.000000   10.000000   clock clk (rise edge)
                                  0.000000   10.000000   clock network delay (propagated)
                                 -0.250000    9.750000   clock uncertainty
                                  0.000000    9.750000   clock reconvergence pessimism
                                 -2.000000    7.750000   output external delay
                                              7.750000   data required time
---------------------------------------------------------------------------------------------
                                              7.750000   data required time
                                             -1.066411   data arrival time
---------------------------------------------------------------------------------------------
                                              6.683589   slack (MET)


Startpoint: _9_ (rising edge-triggered flip-flop clocked by clk)
Endpoint: done (output port clocked by clk)
Path Group: clk
Path Type: max

Fanout         Cap        Slew       Delay        Time   Description
---------------------------------------------------------------------------------------------
                                  0.000000    0.000000   clock clk (rise edge)
                                  0.000000    0.000000   clock source latency
     1    0.009880    0.050873    0.033608    0.033608 ^ clk (in)
                                                         clk (net)
                      0.050873    0.000000    0.033608 ^ clkbuf_0_clk/A (sky130_fd_sc_hd__clkbuf_16)
     2    0.017276    0.039525    0.125005    0.158613 ^ clkbuf_0_clk/X (sky130_fd_sc_hd__clkbuf_16)
                                                         clknet_0_clk (net)
                      0.039525    0.000023    0.158636 ^ clkbuf_1_1__f_clk/A (sky130_fd_sc_hd__clkbuf_16)
     1    0.002203    0.026119    0.105190    0.263826 ^ clkbuf_1_1__f_clk/X (sky130_fd_sc_hd__clkbuf_16)
                                                         clknet_1_1__leaf_clk (net)
                      0.026119    0.000004    0.263830 ^ _9_/CLK (sky130_fd_sc_hd__dfrtp_1)
     5    0.014055    0.088424    0.401197    0.665027 v _9_/Q (sky130_fd_sc_hd__dfrtp_1)
                                                         net6 (net)
                      0.088424    0.000097    0.665125 v _4_/B (sky130_fd_sc_hd__and2_1)
     1    0.002242    0.033580    0.166517    0.831642 v _4_/X (sky130_fd_sc_hd__and2_1)
                                                         net4 (net)
                      0.033580    0.000006    0.831648 v output4/A (sky130_fd_sc_hd__buf_2)
     1    0.034424    0.089728    0.175828    1.007475 v output4/X (sky130_fd_sc_hd__buf_2)
                                                         done (net)
                      0.089728    0.000216    1.007691 v done (out)
                                              1.007691   data arrival time

                                 10.000000   10.000000   clock clk (rise edge)
                                  0.000000   10.000000   clock network delay (propagated)
                                 -0.250000    9.750000   clock uncertainty
                                  0.000000    9.750000   clock reconvergence pessimism
                                 -2.000000    7.750000   output external delay
                                              7.750000   data required time
---------------------------------------------------------------------------------------------
                                              7.750000   data required time
                                             -1.007691   data arrival time
---------------------------------------------------------------------------------------------
                                              6.742309   slack (MET)


Startpoint: _9_ (rising edge-triggered flip-flop clocked by clk)
Endpoint: state_out[1] (output port clocked by clk)
Path Group: clk
Path Type: max

Fanout         Cap        Slew       Delay        Time   Description
---------------------------------------------------------------------------------------------
                                  0.000000    0.000000   clock clk (rise edge)
                                  0.000000    0.000000   clock source latency
     1    0.009880    0.050873    0.033608    0.033608 ^ clk (in)
                                                         clk (net)
                      0.050873    0.000000    0.033608 ^ clkbuf_0_clk/A (sky130_fd_sc_hd__clkbuf_16)
     2    0.017276    0.039525    0.125005    0.158613 ^ clkbuf_0_clk/X (sky130_fd_sc_hd__clkbuf_16)
                                                         clknet_0_clk (net)
                      0.039525    0.000023    0.158636 ^ clkbuf_1_1__f_clk/A (sky130_fd_sc_hd__clkbuf_16)
     1    0.002203    0.026119    0.105190    0.263826 ^ clkbuf_1_1__f_clk/X (sky130_fd_sc_hd__clkbuf_16)
                                                         clknet_1_1__leaf_clk (net)
                      0.026119    0.000004    0.263830 ^ _9_/CLK (sky130_fd_sc_hd__dfrtp_1)
     5    0.015073    0.141802    0.386877    0.650707 ^ _9_/Q (sky130_fd_sc_hd__dfrtp_1)
                                                         net6 (net)
                      0.141802    0.000007    0.650715 ^ output6/A (sky130_fd_sc_hd__buf_2)
     1    0.034069    0.169578    0.231595    0.882310 ^ output6/X (sky130_fd_sc_hd__buf_2)
                                                         state_out[1] (net)
                      0.169578    0.000099    0.882409 ^ state_out[1] (out)
                                              0.882409   data arrival time

                                 10.000000   10.000000   clock clk (rise edge)
                                  0.000000   10.000000   clock network delay (propagated)
                                 -0.250000    9.750000   clock uncertainty
                                  0.000000    9.750000   clock reconvergence pessimism
                                 -2.000000    7.750000   output external delay
                                              7.750000   data required time
---------------------------------------------------------------------------------------------
                                              7.750000   data required time
                                             -0.882409   data arrival time
---------------------------------------------------------------------------------------------
                                              6.867591   slack (MET)


Startpoint: _8_ (rising edge-triggered flip-flop clocked by clk)
Endpoint: state_out[0] (output port clocked by clk)
Path Group: clk
Path Type: max

Fanout         Cap        Slew       Delay        Time   Description
---------------------------------------------------------------------------------------------
                                  0.000000    0.000000   clock clk (rise edge)
                                  0.000000    0.000000   clock source latency
     1    0.009880    0.050873    0.033608    0.033608 ^ clk (in)
                                                         clk (net)
                      0.050873    0.000000    0.033608 ^ clkbuf_0_clk/A (sky130_fd_sc_hd__clkbuf_16)
     2    0.017276    0.039525    0.125005    0.158613 ^ clkbuf_0_clk/X (sky130_fd_sc_hd__clkbuf_16)
                                                         clknet_0_clk (net)
                      0.039525    0.000032    0.158645 ^ clkbuf_1_0__f_clk/A (sky130_fd_sc_hd__clkbuf_16)
     1    0.002163    0.026080    0.105142    0.263787 ^ clkbuf_1_0__f_clk/X (sky130_fd_sc_hd__clkbuf_16)
                                                         clknet_1_0__leaf_clk (net)
                      0.026080    0.000004    0.263791 ^ _8_/CLK (sky130_fd_sc_hd__dfrtp_1)
     5    0.012645    0.121851    0.372151    0.635942 ^ _8_/Q (sky130_fd_sc_hd__dfrtp_1)
                                                         net5 (net)
                      0.121851    0.000070    0.636012 ^ output5/A (sky130_fd_sc_hd__buf_2)
     1    0.033953    0.171607    0.225826    0.861838 ^ output5/X (sky130_fd_sc_hd__buf_2)
                                                         state_out[0] (net)
                      0.171607    0.000074    0.861912 ^ state_out[0] (out)
                                              0.861912   data arrival time

                                 10.000000   10.000000   clock clk (rise edge)
                                  0.000000   10.000000   clock network delay (propagated)
                                 -0.250000    9.750000   clock uncertainty
                                  0.000000    9.750000   clock reconvergence pessimism
                                 -2.000000    7.750000   output external delay
                                              7.750000   data required time
---------------------------------------------------------------------------------------------
                                              7.750000   data required time
                                             -0.861912   data arrival time
---------------------------------------------------------------------------------------------
                                              6.888088   slack (MET)


Startpoint: start (input port clocked by clk)
Endpoint: _8_ (rising edge-triggered flip-flop clocked by clk)
Path Group: clk
Path Type: max

Fanout         Cap        Slew       Delay        Time   Description
---------------------------------------------------------------------------------------------
                                  0.000000    0.000000   clock clk (rise edge)
                                  0.000000    0.000000   clock network delay (propagated)
                                  2.000000    2.000000 v input external delay
     1    0.002571    0.008103    0.004026    2.004026 v start (in)
                                                         start (net)
                      0.008103    0.000000    2.004026 v input2/A (sky130_fd_sc_hd__clkbuf_1)
     1    0.003108    0.028049    0.073713    2.077739 v input2/X (sky130_fd_sc_hd__clkbuf_1)
                                                         net2 (net)
                      0.028049    0.000012    2.077752 v _5_/A2 (sky130_fd_sc_hd__o21ba_1)
     1    0.002469    0.034829    0.154085    2.231837 v _5_/X (sky130_fd_sc_hd__o21ba_1)
                                                         next_state[0] (net)
                      0.034829    0.000007    2.231844 v _8_/D (sky130_fd_sc_hd__dfrtp_1)
                                              2.231844   data arrival time

                                 10.000000   10.000000   clock clk (rise edge)
                                  0.000000   10.000000   clock source latency
     1    0.009880    0.050873    0.033608   10.033608 ^ clk (in)
                                                         clk (net)
                      0.050873    0.000000   10.033608 ^ clkbuf_0_clk/A (sky130_fd_sc_hd__clkbuf_16)
     2    0.017276    0.039525    0.125005   10.158613 ^ clkbuf_0_clk/X (sky130_fd_sc_hd__clkbuf_16)
                                                         clknet_0_clk (net)
                      0.039525    0.000032   10.158645 ^ clkbuf_1_0__f_clk/A (sky130_fd_sc_hd__clkbuf_16)
     1    0.002163    0.026080    0.105143   10.263787 ^ clkbuf_1_0__f_clk/X (sky130_fd_sc_hd__clkbuf_16)
                                                         clknet_1_0__leaf_clk (net)
                      0.026080    0.000004   10.263791 ^ _8_/CLK (sky130_fd_sc_hd__dfrtp_1)
                                 -0.250000   10.013791   clock uncertainty
                                  0.000000   10.013791   clock reconvergence pessimism
                                 -0.114160    9.899631   library setup time
                                              9.899631   data required time
---------------------------------------------------------------------------------------------
                                              9.899631   data required time
                                             -2.231844   data arrival time
---------------------------------------------------------------------------------------------
                                              7.667787   slack (MET)


Startpoint: rst (input port clocked by clk)
Endpoint: _8_ (recovery check against rising-edge clock clk)
Path Group: asynchronous
Path Type: max

Fanout         Cap        Slew       Delay        Time   Description
---------------------------------------------------------------------------------------------
                                  0.000000    0.000000   clock clk (rise edge)
                                  0.000000    0.000000   clock network delay (propagated)
                                  2.000000    2.000000 v input external delay
     1    0.002581    0.008126    0.004043    2.004043 v rst (in)
                                                         rst (net)
                      0.008126    0.000000    2.004043 v input1/A (sky130_fd_sc_hd__buf_1)
     2    0.010569    0.067569    0.107173    2.111216 v input1/X (sky130_fd_sc_hd__buf_1)
                                                         net1 (net)
                      0.067569    0.000058    2.111274 v _2_/A (sky130_fd_sc_hd__inv_2)
     1    0.004034    0.031949    0.053325    2.164599 ^ _2_/Y (sky130_fd_sc_hd__inv_2)
                                                         _0_ (net)
                      0.031949    0.000007    2.164606 ^ _8_/RESET_B (sky130_fd_sc_hd__dfrtp_1)
                                              2.164606   data arrival time

                                 10.000000   10.000000   clock clk (rise edge)
                                  0.000000   10.000000   clock source latency
     1    0.009880    0.050873    0.033608   10.033608 ^ clk (in)
                                                         clk (net)
                      0.050873    0.000000   10.033608 ^ clkbuf_0_clk/A (sky130_fd_sc_hd__clkbuf_16)
     2    0.017276    0.039525    0.125005   10.158613 ^ clkbuf_0_clk/X (sky130_fd_sc_hd__clkbuf_16)
                                                         clknet_0_clk (net)
                      0.039525    0.000032   10.158645 ^ clkbuf_1_0__f_clk/A (sky130_fd_sc_hd__clkbuf_16)
     1    0.002163    0.026080    0.105143   10.263787 ^ clkbuf_1_0__f_clk/X (sky130_fd_sc_hd__clkbuf_16)
                                                         clknet_1_0__leaf_clk (net)
                      0.026080    0.000004   10.263791 ^ _8_/CLK (sky130_fd_sc_hd__dfrtp_1)
                                 -0.250000   10.013791   clock uncertainty
                                  0.000000   10.013791   clock reconvergence pessimism
                                  0.227920   10.241712   library recovery time
                                             10.241712   data required time
---------------------------------------------------------------------------------------------
                                             10.241712   data required time
                                             -2.164606   data arrival time
---------------------------------------------------------------------------------------------
                                              8.077106   slack (MET)


Startpoint: rst (input port clocked by clk)
Endpoint: _9_ (recovery check against rising-edge clock clk)
Path Group: asynchronous
Path Type: max

Fanout         Cap        Slew       Delay        Time   Description
---------------------------------------------------------------------------------------------
                                  0.000000    0.000000   clock clk (rise edge)
                                  0.000000    0.000000   clock network delay (propagated)
                                  2.000000    2.000000 v input external delay
     1    0.002581    0.008126    0.004043    2.004043 v rst (in)
                                                         rst (net)
                      0.008126    0.000000    2.004043 v input1/A (sky130_fd_sc_hd__buf_1)
     2    0.010569    0.067569    0.107173    2.111216 v input1/X (sky130_fd_sc_hd__buf_1)
                                                         net1 (net)
                      0.067569    0.000027    2.111243 v _7_/A (sky130_fd_sc_hd__inv_2)
     1    0.003905    0.031517    0.052792    2.164034 ^ _7_/Y (sky130_fd_sc_hd__inv_2)
                                                         _1_ (net)
                      0.031517    0.000007    2.164041 ^ _9_/RESET_B (sky130_fd_sc_hd__dfrtp_1)
                                              2.164041   data arrival time

                                 10.000000   10.000000   clock clk (rise edge)
                                  0.000000   10.000000   clock source latency
     1    0.009880    0.050873    0.033608   10.033608 ^ clk (in)
                                                         clk (net)
                      0.050873    0.000000   10.033608 ^ clkbuf_0_clk/A (sky130_fd_sc_hd__clkbuf_16)
     2    0.017276    0.039525    0.125005   10.158613 ^ clkbuf_0_clk/X (sky130_fd_sc_hd__clkbuf_16)
                                                         clknet_0_clk (net)
                      0.039525    0.000023   10.158636 ^ clkbuf_1_1__f_clk/A (sky130_fd_sc_hd__clkbuf_16)
     1    0.002203    0.026119    0.105191   10.263826 ^ clkbuf_1_1__f_clk/X (sky130_fd_sc_hd__clkbuf_16)
                                                         clknet_1_1__leaf_clk (net)
                      0.026119    0.000004   10.263830 ^ _9_/CLK (sky130_fd_sc_hd__dfrtp_1)
                                 -0.250000   10.013830   clock uncertainty
                                  0.000000   10.013830   clock reconvergence pessimism
                                  0.228045   10.241876   library recovery time
                                             10.241876   data required time
---------------------------------------------------------------------------------------------
                                             10.241876   data required time
                                             -2.164041   data arrival time
---------------------------------------------------------------------------------------------
                                              8.077834   slack (MET)


Startpoint: _8_ (rising edge-triggered flip-flop clocked by clk)
Endpoint: _9_ (rising edge-triggered flip-flop clocked by clk)
Path Group: clk
Path Type: max

Fanout         Cap        Slew       Delay        Time   Description
---------------------------------------------------------------------------------------------
                                  0.000000    0.000000   clock clk (rise edge)
                                  0.000000    0.000000   clock source latency
     1    0.009880    0.050873    0.033608    0.033608 ^ clk (in)
                                                         clk (net)
                      0.050873    0.000000    0.033608 ^ clkbuf_0_clk/A (sky130_fd_sc_hd__clkbuf_16)
     2    0.017276    0.039525    0.125005    0.158613 ^ clkbuf_0_clk/X (sky130_fd_sc_hd__clkbuf_16)
                                                         clknet_0_clk (net)
                      0.039525    0.000032    0.158645 ^ clkbuf_1_0__f_clk/A (sky130_fd_sc_hd__clkbuf_16)
     1    0.002163    0.026080    0.105142    0.263787 ^ clkbuf_1_0__f_clk/X (sky130_fd_sc_hd__clkbuf_16)
                                                         clknet_1_0__leaf_clk (net)
                      0.026080    0.000004    0.263791 ^ _8_/CLK (sky130_fd_sc_hd__dfrtp_1)
     5    0.011861    0.078871    0.392309    0.656100 v _8_/Q (sky130_fd_sc_hd__dfrtp_1)
                                                         net5 (net)
                      0.078871    0.000050    0.656149 v _6_/A (sky130_fd_sc_hd__xor2_1)
     1    0.004040    0.061982    0.172977    0.829126 v _6_/X (sky130_fd_sc_hd__xor2_1)
                                                         next_state[1] (net)
                      0.061982    0.000031    0.829157 v _9_/D (sky130_fd_sc_hd__dfrtp_1)
                                              0.829157   data arrival time

                                 10.000000   10.000000   clock clk (rise edge)
                                  0.000000   10.000000   clock source latency
     1    0.009880    0.050873    0.033608   10.033608 ^ clk (in)
                                                         clk (net)
                      0.050873    0.000000   10.033608 ^ clkbuf_0_clk/A (sky130_fd_sc_hd__clkbuf_16)
     2    0.017276    0.039525    0.125005   10.158613 ^ clkbuf_0_clk/X (sky130_fd_sc_hd__clkbuf_16)
                                                         clknet_0_clk (net)
                      0.039525    0.000023   10.158636 ^ clkbuf_1_1__f_clk/A (sky130_fd_sc_hd__clkbuf_16)
     1    0.002203    0.026119    0.105191   10.263826 ^ clkbuf_1_1__f_clk/X (sky130_fd_sc_hd__clkbuf_16)
                                                         clknet_1_1__leaf_clk (net)
                      0.026119    0.000004   10.263830 ^ _9_/CLK (sky130_fd_sc_hd__dfrtp_1)
                                 -0.250000   10.013830   clock uncertainty
                                  0.000000   10.013830   clock reconvergence pessimism
                                 -0.126011    9.887819   library setup time
                                              9.887819   data required time
---------------------------------------------------------------------------------------------
                                              9.887819   data required time
                                             -0.829157   data arrival time
---------------------------------------------------------------------------------------------
                                              9.058661   slack (MET)



%OL_END_REPORT
%OL_CREATE_REPORT checks.rpt

===========================================================================
report_checks -unconstrained
===========================================================================
======================= nom_tt_025C_1v80 Corner ===================================

Startpoint: rst (input port clocked by clk)
Endpoint: _8_ (recovery check against rising-edge clock clk)
Path Group: asynchronous
Path Type: max

Fanout         Cap        Slew       Delay        Time   Description
---------------------------------------------------------------------------------------------
                                  0.000000    0.000000   clock clk (rise edge)
                                  0.000000    0.000000   clock network delay (propagated)
                                  2.000000    2.000000 v input external delay
     1    0.002581    0.008126    0.004043    2.004043 v rst (in)
                                                         rst (net)
                      0.008126    0.000000    2.004043 v input1/A (sky130_fd_sc_hd__buf_1)
     2    0.010569    0.067569    0.107173    2.111216 v input1/X (sky130_fd_sc_hd__buf_1)
                                                         net1 (net)
                      0.067569    0.000058    2.111274 v _2_/A (sky130_fd_sc_hd__inv_2)
     1    0.004034    0.031949    0.053325    2.164599 ^ _2_/Y (sky130_fd_sc_hd__inv_2)
                                                         _0_ (net)
                      0.031949    0.000007    2.164606 ^ _8_/RESET_B (sky130_fd_sc_hd__dfrtp_1)
                                              2.164606   data arrival time

                                 10.000000   10.000000   clock clk (rise edge)
                                  0.000000   10.000000   clock source latency
     1    0.009880    0.050873    0.033608   10.033608 ^ clk (in)
                                                         clk (net)
                      0.050873    0.000000   10.033608 ^ clkbuf_0_clk/A (sky130_fd_sc_hd__clkbuf_16)
     2    0.017276    0.039525    0.125005   10.158613 ^ clkbuf_0_clk/X (sky130_fd_sc_hd__clkbuf_16)
                                                         clknet_0_clk (net)
                      0.039525    0.000032   10.158645 ^ clkbuf_1_0__f_clk/A (sky130_fd_sc_hd__clkbuf_16)
     1    0.002163    0.026080    0.105143   10.263787 ^ clkbuf_1_0__f_clk/X (sky130_fd_sc_hd__clkbuf_16)
                                                         clknet_1_0__leaf_clk (net)
                      0.026080    0.000004   10.263791 ^ _8_/CLK (sky130_fd_sc_hd__dfrtp_1)
                                 -0.250000   10.013791   clock uncertainty
                                  0.000000   10.013791   clock reconvergence pessimism
                                  0.227920   10.241712   library recovery time
                                             10.241712   data required time
---------------------------------------------------------------------------------------------
                                             10.241712   data required time
                                             -2.164606   data arrival time
---------------------------------------------------------------------------------------------
                                              8.077106   slack (MET)


Startpoint: _8_ (rising edge-triggered flip-flop clocked by clk)
Endpoint: busy (output port clocked by clk)
Path Group: clk
Path Type: max

Fanout         Cap        Slew       Delay        Time   Description
---------------------------------------------------------------------------------------------
                                  0.000000    0.000000   clock clk (rise edge)
                                  0.000000    0.000000   clock source latency
     1    0.009880    0.050873    0.033608    0.033608 ^ clk (in)
                                                         clk (net)
                      0.050873    0.000000    0.033608 ^ clkbuf_0_clk/A (sky130_fd_sc_hd__clkbuf_16)
     2    0.017276    0.039525    0.125005    0.158613 ^ clkbuf_0_clk/X (sky130_fd_sc_hd__clkbuf_16)
                                                         clknet_0_clk (net)
                      0.039525    0.000032    0.158645 ^ clkbuf_1_0__f_clk/A (sky130_fd_sc_hd__clkbuf_16)
     1    0.002163    0.026080    0.105142    0.263787 ^ clkbuf_1_0__f_clk/X (sky130_fd_sc_hd__clkbuf_16)
                                                         clknet_1_0__leaf_clk (net)
                      0.026080    0.000004    0.263791 ^ _8_/CLK (sky130_fd_sc_hd__dfrtp_1)
     5    0.011861    0.078871    0.392309    0.656100 v _8_/Q (sky130_fd_sc_hd__dfrtp_1)
                                                         net5 (net)
                      0.078871    0.000051    0.656151 v _3_/A (sky130_fd_sc_hd__or2_1)
     1    0.002322    0.046370    0.228700    0.884851 v _3_/X (sky130_fd_sc_hd__or2_1)
                                                         net3 (net)
                      0.046370    0.000007    0.884857 v output3/A (sky130_fd_sc_hd__buf_2)
     1    0.034424    0.089636    0.181337    1.066195 v output3/X (sky130_fd_sc_hd__buf_2)
                                                         busy (net)
                      0.089636    0.000216    1.066411 v busy (out)
                                              1.066411   data arrival time

                                 10.000000   10.000000   clock clk (rise edge)
                                  0.000000   10.000000   clock network delay (propagated)
                                 -0.250000    9.750000   clock uncertainty
                                  0.000000    9.750000   clock reconvergence pessimism
                                 -2.000000    7.750000   output external delay
                                              7.750000   data required time
---------------------------------------------------------------------------------------------
                                              7.750000   data required time
                                             -1.066411   data arrival time
---------------------------------------------------------------------------------------------
                                              6.683589   slack (MET)




===========================================================================
report_checks --slack_max -0.01
============================================================================
======================= nom_tt_025C_1v80 Corner ===================================

No paths found.


===========================================================================
 report_check_types -max_slew -max_cap -max_fanout -violators
============================================================================
======================= nom_tt_025C_1v80 Corner ===================================



===========================================================================
report_parasitic_annotation -report_unannotated
============================================================================
Found 0 unannotated drivers.
Found 0 partially unannotated drivers.

===========================================================================
max slew violation count 0
Writing metric design__max_slew_violation__count__corner:nom_tt_025C_1v80: 0
max fanout violation count 0
Writing metric design__max_fanout_violation__count__corner:nom_tt_025C_1v80: 0
max cap violation count 0
Writing metric design__max_cap_violation__count__corner:nom_tt_025C_1v80: 0
============================================================================

===========================================================================
check_setup -verbose -unconstrained_endpoints -multiple_clock -no_clock -no_input_delay -loops -generated_clocks
===========================================================================
%OL_END_REPORT
%OL_CREATE_REPORT power.rpt

===========================================================================
 report_power
============================================================================
======================= nom_tt_025C_1v80 Corner ===================================

Group                    Internal    Switching      Leakage        Total
                            Power        Power        Power        Power (Watts)
------------------------------------------------------------------------
Sequential           1.268719e-05 4.490361e-06 2.367528e-11 1.717758e-05  15.5%
Combinational        1.124521e-05 2.509498e-05 4.331264e-11 3.634024e-05  32.7%
Clock                5.050297e-05 7.012052e-06 1.017701e-10 5.751512e-05  51.8%
Macro                0.000000e+00 0.000000e+00 0.000000e+00 0.000000e+00   0.0%
Pad                  0.000000e+00 0.000000e+00 0.000000e+00 0.000000e+00   0.0%
------------------------------------------------------------------------
Total                7.443537e-05 3.659740e-05 1.687580e-10 1.110329e-04 100.0%
                            67.0%        33.0%         0.0%
Writing metric power__internal__total: 7.443537469953299e-5
Writing metric power__switching__total: 3.659739741124213e-5
Writing metric power__leakage__total: 1.687580075682149e-10
Writing metric power__total: 0.00011103293945780024

%OL_END_REPORT
%OL_CREATE_REPORT skew.min.rpt

===========================================================================
Clock Skew (Hold)
============================================================================
Writing metric clock__skew__worst_hold__corner:nom_tt_025C_1v80: -0.25003924638503044
======================= nom_tt_025C_1v80 Corner ===================================

Clock clk
0.263791 source latency _8_/CLK ^
-0.263830 target latency _9_/CLK ^
-0.250000 clock uncertainty
0.000000 CRPR
--------------
-0.250039 hold skew

%OL_END_REPORT
%OL_CREATE_REPORT skew.max.rpt

===========================================================================
Clock Skew (Setup)
============================================================================
Writing metric clock__skew__worst_setup__corner:nom_tt_025C_1v80: 0.25003924638503044
======================= nom_tt_025C_1v80 Corner ===================================

Clock clk
0.263830 source latency _9_/CLK ^
-0.263791 target latency _8_/CLK ^
0.250000 clock uncertainty
0.000000 CRPR
--------------
0.250039 setup skew

%OL_END_REPORT
%OL_CREATE_REPORT ws.min.rpt

===========================================================================
Worst Slack (Hold)
============================================================================
Writing metric timing__hold__ws__corner:nom_tt_025C_1v80: 0.25757183226439206
nom_tt_025C_1v80: 0.25757183226439206
%OL_END_REPORT
%OL_CREATE_REPORT ws.max.rpt

===========================================================================
Worst Slack (Setup)
============================================================================
Writing metric timing__setup__ws__corner:nom_tt_025C_1v80: 6.683588982546072
nom_tt_025C_1v80: 6.683588982546072
%OL_END_REPORT
%OL_CREATE_REPORT tns.min.rpt

===========================================================================
Total Negative Slack (Hold)
============================================================================
Writing metric timing__hold__tns__corner:nom_tt_025C_1v80: 0.0
nom_tt_025C_1v80: 0.0
%OL_END_REPORT
%OL_CREATE_REPORT tns.max.rpt

===========================================================================
Total Negative Slack (Setup)
============================================================================
Writing metric timing__setup__tns__corner:nom_tt_025C_1v80: 0.0
nom_tt_025C_1v80: 0.0
%OL_END_REPORT
%OL_CREATE_REPORT wns.min.rpt

===========================================================================
Worst Negative Slack (Hold)
============================================================================
Writing metric timing__hold__wns__corner:nom_tt_025C_1v80: 0
nom_tt_025C_1v80: 0
%OL_END_REPORT
%OL_CREATE_REPORT wns.max.rpt

===========================================================================
Worst Negative Slack (Setup)
============================================================================
Writing metric timing__setup__wns__corner:nom_tt_025C_1v80: 0.0
nom_tt_025C_1v80: 0.0
%OL_END_REPORT
%OL_CREATE_REPORT violator_list.rpt

===========================================================================
Violator List
============================================================================
Writing metric timing__hold_vio__count__corner:nom_tt_025C_1v80: 0
Writing metric timing__hold_r2r__ws__corner:nom_tt_025C_1v80: 0.257572
Writing metric timing__hold_r2r_vio__count__corner:nom_tt_025C_1v80: 0
Writing metric timing__setup_vio__count__corner:nom_tt_025C_1v80: 0
Writing metric timing__setup_r2r__ws__corner:nom_tt_025C_1v80: 9.058661
Writing metric timing__setup_r2r_vio__count__corner:nom_tt_025C_1v80: 0
%OL_END_REPORT
%OL_CREATE_REPORT unpropagated.rpt
%OL_END_REPORT
%OL_CREATE_REPORT clock.rpt
Clock: clk
Sources: clk 
Generated: no
Virtual: yes
Propagated: no
Period: 10.000000

===========================================================================
report_clock_properties
============================================================================
Clock                   Period          Waveform
----------------------------------------------------
clk                  10.000000    0.000000  5.000000

===========================================================================
report_clock_latency
============================================================================
Clock clk
rise -> rise
    min     max
0.000000 0.000000 source latency
0.263791         network latency _8_/CLK
        0.263830 network latency _9_/CLK
---------------
0.263791 0.263830 latency
        0.000039 skew

fall -> fall
    min     max
0.000000 0.000000 source latency
0.272729         network latency _8_/CLK
        0.272765 network latency _9_/CLK
---------------
0.272729 0.272765 latency
        0.000036 skew



===========================================================================
report_clock_min_period
============================================================================
clk period_min = 0.96 fmax = 1045.73
%OL_END_REPORT
