Clock: clk
Sources: clk 
Generated: no
Virtual: yes
Propagated: no
Period: 10.000000

===========================================================================
report_clock_properties
============================================================================
Clock                   Period          Waveform
----------------------------------------------------
clk                  10.000000    0.000000  5.000000

===========================================================================
report_clock_latency
============================================================================
Clock clk
rise -> rise
    min     max
0.000000 0.000000 source latency
0.035469         network latency _20_/CLK
        0.035501 network latency _23_/CLK
---------------
0.035469 0.035501 latency
        0.000032 skew

fall -> fall
    min     max
0.000000 0.000000 source latency
0.015951         network latency _20_/CLK
        0.015981 network latency _23_/CLK
---------------
0.015951 0.015981 latency
        0.000030 skew



===========================================================================
report_clock_min_period
============================================================================
clk period_min = 1.27 fmax = 785.89
