
===========================================================================
report_checks -path_delay min (Hold)
============================================================================
======================= nom_tt_025C_1v80 Corner ===================================

Startpoint: _20_ (rising edge-triggered flip-flop clocked by clk)
Endpoint: _20_ (rising edge-triggered flip-flop clocked by clk)
Path Group: clk
Path Type: min

Fanout         Cap        Slew       Delay        Time   Description
---------------------------------------------------------------------------------------------
                                  0.000000    0.000000   clock clk (rise edge)
                                  0.000000    0.000000   clock source latency
     4    0.010465    0.053477    0.035469    0.035469 ^ clk (in)
                                                         clk (net)
                      0.053477    0.000000    0.035469 ^ _20_/CLK (sky130_fd_sc_hd__dfrtp_2)
     5    0.055108    0.265290    0.520244    0.555713 ^ _20_/Q (sky130_fd_sc_hd__dfrtp_2)
                                                         out[0] (net)
                      0.265290    0.000065    0.555778 ^ _10_/A (sky130_fd_sc_hd__inv_2)
     1    0.002255    0.042978    0.040250    0.596027 v _10_/Y (sky130_fd_sc_hd__inv_2)
                                                         _00_ (net)
                      0.042978    0.000003    0.596030 v _20_/D (sky130_fd_sc_hd__dfrtp_2)
                                              0.596030   data arrival time

                                  0.000000    0.000000   clock clk (rise edge)
                                  0.000000    0.000000   clock source latency
     4    0.010465    0.053477    0.035469    0.035469 ^ clk (in)
                                                         clk (net)
                      0.053477    0.000000    0.035469 ^ _20_/CLK (sky130_fd_sc_hd__dfrtp_2)
                                  0.250000    0.285469   clock uncertainty
                                  0.000000    0.285469   clock reconvergence pessimism
                                 -0.039357    0.246112   library hold time
                                              0.246112   data required time
---------------------------------------------------------------------------------------------
                                              0.246112   data required time
                                             -0.596030   data arrival time
---------------------------------------------------------------------------------------------
                                              0.349918   slack (MET)


Startpoint: _23_ (rising edge-triggered flip-flop clocked by clk)
Endpoint: _23_ (rising edge-triggered flip-flop clocked by clk)
Path Group: clk
Path Type: min

Fanout         Cap        Slew       Delay        Time   Description
---------------------------------------------------------------------------------------------
                                  0.000000    0.000000   clock clk (rise edge)
                                  0.000000    0.000000   clock source latency
     4    0.010465    0.053477    0.035501    0.035501 ^ clk (in)
                                                         clk (net)
                      0.053477    0.000000    0.035501 ^ _23_/CLK (sky130_fd_sc_hd__dfrtp_2)
     2    0.044636    0.217764    0.486492    0.521992 ^ _23_/Q (sky130_fd_sc_hd__dfrtp_2)
                                                         out[3] (net)
                      0.217764    0.000086    0.522078 ^ _16_/A (sky130_fd_sc_hd__xor2_2)
     1    0.002168    0.028721    0.090189    0.612267 v _16_/X (sky130_fd_sc_hd__xor2_2)
                                                         _03_ (net)
                      0.028721    0.000002    0.612269 v _23_/D (sky130_fd_sc_hd__dfrtp_2)
                                              0.612269   data arrival time

                                  0.000000    0.000000   clock clk (rise edge)
                                  0.000000    0.000000   clock source latency
     4    0.010465    0.053477    0.035501    0.035501 ^ clk (in)
                                                         clk (net)
                      0.053477    0.000000    0.035501 ^ _23_/CLK (sky130_fd_sc_hd__dfrtp_2)
                                  0.250000    0.285501   clock uncertainty
                                  0.000000    0.285501   clock reconvergence pessimism
                                 -0.033553    0.251948   library hold time
                                              0.251948   data required time
---------------------------------------------------------------------------------------------
                                              0.251948   data required time
                                             -0.612269   data arrival time
---------------------------------------------------------------------------------------------
                                              0.360321   slack (MET)


Startpoint: _21_ (rising edge-triggered flip-flop clocked by clk)
Endpoint: _21_ (rising edge-triggered flip-flop clocked by clk)
Path Group: clk
Path Type: min

Fanout         Cap        Slew       Delay        Time   Description
---------------------------------------------------------------------------------------------
                                  0.000000    0.000000   clock clk (rise edge)
                                  0.000000    0.000000   clock source latency
     4    0.010465    0.053477    0.035493    0.035493 ^ clk (in)
                                                         clk (net)
                      0.053477    0.000000    0.035493 ^ _21_/CLK (sky130_fd_sc_hd__dfrtp_2)
     4    0.050918    0.246259    0.506780    0.542273 ^ _21_/Q (sky130_fd_sc_hd__dfrtp_2)
                                                         out[1] (net)
                      0.246259    0.000063    0.542336 ^ _12_/B (sky130_fd_sc_hd__xor2_2)
     1    0.002088    0.028775    0.087105    0.629441 v _12_/X (sky130_fd_sc_hd__xor2_2)
                                                         _01_ (net)
                      0.028775    0.000001    0.629442 v _21_/D (sky130_fd_sc_hd__dfrtp_2)
                                              0.629442   data arrival time

                                  0.000000    0.000000   clock clk (rise edge)
                                  0.000000    0.000000   clock source latency
     4    0.010465    0.053477    0.035493    0.035493 ^ clk (in)
                                                         clk (net)
                      0.053477    0.000000    0.035493 ^ _21_/CLK (sky130_fd_sc_hd__dfrtp_2)
                                  0.250000    0.285493   clock uncertainty
                                  0.000000    0.285493   clock reconvergence pessimism
                                 -0.033575    0.251918   library hold time
                                              0.251918   data required time
---------------------------------------------------------------------------------------------
                                              0.251918   data required time
                                             -0.629442   data arrival time
---------------------------------------------------------------------------------------------
                                              0.377525   slack (MET)


Startpoint: _22_ (rising edge-triggered flip-flop clocked by clk)
Endpoint: _22_ (rising edge-triggered flip-flop clocked by clk)
Path Group: clk
Path Type: min

Fanout         Cap        Slew       Delay        Time   Description
---------------------------------------------------------------------------------------------
                                  0.000000    0.000000   clock clk (rise edge)
                                  0.000000    0.000000   clock source latency
     4    0.010465    0.053477    0.035482    0.035482 ^ clk (in)
                                                         clk (net)
                      0.053477    0.000000    0.035482 ^ _22_/CLK (sky130_fd_sc_hd__dfrtp_2)
     3    0.041451    0.203299    0.476271    0.511753 ^ _22_/Q (sky130_fd_sc_hd__dfrtp_2)
                                                         out[2] (net)
                      0.203299    0.000016    0.511769 ^ _13_/B1 (sky130_fd_sc_hd__a21oi_2)
     1    0.004466    0.055100    0.051751    0.563521 v _13_/Y (sky130_fd_sc_hd__a21oi_2)
                                                         _08_ (net)
                      0.055100    0.000007    0.563527 v _15_/A (sky130_fd_sc_hd__nor2_2)
     1    0.002582    0.059720    0.094301    0.657829 ^ _15_/Y (sky130_fd_sc_hd__nor2_2)
                                                         _02_ (net)
                      0.059720    0.000006    0.657835 ^ _22_/D (sky130_fd_sc_hd__dfrtp_2)
                                              0.657835   data arrival time

                                  0.000000    0.000000   clock clk (rise edge)
                                  0.000000    0.000000   clock source latency
     4    0.010465    0.053477    0.035482    0.035482 ^ clk (in)
                                                         clk (net)
                      0.053477    0.000000    0.035482 ^ _22_/CLK (sky130_fd_sc_hd__dfrtp_2)
                                  0.250000    0.285482   clock uncertainty
                                  0.000000    0.285482   clock reconvergence pessimism
                                 -0.036564    0.248918   library hold time
                                              0.248918   data required time
---------------------------------------------------------------------------------------------
                                              0.248918   data required time
                                             -0.657835   data arrival time
---------------------------------------------------------------------------------------------
                                              0.408917   slack (MET)


Startpoint: rst (input port clocked by clk)
Endpoint: _20_ (removal check against rising-edge clock clk)
Path Group: asynchronous
Path Type: min

Fanout         Cap        Slew       Delay        Time   Description
---------------------------------------------------------------------------------------------
                                  0.000000    0.000000   clock clk (rise edge)
                                  0.000000    0.000000   clock network delay (propagated)
                                  2.000000    2.000000 v input external delay
     4    0.019821    0.045616    0.031822    2.031822 v rst (in)
                                                         rst (net)
                      0.045616    0.000000    2.031822 v _11_/A (sky130_fd_sc_hd__inv_2)
     1    0.003743    0.027071    0.043804    2.075626 ^ _11_/Y (sky130_fd_sc_hd__inv_2)
                                                         _04_ (net)
                      0.027071    0.000003    2.075629 ^ _20_/RESET_B (sky130_fd_sc_hd__dfrtp_2)
                                              2.075629   data arrival time

                                  0.000000    0.000000   clock clk (rise edge)
                                  0.000000    0.000000   clock source latency
     4    0.010465    0.053477    0.035469    0.035469 ^ clk (in)
                                                         clk (net)
                      0.053477    0.000000    0.035469 ^ _20_/CLK (sky130_fd_sc_hd__dfrtp_2)
                                  0.250000    0.285469   clock uncertainty
                                  0.000000    0.285469   clock reconvergence pessimism
                                  0.317693    0.603162   library removal time
                                              0.603162   data required time
---------------------------------------------------------------------------------------------
                                              0.603162   data required time
                                             -2.075629   data arrival time
---------------------------------------------------------------------------------------------
                                              1.472467   slack (MET)


Startpoint: rst (input port clocked by clk)
Endpoint: _22_ (removal check against rising-edge clock clk)
Path Group: asynchronous
Path Type: min

Fanout         Cap        Slew       Delay        Time   Description
---------------------------------------------------------------------------------------------
                                  0.000000    0.000000   clock clk (rise edge)
                                  0.000000    0.000000   clock network delay (propagated)
                                  2.000000    2.000000 v input external delay
     4    0.019821    0.045616    0.031844    2.031844 v rst (in)
                                                         rst (net)
                      0.045616    0.000000    2.031844 v _18_/A (sky130_fd_sc_hd__inv_2)
     1    0.003770    0.027166    0.043901    2.075745 ^ _18_/Y (sky130_fd_sc_hd__inv_2)
                                                         _06_ (net)
                      0.027166    0.000003    2.075748 ^ _22_/RESET_B (sky130_fd_sc_hd__dfrtp_2)
                                              2.075748   data arrival time

                                  0.000000    0.000000   clock clk (rise edge)
                                  0.000000    0.000000   clock source latency
     4    0.010465    0.053477    0.035482    0.035482 ^ clk (in)
                                                         clk (net)
                      0.053477    0.000000    0.035482 ^ _22_/CLK (sky130_fd_sc_hd__dfrtp_2)
                                  0.250000    0.285482   clock uncertainty
                                  0.000000    0.285482   clock reconvergence pessimism
                                  0.317719    0.603202   library removal time
                                              0.603202   data required time
---------------------------------------------------------------------------------------------
                                              0.603202   data required time
                                             -2.075748   data arrival time
---------------------------------------------------------------------------------------------
                                              1.472547   slack (MET)


Startpoint: rst (input port clocked by clk)
Endpoint: _23_ (removal check against rising-edge clock clk)
Path Group: asynchronous
Path Type: min

Fanout         Cap        Slew       Delay        Time   Description
---------------------------------------------------------------------------------------------
                                  0.000000    0.000000   clock clk (rise edge)
                                  0.000000    0.000000   clock network delay (propagated)
                                  2.000000    2.000000 v input external delay
     4    0.019821    0.045616    0.031877    2.031877 v rst (in)
                                                         rst (net)
                      0.045617    0.000000    2.031877 v _19_/A (sky130_fd_sc_hd__inv_2)
     1    0.003818    0.027334    0.044072    2.075949 ^ _19_/Y (sky130_fd_sc_hd__inv_2)
                                                         _07_ (net)
                      0.027334    0.000004    2.075953 ^ _23_/RESET_B (sky130_fd_sc_hd__dfrtp_2)
                                              2.075953   data arrival time

                                  0.000000    0.000000   clock clk (rise edge)
                                  0.000000    0.000000   clock source latency
     4    0.010465    0.053477    0.035501    0.035501 ^ clk (in)
                                                         clk (net)
                      0.053477    0.000000    0.035501 ^ _23_/CLK (sky130_fd_sc_hd__dfrtp_2)
                                  0.250000    0.285501   clock uncertainty
                                  0.000000    0.285501   clock reconvergence pessimism
                                  0.317765    0.603265   library removal time
                                              0.603265   data required time
---------------------------------------------------------------------------------------------
                                              0.603265   data required time
                                             -2.075953   data arrival time
---------------------------------------------------------------------------------------------
                                              1.472688   slack (MET)


Startpoint: rst (input port clocked by clk)
Endpoint: _21_ (removal check against rising-edge clock clk)
Path Group: asynchronous
Path Type: min

Fanout         Cap        Slew       Delay        Time   Description
---------------------------------------------------------------------------------------------
                                  0.000000    0.000000   clock clk (rise edge)
                                  0.000000    0.000000   clock network delay (propagated)
                                  2.000000    2.000000 v input external delay
     4    0.019821    0.045616    0.031866    2.031866 v rst (in)
                                                         rst (net)
                      0.045617    0.000000    2.031866 v _17_/A (sky130_fd_sc_hd__inv_2)
     1    0.003828    0.027370    0.044109    2.075974 ^ _17_/Y (sky130_fd_sc_hd__inv_2)
                                                         _05_ (net)
                      0.027370    0.000004    2.075979 ^ _21_/RESET_B (sky130_fd_sc_hd__dfrtp_2)
                                              2.075979   data arrival time

                                  0.000000    0.000000   clock clk (rise edge)
                                  0.000000    0.000000   clock source latency
     4    0.010465    0.053477    0.035493    0.035493 ^ clk (in)
                                                         clk (net)
                      0.053477    0.000000    0.035493 ^ _21_/CLK (sky130_fd_sc_hd__dfrtp_2)
                                  0.250000    0.285493   clock uncertainty
                                  0.000000    0.285493   clock reconvergence pessimism
                                  0.317775    0.603267   library removal time
                                              0.603267   data required time
---------------------------------------------------------------------------------------------
                                              0.603267   data required time
                                             -2.075979   data arrival time
---------------------------------------------------------------------------------------------
                                              1.472712   slack (MET)


Startpoint: _22_ (rising edge-triggered flip-flop clocked by clk)
Endpoint: out[2] (output port clocked by clk)
Path Group: clk
Path Type: min

Fanout         Cap        Slew       Delay        Time   Description
---------------------------------------------------------------------------------------------
                                  0.000000    0.000000   clock clk (rise edge)
                                  0.000000    0.000000   clock source latency
     4    0.010465    0.053477    0.035482    0.035482 ^ clk (in)
                                                         clk (net)
                      0.053477    0.000000    0.035482 ^ _22_/CLK (sky130_fd_sc_hd__dfrtp_2)
     3    0.041451    0.203299    0.476271    0.511753 ^ _22_/Q (sky130_fd_sc_hd__dfrtp_2)
                                                         out[2] (net)
                      0.203299    0.000279    0.512033 ^ out[2] (out)
                                              0.512033   data arrival time

                                  0.000000    0.000000   clock clk (rise edge)
                                  0.000000    0.000000   clock network delay (propagated)
                                  0.250000    0.250000   clock uncertainty
                                  0.000000    0.250000   clock reconvergence pessimism
                                 -2.000000   -1.750000   output external delay
                                             -1.750000   data required time
---------------------------------------------------------------------------------------------
                                             -1.750000   data required time
                                             -0.512033   data arrival time
---------------------------------------------------------------------------------------------
                                              2.262033   slack (MET)


Startpoint: _23_ (rising edge-triggered flip-flop clocked by clk)
Endpoint: out[3] (output port clocked by clk)
Path Group: clk
Path Type: min

Fanout         Cap        Slew       Delay        Time   Description
---------------------------------------------------------------------------------------------
                                  0.000000    0.000000   clock clk (rise edge)
                                  0.000000    0.000000   clock source latency
     4    0.010465    0.053477    0.035501    0.035501 ^ clk (in)
                                                         clk (net)
                      0.053477    0.000000    0.035501 ^ _23_/CLK (sky130_fd_sc_hd__dfrtp_2)
     2    0.044636    0.217764    0.486492    0.521992 ^ _23_/Q (sky130_fd_sc_hd__dfrtp_2)
                                                         out[3] (net)
                      0.217764    0.000312    0.522304 ^ out[3] (out)
                                              0.522304   data arrival time

                                  0.000000    0.000000   clock clk (rise edge)
                                  0.000000    0.000000   clock network delay (propagated)
                                  0.250000    0.250000   clock uncertainty
                                  0.000000    0.250000   clock reconvergence pessimism
                                 -2.000000   -1.750000   output external delay
                                             -1.750000   data required time
---------------------------------------------------------------------------------------------
                                             -1.750000   data required time
                                             -0.522304   data arrival time
---------------------------------------------------------------------------------------------
                                              2.272304   slack (MET)


Startpoint: _21_ (rising edge-triggered flip-flop clocked by clk)
Endpoint: out[1] (output port clocked by clk)
Path Group: clk
Path Type: min

Fanout         Cap        Slew       Delay        Time   Description
---------------------------------------------------------------------------------------------
                                  0.000000    0.000000   clock clk (rise edge)
                                  0.000000    0.000000   clock source latency
     4    0.010465    0.053477    0.035493    0.035493 ^ clk (in)
                                                         clk (net)
                      0.053477    0.000000    0.035493 ^ _21_/CLK (sky130_fd_sc_hd__dfrtp_2)
     4    0.049759    0.140847    0.503064    0.538556 v _21_/Q (sky130_fd_sc_hd__dfrtp_2)
                                                         out[1] (net)
                      0.140847    0.000142    0.538698 v out[1] (out)
                                              0.538698   data arrival time

                                  0.000000    0.000000   clock clk (rise edge)
                                  0.000000    0.000000   clock network delay (propagated)
                                  0.250000    0.250000   clock uncertainty
                                  0.000000    0.250000   clock reconvergence pessimism
                                 -2.000000   -1.750000   output external delay
                                             -1.750000   data required time
---------------------------------------------------------------------------------------------
                                             -1.750000   data required time
                                             -0.538698   data arrival time
---------------------------------------------------------------------------------------------
                                              2.288698   slack (MET)


Startpoint: _20_ (rising edge-triggered flip-flop clocked by clk)
Endpoint: out[0] (output port clocked by clk)
Path Group: clk
Path Type: min

Fanout         Cap        Slew       Delay        Time   Description
---------------------------------------------------------------------------------------------
                                  0.000000    0.000000   clock clk (rise edge)
                                  0.000000    0.000000   clock source latency
     4    0.010465    0.053477    0.035469    0.035469 ^ clk (in)
                                                         clk (net)
                      0.053477    0.000000    0.035469 ^ _20_/CLK (sky130_fd_sc_hd__dfrtp_2)
     5    0.053580    0.149042    0.510037    0.545506 v _20_/Q (sky130_fd_sc_hd__dfrtp_2)
                                                         out[0] (net)
                      0.149042    0.000181    0.545687 v out[0] (out)
                                              0.545687   data arrival time

                                  0.000000    0.000000   clock clk (rise edge)
                                  0.000000    0.000000   clock network delay (propagated)
                                  0.250000    0.250000   clock uncertainty
                                  0.000000    0.250000   clock reconvergence pessimism
                                 -2.000000   -1.750000   output external delay
                                             -1.750000   data required time
---------------------------------------------------------------------------------------------
                                             -1.750000   data required time
                                             -0.545687   data arrival time
---------------------------------------------------------------------------------------------
                                              2.295686   slack (MET)



