
===========================================================================
report_checks -unconstrained
===========================================================================
======================= min_ff_n40C_1v95 Corner ===================================

Startpoint: cin (input port clocked by clk)
Endpoint: cout (output port clocked by clk)
Path Group: clk
Path Type: max

Fanout         Cap        Slew       Delay        Time   Description
---------------------------------------------------------------------------------------------
                                  0.000000    0.000000   clock clk (rise edge)
                                  0.000000    0.000000   clock network delay (propagated)
                                  2.000000    2.000000 ^ input external delay
     2    0.003744    0.017309    0.009691    2.009691 ^ cin (in)
                                                         cin (net)
                      0.017309    0.000000    2.009691 ^ input2/A (sky130_fd_sc_hd__clkbuf_1)
     1    0.002150    0.026855    0.044757    2.054448 ^ input2/X (sky130_fd_sc_hd__clkbuf_1)
                                                         net2 (net)
                      0.026855    0.000012    2.054460 ^ _0_/B (sky130_fd_sc_hd__and2_1)
     1    0.006452    0.056502    0.089237    2.143697 ^ _0_/X (sky130_fd_sc_hd__and2_1)
                                                         net3 (net)
                      0.056502    0.000154    2.143852 ^ output3/A (sky130_fd_sc_hd__buf_2)
     1    0.034319    0.128268    0.145036    2.288888 ^ output3/X (sky130_fd_sc_hd__buf_2)
                                                         cout (net)
                      0.128305    0.000357    2.289244 ^ cout (out)
                                              2.289244   data arrival time

                                 10.000000   10.000000   clock clk (rise edge)
                                  0.000000   10.000000   clock network delay (propagated)
                                 -0.250000    9.750000   clock uncertainty
                                  0.000000    9.750000   clock reconvergence pessimism
                                 -2.000000    7.750000   output external delay
                                              7.750000   data required time
---------------------------------------------------------------------------------------------
                                              7.750000   data required time
                                             -2.289244   data arrival time
---------------------------------------------------------------------------------------------
                                              5.460755   slack (MET)




===========================================================================
report_checks --slack_max -0.01
============================================================================
======================= min_ff_n40C_1v95 Corner ===================================

No paths found.


===========================================================================
 report_check_types -max_slew -max_cap -max_fanout -violators
============================================================================
======================= min_ff_n40C_1v95 Corner ===================================



===========================================================================
report_parasitic_annotation -report_unannotated
============================================================================
Found 7 unannotated drivers.
 I[0]
 I[1]
 I[2]
 clk
 ff_en
 rst
 clb_4/HI
Found 0 partially unannotated drivers.

===========================================================================
max slew violation count 0
max fanout violation count 0
max cap violation count 0
============================================================================

===========================================================================
check_setup -verbose -unconstrained_endpoints -multiple_clock -no_clock -no_input_delay -loops -generated_clocks
===========================================================================
Warning: There is 1 unconstrained endpoint.
  O
