Reading timing models for corner min_ff_n40C_1v95…
Reading cell library for the 'min_ff_n40C_1v95' corner at '/home/yaser/.volare/volare/sky130/versions/0fe599b2afb6708d281543108caf8310912f54af/sky130A/libs.ref/sky130_fd_sc_hd/lib/sky130_fd_sc_hd__ff_n40C_1v95.lib'…
Reading top-level netlist at '/home/yaser/CMOS_Tapeouts/clb/runs/RUN_2026-06-01_14-01-11/51-openroad-fillinsertion/clb.nl.v'…
Linking design 'clb' from netlist…
Warning: /home/yaser/CMOS_Tapeouts/clb/runs/RUN_2026-06-01_14-01-11/51-openroad-fillinsertion/clb.nl.v line 55, module sky130_fd_sc_hd__tapvpwrvgnd_1 not found. Creating black box for TAP_TAPCELL_ROW_0_30.
Warning: /home/yaser/CMOS_Tapeouts/clb/runs/RUN_2026-06-01_14-01-11/51-openroad-fillinsertion/clb.nl.v line 97, module sky130_ef_sc_hd__decap_12 not found. Creating black box for FILLER_0_3.
Warning: /home/yaser/CMOS_Tapeouts/clb/runs/RUN_2026-06-01_14-01-11/51-openroad-fillinsertion/clb.nl.v line 99, module sky130_fd_sc_hd__fill_1 not found. Creating black box for FILLER_0_27.
Warning: /home/yaser/CMOS_Tapeouts/clb/runs/RUN_2026-06-01_14-01-11/51-openroad-fillinsertion/clb.nl.v line 103, module sky130_fd_sc_hd__fill_2 not found. Creating black box for FILLER_0_57.
Reading design constraints file at '/nix/store/ss2cw3sxbrwwx9jl0rrppbw4kgcmgi2n-python3-3.11.9-env/lib/python3.11/site-packages/openlane/scripts/base.sdc'…
[INFO] Using clock clk…
[INFO] Setting output delay to: 2.0
[INFO] Setting input delay to: 2.0
[INFO] Setting load to: 0.033442
[INFO] Setting clock uncertainty to: 0.25
[INFO] Setting clock transition to: 0.1499999999999999944488848768742172978818416595458984375
[INFO] Setting timing derate to: 5%
Reading top-level design parasitics for the 'min_ff_n40C_1v95' corner at '/home/yaser/CMOS_Tapeouts/clb/runs/RUN_2026-06-01_14-01-11/53-openroad-rcx/min/clb.min.spef'…
%OL_CREATE_REPORT min.rpt

===========================================================================
report_checks -path_delay min (Hold)
============================================================================
======================= min_ff_n40C_1v95 Corner ===================================

Startpoint: I[3] (input port clocked by clk)
Endpoint: cout (output port clocked by clk)
Path Group: clk
Path Type: min

Fanout         Cap        Slew       Delay        Time   Description
---------------------------------------------------------------------------------------------
                                  0.000000    0.000000   clock clk (rise edge)
                                  0.000000    0.000000   clock network delay (propagated)
                                  2.000000    2.000000 v input external delay
     2    0.003652    0.005980    0.003004    2.003004 v I[3] (in)
                                                         I[3] (net)
                      0.005980    0.000000    2.003004 v input1/A (sky130_fd_sc_hd__clkbuf_1)
     1    0.002304    0.016615    0.045117    2.048121 v input1/X (sky130_fd_sc_hd__clkbuf_1)
                                                         net1 (net)
                      0.016615    0.000025    2.048146 v _0_/A (sky130_fd_sc_hd__and2_1)
     1    0.006293    0.033591    0.089292    2.137438 v _0_/X (sky130_fd_sc_hd__and2_1)
                                                         net3 (net)
                      0.033591    0.000148    2.137586 v output3/A (sky130_fd_sc_hd__buf_2)
     1    0.034319    0.062733    0.118947    2.256533 v output3/X (sky130_fd_sc_hd__buf_2)
                                                         cout (net)
                      0.062734    0.000357    2.256890 v cout (out)
                                              2.256890   data arrival time

                                  0.000000    0.000000   clock clk (rise edge)
                                  0.000000    0.000000   clock network delay (propagated)
                                  0.250000    0.250000   clock uncertainty
                                  0.000000    0.250000   clock reconvergence pessimism
                                 -2.000000   -1.750000   output external delay
                                             -1.750000   data required time
---------------------------------------------------------------------------------------------
                                             -1.750000   data required time
                                             -2.256890   data arrival time
---------------------------------------------------------------------------------------------
                                              4.006890   slack (MET)



%OL_END_REPORT
%OL_CREATE_REPORT max.rpt

===========================================================================
report_checks -path_delay max (Setup)
============================================================================
======================= min_ff_n40C_1v95 Corner ===================================

Startpoint: cin (input port clocked by clk)
Endpoint: cout (output port clocked by clk)
Path Group: clk
Path Type: max

Fanout         Cap        Slew       Delay        Time   Description
---------------------------------------------------------------------------------------------
                                  0.000000    0.000000   clock clk (rise edge)
                                  0.000000    0.000000   clock network delay (propagated)
                                  2.000000    2.000000 ^ input external delay
     2    0.003744    0.017309    0.009691    2.009691 ^ cin (in)
                                                         cin (net)
                      0.017309    0.000000    2.009691 ^ input2/A (sky130_fd_sc_hd__clkbuf_1)
     1    0.002150    0.026855    0.044757    2.054448 ^ input2/X (sky130_fd_sc_hd__clkbuf_1)
                                                         net2 (net)
                      0.026855    0.000012    2.054460 ^ _0_/B (sky130_fd_sc_hd__and2_1)
     1    0.006452    0.056502    0.089237    2.143697 ^ _0_/X (sky130_fd_sc_hd__and2_1)
                                                         net3 (net)
                      0.056502    0.000154    2.143852 ^ output3/A (sky130_fd_sc_hd__buf_2)
     1    0.034319    0.128268    0.145036    2.288888 ^ output3/X (sky130_fd_sc_hd__buf_2)
                                                         cout (net)
                      0.128305    0.000357    2.289244 ^ cout (out)
                                              2.289244   data arrival time

                                 10.000000   10.000000   clock clk (rise edge)
                                  0.000000   10.000000   clock network delay (propagated)
                                 -0.250000    9.750000   clock uncertainty
                                  0.000000    9.750000   clock reconvergence pessimism
                                 -2.000000    7.750000   output external delay
                                              7.750000   data required time
---------------------------------------------------------------------------------------------
                                              7.750000   data required time
                                             -2.289244   data arrival time
---------------------------------------------------------------------------------------------
                                              5.460755   slack (MET)



%OL_END_REPORT
%OL_CREATE_REPORT checks.rpt

===========================================================================
report_checks -unconstrained
===========================================================================
======================= min_ff_n40C_1v95 Corner ===================================

Startpoint: cin (input port clocked by clk)
Endpoint: cout (output port clocked by clk)
Path Group: clk
Path Type: max

Fanout         Cap        Slew       Delay        Time   Description
---------------------------------------------------------------------------------------------
                                  0.000000    0.000000   clock clk (rise edge)
                                  0.000000    0.000000   clock network delay (propagated)
                                  2.000000    2.000000 ^ input external delay
     2    0.003744    0.017309    0.009691    2.009691 ^ cin (in)
                                                         cin (net)
                      0.017309    0.000000    2.009691 ^ input2/A (sky130_fd_sc_hd__clkbuf_1)
     1    0.002150    0.026855    0.044757    2.054448 ^ input2/X (sky130_fd_sc_hd__clkbuf_1)
                                                         net2 (net)
                      0.026855    0.000012    2.054460 ^ _0_/B (sky130_fd_sc_hd__and2_1)
     1    0.006452    0.056502    0.089237    2.143697 ^ _0_/X (sky130_fd_sc_hd__and2_1)
                                                         net3 (net)
                      0.056502    0.000154    2.143852 ^ output3/A (sky130_fd_sc_hd__buf_2)
     1    0.034319    0.128268    0.145036    2.288888 ^ output3/X (sky130_fd_sc_hd__buf_2)
                                                         cout (net)
                      0.128305    0.000357    2.289244 ^ cout (out)
                                              2.289244   data arrival time

                                 10.000000   10.000000   clock clk (rise edge)
                                  0.000000   10.000000   clock network delay (propagated)
                                 -0.250000    9.750000   clock uncertainty
                                  0.000000    9.750000   clock reconvergence pessimism
                                 -2.000000    7.750000   output external delay
                                              7.750000   data required time
---------------------------------------------------------------------------------------------
                                              7.750000   data required time
                                             -2.289244   data arrival time
---------------------------------------------------------------------------------------------
                                              5.460755   slack (MET)




===========================================================================
report_checks --slack_max -0.01
============================================================================
======================= min_ff_n40C_1v95 Corner ===================================

No paths found.


===========================================================================
 report_check_types -max_slew -max_cap -max_fanout -violators
============================================================================
======================= min_ff_n40C_1v95 Corner ===================================



===========================================================================
report_parasitic_annotation -report_unannotated
============================================================================
Found 7 unannotated drivers.
 I[0]
 I[1]
 I[2]
 clk
 ff_en
 rst
 clb_4/HI
Found 0 partially unannotated drivers.

===========================================================================
max slew violation count 0
%OL_METRIC_I design__max_slew_violation__count__corner:min_ff_n40C_1v95 0
max fanout violation count 0
%OL_METRIC_I design__max_fanout_violation__count__corner:min_ff_n40C_1v95 0
max cap violation count 0
%OL_METRIC_I design__max_cap_violation__count__corner:min_ff_n40C_1v95 0
============================================================================

===========================================================================
check_setup -verbose -unconstrained_endpoints -multiple_clock -no_clock -no_input_delay -loops -generated_clocks
===========================================================================
Warning: There is 1 unconstrained endpoint.
  O
%OL_END_REPORT
%OL_CREATE_REPORT power.rpt

===========================================================================
 report_power
============================================================================
======================= min_ff_n40C_1v95 Corner ===================================

Group                    Internal    Switching      Leakage        Total
                            Power        Power        Power        Power (Watts)
------------------------------------------------------------------------
Sequential           0.000000e+00 0.000000e+00 0.000000e+00 0.000000e+00   0.0%
Combinational        4.536102e-07 8.611792e-07 2.010193e-11 1.314810e-06  99.9%
Clock                1.013694e-09 0.000000e+00 2.357664e-10 1.249461e-09   0.1%
Macro                0.000000e+00 0.000000e+00 0.000000e+00 0.000000e+00   0.0%
Pad                  0.000000e+00 0.000000e+00 0.000000e+00 0.000000e+00   0.0%
------------------------------------------------------------------------
Total                4.546239e-07 8.611792e-07 2.558684e-10 1.316059e-06 100.0%
                            34.5%        65.4%         0.0%
%OL_METRIC_F power__internal__total 4.546239438241173e-7
%OL_METRIC_F power__switching__total 8.611791599832941e-7
%OL_METRIC_F power__leakage__total 2.5586835428192956e-10
%OL_METRIC_F power__total 1.3160589560357039e-6

%OL_END_REPORT
%OL_CREATE_REPORT skew.min.rpt

===========================================================================
Clock Skew (Hold)
============================================================================
%OL_METRIC_F clock__skew__worst_hold__corner:min_ff_n40C_1v95 0.0
======================= min_ff_n40C_1v95 Corner ===================================

Clock clk
No launch/capture paths found.

%OL_END_REPORT
%OL_CREATE_REPORT skew.max.rpt

===========================================================================
Clock Skew (Setup)
============================================================================
%OL_METRIC_F clock__skew__worst_setup__corner:min_ff_n40C_1v95 0.0
======================= min_ff_n40C_1v95 Corner ===================================

Clock clk
No launch/capture paths found.

%OL_END_REPORT
%OL_CREATE_REPORT ws.min.rpt

===========================================================================
Worst Slack (Hold)
============================================================================
%OL_METRIC_F timing__hold__ws__corner:min_ff_n40C_1v95 4.006890044285687
min_ff_n40C_1v95: 4.006890044285687
%OL_END_REPORT
%OL_CREATE_REPORT ws.max.rpt

===========================================================================
Worst Slack (Setup)
============================================================================
%OL_METRIC_F timing__setup__ws__corner:min_ff_n40C_1v95 5.460755557859885
min_ff_n40C_1v95: 5.460755557859885
%OL_END_REPORT
%OL_CREATE_REPORT tns.min.rpt

===========================================================================
Total Negative Slack (Hold)
============================================================================
%OL_METRIC_F timing__hold__tns__corner:min_ff_n40C_1v95 0.0
min_ff_n40C_1v95: 0.0
%OL_END_REPORT
%OL_CREATE_REPORT tns.max.rpt

===========================================================================
Total Negative Slack (Setup)
============================================================================
%OL_METRIC_F timing__setup__tns__corner:min_ff_n40C_1v95 0.0
min_ff_n40C_1v95: 0.0
%OL_END_REPORT
%OL_CREATE_REPORT wns.min.rpt

===========================================================================
Worst Negative Slack (Hold)
============================================================================
%OL_METRIC_F timing__hold__wns__corner:min_ff_n40C_1v95 0
min_ff_n40C_1v95: 0
%OL_END_REPORT
%OL_CREATE_REPORT wns.max.rpt

===========================================================================
Worst Negative Slack (Setup)
============================================================================
%OL_METRIC_F timing__setup__wns__corner:min_ff_n40C_1v95 0.0
min_ff_n40C_1v95: 0.0
%OL_END_REPORT
%OL_CREATE_REPORT violator_list.rpt

===========================================================================
Violator List
============================================================================
%OL_METRIC_I timing__hold_vio__count__corner:min_ff_n40C_1v95 0
%OL_METRIC_F timing__hold_r2r__ws__corner:min_ff_n40C_1v95 inf
%OL_METRIC_I timing__hold_r2r_vio__count__corner:min_ff_n40C_1v95 0
%OL_METRIC_I timing__setup_vio__count__corner:min_ff_n40C_1v95 0
%OL_METRIC_F timing__setup_r2r__ws__corner:min_ff_n40C_1v95 inf
%OL_METRIC_I timing__setup_r2r_vio__count__corner:min_ff_n40C_1v95 0
%OL_END_REPORT
%OL_CREATE_REPORT unpropagated.rpt
%OL_END_REPORT
%OL_CREATE_REPORT clock.rpt
Clock: clk
Sources: clk 
Generated: no
Virtual: yes
Propagated: no
Period: 10.000000

===========================================================================
report_clock_properties
============================================================================
Clock                   Period          Waveform
----------------------------------------------------
clk                  10.000000    0.000000  5.000000

===========================================================================
report_clock_latency
============================================================================
Clock clk


===========================================================================
report_clock_min_period
============================================================================
clk period_min = 0.00 fmax = inf
%OL_END_REPORT
Writing SDF files for all corners…
Removing Clock latencies before writing libs…
Writing timing models for all corners…
Writing timing models for the min_ff_n40C_1v95 corner to /home/yaser/CMOS_Tapeouts/clb/runs/RUN_2026-06-01_14-01-11/54-openroad-stapostpnr/min_ff_n40C_1v95/clb__min_ff_n40C_1v95.lib…
