
===========================================================================
report_checks -path_delay min (Hold)
============================================================================
======================= nom_ss_100C_1v60 Corner ===================================

Startpoint: I[3] (input port clocked by clk)
Endpoint: cout (output port clocked by clk)
Path Group: clk
Path Type: min

Fanout         Cap        Slew       Delay        Time   Description
---------------------------------------------------------------------------------------------
                      0.150000    0.000000    0.000000   clock clk (rise edge)
                                  0.000000    0.000000   clock network delay (ideal)
                                  2.000000    2.000000 ^ input external delay
     1    0.001416    0.023516    0.008312    2.008312 ^ I[3] (in)
                                                         I[3] (net)
                      0.023516    0.000000    2.008312 ^ _0_/A (sky130_fd_sc_hd__and2_2)
     1    0.033442    0.294731    0.420830    2.429142 ^ _0_/X (sky130_fd_sc_hd__and2_2)
                                                         cout (net)
                      0.294731    0.000000    2.429142 ^ cout (out)
                                              2.429142   data arrival time

                      0.150000    0.000000    0.000000   clock clk (rise edge)
                                  0.000000    0.000000   clock network delay (ideal)
                                  0.250000    0.250000   clock uncertainty
                                  0.000000    0.250000   clock reconvergence pessimism
                                 -2.000000   -1.750000   output external delay
                                             -1.750000   data required time
---------------------------------------------------------------------------------------------
                                             -1.750000   data required time
                                             -2.429142   data arrival time
---------------------------------------------------------------------------------------------
                                              4.179142   slack (MET)



