
===========================================================================
report_checks -unconstrained
===========================================================================
======================= nom_ss_100C_1v60 Corner ===================================

Startpoint: instruction[6] (input port clocked by clk)
Endpoint: _281_ (rising edge-triggered flip-flop clocked by clk)
Path Group: clk
Path Type: max

Fanout         Cap        Slew       Delay        Time   Description
---------------------------------------------------------------------------------------------
                                  0.000000    0.000000   clock clk (rise edge)
                                  0.000000    0.000000   clock network delay (propagated)
                                  3.000000    3.000000 ^ input external delay
     2    0.003794    0.038917    0.021029    3.021029 ^ instruction[6] (in)
                                                         instruction[6] (net)
                      0.038917    0.000000    3.021029 ^ input7/A (sky130_fd_sc_hd__clkbuf_1)
     2    0.010308    0.206654    0.234099    3.255128 ^ input7/X (sky130_fd_sc_hd__clkbuf_1)
                                                         net7 (net)
                      0.206655    0.000421    3.255549 ^ fanout60/A (sky130_fd_sc_hd__buf_1)
     4    0.013200    0.258998    0.343024    3.598573 ^ fanout60/X (sky130_fd_sc_hd__buf_1)
                                                         net60 (net)
                      0.258998    0.000443    3.599016 ^ fanout59/A (sky130_fd_sc_hd__buf_1)
     4    0.010983    0.219012    0.331244    3.930260 ^ fanout59/X (sky130_fd_sc_hd__buf_1)
                                                         net59 (net)
                      0.219012    0.000250    3.930510 ^ _137_/B (sky130_fd_sc_hd__nand3b_1)
     2    0.006412    0.203226    0.272272    4.202781 v _137_/Y (sky130_fd_sc_hd__nand3b_1)
                                                         _041_ (net)
                      0.203226    0.000187    4.202968 v fanout53/A (sky130_fd_sc_hd__buf_1)
     4    0.013207    0.158151    0.311214    4.514182 v fanout53/X (sky130_fd_sc_hd__buf_1)
                                                         net53 (net)
                      0.158151    0.000407    4.514589 v _138_/C (sky130_fd_sc_hd__and3_1)
     2    0.005624    0.094014    0.430250    4.944839 v _138_/X (sky130_fd_sc_hd__and3_1)
                                                         _042_ (net)
                      0.094014    0.000129    4.944967 v _141_/B (sky130_fd_sc_hd__or3_1)
     2    0.004825    0.159357    0.835835    5.780802 v _141_/X (sky130_fd_sc_hd__or3_1)
                                                         _045_ (net)
                      0.159357    0.000090    5.780891 v _148_/A1 (sky130_fd_sc_hd__a21o_1)
     3    0.010309    0.119165    0.383432    6.164323 v _148_/X (sky130_fd_sc_hd__a21o_1)
                                                         _051_ (net)
                      0.119165    0.000411    6.164734 v _173_/A1 (sky130_fd_sc_hd__a31o_1)
     3    0.011554    0.138931    0.414409    6.579144 v _173_/X (sky130_fd_sc_hd__a31o_1)
                                                         _074_ (net)
                      0.138931    0.000357    6.579501 v _174_/B (sky130_fd_sc_hd__xor2_1)
     1    0.002192    0.112713    0.282817    6.862318 v _174_/X (sky130_fd_sc_hd__xor2_1)
                                                         _075_ (net)
                      0.112713    0.000044    6.862362 v _175_/A1 (sky130_fd_sc_hd__mux2_1)
     1    0.002018    0.102655    0.652463    7.514825 v _175_/X (sky130_fd_sc_hd__mux2_1)
                                                         _076_ (net)
                      0.102655    0.000057    7.514882 v _176_/A1 (sky130_fd_sc_hd__mux2_1)
     1    0.002318    0.105448    0.653690    8.168571 v _176_/X (sky130_fd_sc_hd__mux2_1)
                                                         _077_ (net)
                      0.105448    0.000064    8.168635 v _177_/B (sky130_fd_sc_hd__and2_1)
     1    0.002102    0.062658    0.322475    8.491111 v _177_/X (sky130_fd_sc_hd__and2_1)
                                                         _021_ (net)
                      0.062658    0.000060    8.491171 v _281_/D (sky130_fd_sc_hd__dfxtp_1)
                                              8.491171   data arrival time

                                 15.000000   15.000000   clock clk (rise edge)
                                  0.000000   15.000000   clock source latency
     2    0.016614    0.126545    0.085366   15.085366 ^ clk (in)
                                                         clk (net)
                      0.126548    0.000000   15.085366 ^ clkbuf_0_clk/A (sky130_fd_sc_hd__clkbuf_16)
     2    0.018622    0.065707    0.245519   15.330886 ^ clkbuf_0_clk/X (sky130_fd_sc_hd__clkbuf_16)
                                                         clknet_0_clk (net)
                      0.065707    0.000343   15.331228 ^ clkbuf_1_0__f_clk/A (sky130_fd_sc_hd__clkbuf_16)
    13    0.040046    0.094751    0.247782   15.579011 ^ clkbuf_1_0__f_clk/X (sky130_fd_sc_hd__clkbuf_16)
                                                         clknet_1_0__leaf_clk (net)
                      0.094754    0.000746   15.579757 ^ _281_/CLK (sky130_fd_sc_hd__dfxtp_1)
                                 -0.250000   15.329758   clock uncertainty
                                  0.000000   15.329758   clock reconvergence pessimism
                                 -0.259261   15.070497   library setup time
                                             15.070497   data required time
---------------------------------------------------------------------------------------------
                                             15.070497   data required time
                                             -8.491171   data arrival time
---------------------------------------------------------------------------------------------
                                              6.579326   slack (MET)




===========================================================================
report_checks --slack_max -0.01
============================================================================
======================= nom_ss_100C_1v60 Corner ===================================

No paths found.


===========================================================================
 report_check_types -max_slew -max_cap -max_fanout -violators
============================================================================
======================= nom_ss_100C_1v60 Corner ===================================

max fanout

Pin                                   Limit Fanout  Slack
---------------------------------------------------------
clkbuf_1_0__f_clk/X                       4     13     -9 (VIOLATED)
clkbuf_1_1__f_clk/X                       4     13     -9 (VIOLATED)



===========================================================================
report_parasitic_annotation -report_unannotated
============================================================================
Found 1 unannotated drivers.
 clkload0/X
Found 0 partially unannotated drivers.

===========================================================================
max slew violation count 0
max fanout violation count 2
max cap violation count 0
============================================================================

===========================================================================
check_setup -verbose -unconstrained_endpoints -multiple_clock -no_clock -no_input_delay -loops -generated_clocks
===========================================================================
