Clock: clk
Sources: clk 
Generated: no
Virtual: yes
Propagated: no
Period: 15.000000

===========================================================================
report_clock_properties
============================================================================
Clock                   Period          Waveform
----------------------------------------------------
clk                  15.000000    0.000000  7.500000

===========================================================================
report_clock_latency
============================================================================
Clock clk
rise -> rise
    min     max
0.000000 0.000000 source latency
0.574260         network latency _282_/CLK
        0.580383 network latency _284_/CLK
---------------
0.574260 0.580383 latency
        0.006122 skew

fall -> fall
    min     max
0.000000 0.000000 source latency
0.570159         network latency _282_/CLK
        0.575484 network latency _284_/CLK
---------------
0.570159 0.575484 latency
        0.005325 skew



===========================================================================
report_clock_min_period
============================================================================
clk period_min = 5.83 fmax = 171.66
