
===========================================================================
report_checks -unconstrained
===========================================================================
======================= nom_ff_n40C_1v95 Corner ===================================

Startpoint: rst (input port clocked by clk)
Endpoint: _9_ (recovery check against rising-edge clock clk)
Path Group: asynchronous
Path Type: max

Fanout         Cap        Slew       Delay        Time   Description
---------------------------------------------------------------------------------------------
                                  0.000000    0.000000   clock clk (rise edge)
                                  0.000000    0.000000   clock network delay (propagated)
                                  2.000000    2.000000 v input external delay
     1    0.002601    0.004430    0.002101    2.002100 v rst (in)
                                                         rst (net)
                      0.004430    0.000000    2.002100 v input1/A (sky130_fd_sc_hd__buf_1)
     2    0.011451    0.049149    0.073223    2.075324 v input1/X (sky130_fd_sc_hd__buf_1)
                                                         net1 (net)
                      0.049149    0.000220    2.075544 v _7_/A (sky130_fd_sc_hd__inv_2)
     1    0.004123    0.023657    0.037870    2.113414 ^ _7_/Y (sky130_fd_sc_hd__inv_2)
                                                         _1_ (net)
                      0.023657    0.000084    2.113498 ^ _9_/RESET_B (sky130_fd_sc_hd__dfrtp_1)
                                              2.113498   data arrival time

                                 10.000000   10.000000   clock clk (rise edge)
                                  0.000000   10.000000   clock source latency
     1    0.010354    0.039722    0.025985   10.025985 ^ clk (in)
                                                         clk (net)
                      0.039724    0.000000   10.025985 ^ clkbuf_0_clk/A (sky130_fd_sc_hd__clkbuf_16)
     2    0.018748    0.030351    0.086124   10.112109 ^ clkbuf_0_clk/X (sky130_fd_sc_hd__clkbuf_16)
                                                         clknet_0_clk (net)
                      0.030352    0.000303   10.112411 ^ clkbuf_1_1__f_clk/A (sky130_fd_sc_hd__clkbuf_16)
     1    0.002258    0.019009    0.071201   10.183613 ^ clkbuf_1_1__f_clk/X (sky130_fd_sc_hd__clkbuf_16)
                                                         clknet_1_1__leaf_clk (net)
                      0.019009    0.000064   10.183677 ^ _9_/CLK (sky130_fd_sc_hd__dfrtp_1)
                                 -0.250000    9.933677   clock uncertainty
                                  0.000000    9.933677   clock reconvergence pessimism
                                  0.143257   10.076933   library recovery time
                                             10.076933   data required time
---------------------------------------------------------------------------------------------
                                             10.076933   data required time
                                             -2.113498   data arrival time
---------------------------------------------------------------------------------------------
                                              7.963436   slack (MET)


Startpoint: _9_ (rising edge-triggered flip-flop clocked by clk)
Endpoint: busy (output port clocked by clk)
Path Group: clk
Path Type: max

Fanout         Cap        Slew       Delay        Time   Description
---------------------------------------------------------------------------------------------
                                  0.000000    0.000000   clock clk (rise edge)
                                  0.000000    0.000000   clock source latency
     1    0.010354    0.039722    0.025985    0.025985 ^ clk (in)
                                                         clk (net)
                      0.039724    0.000000    0.025985 ^ clkbuf_0_clk/A (sky130_fd_sc_hd__clkbuf_16)
     2    0.018748    0.030351    0.086124    0.112109 ^ clkbuf_0_clk/X (sky130_fd_sc_hd__clkbuf_16)
                                                         clknet_0_clk (net)
                      0.030352    0.000303    0.112411 ^ clkbuf_1_1__f_clk/A (sky130_fd_sc_hd__clkbuf_16)
     1    0.002258    0.019009    0.071201    0.183613 ^ clkbuf_1_1__f_clk/X (sky130_fd_sc_hd__clkbuf_16)
                                                         clknet_1_1__leaf_clk (net)
                      0.019009    0.000064    0.183676 ^ _9_/CLK (sky130_fd_sc_hd__dfrtp_1)
     5    0.016359    0.068840    0.262221    0.445897 v _9_/Q (sky130_fd_sc_hd__dfrtp_1)
                                                         net6 (net)
                      0.068842    0.000523    0.446420 v _3_/B (sky130_fd_sc_hd__or2_1)
     1    0.002681    0.031794    0.130831    0.577251 v _3_/X (sky130_fd_sc_hd__or2_1)
                                                         net3 (net)
                      0.031794    0.000081    0.577332 v output3/A (sky130_fd_sc_hd__buf_2)
     1    0.034401    0.063024    0.118005    0.695337 v output3/X (sky130_fd_sc_hd__buf_2)
                                                         busy (net)
                      0.063034    0.000788    0.696125 v busy (out)
                                              0.696125   data arrival time

                                 10.000000   10.000000   clock clk (rise edge)
                                  0.000000   10.000000   clock network delay (propagated)
                                 -0.250000    9.750000   clock uncertainty
                                  0.000000    9.750000   clock reconvergence pessimism
                                 -2.000000    7.750000   output external delay
                                              7.750000   data required time
---------------------------------------------------------------------------------------------
                                              7.750000   data required time
                                             -0.696125   data arrival time
---------------------------------------------------------------------------------------------
                                              7.053875   slack (MET)




===========================================================================
report_checks --slack_max -0.01
============================================================================
======================= nom_ff_n40C_1v95 Corner ===================================

No paths found.


===========================================================================
 report_check_types -max_slew -max_cap -max_fanout -violators
============================================================================
======================= nom_ff_n40C_1v95 Corner ===================================



===========================================================================
report_parasitic_annotation -report_unannotated
============================================================================
Found 0 unannotated drivers.
Found 0 partially unannotated drivers.

===========================================================================
max slew violation count 0
max fanout violation count 0
max cap violation count 0
============================================================================

===========================================================================
check_setup -verbose -unconstrained_endpoints -multiple_clock -no_clock -no_input_delay -loops -generated_clocks
===========================================================================
