Clock: clk
Sources: clk 
Generated: no
Virtual: yes
Propagated: no
Period: 10.000000

===========================================================================
report_clock_properties
============================================================================
Clock                   Period          Waveform
----------------------------------------------------
clk                  10.000000    0.000000  5.000000

===========================================================================
report_clock_latency
============================================================================
Clock clk
rise -> rise
    min     max
0.000000 0.000000 source latency
0.183631         network latency _8_/CLK
        0.183676 network latency _9_/CLK
---------------
0.183631 0.183676 latency
        0.000045 skew

fall -> fall
    min     max
0.000000 0.000000 source latency
0.184877         network latency _8_/CLK
        0.184918 network latency _9_/CLK
---------------
0.184877 0.184918 latency
        0.000041 skew



===========================================================================
report_clock_min_period
============================================================================
clk period_min = 1.42 fmax = 702.17
