Reading timing models for corner nom_ff_n40C_1v95…
Reading cell library for the 'nom_ff_n40C_1v95' corner at '/home/yaser/.volare/volare/sky130/versions/0fe599b2afb6708d281543108caf8310912f54af/sky130A/libs.ref/sky130_fd_sc_hd/lib/sky130_fd_sc_hd__ff_n40C_1v95.lib'…
Reading top-level netlist at '/home/yaser/CMOS_Tapeouts/control_unit/runs/RUN_2026-04-04_09-19-09/51-openroad-fillinsertion/control_unit.nl.v'…
Linking design 'control_unit' from netlist…
Warning: /home/yaser/CMOS_Tapeouts/control_unit/runs/RUN_2026-04-04_09-19-09/51-openroad-fillinsertion/control_unit.nl.v line 76, module sky130_fd_sc_hd__tapvpwrvgnd_1 not found. Creating black box for TAP_TAPCELL_ROW_0_20.
Warning: /home/yaser/CMOS_Tapeouts/control_unit/runs/RUN_2026-04-04_09-19-09/51-openroad-fillinsertion/control_unit.nl.v line 112, module sky130_ef_sc_hd__decap_12 not found. Creating black box for FILLER_0_3.
Warning: /home/yaser/CMOS_Tapeouts/control_unit/runs/RUN_2026-04-04_09-19-09/51-openroad-fillinsertion/control_unit.nl.v line 114, module sky130_fd_sc_hd__fill_1 not found. Creating black box for FILLER_0_27.
Warning: /home/yaser/CMOS_Tapeouts/control_unit/runs/RUN_2026-04-04_09-19-09/51-openroad-fillinsertion/control_unit.nl.v line 157, module sky130_fd_sc_hd__fill_2 not found. Creating black box for FILLER_5_54.
Reading design constraints file at '/nix/store/ss2cw3sxbrwwx9jl0rrppbw4kgcmgi2n-python3-3.11.9-env/lib/python3.11/site-packages/openlane/scripts/base.sdc'…
[INFO] Using clock clk…
[INFO] Setting output delay to: 2.0
[INFO] Setting input delay to: 2.0
[INFO] Setting load to: 0.033442
[INFO] Setting clock uncertainty to: 0.25
[INFO] Setting clock transition to: 0.1499999999999999944488848768742172978818416595458984375
[INFO] Setting timing derate to: 5%
Reading top-level design parasitics for the 'nom_ff_n40C_1v95' corner at '/home/yaser/CMOS_Tapeouts/control_unit/runs/RUN_2026-04-04_09-19-09/53-openroad-rcx/nom/control_unit.nom.spef'…
%OL_CREATE_REPORT min.rpt

===========================================================================
report_checks -path_delay min (Hold)
============================================================================
======================= nom_ff_n40C_1v95 Corner ===================================

Startpoint: _9_ (rising edge-triggered flip-flop clocked by clk)
Endpoint: _8_ (rising edge-triggered flip-flop clocked by clk)
Path Group: clk
Path Type: min

Fanout         Cap        Slew       Delay        Time   Description
---------------------------------------------------------------------------------------------
                                  0.000000    0.000000   clock clk (rise edge)
                                  0.000000    0.000000   clock source latency
     1    0.010354    0.039722    0.025985    0.025985 ^ clk (in)
                                                         clk (net)
                      0.039724    0.000000    0.025985 ^ clkbuf_0_clk/A (sky130_fd_sc_hd__clkbuf_16)
     2    0.018748    0.030351    0.086124    0.112109 ^ clkbuf_0_clk/X (sky130_fd_sc_hd__clkbuf_16)
                                                         clknet_0_clk (net)
                      0.030352    0.000303    0.112411 ^ clkbuf_1_1__f_clk/A (sky130_fd_sc_hd__clkbuf_16)
     1    0.002258    0.019009    0.071201    0.183613 ^ clkbuf_1_1__f_clk/X (sky130_fd_sc_hd__clkbuf_16)
                                                         clknet_1_1__leaf_clk (net)
                      0.019009    0.000064    0.183676 ^ _9_/CLK (sky130_fd_sc_hd__dfrtp_1)
     5    0.017389    0.120595    0.262005    0.445681 ^ _9_/Q (sky130_fd_sc_hd__dfrtp_1)
                                                         net6 (net)
                      0.120596    0.000615    0.446296 ^ _5_/A1 (sky130_fd_sc_hd__o21ba_1)
     1    0.002734    0.030247    0.089150    0.535446 ^ _5_/X (sky130_fd_sc_hd__o21ba_1)
                                                         next_state[0] (net)
                      0.030247    0.000081    0.535527 ^ _8_/D (sky130_fd_sc_hd__dfrtp_1)
                                              0.535527   data arrival time

                                  0.000000    0.000000   clock clk (rise edge)
                                  0.000000    0.000000   clock source latency
     1    0.010354    0.039722    0.025985    0.025985 ^ clk (in)
                                                         clk (net)
                      0.039724    0.000000    0.025985 ^ clkbuf_0_clk/A (sky130_fd_sc_hd__clkbuf_16)
     2    0.018748    0.030351    0.086124    0.112109 ^ clkbuf_0_clk/X (sky130_fd_sc_hd__clkbuf_16)
                                                         clknet_0_clk (net)
                      0.030352    0.000350    0.112459 ^ clkbuf_1_0__f_clk/A (sky130_fd_sc_hd__clkbuf_16)
     1    0.002154    0.018931    0.071112    0.183571 ^ clkbuf_1_0__f_clk/X (sky130_fd_sc_hd__clkbuf_16)
                                                         clknet_1_0__leaf_clk (net)
                      0.018931    0.000061    0.183631 ^ _8_/CLK (sky130_fd_sc_hd__dfrtp_1)
                                  0.250000    0.433631   clock uncertainty
                                  0.000000    0.433631   clock reconvergence pessimism
                                 -0.020054    0.413577   library hold time
                                              0.413577   data required time
---------------------------------------------------------------------------------------------
                                              0.413577   data required time
                                             -0.535527   data arrival time
---------------------------------------------------------------------------------------------
                                              0.121950   slack (MET)


Startpoint: _9_ (rising edge-triggered flip-flop clocked by clk)
Endpoint: _9_ (rising edge-triggered flip-flop clocked by clk)
Path Group: clk
Path Type: min

Fanout         Cap        Slew       Delay        Time   Description
---------------------------------------------------------------------------------------------
                                  0.000000    0.000000   clock clk (rise edge)
                                  0.000000    0.000000   clock source latency
     1    0.010354    0.039722    0.025985    0.025985 ^ clk (in)
                                                         clk (net)
                      0.039724    0.000000    0.025985 ^ clkbuf_0_clk/A (sky130_fd_sc_hd__clkbuf_16)
     2    0.018748    0.030351    0.086124    0.112109 ^ clkbuf_0_clk/X (sky130_fd_sc_hd__clkbuf_16)
                                                         clknet_0_clk (net)
                      0.030352    0.000303    0.112411 ^ clkbuf_1_1__f_clk/A (sky130_fd_sc_hd__clkbuf_16)
     1    0.002258    0.019009    0.071201    0.183613 ^ clkbuf_1_1__f_clk/X (sky130_fd_sc_hd__clkbuf_16)
                                                         clknet_1_1__leaf_clk (net)
                      0.019009    0.000064    0.183676 ^ _9_/CLK (sky130_fd_sc_hd__dfrtp_1)
     5    0.017389    0.120595    0.262005    0.445681 ^ _9_/Q (sky130_fd_sc_hd__dfrtp_1)
                                                         net6 (net)
                      0.120595    0.000550    0.446231 ^ _6_/B (sky130_fd_sc_hd__xor2_1)
     1    0.003008    0.025752    0.045342    0.491572 v _6_/X (sky130_fd_sc_hd__xor2_1)
                                                         next_state[1] (net)
                      0.025752    0.000091    0.491663 v hold2/A (sky130_fd_sc_hd__dlygate4sd3_1)
     1    0.003154    0.039736    0.360030    0.851693 v hold2/X (sky130_fd_sc_hd__dlygate4sd3_1)
                                                         net8 (net)
                      0.039736    0.000092    0.851785 v _9_/D (sky130_fd_sc_hd__dfrtp_1)
                                              0.851785   data arrival time

                                  0.000000    0.000000   clock clk (rise edge)
                                  0.000000    0.000000   clock source latency
     1    0.010354    0.039722    0.025985    0.025985 ^ clk (in)
                                                         clk (net)
                      0.039724    0.000000    0.025985 ^ clkbuf_0_clk/A (sky130_fd_sc_hd__clkbuf_16)
     2    0.018748    0.030351    0.086124    0.112109 ^ clkbuf_0_clk/X (sky130_fd_sc_hd__clkbuf_16)
                                                         clknet_0_clk (net)
                      0.030352    0.000303    0.112411 ^ clkbuf_1_1__f_clk/A (sky130_fd_sc_hd__clkbuf_16)
     1    0.002258    0.019009    0.071201    0.183613 ^ clkbuf_1_1__f_clk/X (sky130_fd_sc_hd__clkbuf_16)
                                                         clknet_1_1__leaf_clk (net)
                      0.019009    0.000064    0.183676 ^ _9_/CLK (sky130_fd_sc_hd__dfrtp_1)
                                  0.250000    0.433676   clock uncertainty
                                  0.000000    0.433676   clock reconvergence pessimism
                                 -0.036077    0.397599   library hold time
                                              0.397599   data required time
---------------------------------------------------------------------------------------------
                                              0.397599   data required time
                                             -0.851785   data arrival time
---------------------------------------------------------------------------------------------
                                              0.454186   slack (MET)


Startpoint: rst (input port clocked by clk)
Endpoint: _8_ (removal check against rising-edge clock clk)
Path Group: asynchronous
Path Type: min

Fanout         Cap        Slew       Delay        Time   Description
---------------------------------------------------------------------------------------------
                                  0.000000    0.000000   clock clk (rise edge)
                                  0.000000    0.000000   clock network delay (propagated)
                                  2.000000    2.000000 v input external delay
     1    0.002601    0.004430    0.002101    2.002100 v rst (in)
                                                         rst (net)
                      0.004430    0.000000    2.002100 v input1/A (sky130_fd_sc_hd__buf_1)
     2    0.011451    0.049149    0.073223    2.075324 v input1/X (sky130_fd_sc_hd__buf_1)
                                                         net1 (net)
                      0.049151    0.000352    2.075676 v _2_/A (sky130_fd_sc_hd__inv_2)
     1    0.003955    0.023247    0.037358    2.113034 ^ _2_/Y (sky130_fd_sc_hd__inv_2)
                                                         _0_ (net)
                      0.023247    0.000045    2.113079 ^ _8_/RESET_B (sky130_fd_sc_hd__dfrtp_1)
                                              2.113079   data arrival time

                                  0.000000    0.000000   clock clk (rise edge)
                                  0.000000    0.000000   clock source latency
     1    0.010354    0.039722    0.025985    0.025985 ^ clk (in)
                                                         clk (net)
                      0.039724    0.000000    0.025985 ^ clkbuf_0_clk/A (sky130_fd_sc_hd__clkbuf_16)
     2    0.018748    0.030351    0.086124    0.112109 ^ clkbuf_0_clk/X (sky130_fd_sc_hd__clkbuf_16)
                                                         clknet_0_clk (net)
                      0.030352    0.000350    0.112459 ^ clkbuf_1_0__f_clk/A (sky130_fd_sc_hd__clkbuf_16)
     1    0.002154    0.018931    0.071112    0.183571 ^ clkbuf_1_0__f_clk/X (sky130_fd_sc_hd__clkbuf_16)
                                                         clknet_1_0__leaf_clk (net)
                      0.018931    0.000061    0.183631 ^ _8_/CLK (sky130_fd_sc_hd__dfrtp_1)
                                  0.250000    0.433631   clock uncertainty
                                  0.000000    0.433631   clock reconvergence pessimism
                                  0.193449    0.627080   library removal time
                                              0.627080   data required time
---------------------------------------------------------------------------------------------
                                              0.627080   data required time
                                             -2.113079   data arrival time
---------------------------------------------------------------------------------------------
                                              1.485999   slack (MET)


Startpoint: rst (input port clocked by clk)
Endpoint: _9_ (removal check against rising-edge clock clk)
Path Group: asynchronous
Path Type: min

Fanout         Cap        Slew       Delay        Time   Description
---------------------------------------------------------------------------------------------
                                  0.000000    0.000000   clock clk (rise edge)
                                  0.000000    0.000000   clock network delay (propagated)
                                  2.000000    2.000000 v input external delay
     1    0.002601    0.004430    0.002101    2.002100 v rst (in)
                                                         rst (net)
                      0.004430    0.000000    2.002100 v input1/A (sky130_fd_sc_hd__buf_1)
     2    0.011451    0.049149    0.073223    2.075324 v input1/X (sky130_fd_sc_hd__buf_1)
                                                         net1 (net)
                      0.049149    0.000220    2.075544 v _7_/A (sky130_fd_sc_hd__inv_2)
     1    0.004123    0.023657    0.037870    2.113414 ^ _7_/Y (sky130_fd_sc_hd__inv_2)
                                                         _1_ (net)
                      0.023657    0.000084    2.113498 ^ _9_/RESET_B (sky130_fd_sc_hd__dfrtp_1)
                                              2.113498   data arrival time

                                  0.000000    0.000000   clock clk (rise edge)
                                  0.000000    0.000000   clock source latency
     1    0.010354    0.039722    0.025985    0.025985 ^ clk (in)
                                                         clk (net)
                      0.039724    0.000000    0.025985 ^ clkbuf_0_clk/A (sky130_fd_sc_hd__clkbuf_16)
     2    0.018748    0.030351    0.086124    0.112109 ^ clkbuf_0_clk/X (sky130_fd_sc_hd__clkbuf_16)
                                                         clknet_0_clk (net)
                      0.030352    0.000303    0.112411 ^ clkbuf_1_1__f_clk/A (sky130_fd_sc_hd__clkbuf_16)
     1    0.002258    0.019009    0.071201    0.183613 ^ clkbuf_1_1__f_clk/X (sky130_fd_sc_hd__clkbuf_16)
                                                         clknet_1_1__leaf_clk (net)
                      0.019009    0.000064    0.183676 ^ _9_/CLK (sky130_fd_sc_hd__dfrtp_1)
                                  0.250000    0.433676   clock uncertainty
                                  0.000000    0.433676   clock reconvergence pessimism
                                  0.193567    0.627243   library removal time
                                              0.627243   data required time
---------------------------------------------------------------------------------------------
                                              0.627243   data required time
                                             -2.113498   data arrival time
---------------------------------------------------------------------------------------------
                                              1.486255   slack (MET)


Startpoint: _8_ (rising edge-triggered flip-flop clocked by clk)
Endpoint: state_out[0] (output port clocked by clk)
Path Group: clk
Path Type: min

Fanout         Cap        Slew       Delay        Time   Description
---------------------------------------------------------------------------------------------
                                  0.000000    0.000000   clock clk (rise edge)
                                  0.000000    0.000000   clock source latency
     1    0.010354    0.039722    0.025985    0.025985 ^ clk (in)
                                                         clk (net)
                      0.039724    0.000000    0.025985 ^ clkbuf_0_clk/A (sky130_fd_sc_hd__clkbuf_16)
     2    0.018748    0.030351    0.086124    0.112109 ^ clkbuf_0_clk/X (sky130_fd_sc_hd__clkbuf_16)
                                                         clknet_0_clk (net)
                      0.030352    0.000350    0.112459 ^ clkbuf_1_0__f_clk/A (sky130_fd_sc_hd__clkbuf_16)
     1    0.002154    0.018931    0.071112    0.183571 ^ clkbuf_1_0__f_clk/X (sky130_fd_sc_hd__clkbuf_16)
                                                         clknet_1_0__leaf_clk (net)
                      0.018931    0.000061    0.183631 ^ _8_/CLK (sky130_fd_sc_hd__dfrtp_1)
     5    0.011134    0.053434    0.248112    0.431743 v _8_/Q (sky130_fd_sc_hd__dfrtp_1)
                                                         net5 (net)
                      0.053434    0.000273    0.432016 v output5/A (sky130_fd_sc_hd__buf_2)
     1    0.034170    0.062655    0.126442    0.558458 v output5/X (sky130_fd_sc_hd__buf_2)
                                                         state_out[0] (net)
                      0.062663    0.000706    0.559164 v state_out[0] (out)
                                              0.559164   data arrival time

                                  0.000000    0.000000   clock clk (rise edge)
                                  0.000000    0.000000   clock network delay (propagated)
                                  0.250000    0.250000   clock uncertainty
                                  0.000000    0.250000   clock reconvergence pessimism
                                 -2.000000   -1.750000   output external delay
                                             -1.750000   data required time
---------------------------------------------------------------------------------------------
                                             -1.750000   data required time
                                             -0.559164   data arrival time
---------------------------------------------------------------------------------------------
                                              2.309164   slack (MET)


Startpoint: _9_ (rising edge-triggered flip-flop clocked by clk)
Endpoint: state_out[1] (output port clocked by clk)
Path Group: clk
Path Type: min

Fanout         Cap        Slew       Delay        Time   Description
---------------------------------------------------------------------------------------------
                                  0.000000    0.000000   clock clk (rise edge)
                                  0.000000    0.000000   clock source latency
     1    0.010354    0.039722    0.025985    0.025985 ^ clk (in)
                                                         clk (net)
                      0.039724    0.000000    0.025985 ^ clkbuf_0_clk/A (sky130_fd_sc_hd__clkbuf_16)
     2    0.018748    0.030351    0.086124    0.112109 ^ clkbuf_0_clk/X (sky130_fd_sc_hd__clkbuf_16)
                                                         clknet_0_clk (net)
                      0.030352    0.000303    0.112411 ^ clkbuf_1_1__f_clk/A (sky130_fd_sc_hd__clkbuf_16)
     1    0.002258    0.019009    0.071201    0.183613 ^ clkbuf_1_1__f_clk/X (sky130_fd_sc_hd__clkbuf_16)
                                                         clknet_1_1__leaf_clk (net)
                      0.019009    0.000064    0.183676 ^ _9_/CLK (sky130_fd_sc_hd__dfrtp_1)
     5    0.016359    0.068840    0.262221    0.445897 v _9_/Q (sky130_fd_sc_hd__dfrtp_1)
                                                         net6 (net)
                      0.068840    0.000194    0.446091 v output6/A (sky130_fd_sc_hd__buf_2)
     1    0.034033    0.062469    0.132579    0.578670 v output6/X (sky130_fd_sc_hd__buf_2)
                                                         state_out[1] (net)
                      0.062476    0.000635    0.579304 v state_out[1] (out)
                                              0.579304   data arrival time

                                  0.000000    0.000000   clock clk (rise edge)
                                  0.000000    0.000000   clock network delay (propagated)
                                  0.250000    0.250000   clock uncertainty
                                  0.000000    0.250000   clock reconvergence pessimism
                                 -2.000000   -1.750000   output external delay
                                             -1.750000   data required time
---------------------------------------------------------------------------------------------
                                             -1.750000   data required time
                                             -0.579304   data arrival time
---------------------------------------------------------------------------------------------
                                              2.329304   slack (MET)


Startpoint: _8_ (rising edge-triggered flip-flop clocked by clk)
Endpoint: busy (output port clocked by clk)
Path Group: clk
Path Type: min

Fanout         Cap        Slew       Delay        Time   Description
---------------------------------------------------------------------------------------------
                                  0.000000    0.000000   clock clk (rise edge)
                                  0.000000    0.000000   clock source latency
     1    0.010354    0.039722    0.025985    0.025985 ^ clk (in)
                                                         clk (net)
                      0.039724    0.000000    0.025985 ^ clkbuf_0_clk/A (sky130_fd_sc_hd__clkbuf_16)
     2    0.018748    0.030351    0.086124    0.112109 ^ clkbuf_0_clk/X (sky130_fd_sc_hd__clkbuf_16)
                                                         clknet_0_clk (net)
                      0.030352    0.000350    0.112459 ^ clkbuf_1_0__f_clk/A (sky130_fd_sc_hd__clkbuf_16)
     1    0.002154    0.018931    0.071112    0.183571 ^ clkbuf_1_0__f_clk/X (sky130_fd_sc_hd__clkbuf_16)
                                                         clknet_1_0__leaf_clk (net)
                      0.018931    0.000061    0.183631 ^ _8_/CLK (sky130_fd_sc_hd__dfrtp_1)
     5    0.011853    0.085467    0.237047    0.420678 ^ _8_/Q (sky130_fd_sc_hd__dfrtp_1)
                                                         net5 (net)
                      0.085467    0.000258    0.420937 ^ _3_/A (sky130_fd_sc_hd__or2_1)
     1    0.002840    0.029914    0.071239    0.492176 ^ _3_/X (sky130_fd_sc_hd__or2_1)
                                                         net3 (net)
                      0.029914    0.000086    0.492262 ^ output3/A (sky130_fd_sc_hd__buf_2)
     1    0.034401    0.128750    0.137133    0.629395 ^ output3/X (sky130_fd_sc_hd__buf_2)
                                                         busy (net)
                      0.128757    0.000789    0.630184 ^ busy (out)
                                              0.630184   data arrival time

                                  0.000000    0.000000   clock clk (rise edge)
                                  0.000000    0.000000   clock network delay (propagated)
                                  0.250000    0.250000   clock uncertainty
                                  0.000000    0.250000   clock reconvergence pessimism
                                 -2.000000   -1.750000   output external delay
                                             -1.750000   data required time
---------------------------------------------------------------------------------------------
                                             -1.750000   data required time
                                             -0.630184   data arrival time
---------------------------------------------------------------------------------------------
                                              2.380184   slack (MET)


Startpoint: _8_ (rising edge-triggered flip-flop clocked by clk)
Endpoint: done (output port clocked by clk)
Path Group: clk
Path Type: min

Fanout         Cap        Slew       Delay        Time   Description
---------------------------------------------------------------------------------------------
                                  0.000000    0.000000   clock clk (rise edge)
                                  0.000000    0.000000   clock source latency
     1    0.010354    0.039722    0.025985    0.025985 ^ clk (in)
                                                         clk (net)
                      0.039724    0.000000    0.025985 ^ clkbuf_0_clk/A (sky130_fd_sc_hd__clkbuf_16)
     2    0.018748    0.030351    0.086124    0.112109 ^ clkbuf_0_clk/X (sky130_fd_sc_hd__clkbuf_16)
                                                         clknet_0_clk (net)
                      0.030352    0.000350    0.112459 ^ clkbuf_1_0__f_clk/A (sky130_fd_sc_hd__clkbuf_16)
     1    0.002154    0.018931    0.071112    0.183571 ^ clkbuf_1_0__f_clk/X (sky130_fd_sc_hd__clkbuf_16)
                                                         clknet_1_0__leaf_clk (net)
                      0.018931    0.000061    0.183631 ^ _8_/CLK (sky130_fd_sc_hd__dfrtp_1)
     5    0.011134    0.053434    0.248112    0.431743 v _8_/Q (sky130_fd_sc_hd__dfrtp_1)
                                                         net5 (net)
                      0.053434    0.000253    0.431996 v _4_/A (sky130_fd_sc_hd__and2_1)
     1    0.002410    0.022474    0.089783    0.521779 v _4_/X (sky130_fd_sc_hd__and2_1)
                                                         net4 (net)
                      0.022474    0.000069    0.521848 v output4/A (sky130_fd_sc_hd__buf_2)
     1    0.034460    0.063109    0.114371    0.636218 v output4/X (sky130_fd_sc_hd__buf_2)
                                                         done (net)
                      0.063119    0.000793    0.637011 v done (out)
                                              0.637011   data arrival time

                                  0.000000    0.000000   clock clk (rise edge)
                                  0.000000    0.000000   clock network delay (propagated)
                                  0.250000    0.250000   clock uncertainty
                                  0.000000    0.250000   clock reconvergence pessimism
                                 -2.000000   -1.750000   output external delay
                                             -1.750000   data required time
---------------------------------------------------------------------------------------------
                                             -1.750000   data required time
                                             -0.637011   data arrival time
---------------------------------------------------------------------------------------------
                                              2.387011   slack (MET)



%OL_END_REPORT
%OL_CREATE_REPORT max.rpt

===========================================================================
report_checks -path_delay max (Setup)
============================================================================
======================= nom_ff_n40C_1v95 Corner ===================================

Startpoint: _9_ (rising edge-triggered flip-flop clocked by clk)
Endpoint: busy (output port clocked by clk)
Path Group: clk
Path Type: max

Fanout         Cap        Slew       Delay        Time   Description
---------------------------------------------------------------------------------------------
                                  0.000000    0.000000   clock clk (rise edge)
                                  0.000000    0.000000   clock source latency
     1    0.010354    0.039722    0.025985    0.025985 ^ clk (in)
                                                         clk (net)
                      0.039724    0.000000    0.025985 ^ clkbuf_0_clk/A (sky130_fd_sc_hd__clkbuf_16)
     2    0.018748    0.030351    0.086124    0.112109 ^ clkbuf_0_clk/X (sky130_fd_sc_hd__clkbuf_16)
                                                         clknet_0_clk (net)
                      0.030352    0.000303    0.112411 ^ clkbuf_1_1__f_clk/A (sky130_fd_sc_hd__clkbuf_16)
     1    0.002258    0.019009    0.071201    0.183613 ^ clkbuf_1_1__f_clk/X (sky130_fd_sc_hd__clkbuf_16)
                                                         clknet_1_1__leaf_clk (net)
                      0.019009    0.000064    0.183676 ^ _9_/CLK (sky130_fd_sc_hd__dfrtp_1)
     5    0.016359    0.068840    0.262221    0.445897 v _9_/Q (sky130_fd_sc_hd__dfrtp_1)
                                                         net6 (net)
                      0.068842    0.000523    0.446420 v _3_/B (sky130_fd_sc_hd__or2_1)
     1    0.002681    0.031794    0.130831    0.577251 v _3_/X (sky130_fd_sc_hd__or2_1)
                                                         net3 (net)
                      0.031794    0.000081    0.577332 v output3/A (sky130_fd_sc_hd__buf_2)
     1    0.034401    0.063024    0.118005    0.695337 v output3/X (sky130_fd_sc_hd__buf_2)
                                                         busy (net)
                      0.063034    0.000788    0.696125 v busy (out)
                                              0.696125   data arrival time

                                 10.000000   10.000000   clock clk (rise edge)
                                  0.000000   10.000000   clock network delay (propagated)
                                 -0.250000    9.750000   clock uncertainty
                                  0.000000    9.750000   clock reconvergence pessimism
                                 -2.000000    7.750000   output external delay
                                              7.750000   data required time
---------------------------------------------------------------------------------------------
                                              7.750000   data required time
                                             -0.696125   data arrival time
---------------------------------------------------------------------------------------------
                                              7.053875   slack (MET)


Startpoint: _9_ (rising edge-triggered flip-flop clocked by clk)
Endpoint: done (output port clocked by clk)
Path Group: clk
Path Type: max

Fanout         Cap        Slew       Delay        Time   Description
---------------------------------------------------------------------------------------------
                                  0.000000    0.000000   clock clk (rise edge)
                                  0.000000    0.000000   clock source latency
     1    0.010354    0.039722    0.025985    0.025985 ^ clk (in)
                                                         clk (net)
                      0.039724    0.000000    0.025985 ^ clkbuf_0_clk/A (sky130_fd_sc_hd__clkbuf_16)
     2    0.018748    0.030351    0.086124    0.112109 ^ clkbuf_0_clk/X (sky130_fd_sc_hd__clkbuf_16)
                                                         clknet_0_clk (net)
                      0.030352    0.000303    0.112411 ^ clkbuf_1_1__f_clk/A (sky130_fd_sc_hd__clkbuf_16)
     1    0.002258    0.019009    0.071201    0.183613 ^ clkbuf_1_1__f_clk/X (sky130_fd_sc_hd__clkbuf_16)
                                                         clknet_1_1__leaf_clk (net)
                      0.019009    0.000064    0.183676 ^ _9_/CLK (sky130_fd_sc_hd__dfrtp_1)
     5    0.017389    0.120595    0.262005    0.445681 ^ _9_/Q (sky130_fd_sc_hd__dfrtp_1)
                                                         net6 (net)
                      0.120595    0.000569    0.446250 ^ _4_/B (sky130_fd_sc_hd__and2_1)
     1    0.002569    0.032457    0.087156    0.533406 ^ _4_/X (sky130_fd_sc_hd__and2_1)
                                                         net4 (net)
                      0.032457    0.000074    0.533480 ^ output4/A (sky130_fd_sc_hd__buf_2)
     1    0.034460    0.128900    0.138050    0.671530 ^ output4/X (sky130_fd_sc_hd__buf_2)
                                                         done (net)
                      0.128907    0.000794    0.672323 ^ done (out)
                                              0.672323   data arrival time

                                 10.000000   10.000000   clock clk (rise edge)
                                  0.000000   10.000000   clock network delay (propagated)
                                 -0.250000    9.750000   clock uncertainty
                                  0.000000    9.750000   clock reconvergence pessimism
                                 -2.000000    7.750000   output external delay
                                              7.750000   data required time
---------------------------------------------------------------------------------------------
                                              7.750000   data required time
                                             -0.672323   data arrival time
---------------------------------------------------------------------------------------------
                                              7.077676   slack (MET)


Startpoint: _9_ (rising edge-triggered flip-flop clocked by clk)
Endpoint: state_out[1] (output port clocked by clk)
Path Group: clk
Path Type: max

Fanout         Cap        Slew       Delay        Time   Description
---------------------------------------------------------------------------------------------
                                  0.000000    0.000000   clock clk (rise edge)
                                  0.000000    0.000000   clock source latency
     1    0.010354    0.039722    0.025985    0.025985 ^ clk (in)
                                                         clk (net)
                      0.039724    0.000000    0.025985 ^ clkbuf_0_clk/A (sky130_fd_sc_hd__clkbuf_16)
     2    0.018748    0.030351    0.086124    0.112109 ^ clkbuf_0_clk/X (sky130_fd_sc_hd__clkbuf_16)
                                                         clknet_0_clk (net)
                      0.030352    0.000303    0.112411 ^ clkbuf_1_1__f_clk/A (sky130_fd_sc_hd__clkbuf_16)
     1    0.002258    0.019009    0.071201    0.183613 ^ clkbuf_1_1__f_clk/X (sky130_fd_sc_hd__clkbuf_16)
                                                         clknet_1_1__leaf_clk (net)
                      0.019009    0.000064    0.183676 ^ _9_/CLK (sky130_fd_sc_hd__dfrtp_1)
     5    0.017389    0.120595    0.262005    0.445681 ^ _9_/Q (sky130_fd_sc_hd__dfrtp_1)
                                                         net6 (net)
                      0.120595    0.000207    0.445888 ^ output6/A (sky130_fd_sc_hd__buf_2)
     1    0.034033    0.127307    0.158844    0.604731 ^ output6/X (sky130_fd_sc_hd__buf_2)
                                                         state_out[1] (net)
                      0.127308    0.000635    0.605366 ^ state_out[1] (out)
                                              0.605366   data arrival time

                                 10.000000   10.000000   clock clk (rise edge)
                                  0.000000   10.000000   clock network delay (propagated)
                                 -0.250000    9.750000   clock uncertainty
                                  0.000000    9.750000   clock reconvergence pessimism
                                 -2.000000    7.750000   output external delay
                                              7.750000   data required time
---------------------------------------------------------------------------------------------
                                              7.750000   data required time
                                             -0.605366   data arrival time
---------------------------------------------------------------------------------------------
                                              7.144633   slack (MET)


Startpoint: _8_ (rising edge-triggered flip-flop clocked by clk)
Endpoint: state_out[0] (output port clocked by clk)
Path Group: clk
Path Type: max

Fanout         Cap        Slew       Delay        Time   Description
---------------------------------------------------------------------------------------------
                                  0.000000    0.000000   clock clk (rise edge)
                                  0.000000    0.000000   clock source latency
     1    0.010354    0.039722    0.025985    0.025985 ^ clk (in)
                                                         clk (net)
                      0.039724    0.000000    0.025985 ^ clkbuf_0_clk/A (sky130_fd_sc_hd__clkbuf_16)
     2    0.018748    0.030351    0.086124    0.112109 ^ clkbuf_0_clk/X (sky130_fd_sc_hd__clkbuf_16)
                                                         clknet_0_clk (net)
                      0.030352    0.000350    0.112459 ^ clkbuf_1_0__f_clk/A (sky130_fd_sc_hd__clkbuf_16)
     1    0.002154    0.018931    0.071112    0.183571 ^ clkbuf_1_0__f_clk/X (sky130_fd_sc_hd__clkbuf_16)
                                                         clknet_1_0__leaf_clk (net)
                      0.018931    0.000061    0.183631 ^ _8_/CLK (sky130_fd_sc_hd__dfrtp_1)
     5    0.011853    0.085467    0.237047    0.420678 ^ _8_/Q (sky130_fd_sc_hd__dfrtp_1)
                                                         net5 (net)
                      0.085467    0.000291    0.420970 ^ output5/A (sky130_fd_sc_hd__buf_2)
     1    0.034170    0.127760    0.151075    0.572045 ^ output5/X (sky130_fd_sc_hd__buf_2)
                                                         state_out[0] (net)
                      0.127804    0.000706    0.572751 ^ state_out[0] (out)
                                              0.572751   data arrival time

                                 10.000000   10.000000   clock clk (rise edge)
                                  0.000000   10.000000   clock network delay (propagated)
                                 -0.250000    9.750000   clock uncertainty
                                  0.000000    9.750000   clock reconvergence pessimism
                                 -2.000000    7.750000   output external delay
                                              7.750000   data required time
---------------------------------------------------------------------------------------------
                                              7.750000   data required time
                                             -0.572751   data arrival time
---------------------------------------------------------------------------------------------
                                              7.177249   slack (MET)


Startpoint: start (input port clocked by clk)
Endpoint: _8_ (rising edge-triggered flip-flop clocked by clk)
Path Group: clk
Path Type: max

Fanout         Cap        Slew       Delay        Time   Description
---------------------------------------------------------------------------------------------
                                  0.000000    0.000000   clock clk (rise edge)
                                  0.000000    0.000000   clock network delay (propagated)
                                  2.000000    2.000000 v input external delay
     1    0.002705    0.004582    0.002195    2.002195 v start (in)
                                                         start (net)
                      0.004582    0.000000    2.002195 v input2/A (sky130_fd_sc_hd__clkbuf_1)
     1    0.003597    0.021045    0.049380    2.051576 v input2/X (sky130_fd_sc_hd__clkbuf_1)
                                                         net2 (net)
                      0.021045    0.000109    2.051685 v _5_/A2 (sky130_fd_sc_hd__o21ba_1)
     1    0.002707    0.025290    0.097349    2.149034 v _5_/X (sky130_fd_sc_hd__o21ba_1)
                                                         next_state[0] (net)
                      0.025290    0.000080    2.149114 v _8_/D (sky130_fd_sc_hd__dfrtp_1)
                                              2.149114   data arrival time

                                 10.000000   10.000000   clock clk (rise edge)
                                  0.000000   10.000000   clock source latency
     1    0.010354    0.039722    0.025985   10.025985 ^ clk (in)
                                                         clk (net)
                      0.039724    0.000000   10.025985 ^ clkbuf_0_clk/A (sky130_fd_sc_hd__clkbuf_16)
     2    0.018748    0.030351    0.086124   10.112109 ^ clkbuf_0_clk/X (sky130_fd_sc_hd__clkbuf_16)
                                                         clknet_0_clk (net)
                      0.030352    0.000350   10.112459 ^ clkbuf_1_0__f_clk/A (sky130_fd_sc_hd__clkbuf_16)
     1    0.002154    0.018931    0.071112   10.183571 ^ clkbuf_1_0__f_clk/X (sky130_fd_sc_hd__clkbuf_16)
                                                         clknet_1_0__leaf_clk (net)
                      0.018931    0.000060   10.183631 ^ _8_/CLK (sky130_fd_sc_hd__dfrtp_1)
                                 -0.250000    9.933631   clock uncertainty
                                  0.000000    9.933631   clock reconvergence pessimism
                                 -0.071304    9.862327   library setup time
                                              9.862327   data required time
---------------------------------------------------------------------------------------------
                                              9.862327   data required time
                                             -2.149114   data arrival time
---------------------------------------------------------------------------------------------
                                              7.713212   slack (MET)


Startpoint: rst (input port clocked by clk)
Endpoint: _9_ (recovery check against rising-edge clock clk)
Path Group: asynchronous
Path Type: max

Fanout         Cap        Slew       Delay        Time   Description
---------------------------------------------------------------------------------------------
                                  0.000000    0.000000   clock clk (rise edge)
                                  0.000000    0.000000   clock network delay (propagated)
                                  2.000000    2.000000 v input external delay
     1    0.002601    0.004430    0.002101    2.002100 v rst (in)
                                                         rst (net)
                      0.004430    0.000000    2.002100 v input1/A (sky130_fd_sc_hd__buf_1)
     2    0.011451    0.049149    0.073223    2.075324 v input1/X (sky130_fd_sc_hd__buf_1)
                                                         net1 (net)
                      0.049149    0.000220    2.075544 v _7_/A (sky130_fd_sc_hd__inv_2)
     1    0.004123    0.023657    0.037870    2.113414 ^ _7_/Y (sky130_fd_sc_hd__inv_2)
                                                         _1_ (net)
                      0.023657    0.000084    2.113498 ^ _9_/RESET_B (sky130_fd_sc_hd__dfrtp_1)
                                              2.113498   data arrival time

                                 10.000000   10.000000   clock clk (rise edge)
                                  0.000000   10.000000   clock source latency
     1    0.010354    0.039722    0.025985   10.025985 ^ clk (in)
                                                         clk (net)
                      0.039724    0.000000   10.025985 ^ clkbuf_0_clk/A (sky130_fd_sc_hd__clkbuf_16)
     2    0.018748    0.030351    0.086124   10.112109 ^ clkbuf_0_clk/X (sky130_fd_sc_hd__clkbuf_16)
                                                         clknet_0_clk (net)
                      0.030352    0.000303   10.112411 ^ clkbuf_1_1__f_clk/A (sky130_fd_sc_hd__clkbuf_16)
     1    0.002258    0.019009    0.071201   10.183613 ^ clkbuf_1_1__f_clk/X (sky130_fd_sc_hd__clkbuf_16)
                                                         clknet_1_1__leaf_clk (net)
                      0.019009    0.000064   10.183677 ^ _9_/CLK (sky130_fd_sc_hd__dfrtp_1)
                                 -0.250000    9.933677   clock uncertainty
                                  0.000000    9.933677   clock reconvergence pessimism
                                  0.143257   10.076933   library recovery time
                                             10.076933   data required time
---------------------------------------------------------------------------------------------
                                             10.076933   data required time
                                             -2.113498   data arrival time
---------------------------------------------------------------------------------------------
                                              7.963436   slack (MET)


Startpoint: rst (input port clocked by clk)
Endpoint: _8_ (recovery check against rising-edge clock clk)
Path Group: asynchronous
Path Type: max

Fanout         Cap        Slew       Delay        Time   Description
---------------------------------------------------------------------------------------------
                                  0.000000    0.000000   clock clk (rise edge)
                                  0.000000    0.000000   clock network delay (propagated)
                                  2.000000    2.000000 v input external delay
     1    0.002601    0.004430    0.002101    2.002100 v rst (in)
                                                         rst (net)
                      0.004430    0.000000    2.002100 v input1/A (sky130_fd_sc_hd__buf_1)
     2    0.011451    0.049149    0.073223    2.075324 v input1/X (sky130_fd_sc_hd__buf_1)
                                                         net1 (net)
                      0.049151    0.000352    2.075676 v _2_/A (sky130_fd_sc_hd__inv_2)
     1    0.003955    0.023247    0.037358    2.113034 ^ _2_/Y (sky130_fd_sc_hd__inv_2)
                                                         _0_ (net)
                      0.023247    0.000045    2.113079 ^ _8_/RESET_B (sky130_fd_sc_hd__dfrtp_1)
                                              2.113079   data arrival time

                                 10.000000   10.000000   clock clk (rise edge)
                                  0.000000   10.000000   clock source latency
     1    0.010354    0.039722    0.025985   10.025985 ^ clk (in)
                                                         clk (net)
                      0.039724    0.000000   10.025985 ^ clkbuf_0_clk/A (sky130_fd_sc_hd__clkbuf_16)
     2    0.018748    0.030351    0.086124   10.112109 ^ clkbuf_0_clk/X (sky130_fd_sc_hd__clkbuf_16)
                                                         clknet_0_clk (net)
                      0.030352    0.000350   10.112459 ^ clkbuf_1_0__f_clk/A (sky130_fd_sc_hd__clkbuf_16)
     1    0.002154    0.018931    0.071112   10.183571 ^ clkbuf_1_0__f_clk/X (sky130_fd_sc_hd__clkbuf_16)
                                                         clknet_1_0__leaf_clk (net)
                      0.018931    0.000060   10.183631 ^ _8_/CLK (sky130_fd_sc_hd__dfrtp_1)
                                 -0.250000    9.933631   clock uncertainty
                                  0.000000    9.933631   clock reconvergence pessimism
                                  0.143322   10.076953   library recovery time
                                             10.076953   data required time
---------------------------------------------------------------------------------------------
                                             10.076953   data required time
                                             -2.113079   data arrival time
---------------------------------------------------------------------------------------------
                                              7.963874   slack (MET)


Startpoint: _8_ (rising edge-triggered flip-flop clocked by clk)
Endpoint: _9_ (rising edge-triggered flip-flop clocked by clk)
Path Group: clk
Path Type: max

Fanout         Cap        Slew       Delay        Time   Description
---------------------------------------------------------------------------------------------
                                  0.000000    0.000000   clock clk (rise edge)
                                  0.000000    0.000000   clock source latency
     1    0.010354    0.039722    0.025985    0.025985 ^ clk (in)
                                                         clk (net)
                      0.039724    0.000000    0.025985 ^ clkbuf_0_clk/A (sky130_fd_sc_hd__clkbuf_16)
     2    0.018748    0.030351    0.086124    0.112109 ^ clkbuf_0_clk/X (sky130_fd_sc_hd__clkbuf_16)
                                                         clknet_0_clk (net)
                      0.030352    0.000350    0.112459 ^ clkbuf_1_0__f_clk/A (sky130_fd_sc_hd__clkbuf_16)
     1    0.002154    0.018931    0.071112    0.183571 ^ clkbuf_1_0__f_clk/X (sky130_fd_sc_hd__clkbuf_16)
                                                         clknet_1_0__leaf_clk (net)
                      0.018931    0.000061    0.183631 ^ _8_/CLK (sky130_fd_sc_hd__dfrtp_1)
     5    0.011134    0.053434    0.248112    0.431743 v _8_/Q (sky130_fd_sc_hd__dfrtp_1)
                                                         net5 (net)
                      0.053434    0.000242    0.431984 v hold1/A (sky130_fd_sc_hd__dlygate4sd3_1)
     1    0.004899    0.045540    0.379067    0.811051 v hold1/X (sky130_fd_sc_hd__dlygate4sd3_1)
                                                         net7 (net)
                      0.045540    0.000143    0.811195 v _6_/A (sky130_fd_sc_hd__xor2_1)
     1    0.003008    0.044409    0.102924    0.914118 v _6_/X (sky130_fd_sc_hd__xor2_1)
                                                         next_state[1] (net)
                      0.044409    0.000091    0.914209 v hold2/A (sky130_fd_sc_hd__dlygate4sd3_1)
     1    0.003154    0.039566    0.367131    1.281340 v hold2/X (sky130_fd_sc_hd__dlygate4sd3_1)
                                                         net8 (net)
                      0.039566    0.000092    1.281432 v _9_/D (sky130_fd_sc_hd__dfrtp_1)
                                              1.281432   data arrival time

                                 10.000000   10.000000   clock clk (rise edge)
                                  0.000000   10.000000   clock source latency
     1    0.010354    0.039722    0.025985   10.025985 ^ clk (in)
                                                         clk (net)
                      0.039724    0.000000   10.025985 ^ clkbuf_0_clk/A (sky130_fd_sc_hd__clkbuf_16)
     2    0.018748    0.030351    0.086124   10.112109 ^ clkbuf_0_clk/X (sky130_fd_sc_hd__clkbuf_16)
                                                         clknet_0_clk (net)
                      0.030352    0.000303   10.112411 ^ clkbuf_1_1__f_clk/A (sky130_fd_sc_hd__clkbuf_16)
     1    0.002258    0.019009    0.071201   10.183613 ^ clkbuf_1_1__f_clk/X (sky130_fd_sc_hd__clkbuf_16)
                                                         clknet_1_1__leaf_clk (net)
                      0.019009    0.000064   10.183677 ^ _9_/CLK (sky130_fd_sc_hd__dfrtp_1)
                                 -0.250000    9.933677   clock uncertainty
                                  0.000000    9.933677   clock reconvergence pessimism
                                 -0.076398    9.857278   library setup time
                                              9.857278   data required time
---------------------------------------------------------------------------------------------
                                              9.857278   data required time
                                             -1.281432   data arrival time
---------------------------------------------------------------------------------------------
                                              8.575846   slack (MET)



%OL_END_REPORT
%OL_CREATE_REPORT checks.rpt

===========================================================================
report_checks -unconstrained
===========================================================================
======================= nom_ff_n40C_1v95 Corner ===================================

Startpoint: rst (input port clocked by clk)
Endpoint: _9_ (recovery check against rising-edge clock clk)
Path Group: asynchronous
Path Type: max

Fanout         Cap        Slew       Delay        Time   Description
---------------------------------------------------------------------------------------------
                                  0.000000    0.000000   clock clk (rise edge)
                                  0.000000    0.000000   clock network delay (propagated)
                                  2.000000    2.000000 v input external delay
     1    0.002601    0.004430    0.002101    2.002100 v rst (in)
                                                         rst (net)
                      0.004430    0.000000    2.002100 v input1/A (sky130_fd_sc_hd__buf_1)
     2    0.011451    0.049149    0.073223    2.075324 v input1/X (sky130_fd_sc_hd__buf_1)
                                                         net1 (net)
                      0.049149    0.000220    2.075544 v _7_/A (sky130_fd_sc_hd__inv_2)
     1    0.004123    0.023657    0.037870    2.113414 ^ _7_/Y (sky130_fd_sc_hd__inv_2)
                                                         _1_ (net)
                      0.023657    0.000084    2.113498 ^ _9_/RESET_B (sky130_fd_sc_hd__dfrtp_1)
                                              2.113498   data arrival time

                                 10.000000   10.000000   clock clk (rise edge)
                                  0.000000   10.000000   clock source latency
     1    0.010354    0.039722    0.025985   10.025985 ^ clk (in)
                                                         clk (net)
                      0.039724    0.000000   10.025985 ^ clkbuf_0_clk/A (sky130_fd_sc_hd__clkbuf_16)
     2    0.018748    0.030351    0.086124   10.112109 ^ clkbuf_0_clk/X (sky130_fd_sc_hd__clkbuf_16)
                                                         clknet_0_clk (net)
                      0.030352    0.000303   10.112411 ^ clkbuf_1_1__f_clk/A (sky130_fd_sc_hd__clkbuf_16)
     1    0.002258    0.019009    0.071201   10.183613 ^ clkbuf_1_1__f_clk/X (sky130_fd_sc_hd__clkbuf_16)
                                                         clknet_1_1__leaf_clk (net)
                      0.019009    0.000064   10.183677 ^ _9_/CLK (sky130_fd_sc_hd__dfrtp_1)
                                 -0.250000    9.933677   clock uncertainty
                                  0.000000    9.933677   clock reconvergence pessimism
                                  0.143257   10.076933   library recovery time
                                             10.076933   data required time
---------------------------------------------------------------------------------------------
                                             10.076933   data required time
                                             -2.113498   data arrival time
---------------------------------------------------------------------------------------------
                                              7.963436   slack (MET)


Startpoint: _9_ (rising edge-triggered flip-flop clocked by clk)
Endpoint: busy (output port clocked by clk)
Path Group: clk
Path Type: max

Fanout         Cap        Slew       Delay        Time   Description
---------------------------------------------------------------------------------------------
                                  0.000000    0.000000   clock clk (rise edge)
                                  0.000000    0.000000   clock source latency
     1    0.010354    0.039722    0.025985    0.025985 ^ clk (in)
                                                         clk (net)
                      0.039724    0.000000    0.025985 ^ clkbuf_0_clk/A (sky130_fd_sc_hd__clkbuf_16)
     2    0.018748    0.030351    0.086124    0.112109 ^ clkbuf_0_clk/X (sky130_fd_sc_hd__clkbuf_16)
                                                         clknet_0_clk (net)
                      0.030352    0.000303    0.112411 ^ clkbuf_1_1__f_clk/A (sky130_fd_sc_hd__clkbuf_16)
     1    0.002258    0.019009    0.071201    0.183613 ^ clkbuf_1_1__f_clk/X (sky130_fd_sc_hd__clkbuf_16)
                                                         clknet_1_1__leaf_clk (net)
                      0.019009    0.000064    0.183676 ^ _9_/CLK (sky130_fd_sc_hd__dfrtp_1)
     5    0.016359    0.068840    0.262221    0.445897 v _9_/Q (sky130_fd_sc_hd__dfrtp_1)
                                                         net6 (net)
                      0.068842    0.000523    0.446420 v _3_/B (sky130_fd_sc_hd__or2_1)
     1    0.002681    0.031794    0.130831    0.577251 v _3_/X (sky130_fd_sc_hd__or2_1)
                                                         net3 (net)
                      0.031794    0.000081    0.577332 v output3/A (sky130_fd_sc_hd__buf_2)
     1    0.034401    0.063024    0.118005    0.695337 v output3/X (sky130_fd_sc_hd__buf_2)
                                                         busy (net)
                      0.063034    0.000788    0.696125 v busy (out)
                                              0.696125   data arrival time

                                 10.000000   10.000000   clock clk (rise edge)
                                  0.000000   10.000000   clock network delay (propagated)
                                 -0.250000    9.750000   clock uncertainty
                                  0.000000    9.750000   clock reconvergence pessimism
                                 -2.000000    7.750000   output external delay
                                              7.750000   data required time
---------------------------------------------------------------------------------------------
                                              7.750000   data required time
                                             -0.696125   data arrival time
---------------------------------------------------------------------------------------------
                                              7.053875   slack (MET)




===========================================================================
report_checks --slack_max -0.01
============================================================================
======================= nom_ff_n40C_1v95 Corner ===================================

No paths found.


===========================================================================
 report_check_types -max_slew -max_cap -max_fanout -violators
============================================================================
======================= nom_ff_n40C_1v95 Corner ===================================



===========================================================================
report_parasitic_annotation -report_unannotated
============================================================================
Found 0 unannotated drivers.
Found 0 partially unannotated drivers.

===========================================================================
max slew violation count 0
%OL_METRIC_I design__max_slew_violation__count__corner:nom_ff_n40C_1v95 0
max fanout violation count 0
%OL_METRIC_I design__max_fanout_violation__count__corner:nom_ff_n40C_1v95 0
max cap violation count 0
%OL_METRIC_I design__max_cap_violation__count__corner:nom_ff_n40C_1v95 0
============================================================================

===========================================================================
check_setup -verbose -unconstrained_endpoints -multiple_clock -no_clock -no_input_delay -loops -generated_clocks
===========================================================================
%OL_END_REPORT
%OL_CREATE_REPORT power.rpt

===========================================================================
 report_power
============================================================================
======================= nom_ff_n40C_1v95 Corner ===================================

Group                    Internal    Switching      Leakage        Total
                            Power        Power        Power        Power (Watts)
------------------------------------------------------------------------
Sequential           1.468075e-05 5.559679e-06 2.834419e-11 2.024046e-05  14.1%
Combinational        2.435357e-05 3.192568e-05 1.488218e-10 5.627940e-05  39.2%
Clock                5.824316e-05 8.806445e-06 3.321231e-10 6.704994e-05  46.7%
Macro                0.000000e+00 0.000000e+00 0.000000e+00 0.000000e+00   0.0%
Pad                  0.000000e+00 0.000000e+00 0.000000e+00 0.000000e+00   0.0%
------------------------------------------------------------------------
Total                9.727747e-05 4.629181e-05 5.092890e-10 1.435698e-04 100.0%
                            67.8%        32.2%         0.0%
%OL_METRIC_F power__internal__total 9.727747237775475e-5
%OL_METRIC_F power__switching__total 4.629181057680398e-5
%OL_METRIC_F power__leakage__total 5.09288999861468e-10
%OL_METRIC_F power__total 0.00014356979227159172

%OL_END_REPORT
%OL_CREATE_REPORT skew.min.rpt

===========================================================================
Clock Skew (Hold)
============================================================================
%OL_METRIC_F clock__skew__worst_hold__corner:nom_ff_n40C_1v95 -0.2500449917893454
======================= nom_ff_n40C_1v95 Corner ===================================

Clock clk
0.183631 source latency _8_/CLK ^
-0.183676 target latency _9_/CLK ^
-0.250000 clock uncertainty
0.000000 CRPR
--------------
-0.250045 hold skew

%OL_END_REPORT
%OL_CREATE_REPORT skew.max.rpt

===========================================================================
Clock Skew (Setup)
============================================================================
%OL_METRIC_F clock__skew__worst_setup__corner:nom_ff_n40C_1v95 0.2500449917893454
======================= nom_ff_n40C_1v95 Corner ===================================

Clock clk
0.183676 source latency _9_/CLK ^
-0.183631 target latency _8_/CLK ^
0.250000 clock uncertainty
0.000000 CRPR
--------------
0.250045 setup skew

%OL_END_REPORT
%OL_CREATE_REPORT ws.min.rpt

===========================================================================
Worst Slack (Hold)
============================================================================
%OL_METRIC_F timing__hold__ws__corner:nom_ff_n40C_1v95 0.12194967603136114
nom_ff_n40C_1v95: 0.12194967603136114
%OL_END_REPORT
%OL_CREATE_REPORT ws.max.rpt

===========================================================================
Worst Slack (Setup)
============================================================================
%OL_METRIC_F timing__setup__ws__corner:nom_ff_n40C_1v95 7.05387546117278
nom_ff_n40C_1v95: 7.05387546117278
%OL_END_REPORT
%OL_CREATE_REPORT tns.min.rpt

===========================================================================
Total Negative Slack (Hold)
============================================================================
%OL_METRIC_F timing__hold__tns__corner:nom_ff_n40C_1v95 0.0
nom_ff_n40C_1v95: 0.0
%OL_END_REPORT
%OL_CREATE_REPORT tns.max.rpt

===========================================================================
Total Negative Slack (Setup)
============================================================================
%OL_METRIC_F timing__setup__tns__corner:nom_ff_n40C_1v95 0.0
nom_ff_n40C_1v95: 0.0
%OL_END_REPORT
%OL_CREATE_REPORT wns.min.rpt

===========================================================================
Worst Negative Slack (Hold)
============================================================================
%OL_METRIC_F timing__hold__wns__corner:nom_ff_n40C_1v95 0
nom_ff_n40C_1v95: 0
%OL_END_REPORT
%OL_CREATE_REPORT wns.max.rpt

===========================================================================
Worst Negative Slack (Setup)
============================================================================
%OL_METRIC_F timing__setup__wns__corner:nom_ff_n40C_1v95 0.0
nom_ff_n40C_1v95: 0.0
%OL_END_REPORT
%OL_CREATE_REPORT violator_list.rpt

===========================================================================
Violator List
============================================================================
%OL_METRIC_I timing__hold_vio__count__corner:nom_ff_n40C_1v95 0
%OL_METRIC_F timing__hold_r2r__ws__corner:nom_ff_n40C_1v95 0.121950
%OL_METRIC_I timing__hold_r2r_vio__count__corner:nom_ff_n40C_1v95 0
%OL_METRIC_I timing__setup_vio__count__corner:nom_ff_n40C_1v95 0
%OL_METRIC_F timing__setup_r2r__ws__corner:nom_ff_n40C_1v95 8.575846
%OL_METRIC_I timing__setup_r2r_vio__count__corner:nom_ff_n40C_1v95 0
%OL_END_REPORT
%OL_CREATE_REPORT unpropagated.rpt
%OL_END_REPORT
%OL_CREATE_REPORT clock.rpt
Clock: clk
Sources: clk 
Generated: no
Virtual: yes
Propagated: no
Period: 10.000000

===========================================================================
report_clock_properties
============================================================================
Clock                   Period          Waveform
----------------------------------------------------
clk                  10.000000    0.000000  5.000000

===========================================================================
report_clock_latency
============================================================================
Clock clk
rise -> rise
    min     max
0.000000 0.000000 source latency
0.183631         network latency _8_/CLK
        0.183676 network latency _9_/CLK
---------------
0.183631 0.183676 latency
        0.000045 skew

fall -> fall
    min     max
0.000000 0.000000 source latency
0.184877         network latency _8_/CLK
        0.184918 network latency _9_/CLK
---------------
0.184877 0.184918 latency
        0.000041 skew



===========================================================================
report_clock_min_period
============================================================================
clk period_min = 1.42 fmax = 702.17
%OL_END_REPORT
Writing SDF files for all corners…
Removing Clock latencies before writing libs…
Writing timing models for all corners…
Writing timing models for the nom_ff_n40C_1v95 corner to /home/yaser/CMOS_Tapeouts/control_unit/runs/RUN_2026-04-04_09-19-09/54-openroad-stapostpnr/nom_ff_n40C_1v95/control_unit__nom_ff_n40C_1v95.lib…
