Reading OpenROAD database at '/home/yaser/CMOS_Tapeouts/clb/runs/RUN_2026-06-01_14-01-11/20-openroad-generatepdn/clb.odb'…
Reading library file at '/home/yaser/.volare/volare/sky130/versions/0fe599b2afb6708d281543108caf8310912f54af/sky130A/libs.ref/sky130_fd_sc_hd/lib/sky130_fd_sc_hd__tt_025C_1v80.lib'…
Reading design constraints file at '/nix/store/ss2cw3sxbrwwx9jl0rrppbw4kgcmgi2n-python3-3.11.9-env/lib/python3.11/site-packages/openlane/scripts/base.sdc'…
[INFO] Using clock clk…
[INFO] Setting output delay to: 2.0
[INFO] Setting input delay to: 2.0
[INFO] Setting load to: 0.033442
[INFO] Setting clock uncertainty to: 0.25
[INFO] Setting clock transition to: 0.1499999999999999944488848768742172978818416595458984375
[INFO] Setting timing derate to: 5%
+ global_placement -density 0.45 -skip_io -pad_right 0 -pad_left 0 -init_wirelength_coef 0.25
[INFO GPL-0002] DBU: 1000
[INFO GPL-0003] SiteSize: (  0.460  2.720 ) um
[INFO GPL-0004] CoreBBox: (  5.520 10.880 ) ( 59.340 51.680 ) um
[INFO GPL-0006] NumInstances:                66
[INFO GPL-0007] NumPlaceInstances:            2
[INFO GPL-0008] NumFixedInstances:           64
[INFO GPL-0009] NumDummyInstances:            0
[INFO GPL-0010] NumNets:                     10
[INFO GPL-0011] NumPins:                      4
[INFO GPL-0012] DieBBox:  (  0.000  0.000 ) ( 65.000 65.000 ) um
[INFO GPL-0013] CoreBBox: (  5.520 10.880 ) ( 59.340 51.680 ) um
[INFO GPL-0016] CoreArea:              2195.856 um^2
[INFO GPL-0017] NonPlaceInstsArea:      155.149 um^2
[INFO GPL-0018] PlaceInstsArea:          11.261 um^2
[INFO GPL-0019] Util:                     0.552 %
[INFO GPL-0020] StdInstsArea:            11.261 um^2
[INFO GPL-0021] MacroInstsArea:           0.000 um^2
[INFO GPL-0031] FillerInit:NumGCells:       243
[INFO GPL-0032] FillerInit:NumGNets:         10
[INFO GPL-0033] FillerInit:NumGPins:          4
[INFO GPL-0023] TargetDensity:            0.450
[INFO GPL-0024] AvrgPlaceInstArea:        5.630 um^2
[INFO GPL-0025] IdealBinArea:            12.512 um^2
[INFO GPL-0026] IdealBinCnt:                175
[INFO GPL-0027] TotalBinArea:          2195.856 um^2
[INFO GPL-0028] BinCnt:         8      8
[INFO GPL-0029] BinSize: (  6.728  5.100 )
[INFO GPL-0030] NumBins: 64
[NesterovSolve] Iter:    1 overflow: 0.000 HPWL: 0
[NesterovSolve] Finished with Overflow: 0.000000
[INFO] Setting RC values…
Setting global connections for newly added cells…
[INFO] Setting global connections...
Updating metrics…
Cell type report:                       Count       Area
  Fill cell                                30     112.61
  Tap cell                                 34      42.54
  Multi-Input combinational cell            2      11.26
  Total                                    66     166.41
Writing OpenROAD database to '/home/yaser/CMOS_Tapeouts/clb/runs/RUN_2026-06-01_14-01-11/23-openroad-globalplacementskipio/clb.odb'…
Writing netlist to '/home/yaser/CMOS_Tapeouts/clb/runs/RUN_2026-06-01_14-01-11/23-openroad-globalplacementskipio/clb.nl.v'…
Writing powered netlist to '/home/yaser/CMOS_Tapeouts/clb/runs/RUN_2026-06-01_14-01-11/23-openroad-globalplacementskipio/clb.pnl.v'…
Writing layout to '/home/yaser/CMOS_Tapeouts/clb/runs/RUN_2026-06-01_14-01-11/23-openroad-globalplacementskipio/clb.def'…
Writing timing constraints to '/home/yaser/CMOS_Tapeouts/clb/runs/RUN_2026-06-01_14-01-11/23-openroad-globalplacementskipio/clb.sdc'…
