Clock: clk
Sources: clk 
Generated: no
Virtual: yes
Propagated: no
Period: 10.000000

===========================================================================
report_clock_properties
============================================================================
Clock                   Period          Waveform
----------------------------------------------------
clk                  10.000000    0.000000  5.000000

===========================================================================
report_clock_latency
============================================================================
Clock clk
rise -> rise
    min     max
0.000000 0.000000 source latency
0.184750         network latency _8_/CLK
        0.184786 network latency _9_/CLK
---------------
0.184750 0.184786 latency
        0.000036 skew

fall -> fall
    min     max
0.000000 0.000000 source latency
0.185702         network latency _8_/CLK
        0.185735 network latency _9_/CLK
---------------
0.185702 0.185735 latency
        0.000033 skew



===========================================================================
report_clock_min_period
============================================================================
clk period_min = 1.43 fmax = 700.72
