
===========================================================================
report_checks -path_delay max (Setup)
============================================================================
======================= max_ff_n40C_1v95 Corner ===================================

Startpoint: _9_ (rising edge-triggered flip-flop clocked by clk)
Endpoint: busy (output port clocked by clk)
Path Group: clk
Path Type: max

Fanout         Cap        Slew       Delay        Time   Description
---------------------------------------------------------------------------------------------
                                  0.000000    0.000000   clock clk (rise edge)
                                  0.000000    0.000000   clock source latency
     1    0.010509    0.040271    0.026483    0.026483 ^ clk (in)
                                                         clk (net)
                      0.040279    0.000000    0.026483 ^ clkbuf_0_clk/A (sky130_fd_sc_hd__clkbuf_16)
     2    0.018854    0.030413    0.086213    0.112695 ^ clkbuf_0_clk/X (sky130_fd_sc_hd__clkbuf_16)
                                                         clknet_0_clk (net)
                      0.030418    0.000685    0.113381 ^ clkbuf_1_1__f_clk/A (sky130_fd_sc_hd__clkbuf_16)
     1    0.002293    0.019038    0.071244    0.184625 ^ clkbuf_1_1__f_clk/X (sky130_fd_sc_hd__clkbuf_16)
                                                         clknet_1_1__leaf_clk (net)
                      0.019038    0.000161    0.184786 ^ _9_/CLK (sky130_fd_sc_hd__dfrtp_1)
     5    0.016722    0.070098    0.262875    0.447661 v _9_/Q (sky130_fd_sc_hd__dfrtp_1)
                                                         net6 (net)
                      0.070116    0.001085    0.448746 v _3_/B (sky130_fd_sc_hd__or2_1)
     1    0.002762    0.032084    0.131712    0.580459 v _3_/X (sky130_fd_sc_hd__or2_1)
                                                         net3 (net)
                      0.032084    0.000174    0.580633 v output3/A (sky130_fd_sc_hd__buf_2)
     1    0.034453    0.063064    0.117576    0.698209 v output3/X (sky130_fd_sc_hd__buf_2)
                                                         busy (net)
                      0.063118    0.001657    0.699866 v busy (out)
                                              0.699866   data arrival time

                                 10.000000   10.000000   clock clk (rise edge)
                                  0.000000   10.000000   clock network delay (propagated)
                                 -0.250000    9.750000   clock uncertainty
                                  0.000000    9.750000   clock reconvergence pessimism
                                 -2.000000    7.750000   output external delay
                                              7.750000   data required time
---------------------------------------------------------------------------------------------
                                              7.750000   data required time
                                             -0.699866   data arrival time
---------------------------------------------------------------------------------------------
                                              7.050134   slack (MET)


Startpoint: _9_ (rising edge-triggered flip-flop clocked by clk)
Endpoint: done (output port clocked by clk)
Path Group: clk
Path Type: max

Fanout         Cap        Slew       Delay        Time   Description
---------------------------------------------------------------------------------------------
                                  0.000000    0.000000   clock clk (rise edge)
                                  0.000000    0.000000   clock source latency
     1    0.010509    0.040271    0.026483    0.026483 ^ clk (in)
                                                         clk (net)
                      0.040279    0.000000    0.026483 ^ clkbuf_0_clk/A (sky130_fd_sc_hd__clkbuf_16)
     2    0.018854    0.030413    0.086213    0.112695 ^ clkbuf_0_clk/X (sky130_fd_sc_hd__clkbuf_16)
                                                         clknet_0_clk (net)
                      0.030418    0.000685    0.113381 ^ clkbuf_1_1__f_clk/A (sky130_fd_sc_hd__clkbuf_16)
     1    0.002293    0.019038    0.071244    0.184625 ^ clkbuf_1_1__f_clk/X (sky130_fd_sc_hd__clkbuf_16)
                                                         clknet_1_1__leaf_clk (net)
                      0.019038    0.000161    0.184786 ^ _9_/CLK (sky130_fd_sc_hd__dfrtp_1)
     5    0.017752    0.122981    0.263288    0.448074 ^ _9_/Q (sky130_fd_sc_hd__dfrtp_1)
                                                         net6 (net)
                      0.122991    0.001171    0.449245 ^ _4_/B (sky130_fd_sc_hd__and2_1)
     1    0.002626    0.032829    0.087782    0.537027 ^ _4_/X (sky130_fd_sc_hd__and2_1)
                                                         net4 (net)
                      0.032829    0.000191    0.537218 ^ output4/A (sky130_fd_sc_hd__buf_2)
     1    0.034519    0.128816    0.137766    0.674984 ^ output4/X (sky130_fd_sc_hd__buf_2)
                                                         done (net)
                      0.128847    0.001667    0.676651 ^ done (out)
                                              0.676651   data arrival time

                                 10.000000   10.000000   clock clk (rise edge)
                                  0.000000   10.000000   clock network delay (propagated)
                                 -0.250000    9.750000   clock uncertainty
                                  0.000000    9.750000   clock reconvergence pessimism
                                 -2.000000    7.750000   output external delay
                                              7.750000   data required time
---------------------------------------------------------------------------------------------
                                              7.750000   data required time
                                             -0.676651   data arrival time
---------------------------------------------------------------------------------------------
                                              7.073349   slack (MET)


Startpoint: _9_ (rising edge-triggered flip-flop clocked by clk)
Endpoint: state_out[1] (output port clocked by clk)
Path Group: clk
Path Type: max

Fanout         Cap        Slew       Delay        Time   Description
---------------------------------------------------------------------------------------------
                                  0.000000    0.000000   clock clk (rise edge)
                                  0.000000    0.000000   clock source latency
     1    0.010509    0.040271    0.026483    0.026483 ^ clk (in)
                                                         clk (net)
                      0.040279    0.000000    0.026483 ^ clkbuf_0_clk/A (sky130_fd_sc_hd__clkbuf_16)
     2    0.018854    0.030413    0.086213    0.112695 ^ clkbuf_0_clk/X (sky130_fd_sc_hd__clkbuf_16)
                                                         clknet_0_clk (net)
                      0.030418    0.000685    0.113381 ^ clkbuf_1_1__f_clk/A (sky130_fd_sc_hd__clkbuf_16)
     1    0.002293    0.019038    0.071244    0.184625 ^ clkbuf_1_1__f_clk/X (sky130_fd_sc_hd__clkbuf_16)
                                                         clknet_1_1__leaf_clk (net)
                      0.019038    0.000161    0.184786 ^ _9_/CLK (sky130_fd_sc_hd__dfrtp_1)
     5    0.017752    0.122981    0.263288    0.448074 ^ _9_/Q (sky130_fd_sc_hd__dfrtp_1)
                                                         net6 (net)
                      0.122981    0.000492    0.448566 ^ output6/A (sky130_fd_sc_hd__buf_2)
     1    0.034083    0.127173    0.158836    0.607402 ^ output6/X (sky130_fd_sc_hd__buf_2)
                                                         state_out[1] (net)
                      0.127244    0.001616    0.609019 ^ state_out[1] (out)
                                              0.609019   data arrival time

                                 10.000000   10.000000   clock clk (rise edge)
                                  0.000000   10.000000   clock network delay (propagated)
                                 -0.250000    9.750000   clock uncertainty
                                  0.000000    9.750000   clock reconvergence pessimism
                                 -2.000000    7.750000   output external delay
                                              7.750000   data required time
---------------------------------------------------------------------------------------------
                                              7.750000   data required time
                                             -0.609019   data arrival time
---------------------------------------------------------------------------------------------
                                              7.140981   slack (MET)


Startpoint: _8_ (rising edge-triggered flip-flop clocked by clk)
Endpoint: state_out[0] (output port clocked by clk)
Path Group: clk
Path Type: max

Fanout         Cap        Slew       Delay        Time   Description
---------------------------------------------------------------------------------------------
                                  0.000000    0.000000   clock clk (rise edge)
                                  0.000000    0.000000   clock source latency
     1    0.010509    0.040271    0.026483    0.026483 ^ clk (in)
                                                         clk (net)
                      0.040279    0.000000    0.026483 ^ clkbuf_0_clk/A (sky130_fd_sc_hd__clkbuf_16)
     2    0.018854    0.030413    0.086213    0.112695 ^ clkbuf_0_clk/X (sky130_fd_sc_hd__clkbuf_16)
                                                         clknet_0_clk (net)
                      0.030418    0.000747    0.113442 ^ clkbuf_1_0__f_clk/A (sky130_fd_sc_hd__clkbuf_16)
     1    0.002183    0.018955    0.071150    0.184592 ^ clkbuf_1_0__f_clk/X (sky130_fd_sc_hd__clkbuf_16)
                                                         clknet_1_0__leaf_clk (net)
                      0.018955    0.000157    0.184750 ^ _8_/CLK (sky130_fd_sc_hd__dfrtp_1)
     5    0.012074    0.086916    0.237814    0.422564 ^ _8_/Q (sky130_fd_sc_hd__dfrtp_1)
                                                         net5 (net)
                      0.086920    0.000706    0.423270 ^ output5/A (sky130_fd_sc_hd__buf_2)
     1    0.034210    0.127661    0.150876    0.574146 ^ output5/X (sky130_fd_sc_hd__buf_2)
                                                         state_out[0] (net)
                      0.127694    0.001703    0.575849 ^ state_out[0] (out)
                                              0.575849   data arrival time

                                 10.000000   10.000000   clock clk (rise edge)
                                  0.000000   10.000000   clock network delay (propagated)
                                 -0.250000    9.750000   clock uncertainty
                                  0.000000    9.750000   clock reconvergence pessimism
                                 -2.000000    7.750000   output external delay
                                              7.750000   data required time
---------------------------------------------------------------------------------------------
                                              7.750000   data required time
                                             -0.575849   data arrival time
---------------------------------------------------------------------------------------------
                                              7.174151   slack (MET)


Startpoint: start (input port clocked by clk)
Endpoint: _8_ (rising edge-triggered flip-flop clocked by clk)
Path Group: clk
Path Type: max

Fanout         Cap        Slew       Delay        Time   Description
---------------------------------------------------------------------------------------------
                                  0.000000    0.000000   clock clk (rise edge)
                                  0.000000    0.000000   clock network delay (propagated)
                                  2.000000    2.000000 v input external delay
     1    0.002751    0.004643    0.002275    2.002275 v start (in)
                                                         start (net)
                      0.004647    0.000000    2.002275 v input2/A (sky130_fd_sc_hd__clkbuf_1)
     1    0.003685    0.021348    0.049636    2.051911 v input2/X (sky130_fd_sc_hd__clkbuf_1)
                                                         net2 (net)
                      0.021350    0.000233    2.052144 v _5_/A2 (sky130_fd_sc_hd__o21ba_1)
     1    0.002775    0.025532    0.097719    2.149863 v _5_/X (sky130_fd_sc_hd__o21ba_1)
                                                         next_state[0] (net)
                      0.025533    0.000187    2.150050 v _8_/D (sky130_fd_sc_hd__dfrtp_1)
                                              2.150050   data arrival time

                                 10.000000   10.000000   clock clk (rise edge)
                                  0.000000   10.000000   clock source latency
     1    0.010509    0.040271    0.026483   10.026483 ^ clk (in)
                                                         clk (net)
                      0.040279    0.000000   10.026483 ^ clkbuf_0_clk/A (sky130_fd_sc_hd__clkbuf_16)
     2    0.018854    0.030413    0.086213   10.112696 ^ clkbuf_0_clk/X (sky130_fd_sc_hd__clkbuf_16)
                                                         clknet_0_clk (net)
                      0.030418    0.000746   10.113441 ^ clkbuf_1_0__f_clk/A (sky130_fd_sc_hd__clkbuf_16)
     1    0.002183    0.018955    0.071151   10.184593 ^ clkbuf_1_0__f_clk/X (sky130_fd_sc_hd__clkbuf_16)
                                                         clknet_1_0__leaf_clk (net)
                      0.018955    0.000157   10.184751 ^ _8_/CLK (sky130_fd_sc_hd__dfrtp_1)
                                 -0.250000    9.934751   clock uncertainty
                                  0.000000    9.934751   clock reconvergence pessimism
                                 -0.071389    9.863361   library setup time
                                              9.863361   data required time
---------------------------------------------------------------------------------------------
                                              9.863361   data required time
                                             -2.150050   data arrival time
---------------------------------------------------------------------------------------------
                                              7.713311   slack (MET)


Startpoint: rst (input port clocked by clk)
Endpoint: _9_ (recovery check against rising-edge clock clk)
Path Group: asynchronous
Path Type: max

Fanout         Cap        Slew       Delay        Time   Description
---------------------------------------------------------------------------------------------
                                  0.000000    0.000000   clock clk (rise edge)
                                  0.000000    0.000000   clock network delay (propagated)
                                  2.000000    2.000000 v input external delay
     1    0.002631    0.004464    0.002166    2.002166 v rst (in)
                                                         rst (net)
                      0.004468    0.000000    2.002166 v input1/A (sky130_fd_sc_hd__buf_1)
     2    0.011644    0.049931    0.073609    2.075775 v input1/X (sky130_fd_sc_hd__buf_1)
                                                         net1 (net)
                      0.049934    0.000448    2.076223 v _7_/A (sky130_fd_sc_hd__inv_2)
     1    0.004164    0.023904    0.038249    2.114472 ^ _7_/Y (sky130_fd_sc_hd__inv_2)
                                                         _1_ (net)
                      0.023906    0.000219    2.114691 ^ _9_/RESET_B (sky130_fd_sc_hd__dfrtp_1)
                                              2.114691   data arrival time

                                 10.000000   10.000000   clock clk (rise edge)
                                  0.000000   10.000000   clock source latency
     1    0.010509    0.040271    0.026483   10.026483 ^ clk (in)
                                                         clk (net)
                      0.040279    0.000000   10.026483 ^ clkbuf_0_clk/A (sky130_fd_sc_hd__clkbuf_16)
     2    0.018854    0.030413    0.086213   10.112696 ^ clkbuf_0_clk/X (sky130_fd_sc_hd__clkbuf_16)
                                                         clknet_0_clk (net)
                      0.030418    0.000685   10.113380 ^ clkbuf_1_1__f_clk/A (sky130_fd_sc_hd__clkbuf_16)
     1    0.002293    0.019038    0.071244   10.184625 ^ clkbuf_1_1__f_clk/X (sky130_fd_sc_hd__clkbuf_16)
                                                         clknet_1_1__leaf_clk (net)
                      0.019038    0.000162   10.184787 ^ _9_/CLK (sky130_fd_sc_hd__dfrtp_1)
                                 -0.250000    9.934787   clock uncertainty
                                  0.000000    9.934787   clock reconvergence pessimism
                                  0.143214   10.078001   library recovery time
                                             10.078001   data required time
---------------------------------------------------------------------------------------------
                                             10.078001   data required time
                                             -2.114691   data arrival time
---------------------------------------------------------------------------------------------
                                              7.963309   slack (MET)


Startpoint: rst (input port clocked by clk)
Endpoint: _8_ (recovery check against rising-edge clock clk)
Path Group: asynchronous
Path Type: max

Fanout         Cap        Slew       Delay        Time   Description
---------------------------------------------------------------------------------------------
                                  0.000000    0.000000   clock clk (rise edge)
                                  0.000000    0.000000   clock network delay (propagated)
                                  2.000000    2.000000 v input external delay
     1    0.002631    0.004464    0.002166    2.002166 v rst (in)
                                                         rst (net)
                      0.004468    0.000000    2.002166 v input1/A (sky130_fd_sc_hd__buf_1)
     2    0.011644    0.049931    0.073609    2.075775 v input1/X (sky130_fd_sc_hd__buf_1)
                                                         net1 (net)
                      0.049941    0.000697    2.076472 v _2_/A (sky130_fd_sc_hd__inv_2)
     1    0.003972    0.023427    0.037698    2.114171 ^ _2_/Y (sky130_fd_sc_hd__inv_2)
                                                         _0_ (net)
                      0.023427    0.000098    2.114269 ^ _8_/RESET_B (sky130_fd_sc_hd__dfrtp_1)
                                              2.114269   data arrival time

                                 10.000000   10.000000   clock clk (rise edge)
                                  0.000000   10.000000   clock source latency
     1    0.010509    0.040271    0.026483   10.026483 ^ clk (in)
                                                         clk (net)
                      0.040279    0.000000   10.026483 ^ clkbuf_0_clk/A (sky130_fd_sc_hd__clkbuf_16)
     2    0.018854    0.030413    0.086213   10.112696 ^ clkbuf_0_clk/X (sky130_fd_sc_hd__clkbuf_16)
                                                         clknet_0_clk (net)
                      0.030418    0.000746   10.113441 ^ clkbuf_1_0__f_clk/A (sky130_fd_sc_hd__clkbuf_16)
     1    0.002183    0.018955    0.071151   10.184593 ^ clkbuf_1_0__f_clk/X (sky130_fd_sc_hd__clkbuf_16)
                                                         clknet_1_0__leaf_clk (net)
                      0.018955    0.000157   10.184751 ^ _8_/CLK (sky130_fd_sc_hd__dfrtp_1)
                                 -0.250000    9.934751   clock uncertainty
                                  0.000000    9.934751   clock reconvergence pessimism
                                  0.143292   10.078042   library recovery time
                                             10.078042   data required time
---------------------------------------------------------------------------------------------
                                             10.078042   data required time
                                             -2.114269   data arrival time
---------------------------------------------------------------------------------------------
                                              7.963773   slack (MET)


Startpoint: _8_ (rising edge-triggered flip-flop clocked by clk)
Endpoint: _9_ (rising edge-triggered flip-flop clocked by clk)
Path Group: clk
Path Type: max

Fanout         Cap        Slew       Delay        Time   Description
---------------------------------------------------------------------------------------------
                                  0.000000    0.000000   clock clk (rise edge)
                                  0.000000    0.000000   clock source latency
     1    0.010509    0.040271    0.026483    0.026483 ^ clk (in)
                                                         clk (net)
                      0.040279    0.000000    0.026483 ^ clkbuf_0_clk/A (sky130_fd_sc_hd__clkbuf_16)
     2    0.018854    0.030413    0.086213    0.112695 ^ clkbuf_0_clk/X (sky130_fd_sc_hd__clkbuf_16)
                                                         clknet_0_clk (net)
                      0.030418    0.000747    0.113442 ^ clkbuf_1_0__f_clk/A (sky130_fd_sc_hd__clkbuf_16)
     1    0.002183    0.018955    0.071150    0.184592 ^ clkbuf_1_0__f_clk/X (sky130_fd_sc_hd__clkbuf_16)
                                                         clknet_1_0__leaf_clk (net)
                      0.018955    0.000157    0.184750 ^ _8_/CLK (sky130_fd_sc_hd__dfrtp_1)
     5    0.011355    0.054060    0.248536    0.433286 v _8_/Q (sky130_fd_sc_hd__dfrtp_1)
                                                         net5 (net)
                      0.054066    0.000614    0.433900 v hold1/A (sky130_fd_sc_hd__dlygate4sd3_1)
     1    0.004985    0.045808    0.379625    0.813525 v hold1/X (sky130_fd_sc_hd__dlygate4sd3_1)
                                                         net7 (net)
                      0.045814    0.000354    0.813879 v _6_/A (sky130_fd_sc_hd__xor2_1)
     1    0.003105    0.045196    0.103302    0.917181 v _6_/X (sky130_fd_sc_hd__xor2_1)
                                                         next_state[1] (net)
                      0.045196    0.000226    0.917407 v hold2/A (sky130_fd_sc_hd__dlygate4sd3_1)
     1    0.003220    0.039827    0.367796    1.285203 v hold2/X (sky130_fd_sc_hd__dlygate4sd3_1)
                                                         net8 (net)
                      0.039827    0.000203    1.285406 v _9_/D (sky130_fd_sc_hd__dfrtp_1)
                                              1.285406   data arrival time

                                 10.000000   10.000000   clock clk (rise edge)
                                  0.000000   10.000000   clock source latency
     1    0.010509    0.040271    0.026483   10.026483 ^ clk (in)
                                                         clk (net)
                      0.040279    0.000000   10.026483 ^ clkbuf_0_clk/A (sky130_fd_sc_hd__clkbuf_16)
     2    0.018854    0.030413    0.086213   10.112696 ^ clkbuf_0_clk/X (sky130_fd_sc_hd__clkbuf_16)
                                                         clknet_0_clk (net)
                      0.030418    0.000685   10.113380 ^ clkbuf_1_1__f_clk/A (sky130_fd_sc_hd__clkbuf_16)
     1    0.002293    0.019038    0.071244   10.184625 ^ clkbuf_1_1__f_clk/X (sky130_fd_sc_hd__clkbuf_16)
                                                         clknet_1_1__leaf_clk (net)
                      0.019038    0.000162   10.184787 ^ _9_/CLK (sky130_fd_sc_hd__dfrtp_1)
                                 -0.250000    9.934787   clock uncertainty
                                  0.000000    9.934787   clock reconvergence pessimism
                                 -0.076489    9.858297   library setup time
                                              9.858297   data required time
---------------------------------------------------------------------------------------------
                                              9.858297   data required time
                                             -1.285406   data arrival time
---------------------------------------------------------------------------------------------
                                              8.572892   slack (MET)



