Reading OpenROAD database at '/home/yaser/CMOS_Tapeouts/counter/runs/RUN_2026-04-03_19-53-56/47-odb-reportdisconnectedpins/counter.odb'…
Reading library file at '/home/yaser/.volare/volare/sky130/versions/0fe599b2afb6708d281543108caf8310912f54af/sky130A/libs.ref/sky130_fd_sc_hd/lib/sky130_fd_sc_hd__tt_025C_1v80.lib'…
Reading design constraints file at '/nix/store/ss2cw3sxbrwwx9jl0rrppbw4kgcmgi2n-python3-3.11.9-env/lib/python3.11/site-packages/openlane/scripts/base.sdc'…
[INFO] Using clock clk…
[INFO] Setting output delay to: 2.0
[INFO] Setting input delay to: 2.0
[INFO] Setting load to: 0.033442
[INFO] Setting clock uncertainty to: 0.25
[INFO] Setting clock transition to: 0.1499999999999999944488848768742172978818416595458984375
[INFO] Setting timing derate to: 5%
sky130_ef_sc_hd__decap_12 sky130_fd_sc_hd__decap_8 sky130_fd_sc_hd__decap_6 sky130_fd_sc_hd__decap_4 sky130_fd_sc_hd__decap_3 sky130_fd_sc_hd__fill*
[INFO DPL-0001] Placed 58 filler instances.
Setting global connections for newly added cells…
[INFO] Setting global connections...
Updating metrics…
Cell type report:                       Count       Area
  Fill cell                                78     506.74
  Tap cell                                 12      15.01
  Clock buffer                              3      75.07
  Timing Repair Buffer                      9      65.06
  Inverter                                  5      18.77
  Sequential cell                           4     100.10
  Multi-Input combinational cell            5      32.53
  Total                                   116     813.28
Writing OpenROAD database to '/home/yaser/CMOS_Tapeouts/counter/runs/RUN_2026-04-03_19-53-56/51-openroad-fillinsertion/counter.odb'…
Writing netlist to '/home/yaser/CMOS_Tapeouts/counter/runs/RUN_2026-04-03_19-53-56/51-openroad-fillinsertion/counter.nl.v'…
Writing powered netlist to '/home/yaser/CMOS_Tapeouts/counter/runs/RUN_2026-04-03_19-53-56/51-openroad-fillinsertion/counter.pnl.v'…
Writing layout to '/home/yaser/CMOS_Tapeouts/counter/runs/RUN_2026-04-03_19-53-56/51-openroad-fillinsertion/counter.def'…
Writing timing constraints to '/home/yaser/CMOS_Tapeouts/counter/runs/RUN_2026-04-03_19-53-56/51-openroad-fillinsertion/counter.sdc'…
