Clock: clk
Sources: clk 
Generated: no
Virtual: yes
Propagated: no
Period: 15.000000

===========================================================================
report_clock_properties
============================================================================
Clock                   Period          Waveform
----------------------------------------------------
clk                  15.000000    0.000000  7.500000

===========================================================================
report_clock_latency
============================================================================
Clock clk
rise -> rise
    min     max
0.000000 0.000000 source latency
0.207851         network latency _266_/CLK
        0.208952 network latency _279_/CLK
---------------
0.207851 0.208952 latency
        0.001100 skew

fall -> fall
    min     max
0.000000 0.000000 source latency
0.098711         network latency _266_/CLK
        0.099734 network latency _279_/CLK
---------------
0.098711 0.099734 latency
        0.001022 skew



===========================================================================
report_clock_min_period
============================================================================
clk period_min = 2.54 fmax = 393.80
