
===========================================================================
report_checks -path_delay min (Hold)
============================================================================
======================= nom_tt_025C_1v80 Corner ===================================

Startpoint: _260_ (rising edge-triggered flip-flop clocked by clk)
Endpoint: _260_ (rising edge-triggered flip-flop clocked by clk)
Path Group: clk
Path Type: min

Fanout         Cap        Slew       Delay        Time   Description
---------------------------------------------------------------------------------------------
                                  0.000000    0.000000   clock clk (rise edge)
                                  0.000000    0.000000   clock source latency
    25    0.066221    0.301300    0.207995    0.207995 ^ clk (in)
                                                         clk (net)
                      0.301300    0.000000    0.207995 ^ _260_/CLK (sky130_fd_sc_hd__dfxtp_2)
     5    0.016983    0.096238    0.437422    0.645417 ^ _260_/Q (sky130_fd_sc_hd__dfxtp_2)
                                                         state (net)
                      0.096238    0.000014    0.645430 ^ _206_/A (sky130_fd_sc_hd__nor2_2)
     1    0.001899    0.027278    0.043596    0.689026 v _206_/Y (sky130_fd_sc_hd__nor2_2)
                                                         _000_ (net)
                      0.027278    0.000002    0.689028 v _260_/D (sky130_fd_sc_hd__dfxtp_2)
                                              0.689028   data arrival time

                                  0.000000    0.000000   clock clk (rise edge)
                                  0.000000    0.000000   clock source latency
    25    0.066221    0.301300    0.207995    0.207995 ^ clk (in)
                                                         clk (net)
                      0.301300    0.000000    0.207995 ^ _260_/CLK (sky130_fd_sc_hd__dfxtp_2)
                                  0.250000    0.457995   clock uncertainty
                                  0.000000    0.457995   clock reconvergence pessimism
                                  0.018335    0.476330   library hold time
                                              0.476330   data required time
---------------------------------------------------------------------------------------------
                                              0.476330   data required time
                                             -0.689028   data arrival time
---------------------------------------------------------------------------------------------
                                              0.212698   slack (MET)


Startpoint: _264_ (rising edge-triggered flip-flop clocked by clk)
Endpoint: _264_ (rising edge-triggered flip-flop clocked by clk)
Path Group: clk
Path Type: min

Fanout         Cap        Slew       Delay        Time   Description
---------------------------------------------------------------------------------------------
                                  0.000000    0.000000   clock clk (rise edge)
                                  0.000000    0.000000   clock source latency
    25    0.066221    0.301300    0.208075    0.208075 ^ clk (in)
                                                         clk (net)
                      0.301301    0.000000    0.208075 ^ _264_/CLK (sky130_fd_sc_hd__dfxtp_2)
     3    0.040481    0.099903    0.459148    0.667223 v _264_/Q (sky130_fd_sc_hd__dfxtp_2)
                                                         pc[3] (net)
                      0.099903    0.000075    0.667298 v _203_/A (sky130_fd_sc_hd__inv_2)
     1    0.004551    0.040883    0.067366    0.734664 ^ _203_/Y (sky130_fd_sc_hd__inv_2)
                                                         _100_ (net)
                      0.040883    0.000000    0.734665 ^ _227_/A1 (sky130_fd_sc_hd__a211oi_2)
     1    0.001875    0.026040    0.046268    0.780933 v _227_/Y (sky130_fd_sc_hd__a211oi_2)
                                                         _004_ (net)
                      0.026040    0.000002    0.780935 v _264_/D (sky130_fd_sc_hd__dfxtp_2)
                                              0.780935   data arrival time

                                  0.000000    0.000000   clock clk (rise edge)
                                  0.000000    0.000000   clock source latency
    25    0.066221    0.301300    0.208075    0.208075 ^ clk (in)
                                                         clk (net)
                      0.301301    0.000000    0.208075 ^ _264_/CLK (sky130_fd_sc_hd__dfxtp_2)
                                  0.250000    0.458075   clock uncertainty
                                  0.000000    0.458075   clock reconvergence pessimism
                                  0.018844    0.476919   library hold time
                                              0.476919   data required time
---------------------------------------------------------------------------------------------
                                              0.476919   data required time
                                             -0.780935   data arrival time
---------------------------------------------------------------------------------------------
                                              0.304015   slack (MET)


Startpoint: _262_ (rising edge-triggered flip-flop clocked by clk)
Endpoint: _262_ (rising edge-triggered flip-flop clocked by clk)
Path Group: clk
Path Type: min

Fanout         Cap        Slew       Delay        Time   Description
---------------------------------------------------------------------------------------------
                                  0.000000    0.000000   clock clk (rise edge)
                                  0.000000    0.000000   clock source latency
    25    0.066221    0.301300    0.208197    0.208197 ^ clk (in)
                                                         clk (net)
                      0.301301    0.000000    0.208197 ^ _262_/CLK (sky130_fd_sc_hd__dfxtp_2)
     3    0.040644    0.100267    0.459383    0.667580 v _262_/Q (sky130_fd_sc_hd__dfxtp_2)
                                                         pc[1] (net)
                      0.100267    0.000114    0.667694 v _204_/A (sky130_fd_sc_hd__inv_2)
     1    0.004590    0.041098    0.067642    0.735336 ^ _204_/Y (sky130_fd_sc_hd__inv_2)
                                                         _101_ (net)
                      0.041098    0.000002    0.735338 ^ _221_/A1 (sky130_fd_sc_hd__a211oi_2)
     1    0.002009    0.026336    0.046817    0.782154 v _221_/Y (sky130_fd_sc_hd__a211oi_2)
                                                         _002_ (net)
                      0.026336    0.000003    0.782158 v _262_/D (sky130_fd_sc_hd__dfxtp_2)
                                              0.782158   data arrival time

                                  0.000000    0.000000   clock clk (rise edge)
                                  0.000000    0.000000   clock source latency
    25    0.066221    0.301300    0.208197    0.208197 ^ clk (in)
                                                         clk (net)
                      0.301301    0.000000    0.208197 ^ _262_/CLK (sky130_fd_sc_hd__dfxtp_2)
                                  0.250000    0.458197   clock uncertainty
                                  0.000000    0.458197   clock reconvergence pessimism
                                  0.018723    0.476920   library hold time
                                              0.476920   data required time
---------------------------------------------------------------------------------------------
                                              0.476920   data required time
                                             -0.782158   data arrival time
---------------------------------------------------------------------------------------------
                                              0.305238   slack (MET)


Startpoint: _267_ (rising edge-triggered flip-flop clocked by clk)
Endpoint: _267_ (rising edge-triggered flip-flop clocked by clk)
Path Group: clk
Path Type: min

Fanout         Cap        Slew       Delay        Time   Description
---------------------------------------------------------------------------------------------
                                  0.000000    0.000000   clock clk (rise edge)
                                  0.000000    0.000000   clock source latency
    25    0.066221    0.301300    0.207937    0.207937 ^ clk (in)
                                                         clk (net)
                      0.301300    0.000000    0.207937 ^ _267_/CLK (sky130_fd_sc_hd__dfxtp_2)
     3    0.040807    0.100605    0.459679    0.667616 v _267_/Q (sky130_fd_sc_hd__dfxtp_2)
                                                         pc[6] (net)
                      0.100605    0.000080    0.667696 v _236_/A1 (sky130_fd_sc_hd__o21ai_2)
     1    0.004827    0.049511    0.156410    0.824105 ^ _236_/Y (sky130_fd_sc_hd__o21ai_2)
                                                         _126_ (net)
                      0.049511    0.000002    0.824108 ^ _237_/B (sky130_fd_sc_hd__nor2_2)
     1    0.002028    0.016163    0.028369    0.852477 v _237_/Y (sky130_fd_sc_hd__nor2_2)
                                                         _007_ (net)
                      0.016163    0.000003    0.852480 v _267_/D (sky130_fd_sc_hd__dfxtp_2)
                                              0.852480   data arrival time

                                  0.000000    0.000000   clock clk (rise edge)
                                  0.000000    0.000000   clock source latency
    25    0.066221    0.301300    0.207937    0.207937 ^ clk (in)
                                                         clk (net)
                      0.301300    0.000000    0.207937 ^ _267_/CLK (sky130_fd_sc_hd__dfxtp_2)
                                  0.250000    0.457937   clock uncertainty
                                  0.000000    0.457937   clock reconvergence pessimism
                                  0.022906    0.480843   library hold time
                                              0.480843   data required time
---------------------------------------------------------------------------------------------
                                              0.480843   data required time
                                             -0.852480   data arrival time
---------------------------------------------------------------------------------------------
                                              0.371636   slack (MET)


Startpoint: _266_ (rising edge-triggered flip-flop clocked by clk)
Endpoint: _266_ (rising edge-triggered flip-flop clocked by clk)
Path Group: clk
Path Type: min

Fanout         Cap        Slew       Delay        Time   Description
---------------------------------------------------------------------------------------------
                                  0.000000    0.000000   clock clk (rise edge)
                                  0.000000    0.000000   clock source latency
    25    0.066221    0.301300    0.207851    0.207851 ^ clk (in)
                                                         clk (net)
                      0.301300    0.000000    0.207851 ^ _266_/CLK (sky130_fd_sc_hd__dfxtp_2)
     3    0.041007    0.101051    0.459974    0.667826 v _266_/Q (sky130_fd_sc_hd__dfxtp_2)
                                                         pc[5] (net)
                      0.101051    0.000091    0.667917 v _233_/A1 (sky130_fd_sc_hd__o21ai_2)
     1    0.004945    0.050163    0.157490    0.825407 ^ _233_/Y (sky130_fd_sc_hd__o21ai_2)
                                                         _124_ (net)
                      0.050163    0.000005    0.825412 ^ _234_/B (sky130_fd_sc_hd__nor2_2)
     1    0.001922    0.016086    0.028252    0.853665 v _234_/Y (sky130_fd_sc_hd__nor2_2)
                                                         _006_ (net)
                      0.016086    0.000002    0.853667 v _266_/D (sky130_fd_sc_hd__dfxtp_2)
                                              0.853667   data arrival time

                                  0.000000    0.000000   clock clk (rise edge)
                                  0.000000    0.000000   clock source latency
    25    0.066221    0.301300    0.207851    0.207851 ^ clk (in)
                                                         clk (net)
                      0.301300    0.000000    0.207851 ^ _266_/CLK (sky130_fd_sc_hd__dfxtp_2)
                                  0.250000    0.457851   clock uncertainty
                                  0.000000    0.457851   clock reconvergence pessimism
                                  0.022938    0.480790   library hold time
                                              0.480790   data required time
---------------------------------------------------------------------------------------------
                                              0.480790   data required time
                                             -0.853667   data arrival time
---------------------------------------------------------------------------------------------
                                              0.372877   slack (MET)


Startpoint: _281_ (rising edge-triggered flip-flop clocked by clk)
Endpoint: _273_ (rising edge-triggered flip-flop clocked by clk)
Path Group: clk
Path Type: min

Fanout         Cap        Slew       Delay        Time   Description
---------------------------------------------------------------------------------------------
                                  0.000000    0.000000   clock clk (rise edge)
                                  0.000000    0.000000   clock source latency
    25    0.066221    0.301300    0.208210    0.208210 ^ clk (in)
                                                         clk (net)
                      0.301301    0.000000    0.208210 ^ _281_/CLK (sky130_fd_sc_hd__dfxtp_2)
     4    0.016805    0.051845    0.415463    0.623673 v _281_/Q (sky130_fd_sc_hd__dfxtp_2)
                                                         acc[4] (net)
                      0.051845    0.000063    0.623736 v _202_/A (sky130_fd_sc_hd__inv_2)
     3    0.012538    0.062390    0.074404    0.698140 ^ _202_/Y (sky130_fd_sc_hd__inv_2)
                                                         _099_ (net)
                      0.062390    0.000045    0.698185 ^ _249_/A (sky130_fd_sc_hd__nand2_2)
     1    0.002596    0.027189    0.040249    0.738434 v _249_/Y (sky130_fd_sc_hd__nand2_2)
                                                         _028_ (net)
                      0.027189    0.000004    0.738438 v _250_/B1 (sky130_fd_sc_hd__o211a_2)
     1    0.001800    0.021745    0.115206    0.853644 v _250_/X (sky130_fd_sc_hd__o211a_2)
                                                         _013_ (net)
                      0.021745    0.000001    0.853645 v _273_/D (sky130_fd_sc_hd__dfxtp_2)
                                              0.853645   data arrival time

                                  0.000000    0.000000   clock clk (rise edge)
                                  0.000000    0.000000   clock source latency
    25    0.066221    0.301300    0.208755    0.208755 ^ clk (in)
                                                         clk (net)
                      0.301306    0.000000    0.208755 ^ _273_/CLK (sky130_fd_sc_hd__dfxtp_2)
                                  0.250000    0.458755   clock uncertainty
                                  0.000000    0.458755   clock reconvergence pessimism
                                  0.020612    0.479367   library hold time
                                              0.479367   data required time
---------------------------------------------------------------------------------------------
                                              0.479367   data required time
                                             -0.853645   data arrival time
---------------------------------------------------------------------------------------------
                                              0.374279   slack (MET)


Startpoint: _277_ (rising edge-triggered flip-flop clocked by clk)
Endpoint: _277_ (rising edge-triggered flip-flop clocked by clk)
Path Group: clk
Path Type: min

Fanout         Cap        Slew       Delay        Time   Description
---------------------------------------------------------------------------------------------
                                  0.000000    0.000000   clock clk (rise edge)
                                  0.000000    0.000000   clock source latency
    25    0.066221    0.301300    0.208233    0.208233 ^ clk (in)
                                                         clk (net)
                      0.301301    0.000000    0.208233 ^ _277_/CLK (sky130_fd_sc_hd__dfxtp_2)
     4    0.008992    0.036304    0.398467    0.606700 v _277_/Q (sky130_fd_sc_hd__dfxtp_2)
                                                         acc[0] (net)
                      0.036304    0.000020    0.606720 v _133_/B1 (sky130_fd_sc_hd__o21a_2)
     2    0.006857    0.034283    0.118160    0.724879 v _133_/X (sky130_fd_sc_hd__o21a_2)
                                                         _038_ (net)
                      0.034283    0.000020    0.724899 v _134_/B1 (sky130_fd_sc_hd__a21oi_2)
     1    0.004766    0.092169    0.103654    0.828553 ^ _134_/Y (sky130_fd_sc_hd__a21oi_2)
                                                         _039_ (net)
                      0.092169    0.000003    0.828557 ^ _136_/A (sky130_fd_sc_hd__nor2_2)
     1    0.001893    0.015494    0.042771    0.871328 v _136_/Y (sky130_fd_sc_hd__nor2_2)
                                                         _017_ (net)
                      0.015494    0.000002    0.871330 v _277_/D (sky130_fd_sc_hd__dfxtp_2)
                                              0.871330   data arrival time

                                  0.000000    0.000000   clock clk (rise edge)
                                  0.000000    0.000000   clock source latency
    25    0.066221    0.301300    0.208233    0.208233 ^ clk (in)
                                                         clk (net)
                      0.301301    0.000000    0.208233 ^ _277_/CLK (sky130_fd_sc_hd__dfxtp_2)
                                  0.250000    0.458233   clock uncertainty
                                  0.000000    0.458233   clock reconvergence pessimism
                                  0.023182    0.481415   library hold time
                                              0.481415   data required time
---------------------------------------------------------------------------------------------
                                              0.481415   data required time
                                             -0.871330   data arrival time
---------------------------------------------------------------------------------------------
                                              0.389914   slack (MET)


Startpoint: _277_ (rising edge-triggered flip-flop clocked by clk)
Endpoint: _269_ (rising edge-triggered flip-flop clocked by clk)
Path Group: clk
Path Type: min

Fanout         Cap        Slew       Delay        Time   Description
---------------------------------------------------------------------------------------------
                                  0.000000    0.000000   clock clk (rise edge)
                                  0.000000    0.000000   clock source latency
    25    0.066221    0.301300    0.208233    0.208233 ^ clk (in)
                                                         clk (net)
                      0.301301    0.000000    0.208233 ^ _277_/CLK (sky130_fd_sc_hd__dfxtp_2)
     4    0.009611    0.061560    0.411074    0.619307 ^ _277_/Q (sky130_fd_sc_hd__dfxtp_2)
                                                         acc[0] (net)
                      0.061560    0.000014    0.619321 ^ _241_/A1 (sky130_fd_sc_hd__mux2_1)
     1    0.001803    0.034908    0.114920    0.734240 ^ _241_/X (sky130_fd_sc_hd__mux2_1)
                                                         _129_ (net)
                      0.034908    0.000002    0.734242 ^ _242_/B (sky130_fd_sc_hd__and2_2)
     1    0.001913    0.033459    0.119974    0.854217 ^ _242_/X (sky130_fd_sc_hd__and2_2)
                                                         _009_ (net)
                      0.033459    0.000002    0.854219 ^ _269_/D (sky130_fd_sc_hd__dfxtp_2)
                                              0.854219   data arrival time

                                  0.000000    0.000000   clock clk (rise edge)
                                  0.000000    0.000000   clock source latency
    25    0.066221    0.301300    0.208228    0.208228 ^ clk (in)
                                                         clk (net)
                      0.301301    0.000000    0.208228 ^ _269_/CLK (sky130_fd_sc_hd__dfxtp_2)
                                  0.250000    0.458228   clock uncertainty
                                  0.000000    0.458228   clock reconvergence pessimism
                                  0.004871    0.463099   library hold time
                                              0.463099   data required time
---------------------------------------------------------------------------------------------
                                              0.463099   data required time
                                             -0.854219   data arrival time
---------------------------------------------------------------------------------------------
                                              0.391119   slack (MET)


Startpoint: _283_ (rising edge-triggered flip-flop clocked by clk)
Endpoint: _275_ (rising edge-triggered flip-flop clocked by clk)
Path Group: clk
Path Type: min

Fanout         Cap        Slew       Delay        Time   Description
---------------------------------------------------------------------------------------------
                                  0.000000    0.000000   clock clk (rise edge)
                                  0.000000    0.000000   clock source latency
    25    0.066221    0.301300    0.208482    0.208482 ^ clk (in)
                                                         clk (net)
                      0.301303    0.000000    0.208482 ^ _283_/CLK (sky130_fd_sc_hd__dfxtp_2)
     5    0.011302    0.067483    0.417390    0.625872 ^ _283_/Q (sky130_fd_sc_hd__dfxtp_2)
                                                         acc[6] (net)
                      0.067483    0.000005    0.625876 ^ _253_/A1 (sky130_fd_sc_hd__mux2_1)
     1    0.001551    0.032908    0.114919    0.740796 ^ _253_/X (sky130_fd_sc_hd__mux2_1)
                                                         _030_ (net)
                      0.032908    0.000000    0.740796 ^ _254_/B (sky130_fd_sc_hd__and2_2)
     1    0.001707    0.032474    0.118314    0.859110 ^ _254_/X (sky130_fd_sc_hd__and2_2)
                                                         _015_ (net)
                      0.032474    0.000000    0.859110 ^ _275_/D (sky130_fd_sc_hd__dfxtp_2)
                                              0.859110   data arrival time

                                  0.000000    0.000000   clock clk (rise edge)
                                  0.000000    0.000000   clock source latency
    25    0.066221    0.301300    0.208526    0.208526 ^ clk (in)
                                                         clk (net)
                      0.301303    0.000000    0.208526 ^ _275_/CLK (sky130_fd_sc_hd__dfxtp_2)
                                  0.250000    0.458526   clock uncertainty
                                  0.000000    0.458526   clock reconvergence pessimism
                                  0.005069    0.463595   library hold time
                                              0.463595   data required time
---------------------------------------------------------------------------------------------
                                              0.463595   data required time
                                             -0.859110   data arrival time
---------------------------------------------------------------------------------------------
                                              0.395515   slack (MET)


Startpoint: _280_ (rising edge-triggered flip-flop clocked by clk)
Endpoint: _272_ (rising edge-triggered flip-flop clocked by clk)
Path Group: clk
Path Type: min

Fanout         Cap        Slew       Delay        Time   Description
---------------------------------------------------------------------------------------------
                                  0.000000    0.000000   clock clk (rise edge)
                                  0.000000    0.000000   clock source latency
    25    0.066221    0.301300    0.208851    0.208851 ^ clk (in)
                                                         clk (net)
                      0.301307    0.000000    0.208851 ^ _280_/CLK (sky130_fd_sc_hd__dfxtp_2)
     5    0.012014    0.070345    0.420053    0.628905 ^ _280_/Q (sky130_fd_sc_hd__dfxtp_2)
                                                         acc[3] (net)
                      0.070345    0.000002    0.628907 ^ _247_/A1 (sky130_fd_sc_hd__mux2_1)
     1    0.001581    0.033149    0.116133    0.745040 ^ _247_/X (sky130_fd_sc_hd__mux2_1)
                                                         _027_ (net)
                      0.033149    0.000000    0.745040 ^ _248_/B (sky130_fd_sc_hd__and2_2)
     1    0.001709    0.032482    0.118395    0.863436 ^ _248_/X (sky130_fd_sc_hd__and2_2)
                                                         _012_ (net)
                      0.032482    0.000000    0.863436 ^ _272_/D (sky130_fd_sc_hd__dfxtp_2)
                                              0.863436   data arrival time

                                  0.000000    0.000000   clock clk (rise edge)
                                  0.000000    0.000000   clock source latency
    25    0.066221    0.301300    0.208849    0.208849 ^ clk (in)
                                                         clk (net)
                      0.301307    0.000000    0.208849 ^ _272_/CLK (sky130_fd_sc_hd__dfxtp_2)
                                  0.250000    0.458849   clock uncertainty
                                  0.000000    0.458849   clock reconvergence pessimism
                                  0.005068    0.463916   library hold time
                                              0.463916   data required time
---------------------------------------------------------------------------------------------
                                              0.463916   data required time
                                             -0.863436   data arrival time
---------------------------------------------------------------------------------------------
                                              0.399520   slack (MET)


Startpoint: _283_ (rising edge-triggered flip-flop clocked by clk)
Endpoint: _283_ (rising edge-triggered flip-flop clocked by clk)
Path Group: clk
Path Type: min

Fanout         Cap        Slew       Delay        Time   Description
---------------------------------------------------------------------------------------------
                                  0.000000    0.000000   clock clk (rise edge)
                                  0.000000    0.000000   clock source latency
    25    0.066221    0.301300    0.208482    0.208482 ^ clk (in)
                                                         clk (net)
                      0.301303    0.000000    0.208482 ^ _283_/CLK (sky130_fd_sc_hd__dfxtp_2)
     5    0.010609    0.040156    0.402591    0.611073 v _283_/Q (sky130_fd_sc_hd__dfxtp_2)
                                                         acc[6] (net)
                      0.040156    0.000031    0.611104 v _192_/A1_N (sky130_fd_sc_hd__o2bb2a_2)
     1    0.005009    0.048789    0.245491    0.856595 ^ _192_/X (sky130_fd_sc_hd__o2bb2a_2)
                                                         _091_ (net)
                      0.048789    0.000006    0.856601 ^ _193_/B (sky130_fd_sc_hd__nor2_2)
     1    0.001954    0.015881    0.027988    0.884589 v _193_/Y (sky130_fd_sc_hd__nor2_2)
                                                         _023_ (net)
                      0.015881    0.000003    0.884592 v _283_/D (sky130_fd_sc_hd__dfxtp_2)
                                              0.884592   data arrival time

                                  0.000000    0.000000   clock clk (rise edge)
                                  0.000000    0.000000   clock source latency
    25    0.066221    0.301300    0.208482    0.208482 ^ clk (in)
                                                         clk (net)
                      0.301303    0.000000    0.208482 ^ _283_/CLK (sky130_fd_sc_hd__dfxtp_2)
                                  0.250000    0.458482   clock uncertainty
                                  0.000000    0.458482   clock reconvergence pessimism
                                  0.023023    0.481505   library hold time
                                              0.481505   data required time
---------------------------------------------------------------------------------------------
                                              0.481505   data required time
                                             -0.884592   data arrival time
---------------------------------------------------------------------------------------------
                                              0.403087   slack (MET)


Startpoint: _278_ (rising edge-triggered flip-flop clocked by clk)
Endpoint: _270_ (rising edge-triggered flip-flop clocked by clk)
Path Group: clk
Path Type: min

Fanout         Cap        Slew       Delay        Time   Description
---------------------------------------------------------------------------------------------
                                  0.000000    0.000000   clock clk (rise edge)
                                  0.000000    0.000000   clock source latency
    25    0.066221    0.301300    0.208950    0.208950 ^ clk (in)
                                                         clk (net)
                      0.301308    0.000000    0.208950 ^ _278_/CLK (sky130_fd_sc_hd__dfxtp_2)
     5    0.013332    0.076403    0.424704    0.633654 ^ _278_/Q (sky130_fd_sc_hd__dfxtp_2)
                                                         acc[1] (net)
                      0.076403    0.000030    0.633684 ^ _243_/A1 (sky130_fd_sc_hd__mux2_1)
     1    0.001593    0.033243    0.118283    0.751967 ^ _243_/X (sky130_fd_sc_hd__mux2_1)
                                                         _025_ (net)
                      0.033243    0.000000    0.751968 ^ _244_/B (sky130_fd_sc_hd__and2_2)
     1    0.001689    0.032384    0.118319    0.870287 ^ _244_/X (sky130_fd_sc_hd__and2_2)
                                                         _010_ (net)
                      0.032384    0.000000    0.870287 ^ _270_/D (sky130_fd_sc_hd__dfxtp_2)
                                              0.870287   data arrival time

                                  0.000000    0.000000   clock clk (rise edge)
                                  0.000000    0.000000   clock source latency
    25    0.066221    0.301300    0.208900    0.208900 ^ clk (in)
                                                         clk (net)
                      0.301307    0.000000    0.208900 ^ _270_/CLK (sky130_fd_sc_hd__dfxtp_2)
                                  0.250000    0.458900   clock uncertainty
                                  0.000000    0.458900   clock reconvergence pessimism
                                  0.005087    0.463988   library hold time
                                              0.463988   data required time
---------------------------------------------------------------------------------------------
                                              0.463988   data required time
                                             -0.870287   data arrival time
---------------------------------------------------------------------------------------------
                                              0.406299   slack (MET)


Startpoint: _284_ (rising edge-triggered flip-flop clocked by clk)
Endpoint: _276_ (rising edge-triggered flip-flop clocked by clk)
Path Group: clk
Path Type: min

Fanout         Cap        Slew       Delay        Time   Description
---------------------------------------------------------------------------------------------
                                  0.000000    0.000000   clock clk (rise edge)
                                  0.000000    0.000000   clock source latency
    25    0.066221    0.301300    0.208191    0.208191 ^ clk (in)
                                                         clk (net)
                      0.301301    0.000000    0.208191 ^ _284_/CLK (sky130_fd_sc_hd__dfxtp_2)
     5    0.014202    0.082866    0.427765    0.635956 ^ _284_/Q (sky130_fd_sc_hd__dfxtp_2)
                                                         acc[7] (net)
                      0.082866    0.000033    0.635990 ^ _255_/A1 (sky130_fd_sc_hd__mux2_1)
     1    0.001560    0.032985    0.120217    0.756207 ^ _255_/X (sky130_fd_sc_hd__mux2_1)
                                                         _031_ (net)
                      0.032985    0.000000    0.756207 ^ _256_/B (sky130_fd_sc_hd__and2_2)
     1    0.001832    0.033072    0.118977    0.875184 ^ _256_/X (sky130_fd_sc_hd__and2_2)
                                                         _016_ (net)
                      0.033072    0.000002    0.875185 ^ _276_/D (sky130_fd_sc_hd__dfxtp_2)
                                              0.875185   data arrival time

                                  0.000000    0.000000   clock clk (rise edge)
                                  0.000000    0.000000   clock source latency
    25    0.066221    0.301300    0.208450    0.208450 ^ clk (in)
                                                         clk (net)
                      0.301303    0.000000    0.208450 ^ _276_/CLK (sky130_fd_sc_hd__dfxtp_2)
                                  0.250000    0.458450   clock uncertainty
                                  0.000000    0.458450   clock reconvergence pessimism
                                  0.004949    0.463399   library hold time
                                              0.463399   data required time
---------------------------------------------------------------------------------------------
                                              0.463399   data required time
                                             -0.875185   data arrival time
---------------------------------------------------------------------------------------------
                                              0.411786   slack (MET)


Startpoint: _282_ (rising edge-triggered flip-flop clocked by clk)
Endpoint: _282_ (rising edge-triggered flip-flop clocked by clk)
Path Group: clk
Path Type: min

Fanout         Cap        Slew       Delay        Time   Description
---------------------------------------------------------------------------------------------
                                  0.000000    0.000000   clock clk (rise edge)
                                  0.000000    0.000000   clock source latency
    25    0.066221    0.301300    0.208678    0.208678 ^ clk (in)
                                                         clk (net)
                      0.301305    0.000000    0.208678 ^ _282_/CLK (sky130_fd_sc_hd__dfxtp_2)
     5    0.015987    0.050171    0.413907    0.622585 v _282_/Q (sky130_fd_sc_hd__dfxtp_2)
                                                         acc[5] (net)
                      0.050171    0.000051    0.622636 v _184_/A1_N (sky130_fd_sc_hd__o2bb2a_2)
     1    0.005006    0.048776    0.249923    0.872559 ^ _184_/X (sky130_fd_sc_hd__o2bb2a_2)
                                                         _084_ (net)
                      0.048776    0.000005    0.872565 ^ _185_/B (sky130_fd_sc_hd__nor2_2)
     1    0.001928    0.015829    0.027917    0.900482 v _185_/Y (sky130_fd_sc_hd__nor2_2)
                                                         _022_ (net)
                      0.015829    0.000002    0.900484 v _282_/D (sky130_fd_sc_hd__dfxtp_2)
                                              0.900484   data arrival time

                                  0.000000    0.000000   clock clk (rise edge)
                                  0.000000    0.000000   clock source latency
    25    0.066221    0.301300    0.208678    0.208678 ^ clk (in)
                                                         clk (net)
                      0.301305    0.000000    0.208678 ^ _282_/CLK (sky130_fd_sc_hd__dfxtp_2)
                                  0.250000    0.458678   clock uncertainty
                                  0.000000    0.458678   clock reconvergence pessimism
                                  0.023045    0.481723   library hold time
                                              0.481723   data required time
---------------------------------------------------------------------------------------------
                                              0.481723   data required time
                                             -0.900484   data arrival time
---------------------------------------------------------------------------------------------
                                              0.418761   slack (MET)


Startpoint: _282_ (rising edge-triggered flip-flop clocked by clk)
Endpoint: _274_ (rising edge-triggered flip-flop clocked by clk)
Path Group: clk
Path Type: min

Fanout         Cap        Slew       Delay        Time   Description
---------------------------------------------------------------------------------------------
                                  0.000000    0.000000   clock clk (rise edge)
                                  0.000000    0.000000   clock source latency
    25    0.066221    0.301300    0.208678    0.208678 ^ clk (in)
                                                         clk (net)
                      0.301305    0.000000    0.208678 ^ _282_/CLK (sky130_fd_sc_hd__dfxtp_2)
     5    0.017149    0.094648    0.437957    0.646635 ^ _282_/Q (sky130_fd_sc_hd__dfxtp_2)
                                                         acc[5] (net)
                      0.094648    0.000003    0.646639 ^ _251_/A1 (sky130_fd_sc_hd__mux2_1)
     1    0.001600    0.033297    0.124531    0.771169 ^ _251_/X (sky130_fd_sc_hd__mux2_1)
                                                         _029_ (net)
                      0.033297    0.000000    0.771170 ^ _252_/B (sky130_fd_sc_hd__and2_2)
     1    0.001696    0.032421    0.118375    0.889545 ^ _252_/X (sky130_fd_sc_hd__and2_2)
                                                         _014_ (net)
                      0.032421    0.000000    0.889545 ^ _274_/D (sky130_fd_sc_hd__dfxtp_2)
                                              0.889545   data arrival time

                                  0.000000    0.000000   clock clk (rise edge)
                                  0.000000    0.000000   clock source latency
    25    0.066221    0.301300    0.208732    0.208732 ^ clk (in)
                                                         clk (net)
                      0.301305    0.000000    0.208732 ^ _274_/CLK (sky130_fd_sc_hd__dfxtp_2)
                                  0.250000    0.458732   clock uncertainty
                                  0.000000    0.458732   clock reconvergence pessimism
                                  0.005080    0.463812   library hold time
                                              0.463812   data required time
---------------------------------------------------------------------------------------------
                                              0.463812   data required time
                                             -0.889545   data arrival time
---------------------------------------------------------------------------------------------
                                              0.425734   slack (MET)


Startpoint: _278_ (rising edge-triggered flip-flop clocked by clk)
Endpoint: _278_ (rising edge-triggered flip-flop clocked by clk)
Path Group: clk
Path Type: min

Fanout         Cap        Slew       Delay        Time   Description
---------------------------------------------------------------------------------------------
                                  0.000000    0.000000   clock clk (rise edge)
                                  0.000000    0.000000   clock source latency
    25    0.066221    0.301300    0.208950    0.208950 ^ clk (in)
                                                         clk (net)
                      0.301308    0.000000    0.208950 ^ _278_/CLK (sky130_fd_sc_hd__dfxtp_2)
     5    0.013332    0.076403    0.424704    0.633654 ^ _278_/Q (sky130_fd_sc_hd__dfxtp_2)
                                                         acc[1] (net)
                      0.076403    0.000058    0.633712 ^ _146_/A (sky130_fd_sc_hd__or2_2)
     1    0.002543    0.028687    0.105968    0.739680 ^ _146_/X (sky130_fd_sc_hd__or2_2)
                                                         _050_ (net)
                      0.028687    0.000002    0.739682 ^ _147_/B1 (sky130_fd_sc_hd__o211a_2)
     1    0.002071    0.037797    0.150674    0.890356 ^ _147_/X (sky130_fd_sc_hd__o211a_2)
                                                         _018_ (net)
                      0.037797    0.000004    0.890359 ^ _278_/D (sky130_fd_sc_hd__dfxtp_2)
                                              0.890359   data arrival time

                                  0.000000    0.000000   clock clk (rise edge)
                                  0.000000    0.000000   clock source latency
    25    0.066221    0.301300    0.208950    0.208950 ^ clk (in)
                                                         clk (net)
                      0.301308    0.000000    0.208950 ^ _278_/CLK (sky130_fd_sc_hd__dfxtp_2)
                                  0.250000    0.458950   clock uncertainty
                                  0.000000    0.458950   clock reconvergence pessimism
                                  0.004002    0.462952   library hold time
                                              0.462952   data required time
---------------------------------------------------------------------------------------------
                                              0.462952   data required time
                                             -0.890359   data arrival time
---------------------------------------------------------------------------------------------
                                              0.427408   slack (MET)


Startpoint: _280_ (rising edge-triggered flip-flop clocked by clk)
Endpoint: _280_ (rising edge-triggered flip-flop clocked by clk)
Path Group: clk
Path Type: min

Fanout         Cap        Slew       Delay        Time   Description
---------------------------------------------------------------------------------------------
                                  0.000000    0.000000   clock clk (rise edge)
                                  0.000000    0.000000   clock source latency
    25    0.066221    0.301300    0.208851    0.208851 ^ clk (in)
                                                         clk (net)
                      0.301307    0.000000    0.208851 ^ _280_/CLK (sky130_fd_sc_hd__dfxtp_2)
     5    0.011150    0.041474    0.403969    0.612821 v _280_/Q (sky130_fd_sc_hd__dfxtp_2)
                                                         acc[3] (net)
                      0.041474    0.000038    0.612858 v _167_/A1_N (sky130_fd_sc_hd__o2bb2a_2)
     1    0.005203    0.049695    0.246946    0.859804 ^ _167_/X (sky130_fd_sc_hd__o2bb2a_2)
                                                         _069_ (net)
                      0.049695    0.000004    0.859808 ^ _168_/A2 (sky130_fd_sc_hd__a21oi_2)
     1    0.002143    0.026862    0.046089    0.905897 v _168_/Y (sky130_fd_sc_hd__a21oi_2)
                                                         _020_ (net)
                      0.026862    0.000004    0.905901 v _280_/D (sky130_fd_sc_hd__dfxtp_2)
                                              0.905901   data arrival time

                                  0.000000    0.000000   clock clk (rise edge)
                                  0.000000    0.000000   clock source latency
    25    0.066221    0.301300    0.208851    0.208851 ^ clk (in)
                                                         clk (net)
                      0.301307    0.000000    0.208851 ^ _280_/CLK (sky130_fd_sc_hd__dfxtp_2)
                                  0.250000    0.458851   clock uncertainty
                                  0.000000    0.458851   clock reconvergence pessimism
                                  0.018508    0.477359   library hold time
                                              0.477359   data required time
---------------------------------------------------------------------------------------------
                                              0.477359   data required time
                                             -0.905901   data arrival time
---------------------------------------------------------------------------------------------
                                              0.428542   slack (MET)


Startpoint: _281_ (rising edge-triggered flip-flop clocked by clk)
Endpoint: _281_ (rising edge-triggered flip-flop clocked by clk)
Path Group: clk
Path Type: min

Fanout         Cap        Slew       Delay        Time   Description
---------------------------------------------------------------------------------------------
                                  0.000000    0.000000   clock clk (rise edge)
                                  0.000000    0.000000   clock source latency
    25    0.066221    0.301300    0.208210    0.208210 ^ clk (in)
                                                         clk (net)
                      0.301301    0.000000    0.208210 ^ _281_/CLK (sky130_fd_sc_hd__dfxtp_2)
     4    0.018174    0.099560    0.441523    0.649734 ^ _281_/Q (sky130_fd_sc_hd__dfxtp_2)
                                                         acc[4] (net)
                      0.099560    0.000003    0.649737 ^ _176_/A0 (sky130_fd_sc_hd__mux2_1)
     1    0.001787    0.034797    0.125096    0.774833 ^ _176_/X (sky130_fd_sc_hd__mux2_1)
                                                         _077_ (net)
                      0.034797    0.000002    0.774835 ^ _177_/B (sky130_fd_sc_hd__and2_2)
     1    0.001966    0.033713    0.120213    0.895048 ^ _177_/X (sky130_fd_sc_hd__and2_2)
                                                         _021_ (net)
                      0.033713    0.000003    0.895051 ^ _281_/D (sky130_fd_sc_hd__dfxtp_2)
                                              0.895051   data arrival time

                                  0.000000    0.000000   clock clk (rise edge)
                                  0.000000    0.000000   clock source latency
    25    0.066221    0.301300    0.208210    0.208210 ^ clk (in)
                                                         clk (net)
                      0.301301    0.000000    0.208210 ^ _281_/CLK (sky130_fd_sc_hd__dfxtp_2)
                                  0.250000    0.458210   clock uncertainty
                                  0.000000    0.458210   clock reconvergence pessimism
                                  0.004820    0.463030   library hold time
                                              0.463030   data required time
---------------------------------------------------------------------------------------------
                                              0.463030   data required time
                                             -0.895051   data arrival time
---------------------------------------------------------------------------------------------
                                              0.432021   slack (MET)


Startpoint: _284_ (rising edge-triggered flip-flop clocked by clk)
Endpoint: _284_ (rising edge-triggered flip-flop clocked by clk)
Path Group: clk
Path Type: min

Fanout         Cap        Slew       Delay        Time   Description
---------------------------------------------------------------------------------------------
                                  0.000000    0.000000   clock clk (rise edge)
                                  0.000000    0.000000   clock source latency
    25    0.066221    0.301300    0.208191    0.208191 ^ clk (in)
                                                         clk (net)
                      0.301301    0.000000    0.208191 ^ _284_/CLK (sky130_fd_sc_hd__dfxtp_2)
     5    0.014202    0.082866    0.427765    0.635956 ^ _284_/Q (sky130_fd_sc_hd__dfxtp_2)
                                                         acc[7] (net)
                      0.082866    0.000008    0.635964 ^ _194_/A (sky130_fd_sc_hd__and3_2)
     1    0.002731    0.042746    0.165102    0.801066 ^ _194_/X (sky130_fd_sc_hd__and3_2)
                                                         _092_ (net)
                      0.042746    0.000004    0.801071 ^ _201_/A1 (sky130_fd_sc_hd__o21a_2)
     1    0.001974    0.026432    0.113773    0.914844 ^ _201_/X (sky130_fd_sc_hd__o21a_2)
                                                         _024_ (net)
                      0.026432    0.000003    0.914846 ^ _284_/D (sky130_fd_sc_hd__dfxtp_2)
                                              0.914846   data arrival time

                                  0.000000    0.000000   clock clk (rise edge)
                                  0.000000    0.000000   clock source latency
    25    0.066221    0.301300    0.208191    0.208191 ^ clk (in)
                                                         clk (net)
                      0.301301    0.000000    0.208191 ^ _284_/CLK (sky130_fd_sc_hd__dfxtp_2)
                                  0.250000    0.458191   clock uncertainty
                                  0.000000    0.458191   clock reconvergence pessimism
                                  0.006281    0.464472   library hold time
                                              0.464472   data required time
---------------------------------------------------------------------------------------------
                                              0.464472   data required time
                                             -0.914846   data arrival time
---------------------------------------------------------------------------------------------
                                              0.450375   slack (MET)


Startpoint: _268_ (rising edge-triggered flip-flop clocked by clk)
Endpoint: _268_ (rising edge-triggered flip-flop clocked by clk)
Path Group: clk
Path Type: min

Fanout         Cap        Slew       Delay        Time   Description
---------------------------------------------------------------------------------------------
                                  0.000000    0.000000   clock clk (rise edge)
                                  0.000000    0.000000   clock source latency
    25    0.066221    0.301300    0.208043    0.208043 ^ clk (in)
                                                         clk (net)
                      0.301301    0.000000    0.208043 ^ _268_/CLK (sky130_fd_sc_hd__dfxtp_2)
     3    0.042881    0.218419    0.526822    0.734865 ^ _268_/Q (sky130_fd_sc_hd__dfxtp_2)
                                                         pc[7] (net)
                      0.218419    0.000032    0.734897 ^ _238_/A1 (sky130_fd_sc_hd__o21ai_2)
     1    0.002345    0.033304    0.082876    0.817773 v _238_/Y (sky130_fd_sc_hd__o21ai_2)
                                                         _127_ (net)
                      0.033304    0.000000    0.817774 v _239_/B1 (sky130_fd_sc_hd__o211a_2)
     1    0.001835    0.021786    0.118065    0.935839 v _239_/X (sky130_fd_sc_hd__o211a_2)
                                                         _008_ (net)
                      0.021786    0.000001    0.935840 v _268_/D (sky130_fd_sc_hd__dfxtp_2)
                                              0.935840   data arrival time

                                  0.000000    0.000000   clock clk (rise edge)
                                  0.000000    0.000000   clock source latency
    25    0.066221    0.301300    0.208043    0.208043 ^ clk (in)
                                                         clk (net)
                      0.301301    0.000000    0.208043 ^ _268_/CLK (sky130_fd_sc_hd__dfxtp_2)
                                  0.250000    0.458043   clock uncertainty
                                  0.000000    0.458043   clock reconvergence pessimism
                                  0.020594    0.478637   library hold time
                                              0.478637   data required time
---------------------------------------------------------------------------------------------
                                              0.478637   data required time
                                             -0.935840   data arrival time
---------------------------------------------------------------------------------------------
                                              0.457203   slack (MET)


Startpoint: _265_ (rising edge-triggered flip-flop clocked by clk)
Endpoint: _265_ (rising edge-triggered flip-flop clocked by clk)
Path Group: clk
Path Type: min

Fanout         Cap        Slew       Delay        Time   Description
---------------------------------------------------------------------------------------------
                                  0.000000    0.000000   clock clk (rise edge)
                                  0.000000    0.000000   clock source latency
    25    0.066221    0.301300    0.207941    0.207941 ^ clk (in)
                                                         clk (net)
                      0.301300    0.000000    0.207941 ^ _265_/CLK (sky130_fd_sc_hd__dfxtp_2)
     4    0.040424    0.206418    0.518478    0.726419 ^ _265_/Q (sky130_fd_sc_hd__dfxtp_2)
                                                         pc[4] (net)
                      0.206418    0.000044    0.726462 ^ _230_/A1 (sky130_fd_sc_hd__o311a_2)
     1    0.001871    0.033260    0.195735    0.922198 ^ _230_/X (sky130_fd_sc_hd__o311a_2)
                                                         _005_ (net)
                      0.033260    0.000002    0.922199 ^ _265_/D (sky130_fd_sc_hd__dfxtp_2)
                                              0.922199   data arrival time

                                  0.000000    0.000000   clock clk (rise edge)
                                  0.000000    0.000000   clock source latency
    25    0.066221    0.301300    0.207941    0.207941 ^ clk (in)
                                                         clk (net)
                      0.301300    0.000000    0.207941 ^ _265_/CLK (sky130_fd_sc_hd__dfxtp_2)
                                  0.250000    0.457941   clock uncertainty
                                  0.000000    0.457941   clock reconvergence pessimism
                                  0.004911    0.462851   library hold time
                                              0.462851   data required time
---------------------------------------------------------------------------------------------
                                              0.462851   data required time
                                             -0.922199   data arrival time
---------------------------------------------------------------------------------------------
                                              0.459348   slack (MET)


Startpoint: _279_ (rising edge-triggered flip-flop clocked by clk)
Endpoint: _271_ (rising edge-triggered flip-flop clocked by clk)
Path Group: clk
Path Type: min

Fanout         Cap        Slew       Delay        Time   Description
---------------------------------------------------------------------------------------------
                                  0.000000    0.000000   clock clk (rise edge)
                                  0.000000    0.000000   clock source latency
    25    0.066221    0.301300    0.208952    0.208952 ^ clk (in)
                                                         clk (net)
                      0.301308    0.000000    0.208952 ^ _279_/CLK (sky130_fd_sc_hd__dfxtp_2)
     6    0.025026    0.132493    0.465236    0.674188 ^ _279_/Q (sky130_fd_sc_hd__dfxtp_2)
                                                         acc[2] (net)
                      0.132493    0.000004    0.674192 ^ _245_/A1 (sky130_fd_sc_hd__mux2_1)
     1    0.001624    0.033491    0.136603    0.810794 ^ _245_/X (sky130_fd_sc_hd__mux2_1)
                                                         _026_ (net)
                      0.033491    0.000000    0.810795 ^ _246_/B (sky130_fd_sc_hd__and2_2)
     1    0.001763    0.032743    0.118778    0.929574 ^ _246_/X (sky130_fd_sc_hd__and2_2)
                                                         _011_ (net)
                      0.032743    0.000000    0.929574 ^ _271_/D (sky130_fd_sc_hd__dfxtp_2)
                                              0.929574   data arrival time

                                  0.000000    0.000000   clock clk (rise edge)
                                  0.000000    0.000000   clock source latency
    25    0.066221    0.301300    0.208939    0.208939 ^ clk (in)
                                                         clk (net)
                      0.301308    0.000000    0.208939 ^ _271_/CLK (sky130_fd_sc_hd__dfxtp_2)
                                  0.250000    0.458939   clock uncertainty
                                  0.000000    0.458939   clock reconvergence pessimism
                                  0.005015    0.463955   library hold time
                                              0.463955   data required time
---------------------------------------------------------------------------------------------
                                              0.463955   data required time
                                             -0.929574   data arrival time
---------------------------------------------------------------------------------------------
                                              0.465620   slack (MET)


Startpoint: _279_ (rising edge-triggered flip-flop clocked by clk)
Endpoint: _279_ (rising edge-triggered flip-flop clocked by clk)
Path Group: clk
Path Type: min

Fanout         Cap        Slew       Delay        Time   Description
---------------------------------------------------------------------------------------------
                                  0.000000    0.000000   clock clk (rise edge)
                                  0.000000    0.000000   clock source latency
    25    0.066221    0.301300    0.208952    0.208952 ^ clk (in)
                                                         clk (net)
                      0.301308    0.000000    0.208952 ^ _279_/CLK (sky130_fd_sc_hd__dfxtp_2)
     6    0.025026    0.132493    0.465236    0.674188 ^ _279_/Q (sky130_fd_sc_hd__dfxtp_2)
                                                         acc[2] (net)
                      0.132493    0.000112    0.674300 ^ _156_/A0 (sky130_fd_sc_hd__mux2_1)
     1    0.002094    0.037221    0.137863    0.812163 ^ _156_/X (sky130_fd_sc_hd__mux2_1)
                                                         _059_ (net)
                      0.037221    0.000005    0.812167 ^ _157_/B (sky130_fd_sc_hd__and2_2)
     1    0.001914    0.033460    0.120679    0.932846 ^ _157_/X (sky130_fd_sc_hd__and2_2)
                                                         _019_ (net)
                      0.033460    0.000002    0.932848 ^ _279_/D (sky130_fd_sc_hd__dfxtp_2)
                                              0.932848   data arrival time

                                  0.000000    0.000000   clock clk (rise edge)
                                  0.000000    0.000000   clock source latency
    25    0.066221    0.301300    0.208952    0.208952 ^ clk (in)
                                                         clk (net)
                      0.301308    0.000000    0.208952 ^ _279_/CLK (sky130_fd_sc_hd__dfxtp_2)
                                  0.250000    0.458952   clock uncertainty
                                  0.000000    0.458952   clock reconvergence pessimism
                                  0.004872    0.463823   library hold time
                                              0.463823   data required time
---------------------------------------------------------------------------------------------
                                              0.463823   data required time
                                             -0.932848   data arrival time
---------------------------------------------------------------------------------------------
                                              0.469025   slack (MET)


Startpoint: _263_ (rising edge-triggered flip-flop clocked by clk)
Endpoint: _263_ (rising edge-triggered flip-flop clocked by clk)
Path Group: clk
Path Type: min

Fanout         Cap        Slew       Delay        Time   Description
---------------------------------------------------------------------------------------------
                                  0.000000    0.000000   clock clk (rise edge)
                                  0.000000    0.000000   clock source latency
    25    0.066221    0.301300    0.208123    0.208123 ^ clk (in)
                                                         clk (net)
                      0.301301    0.000000    0.208123 ^ _263_/CLK (sky130_fd_sc_hd__dfxtp_2)
     4    0.043686    0.222332    0.529619    0.737742 ^ _263_/Q (sky130_fd_sc_hd__dfxtp_2)
                                                         pc[2] (net)
                      0.222332    0.000036    0.737777 ^ _224_/A1 (sky130_fd_sc_hd__o311a_2)
     1    0.001886    0.033320    0.199054    0.936832 ^ _224_/X (sky130_fd_sc_hd__o311a_2)
                                                         _003_ (net)
                      0.033320    0.000002    0.936833 ^ _263_/D (sky130_fd_sc_hd__dfxtp_2)
                                              0.936833   data arrival time

                                  0.000000    0.000000   clock clk (rise edge)
                                  0.000000    0.000000   clock source latency
    25    0.066221    0.301300    0.208123    0.208123 ^ clk (in)
                                                         clk (net)
                      0.301301    0.000000    0.208123 ^ _263_/CLK (sky130_fd_sc_hd__dfxtp_2)
                                  0.250000    0.458123   clock uncertainty
                                  0.000000    0.458123   clock reconvergence pessimism
                                  0.004899    0.463022   library hold time
                                              0.463022   data required time
---------------------------------------------------------------------------------------------
                                              0.463022   data required time
                                             -0.936833   data arrival time
---------------------------------------------------------------------------------------------
                                              0.473811   slack (MET)


Startpoint: _261_ (rising edge-triggered flip-flop clocked by clk)
Endpoint: _261_ (rising edge-triggered flip-flop clocked by clk)
Path Group: clk
Path Type: min

Fanout         Cap        Slew       Delay        Time   Description
---------------------------------------------------------------------------------------------
                                  0.000000    0.000000   clock clk (rise edge)
                                  0.000000    0.000000   clock source latency
    25    0.066221    0.301300    0.208209    0.208209 ^ clk (in)
                                                         clk (net)
                      0.301301    0.000000    0.208209 ^ _261_/CLK (sky130_fd_sc_hd__dfxtp_2)
     4    0.043697    0.106836    0.464433    0.672641 v _261_/Q (sky130_fd_sc_hd__dfxtp_2)
                                                         pc[0] (net)
                      0.106836    0.000083    0.672724 v _218_/A1 (sky130_fd_sc_hd__o221a_2)
     1    0.002240    0.024739    0.298823    0.971546 v _218_/X (sky130_fd_sc_hd__o221a_2)
                                                         _001_ (net)
                      0.024739    0.000006    0.971552 v _261_/D (sky130_fd_sc_hd__dfxtp_2)
                                              0.971552   data arrival time

                                  0.000000    0.000000   clock clk (rise edge)
                                  0.000000    0.000000   clock source latency
    25    0.066221    0.301300    0.208209    0.208209 ^ clk (in)
                                                         clk (net)
                      0.301301    0.000000    0.208209 ^ _261_/CLK (sky130_fd_sc_hd__dfxtp_2)
                                  0.250000    0.458209   clock uncertainty
                                  0.000000    0.458209   clock reconvergence pessimism
                                  0.019379    0.477588   library hold time
                                              0.477588   data required time
---------------------------------------------------------------------------------------------
                                              0.477588   data required time
                                             -0.971552   data arrival time
---------------------------------------------------------------------------------------------
                                              0.493964   slack (MET)


Startpoint: _272_ (rising edge-triggered flip-flop clocked by clk)
Endpoint: out_port[3] (output port clocked by clk)
Path Group: clk
Path Type: min

Fanout         Cap        Slew       Delay        Time   Description
---------------------------------------------------------------------------------------------
                                  0.000000    0.000000   clock clk (rise edge)
                                  0.000000    0.000000   clock source latency
    25    0.066221    0.301300    0.208849    0.208849 ^ clk (in)
                                                         clk (net)
                      0.301307    0.000000    0.208849 ^ _272_/CLK (sky130_fd_sc_hd__dfxtp_2)
     2    0.035862    0.089962    0.451566    0.660414 v _272_/Q (sky130_fd_sc_hd__dfxtp_2)
                                                         out_port[3] (net)
                      0.089962    0.000086    0.660501 v out_port[3] (out)
                                              0.660501   data arrival time

                                  0.000000    0.000000   clock clk (rise edge)
                                  0.000000    0.000000   clock network delay (propagated)
                                  0.250000    0.250000   clock uncertainty
                                  0.000000    0.250000   clock reconvergence pessimism
                                 -3.000000   -2.750000   output external delay
                                             -2.750000   data required time
---------------------------------------------------------------------------------------------
                                             -2.750000   data required time
                                             -0.660501   data arrival time
---------------------------------------------------------------------------------------------
                                              3.410501   slack (MET)


Startpoint: _274_ (rising edge-triggered flip-flop clocked by clk)
Endpoint: out_port[5] (output port clocked by clk)
Path Group: clk
Path Type: min

Fanout         Cap        Slew       Delay        Time   Description
---------------------------------------------------------------------------------------------
                                  0.000000    0.000000   clock clk (rise edge)
                                  0.000000    0.000000   clock source latency
    25    0.066221    0.301300    0.208732    0.208732 ^ clk (in)
                                                         clk (net)
                      0.301305    0.000000    0.208732 ^ _274_/CLK (sky130_fd_sc_hd__dfxtp_2)
     2    0.035996    0.090255    0.451773    0.660505 v _274_/Q (sky130_fd_sc_hd__dfxtp_2)
                                                         out_port[5] (net)
                      0.090255    0.000108    0.660614 v out_port[5] (out)
                                              0.660614   data arrival time

                                  0.000000    0.000000   clock clk (rise edge)
                                  0.000000    0.000000   clock network delay (propagated)
                                  0.250000    0.250000   clock uncertainty
                                  0.000000    0.250000   clock reconvergence pessimism
                                 -3.000000   -2.750000   output external delay
                                             -2.750000   data required time
---------------------------------------------------------------------------------------------
                                             -2.750000   data required time
                                             -0.660614   data arrival time
---------------------------------------------------------------------------------------------
                                              3.410614   slack (MET)


Startpoint: _275_ (rising edge-triggered flip-flop clocked by clk)
Endpoint: out_port[6] (output port clocked by clk)
Path Group: clk
Path Type: min

Fanout         Cap        Slew       Delay        Time   Description
---------------------------------------------------------------------------------------------
                                  0.000000    0.000000   clock clk (rise edge)
                                  0.000000    0.000000   clock source latency
    25    0.066221    0.301300    0.208526    0.208526 ^ clk (in)
                                                         clk (net)
                      0.301303    0.000000    0.208526 ^ _275_/CLK (sky130_fd_sc_hd__dfxtp_2)
     2    0.036177    0.090643    0.452067    0.660593 v _275_/Q (sky130_fd_sc_hd__dfxtp_2)
                                                         out_port[6] (net)
                      0.090643    0.000117    0.660709 v out_port[6] (out)
                                              0.660709   data arrival time

                                  0.000000    0.000000   clock clk (rise edge)
                                  0.000000    0.000000   clock network delay (propagated)
                                  0.250000    0.250000   clock uncertainty
                                  0.000000    0.250000   clock reconvergence pessimism
                                 -3.000000   -2.750000   output external delay
                                             -2.750000   data required time
---------------------------------------------------------------------------------------------
                                             -2.750000   data required time
                                             -0.660709   data arrival time
---------------------------------------------------------------------------------------------
                                              3.410709   slack (MET)


Startpoint: _269_ (rising edge-triggered flip-flop clocked by clk)
Endpoint: out_port[0] (output port clocked by clk)
Path Group: clk
Path Type: min

Fanout         Cap        Slew       Delay        Time   Description
---------------------------------------------------------------------------------------------
                                  0.000000    0.000000   clock clk (rise edge)
                                  0.000000    0.000000   clock source latency
    25    0.066221    0.301300    0.208228    0.208228 ^ clk (in)
                                                         clk (net)
                      0.301301    0.000000    0.208228 ^ _269_/CLK (sky130_fd_sc_hd__dfxtp_2)
     2    0.036442    0.091259    0.452388    0.660616 v _269_/Q (sky130_fd_sc_hd__dfxtp_2)
                                                         out_port[0] (net)
                      0.091259    0.000296    0.660913 v out_port[0] (out)
                                              0.660913   data arrival time

                                  0.000000    0.000000   clock clk (rise edge)
                                  0.000000    0.000000   clock network delay (propagated)
                                  0.250000    0.250000   clock uncertainty
                                  0.000000    0.250000   clock reconvergence pessimism
                                 -3.000000   -2.750000   output external delay
                                             -2.750000   data required time
---------------------------------------------------------------------------------------------
                                             -2.750000   data required time
                                             -0.660913   data arrival time
---------------------------------------------------------------------------------------------
                                              3.410913   slack (MET)


Startpoint: _276_ (rising edge-triggered flip-flop clocked by clk)
Endpoint: out_port[7] (output port clocked by clk)
Path Group: clk
Path Type: min

Fanout         Cap        Slew       Delay        Time   Description
---------------------------------------------------------------------------------------------
                                  0.000000    0.000000   clock clk (rise edge)
                                  0.000000    0.000000   clock source latency
    25    0.066221    0.301300    0.208450    0.208450 ^ clk (in)
                                                         clk (net)
                      0.301303    0.000000    0.208450 ^ _276_/CLK (sky130_fd_sc_hd__dfxtp_2)
     2    0.036623    0.091644    0.452691    0.661142 v _276_/Q (sky130_fd_sc_hd__dfxtp_2)
                                                         out_port[7] (net)
                      0.091644    0.000290    0.661432 v out_port[7] (out)
                                              0.661432   data arrival time

                                  0.000000    0.000000   clock clk (rise edge)
                                  0.000000    0.000000   clock network delay (propagated)
                                  0.250000    0.250000   clock uncertainty
                                  0.000000    0.250000   clock reconvergence pessimism
                                 -3.000000   -2.750000   output external delay
                                             -2.750000   data required time
---------------------------------------------------------------------------------------------
                                             -2.750000   data required time
                                             -0.661432   data arrival time
---------------------------------------------------------------------------------------------
                                              3.411432   slack (MET)


Startpoint: _271_ (rising edge-triggered flip-flop clocked by clk)
Endpoint: out_port[2] (output port clocked by clk)
Path Group: clk
Path Type: min

Fanout         Cap        Slew       Delay        Time   Description
---------------------------------------------------------------------------------------------
                                  0.000000    0.000000   clock clk (rise edge)
                                  0.000000    0.000000   clock source latency
    25    0.066221    0.301300    0.208939    0.208939 ^ clk (in)
                                                         clk (net)
                      0.301308    0.000000    0.208939 ^ _271_/CLK (sky130_fd_sc_hd__dfxtp_2)
     2    0.036416    0.091167    0.452436    0.661376 v _271_/Q (sky130_fd_sc_hd__dfxtp_2)
                                                         out_port[2] (net)
                      0.091167    0.000159    0.661534 v out_port[2] (out)
                                              0.661534   data arrival time

                                  0.000000    0.000000   clock clk (rise edge)
                                  0.000000    0.000000   clock network delay (propagated)
                                  0.250000    0.250000   clock uncertainty
                                  0.000000    0.250000   clock reconvergence pessimism
                                 -3.000000   -2.750000   output external delay
                                             -2.750000   data required time
---------------------------------------------------------------------------------------------
                                             -2.750000   data required time
                                             -0.661534   data arrival time
---------------------------------------------------------------------------------------------
                                              3.411534   slack (MET)


Startpoint: _270_ (rising edge-triggered flip-flop clocked by clk)
Endpoint: out_port[1] (output port clocked by clk)
Path Group: clk
Path Type: min

Fanout         Cap        Slew       Delay        Time   Description
---------------------------------------------------------------------------------------------
                                  0.000000    0.000000   clock clk (rise edge)
                                  0.000000    0.000000   clock source latency
    25    0.066221    0.301300    0.208900    0.208900 ^ clk (in)
                                                         clk (net)
                      0.301307    0.000000    0.208900 ^ _270_/CLK (sky130_fd_sc_hd__dfxtp_2)
     2    0.036441    0.091235    0.452444    0.661344 v _270_/Q (sky130_fd_sc_hd__dfxtp_2)
                                                         out_port[1] (net)
                      0.091235    0.000210    0.661554 v out_port[1] (out)
                                              0.661554   data arrival time

                                  0.000000    0.000000   clock clk (rise edge)
                                  0.000000    0.000000   clock network delay (propagated)
                                  0.250000    0.250000   clock uncertainty
                                  0.000000    0.250000   clock reconvergence pessimism
                                 -3.000000   -2.750000   output external delay
                                             -2.750000   data required time
---------------------------------------------------------------------------------------------
                                             -2.750000   data required time
                                             -0.661554   data arrival time
---------------------------------------------------------------------------------------------
                                              3.411554   slack (MET)


Startpoint: _273_ (rising edge-triggered flip-flop clocked by clk)
Endpoint: out_port[4] (output port clocked by clk)
Path Group: clk
Path Type: min

Fanout         Cap        Slew       Delay        Time   Description
---------------------------------------------------------------------------------------------
                                  0.000000    0.000000   clock clk (rise edge)
                                  0.000000    0.000000   clock source latency
    25    0.066221    0.301300    0.208755    0.208755 ^ clk (in)
                                                         clk (net)
                      0.301306    0.000000    0.208755 ^ _273_/CLK (sky130_fd_sc_hd__dfxtp_2)
     2    0.036825    0.092028    0.453158    0.661913 v _273_/Q (sky130_fd_sc_hd__dfxtp_2)
                                                         out_port[4] (net)
                      0.092028    0.000093    0.662006 v out_port[4] (out)
                                              0.662006   data arrival time

                                  0.000000    0.000000   clock clk (rise edge)
                                  0.000000    0.000000   clock network delay (propagated)
                                  0.250000    0.250000   clock uncertainty
                                  0.000000    0.250000   clock reconvergence pessimism
                                 -3.000000   -2.750000   output external delay
                                             -2.750000   data required time
---------------------------------------------------------------------------------------------
                                             -2.750000   data required time
                                             -0.662006   data arrival time
---------------------------------------------------------------------------------------------
                                              3.412005   slack (MET)


Startpoint: _265_ (rising edge-triggered flip-flop clocked by clk)
Endpoint: pc[4] (output port clocked by clk)
Path Group: clk
Path Type: min

Fanout         Cap        Slew       Delay        Time   Description
---------------------------------------------------------------------------------------------
                                  0.000000    0.000000   clock clk (rise edge)
                                  0.000000    0.000000   clock source latency
    25    0.066221    0.301300    0.207941    0.207941 ^ clk (in)
                                                         clk (net)
                      0.301300    0.000000    0.207941 ^ _265_/CLK (sky130_fd_sc_hd__dfxtp_2)
     4    0.040035    0.098936    0.458429    0.666370 v _265_/Q (sky130_fd_sc_hd__dfxtp_2)
                                                         pc[4] (net)
                      0.098936    0.000169    0.666539 v pc[4] (out)
                                              0.666539   data arrival time

                                  0.000000    0.000000   clock clk (rise edge)
                                  0.000000    0.000000   clock network delay (propagated)
                                  0.250000    0.250000   clock uncertainty
                                  0.000000    0.250000   clock reconvergence pessimism
                                 -3.000000   -2.750000   output external delay
                                             -2.750000   data required time
---------------------------------------------------------------------------------------------
                                             -2.750000   data required time
                                             -0.666539   data arrival time
---------------------------------------------------------------------------------------------
                                              3.416539   slack (MET)


Startpoint: _264_ (rising edge-triggered flip-flop clocked by clk)
Endpoint: pc[3] (output port clocked by clk)
Path Group: clk
Path Type: min

Fanout         Cap        Slew       Delay        Time   Description
---------------------------------------------------------------------------------------------
                                  0.000000    0.000000   clock clk (rise edge)
                                  0.000000    0.000000   clock source latency
    25    0.066221    0.301300    0.208075    0.208075 ^ clk (in)
                                                         clk (net)
                      0.301301    0.000000    0.208075 ^ _264_/CLK (sky130_fd_sc_hd__dfxtp_2)
     3    0.040481    0.099903    0.459148    0.667223 v _264_/Q (sky130_fd_sc_hd__dfxtp_2)
                                                         pc[3] (net)
                      0.099903    0.000198    0.667421 v pc[3] (out)
                                              0.667421   data arrival time

                                  0.000000    0.000000   clock clk (rise edge)
                                  0.000000    0.000000   clock network delay (propagated)
                                  0.250000    0.250000   clock uncertainty
                                  0.000000    0.250000   clock reconvergence pessimism
                                 -3.000000   -2.750000   output external delay
                                             -2.750000   data required time
---------------------------------------------------------------------------------------------
                                             -2.750000   data required time
                                             -0.667421   data arrival time
---------------------------------------------------------------------------------------------
                                              3.417421   slack (MET)


Startpoint: _262_ (rising edge-triggered flip-flop clocked by clk)
Endpoint: pc[1] (output port clocked by clk)
Path Group: clk
Path Type: min

Fanout         Cap        Slew       Delay        Time   Description
---------------------------------------------------------------------------------------------
                                  0.000000    0.000000   clock clk (rise edge)
                                  0.000000    0.000000   clock source latency
    25    0.066221    0.301300    0.208197    0.208197 ^ clk (in)
                                                         clk (net)
                      0.301301    0.000000    0.208197 ^ _262_/CLK (sky130_fd_sc_hd__dfxtp_2)
     3    0.040644    0.100267    0.459383    0.667580 v _262_/Q (sky130_fd_sc_hd__dfxtp_2)
                                                         pc[1] (net)
                      0.100267    0.000252    0.667831 v pc[1] (out)
                                              0.667831   data arrival time

                                  0.000000    0.000000   clock clk (rise edge)
                                  0.000000    0.000000   clock network delay (propagated)
                                  0.250000    0.250000   clock uncertainty
                                  0.000000    0.250000   clock reconvergence pessimism
                                 -3.000000   -2.750000   output external delay
                                             -2.750000   data required time
---------------------------------------------------------------------------------------------
                                             -2.750000   data required time
                                             -0.667831   data arrival time
---------------------------------------------------------------------------------------------
                                              3.417831   slack (MET)


Startpoint: _267_ (rising edge-triggered flip-flop clocked by clk)
Endpoint: pc[6] (output port clocked by clk)
Path Group: clk
Path Type: min

Fanout         Cap        Slew       Delay        Time   Description
---------------------------------------------------------------------------------------------
                                  0.000000    0.000000   clock clk (rise edge)
                                  0.000000    0.000000   clock source latency
    25    0.066221    0.301300    0.207937    0.207937 ^ clk (in)
                                                         clk (net)
                      0.301300    0.000000    0.207937 ^ _267_/CLK (sky130_fd_sc_hd__dfxtp_2)
     3    0.040807    0.100605    0.459679    0.667616 v _267_/Q (sky130_fd_sc_hd__dfxtp_2)
                                                         pc[6] (net)
                      0.100605    0.000212    0.667828 v pc[6] (out)
                                              0.667828   data arrival time

                                  0.000000    0.000000   clock clk (rise edge)
                                  0.000000    0.000000   clock network delay (propagated)
                                  0.250000    0.250000   clock uncertainty
                                  0.000000    0.250000   clock reconvergence pessimism
                                 -3.000000   -2.750000   output external delay
                                             -2.750000   data required time
---------------------------------------------------------------------------------------------
                                             -2.750000   data required time
                                             -0.667828   data arrival time
---------------------------------------------------------------------------------------------
                                              3.417828   slack (MET)


Startpoint: _266_ (rising edge-triggered flip-flop clocked by clk)
Endpoint: pc[5] (output port clocked by clk)
Path Group: clk
Path Type: min

Fanout         Cap        Slew       Delay        Time   Description
---------------------------------------------------------------------------------------------
                                  0.000000    0.000000   clock clk (rise edge)
                                  0.000000    0.000000   clock source latency
    25    0.066221    0.301300    0.207851    0.207851 ^ clk (in)
                                                         clk (net)
                      0.301300    0.000000    0.207851 ^ _266_/CLK (sky130_fd_sc_hd__dfxtp_2)
     3    0.041007    0.101051    0.459974    0.667826 v _266_/Q (sky130_fd_sc_hd__dfxtp_2)
                                                         pc[5] (net)
                      0.101051    0.000269    0.668095 v pc[5] (out)
                                              0.668095   data arrival time

                                  0.000000    0.000000   clock clk (rise edge)
                                  0.000000    0.000000   clock network delay (propagated)
                                  0.250000    0.250000   clock uncertainty
                                  0.000000    0.250000   clock reconvergence pessimism
                                 -3.000000   -2.750000   output external delay
                                             -2.750000   data required time
---------------------------------------------------------------------------------------------
                                             -2.750000   data required time
                                             -0.668095   data arrival time
---------------------------------------------------------------------------------------------
                                              3.418095   slack (MET)


Startpoint: _268_ (rising edge-triggered flip-flop clocked by clk)
Endpoint: pc[7] (output port clocked by clk)
Path Group: clk
Path Type: min

Fanout         Cap        Slew       Delay        Time   Description
---------------------------------------------------------------------------------------------
                                  0.000000    0.000000   clock clk (rise edge)
                                  0.000000    0.000000   clock source latency
    25    0.066221    0.301300    0.208043    0.208043 ^ clk (in)
                                                         clk (net)
                      0.301301    0.000000    0.208043 ^ _268_/CLK (sky130_fd_sc_hd__dfxtp_2)
     3    0.042146    0.103496    0.461868    0.669911 v _268_/Q (sky130_fd_sc_hd__dfxtp_2)
                                                         pc[7] (net)
                      0.103496    0.000279    0.670190 v pc[7] (out)
                                              0.670190   data arrival time

                                  0.000000    0.000000   clock clk (rise edge)
                                  0.000000    0.000000   clock network delay (propagated)
                                  0.250000    0.250000   clock uncertainty
                                  0.000000    0.250000   clock reconvergence pessimism
                                 -3.000000   -2.750000   output external delay
                                             -2.750000   data required time
---------------------------------------------------------------------------------------------
                                             -2.750000   data required time
                                             -0.670190   data arrival time
---------------------------------------------------------------------------------------------
                                              3.420190   slack (MET)


Startpoint: _263_ (rising edge-triggered flip-flop clocked by clk)
Endpoint: pc[2] (output port clocked by clk)
Path Group: clk
Path Type: min

Fanout         Cap        Slew       Delay        Time   Description
---------------------------------------------------------------------------------------------
                                  0.000000    0.000000   clock clk (rise edge)
                                  0.000000    0.000000   clock source latency
    25    0.066221    0.301300    0.208123    0.208123 ^ clk (in)
                                                         clk (net)
                      0.301301    0.000000    0.208123 ^ _263_/CLK (sky130_fd_sc_hd__dfxtp_2)
     4    0.043035    0.105389    0.463387    0.671510 v _263_/Q (sky130_fd_sc_hd__dfxtp_2)
                                                         pc[2] (net)
                      0.105389    0.000198    0.671707 v pc[2] (out)
                                              0.671707   data arrival time

                                  0.000000    0.000000   clock clk (rise edge)
                                  0.000000    0.000000   clock network delay (propagated)
                                  0.250000    0.250000   clock uncertainty
                                  0.000000    0.250000   clock reconvergence pessimism
                                 -3.000000   -2.750000   output external delay
                                             -2.750000   data required time
---------------------------------------------------------------------------------------------
                                             -2.750000   data required time
                                             -0.671707   data arrival time
---------------------------------------------------------------------------------------------
                                              3.421707   slack (MET)


Startpoint: _261_ (rising edge-triggered flip-flop clocked by clk)
Endpoint: pc[0] (output port clocked by clk)
Path Group: clk
Path Type: min

Fanout         Cap        Slew       Delay        Time   Description
---------------------------------------------------------------------------------------------
                                  0.000000    0.000000   clock clk (rise edge)
                                  0.000000    0.000000   clock source latency
    25    0.066221    0.301300    0.208209    0.208209 ^ clk (in)
                                                         clk (net)
                      0.301301    0.000000    0.208209 ^ _261_/CLK (sky130_fd_sc_hd__dfxtp_2)
     4    0.043697    0.106836    0.464433    0.672641 v _261_/Q (sky130_fd_sc_hd__dfxtp_2)
                                                         pc[0] (net)
                      0.106836    0.000273    0.672914 v pc[0] (out)
                                              0.672914   data arrival time

                                  0.000000    0.000000   clock clk (rise edge)
                                  0.000000    0.000000   clock network delay (propagated)
                                  0.250000    0.250000   clock uncertainty
                                  0.000000    0.250000   clock reconvergence pessimism
                                 -3.000000   -2.750000   output external delay
                                             -2.750000   data required time
---------------------------------------------------------------------------------------------
                                             -2.750000   data required time
                                             -0.672914   data arrival time
---------------------------------------------------------------------------------------------
                                              3.422914   slack (MET)



