Reading timing models for corner nom_tt_025C_1v80…
Reading timing library for the 'nom_tt_025C_1v80' corner at '/home/yaser/.volare/volare/sky130/versions/0fe599b2afb6708d281543108caf8310912f54af/sky130A/libs.ref/sky130_fd_sc_hd/lib/sky130_fd_sc_hd__tt_025C_1v80.lib'…
Reading timing models for corner nom_ff_n40C_1v95…
Reading timing library for the 'nom_ff_n40C_1v95' corner at '/home/yaser/.volare/volare/sky130/versions/0fe599b2afb6708d281543108caf8310912f54af/sky130A/libs.ref/sky130_fd_sc_hd/lib/sky130_fd_sc_hd__ff_n40C_1v95.lib'…
Reading timing models for corner nom_ss_100C_1v60…
Reading timing library for the 'nom_ss_100C_1v60' corner at '/home/yaser/.volare/volare/sky130/versions/0fe599b2afb6708d281543108caf8310912f54af/sky130A/libs.ref/sky130_fd_sc_hd/lib/sky130_fd_sc_hd__ss_100C_1v60.lib'…
Reading OpenROAD database at '/home/yaser/CMOS_Tapeouts/control_unit/runs/RUN_2026-04-04_09-19-09/34-openroad-cts/control_unit.odb'…
Reading design constraints file at '/nix/store/ss2cw3sxbrwwx9jl0rrppbw4kgcmgi2n-python3-3.11.9-env/lib/python3.11/site-packages/openlane/scripts/base.sdc'…
[INFO] Using clock clk…
[INFO] Setting output delay to: 2.0
[INFO] Setting input delay to: 2.0
[INFO] Setting load to: 0.033442
[INFO] Setting clock uncertainty to: 0.25
[INFO] Setting clock transition to: 0.1499999999999999944488848768742172978818416595458984375
[INFO] Setting timing derate to: 5%
[INFO] Setting RC values…
[INFO RSZ-0098] No setup violations found
[INFO RSZ-0046] Found 1 endpoints with hold violations.
Iteration | Resized | Buffers | Cloned Gates |   WNS   |   TNS   | Endpoint
---------------------------------------------------------------------------
        0 |       0 |       0 |            0 |   0.075 |   0.000 | _9_/D
    final |       0 |       3 |            0 |   0.110 |   0.000 | _8_/D
---------------------------------------------------------------------------
[INFO RSZ-0032] Inserted 3 hold buffers.
Placement Analysis
---------------------------------
total displacement          2.6 u
average displacement        0.1 u
max displacement            1.4 u
original HPWL             256.2 u
legalized HPWL            277.5 u
delta HPWL                    8 %

[INFO DPL-0020] Mirrored 7 instances
[INFO DPL-0021] HPWL before             277.5 u
[INFO DPL-0022] HPWL after              251.3 u
[INFO DPL-0023] HPWL delta               -9.4 %
[INFO] Setting RC values…
Setting global connections for newly added cells…
[INFO] Setting global connections...
Updating metrics…
Cell type report:                       Count       Area
  Fill cell                                20      75.07
  Tap cell                                 12      15.01
  Clock buffer                              3      75.07
  Timing Repair Buffer                      9      57.56
  Inverter                                  2       7.51
  Sequential cell                           2      50.05
  Multi-Input combinational cell            4      31.28
  Total                                    52     311.55
Writing OpenROAD database to '/home/yaser/CMOS_Tapeouts/control_unit/runs/RUN_2026-04-04_09-19-09/36-openroad-resizertimingpostcts/control_unit.odb'…
Writing netlist to '/home/yaser/CMOS_Tapeouts/control_unit/runs/RUN_2026-04-04_09-19-09/36-openroad-resizertimingpostcts/control_unit.nl.v'…
Writing powered netlist to '/home/yaser/CMOS_Tapeouts/control_unit/runs/RUN_2026-04-04_09-19-09/36-openroad-resizertimingpostcts/control_unit.pnl.v'…
Writing layout to '/home/yaser/CMOS_Tapeouts/control_unit/runs/RUN_2026-04-04_09-19-09/36-openroad-resizertimingpostcts/control_unit.def'…
Writing timing constraints to '/home/yaser/CMOS_Tapeouts/control_unit/runs/RUN_2026-04-04_09-19-09/36-openroad-resizertimingpostcts/control_unit.sdc'…
