
===========================================================================
report_checks -path_delay max (Setup)
============================================================================
======================= nom_ff_n40C_1v95 Corner ===================================

Startpoint: cin (input port clocked by clk)
Endpoint: cout (output port clocked by clk)
Path Group: clk
Path Type: max

Fanout         Cap        Slew       Delay        Time   Description
---------------------------------------------------------------------------------------------
                      0.150000    0.000000    0.000000   clock clk (rise edge)
                                  0.000000    0.000000   clock network delay (ideal)
                                  2.000000    2.000000 ^ input external delay
     1    0.001632    0.010127    0.004154    2.004153 ^ cin (in)
                                                         cin (net)
                      0.010127    0.000000    2.004153 ^ _0_/B (sky130_fd_sc_hd__and2_2)
     1    0.033442    0.134823    0.155372    2.159525 ^ _0_/X (sky130_fd_sc_hd__and2_2)
                                                         cout (net)
                      0.134823    0.000000    2.159525 ^ cout (out)
                                              2.159525   data arrival time

                      0.150000   10.000000   10.000000   clock clk (rise edge)
                                  0.000000   10.000000   clock network delay (ideal)
                                 -0.250000    9.750000   clock uncertainty
                                  0.000000    9.750000   clock reconvergence pessimism
                                 -2.000000    7.750000   output external delay
                                              7.750000   data required time
---------------------------------------------------------------------------------------------
                                              7.750000   data required time
                                             -2.159525   data arrival time
---------------------------------------------------------------------------------------------
                                              5.590475   slack (MET)



