
===========================================================================
report_checks -unconstrained
===========================================================================
======================= nom_tt_025C_1v80 Corner ===================================

Startpoint: rst (input port clocked by clk)
Endpoint: _20_ (recovery check against rising-edge clock clk)
Path Group: asynchronous
Path Type: max

Fanout         Cap        Slew       Delay        Time   Description
---------------------------------------------------------------------------------------------
                                  0.000000    0.000000   clock clk (rise edge)
                                  0.000000    0.000000   clock network delay (propagated)
                                  2.000000    2.000000 v input external delay
     1    0.003588    0.010461    0.005774    2.005774 v rst (in)
                                                         rst (net)
                      0.010466    0.000000    2.005774 v input1/A (sky130_fd_sc_hd__clkbuf_2)
     4    0.020133    0.082389    0.134703    2.140477 v input1/X (sky130_fd_sc_hd__clkbuf_2)
                                                         net1 (net)
                      0.082390    0.000447    2.140925 v _11_/A (sky130_fd_sc_hd__inv_2)
     1    0.005486    0.039171    0.063963    2.204887 ^ _11_/Y (sky130_fd_sc_hd__inv_2)
                                                         _04_ (net)
                      0.039171    0.000179    2.205066 ^ _20_/RESET_B (sky130_fd_sc_hd__dfrtp_1)
                                              2.205066   data arrival time

                                 10.000000   10.000000   clock clk (rise edge)
                                  0.000000   10.000000   clock source latency
     1    0.009576    0.049542    0.032702   10.032702 ^ clk (in)
                                                         clk (net)
                      0.049544    0.000000   10.032702 ^ clkbuf_0_clk/A (sky130_fd_sc_hd__clkbuf_16)
     2    0.018191    0.040305    0.125237   10.157939 ^ clkbuf_0_clk/X (sky130_fd_sc_hd__clkbuf_16)
                                                         clknet_0_clk (net)
                      0.040306    0.000376   10.158315 ^ clkbuf_1_0__f_clk/A (sky130_fd_sc_hd__clkbuf_16)
     2    0.005400    0.029131    0.109295   10.267610 ^ clkbuf_1_0__f_clk/X (sky130_fd_sc_hd__clkbuf_16)
                                                         clknet_1_0__leaf_clk (net)
                      0.029131    0.000131   10.267740 ^ _20_/CLK (sky130_fd_sc_hd__dfrtp_1)
                                 -0.250000   10.017740   clock uncertainty
                                  0.000000   10.017740   clock reconvergence pessimism
                                  0.226980   10.244720   library recovery time
                                             10.244720   data required time
---------------------------------------------------------------------------------------------
                                             10.244720   data required time
                                             -2.205066   data arrival time
---------------------------------------------------------------------------------------------
                                              8.039655   slack (MET)


Startpoint: _21_ (rising edge-triggered flip-flop clocked by clk)
Endpoint: out[1] (output port clocked by clk)
Path Group: clk
Path Type: max

Fanout         Cap        Slew       Delay        Time   Description
---------------------------------------------------------------------------------------------
                                  0.000000    0.000000   clock clk (rise edge)
                                  0.000000    0.000000   clock source latency
     1    0.009576    0.049542    0.032702    0.032702 ^ clk (in)
                                                         clk (net)
                      0.049544    0.000000    0.032702 ^ clkbuf_0_clk/A (sky130_fd_sc_hd__clkbuf_16)
     2    0.018191    0.040305    0.125237    0.157939 ^ clkbuf_0_clk/X (sky130_fd_sc_hd__clkbuf_16)
                                                         clknet_0_clk (net)
                      0.040307    0.000593    0.158532 ^ clkbuf_1_1__f_clk/A (sky130_fd_sc_hd__clkbuf_16)
     2    0.006412    0.030067    0.110495    0.269027 ^ clkbuf_1_1__f_clk/X (sky130_fd_sc_hd__clkbuf_16)
                                                         clknet_1_1__leaf_clk (net)
                      0.030068    0.000210    0.269237 ^ _21_/CLK (sky130_fd_sc_hd__dfrtp_1)
     4    0.011618    0.113484    0.367267    0.636505 ^ _21_/Q (sky130_fd_sc_hd__dfrtp_1)
                                                         net3 (net)
                      0.113484    0.000184    0.636689 ^ output3/A (sky130_fd_sc_hd__buf_2)
     1    0.034289    0.170703    0.223163    0.859852 ^ output3/X (sky130_fd_sc_hd__buf_2)
                                                         out[1] (net)
                      0.170706    0.000983    0.860835 ^ out[1] (out)
                                              0.860835   data arrival time

                                 10.000000   10.000000   clock clk (rise edge)
                                  0.000000   10.000000   clock network delay (propagated)
                                 -0.250000    9.750000   clock uncertainty
                                  0.000000    9.750000   clock reconvergence pessimism
                                 -2.000000    7.750000   output external delay
                                              7.750000   data required time
---------------------------------------------------------------------------------------------
                                              7.750000   data required time
                                             -0.860835   data arrival time
---------------------------------------------------------------------------------------------
                                              6.889165   slack (MET)




===========================================================================
report_checks --slack_max -0.01
============================================================================
======================= nom_tt_025C_1v80 Corner ===================================

No paths found.


===========================================================================
 report_check_types -max_slew -max_cap -max_fanout -violators
============================================================================
======================= nom_tt_025C_1v80 Corner ===================================



===========================================================================
report_parasitic_annotation -report_unannotated
============================================================================
Found 0 unannotated drivers.
Found 0 partially unannotated drivers.

===========================================================================
max slew violation count 0
Writing metric design__max_slew_violation__count__corner:nom_tt_025C_1v80: 0
max fanout violation count 0
Writing metric design__max_fanout_violation__count__corner:nom_tt_025C_1v80: 0
max cap violation count 0
Writing metric design__max_cap_violation__count__corner:nom_tt_025C_1v80: 0
============================================================================

===========================================================================
check_setup -verbose -unconstrained_endpoints -multiple_clock -no_clock -no_input_delay -loops -generated_clocks
===========================================================================
