Reading OpenROAD database at '/home/yaser/CMOS_Tapeouts/counter/runs/RUN_2026-04-03_19-53-56/41-openroad-repairantennas/1-diodeinsertion/counter.odb'…
Reading library file at '/home/yaser/.volare/volare/sky130/versions/0fe599b2afb6708d281543108caf8310912f54af/sky130A/libs.ref/sky130_fd_sc_hd/lib/sky130_fd_sc_hd__tt_025C_1v80.lib'…
Reading design constraints file at '/nix/store/ss2cw3sxbrwwx9jl0rrppbw4kgcmgi2n-python3-3.11.9-env/lib/python3.11/site-packages/openlane/scripts/base.sdc'…
[INFO] Using clock clk…
[INFO] Setting output delay to: 2.0
[INFO] Setting input delay to: 2.0
[INFO] Setting load to: 0.033442
[INFO] Setting clock uncertainty to: 0.25
[INFO] Setting clock transition to: 0.1499999999999999944488848768742172978818416595458984375
[INFO] Setting timing derate to: 5%
[INFO] Setting RC values…
%OL_CREATE_REPORT min.rpt

===========================================================================
report_checks -path_delay min (Hold)
============================================================================
======================= nom_tt_025C_1v80 Corner ===================================

Startpoint: _20_ (rising edge-triggered flip-flop clocked by clk)
Endpoint: _22_ (rising edge-triggered flip-flop clocked by clk)
Path Group: clk
Path Type: min

Fanout         Cap        Slew       Delay        Time   Description
---------------------------------------------------------------------------------------------
                                  0.000000    0.000000   clock clk (rise edge)
                                  0.000000    0.000000   clock source latency
     1    0.009576    0.049542    0.032702    0.032702 ^ clk (in)
                                                         clk (net)
                      0.049544    0.000000    0.032702 ^ clkbuf_0_clk/A (sky130_fd_sc_hd__clkbuf_16)
     2    0.018191    0.040305    0.125237    0.157939 ^ clkbuf_0_clk/X (sky130_fd_sc_hd__clkbuf_16)
                                                         clknet_0_clk (net)
                      0.040306    0.000375    0.158314 ^ clkbuf_1_0__f_clk/A (sky130_fd_sc_hd__clkbuf_16)
     2    0.005400    0.029131    0.109295    0.267609 ^ clkbuf_1_0__f_clk/X (sky130_fd_sc_hd__clkbuf_16)
                                                         clknet_1_0__leaf_clk (net)
                      0.029131    0.000132    0.267741 ^ _20_/CLK (sky130_fd_sc_hd__dfrtp_1)
     4    0.011223    0.110234    0.364556    0.632296 ^ _20_/Q (sky130_fd_sc_hd__dfrtp_1)
                                                         net2 (net)
                      0.110234    0.000295    0.632591 ^ _13_/A1 (sky130_fd_sc_hd__a21oi_1)
     1    0.003563    0.032106    0.079065    0.711656 v _13_/Y (sky130_fd_sc_hd__a21oi_1)
                                                         _08_ (net)
                      0.032107    0.000092    0.711749 v _15_/A (sky130_fd_sc_hd__nor2_1)
     1    0.003086    0.080411    0.094938    0.806687 ^ _15_/Y (sky130_fd_sc_hd__nor2_1)
                                                         _02_ (net)
                      0.080411    0.000077    0.806764 ^ _22_/D (sky130_fd_sc_hd__dfrtp_1)
                                              0.806764   data arrival time

                                  0.000000    0.000000   clock clk (rise edge)
                                  0.000000    0.000000   clock source latency
     1    0.009576    0.049542    0.032702    0.032702 ^ clk (in)
                                                         clk (net)
                      0.049544    0.000000    0.032702 ^ clkbuf_0_clk/A (sky130_fd_sc_hd__clkbuf_16)
     2    0.018191    0.040305    0.125237    0.157939 ^ clkbuf_0_clk/X (sky130_fd_sc_hd__clkbuf_16)
                                                         clknet_0_clk (net)
                      0.040306    0.000375    0.158314 ^ clkbuf_1_0__f_clk/A (sky130_fd_sc_hd__clkbuf_16)
     2    0.005400    0.029131    0.109295    0.267609 ^ clkbuf_1_0__f_clk/X (sky130_fd_sc_hd__clkbuf_16)
                                                         clknet_1_0__leaf_clk (net)
                      0.029131    0.000094    0.267703 ^ _22_/CLK (sky130_fd_sc_hd__dfrtp_1)
                                  0.250000    0.517703   clock uncertainty
                                  0.000000    0.517703   clock reconvergence pessimism
                                 -0.044369    0.473333   library hold time
                                              0.473333   data required time
---------------------------------------------------------------------------------------------
                                              0.473333   data required time
                                             -0.806764   data arrival time
---------------------------------------------------------------------------------------------
                                              0.333430   slack (MET)


Startpoint: _22_ (rising edge-triggered flip-flop clocked by clk)
Endpoint: _23_ (rising edge-triggered flip-flop clocked by clk)
Path Group: clk
Path Type: min

Fanout         Cap        Slew       Delay        Time   Description
---------------------------------------------------------------------------------------------
                                  0.000000    0.000000   clock clk (rise edge)
                                  0.000000    0.000000   clock source latency
     1    0.009576    0.049542    0.032702    0.032702 ^ clk (in)
                                                         clk (net)
                      0.049544    0.000000    0.032702 ^ clkbuf_0_clk/A (sky130_fd_sc_hd__clkbuf_16)
     2    0.018191    0.040305    0.125237    0.157939 ^ clkbuf_0_clk/X (sky130_fd_sc_hd__clkbuf_16)
                                                         clknet_0_clk (net)
                      0.040306    0.000375    0.158314 ^ clkbuf_1_0__f_clk/A (sky130_fd_sc_hd__clkbuf_16)
     2    0.005400    0.029131    0.109295    0.267609 ^ clkbuf_1_0__f_clk/X (sky130_fd_sc_hd__clkbuf_16)
                                                         clknet_1_0__leaf_clk (net)
                      0.029131    0.000094    0.267703 ^ _22_/CLK (sky130_fd_sc_hd__dfrtp_1)
     3    0.007331    0.079990    0.339650    0.607352 ^ _22_/Q (sky130_fd_sc_hd__dfrtp_1)
                                                         net4 (net)
                      0.079990    0.000104    0.607456 ^ _14_/C (sky130_fd_sc_hd__and3_1)
     2    0.009199    0.103820    0.202151    0.809607 ^ _14_/X (sky130_fd_sc_hd__and3_1)
                                                         _09_ (net)
                      0.103820    0.000264    0.809871 ^ _16_/B (sky130_fd_sc_hd__xor2_1)
     1    0.003178    0.037698    0.075143    0.885014 v _16_/X (sky130_fd_sc_hd__xor2_1)
                                                         _03_ (net)
                      0.037698    0.000107    0.885121 v _23_/D (sky130_fd_sc_hd__dfrtp_1)
                                              0.885121   data arrival time

                                  0.000000    0.000000   clock clk (rise edge)
                                  0.000000    0.000000   clock source latency
     1    0.009576    0.049542    0.032702    0.032702 ^ clk (in)
                                                         clk (net)
                      0.049544    0.000000    0.032702 ^ clkbuf_0_clk/A (sky130_fd_sc_hd__clkbuf_16)
     2    0.018191    0.040305    0.125237    0.157939 ^ clkbuf_0_clk/X (sky130_fd_sc_hd__clkbuf_16)
                                                         clknet_0_clk (net)
                      0.040307    0.000593    0.158532 ^ clkbuf_1_1__f_clk/A (sky130_fd_sc_hd__clkbuf_16)
     2    0.006412    0.030067    0.110495    0.269027 ^ clkbuf_1_1__f_clk/X (sky130_fd_sc_hd__clkbuf_16)
                                                         clknet_1_1__leaf_clk (net)
                      0.030068    0.000176    0.269202 ^ _23_/CLK (sky130_fd_sc_hd__dfrtp_1)
                                  0.250000    0.519202   clock uncertainty
                                  0.000000    0.519202   clock reconvergence pessimism
                                 -0.046209    0.472994   library hold time
                                              0.472994   data required time
---------------------------------------------------------------------------------------------
                                              0.472994   data required time
                                             -0.885121   data arrival time
---------------------------------------------------------------------------------------------
                                              0.412127   slack (MET)


Startpoint: _20_ (rising edge-triggered flip-flop clocked by clk)
Endpoint: _20_ (rising edge-triggered flip-flop clocked by clk)
Path Group: clk
Path Type: min

Fanout         Cap        Slew       Delay        Time   Description
---------------------------------------------------------------------------------------------
                                  0.000000    0.000000   clock clk (rise edge)
                                  0.000000    0.000000   clock source latency
     1    0.009576    0.049542    0.032702    0.032702 ^ clk (in)
                                                         clk (net)
                      0.049544    0.000000    0.032702 ^ clkbuf_0_clk/A (sky130_fd_sc_hd__clkbuf_16)
     2    0.018191    0.040305    0.125237    0.157939 ^ clkbuf_0_clk/X (sky130_fd_sc_hd__clkbuf_16)
                                                         clknet_0_clk (net)
                      0.040306    0.000375    0.158314 ^ clkbuf_1_0__f_clk/A (sky130_fd_sc_hd__clkbuf_16)
     2    0.005400    0.029131    0.109295    0.267609 ^ clkbuf_1_0__f_clk/X (sky130_fd_sc_hd__clkbuf_16)
                                                         clknet_1_0__leaf_clk (net)
                      0.029131    0.000132    0.267741 ^ _20_/CLK (sky130_fd_sc_hd__dfrtp_1)
     4    0.011223    0.110234    0.364556    0.632296 ^ _20_/Q (sky130_fd_sc_hd__dfrtp_1)
                                                         net2 (net)
                      0.110234    0.000158    0.632454 ^ hold2/A (sky130_fd_sc_hd__dlygate4sd3_1)
     2    0.010805    0.123131    0.614811    1.247265 ^ hold2/X (sky130_fd_sc_hd__dlygate4sd3_1)
                                                         net7 (net)
                      0.123131    0.000214    1.247479 ^ _10_/A (sky130_fd_sc_hd__inv_2)
     1    0.002714    0.026809    0.036423    1.283902 v _10_/Y (sky130_fd_sc_hd__inv_2)
                                                         _00_ (net)
                      0.026809    0.000062    1.283964 v _20_/D (sky130_fd_sc_hd__dfrtp_1)
                                              1.283964   data arrival time

                                  0.000000    0.000000   clock clk (rise edge)
                                  0.000000    0.000000   clock source latency
     1    0.009576    0.049542    0.032702    0.032702 ^ clk (in)
                                                         clk (net)
                      0.049544    0.000000    0.032702 ^ clkbuf_0_clk/A (sky130_fd_sc_hd__clkbuf_16)
     2    0.018191    0.040305    0.125237    0.157939 ^ clkbuf_0_clk/X (sky130_fd_sc_hd__clkbuf_16)
                                                         clknet_0_clk (net)
                      0.040306    0.000375    0.158314 ^ clkbuf_1_0__f_clk/A (sky130_fd_sc_hd__clkbuf_16)
     2    0.005400    0.029131    0.109295    0.267609 ^ clkbuf_1_0__f_clk/X (sky130_fd_sc_hd__clkbuf_16)
                                                         clknet_1_0__leaf_clk (net)
                      0.029131    0.000132    0.267741 ^ _20_/CLK (sky130_fd_sc_hd__dfrtp_1)
                                  0.250000    0.517741   clock uncertainty
                                  0.000000    0.517741   clock reconvergence pessimism
                                 -0.041988    0.475753   library hold time
                                              0.475753   data required time
---------------------------------------------------------------------------------------------
                                              0.475753   data required time
                                             -1.283964   data arrival time
---------------------------------------------------------------------------------------------
                                              0.808211   slack (MET)


Startpoint: _21_ (rising edge-triggered flip-flop clocked by clk)
Endpoint: _21_ (rising edge-triggered flip-flop clocked by clk)
Path Group: clk
Path Type: min

Fanout         Cap        Slew       Delay        Time   Description
---------------------------------------------------------------------------------------------
                                  0.000000    0.000000   clock clk (rise edge)
                                  0.000000    0.000000   clock source latency
     1    0.009576    0.049542    0.032702    0.032702 ^ clk (in)
                                                         clk (net)
                      0.049544    0.000000    0.032702 ^ clkbuf_0_clk/A (sky130_fd_sc_hd__clkbuf_16)
     2    0.018191    0.040305    0.125237    0.157939 ^ clkbuf_0_clk/X (sky130_fd_sc_hd__clkbuf_16)
                                                         clknet_0_clk (net)
                      0.040307    0.000593    0.158532 ^ clkbuf_1_1__f_clk/A (sky130_fd_sc_hd__clkbuf_16)
     2    0.006412    0.030067    0.110495    0.269027 ^ clkbuf_1_1__f_clk/X (sky130_fd_sc_hd__clkbuf_16)
                                                         clknet_1_1__leaf_clk (net)
                      0.030068    0.000210    0.269237 ^ _21_/CLK (sky130_fd_sc_hd__dfrtp_1)
     4    0.011618    0.113484    0.367267    0.636505 ^ _21_/Q (sky130_fd_sc_hd__dfrtp_1)
                                                         net3 (net)
                      0.113484    0.000239    0.636743 ^ hold3/A (sky130_fd_sc_hd__dlygate4sd3_1)
     1    0.005692    0.078068    0.578079    1.214822 ^ hold3/X (sky130_fd_sc_hd__dlygate4sd3_1)
                                                         net8 (net)
                      0.078068    0.000158    1.214980 ^ _12_/B (sky130_fd_sc_hd__xor2_1)
     1    0.003245    0.037961    0.067336    1.282317 v _12_/X (sky130_fd_sc_hd__xor2_1)
                                                         _01_ (net)
                      0.037961    0.000084    1.282401 v _21_/D (sky130_fd_sc_hd__dfrtp_1)
                                              1.282401   data arrival time

                                  0.000000    0.000000   clock clk (rise edge)
                                  0.000000    0.000000   clock source latency
     1    0.009576    0.049542    0.032702    0.032702 ^ clk (in)
                                                         clk (net)
                      0.049544    0.000000    0.032702 ^ clkbuf_0_clk/A (sky130_fd_sc_hd__clkbuf_16)
     2    0.018191    0.040305    0.125237    0.157939 ^ clkbuf_0_clk/X (sky130_fd_sc_hd__clkbuf_16)
                                                         clknet_0_clk (net)
                      0.040307    0.000593    0.158532 ^ clkbuf_1_1__f_clk/A (sky130_fd_sc_hd__clkbuf_16)
     2    0.006412    0.030067    0.110495    0.269027 ^ clkbuf_1_1__f_clk/X (sky130_fd_sc_hd__clkbuf_16)
                                                         clknet_1_1__leaf_clk (net)
                      0.030068    0.000210    0.269237 ^ _21_/CLK (sky130_fd_sc_hd__dfrtp_1)
                                  0.250000    0.519237   clock uncertainty
                                  0.000000    0.519237   clock reconvergence pessimism
                                 -0.046315    0.472922   library hold time
                                              0.472922   data required time
---------------------------------------------------------------------------------------------
                                              0.472922   data required time
                                             -1.282401   data arrival time
---------------------------------------------------------------------------------------------
                                              0.809479   slack (MET)


Startpoint: rst (input port clocked by clk)
Endpoint: _23_ (removal check against rising-edge clock clk)
Path Group: asynchronous
Path Type: min

Fanout         Cap        Slew       Delay        Time   Description
---------------------------------------------------------------------------------------------
                                  0.000000    0.000000   clock clk (rise edge)
                                  0.000000    0.000000   clock network delay (propagated)
                                  2.000000    2.000000 v input external delay
     1    0.003588    0.010461    0.005774    2.005774 v rst (in)
                                                         rst (net)
                      0.010466    0.000000    2.005774 v input1/A (sky130_fd_sc_hd__clkbuf_2)
     4    0.020133    0.082389    0.134703    2.140477 v input1/X (sky130_fd_sc_hd__clkbuf_2)
                                                         net1 (net)
                      0.082393    0.000679    2.141156 v _19_/A (sky130_fd_sc_hd__inv_2)
     1    0.003972    0.033863    0.058337    2.199493 ^ _19_/Y (sky130_fd_sc_hd__inv_2)
                                                         _07_ (net)
                      0.033863    0.000085    2.199579 ^ _23_/RESET_B (sky130_fd_sc_hd__dfrtp_1)
                                              2.199579   data arrival time

                                  0.000000    0.000000   clock clk (rise edge)
                                  0.000000    0.000000   clock source latency
     1    0.009576    0.049542    0.032702    0.032702 ^ clk (in)
                                                         clk (net)
                      0.049544    0.000000    0.032702 ^ clkbuf_0_clk/A (sky130_fd_sc_hd__clkbuf_16)
     2    0.018191    0.040305    0.125237    0.157939 ^ clkbuf_0_clk/X (sky130_fd_sc_hd__clkbuf_16)
                                                         clknet_0_clk (net)
                      0.040307    0.000593    0.158532 ^ clkbuf_1_1__f_clk/A (sky130_fd_sc_hd__clkbuf_16)
     2    0.006412    0.030067    0.110495    0.269027 ^ clkbuf_1_1__f_clk/X (sky130_fd_sc_hd__clkbuf_16)
                                                         clknet_1_1__leaf_clk (net)
                      0.030068    0.000176    0.269202 ^ _23_/CLK (sky130_fd_sc_hd__dfrtp_1)
                                  0.250000    0.519202   clock uncertainty
                                  0.000000    0.519202   clock reconvergence pessimism
                                  0.313113    0.832316   library removal time
                                              0.832316   data required time
---------------------------------------------------------------------------------------------
                                              0.832316   data required time
                                             -2.199579   data arrival time
---------------------------------------------------------------------------------------------
                                              1.367263   slack (MET)


Startpoint: rst (input port clocked by clk)
Endpoint: _22_ (removal check against rising-edge clock clk)
Path Group: asynchronous
Path Type: min

Fanout         Cap        Slew       Delay        Time   Description
---------------------------------------------------------------------------------------------
                                  0.000000    0.000000   clock clk (rise edge)
                                  0.000000    0.000000   clock network delay (propagated)
                                  2.000000    2.000000 v input external delay
     1    0.003588    0.010461    0.005774    2.005774 v rst (in)
                                                         rst (net)
                      0.010466    0.000000    2.005774 v input1/A (sky130_fd_sc_hd__clkbuf_2)
     4    0.020133    0.082389    0.134703    2.140477 v input1/X (sky130_fd_sc_hd__clkbuf_2)
                                                         net1 (net)
                      0.082392    0.000624    2.141101 v _18_/A (sky130_fd_sc_hd__inv_2)
     1    0.004038    0.034107    0.058642    2.199743 ^ _18_/Y (sky130_fd_sc_hd__inv_2)
                                                         _06_ (net)
                      0.034107    0.000089    2.199831 ^ _22_/RESET_B (sky130_fd_sc_hd__dfrtp_1)
                                              2.199831   data arrival time

                                  0.000000    0.000000   clock clk (rise edge)
                                  0.000000    0.000000   clock source latency
     1    0.009576    0.049542    0.032702    0.032702 ^ clk (in)
                                                         clk (net)
                      0.049544    0.000000    0.032702 ^ clkbuf_0_clk/A (sky130_fd_sc_hd__clkbuf_16)
     2    0.018191    0.040305    0.125237    0.157939 ^ clkbuf_0_clk/X (sky130_fd_sc_hd__clkbuf_16)
                                                         clknet_0_clk (net)
                      0.040306    0.000375    0.158314 ^ clkbuf_1_0__f_clk/A (sky130_fd_sc_hd__clkbuf_16)
     2    0.005400    0.029131    0.109295    0.267609 ^ clkbuf_1_0__f_clk/X (sky130_fd_sc_hd__clkbuf_16)
                                                         clknet_1_0__leaf_clk (net)
                      0.029131    0.000094    0.267703 ^ _22_/CLK (sky130_fd_sc_hd__dfrtp_1)
                                  0.250000    0.517703   clock uncertainty
                                  0.000000    0.517703   clock reconvergence pessimism
                                  0.312925    0.830628   library removal time
                                              0.830628   data required time
---------------------------------------------------------------------------------------------
                                              0.830628   data required time
                                             -2.199831   data arrival time
---------------------------------------------------------------------------------------------
                                              1.369204   slack (MET)


Startpoint: rst (input port clocked by clk)
Endpoint: _21_ (removal check against rising-edge clock clk)
Path Group: asynchronous
Path Type: min

Fanout         Cap        Slew       Delay        Time   Description
---------------------------------------------------------------------------------------------
                                  0.000000    0.000000   clock clk (rise edge)
                                  0.000000    0.000000   clock network delay (propagated)
                                  2.000000    2.000000 v input external delay
     1    0.003588    0.010461    0.005774    2.005774 v rst (in)
                                                         rst (net)
                      0.010466    0.000000    2.005774 v input1/A (sky130_fd_sc_hd__clkbuf_2)
     4    0.020133    0.082389    0.134703    2.140477 v input1/X (sky130_fd_sc_hd__clkbuf_2)
                                                         net1 (net)
                      0.082393    0.000684    2.141162 v _17_/A (sky130_fd_sc_hd__inv_2)
     1    0.004608    0.036157    0.060979    2.202141 ^ _17_/Y (sky130_fd_sc_hd__inv_2)
                                                         _05_ (net)
                      0.036158    0.000125    2.202265 ^ _21_/RESET_B (sky130_fd_sc_hd__dfrtp_1)
                                              2.202265   data arrival time

                                  0.000000    0.000000   clock clk (rise edge)
                                  0.000000    0.000000   clock source latency
     1    0.009576    0.049542    0.032702    0.032702 ^ clk (in)
                                                         clk (net)
                      0.049544    0.000000    0.032702 ^ clkbuf_0_clk/A (sky130_fd_sc_hd__clkbuf_16)
     2    0.018191    0.040305    0.125237    0.157939 ^ clkbuf_0_clk/X (sky130_fd_sc_hd__clkbuf_16)
                                                         clknet_0_clk (net)
                      0.040307    0.000593    0.158532 ^ clkbuf_1_1__f_clk/A (sky130_fd_sc_hd__clkbuf_16)
     2    0.006412    0.030067    0.110495    0.269027 ^ clkbuf_1_1__f_clk/X (sky130_fd_sc_hd__clkbuf_16)
                                                         clknet_1_1__leaf_clk (net)
                      0.030068    0.000210    0.269237 ^ _21_/CLK (sky130_fd_sc_hd__dfrtp_1)
                                  0.250000    0.519237   clock uncertainty
                                  0.000000    0.519237   clock reconvergence pessimism
                                  0.313745    0.832982   library removal time
                                              0.832982   data required time
---------------------------------------------------------------------------------------------
                                              0.832982   data required time
                                             -2.202265   data arrival time
---------------------------------------------------------------------------------------------
                                              1.369283   slack (MET)


Startpoint: rst (input port clocked by clk)
Endpoint: _20_ (removal check against rising-edge clock clk)
Path Group: asynchronous
Path Type: min

Fanout         Cap        Slew       Delay        Time   Description
---------------------------------------------------------------------------------------------
                                  0.000000    0.000000   clock clk (rise edge)
                                  0.000000    0.000000   clock network delay (propagated)
                                  2.000000    2.000000 v input external delay
     1    0.003588    0.010461    0.005774    2.005774 v rst (in)
                                                         rst (net)
                      0.010466    0.000000    2.005774 v input1/A (sky130_fd_sc_hd__clkbuf_2)
     4    0.020133    0.082389    0.134703    2.140477 v input1/X (sky130_fd_sc_hd__clkbuf_2)
                                                         net1 (net)
                      0.082390    0.000447    2.140925 v _11_/A (sky130_fd_sc_hd__inv_2)
     1    0.005486    0.039171    0.063963    2.204887 ^ _11_/Y (sky130_fd_sc_hd__inv_2)
                                                         _04_ (net)
                      0.039171    0.000179    2.205066 ^ _20_/RESET_B (sky130_fd_sc_hd__dfrtp_1)
                                              2.205066   data arrival time

                                  0.000000    0.000000   clock clk (rise edge)
                                  0.000000    0.000000   clock source latency
     1    0.009576    0.049542    0.032702    0.032702 ^ clk (in)
                                                         clk (net)
                      0.049544    0.000000    0.032702 ^ clkbuf_0_clk/A (sky130_fd_sc_hd__clkbuf_16)
     2    0.018191    0.040305    0.125237    0.157939 ^ clkbuf_0_clk/X (sky130_fd_sc_hd__clkbuf_16)
                                                         clknet_0_clk (net)
                      0.040306    0.000375    0.158314 ^ clkbuf_1_0__f_clk/A (sky130_fd_sc_hd__clkbuf_16)
     2    0.005400    0.029131    0.109295    0.267609 ^ clkbuf_1_0__f_clk/X (sky130_fd_sc_hd__clkbuf_16)
                                                         clknet_1_0__leaf_clk (net)
                      0.029131    0.000132    0.267741 ^ _20_/CLK (sky130_fd_sc_hd__dfrtp_1)
                                  0.250000    0.517741   clock uncertainty
                                  0.000000    0.517741   clock reconvergence pessimism
                                  0.314319    0.832059   library removal time
                                              0.832059   data required time
---------------------------------------------------------------------------------------------
                                              0.832059   data required time
                                             -2.205066   data arrival time
---------------------------------------------------------------------------------------------
                                              1.373007   slack (MET)


Startpoint: _23_ (rising edge-triggered flip-flop clocked by clk)
Endpoint: out[3] (output port clocked by clk)
Path Group: clk
Path Type: min

Fanout         Cap        Slew       Delay        Time   Description
---------------------------------------------------------------------------------------------
                                  0.000000    0.000000   clock clk (rise edge)
                                  0.000000    0.000000   clock source latency
     1    0.009576    0.049542    0.032702    0.032702 ^ clk (in)
                                                         clk (net)
                      0.049544    0.000000    0.032702 ^ clkbuf_0_clk/A (sky130_fd_sc_hd__clkbuf_16)
     2    0.018191    0.040305    0.125237    0.157939 ^ clkbuf_0_clk/X (sky130_fd_sc_hd__clkbuf_16)
                                                         clknet_0_clk (net)
                      0.040307    0.000593    0.158532 ^ clkbuf_1_1__f_clk/A (sky130_fd_sc_hd__clkbuf_16)
     2    0.006412    0.030067    0.110495    0.269027 ^ clkbuf_1_1__f_clk/X (sky130_fd_sc_hd__clkbuf_16)
                                                         clknet_1_1__leaf_clk (net)
                      0.030068    0.000176    0.269202 ^ _23_/CLK (sky130_fd_sc_hd__dfrtp_1)
     2    0.005473    0.065417    0.327475    0.596678 ^ _23_/Q (sky130_fd_sc_hd__dfrtp_1)
                                                         net5 (net)
                      0.065417    0.000126    0.596803 ^ output5/A (sky130_fd_sc_hd__buf_2)
     1    0.034486    0.171328    0.206178    0.802982 ^ output5/X (sky130_fd_sc_hd__buf_2)
                                                         out[3] (net)
                      0.171330    0.000877    0.803859 ^ out[3] (out)
                                              0.803859   data arrival time

                                  0.000000    0.000000   clock clk (rise edge)
                                  0.000000    0.000000   clock network delay (propagated)
                                  0.250000    0.250000   clock uncertainty
                                  0.000000    0.250000   clock reconvergence pessimism
                                 -2.000000   -1.750000   output external delay
                                             -1.750000   data required time
---------------------------------------------------------------------------------------------
                                             -1.750000   data required time
                                             -0.803859   data arrival time
---------------------------------------------------------------------------------------------
                                              2.553859   slack (MET)


Startpoint: _22_ (rising edge-triggered flip-flop clocked by clk)
Endpoint: out[2] (output port clocked by clk)
Path Group: clk
Path Type: min

Fanout         Cap        Slew       Delay        Time   Description
---------------------------------------------------------------------------------------------
                                  0.000000    0.000000   clock clk (rise edge)
                                  0.000000    0.000000   clock source latency
     1    0.009576    0.049542    0.032702    0.032702 ^ clk (in)
                                                         clk (net)
                      0.049544    0.000000    0.032702 ^ clkbuf_0_clk/A (sky130_fd_sc_hd__clkbuf_16)
     2    0.018191    0.040305    0.125237    0.157939 ^ clkbuf_0_clk/X (sky130_fd_sc_hd__clkbuf_16)
                                                         clknet_0_clk (net)
                      0.040306    0.000375    0.158314 ^ clkbuf_1_0__f_clk/A (sky130_fd_sc_hd__clkbuf_16)
     2    0.005400    0.029131    0.109295    0.267609 ^ clkbuf_1_0__f_clk/X (sky130_fd_sc_hd__clkbuf_16)
                                                         clknet_1_0__leaf_clk (net)
                      0.029131    0.000094    0.267703 ^ _22_/CLK (sky130_fd_sc_hd__dfrtp_1)
     3    0.007331    0.079990    0.339650    0.607352 ^ _22_/Q (sky130_fd_sc_hd__dfrtp_1)
                                                         net4 (net)
                      0.079990    0.000138    0.607490 ^ output4/A (sky130_fd_sc_hd__buf_2)
     1    0.034514    0.171546    0.211633    0.819123 ^ output4/X (sky130_fd_sc_hd__buf_2)
                                                         out[2] (net)
                      0.171549    0.000890    0.820013 ^ out[2] (out)
                                              0.820013   data arrival time

                                  0.000000    0.000000   clock clk (rise edge)
                                  0.000000    0.000000   clock network delay (propagated)
                                  0.250000    0.250000   clock uncertainty
                                  0.000000    0.250000   clock reconvergence pessimism
                                 -2.000000   -1.750000   output external delay
                                             -1.750000   data required time
---------------------------------------------------------------------------------------------
                                             -1.750000   data required time
                                             -0.820013   data arrival time
---------------------------------------------------------------------------------------------
                                              2.570013   slack (MET)


Startpoint: _20_ (rising edge-triggered flip-flop clocked by clk)
Endpoint: out[0] (output port clocked by clk)
Path Group: clk
Path Type: min

Fanout         Cap        Slew       Delay        Time   Description
---------------------------------------------------------------------------------------------
                                  0.000000    0.000000   clock clk (rise edge)
                                  0.000000    0.000000   clock source latency
     1    0.009576    0.049542    0.032702    0.032702 ^ clk (in)
                                                         clk (net)
                      0.049544    0.000000    0.032702 ^ clkbuf_0_clk/A (sky130_fd_sc_hd__clkbuf_16)
     2    0.018191    0.040305    0.125237    0.157939 ^ clkbuf_0_clk/X (sky130_fd_sc_hd__clkbuf_16)
                                                         clknet_0_clk (net)
                      0.040306    0.000375    0.158314 ^ clkbuf_1_0__f_clk/A (sky130_fd_sc_hd__clkbuf_16)
     2    0.005400    0.029131    0.109295    0.267609 ^ clkbuf_1_0__f_clk/X (sky130_fd_sc_hd__clkbuf_16)
                                                         clknet_1_0__leaf_clk (net)
                      0.029131    0.000132    0.267741 ^ _20_/CLK (sky130_fd_sc_hd__dfrtp_1)
     4    0.010705    0.073904    0.388659    0.656400 v _20_/Q (sky130_fd_sc_hd__dfrtp_1)
                                                         net2 (net)
                      0.073904    0.000241    0.656641 v output2/A (sky130_fd_sc_hd__buf_2)
     1    0.035445    0.092190    0.194918    0.851559 v output2/X (sky130_fd_sc_hd__buf_2)
                                                         out[0] (net)
                      0.092203    0.001074    0.852634 v out[0] (out)
                                              0.852634   data arrival time

                                  0.000000    0.000000   clock clk (rise edge)
                                  0.000000    0.000000   clock network delay (propagated)
                                  0.250000    0.250000   clock uncertainty
                                  0.000000    0.250000   clock reconvergence pessimism
                                 -2.000000   -1.750000   output external delay
                                             -1.750000   data required time
---------------------------------------------------------------------------------------------
                                             -1.750000   data required time
                                             -0.852634   data arrival time
---------------------------------------------------------------------------------------------
                                              2.602634   slack (MET)


Startpoint: _21_ (rising edge-triggered flip-flop clocked by clk)
Endpoint: out[1] (output port clocked by clk)
Path Group: clk
Path Type: min

Fanout         Cap        Slew       Delay        Time   Description
---------------------------------------------------------------------------------------------
                                  0.000000    0.000000   clock clk (rise edge)
                                  0.000000    0.000000   clock source latency
     1    0.009576    0.049542    0.032702    0.032702 ^ clk (in)
                                                         clk (net)
                      0.049544    0.000000    0.032702 ^ clkbuf_0_clk/A (sky130_fd_sc_hd__clkbuf_16)
     2    0.018191    0.040305    0.125237    0.157939 ^ clkbuf_0_clk/X (sky130_fd_sc_hd__clkbuf_16)
                                                         clknet_0_clk (net)
                      0.040307    0.000593    0.158532 ^ clkbuf_1_1__f_clk/A (sky130_fd_sc_hd__clkbuf_16)
     2    0.006412    0.030067    0.110495    0.269027 ^ clkbuf_1_1__f_clk/X (sky130_fd_sc_hd__clkbuf_16)
                                                         clknet_1_1__leaf_clk (net)
                      0.030068    0.000210    0.269237 ^ _21_/CLK (sky130_fd_sc_hd__dfrtp_1)
     4    0.011023    0.075254    0.390263    0.659500 v _21_/Q (sky130_fd_sc_hd__dfrtp_1)
                                                         net3 (net)
                      0.075254    0.000174    0.659674 v output3/A (sky130_fd_sc_hd__buf_2)
     1    0.034289    0.089667    0.193445    0.853119 v output3/X (sky130_fd_sc_hd__buf_2)
                                                         out[1] (net)
                      0.089678    0.000982    0.854102 v out[1] (out)
                                              0.854102   data arrival time

                                  0.000000    0.000000   clock clk (rise edge)
                                  0.000000    0.000000   clock network delay (propagated)
                                  0.250000    0.250000   clock uncertainty
                                  0.000000    0.250000   clock reconvergence pessimism
                                 -2.000000   -1.750000   output external delay
                                             -1.750000   data required time
---------------------------------------------------------------------------------------------
                                             -1.750000   data required time
                                             -0.854102   data arrival time
---------------------------------------------------------------------------------------------
                                              2.604102   slack (MET)



%OL_END_REPORT
%OL_CREATE_REPORT max.rpt

===========================================================================
report_checks -path_delay max (Setup)
============================================================================
======================= nom_tt_025C_1v80 Corner ===================================

Startpoint: _21_ (rising edge-triggered flip-flop clocked by clk)
Endpoint: out[1] (output port clocked by clk)
Path Group: clk
Path Type: max

Fanout         Cap        Slew       Delay        Time   Description
---------------------------------------------------------------------------------------------
                                  0.000000    0.000000   clock clk (rise edge)
                                  0.000000    0.000000   clock source latency
     1    0.009576    0.049542    0.032702    0.032702 ^ clk (in)
                                                         clk (net)
                      0.049544    0.000000    0.032702 ^ clkbuf_0_clk/A (sky130_fd_sc_hd__clkbuf_16)
     2    0.018191    0.040305    0.125237    0.157939 ^ clkbuf_0_clk/X (sky130_fd_sc_hd__clkbuf_16)
                                                         clknet_0_clk (net)
                      0.040307    0.000593    0.158532 ^ clkbuf_1_1__f_clk/A (sky130_fd_sc_hd__clkbuf_16)
     2    0.006412    0.030067    0.110495    0.269027 ^ clkbuf_1_1__f_clk/X (sky130_fd_sc_hd__clkbuf_16)
                                                         clknet_1_1__leaf_clk (net)
                      0.030068    0.000210    0.269237 ^ _21_/CLK (sky130_fd_sc_hd__dfrtp_1)
     4    0.011618    0.113484    0.367267    0.636505 ^ _21_/Q (sky130_fd_sc_hd__dfrtp_1)
                                                         net3 (net)
                      0.113484    0.000184    0.636689 ^ output3/A (sky130_fd_sc_hd__buf_2)
     1    0.034289    0.170703    0.223163    0.859852 ^ output3/X (sky130_fd_sc_hd__buf_2)
                                                         out[1] (net)
                      0.170706    0.000983    0.860835 ^ out[1] (out)
                                              0.860835   data arrival time

                                 10.000000   10.000000   clock clk (rise edge)
                                  0.000000   10.000000   clock network delay (propagated)
                                 -0.250000    9.750000   clock uncertainty
                                  0.000000    9.750000   clock reconvergence pessimism
                                 -2.000000    7.750000   output external delay
                                              7.750000   data required time
---------------------------------------------------------------------------------------------
                                              7.750000   data required time
                                             -0.860835   data arrival time
---------------------------------------------------------------------------------------------
                                              6.889165   slack (MET)


Startpoint: _20_ (rising edge-triggered flip-flop clocked by clk)
Endpoint: out[0] (output port clocked by clk)
Path Group: clk
Path Type: max

Fanout         Cap        Slew       Delay        Time   Description
---------------------------------------------------------------------------------------------
                                  0.000000    0.000000   clock clk (rise edge)
                                  0.000000    0.000000   clock source latency
     1    0.009576    0.049542    0.032702    0.032702 ^ clk (in)
                                                         clk (net)
                      0.049544    0.000000    0.032702 ^ clkbuf_0_clk/A (sky130_fd_sc_hd__clkbuf_16)
     2    0.018191    0.040305    0.125237    0.157939 ^ clkbuf_0_clk/X (sky130_fd_sc_hd__clkbuf_16)
                                                         clknet_0_clk (net)
                      0.040306    0.000375    0.158314 ^ clkbuf_1_0__f_clk/A (sky130_fd_sc_hd__clkbuf_16)
     2    0.005400    0.029131    0.109295    0.267609 ^ clkbuf_1_0__f_clk/X (sky130_fd_sc_hd__clkbuf_16)
                                                         clknet_1_0__leaf_clk (net)
                      0.029131    0.000132    0.267741 ^ _20_/CLK (sky130_fd_sc_hd__dfrtp_1)
     4    0.011223    0.110234    0.364556    0.632296 ^ _20_/Q (sky130_fd_sc_hd__dfrtp_1)
                                                         net2 (net)
                      0.110234    0.000254    0.632550 ^ output2/A (sky130_fd_sc_hd__buf_2)
     1    0.035445    0.176102    0.225742    0.858292 ^ output2/X (sky130_fd_sc_hd__buf_2)
                                                         out[0] (net)
                      0.176106    0.001075    0.859367 ^ out[0] (out)
                                              0.859367   data arrival time

                                 10.000000   10.000000   clock clk (rise edge)
                                  0.000000   10.000000   clock network delay (propagated)
                                 -0.250000    9.750000   clock uncertainty
                                  0.000000    9.750000   clock reconvergence pessimism
                                 -2.000000    7.750000   output external delay
                                              7.750000   data required time
---------------------------------------------------------------------------------------------
                                              7.750000   data required time
                                             -0.859367   data arrival time
---------------------------------------------------------------------------------------------
                                              6.890633   slack (MET)


Startpoint: _22_ (rising edge-triggered flip-flop clocked by clk)
Endpoint: out[2] (output port clocked by clk)
Path Group: clk
Path Type: max

Fanout         Cap        Slew       Delay        Time   Description
---------------------------------------------------------------------------------------------
                                  0.000000    0.000000   clock clk (rise edge)
                                  0.000000    0.000000   clock source latency
     1    0.009576    0.049542    0.032702    0.032702 ^ clk (in)
                                                         clk (net)
                      0.049544    0.000000    0.032702 ^ clkbuf_0_clk/A (sky130_fd_sc_hd__clkbuf_16)
     2    0.018191    0.040305    0.125237    0.157939 ^ clkbuf_0_clk/X (sky130_fd_sc_hd__clkbuf_16)
                                                         clknet_0_clk (net)
                      0.040306    0.000375    0.158314 ^ clkbuf_1_0__f_clk/A (sky130_fd_sc_hd__clkbuf_16)
     2    0.005400    0.029131    0.109295    0.267609 ^ clkbuf_1_0__f_clk/X (sky130_fd_sc_hd__clkbuf_16)
                                                         clknet_1_0__leaf_clk (net)
                      0.029131    0.000094    0.267703 ^ _22_/CLK (sky130_fd_sc_hd__dfrtp_1)
     3    0.006870    0.058141    0.369842    0.637544 v _22_/Q (sky130_fd_sc_hd__dfrtp_1)
                                                         net4 (net)
                      0.058141    0.000128    0.637672 v output4/A (sky130_fd_sc_hd__buf_2)
     1    0.034514    0.090094    0.186155    0.823827 v output4/X (sky130_fd_sc_hd__buf_2)
                                                         out[2] (net)
                      0.090103    0.000889    0.824716 v out[2] (out)
                                              0.824716   data arrival time

                                 10.000000   10.000000   clock clk (rise edge)
                                  0.000000   10.000000   clock network delay (propagated)
                                 -0.250000    9.750000   clock uncertainty
                                  0.000000    9.750000   clock reconvergence pessimism
                                 -2.000000    7.750000   output external delay
                                              7.750000   data required time
---------------------------------------------------------------------------------------------
                                              7.750000   data required time
                                             -0.824716   data arrival time
---------------------------------------------------------------------------------------------
                                              6.925284   slack (MET)


Startpoint: _23_ (rising edge-triggered flip-flop clocked by clk)
Endpoint: out[3] (output port clocked by clk)
Path Group: clk
Path Type: max

Fanout         Cap        Slew       Delay        Time   Description
---------------------------------------------------------------------------------------------
                                  0.000000    0.000000   clock clk (rise edge)
                                  0.000000    0.000000   clock source latency
     1    0.009576    0.049542    0.032702    0.032702 ^ clk (in)
                                                         clk (net)
                      0.049544    0.000000    0.032702 ^ clkbuf_0_clk/A (sky130_fd_sc_hd__clkbuf_16)
     2    0.018191    0.040305    0.125237    0.157939 ^ clkbuf_0_clk/X (sky130_fd_sc_hd__clkbuf_16)
                                                         clknet_0_clk (net)
                      0.040307    0.000593    0.158532 ^ clkbuf_1_1__f_clk/A (sky130_fd_sc_hd__clkbuf_16)
     2    0.006412    0.030067    0.110495    0.269027 ^ clkbuf_1_1__f_clk/X (sky130_fd_sc_hd__clkbuf_16)
                                                         clknet_1_1__leaf_clk (net)
                      0.030068    0.000176    0.269202 ^ _23_/CLK (sky130_fd_sc_hd__dfrtp_1)
     2    0.005148    0.049894    0.360910    0.630113 v _23_/Q (sky130_fd_sc_hd__dfrtp_1)
                                                         net5 (net)
                      0.049894    0.000117    0.630230 v output5/A (sky130_fd_sc_hd__buf_2)
     1    0.034486    0.090046    0.182438    0.812668 v output5/X (sky130_fd_sc_hd__buf_2)
                                                         out[3] (net)
                      0.090054    0.000877    0.813545 v out[3] (out)
                                              0.813545   data arrival time

                                 10.000000   10.000000   clock clk (rise edge)
                                  0.000000   10.000000   clock network delay (propagated)
                                 -0.250000    9.750000   clock uncertainty
                                  0.000000    9.750000   clock reconvergence pessimism
                                 -2.000000    7.750000   output external delay
                                              7.750000   data required time
---------------------------------------------------------------------------------------------
                                              7.750000   data required time
                                             -0.813545   data arrival time
---------------------------------------------------------------------------------------------
                                              6.936455   slack (MET)


Startpoint: rst (input port clocked by clk)
Endpoint: _20_ (recovery check against rising-edge clock clk)
Path Group: asynchronous
Path Type: max

Fanout         Cap        Slew       Delay        Time   Description
---------------------------------------------------------------------------------------------
                                  0.000000    0.000000   clock clk (rise edge)
                                  0.000000    0.000000   clock network delay (propagated)
                                  2.000000    2.000000 v input external delay
     1    0.003588    0.010461    0.005774    2.005774 v rst (in)
                                                         rst (net)
                      0.010466    0.000000    2.005774 v input1/A (sky130_fd_sc_hd__clkbuf_2)
     4    0.020133    0.082389    0.134703    2.140477 v input1/X (sky130_fd_sc_hd__clkbuf_2)
                                                         net1 (net)
                      0.082390    0.000447    2.140925 v _11_/A (sky130_fd_sc_hd__inv_2)
     1    0.005486    0.039171    0.063963    2.204887 ^ _11_/Y (sky130_fd_sc_hd__inv_2)
                                                         _04_ (net)
                      0.039171    0.000179    2.205066 ^ _20_/RESET_B (sky130_fd_sc_hd__dfrtp_1)
                                              2.205066   data arrival time

                                 10.000000   10.000000   clock clk (rise edge)
                                  0.000000   10.000000   clock source latency
     1    0.009576    0.049542    0.032702   10.032702 ^ clk (in)
                                                         clk (net)
                      0.049544    0.000000   10.032702 ^ clkbuf_0_clk/A (sky130_fd_sc_hd__clkbuf_16)
     2    0.018191    0.040305    0.125237   10.157939 ^ clkbuf_0_clk/X (sky130_fd_sc_hd__clkbuf_16)
                                                         clknet_0_clk (net)
                      0.040306    0.000376   10.158315 ^ clkbuf_1_0__f_clk/A (sky130_fd_sc_hd__clkbuf_16)
     2    0.005400    0.029131    0.109295   10.267610 ^ clkbuf_1_0__f_clk/X (sky130_fd_sc_hd__clkbuf_16)
                                                         clknet_1_0__leaf_clk (net)
                      0.029131    0.000131   10.267740 ^ _20_/CLK (sky130_fd_sc_hd__dfrtp_1)
                                 -0.250000   10.017740   clock uncertainty
                                  0.000000   10.017740   clock reconvergence pessimism
                                  0.226980   10.244720   library recovery time
                                             10.244720   data required time
---------------------------------------------------------------------------------------------
                                             10.244720   data required time
                                             -2.205066   data arrival time
---------------------------------------------------------------------------------------------
                                              8.039655   slack (MET)


Startpoint: rst (input port clocked by clk)
Endpoint: _21_ (recovery check against rising-edge clock clk)
Path Group: asynchronous
Path Type: max

Fanout         Cap        Slew       Delay        Time   Description
---------------------------------------------------------------------------------------------
                                  0.000000    0.000000   clock clk (rise edge)
                                  0.000000    0.000000   clock network delay (propagated)
                                  2.000000    2.000000 v input external delay
     1    0.003588    0.010461    0.005774    2.005774 v rst (in)
                                                         rst (net)
                      0.010466    0.000000    2.005774 v input1/A (sky130_fd_sc_hd__clkbuf_2)
     4    0.020133    0.082389    0.134703    2.140477 v input1/X (sky130_fd_sc_hd__clkbuf_2)
                                                         net1 (net)
                      0.082393    0.000684    2.141162 v _17_/A (sky130_fd_sc_hd__inv_2)
     1    0.004608    0.036157    0.060979    2.202141 ^ _17_/Y (sky130_fd_sc_hd__inv_2)
                                                         _05_ (net)
                      0.036158    0.000125    2.202265 ^ _21_/RESET_B (sky130_fd_sc_hd__dfrtp_1)
                                              2.202265   data arrival time

                                 10.000000   10.000000   clock clk (rise edge)
                                  0.000000   10.000000   clock source latency
     1    0.009576    0.049542    0.032702   10.032702 ^ clk (in)
                                                         clk (net)
                      0.049544    0.000000   10.032702 ^ clkbuf_0_clk/A (sky130_fd_sc_hd__clkbuf_16)
     2    0.018191    0.040305    0.125237   10.157939 ^ clkbuf_0_clk/X (sky130_fd_sc_hd__clkbuf_16)
                                                         clknet_0_clk (net)
                      0.040307    0.000593   10.158532 ^ clkbuf_1_1__f_clk/A (sky130_fd_sc_hd__clkbuf_16)
     2    0.006412    0.030067    0.110495   10.269027 ^ clkbuf_1_1__f_clk/X (sky130_fd_sc_hd__clkbuf_16)
                                                         clknet_1_1__leaf_clk (net)
                      0.030068    0.000210   10.269238 ^ _21_/CLK (sky130_fd_sc_hd__dfrtp_1)
                                 -0.250000   10.019238   clock uncertainty
                                  0.000000   10.019238   clock reconvergence pessimism
                                  0.228049   10.247286   library recovery time
                                             10.247286   data required time
---------------------------------------------------------------------------------------------
                                             10.247286   data required time
                                             -2.202265   data arrival time
---------------------------------------------------------------------------------------------
                                              8.045021   slack (MET)


Startpoint: rst (input port clocked by clk)
Endpoint: _22_ (recovery check against rising-edge clock clk)
Path Group: asynchronous
Path Type: max

Fanout         Cap        Slew       Delay        Time   Description
---------------------------------------------------------------------------------------------
                                  0.000000    0.000000   clock clk (rise edge)
                                  0.000000    0.000000   clock network delay (propagated)
                                  2.000000    2.000000 v input external delay
     1    0.003588    0.010461    0.005774    2.005774 v rst (in)
                                                         rst (net)
                      0.010466    0.000000    2.005774 v input1/A (sky130_fd_sc_hd__clkbuf_2)
     4    0.020133    0.082389    0.134703    2.140477 v input1/X (sky130_fd_sc_hd__clkbuf_2)
                                                         net1 (net)
                      0.082392    0.000624    2.141101 v _18_/A (sky130_fd_sc_hd__inv_2)
     1    0.004038    0.034107    0.058642    2.199743 ^ _18_/Y (sky130_fd_sc_hd__inv_2)
                                                         _06_ (net)
                      0.034107    0.000089    2.199831 ^ _22_/RESET_B (sky130_fd_sc_hd__dfrtp_1)
                                              2.199831   data arrival time

                                 10.000000   10.000000   clock clk (rise edge)
                                  0.000000   10.000000   clock source latency
     1    0.009576    0.049542    0.032702   10.032702 ^ clk (in)
                                                         clk (net)
                      0.049544    0.000000   10.032702 ^ clkbuf_0_clk/A (sky130_fd_sc_hd__clkbuf_16)
     2    0.018191    0.040305    0.125237   10.157939 ^ clkbuf_0_clk/X (sky130_fd_sc_hd__clkbuf_16)
                                                         clknet_0_clk (net)
                      0.040306    0.000376   10.158315 ^ clkbuf_1_0__f_clk/A (sky130_fd_sc_hd__clkbuf_16)
     2    0.005400    0.029131    0.109295   10.267610 ^ clkbuf_1_0__f_clk/X (sky130_fd_sc_hd__clkbuf_16)
                                                         clknet_1_0__leaf_clk (net)
                      0.029131    0.000093   10.267702 ^ _22_/CLK (sky130_fd_sc_hd__dfrtp_1)
                                 -0.250000   10.017702   clock uncertainty
                                  0.000000   10.017702   clock reconvergence pessimism
                                  0.228294   10.245997   library recovery time
                                             10.245997   data required time
---------------------------------------------------------------------------------------------
                                             10.245997   data required time
                                             -2.199831   data arrival time
---------------------------------------------------------------------------------------------
                                              8.046165   slack (MET)


Startpoint: rst (input port clocked by clk)
Endpoint: _23_ (recovery check against rising-edge clock clk)
Path Group: asynchronous
Path Type: max

Fanout         Cap        Slew       Delay        Time   Description
---------------------------------------------------------------------------------------------
                                  0.000000    0.000000   clock clk (rise edge)
                                  0.000000    0.000000   clock network delay (propagated)
                                  2.000000    2.000000 v input external delay
     1    0.003588    0.010461    0.005774    2.005774 v rst (in)
                                                         rst (net)
                      0.010466    0.000000    2.005774 v input1/A (sky130_fd_sc_hd__clkbuf_2)
     4    0.020133    0.082389    0.134703    2.140477 v input1/X (sky130_fd_sc_hd__clkbuf_2)
                                                         net1 (net)
                      0.082393    0.000679    2.141156 v _19_/A (sky130_fd_sc_hd__inv_2)
     1    0.003972    0.033863    0.058337    2.199493 ^ _19_/Y (sky130_fd_sc_hd__inv_2)
                                                         _07_ (net)
                      0.033863    0.000085    2.199579 ^ _23_/RESET_B (sky130_fd_sc_hd__dfrtp_1)
                                              2.199579   data arrival time

                                 10.000000   10.000000   clock clk (rise edge)
                                  0.000000   10.000000   clock source latency
     1    0.009576    0.049542    0.032702   10.032702 ^ clk (in)
                                                         clk (net)
                      0.049544    0.000000   10.032702 ^ clkbuf_0_clk/A (sky130_fd_sc_hd__clkbuf_16)
     2    0.018191    0.040305    0.125237   10.157939 ^ clkbuf_0_clk/X (sky130_fd_sc_hd__clkbuf_16)
                                                         clknet_0_clk (net)
                      0.040307    0.000593   10.158532 ^ clkbuf_1_1__f_clk/A (sky130_fd_sc_hd__clkbuf_16)
     2    0.006412    0.030067    0.110495   10.269027 ^ clkbuf_1_1__f_clk/X (sky130_fd_sc_hd__clkbuf_16)
                                                         clknet_1_1__leaf_clk (net)
                      0.030068    0.000176   10.269202 ^ _23_/CLK (sky130_fd_sc_hd__dfrtp_1)
                                 -0.250000   10.019202   clock uncertainty
                                  0.000000   10.019202   clock reconvergence pessimism
                                  0.228644   10.247848   library recovery time
                                             10.247848   data required time
---------------------------------------------------------------------------------------------
                                             10.247848   data required time
                                             -2.199579   data arrival time
---------------------------------------------------------------------------------------------
                                              8.048269   slack (MET)


Startpoint: _20_ (rising edge-triggered flip-flop clocked by clk)
Endpoint: _21_ (rising edge-triggered flip-flop clocked by clk)
Path Group: clk
Path Type: max

Fanout         Cap        Slew       Delay        Time   Description
---------------------------------------------------------------------------------------------
                                  0.000000    0.000000   clock clk (rise edge)
                                  0.000000    0.000000   clock source latency
     1    0.009576    0.049542    0.032702    0.032702 ^ clk (in)
                                                         clk (net)
                      0.049544    0.000000    0.032702 ^ clkbuf_0_clk/A (sky130_fd_sc_hd__clkbuf_16)
     2    0.018191    0.040305    0.125237    0.157939 ^ clkbuf_0_clk/X (sky130_fd_sc_hd__clkbuf_16)
                                                         clknet_0_clk (net)
                      0.040306    0.000375    0.158314 ^ clkbuf_1_0__f_clk/A (sky130_fd_sc_hd__clkbuf_16)
     2    0.005400    0.029131    0.109295    0.267609 ^ clkbuf_1_0__f_clk/X (sky130_fd_sc_hd__clkbuf_16)
                                                         clknet_1_0__leaf_clk (net)
                      0.029131    0.000132    0.267741 ^ _20_/CLK (sky130_fd_sc_hd__dfrtp_1)
     4    0.010705    0.073904    0.388659    0.656400 v _20_/Q (sky130_fd_sc_hd__dfrtp_1)
                                                         net2 (net)
                      0.073904    0.000149    0.656549 v hold2/A (sky130_fd_sc_hd__dlygate4sd3_1)
     2    0.010105    0.087210    0.607370    1.263919 v hold2/X (sky130_fd_sc_hd__dlygate4sd3_1)
                                                         net7 (net)
                      0.087210    0.000213    1.264132 v _12_/A (sky130_fd_sc_hd__xor2_1)
     1    0.003245    0.050287    0.172463    1.436595 v _12_/X (sky130_fd_sc_hd__xor2_1)
                                                         _01_ (net)
                      0.050287    0.000084    1.436680 v _21_/D (sky130_fd_sc_hd__dfrtp_1)
                                              1.436680   data arrival time

                                 10.000000   10.000000   clock clk (rise edge)
                                  0.000000   10.000000   clock source latency
     1    0.009576    0.049542    0.032702   10.032702 ^ clk (in)
                                                         clk (net)
                      0.049544    0.000000   10.032702 ^ clkbuf_0_clk/A (sky130_fd_sc_hd__clkbuf_16)
     2    0.018191    0.040305    0.125237   10.157939 ^ clkbuf_0_clk/X (sky130_fd_sc_hd__clkbuf_16)
                                                         clknet_0_clk (net)
                      0.040307    0.000593   10.158532 ^ clkbuf_1_1__f_clk/A (sky130_fd_sc_hd__clkbuf_16)
     2    0.006412    0.030067    0.110495   10.269027 ^ clkbuf_1_1__f_clk/X (sky130_fd_sc_hd__clkbuf_16)
                                                         clknet_1_1__leaf_clk (net)
                      0.030068    0.000210   10.269238 ^ _21_/CLK (sky130_fd_sc_hd__dfrtp_1)
                                 -0.250000   10.019238   clock uncertainty
                                  0.000000   10.019238   clock reconvergence pessimism
                                 -0.119999    9.899239   library setup time
                                              9.899239   data required time
---------------------------------------------------------------------------------------------
                                              9.899239   data required time
                                             -1.436680   data arrival time
---------------------------------------------------------------------------------------------
                                              8.462559   slack (MET)


Startpoint: _22_ (rising edge-triggered flip-flop clocked by clk)
Endpoint: _22_ (rising edge-triggered flip-flop clocked by clk)
Path Group: clk
Path Type: max

Fanout         Cap        Slew       Delay        Time   Description
---------------------------------------------------------------------------------------------
                                  0.000000    0.000000   clock clk (rise edge)
                                  0.000000    0.000000   clock source latency
     1    0.009576    0.049542    0.032702    0.032702 ^ clk (in)
                                                         clk (net)
                      0.049544    0.000000    0.032702 ^ clkbuf_0_clk/A (sky130_fd_sc_hd__clkbuf_16)
     2    0.018191    0.040305    0.125237    0.157939 ^ clkbuf_0_clk/X (sky130_fd_sc_hd__clkbuf_16)
                                                         clknet_0_clk (net)
                      0.040306    0.000375    0.158314 ^ clkbuf_1_0__f_clk/A (sky130_fd_sc_hd__clkbuf_16)
     2    0.005400    0.029131    0.109295    0.267609 ^ clkbuf_1_0__f_clk/X (sky130_fd_sc_hd__clkbuf_16)
                                                         clknet_1_0__leaf_clk (net)
                      0.029131    0.000094    0.267703 ^ _22_/CLK (sky130_fd_sc_hd__dfrtp_1)
     3    0.006870    0.058141    0.369842    0.637544 v _22_/Q (sky130_fd_sc_hd__dfrtp_1)
                                                         net4 (net)
                      0.058141    0.000114    0.637658 v hold4/A (sky130_fd_sc_hd__dlygate4sd3_1)
     1    0.003550    0.057368    0.559996    1.197655 v hold4/X (sky130_fd_sc_hd__dlygate4sd3_1)
                                                         net9 (net)
                      0.057368    0.000122    1.197777 v _13_/B1 (sky130_fd_sc_hd__a21oi_1)
     1    0.003751    0.121304    0.127255    1.325032 ^ _13_/Y (sky130_fd_sc_hd__a21oi_1)
                                                         _08_ (net)
                      0.121304    0.000098    1.325131 ^ _15_/A (sky130_fd_sc_hd__nor2_1)
     1    0.003029    0.039996    0.063143    1.388273 v _15_/Y (sky130_fd_sc_hd__nor2_1)
                                                         _02_ (net)
                      0.039996    0.000075    1.388349 v _22_/D (sky130_fd_sc_hd__dfrtp_1)
                                              1.388349   data arrival time

                                 10.000000   10.000000   clock clk (rise edge)
                                  0.000000   10.000000   clock source latency
     1    0.009576    0.049542    0.032702   10.032702 ^ clk (in)
                                                         clk (net)
                      0.049544    0.000000   10.032702 ^ clkbuf_0_clk/A (sky130_fd_sc_hd__clkbuf_16)
     2    0.018191    0.040305    0.125237   10.157939 ^ clkbuf_0_clk/X (sky130_fd_sc_hd__clkbuf_16)
                                                         clknet_0_clk (net)
                      0.040306    0.000376   10.158315 ^ clkbuf_1_0__f_clk/A (sky130_fd_sc_hd__clkbuf_16)
     2    0.005400    0.029131    0.109295   10.267610 ^ clkbuf_1_0__f_clk/X (sky130_fd_sc_hd__clkbuf_16)
                                                         clknet_1_0__leaf_clk (net)
                      0.029131    0.000093   10.267702 ^ _22_/CLK (sky130_fd_sc_hd__dfrtp_1)
                                 -0.250000   10.017702   clock uncertainty
                                  0.000000   10.017702   clock reconvergence pessimism
                                 -0.115720    9.901982   library setup time
                                              9.901982   data required time
---------------------------------------------------------------------------------------------
                                              9.901982   data required time
                                             -1.388349   data arrival time
---------------------------------------------------------------------------------------------
                                              8.513634   slack (MET)


Startpoint: _23_ (rising edge-triggered flip-flop clocked by clk)
Endpoint: _23_ (rising edge-triggered flip-flop clocked by clk)
Path Group: clk
Path Type: max

Fanout         Cap        Slew       Delay        Time   Description
---------------------------------------------------------------------------------------------
                                  0.000000    0.000000   clock clk (rise edge)
                                  0.000000    0.000000   clock source latency
     1    0.009576    0.049542    0.032702    0.032702 ^ clk (in)
                                                         clk (net)
                      0.049544    0.000000    0.032702 ^ clkbuf_0_clk/A (sky130_fd_sc_hd__clkbuf_16)
     2    0.018191    0.040305    0.125237    0.157939 ^ clkbuf_0_clk/X (sky130_fd_sc_hd__clkbuf_16)
                                                         clknet_0_clk (net)
                      0.040307    0.000593    0.158532 ^ clkbuf_1_1__f_clk/A (sky130_fd_sc_hd__clkbuf_16)
     2    0.006412    0.030067    0.110495    0.269027 ^ clkbuf_1_1__f_clk/X (sky130_fd_sc_hd__clkbuf_16)
                                                         clknet_1_1__leaf_clk (net)
                      0.030068    0.000176    0.269202 ^ _23_/CLK (sky130_fd_sc_hd__dfrtp_1)
     2    0.005148    0.049894    0.360910    0.630113 v _23_/Q (sky130_fd_sc_hd__dfrtp_1)
                                                         net5 (net)
                      0.049894    0.000101    0.630213 v hold1/A (sky130_fd_sc_hd__dlygate4sd3_1)
     1    0.006195    0.069587    0.573670    1.203883 v hold1/X (sky130_fd_sc_hd__dlygate4sd3_1)
                                                         net6 (net)
                      0.069587    0.000258    1.204141 v _16_/A (sky130_fd_sc_hd__xor2_1)
     1    0.003178    0.051673    0.165086    1.369227 v _16_/X (sky130_fd_sc_hd__xor2_1)
                                                         _03_ (net)
                      0.051673    0.000107    1.369334 v _23_/D (sky130_fd_sc_hd__dfrtp_1)
                                              1.369334   data arrival time

                                 10.000000   10.000000   clock clk (rise edge)
                                  0.000000   10.000000   clock source latency
     1    0.009576    0.049542    0.032702   10.032702 ^ clk (in)
                                                         clk (net)
                      0.049544    0.000000   10.032702 ^ clkbuf_0_clk/A (sky130_fd_sc_hd__clkbuf_16)
     2    0.018191    0.040305    0.125237   10.157939 ^ clkbuf_0_clk/X (sky130_fd_sc_hd__clkbuf_16)
                                                         clknet_0_clk (net)
                      0.040307    0.000593   10.158532 ^ clkbuf_1_1__f_clk/A (sky130_fd_sc_hd__clkbuf_16)
     2    0.006412    0.030067    0.110495   10.269027 ^ clkbuf_1_1__f_clk/X (sky130_fd_sc_hd__clkbuf_16)
                                                         clknet_1_1__leaf_clk (net)
                      0.030068    0.000176   10.269202 ^ _23_/CLK (sky130_fd_sc_hd__dfrtp_1)
                                 -0.250000   10.019202   clock uncertainty
                                  0.000000   10.019202   clock reconvergence pessimism
                                 -0.120604    9.898599   library setup time
                                              9.898599   data required time
---------------------------------------------------------------------------------------------
                                              9.898599   data required time
                                             -1.369334   data arrival time
---------------------------------------------------------------------------------------------
                                              8.529264   slack (MET)


Startpoint: _20_ (rising edge-triggered flip-flop clocked by clk)
Endpoint: _20_ (rising edge-triggered flip-flop clocked by clk)
Path Group: clk
Path Type: max

Fanout         Cap        Slew       Delay        Time   Description
---------------------------------------------------------------------------------------------
                                  0.000000    0.000000   clock clk (rise edge)
                                  0.000000    0.000000   clock source latency
     1    0.009576    0.049542    0.032702    0.032702 ^ clk (in)
                                                         clk (net)
                      0.049544    0.000000    0.032702 ^ clkbuf_0_clk/A (sky130_fd_sc_hd__clkbuf_16)
     2    0.018191    0.040305    0.125237    0.157939 ^ clkbuf_0_clk/X (sky130_fd_sc_hd__clkbuf_16)
                                                         clknet_0_clk (net)
                      0.040306    0.000375    0.158314 ^ clkbuf_1_0__f_clk/A (sky130_fd_sc_hd__clkbuf_16)
     2    0.005400    0.029131    0.109295    0.267609 ^ clkbuf_1_0__f_clk/X (sky130_fd_sc_hd__clkbuf_16)
                                                         clknet_1_0__leaf_clk (net)
                      0.029131    0.000132    0.267741 ^ _20_/CLK (sky130_fd_sc_hd__dfrtp_1)
     4    0.011223    0.110234    0.364556    0.632296 ^ _20_/Q (sky130_fd_sc_hd__dfrtp_1)
                                                         net2 (net)
                      0.110234    0.000158    0.632454 ^ hold2/A (sky130_fd_sc_hd__dlygate4sd3_1)
     2    0.010805    0.123131    0.614811    1.247265 ^ hold2/X (sky130_fd_sc_hd__dlygate4sd3_1)
                                                         net7 (net)
                      0.123131    0.000214    1.247479 ^ _10_/A (sky130_fd_sc_hd__inv_2)
     1    0.002714    0.026809    0.036423    1.283902 v _10_/Y (sky130_fd_sc_hd__inv_2)
                                                         _00_ (net)
                      0.026809    0.000062    1.283964 v _20_/D (sky130_fd_sc_hd__dfrtp_1)
                                              1.283964   data arrival time

                                 10.000000   10.000000   clock clk (rise edge)
                                  0.000000   10.000000   clock source latency
     1    0.009576    0.049542    0.032702   10.032702 ^ clk (in)
                                                         clk (net)
                      0.049544    0.000000   10.032702 ^ clkbuf_0_clk/A (sky130_fd_sc_hd__clkbuf_16)
     2    0.018191    0.040305    0.125237   10.157939 ^ clkbuf_0_clk/X (sky130_fd_sc_hd__clkbuf_16)
                                                         clknet_0_clk (net)
                      0.040306    0.000376   10.158315 ^ clkbuf_1_0__f_clk/A (sky130_fd_sc_hd__clkbuf_16)
     2    0.005400    0.029131    0.109295   10.267610 ^ clkbuf_1_0__f_clk/X (sky130_fd_sc_hd__clkbuf_16)
                                                         clknet_1_0__leaf_clk (net)
                      0.029131    0.000131   10.267740 ^ _20_/CLK (sky130_fd_sc_hd__dfrtp_1)
                                 -0.250000   10.017740   clock uncertainty
                                  0.000000   10.017740   clock reconvergence pessimism
                                 -0.109961    9.907780   library setup time
                                              9.907780   data required time
---------------------------------------------------------------------------------------------
                                              9.907780   data required time
                                             -1.283964   data arrival time
---------------------------------------------------------------------------------------------
                                              8.623816   slack (MET)



%OL_END_REPORT
%OL_CREATE_REPORT checks.rpt

===========================================================================
report_checks -unconstrained
===========================================================================
======================= nom_tt_025C_1v80 Corner ===================================

Startpoint: rst (input port clocked by clk)
Endpoint: _20_ (recovery check against rising-edge clock clk)
Path Group: asynchronous
Path Type: max

Fanout         Cap        Slew       Delay        Time   Description
---------------------------------------------------------------------------------------------
                                  0.000000    0.000000   clock clk (rise edge)
                                  0.000000    0.000000   clock network delay (propagated)
                                  2.000000    2.000000 v input external delay
     1    0.003588    0.010461    0.005774    2.005774 v rst (in)
                                                         rst (net)
                      0.010466    0.000000    2.005774 v input1/A (sky130_fd_sc_hd__clkbuf_2)
     4    0.020133    0.082389    0.134703    2.140477 v input1/X (sky130_fd_sc_hd__clkbuf_2)
                                                         net1 (net)
                      0.082390    0.000447    2.140925 v _11_/A (sky130_fd_sc_hd__inv_2)
     1    0.005486    0.039171    0.063963    2.204887 ^ _11_/Y (sky130_fd_sc_hd__inv_2)
                                                         _04_ (net)
                      0.039171    0.000179    2.205066 ^ _20_/RESET_B (sky130_fd_sc_hd__dfrtp_1)
                                              2.205066   data arrival time

                                 10.000000   10.000000   clock clk (rise edge)
                                  0.000000   10.000000   clock source latency
     1    0.009576    0.049542    0.032702   10.032702 ^ clk (in)
                                                         clk (net)
                      0.049544    0.000000   10.032702 ^ clkbuf_0_clk/A (sky130_fd_sc_hd__clkbuf_16)
     2    0.018191    0.040305    0.125237   10.157939 ^ clkbuf_0_clk/X (sky130_fd_sc_hd__clkbuf_16)
                                                         clknet_0_clk (net)
                      0.040306    0.000376   10.158315 ^ clkbuf_1_0__f_clk/A (sky130_fd_sc_hd__clkbuf_16)
     2    0.005400    0.029131    0.109295   10.267610 ^ clkbuf_1_0__f_clk/X (sky130_fd_sc_hd__clkbuf_16)
                                                         clknet_1_0__leaf_clk (net)
                      0.029131    0.000131   10.267740 ^ _20_/CLK (sky130_fd_sc_hd__dfrtp_1)
                                 -0.250000   10.017740   clock uncertainty
                                  0.000000   10.017740   clock reconvergence pessimism
                                  0.226980   10.244720   library recovery time
                                             10.244720   data required time
---------------------------------------------------------------------------------------------
                                             10.244720   data required time
                                             -2.205066   data arrival time
---------------------------------------------------------------------------------------------
                                              8.039655   slack (MET)


Startpoint: _21_ (rising edge-triggered flip-flop clocked by clk)
Endpoint: out[1] (output port clocked by clk)
Path Group: clk
Path Type: max

Fanout         Cap        Slew       Delay        Time   Description
---------------------------------------------------------------------------------------------
                                  0.000000    0.000000   clock clk (rise edge)
                                  0.000000    0.000000   clock source latency
     1    0.009576    0.049542    0.032702    0.032702 ^ clk (in)
                                                         clk (net)
                      0.049544    0.000000    0.032702 ^ clkbuf_0_clk/A (sky130_fd_sc_hd__clkbuf_16)
     2    0.018191    0.040305    0.125237    0.157939 ^ clkbuf_0_clk/X (sky130_fd_sc_hd__clkbuf_16)
                                                         clknet_0_clk (net)
                      0.040307    0.000593    0.158532 ^ clkbuf_1_1__f_clk/A (sky130_fd_sc_hd__clkbuf_16)
     2    0.006412    0.030067    0.110495    0.269027 ^ clkbuf_1_1__f_clk/X (sky130_fd_sc_hd__clkbuf_16)
                                                         clknet_1_1__leaf_clk (net)
                      0.030068    0.000210    0.269237 ^ _21_/CLK (sky130_fd_sc_hd__dfrtp_1)
     4    0.011618    0.113484    0.367267    0.636505 ^ _21_/Q (sky130_fd_sc_hd__dfrtp_1)
                                                         net3 (net)
                      0.113484    0.000184    0.636689 ^ output3/A (sky130_fd_sc_hd__buf_2)
     1    0.034289    0.170703    0.223163    0.859852 ^ output3/X (sky130_fd_sc_hd__buf_2)
                                                         out[1] (net)
                      0.170706    0.000983    0.860835 ^ out[1] (out)
                                              0.860835   data arrival time

                                 10.000000   10.000000   clock clk (rise edge)
                                  0.000000   10.000000   clock network delay (propagated)
                                 -0.250000    9.750000   clock uncertainty
                                  0.000000    9.750000   clock reconvergence pessimism
                                 -2.000000    7.750000   output external delay
                                              7.750000   data required time
---------------------------------------------------------------------------------------------
                                              7.750000   data required time
                                             -0.860835   data arrival time
---------------------------------------------------------------------------------------------
                                              6.889165   slack (MET)




===========================================================================
report_checks --slack_max -0.01
============================================================================
======================= nom_tt_025C_1v80 Corner ===================================

No paths found.


===========================================================================
 report_check_types -max_slew -max_cap -max_fanout -violators
============================================================================
======================= nom_tt_025C_1v80 Corner ===================================



===========================================================================
report_parasitic_annotation -report_unannotated
============================================================================
Found 0 unannotated drivers.
Found 0 partially unannotated drivers.

===========================================================================
max slew violation count 0
Writing metric design__max_slew_violation__count__corner:nom_tt_025C_1v80: 0
max fanout violation count 0
Writing metric design__max_fanout_violation__count__corner:nom_tt_025C_1v80: 0
max cap violation count 0
Writing metric design__max_cap_violation__count__corner:nom_tt_025C_1v80: 0
============================================================================

===========================================================================
check_setup -verbose -unconstrained_endpoints -multiple_clock -no_clock -no_input_delay -loops -generated_clocks
===========================================================================
%OL_END_REPORT
%OL_CREATE_REPORT power.rpt

===========================================================================
 report_power
============================================================================
======================= nom_tt_025C_1v80 Corner ===================================

Group                    Internal    Switching      Leakage        Total
                            Power        Power        Power        Power (Watts)
------------------------------------------------------------------------
Sequential           1.630962e-05 0.000000e+00 5.131949e-11 1.630967e-05  21.0%
Combinational        2.884620e-07 6.431430e-07 8.546645e-11 9.316905e-07   1.2%
Clock                5.077725e-05 9.720906e-06 1.017701e-10 6.049825e-05  77.8%
Macro                0.000000e+00 0.000000e+00 0.000000e+00 0.000000e+00   0.0%
Pad                  0.000000e+00 0.000000e+00 0.000000e+00 0.000000e+00   0.0%
------------------------------------------------------------------------
Total                6.737532e-05 1.036405e-05 2.385560e-10 7.773961e-05 100.0%
                            86.7%        13.3%         0.0%
Writing metric power__internal__total: 6.737532385159284e-5
Writing metric power__switching__total: 1.0364048648625612e-5
Writing metric power__leakage__total: 2.385559527695591e-10
Writing metric power__total: 7.773961260681972e-5

%OL_END_REPORT
%OL_CREATE_REPORT skew.min.rpt

===========================================================================
Clock Skew (Hold)
============================================================================
Writing metric clock__skew__worst_hold__corner:nom_tt_025C_1v80: -0.25149980032638336
======================= nom_tt_025C_1v80 Corner ===================================

Clock clk
0.267703 source latency _22_/CLK ^
-0.269202 target latency _23_/CLK ^
-0.250000 clock uncertainty
0.000000 CRPR
--------------
-0.251500 hold skew

%OL_END_REPORT
%OL_CREATE_REPORT skew.max.rpt

===========================================================================
Clock Skew (Setup)
============================================================================
Writing metric clock__skew__worst_setup__corner:nom_tt_025C_1v80: 0.2515346613303425
======================= nom_tt_025C_1v80 Corner ===================================

Clock clk
0.269237 source latency _21_/CLK ^
-0.267703 target latency _22_/CLK ^
0.250000 clock uncertainty
0.000000 CRPR
--------------
0.251535 setup skew

%OL_END_REPORT
%OL_CREATE_REPORT ws.min.rpt

===========================================================================
Worst Slack (Hold)
============================================================================
Writing metric timing__hold__ws__corner:nom_tt_025C_1v80: 0.3334302373024067
nom_tt_025C_1v80: 0.3334302373024067
%OL_END_REPORT
%OL_CREATE_REPORT ws.max.rpt

===========================================================================
Worst Slack (Setup)
============================================================================
Writing metric timing__setup__ws__corner:nom_tt_025C_1v80: 6.889165433116333
nom_tt_025C_1v80: 6.889165433116333
%OL_END_REPORT
%OL_CREATE_REPORT tns.min.rpt

===========================================================================
Total Negative Slack (Hold)
============================================================================
Writing metric timing__hold__tns__corner:nom_tt_025C_1v80: 0.0
nom_tt_025C_1v80: 0.0
%OL_END_REPORT
%OL_CREATE_REPORT tns.max.rpt

===========================================================================
Total Negative Slack (Setup)
============================================================================
Writing metric timing__setup__tns__corner:nom_tt_025C_1v80: 0.0
nom_tt_025C_1v80: 0.0
%OL_END_REPORT
%OL_CREATE_REPORT wns.min.rpt

===========================================================================
Worst Negative Slack (Hold)
============================================================================
Writing metric timing__hold__wns__corner:nom_tt_025C_1v80: 0
nom_tt_025C_1v80: 0
%OL_END_REPORT
%OL_CREATE_REPORT wns.max.rpt

===========================================================================
Worst Negative Slack (Setup)
============================================================================
Writing metric timing__setup__wns__corner:nom_tt_025C_1v80: 0.0
nom_tt_025C_1v80: 0.0
%OL_END_REPORT
%OL_CREATE_REPORT violator_list.rpt

===========================================================================
Violator List
============================================================================
Writing metric timing__hold_vio__count__corner:nom_tt_025C_1v80: 0
Writing metric timing__hold_r2r__ws__corner:nom_tt_025C_1v80: 0.333430
Writing metric timing__hold_r2r_vio__count__corner:nom_tt_025C_1v80: 0
Writing metric timing__setup_vio__count__corner:nom_tt_025C_1v80: 0
Writing metric timing__setup_r2r__ws__corner:nom_tt_025C_1v80: 8.462559
Writing metric timing__setup_r2r_vio__count__corner:nom_tt_025C_1v80: 0
%OL_END_REPORT
%OL_CREATE_REPORT unpropagated.rpt
%OL_END_REPORT
%OL_CREATE_REPORT clock.rpt
Clock: clk
Sources: clk 
Generated: no
Virtual: yes
Propagated: no
Period: 10.000000

===========================================================================
report_clock_properties
============================================================================
Clock                   Period          Waveform
----------------------------------------------------
clk                  10.000000    0.000000  5.000000

===========================================================================
report_clock_latency
============================================================================
Clock clk
rise -> rise
    min     max
0.000000 0.000000 source latency
0.267703         network latency _22_/CLK
        0.269237 network latency _21_/CLK
---------------
0.267703 0.269237 latency
        0.001535 skew

fall -> fall
    min     max
0.000000 0.000000 source latency
0.276609         network latency _22_/CLK
        0.278003 network latency _21_/CLK
---------------
0.276609 0.278003 latency
        0.001395 skew



===========================================================================
report_clock_min_period
============================================================================
clk period_min = 1.54 fmax = 650.43
%OL_END_REPORT
