Clock: clk
Sources: clk 
Generated: no
Virtual: yes
Propagated: no
Period: 10.000000

===========================================================================
report_clock_properties
============================================================================
Clock                   Period          Waveform
----------------------------------------------------
clk                  10.000000    0.000000  5.000000

===========================================================================
report_clock_latency
============================================================================
Clock clk
rise -> rise
    min     max
0.000000 0.000000 source latency
0.185975         network latency _22_/CLK
        0.187278 network latency _23_/CLK
---------------
0.185975 0.187278 latency
        0.001303 skew

fall -> fall
    min     max
0.000000 0.000000 source latency
0.186959         network latency _22_/CLK
        0.188169 network latency _23_/CLK
---------------
0.186959 0.188169 latency
        0.001209 skew



===========================================================================
report_clock_min_period
============================================================================
clk period_min = 1.09 fmax = 919.00
