
===========================================================================
report_checks -path_delay min (Hold)
============================================================================
======================= max_ff_n40C_1v95 Corner ===================================

Startpoint: _20_ (rising edge-triggered flip-flop clocked by clk)
Endpoint: _22_ (rising edge-triggered flip-flop clocked by clk)
Path Group: clk
Path Type: min

Fanout         Cap        Slew       Delay        Time   Description
---------------------------------------------------------------------------------------------
                                  0.000000    0.000000   clock clk (rise edge)
                                  0.000000    0.000000   clock source latency
     1    0.010380    0.039730    0.026201    0.026201 ^ clk (in)
                                                         clk (net)
                      0.039741    0.000000    0.026201 ^ clkbuf_0_clk/A (sky130_fd_sc_hd__clkbuf_16)
     2    0.017611    0.029590    0.085193    0.111394 ^ clkbuf_0_clk/X (sky130_fd_sc_hd__clkbuf_16)
                                                         clknet_0_clk (net)
                      0.029602    0.000903    0.112296 ^ clkbuf_1_0__f_clk/A (sky130_fd_sc_hd__clkbuf_16)
     2    0.005110    0.021068    0.073393    0.185690 ^ clkbuf_1_0__f_clk/X (sky130_fd_sc_hd__clkbuf_16)
                                                         clknet_1_0__leaf_clk (net)
                      0.021070    0.000303    0.185992 ^ _20_/CLK (sky130_fd_sc_hd__dfrtp_1)
     4    0.013532    0.096137    0.245008    0.431000 ^ _20_/Q (sky130_fd_sc_hd__dfrtp_1)
                                                         net2 (net)
                      0.096141    0.000729    0.431729 ^ _13_/A1 (sky130_fd_sc_hd__a21oi_1)
     1    0.004673    0.021798    0.049059    0.480789 v _13_/Y (sky130_fd_sc_hd__a21oi_1)
                                                         _08_ (net)
                      0.021806    0.000325    0.481113 v _15_/A (sky130_fd_sc_hd__nor2_1)
     1    0.003103    0.056628    0.064349    0.545462 ^ _15_/Y (sky130_fd_sc_hd__nor2_1)
                                                         _02_ (net)
                      0.056628    0.000132    0.545595 ^ _22_/D (sky130_fd_sc_hd__dfrtp_1)
                                              0.545595   data arrival time

                                  0.000000    0.000000   clock clk (rise edge)
                                  0.000000    0.000000   clock source latency
     1    0.010380    0.039730    0.026201    0.026201 ^ clk (in)
                                                         clk (net)
                      0.039741    0.000000    0.026201 ^ clkbuf_0_clk/A (sky130_fd_sc_hd__clkbuf_16)
     2    0.017611    0.029590    0.085193    0.111394 ^ clkbuf_0_clk/X (sky130_fd_sc_hd__clkbuf_16)
                                                         clknet_0_clk (net)
                      0.029602    0.000903    0.112296 ^ clkbuf_1_0__f_clk/A (sky130_fd_sc_hd__clkbuf_16)
     2    0.005110    0.021068    0.073393    0.185690 ^ clkbuf_1_0__f_clk/X (sky130_fd_sc_hd__clkbuf_16)
                                                         clknet_1_0__leaf_clk (net)
                      0.021070    0.000285    0.185975 ^ _22_/CLK (sky130_fd_sc_hd__dfrtp_1)
                                  0.250000    0.435975   clock uncertainty
                                  0.000000    0.435975   clock reconvergence pessimism
                                 -0.021997    0.413978   library hold time
                                              0.413978   data required time
---------------------------------------------------------------------------------------------
                                              0.413978   data required time
                                             -0.545595   data arrival time
---------------------------------------------------------------------------------------------
                                              0.131617   slack (MET)


Startpoint: _22_ (rising edge-triggered flip-flop clocked by clk)
Endpoint: _23_ (rising edge-triggered flip-flop clocked by clk)
Path Group: clk
Path Type: min

Fanout         Cap        Slew       Delay        Time   Description
---------------------------------------------------------------------------------------------
                                  0.000000    0.000000   clock clk (rise edge)
                                  0.000000    0.000000   clock source latency
     1    0.010380    0.039730    0.026201    0.026201 ^ clk (in)
                                                         clk (net)
                      0.039741    0.000000    0.026201 ^ clkbuf_0_clk/A (sky130_fd_sc_hd__clkbuf_16)
     2    0.017611    0.029590    0.085193    0.111394 ^ clkbuf_0_clk/X (sky130_fd_sc_hd__clkbuf_16)
                                                         clknet_0_clk (net)
                      0.029602    0.000903    0.112296 ^ clkbuf_1_0__f_clk/A (sky130_fd_sc_hd__clkbuf_16)
     2    0.005110    0.021068    0.073393    0.185690 ^ clkbuf_1_0__f_clk/X (sky130_fd_sc_hd__clkbuf_16)
                                                         clknet_1_0__leaf_clk (net)
                      0.021070    0.000285    0.185975 ^ _22_/CLK (sky130_fd_sc_hd__dfrtp_1)
     3    0.008518    0.065507    0.221806    0.407781 ^ _22_/Q (sky130_fd_sc_hd__dfrtp_1)
                                                         net4 (net)
                      0.065508    0.000440    0.408220 ^ _14_/C (sky130_fd_sc_hd__and3_1)
     2    0.008438    0.071881    0.123661    0.531881 ^ _14_/X (sky130_fd_sc_hd__and3_1)
                                                         _09_ (net)
                      0.071883    0.000534    0.532415 ^ _16_/B (sky130_fd_sc_hd__xor2_1)
     1    0.002559    0.024372    0.037835    0.570249 v _16_/X (sky130_fd_sc_hd__xor2_1)
                                                         _03_ (net)
                      0.024372    0.000176    0.570425 v _23_/D (sky130_fd_sc_hd__dfrtp_1)
                                              0.570425   data arrival time

                                  0.000000    0.000000   clock clk (rise edge)
                                  0.000000    0.000000   clock source latency
     1    0.010380    0.039730    0.026201    0.026201 ^ clk (in)
                                                         clk (net)
                      0.039741    0.000000    0.026201 ^ clkbuf_0_clk/A (sky130_fd_sc_hd__clkbuf_16)
     2    0.017611    0.029590    0.085193    0.111394 ^ clkbuf_0_clk/X (sky130_fd_sc_hd__clkbuf_16)
                                                         clknet_0_clk (net)
                      0.029597    0.000634    0.112028 ^ clkbuf_1_1__f_clk/A (sky130_fd_sc_hd__clkbuf_16)
     2    0.006824    0.022259    0.074836    0.186863 ^ clkbuf_1_1__f_clk/X (sky130_fd_sc_hd__clkbuf_16)
                                                         clknet_1_1__leaf_clk (net)
                      0.022260    0.000415    0.187278 ^ _23_/CLK (sky130_fd_sc_hd__dfrtp_1)
                                  0.250000    0.437278   clock uncertainty
                                  0.000000    0.437278   clock reconvergence pessimism
                                 -0.030763    0.406515   library hold time
                                              0.406515   data required time
---------------------------------------------------------------------------------------------
                                              0.406515   data required time
                                             -0.570425   data arrival time
---------------------------------------------------------------------------------------------
                                              0.163910   slack (MET)


Startpoint: _20_ (rising edge-triggered flip-flop clocked by clk)
Endpoint: _20_ (rising edge-triggered flip-flop clocked by clk)
Path Group: clk
Path Type: min

Fanout         Cap        Slew       Delay        Time   Description
---------------------------------------------------------------------------------------------
                                  0.000000    0.000000   clock clk (rise edge)
                                  0.000000    0.000000   clock source latency
     1    0.010380    0.039730    0.026201    0.026201 ^ clk (in)
                                                         clk (net)
                      0.039741    0.000000    0.026201 ^ clkbuf_0_clk/A (sky130_fd_sc_hd__clkbuf_16)
     2    0.017611    0.029590    0.085193    0.111394 ^ clkbuf_0_clk/X (sky130_fd_sc_hd__clkbuf_16)
                                                         clknet_0_clk (net)
                      0.029602    0.000903    0.112296 ^ clkbuf_1_0__f_clk/A (sky130_fd_sc_hd__clkbuf_16)
     2    0.005110    0.021068    0.073393    0.185690 ^ clkbuf_1_0__f_clk/X (sky130_fd_sc_hd__clkbuf_16)
                                                         clknet_1_0__leaf_clk (net)
                      0.021070    0.000303    0.185992 ^ _20_/CLK (sky130_fd_sc_hd__dfrtp_1)
     4    0.012983    0.058884    0.253532    0.439525 v _20_/Q (sky130_fd_sc_hd__dfrtp_1)
                                                         net2 (net)
                      0.058890    0.000623    0.440147 v hold2/A (sky130_fd_sc_hd__dlygate4sd3_1)
     2    0.008998    0.059837    0.399049    0.839196 v hold2/X (sky130_fd_sc_hd__dlygate4sd3_1)
                                                         net7 (net)
                      0.059922    0.000310    0.839506 v _10_/A (sky130_fd_sc_hd__inv_2)
     1    0.003042    0.023028    0.037613    0.877119 ^ _10_/Y (sky130_fd_sc_hd__inv_2)
                                                         _00_ (net)
                      0.023028    0.000224    0.877343 ^ _20_/D (sky130_fd_sc_hd__dfrtp_1)
                                              0.877343   data arrival time

                                  0.000000    0.000000   clock clk (rise edge)
                                  0.000000    0.000000   clock source latency
     1    0.010380    0.039730    0.026201    0.026201 ^ clk (in)
                                                         clk (net)
                      0.039741    0.000000    0.026201 ^ clkbuf_0_clk/A (sky130_fd_sc_hd__clkbuf_16)
     2    0.017611    0.029590    0.085193    0.111394 ^ clkbuf_0_clk/X (sky130_fd_sc_hd__clkbuf_16)
                                                         clknet_0_clk (net)
                      0.029602    0.000903    0.112296 ^ clkbuf_1_0__f_clk/A (sky130_fd_sc_hd__clkbuf_16)
     2    0.005110    0.021068    0.073393    0.185690 ^ clkbuf_1_0__f_clk/X (sky130_fd_sc_hd__clkbuf_16)
                                                         clknet_1_0__leaf_clk (net)
                      0.021070    0.000303    0.185992 ^ _20_/CLK (sky130_fd_sc_hd__dfrtp_1)
                                  0.250000    0.435992   clock uncertainty
                                  0.000000    0.435992   clock reconvergence pessimism
                                 -0.019450    0.416542   library hold time
                                              0.416542   data required time
---------------------------------------------------------------------------------------------
                                              0.416542   data required time
                                             -0.877343   data arrival time
---------------------------------------------------------------------------------------------
                                              0.460800   slack (MET)


Startpoint: _21_ (rising edge-triggered flip-flop clocked by clk)
Endpoint: _21_ (rising edge-triggered flip-flop clocked by clk)
Path Group: clk
Path Type: min

Fanout         Cap        Slew       Delay        Time   Description
---------------------------------------------------------------------------------------------
                                  0.000000    0.000000   clock clk (rise edge)
                                  0.000000    0.000000   clock source latency
     1    0.010380    0.039730    0.026201    0.026201 ^ clk (in)
                                                         clk (net)
                      0.039741    0.000000    0.026201 ^ clkbuf_0_clk/A (sky130_fd_sc_hd__clkbuf_16)
     2    0.017611    0.029590    0.085193    0.111394 ^ clkbuf_0_clk/X (sky130_fd_sc_hd__clkbuf_16)
                                                         clknet_0_clk (net)
                      0.029597    0.000634    0.112028 ^ clkbuf_1_1__f_clk/A (sky130_fd_sc_hd__clkbuf_16)
     2    0.006824    0.022259    0.074836    0.186863 ^ clkbuf_1_1__f_clk/X (sky130_fd_sc_hd__clkbuf_16)
                                                         clknet_1_1__leaf_clk (net)
                      0.022260    0.000395    0.187259 ^ _21_/CLK (sky130_fd_sc_hd__dfrtp_1)
     4    0.014026    0.099277    0.247493    0.434751 ^ _21_/Q (sky130_fd_sc_hd__dfrtp_1)
                                                         net3 (net)
                      0.099280    0.000721    0.435473 ^ hold3/A (sky130_fd_sc_hd__dlygate4sd3_1)
     1    0.005789    0.057432    0.399869    0.835342 ^ hold3/X (sky130_fd_sc_hd__dlygate4sd3_1)
                                                         net8 (net)
                      0.057432    0.000274    0.835616 ^ _12_/B (sky130_fd_sc_hd__xor2_1)
     1    0.003780    0.027802    0.040610    0.876226 v _12_/X (sky130_fd_sc_hd__xor2_1)
                                                         _01_ (net)
                      0.027802    0.000279    0.876506 v _21_/D (sky130_fd_sc_hd__dfrtp_1)
                                              0.876506   data arrival time

                                  0.000000    0.000000   clock clk (rise edge)
                                  0.000000    0.000000   clock source latency
     1    0.010380    0.039730    0.026201    0.026201 ^ clk (in)
                                                         clk (net)
                      0.039741    0.000000    0.026201 ^ clkbuf_0_clk/A (sky130_fd_sc_hd__clkbuf_16)
     2    0.017611    0.029590    0.085193    0.111394 ^ clkbuf_0_clk/X (sky130_fd_sc_hd__clkbuf_16)
                                                         clknet_0_clk (net)
                      0.029597    0.000634    0.112028 ^ clkbuf_1_1__f_clk/A (sky130_fd_sc_hd__clkbuf_16)
     2    0.006824    0.022259    0.074836    0.186863 ^ clkbuf_1_1__f_clk/X (sky130_fd_sc_hd__clkbuf_16)
                                                         clknet_1_1__leaf_clk (net)
                      0.022260    0.000395    0.187259 ^ _21_/CLK (sky130_fd_sc_hd__dfrtp_1)
                                  0.250000    0.437259   clock uncertainty
                                  0.000000    0.437259   clock reconvergence pessimism
                                 -0.031878    0.405381   library hold time
                                              0.405381   data required time
---------------------------------------------------------------------------------------------
                                              0.405381   data required time
                                             -0.876506   data arrival time
---------------------------------------------------------------------------------------------
                                              0.471125   slack (MET)


Startpoint: rst (input port clocked by clk)
Endpoint: _23_ (removal check against rising-edge clock clk)
Path Group: asynchronous
Path Type: min

Fanout         Cap        Slew       Delay        Time   Description
---------------------------------------------------------------------------------------------
                                  0.000000    0.000000   clock clk (rise edge)
                                  0.000000    0.000000   clock network delay (propagated)
                                  2.000000    2.000000 v input external delay
     1    0.003347    0.005516    0.002813    2.002813 v rst (in)
                                                         rst (net)
                      0.005525    0.000000    2.002813 v input1/A (sky130_fd_sc_hd__clkbuf_2)
     4    0.020820    0.058614    0.091394    2.094206 v input1/X (sky130_fd_sc_hd__clkbuf_2)
                                                         net1 (net)
                      0.058685    0.001446    2.095653 v _19_/A (sky130_fd_sc_hd__inv_2)
     1    0.004024    0.025154    0.040629    2.136281 ^ _19_/Y (sky130_fd_sc_hd__inv_2)
                                                         _07_ (net)
                      0.025155    0.000210    2.136492 ^ _23_/RESET_B (sky130_fd_sc_hd__dfrtp_1)
                                              2.136492   data arrival time

                                  0.000000    0.000000   clock clk (rise edge)
                                  0.000000    0.000000   clock source latency
     1    0.010380    0.039730    0.026201    0.026201 ^ clk (in)
                                                         clk (net)
                      0.039741    0.000000    0.026201 ^ clkbuf_0_clk/A (sky130_fd_sc_hd__clkbuf_16)
     2    0.017611    0.029590    0.085193    0.111394 ^ clkbuf_0_clk/X (sky130_fd_sc_hd__clkbuf_16)
                                                         clknet_0_clk (net)
                      0.029597    0.000634    0.112028 ^ clkbuf_1_1__f_clk/A (sky130_fd_sc_hd__clkbuf_16)
     2    0.006824    0.022259    0.074836    0.186863 ^ clkbuf_1_1__f_clk/X (sky130_fd_sc_hd__clkbuf_16)
                                                         clknet_1_1__leaf_clk (net)
                      0.022260    0.000415    0.187278 ^ _23_/CLK (sky130_fd_sc_hd__dfrtp_1)
                                  0.250000    0.437278   clock uncertainty
                                  0.000000    0.437278   clock reconvergence pessimism
                                  0.194405    0.631683   library removal time
                                              0.631683   data required time
---------------------------------------------------------------------------------------------
                                              0.631683   data required time
                                             -2.136492   data arrival time
---------------------------------------------------------------------------------------------
                                              1.504809   slack (MET)


Startpoint: rst (input port clocked by clk)
Endpoint: _21_ (removal check against rising-edge clock clk)
Path Group: asynchronous
Path Type: min

Fanout         Cap        Slew       Delay        Time   Description
---------------------------------------------------------------------------------------------
                                  0.000000    0.000000   clock clk (rise edge)
                                  0.000000    0.000000   clock network delay (propagated)
                                  2.000000    2.000000 v input external delay
     1    0.003347    0.005516    0.002813    2.002813 v rst (in)
                                                         rst (net)
                      0.005525    0.000000    2.002813 v input1/A (sky130_fd_sc_hd__clkbuf_2)
     4    0.020820    0.058614    0.091394    2.094206 v input1/X (sky130_fd_sc_hd__clkbuf_2)
                                                         net1 (net)
                      0.058685    0.001436    2.095643 v _17_/A (sky130_fd_sc_hd__inv_2)
     1    0.004311    0.025880    0.041597    2.137239 ^ _17_/Y (sky130_fd_sc_hd__inv_2)
                                                         _05_ (net)
                      0.025883    0.000229    2.137469 ^ _21_/RESET_B (sky130_fd_sc_hd__dfrtp_1)
                                              2.137469   data arrival time

                                  0.000000    0.000000   clock clk (rise edge)
                                  0.000000    0.000000   clock source latency
     1    0.010380    0.039730    0.026201    0.026201 ^ clk (in)
                                                         clk (net)
                      0.039741    0.000000    0.026201 ^ clkbuf_0_clk/A (sky130_fd_sc_hd__clkbuf_16)
     2    0.017611    0.029590    0.085193    0.111394 ^ clkbuf_0_clk/X (sky130_fd_sc_hd__clkbuf_16)
                                                         clknet_0_clk (net)
                      0.029597    0.000634    0.112028 ^ clkbuf_1_1__f_clk/A (sky130_fd_sc_hd__clkbuf_16)
     2    0.006824    0.022259    0.074836    0.186863 ^ clkbuf_1_1__f_clk/X (sky130_fd_sc_hd__clkbuf_16)
                                                         clknet_1_1__leaf_clk (net)
                      0.022260    0.000395    0.187259 ^ _21_/CLK (sky130_fd_sc_hd__dfrtp_1)
                                  0.250000    0.437259   clock uncertainty
                                  0.000000    0.437259   clock reconvergence pessimism
                                  0.194595    0.631853   library removal time
                                              0.631853   data required time
---------------------------------------------------------------------------------------------
                                              0.631853   data required time
                                             -2.137469   data arrival time
---------------------------------------------------------------------------------------------
                                              1.505615   slack (MET)


Startpoint: rst (input port clocked by clk)
Endpoint: _22_ (removal check against rising-edge clock clk)
Path Group: asynchronous
Path Type: min

Fanout         Cap        Slew       Delay        Time   Description
---------------------------------------------------------------------------------------------
                                  0.000000    0.000000   clock clk (rise edge)
                                  0.000000    0.000000   clock network delay (propagated)
                                  2.000000    2.000000 v input external delay
     1    0.003347    0.005516    0.002813    2.002813 v rst (in)
                                                         rst (net)
                      0.005525    0.000000    2.002813 v input1/A (sky130_fd_sc_hd__clkbuf_2)
     4    0.020820    0.058614    0.091394    2.094206 v input1/X (sky130_fd_sc_hd__clkbuf_2)
                                                         net1 (net)
                      0.058681    0.001382    2.095588 v _18_/A (sky130_fd_sc_hd__inv_2)
     1    0.004172    0.025525    0.041121    2.136709 ^ _18_/Y (sky130_fd_sc_hd__inv_2)
                                                         _06_ (net)
                      0.025527    0.000226    2.136935 ^ _22_/RESET_B (sky130_fd_sc_hd__dfrtp_1)
                                              2.136935   data arrival time

                                  0.000000    0.000000   clock clk (rise edge)
                                  0.000000    0.000000   clock source latency
     1    0.010380    0.039730    0.026201    0.026201 ^ clk (in)
                                                         clk (net)
                      0.039741    0.000000    0.026201 ^ clkbuf_0_clk/A (sky130_fd_sc_hd__clkbuf_16)
     2    0.017611    0.029590    0.085193    0.111394 ^ clkbuf_0_clk/X (sky130_fd_sc_hd__clkbuf_16)
                                                         clknet_0_clk (net)
                      0.029602    0.000903    0.112296 ^ clkbuf_1_0__f_clk/A (sky130_fd_sc_hd__clkbuf_16)
     2    0.005110    0.021068    0.073393    0.185690 ^ clkbuf_1_0__f_clk/X (sky130_fd_sc_hd__clkbuf_16)
                                                         clknet_1_0__leaf_clk (net)
                      0.021070    0.000285    0.185975 ^ _22_/CLK (sky130_fd_sc_hd__dfrtp_1)
                                  0.250000    0.435975   clock uncertainty
                                  0.000000    0.435975   clock reconvergence pessimism
                                  0.194338    0.630313   library removal time
                                              0.630313   data required time
---------------------------------------------------------------------------------------------
                                              0.630313   data required time
                                             -2.136935   data arrival time
---------------------------------------------------------------------------------------------
                                              1.506622   slack (MET)


Startpoint: rst (input port clocked by clk)
Endpoint: _20_ (removal check against rising-edge clock clk)
Path Group: asynchronous
Path Type: min

Fanout         Cap        Slew       Delay        Time   Description
---------------------------------------------------------------------------------------------
                                  0.000000    0.000000   clock clk (rise edge)
                                  0.000000    0.000000   clock network delay (propagated)
                                  2.000000    2.000000 v input external delay
     1    0.003347    0.005516    0.002813    2.002813 v rst (in)
                                                         rst (net)
                      0.005525    0.000000    2.002813 v input1/A (sky130_fd_sc_hd__clkbuf_2)
     4    0.020820    0.058614    0.091394    2.094206 v input1/X (sky130_fd_sc_hd__clkbuf_2)
                                                         net1 (net)
                      0.058631    0.000983    2.095189 v _11_/A (sky130_fd_sc_hd__inv_2)
     1    0.004911    0.027497    0.043511    2.138700 ^ _11_/Y (sky130_fd_sc_hd__inv_2)
                                                         _04_ (net)
                      0.027498    0.000260    2.138960 ^ _20_/RESET_B (sky130_fd_sc_hd__dfrtp_1)
                                              2.138960   data arrival time

                                  0.000000    0.000000   clock clk (rise edge)
                                  0.000000    0.000000   clock source latency
     1    0.010380    0.039730    0.026201    0.026201 ^ clk (in)
                                                         clk (net)
                      0.039741    0.000000    0.026201 ^ clkbuf_0_clk/A (sky130_fd_sc_hd__clkbuf_16)
     2    0.017611    0.029590    0.085193    0.111394 ^ clkbuf_0_clk/X (sky130_fd_sc_hd__clkbuf_16)
                                                         clknet_0_clk (net)
                      0.029602    0.000903    0.112296 ^ clkbuf_1_0__f_clk/A (sky130_fd_sc_hd__clkbuf_16)
     2    0.005110    0.021068    0.073393    0.185690 ^ clkbuf_1_0__f_clk/X (sky130_fd_sc_hd__clkbuf_16)
                                                         clknet_1_0__leaf_clk (net)
                      0.021070    0.000303    0.185992 ^ _20_/CLK (sky130_fd_sc_hd__dfrtp_1)
                                  0.250000    0.435992   clock uncertainty
                                  0.000000    0.435992   clock reconvergence pessimism
                                  0.194851    0.630843   library removal time
                                              0.630843   data required time
---------------------------------------------------------------------------------------------
                                              0.630843   data required time
                                             -2.138960   data arrival time
---------------------------------------------------------------------------------------------
                                              1.508117   slack (MET)


Startpoint: _23_ (rising edge-triggered flip-flop clocked by clk)
Endpoint: out[3] (output port clocked by clk)
Path Group: clk
Path Type: min

Fanout         Cap        Slew       Delay        Time   Description
---------------------------------------------------------------------------------------------
                                  0.000000    0.000000   clock clk (rise edge)
                                  0.000000    0.000000   clock source latency
     1    0.010380    0.039730    0.026201    0.026201 ^ clk (in)
                                                         clk (net)
                      0.039741    0.000000    0.026201 ^ clkbuf_0_clk/A (sky130_fd_sc_hd__clkbuf_16)
     2    0.017611    0.029590    0.085193    0.111394 ^ clkbuf_0_clk/X (sky130_fd_sc_hd__clkbuf_16)
                                                         clknet_0_clk (net)
                      0.029597    0.000634    0.112028 ^ clkbuf_1_1__f_clk/A (sky130_fd_sc_hd__clkbuf_16)
     2    0.006824    0.022259    0.074836    0.186863 ^ clkbuf_1_1__f_clk/X (sky130_fd_sc_hd__clkbuf_16)
                                                         clknet_1_1__leaf_clk (net)
                      0.022260    0.000415    0.187278 ^ _23_/CLK (sky130_fd_sc_hd__dfrtp_1)
     2    0.004760    0.034273    0.226215    0.413493 v _23_/Q (sky130_fd_sc_hd__dfrtp_1)
                                                         net5 (net)
                      0.034273    0.000236    0.413728 v output5/A (sky130_fd_sc_hd__buf_2)
     1    0.034388    0.062954    0.118420    0.532148 v output5/X (sky130_fd_sc_hd__buf_2)
                                                         out[3] (net)
                      0.063004    0.001593    0.533741 v out[3] (out)
                                              0.533741   data arrival time

                                  0.000000    0.000000   clock clk (rise edge)
                                  0.000000    0.000000   clock network delay (propagated)
                                  0.250000    0.250000   clock uncertainty
                                  0.000000    0.250000   clock reconvergence pessimism
                                 -2.000000   -1.750000   output external delay
                                             -1.750000   data required time
---------------------------------------------------------------------------------------------
                                             -1.750000   data required time
                                             -0.533741   data arrival time
---------------------------------------------------------------------------------------------
                                              2.283741   slack (MET)


Startpoint: _22_ (rising edge-triggered flip-flop clocked by clk)
Endpoint: out[2] (output port clocked by clk)
Path Group: clk
Path Type: min

Fanout         Cap        Slew       Delay        Time   Description
---------------------------------------------------------------------------------------------
                                  0.000000    0.000000   clock clk (rise edge)
                                  0.000000    0.000000   clock source latency
     1    0.010380    0.039730    0.026201    0.026201 ^ clk (in)
                                                         clk (net)
                      0.039741    0.000000    0.026201 ^ clkbuf_0_clk/A (sky130_fd_sc_hd__clkbuf_16)
     2    0.017611    0.029590    0.085193    0.111394 ^ clkbuf_0_clk/X (sky130_fd_sc_hd__clkbuf_16)
                                                         clknet_0_clk (net)
                      0.029602    0.000903    0.112296 ^ clkbuf_1_0__f_clk/A (sky130_fd_sc_hd__clkbuf_16)
     2    0.005110    0.021068    0.073393    0.185690 ^ clkbuf_1_0__f_clk/X (sky130_fd_sc_hd__clkbuf_16)
                                                         clknet_1_0__leaf_clk (net)
                      0.021070    0.000285    0.185975 ^ _22_/CLK (sky130_fd_sc_hd__dfrtp_1)
     3    0.008043    0.045061    0.237662    0.423637 v _22_/Q (sky130_fd_sc_hd__dfrtp_1)
                                                         net4 (net)
                      0.045064    0.000388    0.424025 v output4/A (sky130_fd_sc_hd__buf_2)
     1    0.034520    0.063159    0.122886    0.546911 v output4/X (sky130_fd_sc_hd__buf_2)
                                                         out[2] (net)
                      0.063210    0.001628    0.548538 v out[2] (out)
                                              0.548538   data arrival time

                                  0.000000    0.000000   clock clk (rise edge)
                                  0.000000    0.000000   clock network delay (propagated)
                                  0.250000    0.250000   clock uncertainty
                                  0.000000    0.250000   clock reconvergence pessimism
                                 -2.000000   -1.750000   output external delay
                                             -1.750000   data required time
---------------------------------------------------------------------------------------------
                                             -1.750000   data required time
                                             -0.548538   data arrival time
---------------------------------------------------------------------------------------------
                                              2.298538   slack (MET)


Startpoint: _20_ (rising edge-triggered flip-flop clocked by clk)
Endpoint: out[0] (output port clocked by clk)
Path Group: clk
Path Type: min

Fanout         Cap        Slew       Delay        Time   Description
---------------------------------------------------------------------------------------------
                                  0.000000    0.000000   clock clk (rise edge)
                                  0.000000    0.000000   clock source latency
     1    0.010380    0.039730    0.026201    0.026201 ^ clk (in)
                                                         clk (net)
                      0.039741    0.000000    0.026201 ^ clkbuf_0_clk/A (sky130_fd_sc_hd__clkbuf_16)
     2    0.017611    0.029590    0.085193    0.111394 ^ clkbuf_0_clk/X (sky130_fd_sc_hd__clkbuf_16)
                                                         clknet_0_clk (net)
                      0.029602    0.000903    0.112296 ^ clkbuf_1_0__f_clk/A (sky130_fd_sc_hd__clkbuf_16)
     2    0.005110    0.021068    0.073393    0.185690 ^ clkbuf_1_0__f_clk/X (sky130_fd_sc_hd__clkbuf_16)
                                                         clknet_1_0__leaf_clk (net)
                      0.021070    0.000303    0.185992 ^ _20_/CLK (sky130_fd_sc_hd__dfrtp_1)
     4    0.012983    0.058884    0.253532    0.439525 v _20_/Q (sky130_fd_sc_hd__dfrtp_1)
                                                         net2 (net)
                      0.058891    0.000672    0.440196 v output2/A (sky130_fd_sc_hd__buf_2)
     1    0.034478    0.063141    0.128305    0.568501 v output2/X (sky130_fd_sc_hd__buf_2)
                                                         out[0] (net)
                      0.063200    0.001732    0.570233 v out[0] (out)
                                              0.570233   data arrival time

                                  0.000000    0.000000   clock clk (rise edge)
                                  0.000000    0.000000   clock network delay (propagated)
                                  0.250000    0.250000   clock uncertainty
                                  0.000000    0.250000   clock reconvergence pessimism
                                 -2.000000   -1.750000   output external delay
                                             -1.750000   data required time
---------------------------------------------------------------------------------------------
                                             -1.750000   data required time
                                             -0.570233   data arrival time
---------------------------------------------------------------------------------------------
                                              2.320233   slack (MET)


Startpoint: _21_ (rising edge-triggered flip-flop clocked by clk)
Endpoint: out[1] (output port clocked by clk)
Path Group: clk
Path Type: min

Fanout         Cap        Slew       Delay        Time   Description
---------------------------------------------------------------------------------------------
                                  0.000000    0.000000   clock clk (rise edge)
                                  0.000000    0.000000   clock source latency
     1    0.010380    0.039730    0.026201    0.026201 ^ clk (in)
                                                         clk (net)
                      0.039741    0.000000    0.026201 ^ clkbuf_0_clk/A (sky130_fd_sc_hd__clkbuf_16)
     2    0.017611    0.029590    0.085193    0.111394 ^ clkbuf_0_clk/X (sky130_fd_sc_hd__clkbuf_16)
                                                         clknet_0_clk (net)
                      0.029597    0.000634    0.112028 ^ clkbuf_1_1__f_clk/A (sky130_fd_sc_hd__clkbuf_16)
     2    0.006824    0.022259    0.074836    0.186863 ^ clkbuf_1_1__f_clk/X (sky130_fd_sc_hd__clkbuf_16)
                                                         clknet_1_1__leaf_clk (net)
                      0.022260    0.000395    0.187259 ^ _21_/CLK (sky130_fd_sc_hd__dfrtp_1)
     4    0.013416    0.060069    0.254989    0.442248 v _21_/Q (sky130_fd_sc_hd__dfrtp_1)
                                                         net3 (net)
                      0.060077    0.000716    0.442964 v output3/A (sky130_fd_sc_hd__buf_2)
     1    0.034003    0.062414    0.128290    0.571254 v output3/X (sky130_fd_sc_hd__buf_2)
                                                         out[1] (net)
                      0.062465    0.001606    0.572860 v out[1] (out)
                                              0.572860   data arrival time

                                  0.000000    0.000000   clock clk (rise edge)
                                  0.000000    0.000000   clock network delay (propagated)
                                  0.250000    0.250000   clock uncertainty
                                  0.000000    0.250000   clock reconvergence pessimism
                                 -2.000000   -1.750000   output external delay
                                             -1.750000   data required time
---------------------------------------------------------------------------------------------
                                             -1.750000   data required time
                                             -0.572860   data arrival time
---------------------------------------------------------------------------------------------
                                              2.322860   slack (MET)



