Reading timing models for corner max_ff_n40C_1v95…
Reading cell library for the 'max_ff_n40C_1v95' corner at '/home/yaser/.volare/volare/sky130/versions/0fe599b2afb6708d281543108caf8310912f54af/sky130A/libs.ref/sky130_fd_sc_hd/lib/sky130_fd_sc_hd__ff_n40C_1v95.lib'…
Reading top-level netlist at '/home/yaser/CMOS_Tapeouts/counter/runs/RUN_2026-04-03_19-53-56/51-openroad-fillinsertion/counter.nl.v'…
Linking design 'counter' from netlist…
Warning: /home/yaser/CMOS_Tapeouts/counter/runs/RUN_2026-04-03_19-53-56/51-openroad-fillinsertion/counter.nl.v line 94, module sky130_fd_sc_hd__tapvpwrvgnd_1 not found. Creating black box for TAP_TAPCELL_ROW_0_20.
Warning: /home/yaser/CMOS_Tapeouts/counter/runs/RUN_2026-04-03_19-53-56/51-openroad-fillinsertion/counter.nl.v line 130, module sky130_ef_sc_hd__decap_12 not found. Creating black box for FILLER_0_3.
Warning: /home/yaser/CMOS_Tapeouts/counter/runs/RUN_2026-04-03_19-53-56/51-openroad-fillinsertion/counter.nl.v line 132, module sky130_fd_sc_hd__fill_1 not found. Creating black box for FILLER_0_23.
Warning: /home/yaser/CMOS_Tapeouts/counter/runs/RUN_2026-04-03_19-53-56/51-openroad-fillinsertion/counter.nl.v line 133, module sky130_fd_sc_hd__fill_2 not found. Creating black box for FILLER_0_36.
Reading design constraints file at '/nix/store/ss2cw3sxbrwwx9jl0rrppbw4kgcmgi2n-python3-3.11.9-env/lib/python3.11/site-packages/openlane/scripts/base.sdc'…
[INFO] Using clock clk…
[INFO] Setting output delay to: 2.0
[INFO] Setting input delay to: 2.0
[INFO] Setting load to: 0.033442
[INFO] Setting clock uncertainty to: 0.25
[INFO] Setting clock transition to: 0.1499999999999999944488848768742172978818416595458984375
[INFO] Setting timing derate to: 5%
Reading top-level design parasitics for the 'max_ff_n40C_1v95' corner at '/home/yaser/CMOS_Tapeouts/counter/runs/RUN_2026-04-03_19-53-56/53-openroad-rcx/max/counter.max.spef'…
%OL_CREATE_REPORT min.rpt

===========================================================================
report_checks -path_delay min (Hold)
============================================================================
======================= max_ff_n40C_1v95 Corner ===================================

Startpoint: _20_ (rising edge-triggered flip-flop clocked by clk)
Endpoint: _22_ (rising edge-triggered flip-flop clocked by clk)
Path Group: clk
Path Type: min

Fanout         Cap        Slew       Delay        Time   Description
---------------------------------------------------------------------------------------------
                                  0.000000    0.000000   clock clk (rise edge)
                                  0.000000    0.000000   clock source latency
     1    0.010380    0.039730    0.026201    0.026201 ^ clk (in)
                                                         clk (net)
                      0.039741    0.000000    0.026201 ^ clkbuf_0_clk/A (sky130_fd_sc_hd__clkbuf_16)
     2    0.017611    0.029590    0.085193    0.111394 ^ clkbuf_0_clk/X (sky130_fd_sc_hd__clkbuf_16)
                                                         clknet_0_clk (net)
                      0.029602    0.000903    0.112296 ^ clkbuf_1_0__f_clk/A (sky130_fd_sc_hd__clkbuf_16)
     2    0.005110    0.021068    0.073393    0.185690 ^ clkbuf_1_0__f_clk/X (sky130_fd_sc_hd__clkbuf_16)
                                                         clknet_1_0__leaf_clk (net)
                      0.021070    0.000303    0.185992 ^ _20_/CLK (sky130_fd_sc_hd__dfrtp_1)
     4    0.013532    0.096137    0.245008    0.431000 ^ _20_/Q (sky130_fd_sc_hd__dfrtp_1)
                                                         net2 (net)
                      0.096141    0.000729    0.431729 ^ _13_/A1 (sky130_fd_sc_hd__a21oi_1)
     1    0.004673    0.021798    0.049059    0.480789 v _13_/Y (sky130_fd_sc_hd__a21oi_1)
                                                         _08_ (net)
                      0.021806    0.000325    0.481113 v _15_/A (sky130_fd_sc_hd__nor2_1)
     1    0.003103    0.056628    0.064349    0.545462 ^ _15_/Y (sky130_fd_sc_hd__nor2_1)
                                                         _02_ (net)
                      0.056628    0.000132    0.545595 ^ _22_/D (sky130_fd_sc_hd__dfrtp_1)
                                              0.545595   data arrival time

                                  0.000000    0.000000   clock clk (rise edge)
                                  0.000000    0.000000   clock source latency
     1    0.010380    0.039730    0.026201    0.026201 ^ clk (in)
                                                         clk (net)
                      0.039741    0.000000    0.026201 ^ clkbuf_0_clk/A (sky130_fd_sc_hd__clkbuf_16)
     2    0.017611    0.029590    0.085193    0.111394 ^ clkbuf_0_clk/X (sky130_fd_sc_hd__clkbuf_16)
                                                         clknet_0_clk (net)
                      0.029602    0.000903    0.112296 ^ clkbuf_1_0__f_clk/A (sky130_fd_sc_hd__clkbuf_16)
     2    0.005110    0.021068    0.073393    0.185690 ^ clkbuf_1_0__f_clk/X (sky130_fd_sc_hd__clkbuf_16)
                                                         clknet_1_0__leaf_clk (net)
                      0.021070    0.000285    0.185975 ^ _22_/CLK (sky130_fd_sc_hd__dfrtp_1)
                                  0.250000    0.435975   clock uncertainty
                                  0.000000    0.435975   clock reconvergence pessimism
                                 -0.021997    0.413978   library hold time
                                              0.413978   data required time
---------------------------------------------------------------------------------------------
                                              0.413978   data required time
                                             -0.545595   data arrival time
---------------------------------------------------------------------------------------------
                                              0.131617   slack (MET)


Startpoint: _22_ (rising edge-triggered flip-flop clocked by clk)
Endpoint: _23_ (rising edge-triggered flip-flop clocked by clk)
Path Group: clk
Path Type: min

Fanout         Cap        Slew       Delay        Time   Description
---------------------------------------------------------------------------------------------
                                  0.000000    0.000000   clock clk (rise edge)
                                  0.000000    0.000000   clock source latency
     1    0.010380    0.039730    0.026201    0.026201 ^ clk (in)
                                                         clk (net)
                      0.039741    0.000000    0.026201 ^ clkbuf_0_clk/A (sky130_fd_sc_hd__clkbuf_16)
     2    0.017611    0.029590    0.085193    0.111394 ^ clkbuf_0_clk/X (sky130_fd_sc_hd__clkbuf_16)
                                                         clknet_0_clk (net)
                      0.029602    0.000903    0.112296 ^ clkbuf_1_0__f_clk/A (sky130_fd_sc_hd__clkbuf_16)
     2    0.005110    0.021068    0.073393    0.185690 ^ clkbuf_1_0__f_clk/X (sky130_fd_sc_hd__clkbuf_16)
                                                         clknet_1_0__leaf_clk (net)
                      0.021070    0.000285    0.185975 ^ _22_/CLK (sky130_fd_sc_hd__dfrtp_1)
     3    0.008518    0.065507    0.221806    0.407781 ^ _22_/Q (sky130_fd_sc_hd__dfrtp_1)
                                                         net4 (net)
                      0.065508    0.000440    0.408220 ^ _14_/C (sky130_fd_sc_hd__and3_1)
     2    0.008438    0.071881    0.123661    0.531881 ^ _14_/X (sky130_fd_sc_hd__and3_1)
                                                         _09_ (net)
                      0.071883    0.000534    0.532415 ^ _16_/B (sky130_fd_sc_hd__xor2_1)
     1    0.002559    0.024372    0.037835    0.570249 v _16_/X (sky130_fd_sc_hd__xor2_1)
                                                         _03_ (net)
                      0.024372    0.000176    0.570425 v _23_/D (sky130_fd_sc_hd__dfrtp_1)
                                              0.570425   data arrival time

                                  0.000000    0.000000   clock clk (rise edge)
                                  0.000000    0.000000   clock source latency
     1    0.010380    0.039730    0.026201    0.026201 ^ clk (in)
                                                         clk (net)
                      0.039741    0.000000    0.026201 ^ clkbuf_0_clk/A (sky130_fd_sc_hd__clkbuf_16)
     2    0.017611    0.029590    0.085193    0.111394 ^ clkbuf_0_clk/X (sky130_fd_sc_hd__clkbuf_16)
                                                         clknet_0_clk (net)
                      0.029597    0.000634    0.112028 ^ clkbuf_1_1__f_clk/A (sky130_fd_sc_hd__clkbuf_16)
     2    0.006824    0.022259    0.074836    0.186863 ^ clkbuf_1_1__f_clk/X (sky130_fd_sc_hd__clkbuf_16)
                                                         clknet_1_1__leaf_clk (net)
                      0.022260    0.000415    0.187278 ^ _23_/CLK (sky130_fd_sc_hd__dfrtp_1)
                                  0.250000    0.437278   clock uncertainty
                                  0.000000    0.437278   clock reconvergence pessimism
                                 -0.030763    0.406515   library hold time
                                              0.406515   data required time
---------------------------------------------------------------------------------------------
                                              0.406515   data required time
                                             -0.570425   data arrival time
---------------------------------------------------------------------------------------------
                                              0.163910   slack (MET)


Startpoint: _20_ (rising edge-triggered flip-flop clocked by clk)
Endpoint: _20_ (rising edge-triggered flip-flop clocked by clk)
Path Group: clk
Path Type: min

Fanout         Cap        Slew       Delay        Time   Description
---------------------------------------------------------------------------------------------
                                  0.000000    0.000000   clock clk (rise edge)
                                  0.000000    0.000000   clock source latency
     1    0.010380    0.039730    0.026201    0.026201 ^ clk (in)
                                                         clk (net)
                      0.039741    0.000000    0.026201 ^ clkbuf_0_clk/A (sky130_fd_sc_hd__clkbuf_16)
     2    0.017611    0.029590    0.085193    0.111394 ^ clkbuf_0_clk/X (sky130_fd_sc_hd__clkbuf_16)
                                                         clknet_0_clk (net)
                      0.029602    0.000903    0.112296 ^ clkbuf_1_0__f_clk/A (sky130_fd_sc_hd__clkbuf_16)
     2    0.005110    0.021068    0.073393    0.185690 ^ clkbuf_1_0__f_clk/X (sky130_fd_sc_hd__clkbuf_16)
                                                         clknet_1_0__leaf_clk (net)
                      0.021070    0.000303    0.185992 ^ _20_/CLK (sky130_fd_sc_hd__dfrtp_1)
     4    0.012983    0.058884    0.253532    0.439525 v _20_/Q (sky130_fd_sc_hd__dfrtp_1)
                                                         net2 (net)
                      0.058890    0.000623    0.440147 v hold2/A (sky130_fd_sc_hd__dlygate4sd3_1)
     2    0.008998    0.059837    0.399049    0.839196 v hold2/X (sky130_fd_sc_hd__dlygate4sd3_1)
                                                         net7 (net)
                      0.059922    0.000310    0.839506 v _10_/A (sky130_fd_sc_hd__inv_2)
     1    0.003042    0.023028    0.037613    0.877119 ^ _10_/Y (sky130_fd_sc_hd__inv_2)
                                                         _00_ (net)
                      0.023028    0.000224    0.877343 ^ _20_/D (sky130_fd_sc_hd__dfrtp_1)
                                              0.877343   data arrival time

                                  0.000000    0.000000   clock clk (rise edge)
                                  0.000000    0.000000   clock source latency
     1    0.010380    0.039730    0.026201    0.026201 ^ clk (in)
                                                         clk (net)
                      0.039741    0.000000    0.026201 ^ clkbuf_0_clk/A (sky130_fd_sc_hd__clkbuf_16)
     2    0.017611    0.029590    0.085193    0.111394 ^ clkbuf_0_clk/X (sky130_fd_sc_hd__clkbuf_16)
                                                         clknet_0_clk (net)
                      0.029602    0.000903    0.112296 ^ clkbuf_1_0__f_clk/A (sky130_fd_sc_hd__clkbuf_16)
     2    0.005110    0.021068    0.073393    0.185690 ^ clkbuf_1_0__f_clk/X (sky130_fd_sc_hd__clkbuf_16)
                                                         clknet_1_0__leaf_clk (net)
                      0.021070    0.000303    0.185992 ^ _20_/CLK (sky130_fd_sc_hd__dfrtp_1)
                                  0.250000    0.435992   clock uncertainty
                                  0.000000    0.435992   clock reconvergence pessimism
                                 -0.019450    0.416542   library hold time
                                              0.416542   data required time
---------------------------------------------------------------------------------------------
                                              0.416542   data required time
                                             -0.877343   data arrival time
---------------------------------------------------------------------------------------------
                                              0.460800   slack (MET)


Startpoint: _21_ (rising edge-triggered flip-flop clocked by clk)
Endpoint: _21_ (rising edge-triggered flip-flop clocked by clk)
Path Group: clk
Path Type: min

Fanout         Cap        Slew       Delay        Time   Description
---------------------------------------------------------------------------------------------
                                  0.000000    0.000000   clock clk (rise edge)
                                  0.000000    0.000000   clock source latency
     1    0.010380    0.039730    0.026201    0.026201 ^ clk (in)
                                                         clk (net)
                      0.039741    0.000000    0.026201 ^ clkbuf_0_clk/A (sky130_fd_sc_hd__clkbuf_16)
     2    0.017611    0.029590    0.085193    0.111394 ^ clkbuf_0_clk/X (sky130_fd_sc_hd__clkbuf_16)
                                                         clknet_0_clk (net)
                      0.029597    0.000634    0.112028 ^ clkbuf_1_1__f_clk/A (sky130_fd_sc_hd__clkbuf_16)
     2    0.006824    0.022259    0.074836    0.186863 ^ clkbuf_1_1__f_clk/X (sky130_fd_sc_hd__clkbuf_16)
                                                         clknet_1_1__leaf_clk (net)
                      0.022260    0.000395    0.187259 ^ _21_/CLK (sky130_fd_sc_hd__dfrtp_1)
     4    0.014026    0.099277    0.247493    0.434751 ^ _21_/Q (sky130_fd_sc_hd__dfrtp_1)
                                                         net3 (net)
                      0.099280    0.000721    0.435473 ^ hold3/A (sky130_fd_sc_hd__dlygate4sd3_1)
     1    0.005789    0.057432    0.399869    0.835342 ^ hold3/X (sky130_fd_sc_hd__dlygate4sd3_1)
                                                         net8 (net)
                      0.057432    0.000274    0.835616 ^ _12_/B (sky130_fd_sc_hd__xor2_1)
     1    0.003780    0.027802    0.040610    0.876226 v _12_/X (sky130_fd_sc_hd__xor2_1)
                                                         _01_ (net)
                      0.027802    0.000279    0.876506 v _21_/D (sky130_fd_sc_hd__dfrtp_1)
                                              0.876506   data arrival time

                                  0.000000    0.000000   clock clk (rise edge)
                                  0.000000    0.000000   clock source latency
     1    0.010380    0.039730    0.026201    0.026201 ^ clk (in)
                                                         clk (net)
                      0.039741    0.000000    0.026201 ^ clkbuf_0_clk/A (sky130_fd_sc_hd__clkbuf_16)
     2    0.017611    0.029590    0.085193    0.111394 ^ clkbuf_0_clk/X (sky130_fd_sc_hd__clkbuf_16)
                                                         clknet_0_clk (net)
                      0.029597    0.000634    0.112028 ^ clkbuf_1_1__f_clk/A (sky130_fd_sc_hd__clkbuf_16)
     2    0.006824    0.022259    0.074836    0.186863 ^ clkbuf_1_1__f_clk/X (sky130_fd_sc_hd__clkbuf_16)
                                                         clknet_1_1__leaf_clk (net)
                      0.022260    0.000395    0.187259 ^ _21_/CLK (sky130_fd_sc_hd__dfrtp_1)
                                  0.250000    0.437259   clock uncertainty
                                  0.000000    0.437259   clock reconvergence pessimism
                                 -0.031878    0.405381   library hold time
                                              0.405381   data required time
---------------------------------------------------------------------------------------------
                                              0.405381   data required time
                                             -0.876506   data arrival time
---------------------------------------------------------------------------------------------
                                              0.471125   slack (MET)


Startpoint: rst (input port clocked by clk)
Endpoint: _23_ (removal check against rising-edge clock clk)
Path Group: asynchronous
Path Type: min

Fanout         Cap        Slew       Delay        Time   Description
---------------------------------------------------------------------------------------------
                                  0.000000    0.000000   clock clk (rise edge)
                                  0.000000    0.000000   clock network delay (propagated)
                                  2.000000    2.000000 v input external delay
     1    0.003347    0.005516    0.002813    2.002813 v rst (in)
                                                         rst (net)
                      0.005525    0.000000    2.002813 v input1/A (sky130_fd_sc_hd__clkbuf_2)
     4    0.020820    0.058614    0.091394    2.094206 v input1/X (sky130_fd_sc_hd__clkbuf_2)
                                                         net1 (net)
                      0.058685    0.001446    2.095653 v _19_/A (sky130_fd_sc_hd__inv_2)
     1    0.004024    0.025154    0.040629    2.136281 ^ _19_/Y (sky130_fd_sc_hd__inv_2)
                                                         _07_ (net)
                      0.025155    0.000210    2.136492 ^ _23_/RESET_B (sky130_fd_sc_hd__dfrtp_1)
                                              2.136492   data arrival time

                                  0.000000    0.000000   clock clk (rise edge)
                                  0.000000    0.000000   clock source latency
     1    0.010380    0.039730    0.026201    0.026201 ^ clk (in)
                                                         clk (net)
                      0.039741    0.000000    0.026201 ^ clkbuf_0_clk/A (sky130_fd_sc_hd__clkbuf_16)
     2    0.017611    0.029590    0.085193    0.111394 ^ clkbuf_0_clk/X (sky130_fd_sc_hd__clkbuf_16)
                                                         clknet_0_clk (net)
                      0.029597    0.000634    0.112028 ^ clkbuf_1_1__f_clk/A (sky130_fd_sc_hd__clkbuf_16)
     2    0.006824    0.022259    0.074836    0.186863 ^ clkbuf_1_1__f_clk/X (sky130_fd_sc_hd__clkbuf_16)
                                                         clknet_1_1__leaf_clk (net)
                      0.022260    0.000415    0.187278 ^ _23_/CLK (sky130_fd_sc_hd__dfrtp_1)
                                  0.250000    0.437278   clock uncertainty
                                  0.000000    0.437278   clock reconvergence pessimism
                                  0.194405    0.631683   library removal time
                                              0.631683   data required time
---------------------------------------------------------------------------------------------
                                              0.631683   data required time
                                             -2.136492   data arrival time
---------------------------------------------------------------------------------------------
                                              1.504809   slack (MET)


Startpoint: rst (input port clocked by clk)
Endpoint: _21_ (removal check against rising-edge clock clk)
Path Group: asynchronous
Path Type: min

Fanout         Cap        Slew       Delay        Time   Description
---------------------------------------------------------------------------------------------
                                  0.000000    0.000000   clock clk (rise edge)
                                  0.000000    0.000000   clock network delay (propagated)
                                  2.000000    2.000000 v input external delay
     1    0.003347    0.005516    0.002813    2.002813 v rst (in)
                                                         rst (net)
                      0.005525    0.000000    2.002813 v input1/A (sky130_fd_sc_hd__clkbuf_2)
     4    0.020820    0.058614    0.091394    2.094206 v input1/X (sky130_fd_sc_hd__clkbuf_2)
                                                         net1 (net)
                      0.058685    0.001436    2.095643 v _17_/A (sky130_fd_sc_hd__inv_2)
     1    0.004311    0.025880    0.041597    2.137239 ^ _17_/Y (sky130_fd_sc_hd__inv_2)
                                                         _05_ (net)
                      0.025883    0.000229    2.137469 ^ _21_/RESET_B (sky130_fd_sc_hd__dfrtp_1)
                                              2.137469   data arrival time

                                  0.000000    0.000000   clock clk (rise edge)
                                  0.000000    0.000000   clock source latency
     1    0.010380    0.039730    0.026201    0.026201 ^ clk (in)
                                                         clk (net)
                      0.039741    0.000000    0.026201 ^ clkbuf_0_clk/A (sky130_fd_sc_hd__clkbuf_16)
     2    0.017611    0.029590    0.085193    0.111394 ^ clkbuf_0_clk/X (sky130_fd_sc_hd__clkbuf_16)
                                                         clknet_0_clk (net)
                      0.029597    0.000634    0.112028 ^ clkbuf_1_1__f_clk/A (sky130_fd_sc_hd__clkbuf_16)
     2    0.006824    0.022259    0.074836    0.186863 ^ clkbuf_1_1__f_clk/X (sky130_fd_sc_hd__clkbuf_16)
                                                         clknet_1_1__leaf_clk (net)
                      0.022260    0.000395    0.187259 ^ _21_/CLK (sky130_fd_sc_hd__dfrtp_1)
                                  0.250000    0.437259   clock uncertainty
                                  0.000000    0.437259   clock reconvergence pessimism
                                  0.194595    0.631853   library removal time
                                              0.631853   data required time
---------------------------------------------------------------------------------------------
                                              0.631853   data required time
                                             -2.137469   data arrival time
---------------------------------------------------------------------------------------------
                                              1.505615   slack (MET)


Startpoint: rst (input port clocked by clk)
Endpoint: _22_ (removal check against rising-edge clock clk)
Path Group: asynchronous
Path Type: min

Fanout         Cap        Slew       Delay        Time   Description
---------------------------------------------------------------------------------------------
                                  0.000000    0.000000   clock clk (rise edge)
                                  0.000000    0.000000   clock network delay (propagated)
                                  2.000000    2.000000 v input external delay
     1    0.003347    0.005516    0.002813    2.002813 v rst (in)
                                                         rst (net)
                      0.005525    0.000000    2.002813 v input1/A (sky130_fd_sc_hd__clkbuf_2)
     4    0.020820    0.058614    0.091394    2.094206 v input1/X (sky130_fd_sc_hd__clkbuf_2)
                                                         net1 (net)
                      0.058681    0.001382    2.095588 v _18_/A (sky130_fd_sc_hd__inv_2)
     1    0.004172    0.025525    0.041121    2.136709 ^ _18_/Y (sky130_fd_sc_hd__inv_2)
                                                         _06_ (net)
                      0.025527    0.000226    2.136935 ^ _22_/RESET_B (sky130_fd_sc_hd__dfrtp_1)
                                              2.136935   data arrival time

                                  0.000000    0.000000   clock clk (rise edge)
                                  0.000000    0.000000   clock source latency
     1    0.010380    0.039730    0.026201    0.026201 ^ clk (in)
                                                         clk (net)
                      0.039741    0.000000    0.026201 ^ clkbuf_0_clk/A (sky130_fd_sc_hd__clkbuf_16)
     2    0.017611    0.029590    0.085193    0.111394 ^ clkbuf_0_clk/X (sky130_fd_sc_hd__clkbuf_16)
                                                         clknet_0_clk (net)
                      0.029602    0.000903    0.112296 ^ clkbuf_1_0__f_clk/A (sky130_fd_sc_hd__clkbuf_16)
     2    0.005110    0.021068    0.073393    0.185690 ^ clkbuf_1_0__f_clk/X (sky130_fd_sc_hd__clkbuf_16)
                                                         clknet_1_0__leaf_clk (net)
                      0.021070    0.000285    0.185975 ^ _22_/CLK (sky130_fd_sc_hd__dfrtp_1)
                                  0.250000    0.435975   clock uncertainty
                                  0.000000    0.435975   clock reconvergence pessimism
                                  0.194338    0.630313   library removal time
                                              0.630313   data required time
---------------------------------------------------------------------------------------------
                                              0.630313   data required time
                                             -2.136935   data arrival time
---------------------------------------------------------------------------------------------
                                              1.506622   slack (MET)


Startpoint: rst (input port clocked by clk)
Endpoint: _20_ (removal check against rising-edge clock clk)
Path Group: asynchronous
Path Type: min

Fanout         Cap        Slew       Delay        Time   Description
---------------------------------------------------------------------------------------------
                                  0.000000    0.000000   clock clk (rise edge)
                                  0.000000    0.000000   clock network delay (propagated)
                                  2.000000    2.000000 v input external delay
     1    0.003347    0.005516    0.002813    2.002813 v rst (in)
                                                         rst (net)
                      0.005525    0.000000    2.002813 v input1/A (sky130_fd_sc_hd__clkbuf_2)
     4    0.020820    0.058614    0.091394    2.094206 v input1/X (sky130_fd_sc_hd__clkbuf_2)
                                                         net1 (net)
                      0.058631    0.000983    2.095189 v _11_/A (sky130_fd_sc_hd__inv_2)
     1    0.004911    0.027497    0.043511    2.138700 ^ _11_/Y (sky130_fd_sc_hd__inv_2)
                                                         _04_ (net)
                      0.027498    0.000260    2.138960 ^ _20_/RESET_B (sky130_fd_sc_hd__dfrtp_1)
                                              2.138960   data arrival time

                                  0.000000    0.000000   clock clk (rise edge)
                                  0.000000    0.000000   clock source latency
     1    0.010380    0.039730    0.026201    0.026201 ^ clk (in)
                                                         clk (net)
                      0.039741    0.000000    0.026201 ^ clkbuf_0_clk/A (sky130_fd_sc_hd__clkbuf_16)
     2    0.017611    0.029590    0.085193    0.111394 ^ clkbuf_0_clk/X (sky130_fd_sc_hd__clkbuf_16)
                                                         clknet_0_clk (net)
                      0.029602    0.000903    0.112296 ^ clkbuf_1_0__f_clk/A (sky130_fd_sc_hd__clkbuf_16)
     2    0.005110    0.021068    0.073393    0.185690 ^ clkbuf_1_0__f_clk/X (sky130_fd_sc_hd__clkbuf_16)
                                                         clknet_1_0__leaf_clk (net)
                      0.021070    0.000303    0.185992 ^ _20_/CLK (sky130_fd_sc_hd__dfrtp_1)
                                  0.250000    0.435992   clock uncertainty
                                  0.000000    0.435992   clock reconvergence pessimism
                                  0.194851    0.630843   library removal time
                                              0.630843   data required time
---------------------------------------------------------------------------------------------
                                              0.630843   data required time
                                             -2.138960   data arrival time
---------------------------------------------------------------------------------------------
                                              1.508117   slack (MET)


Startpoint: _23_ (rising edge-triggered flip-flop clocked by clk)
Endpoint: out[3] (output port clocked by clk)
Path Group: clk
Path Type: min

Fanout         Cap        Slew       Delay        Time   Description
---------------------------------------------------------------------------------------------
                                  0.000000    0.000000   clock clk (rise edge)
                                  0.000000    0.000000   clock source latency
     1    0.010380    0.039730    0.026201    0.026201 ^ clk (in)
                                                         clk (net)
                      0.039741    0.000000    0.026201 ^ clkbuf_0_clk/A (sky130_fd_sc_hd__clkbuf_16)
     2    0.017611    0.029590    0.085193    0.111394 ^ clkbuf_0_clk/X (sky130_fd_sc_hd__clkbuf_16)
                                                         clknet_0_clk (net)
                      0.029597    0.000634    0.112028 ^ clkbuf_1_1__f_clk/A (sky130_fd_sc_hd__clkbuf_16)
     2    0.006824    0.022259    0.074836    0.186863 ^ clkbuf_1_1__f_clk/X (sky130_fd_sc_hd__clkbuf_16)
                                                         clknet_1_1__leaf_clk (net)
                      0.022260    0.000415    0.187278 ^ _23_/CLK (sky130_fd_sc_hd__dfrtp_1)
     2    0.004760    0.034273    0.226215    0.413493 v _23_/Q (sky130_fd_sc_hd__dfrtp_1)
                                                         net5 (net)
                      0.034273    0.000236    0.413728 v output5/A (sky130_fd_sc_hd__buf_2)
     1    0.034388    0.062954    0.118420    0.532148 v output5/X (sky130_fd_sc_hd__buf_2)
                                                         out[3] (net)
                      0.063004    0.001593    0.533741 v out[3] (out)
                                              0.533741   data arrival time

                                  0.000000    0.000000   clock clk (rise edge)
                                  0.000000    0.000000   clock network delay (propagated)
                                  0.250000    0.250000   clock uncertainty
                                  0.000000    0.250000   clock reconvergence pessimism
                                 -2.000000   -1.750000   output external delay
                                             -1.750000   data required time
---------------------------------------------------------------------------------------------
                                             -1.750000   data required time
                                             -0.533741   data arrival time
---------------------------------------------------------------------------------------------
                                              2.283741   slack (MET)


Startpoint: _22_ (rising edge-triggered flip-flop clocked by clk)
Endpoint: out[2] (output port clocked by clk)
Path Group: clk
Path Type: min

Fanout         Cap        Slew       Delay        Time   Description
---------------------------------------------------------------------------------------------
                                  0.000000    0.000000   clock clk (rise edge)
                                  0.000000    0.000000   clock source latency
     1    0.010380    0.039730    0.026201    0.026201 ^ clk (in)
                                                         clk (net)
                      0.039741    0.000000    0.026201 ^ clkbuf_0_clk/A (sky130_fd_sc_hd__clkbuf_16)
     2    0.017611    0.029590    0.085193    0.111394 ^ clkbuf_0_clk/X (sky130_fd_sc_hd__clkbuf_16)
                                                         clknet_0_clk (net)
                      0.029602    0.000903    0.112296 ^ clkbuf_1_0__f_clk/A (sky130_fd_sc_hd__clkbuf_16)
     2    0.005110    0.021068    0.073393    0.185690 ^ clkbuf_1_0__f_clk/X (sky130_fd_sc_hd__clkbuf_16)
                                                         clknet_1_0__leaf_clk (net)
                      0.021070    0.000285    0.185975 ^ _22_/CLK (sky130_fd_sc_hd__dfrtp_1)
     3    0.008043    0.045061    0.237662    0.423637 v _22_/Q (sky130_fd_sc_hd__dfrtp_1)
                                                         net4 (net)
                      0.045064    0.000388    0.424025 v output4/A (sky130_fd_sc_hd__buf_2)
     1    0.034520    0.063159    0.122886    0.546911 v output4/X (sky130_fd_sc_hd__buf_2)
                                                         out[2] (net)
                      0.063210    0.001628    0.548538 v out[2] (out)
                                              0.548538   data arrival time

                                  0.000000    0.000000   clock clk (rise edge)
                                  0.000000    0.000000   clock network delay (propagated)
                                  0.250000    0.250000   clock uncertainty
                                  0.000000    0.250000   clock reconvergence pessimism
                                 -2.000000   -1.750000   output external delay
                                             -1.750000   data required time
---------------------------------------------------------------------------------------------
                                             -1.750000   data required time
                                             -0.548538   data arrival time
---------------------------------------------------------------------------------------------
                                              2.298538   slack (MET)


Startpoint: _20_ (rising edge-triggered flip-flop clocked by clk)
Endpoint: out[0] (output port clocked by clk)
Path Group: clk
Path Type: min

Fanout         Cap        Slew       Delay        Time   Description
---------------------------------------------------------------------------------------------
                                  0.000000    0.000000   clock clk (rise edge)
                                  0.000000    0.000000   clock source latency
     1    0.010380    0.039730    0.026201    0.026201 ^ clk (in)
                                                         clk (net)
                      0.039741    0.000000    0.026201 ^ clkbuf_0_clk/A (sky130_fd_sc_hd__clkbuf_16)
     2    0.017611    0.029590    0.085193    0.111394 ^ clkbuf_0_clk/X (sky130_fd_sc_hd__clkbuf_16)
                                                         clknet_0_clk (net)
                      0.029602    0.000903    0.112296 ^ clkbuf_1_0__f_clk/A (sky130_fd_sc_hd__clkbuf_16)
     2    0.005110    0.021068    0.073393    0.185690 ^ clkbuf_1_0__f_clk/X (sky130_fd_sc_hd__clkbuf_16)
                                                         clknet_1_0__leaf_clk (net)
                      0.021070    0.000303    0.185992 ^ _20_/CLK (sky130_fd_sc_hd__dfrtp_1)
     4    0.012983    0.058884    0.253532    0.439525 v _20_/Q (sky130_fd_sc_hd__dfrtp_1)
                                                         net2 (net)
                      0.058891    0.000672    0.440196 v output2/A (sky130_fd_sc_hd__buf_2)
     1    0.034478    0.063141    0.128305    0.568501 v output2/X (sky130_fd_sc_hd__buf_2)
                                                         out[0] (net)
                      0.063200    0.001732    0.570233 v out[0] (out)
                                              0.570233   data arrival time

                                  0.000000    0.000000   clock clk (rise edge)
                                  0.000000    0.000000   clock network delay (propagated)
                                  0.250000    0.250000   clock uncertainty
                                  0.000000    0.250000   clock reconvergence pessimism
                                 -2.000000   -1.750000   output external delay
                                             -1.750000   data required time
---------------------------------------------------------------------------------------------
                                             -1.750000   data required time
                                             -0.570233   data arrival time
---------------------------------------------------------------------------------------------
                                              2.320233   slack (MET)


Startpoint: _21_ (rising edge-triggered flip-flop clocked by clk)
Endpoint: out[1] (output port clocked by clk)
Path Group: clk
Path Type: min

Fanout         Cap        Slew       Delay        Time   Description
---------------------------------------------------------------------------------------------
                                  0.000000    0.000000   clock clk (rise edge)
                                  0.000000    0.000000   clock source latency
     1    0.010380    0.039730    0.026201    0.026201 ^ clk (in)
                                                         clk (net)
                      0.039741    0.000000    0.026201 ^ clkbuf_0_clk/A (sky130_fd_sc_hd__clkbuf_16)
     2    0.017611    0.029590    0.085193    0.111394 ^ clkbuf_0_clk/X (sky130_fd_sc_hd__clkbuf_16)
                                                         clknet_0_clk (net)
                      0.029597    0.000634    0.112028 ^ clkbuf_1_1__f_clk/A (sky130_fd_sc_hd__clkbuf_16)
     2    0.006824    0.022259    0.074836    0.186863 ^ clkbuf_1_1__f_clk/X (sky130_fd_sc_hd__clkbuf_16)
                                                         clknet_1_1__leaf_clk (net)
                      0.022260    0.000395    0.187259 ^ _21_/CLK (sky130_fd_sc_hd__dfrtp_1)
     4    0.013416    0.060069    0.254989    0.442248 v _21_/Q (sky130_fd_sc_hd__dfrtp_1)
                                                         net3 (net)
                      0.060077    0.000716    0.442964 v output3/A (sky130_fd_sc_hd__buf_2)
     1    0.034003    0.062414    0.128290    0.571254 v output3/X (sky130_fd_sc_hd__buf_2)
                                                         out[1] (net)
                      0.062465    0.001606    0.572860 v out[1] (out)
                                              0.572860   data arrival time

                                  0.000000    0.000000   clock clk (rise edge)
                                  0.000000    0.000000   clock network delay (propagated)
                                  0.250000    0.250000   clock uncertainty
                                  0.000000    0.250000   clock reconvergence pessimism
                                 -2.000000   -1.750000   output external delay
                                             -1.750000   data required time
---------------------------------------------------------------------------------------------
                                             -1.750000   data required time
                                             -0.572860   data arrival time
---------------------------------------------------------------------------------------------
                                              2.322860   slack (MET)



%OL_END_REPORT
%OL_CREATE_REPORT max.rpt

===========================================================================
report_checks -path_delay max (Setup)
============================================================================
======================= max_ff_n40C_1v95 Corner ===================================

Startpoint: _21_ (rising edge-triggered flip-flop clocked by clk)
Endpoint: out[1] (output port clocked by clk)
Path Group: clk
Path Type: max

Fanout         Cap        Slew       Delay        Time   Description
---------------------------------------------------------------------------------------------
                                  0.000000    0.000000   clock clk (rise edge)
                                  0.000000    0.000000   clock source latency
     1    0.010380    0.039730    0.026201    0.026201 ^ clk (in)
                                                         clk (net)
                      0.039741    0.000000    0.026201 ^ clkbuf_0_clk/A (sky130_fd_sc_hd__clkbuf_16)
     2    0.017611    0.029590    0.085193    0.111394 ^ clkbuf_0_clk/X (sky130_fd_sc_hd__clkbuf_16)
                                                         clknet_0_clk (net)
                      0.029597    0.000634    0.112028 ^ clkbuf_1_1__f_clk/A (sky130_fd_sc_hd__clkbuf_16)
     2    0.006824    0.022259    0.074836    0.186863 ^ clkbuf_1_1__f_clk/X (sky130_fd_sc_hd__clkbuf_16)
                                                         clknet_1_1__leaf_clk (net)
                      0.022260    0.000395    0.187259 ^ _21_/CLK (sky130_fd_sc_hd__dfrtp_1)
     4    0.014026    0.099277    0.247493    0.434751 ^ _21_/Q (sky130_fd_sc_hd__dfrtp_1)
                                                         net3 (net)
                      0.099281    0.000754    0.435505 ^ output3/A (sky130_fd_sc_hd__buf_2)
     1    0.034003    0.126937    0.153271    0.588776 ^ output3/X (sky130_fd_sc_hd__buf_2)
                                                         out[1] (net)
                      0.126966    0.001609    0.590385 ^ out[1] (out)
                                              0.590385   data arrival time

                                 10.000000   10.000000   clock clk (rise edge)
                                  0.000000   10.000000   clock network delay (propagated)
                                 -0.250000    9.750000   clock uncertainty
                                  0.000000    9.750000   clock reconvergence pessimism
                                 -2.000000    7.750000   output external delay
                                              7.750000   data required time
---------------------------------------------------------------------------------------------
                                              7.750000   data required time
                                             -0.590385   data arrival time
---------------------------------------------------------------------------------------------
                                              7.159615   slack (MET)


Startpoint: _20_ (rising edge-triggered flip-flop clocked by clk)
Endpoint: out[0] (output port clocked by clk)
Path Group: clk
Path Type: max

Fanout         Cap        Slew       Delay        Time   Description
---------------------------------------------------------------------------------------------
                                  0.000000    0.000000   clock clk (rise edge)
                                  0.000000    0.000000   clock source latency
     1    0.010380    0.039730    0.026201    0.026201 ^ clk (in)
                                                         clk (net)
                      0.039741    0.000000    0.026201 ^ clkbuf_0_clk/A (sky130_fd_sc_hd__clkbuf_16)
     2    0.017611    0.029590    0.085193    0.111394 ^ clkbuf_0_clk/X (sky130_fd_sc_hd__clkbuf_16)
                                                         clknet_0_clk (net)
                      0.029602    0.000903    0.112296 ^ clkbuf_1_0__f_clk/A (sky130_fd_sc_hd__clkbuf_16)
     2    0.005110    0.021068    0.073393    0.185690 ^ clkbuf_1_0__f_clk/X (sky130_fd_sc_hd__clkbuf_16)
                                                         clknet_1_0__leaf_clk (net)
                      0.021070    0.000303    0.185992 ^ _20_/CLK (sky130_fd_sc_hd__dfrtp_1)
     4    0.013532    0.096137    0.245008    0.431000 ^ _20_/Q (sky130_fd_sc_hd__dfrtp_1)
                                                         net2 (net)
                      0.096140    0.000704    0.431704 ^ output2/A (sky130_fd_sc_hd__buf_2)
     1    0.034478    0.128601    0.153625    0.585329 ^ output2/X (sky130_fd_sc_hd__buf_2)
                                                         out[0] (net)
                      0.128636    0.001735    0.587065 ^ out[0] (out)
                                              0.587065   data arrival time

                                 10.000000   10.000000   clock clk (rise edge)
                                  0.000000   10.000000   clock network delay (propagated)
                                 -0.250000    9.750000   clock uncertainty
                                  0.000000    9.750000   clock reconvergence pessimism
                                 -2.000000    7.750000   output external delay
                                              7.750000   data required time
---------------------------------------------------------------------------------------------
                                              7.750000   data required time
                                             -0.587065   data arrival time
---------------------------------------------------------------------------------------------
                                              7.162935   slack (MET)


Startpoint: _22_ (rising edge-triggered flip-flop clocked by clk)
Endpoint: out[2] (output port clocked by clk)
Path Group: clk
Path Type: max

Fanout         Cap        Slew       Delay        Time   Description
---------------------------------------------------------------------------------------------
                                  0.000000    0.000000   clock clk (rise edge)
                                  0.000000    0.000000   clock source latency
     1    0.010380    0.039730    0.026201    0.026201 ^ clk (in)
                                                         clk (net)
                      0.039741    0.000000    0.026201 ^ clkbuf_0_clk/A (sky130_fd_sc_hd__clkbuf_16)
     2    0.017611    0.029590    0.085193    0.111394 ^ clkbuf_0_clk/X (sky130_fd_sc_hd__clkbuf_16)
                                                         clknet_0_clk (net)
                      0.029602    0.000903    0.112296 ^ clkbuf_1_0__f_clk/A (sky130_fd_sc_hd__clkbuf_16)
     2    0.005110    0.021068    0.073393    0.185690 ^ clkbuf_1_0__f_clk/X (sky130_fd_sc_hd__clkbuf_16)
                                                         clknet_1_0__leaf_clk (net)
                      0.021070    0.000285    0.185975 ^ _22_/CLK (sky130_fd_sc_hd__dfrtp_1)
     3    0.008518    0.065507    0.221806    0.407781 ^ _22_/Q (sky130_fd_sc_hd__dfrtp_1)
                                                         net4 (net)
                      0.065508    0.000413    0.408193 ^ output4/A (sky130_fd_sc_hd__buf_2)
     1    0.034520    0.129143    0.146725    0.554919 ^ output4/X (sky130_fd_sc_hd__buf_2)
                                                         out[2] (net)
                      0.129173    0.001631    0.556549 ^ out[2] (out)
                                              0.556549   data arrival time

                                 10.000000   10.000000   clock clk (rise edge)
                                  0.000000   10.000000   clock network delay (propagated)
                                 -0.250000    9.750000   clock uncertainty
                                  0.000000    9.750000   clock reconvergence pessimism
                                 -2.000000    7.750000   output external delay
                                              7.750000   data required time
---------------------------------------------------------------------------------------------
                                              7.750000   data required time
                                             -0.556549   data arrival time
---------------------------------------------------------------------------------------------
                                              7.193450   slack (MET)


Startpoint: _23_ (rising edge-triggered flip-flop clocked by clk)
Endpoint: out[3] (output port clocked by clk)
Path Group: clk
Path Type: max

Fanout         Cap        Slew       Delay        Time   Description
---------------------------------------------------------------------------------------------
                                  0.000000    0.000000   clock clk (rise edge)
                                  0.000000    0.000000   clock source latency
     1    0.010380    0.039730    0.026201    0.026201 ^ clk (in)
                                                         clk (net)
                      0.039741    0.000000    0.026201 ^ clkbuf_0_clk/A (sky130_fd_sc_hd__clkbuf_16)
     2    0.017611    0.029590    0.085193    0.111394 ^ clkbuf_0_clk/X (sky130_fd_sc_hd__clkbuf_16)
                                                         clknet_0_clk (net)
                      0.029597    0.000634    0.112028 ^ clkbuf_1_1__f_clk/A (sky130_fd_sc_hd__clkbuf_16)
     2    0.006824    0.022259    0.074836    0.186863 ^ clkbuf_1_1__f_clk/X (sky130_fd_sc_hd__clkbuf_16)
                                                         clknet_1_1__leaf_clk (net)
                      0.022260    0.000415    0.187278 ^ _23_/CLK (sky130_fd_sc_hd__dfrtp_1)
     2    0.005089    0.044830    0.205807    0.393085 ^ _23_/Q (sky130_fd_sc_hd__dfrtp_1)
                                                         net5 (net)
                      0.044831    0.000253    0.393337 ^ output5/A (sky130_fd_sc_hd__buf_2)
     1    0.034388    0.128700    0.141065    0.534402 ^ output5/X (sky130_fd_sc_hd__buf_2)
                                                         out[3] (net)
                      0.128728    0.001596    0.535998 ^ out[3] (out)
                                              0.535998   data arrival time

                                 10.000000   10.000000   clock clk (rise edge)
                                  0.000000   10.000000   clock network delay (propagated)
                                 -0.250000    9.750000   clock uncertainty
                                  0.000000    9.750000   clock reconvergence pessimism
                                 -2.000000    7.750000   output external delay
                                              7.750000   data required time
---------------------------------------------------------------------------------------------
                                              7.750000   data required time
                                             -0.535998   data arrival time
---------------------------------------------------------------------------------------------
                                              7.214002   slack (MET)


Startpoint: rst (input port clocked by clk)
Endpoint: _20_ (recovery check against rising-edge clock clk)
Path Group: asynchronous
Path Type: max

Fanout         Cap        Slew       Delay        Time   Description
---------------------------------------------------------------------------------------------
                                  0.000000    0.000000   clock clk (rise edge)
                                  0.000000    0.000000   clock network delay (propagated)
                                  2.000000    2.000000 v input external delay
     1    0.003347    0.005516    0.002813    2.002813 v rst (in)
                                                         rst (net)
                      0.005525    0.000000    2.002813 v input1/A (sky130_fd_sc_hd__clkbuf_2)
     4    0.020820    0.058614    0.091394    2.094206 v input1/X (sky130_fd_sc_hd__clkbuf_2)
                                                         net1 (net)
                      0.058631    0.000983    2.095189 v _11_/A (sky130_fd_sc_hd__inv_2)
     1    0.004911    0.027497    0.043511    2.138700 ^ _11_/Y (sky130_fd_sc_hd__inv_2)
                                                         _04_ (net)
                      0.027498    0.000260    2.138960 ^ _20_/RESET_B (sky130_fd_sc_hd__dfrtp_1)
                                              2.138960   data arrival time

                                 10.000000   10.000000   clock clk (rise edge)
                                  0.000000   10.000000   clock source latency
     1    0.010380    0.039730    0.026201   10.026201 ^ clk (in)
                                                         clk (net)
                      0.039741    0.000000   10.026201 ^ clkbuf_0_clk/A (sky130_fd_sc_hd__clkbuf_16)
     2    0.017611    0.029590    0.085192   10.111394 ^ clkbuf_0_clk/X (sky130_fd_sc_hd__clkbuf_16)
                                                         clknet_0_clk (net)
                      0.029602    0.000902   10.112296 ^ clkbuf_1_0__f_clk/A (sky130_fd_sc_hd__clkbuf_16)
     2    0.005110    0.021068    0.073394   10.185690 ^ clkbuf_1_0__f_clk/X (sky130_fd_sc_hd__clkbuf_16)
                                                         clknet_1_0__leaf_clk (net)
                      0.021070    0.000303   10.185993 ^ _20_/CLK (sky130_fd_sc_hd__dfrtp_1)
                                 -0.250000    9.935993   clock uncertainty
                                  0.000000    9.935993   clock reconvergence pessimism
                                  0.142843   10.078835   library recovery time
                                             10.078835   data required time
---------------------------------------------------------------------------------------------
                                             10.078835   data required time
                                             -2.138960   data arrival time
---------------------------------------------------------------------------------------------
                                              7.939876   slack (MET)


Startpoint: rst (input port clocked by clk)
Endpoint: _22_ (recovery check against rising-edge clock clk)
Path Group: asynchronous
Path Type: max

Fanout         Cap        Slew       Delay        Time   Description
---------------------------------------------------------------------------------------------
                                  0.000000    0.000000   clock clk (rise edge)
                                  0.000000    0.000000   clock network delay (propagated)
                                  2.000000    2.000000 v input external delay
     1    0.003347    0.005516    0.002813    2.002813 v rst (in)
                                                         rst (net)
                      0.005525    0.000000    2.002813 v input1/A (sky130_fd_sc_hd__clkbuf_2)
     4    0.020820    0.058614    0.091394    2.094206 v input1/X (sky130_fd_sc_hd__clkbuf_2)
                                                         net1 (net)
                      0.058681    0.001382    2.095588 v _18_/A (sky130_fd_sc_hd__inv_2)
     1    0.004172    0.025525    0.041121    2.136709 ^ _18_/Y (sky130_fd_sc_hd__inv_2)
                                                         _06_ (net)
                      0.025527    0.000226    2.136935 ^ _22_/RESET_B (sky130_fd_sc_hd__dfrtp_1)
                                              2.136935   data arrival time

                                 10.000000   10.000000   clock clk (rise edge)
                                  0.000000   10.000000   clock source latency
     1    0.010380    0.039730    0.026201   10.026201 ^ clk (in)
                                                         clk (net)
                      0.039741    0.000000   10.026201 ^ clkbuf_0_clk/A (sky130_fd_sc_hd__clkbuf_16)
     2    0.017611    0.029590    0.085192   10.111394 ^ clkbuf_0_clk/X (sky130_fd_sc_hd__clkbuf_16)
                                                         clknet_0_clk (net)
                      0.029602    0.000902   10.112296 ^ clkbuf_1_0__f_clk/A (sky130_fd_sc_hd__clkbuf_16)
     2    0.005110    0.021068    0.073394   10.185690 ^ clkbuf_1_0__f_clk/X (sky130_fd_sc_hd__clkbuf_16)
                                                         clknet_1_0__leaf_clk (net)
                      0.021070    0.000285   10.185975 ^ _22_/CLK (sky130_fd_sc_hd__dfrtp_1)
                                 -0.250000    9.935975   clock uncertainty
                                  0.000000    9.935975   clock reconvergence pessimism
                                  0.143213   10.079187   library recovery time
                                             10.079187   data required time
---------------------------------------------------------------------------------------------
                                             10.079187   data required time
                                             -2.136935   data arrival time
---------------------------------------------------------------------------------------------
                                              7.942253   slack (MET)


Startpoint: rst (input port clocked by clk)
Endpoint: _21_ (recovery check against rising-edge clock clk)
Path Group: asynchronous
Path Type: max

Fanout         Cap        Slew       Delay        Time   Description
---------------------------------------------------------------------------------------------
                                  0.000000    0.000000   clock clk (rise edge)
                                  0.000000    0.000000   clock network delay (propagated)
                                  2.000000    2.000000 v input external delay
     1    0.003347    0.005516    0.002813    2.002813 v rst (in)
                                                         rst (net)
                      0.005525    0.000000    2.002813 v input1/A (sky130_fd_sc_hd__clkbuf_2)
     4    0.020820    0.058614    0.091394    2.094206 v input1/X (sky130_fd_sc_hd__clkbuf_2)
                                                         net1 (net)
                      0.058685    0.001436    2.095643 v _17_/A (sky130_fd_sc_hd__inv_2)
     1    0.004311    0.025880    0.041597    2.137239 ^ _17_/Y (sky130_fd_sc_hd__inv_2)
                                                         _05_ (net)
                      0.025883    0.000229    2.137469 ^ _21_/RESET_B (sky130_fd_sc_hd__dfrtp_1)
                                              2.137469   data arrival time

                                 10.000000   10.000000   clock clk (rise edge)
                                  0.000000   10.000000   clock source latency
     1    0.010380    0.039730    0.026201   10.026201 ^ clk (in)
                                                         clk (net)
                      0.039741    0.000000   10.026201 ^ clkbuf_0_clk/A (sky130_fd_sc_hd__clkbuf_16)
     2    0.017611    0.029590    0.085192   10.111394 ^ clkbuf_0_clk/X (sky130_fd_sc_hd__clkbuf_16)
                                                         clknet_0_clk (net)
                      0.029597    0.000634   10.112028 ^ clkbuf_1_1__f_clk/A (sky130_fd_sc_hd__clkbuf_16)
     2    0.006824    0.022259    0.074835   10.186863 ^ clkbuf_1_1__f_clk/X (sky130_fd_sc_hd__clkbuf_16)
                                                         clknet_1_1__leaf_clk (net)
                      0.022260    0.000395   10.187259 ^ _21_/CLK (sky130_fd_sc_hd__dfrtp_1)
                                 -0.250000    9.937259   clock uncertainty
                                  0.000000    9.937259   clock reconvergence pessimism
                                  0.143323   10.080582   library recovery time
                                             10.080582   data required time
---------------------------------------------------------------------------------------------
                                             10.080582   data required time
                                             -2.137469   data arrival time
---------------------------------------------------------------------------------------------
                                              7.943113   slack (MET)


Startpoint: rst (input port clocked by clk)
Endpoint: _23_ (recovery check against rising-edge clock clk)
Path Group: asynchronous
Path Type: max

Fanout         Cap        Slew       Delay        Time   Description
---------------------------------------------------------------------------------------------
                                  0.000000    0.000000   clock clk (rise edge)
                                  0.000000    0.000000   clock network delay (propagated)
                                  2.000000    2.000000 v input external delay
     1    0.003347    0.005516    0.002813    2.002813 v rst (in)
                                                         rst (net)
                      0.005525    0.000000    2.002813 v input1/A (sky130_fd_sc_hd__clkbuf_2)
     4    0.020820    0.058614    0.091394    2.094206 v input1/X (sky130_fd_sc_hd__clkbuf_2)
                                                         net1 (net)
                      0.058685    0.001446    2.095653 v _19_/A (sky130_fd_sc_hd__inv_2)
     1    0.004024    0.025154    0.040629    2.136281 ^ _19_/Y (sky130_fd_sc_hd__inv_2)
                                                         _07_ (net)
                      0.025155    0.000210    2.136492 ^ _23_/RESET_B (sky130_fd_sc_hd__dfrtp_1)
                                              2.136492   data arrival time

                                 10.000000   10.000000   clock clk (rise edge)
                                  0.000000   10.000000   clock source latency
     1    0.010380    0.039730    0.026201   10.026201 ^ clk (in)
                                                         clk (net)
                      0.039741    0.000000   10.026201 ^ clkbuf_0_clk/A (sky130_fd_sc_hd__clkbuf_16)
     2    0.017611    0.029590    0.085192   10.111394 ^ clkbuf_0_clk/X (sky130_fd_sc_hd__clkbuf_16)
                                                         clknet_0_clk (net)
                      0.029597    0.000634   10.112028 ^ clkbuf_1_1__f_clk/A (sky130_fd_sc_hd__clkbuf_16)
     2    0.006824    0.022259    0.074835   10.186863 ^ clkbuf_1_1__f_clk/X (sky130_fd_sc_hd__clkbuf_16)
                                                         clknet_1_1__leaf_clk (net)
                      0.022260    0.000415   10.187278 ^ _23_/CLK (sky130_fd_sc_hd__dfrtp_1)
                                 -0.250000    9.937278   clock uncertainty
                                  0.000000    9.937278   clock reconvergence pessimism
                                  0.143460   10.080737   library recovery time
                                             10.080737   data required time
---------------------------------------------------------------------------------------------
                                             10.080737   data required time
                                             -2.136492   data arrival time
---------------------------------------------------------------------------------------------
                                              7.944245   slack (MET)


Startpoint: _20_ (rising edge-triggered flip-flop clocked by clk)
Endpoint: _21_ (rising edge-triggered flip-flop clocked by clk)
Path Group: clk
Path Type: max

Fanout         Cap        Slew       Delay        Time   Description
---------------------------------------------------------------------------------------------
                                  0.000000    0.000000   clock clk (rise edge)
                                  0.000000    0.000000   clock source latency
     1    0.010380    0.039730    0.026201    0.026201 ^ clk (in)
                                                         clk (net)
                      0.039741    0.000000    0.026201 ^ clkbuf_0_clk/A (sky130_fd_sc_hd__clkbuf_16)
     2    0.017611    0.029590    0.085193    0.111394 ^ clkbuf_0_clk/X (sky130_fd_sc_hd__clkbuf_16)
                                                         clknet_0_clk (net)
                      0.029602    0.000903    0.112296 ^ clkbuf_1_0__f_clk/A (sky130_fd_sc_hd__clkbuf_16)
     2    0.005110    0.021068    0.073393    0.185690 ^ clkbuf_1_0__f_clk/X (sky130_fd_sc_hd__clkbuf_16)
                                                         clknet_1_0__leaf_clk (net)
                      0.021070    0.000303    0.185992 ^ _20_/CLK (sky130_fd_sc_hd__dfrtp_1)
     4    0.012983    0.058884    0.253532    0.439525 v _20_/Q (sky130_fd_sc_hd__dfrtp_1)
                                                         net2 (net)
                      0.058890    0.000623    0.440147 v hold2/A (sky130_fd_sc_hd__dlygate4sd3_1)
     2    0.008998    0.059837    0.399049    0.839196 v hold2/X (sky130_fd_sc_hd__dlygate4sd3_1)
                                                         net7 (net)
                      0.059923    0.000331    0.839526 v _12_/A (sky130_fd_sc_hd__xor2_1)
     1    0.003780    0.036285    0.110681    0.950207 v _12_/X (sky130_fd_sc_hd__xor2_1)
                                                         _01_ (net)
                      0.036285    0.000279    0.950486 v _21_/D (sky130_fd_sc_hd__dfrtp_1)
                                              0.950486   data arrival time

                                 10.000000   10.000000   clock clk (rise edge)
                                  0.000000   10.000000   clock source latency
     1    0.010380    0.039730    0.026201   10.026201 ^ clk (in)
                                                         clk (net)
                      0.039741    0.000000   10.026201 ^ clkbuf_0_clk/A (sky130_fd_sc_hd__clkbuf_16)
     2    0.017611    0.029590    0.085192   10.111394 ^ clkbuf_0_clk/X (sky130_fd_sc_hd__clkbuf_16)
                                                         clknet_0_clk (net)
                      0.029597    0.000634   10.112028 ^ clkbuf_1_1__f_clk/A (sky130_fd_sc_hd__clkbuf_16)
     2    0.006824    0.022259    0.074835   10.186863 ^ clkbuf_1_1__f_clk/X (sky130_fd_sc_hd__clkbuf_16)
                                                         clknet_1_1__leaf_clk (net)
                      0.022260    0.000395   10.187259 ^ _21_/CLK (sky130_fd_sc_hd__dfrtp_1)
                                 -0.250000    9.937259   clock uncertainty
                                  0.000000    9.937259   clock reconvergence pessimism
                                 -0.074913    9.862346   library setup time
                                              9.862346   data required time
---------------------------------------------------------------------------------------------
                                              9.862346   data required time
                                             -0.950486   data arrival time
---------------------------------------------------------------------------------------------
                                              8.911860   slack (MET)


Startpoint: _23_ (rising edge-triggered flip-flop clocked by clk)
Endpoint: _23_ (rising edge-triggered flip-flop clocked by clk)
Path Group: clk
Path Type: max

Fanout         Cap        Slew       Delay        Time   Description
---------------------------------------------------------------------------------------------
                                  0.000000    0.000000   clock clk (rise edge)
                                  0.000000    0.000000   clock source latency
     1    0.010380    0.039730    0.026201    0.026201 ^ clk (in)
                                                         clk (net)
                      0.039741    0.000000    0.026201 ^ clkbuf_0_clk/A (sky130_fd_sc_hd__clkbuf_16)
     2    0.017611    0.029590    0.085193    0.111394 ^ clkbuf_0_clk/X (sky130_fd_sc_hd__clkbuf_16)
                                                         clknet_0_clk (net)
                      0.029597    0.000634    0.112028 ^ clkbuf_1_1__f_clk/A (sky130_fd_sc_hd__clkbuf_16)
     2    0.006824    0.022259    0.074836    0.186863 ^ clkbuf_1_1__f_clk/X (sky130_fd_sc_hd__clkbuf_16)
                                                         clknet_1_1__leaf_clk (net)
                      0.022260    0.000415    0.187278 ^ _23_/CLK (sky130_fd_sc_hd__dfrtp_1)
     2    0.004760    0.034273    0.226215    0.413493 v _23_/Q (sky130_fd_sc_hd__dfrtp_1)
                                                         net5 (net)
                      0.034273    0.000159    0.413652 v hold1/A (sky130_fd_sc_hd__dlygate4sd3_1)
     1    0.005550    0.047877    0.374481    0.788133 v hold1/X (sky130_fd_sc_hd__dlygate4sd3_1)
                                                         net6 (net)
                      0.047877    0.000441    0.788574 v _16_/A (sky130_fd_sc_hd__xor2_1)
     1    0.002559    0.032561    0.101977    0.890552 v _16_/X (sky130_fd_sc_hd__xor2_1)
                                                         _03_ (net)
                      0.032561    0.000176    0.890728 v _23_/D (sky130_fd_sc_hd__dfrtp_1)
                                              0.890728   data arrival time

                                 10.000000   10.000000   clock clk (rise edge)
                                  0.000000   10.000000   clock source latency
     1    0.010380    0.039730    0.026201   10.026201 ^ clk (in)
                                                         clk (net)
                      0.039741    0.000000   10.026201 ^ clkbuf_0_clk/A (sky130_fd_sc_hd__clkbuf_16)
     2    0.017611    0.029590    0.085192   10.111394 ^ clkbuf_0_clk/X (sky130_fd_sc_hd__clkbuf_16)
                                                         clknet_0_clk (net)
                      0.029597    0.000634   10.112028 ^ clkbuf_1_1__f_clk/A (sky130_fd_sc_hd__clkbuf_16)
     2    0.006824    0.022259    0.074835   10.186863 ^ clkbuf_1_1__f_clk/X (sky130_fd_sc_hd__clkbuf_16)
                                                         clknet_1_1__leaf_clk (net)
                      0.022260    0.000415   10.187278 ^ _23_/CLK (sky130_fd_sc_hd__dfrtp_1)
                                 -0.250000    9.937278   clock uncertainty
                                  0.000000    9.937278   clock reconvergence pessimism
                                 -0.073583    9.863695   library setup time
                                              9.863695   data required time
---------------------------------------------------------------------------------------------
                                              9.863695   data required time
                                             -0.890728   data arrival time
---------------------------------------------------------------------------------------------
                                              8.972967   slack (MET)


Startpoint: _22_ (rising edge-triggered flip-flop clocked by clk)
Endpoint: _22_ (rising edge-triggered flip-flop clocked by clk)
Path Group: clk
Path Type: max

Fanout         Cap        Slew       Delay        Time   Description
---------------------------------------------------------------------------------------------
                                  0.000000    0.000000   clock clk (rise edge)
                                  0.000000    0.000000   clock source latency
     1    0.010380    0.039730    0.026201    0.026201 ^ clk (in)
                                                         clk (net)
                      0.039741    0.000000    0.026201 ^ clkbuf_0_clk/A (sky130_fd_sc_hd__clkbuf_16)
     2    0.017611    0.029590    0.085193    0.111394 ^ clkbuf_0_clk/X (sky130_fd_sc_hd__clkbuf_16)
                                                         clknet_0_clk (net)
                      0.029602    0.000903    0.112296 ^ clkbuf_1_0__f_clk/A (sky130_fd_sc_hd__clkbuf_16)
     2    0.005110    0.021068    0.073393    0.185690 ^ clkbuf_1_0__f_clk/X (sky130_fd_sc_hd__clkbuf_16)
                                                         clknet_1_0__leaf_clk (net)
                      0.021070    0.000285    0.185975 ^ _22_/CLK (sky130_fd_sc_hd__dfrtp_1)
     3    0.008043    0.045061    0.237662    0.423637 v _22_/Q (sky130_fd_sc_hd__dfrtp_1)
                                                         net4 (net)
                      0.045065    0.000455    0.424092 v hold4/A (sky130_fd_sc_hd__dlygate4sd3_1)
     1    0.002371    0.036676    0.362658    0.786749 v hold4/X (sky130_fd_sc_hd__dlygate4sd3_1)
                                                         net9 (net)
                      0.036676    0.000110    0.786859 v _13_/B1 (sky130_fd_sc_hd__a21oi_1)
     1    0.004865    0.103608    0.067486    0.854345 ^ _13_/Y (sky130_fd_sc_hd__a21oi_1)
                                                         _08_ (net)
                      0.103609    0.000342    0.854687 ^ _15_/A (sky130_fd_sc_hd__nor2_1)
     1    0.003076    0.033061    0.033839    0.888526 v _15_/Y (sky130_fd_sc_hd__nor2_1)
                                                         _02_ (net)
                      0.033061    0.000131    0.888657 v _22_/D (sky130_fd_sc_hd__dfrtp_1)
                                              0.888657   data arrival time

                                 10.000000   10.000000   clock clk (rise edge)
                                  0.000000   10.000000   clock source latency
     1    0.010380    0.039730    0.026201   10.026201 ^ clk (in)
                                                         clk (net)
                      0.039741    0.000000   10.026201 ^ clkbuf_0_clk/A (sky130_fd_sc_hd__clkbuf_16)
     2    0.017611    0.029590    0.085192   10.111394 ^ clkbuf_0_clk/X (sky130_fd_sc_hd__clkbuf_16)
                                                         clknet_0_clk (net)
                      0.029602    0.000902   10.112296 ^ clkbuf_1_0__f_clk/A (sky130_fd_sc_hd__clkbuf_16)
     2    0.005110    0.021068    0.073394   10.185690 ^ clkbuf_1_0__f_clk/X (sky130_fd_sc_hd__clkbuf_16)
                                                         clknet_1_0__leaf_clk (net)
                      0.021070    0.000285   10.185975 ^ _22_/CLK (sky130_fd_sc_hd__dfrtp_1)
                                 -0.250000    9.935975   clock uncertainty
                                  0.000000    9.935975   clock reconvergence pessimism
                                 -0.073876    9.862100   library setup time
                                              9.862100   data required time
---------------------------------------------------------------------------------------------
                                              9.862100   data required time
                                             -0.888657   data arrival time
---------------------------------------------------------------------------------------------
                                              8.973443   slack (MET)


Startpoint: _20_ (rising edge-triggered flip-flop clocked by clk)
Endpoint: _20_ (rising edge-triggered flip-flop clocked by clk)
Path Group: clk
Path Type: max

Fanout         Cap        Slew       Delay        Time   Description
---------------------------------------------------------------------------------------------
                                  0.000000    0.000000   clock clk (rise edge)
                                  0.000000    0.000000   clock source latency
     1    0.010380    0.039730    0.026201    0.026201 ^ clk (in)
                                                         clk (net)
                      0.039741    0.000000    0.026201 ^ clkbuf_0_clk/A (sky130_fd_sc_hd__clkbuf_16)
     2    0.017611    0.029590    0.085193    0.111394 ^ clkbuf_0_clk/X (sky130_fd_sc_hd__clkbuf_16)
                                                         clknet_0_clk (net)
                      0.029602    0.000903    0.112296 ^ clkbuf_1_0__f_clk/A (sky130_fd_sc_hd__clkbuf_16)
     2    0.005110    0.021068    0.073393    0.185690 ^ clkbuf_1_0__f_clk/X (sky130_fd_sc_hd__clkbuf_16)
                                                         clknet_1_0__leaf_clk (net)
                      0.021070    0.000303    0.185992 ^ _20_/CLK (sky130_fd_sc_hd__dfrtp_1)
     4    0.013532    0.096137    0.245008    0.431000 ^ _20_/Q (sky130_fd_sc_hd__dfrtp_1)
                                                         net2 (net)
                      0.096139    0.000653    0.431653 ^ hold2/A (sky130_fd_sc_hd__dlygate4sd3_1)
     2    0.009696    0.084055    0.420571    0.852225 ^ hold2/X (sky130_fd_sc_hd__dlygate4sd3_1)
                                                         net7 (net)
                      0.084055    0.000335    0.852560 ^ _10_/A (sky130_fd_sc_hd__inv_2)
     1    0.003015    0.019399    0.014838    0.867398 v _10_/Y (sky130_fd_sc_hd__inv_2)
                                                         _00_ (net)
                      0.019403    0.000222    0.867620 v _20_/D (sky130_fd_sc_hd__dfrtp_1)
                                              0.867620   data arrival time

                                 10.000000   10.000000   clock clk (rise edge)
                                  0.000000   10.000000   clock source latency
     1    0.010380    0.039730    0.026201   10.026201 ^ clk (in)
                                                         clk (net)
                      0.039741    0.000000   10.026201 ^ clkbuf_0_clk/A (sky130_fd_sc_hd__clkbuf_16)
     2    0.017611    0.029590    0.085192   10.111394 ^ clkbuf_0_clk/X (sky130_fd_sc_hd__clkbuf_16)
                                                         clknet_0_clk (net)
                      0.029602    0.000902   10.112296 ^ clkbuf_1_0__f_clk/A (sky130_fd_sc_hd__clkbuf_16)
     2    0.005110    0.021068    0.073394   10.185690 ^ clkbuf_1_0__f_clk/X (sky130_fd_sc_hd__clkbuf_16)
                                                         clknet_1_0__leaf_clk (net)
                      0.021070    0.000303   10.185993 ^ _20_/CLK (sky130_fd_sc_hd__dfrtp_1)
                                 -0.250000    9.935993   clock uncertainty
                                  0.000000    9.935993   clock reconvergence pessimism
                                 -0.068996    9.866998   library setup time
                                              9.866998   data required time
---------------------------------------------------------------------------------------------
                                              9.866998   data required time
                                             -0.867620   data arrival time
---------------------------------------------------------------------------------------------
                                              8.999377   slack (MET)



%OL_END_REPORT
%OL_CREATE_REPORT checks.rpt

===========================================================================
report_checks -unconstrained
===========================================================================
======================= max_ff_n40C_1v95 Corner ===================================

Startpoint: rst (input port clocked by clk)
Endpoint: _20_ (recovery check against rising-edge clock clk)
Path Group: asynchronous
Path Type: max

Fanout         Cap        Slew       Delay        Time   Description
---------------------------------------------------------------------------------------------
                                  0.000000    0.000000   clock clk (rise edge)
                                  0.000000    0.000000   clock network delay (propagated)
                                  2.000000    2.000000 v input external delay
     1    0.003347    0.005516    0.002813    2.002813 v rst (in)
                                                         rst (net)
                      0.005525    0.000000    2.002813 v input1/A (sky130_fd_sc_hd__clkbuf_2)
     4    0.020820    0.058614    0.091394    2.094206 v input1/X (sky130_fd_sc_hd__clkbuf_2)
                                                         net1 (net)
                      0.058631    0.000983    2.095189 v _11_/A (sky130_fd_sc_hd__inv_2)
     1    0.004911    0.027497    0.043511    2.138700 ^ _11_/Y (sky130_fd_sc_hd__inv_2)
                                                         _04_ (net)
                      0.027498    0.000260    2.138960 ^ _20_/RESET_B (sky130_fd_sc_hd__dfrtp_1)
                                              2.138960   data arrival time

                                 10.000000   10.000000   clock clk (rise edge)
                                  0.000000   10.000000   clock source latency
     1    0.010380    0.039730    0.026201   10.026201 ^ clk (in)
                                                         clk (net)
                      0.039741    0.000000   10.026201 ^ clkbuf_0_clk/A (sky130_fd_sc_hd__clkbuf_16)
     2    0.017611    0.029590    0.085192   10.111394 ^ clkbuf_0_clk/X (sky130_fd_sc_hd__clkbuf_16)
                                                         clknet_0_clk (net)
                      0.029602    0.000902   10.112296 ^ clkbuf_1_0__f_clk/A (sky130_fd_sc_hd__clkbuf_16)
     2    0.005110    0.021068    0.073394   10.185690 ^ clkbuf_1_0__f_clk/X (sky130_fd_sc_hd__clkbuf_16)
                                                         clknet_1_0__leaf_clk (net)
                      0.021070    0.000303   10.185993 ^ _20_/CLK (sky130_fd_sc_hd__dfrtp_1)
                                 -0.250000    9.935993   clock uncertainty
                                  0.000000    9.935993   clock reconvergence pessimism
                                  0.142843   10.078835   library recovery time
                                             10.078835   data required time
---------------------------------------------------------------------------------------------
                                             10.078835   data required time
                                             -2.138960   data arrival time
---------------------------------------------------------------------------------------------
                                              7.939876   slack (MET)


Startpoint: _21_ (rising edge-triggered flip-flop clocked by clk)
Endpoint: out[1] (output port clocked by clk)
Path Group: clk
Path Type: max

Fanout         Cap        Slew       Delay        Time   Description
---------------------------------------------------------------------------------------------
                                  0.000000    0.000000   clock clk (rise edge)
                                  0.000000    0.000000   clock source latency
     1    0.010380    0.039730    0.026201    0.026201 ^ clk (in)
                                                         clk (net)
                      0.039741    0.000000    0.026201 ^ clkbuf_0_clk/A (sky130_fd_sc_hd__clkbuf_16)
     2    0.017611    0.029590    0.085193    0.111394 ^ clkbuf_0_clk/X (sky130_fd_sc_hd__clkbuf_16)
                                                         clknet_0_clk (net)
                      0.029597    0.000634    0.112028 ^ clkbuf_1_1__f_clk/A (sky130_fd_sc_hd__clkbuf_16)
     2    0.006824    0.022259    0.074836    0.186863 ^ clkbuf_1_1__f_clk/X (sky130_fd_sc_hd__clkbuf_16)
                                                         clknet_1_1__leaf_clk (net)
                      0.022260    0.000395    0.187259 ^ _21_/CLK (sky130_fd_sc_hd__dfrtp_1)
     4    0.014026    0.099277    0.247493    0.434751 ^ _21_/Q (sky130_fd_sc_hd__dfrtp_1)
                                                         net3 (net)
                      0.099281    0.000754    0.435505 ^ output3/A (sky130_fd_sc_hd__buf_2)
     1    0.034003    0.126937    0.153271    0.588776 ^ output3/X (sky130_fd_sc_hd__buf_2)
                                                         out[1] (net)
                      0.126966    0.001609    0.590385 ^ out[1] (out)
                                              0.590385   data arrival time

                                 10.000000   10.000000   clock clk (rise edge)
                                  0.000000   10.000000   clock network delay (propagated)
                                 -0.250000    9.750000   clock uncertainty
                                  0.000000    9.750000   clock reconvergence pessimism
                                 -2.000000    7.750000   output external delay
                                              7.750000   data required time
---------------------------------------------------------------------------------------------
                                              7.750000   data required time
                                             -0.590385   data arrival time
---------------------------------------------------------------------------------------------
                                              7.159615   slack (MET)




===========================================================================
report_checks --slack_max -0.01
============================================================================
======================= max_ff_n40C_1v95 Corner ===================================

No paths found.


===========================================================================
 report_check_types -max_slew -max_cap -max_fanout -violators
============================================================================
======================= max_ff_n40C_1v95 Corner ===================================



===========================================================================
report_parasitic_annotation -report_unannotated
============================================================================
Found 0 unannotated drivers.
Found 0 partially unannotated drivers.

===========================================================================
max slew violation count 0
%OL_METRIC_I design__max_slew_violation__count__corner:max_ff_n40C_1v95 0
max fanout violation count 0
%OL_METRIC_I design__max_fanout_violation__count__corner:max_ff_n40C_1v95 0
max cap violation count 0
%OL_METRIC_I design__max_cap_violation__count__corner:max_ff_n40C_1v95 0
============================================================================

===========================================================================
check_setup -verbose -unconstrained_endpoints -multiple_clock -no_clock -no_input_delay -loops -generated_clocks
===========================================================================
%OL_END_REPORT
%OL_CREATE_REPORT power.rpt

===========================================================================
 report_power
============================================================================
======================= max_ff_n40C_1v95 Corner ===================================

Group                    Internal    Switching      Leakage        Total
                            Power        Power        Power        Power (Watts)
------------------------------------------------------------------------
Sequential           1.897469e-05 0.000000e+00 6.075800e-11 1.897475e-05  21.1%
Combinational        3.375188e-07 7.549152e-07 2.013315e-10 1.092635e-06   1.2%
Clock                5.842876e-05 1.123442e-05 3.283206e-10 6.966351e-05  77.6%
Macro                0.000000e+00 0.000000e+00 0.000000e+00 0.000000e+00   0.0%
Pad                  0.000000e+00 0.000000e+00 0.000000e+00 0.000000e+00   0.0%
------------------------------------------------------------------------
Total                7.774097e-05 1.198933e-05 5.904101e-10 8.973090e-05 100.0%
                            86.6%        13.4%         0.0%
%OL_METRIC_F power__internal__total 7.774097321089357e-5
%OL_METRIC_F power__switching__total 1.198933387058787e-5
%OL_METRIC_F power__leakage__total 5.904101096909642e-10
%OL_METRIC_F power__total 8.9730900072027e-5

%OL_END_REPORT
%OL_CREATE_REPORT skew.min.rpt

===========================================================================
Clock Skew (Hold)
============================================================================
%OL_METRIC_F clock__skew__worst_hold__corner:max_ff_n40C_1v95 -0.2513027079783626
======================= max_ff_n40C_1v95 Corner ===================================

Clock clk
0.185975 source latency _22_/CLK ^
-0.187278 target latency _23_/CLK ^
-0.250000 clock uncertainty
0.000000 CRPR
--------------
-0.251303 hold skew

%OL_END_REPORT
%OL_CREATE_REPORT skew.max.rpt

===========================================================================
Clock Skew (Setup)
============================================================================
%OL_METRIC_F clock__skew__worst_setup__corner:max_ff_n40C_1v95 0.2512835566306462
======================= max_ff_n40C_1v95 Corner ===================================

Clock clk
0.187259 source latency _21_/CLK ^
-0.185975 target latency _22_/CLK ^
0.250000 clock uncertainty
0.000000 CRPR
--------------
0.251284 setup skew

%OL_END_REPORT
%OL_CREATE_REPORT ws.min.rpt

===========================================================================
Worst Slack (Hold)
============================================================================
%OL_METRIC_F timing__hold__ws__corner:max_ff_n40C_1v95 0.13161649920247126
max_ff_n40C_1v95: 0.13161649920247126
%OL_END_REPORT
%OL_CREATE_REPORT ws.max.rpt

===========================================================================
Worst Slack (Setup)
============================================================================
%OL_METRIC_F timing__setup__ws__corner:max_ff_n40C_1v95 7.159614437296212
max_ff_n40C_1v95: 7.159614437296212
%OL_END_REPORT
%OL_CREATE_REPORT tns.min.rpt

===========================================================================
Total Negative Slack (Hold)
============================================================================
%OL_METRIC_F timing__hold__tns__corner:max_ff_n40C_1v95 0.0
max_ff_n40C_1v95: 0.0
%OL_END_REPORT
%OL_CREATE_REPORT tns.max.rpt

===========================================================================
Total Negative Slack (Setup)
============================================================================
%OL_METRIC_F timing__setup__tns__corner:max_ff_n40C_1v95 0.0
max_ff_n40C_1v95: 0.0
%OL_END_REPORT
%OL_CREATE_REPORT wns.min.rpt

===========================================================================
Worst Negative Slack (Hold)
============================================================================
%OL_METRIC_F timing__hold__wns__corner:max_ff_n40C_1v95 0
max_ff_n40C_1v95: 0
%OL_END_REPORT
%OL_CREATE_REPORT wns.max.rpt

===========================================================================
Worst Negative Slack (Setup)
============================================================================
%OL_METRIC_F timing__setup__wns__corner:max_ff_n40C_1v95 0.0
max_ff_n40C_1v95: 0.0
%OL_END_REPORT
%OL_CREATE_REPORT violator_list.rpt

===========================================================================
Violator List
============================================================================
%OL_METRIC_I timing__hold_vio__count__corner:max_ff_n40C_1v95 0
%OL_METRIC_F timing__hold_r2r__ws__corner:max_ff_n40C_1v95 0.131617
%OL_METRIC_I timing__hold_r2r_vio__count__corner:max_ff_n40C_1v95 0
%OL_METRIC_I timing__setup_vio__count__corner:max_ff_n40C_1v95 0
%OL_METRIC_F timing__setup_r2r__ws__corner:max_ff_n40C_1v95 8.911860
%OL_METRIC_I timing__setup_r2r_vio__count__corner:max_ff_n40C_1v95 0
%OL_END_REPORT
%OL_CREATE_REPORT unpropagated.rpt
%OL_END_REPORT
%OL_CREATE_REPORT clock.rpt
Clock: clk
Sources: clk 
Generated: no
Virtual: yes
Propagated: no
Period: 10.000000

===========================================================================
report_clock_properties
============================================================================
Clock                   Period          Waveform
----------------------------------------------------
clk                  10.000000    0.000000  5.000000

===========================================================================
report_clock_latency
============================================================================
Clock clk
rise -> rise
    min     max
0.000000 0.000000 source latency
0.185975         network latency _22_/CLK
        0.187278 network latency _23_/CLK
---------------
0.185975 0.187278 latency
        0.001303 skew

fall -> fall
    min     max
0.000000 0.000000 source latency
0.186959         network latency _22_/CLK
        0.188169 network latency _23_/CLK
---------------
0.186959 0.188169 latency
        0.001209 skew



===========================================================================
report_clock_min_period
============================================================================
clk period_min = 1.09 fmax = 919.00
%OL_END_REPORT
Writing SDF files for all corners…
Removing Clock latencies before writing libs…
Writing timing models for all corners…
Writing timing models for the max_ff_n40C_1v95 corner to /home/yaser/CMOS_Tapeouts/counter/runs/RUN_2026-04-03_19-53-56/54-openroad-stapostpnr/max_ff_n40C_1v95/counter__max_ff_n40C_1v95.lib…
