
===========================================================================
report_checks -unconstrained
===========================================================================
======================= nom_tt_025C_1v80 Corner ===================================

Startpoint: instruction[6] (input port clocked by clk)
Endpoint: _281_ (rising edge-triggered flip-flop clocked by clk)
Path Group: clk
Path Type: max

Fanout         Cap        Slew       Delay        Time   Description
---------------------------------------------------------------------------------------------
                                  0.000000    0.000000   clock clk (rise edge)
                                  0.000000    0.000000   clock network delay (propagated)
                                  3.000000    3.000000 ^ input external delay
     2    0.004547    0.027322    0.016400    3.016400 ^ instruction[6] (in)
                                                         instruction[6] (net)
                      0.027323    0.000000    3.016400 ^ input7/A (sky130_fd_sc_hd__clkbuf_1)
     2    0.007643    0.098037    0.112941    3.129340 ^ input7/X (sky130_fd_sc_hd__clkbuf_1)
                                                         net7 (net)
                      0.098038    0.000293    3.129633 ^ fanout60/A (sky130_fd_sc_hd__buf_1)
     4    0.012830    0.157266    0.175294    3.304927 ^ fanout60/X (sky130_fd_sc_hd__buf_1)
                                                         net60 (net)
                      0.157267    0.000345    3.305271 ^ fanout59/A (sky130_fd_sc_hd__buf_1)
     4    0.011341    0.140320    0.174992    3.480263 ^ fanout59/X (sky130_fd_sc_hd__buf_1)
                                                         net59 (net)
                      0.140320    0.000308    3.480571 ^ _137_/B (sky130_fd_sc_hd__nand3b_1)
     2    0.005815    0.083455    0.113074    3.593645 v _137_/Y (sky130_fd_sc_hd__nand3b_1)
                                                         _041_ (net)
                      0.083455    0.000198    3.593843 v fanout53/A (sky130_fd_sc_hd__buf_1)
     4    0.012131    0.076212    0.146162    3.740004 v fanout53/X (sky130_fd_sc_hd__buf_1)
                                                         net53 (net)
                      0.076213    0.000380    3.740384 v _138_/C (sky130_fd_sc_hd__and3_1)
     2    0.005507    0.048351    0.201504    3.941888 v _138_/X (sky130_fd_sc_hd__and3_1)
                                                         _042_ (net)
                      0.048351    0.000169    3.942057 v _141_/B (sky130_fd_sc_hd__or3_1)
     2    0.005440    0.079405    0.361108    4.303165 v _141_/X (sky130_fd_sc_hd__or3_1)
                                                         _045_ (net)
                      0.079405    0.000131    4.303297 v _148_/A1 (sky130_fd_sc_hd__a21o_1)
     3    0.009046    0.059157    0.193061    4.496357 v _148_/X (sky130_fd_sc_hd__a21o_1)
                                                         _051_ (net)
                      0.059158    0.000323    4.496680 v _173_/A1 (sky130_fd_sc_hd__a31o_1)
     3    0.010755    0.070683    0.212117    4.708797 v _173_/X (sky130_fd_sc_hd__a31o_1)
                                                         _074_ (net)
                      0.070684    0.000420    4.709218 v _174_/B (sky130_fd_sc_hd__xor2_1)
     1    0.002498    0.066055    0.143724    4.852942 v _174_/X (sky130_fd_sc_hd__xor2_1)
                                                         _075_ (net)
                      0.066055    0.000056    4.852997 v _175_/A1 (sky130_fd_sc_hd__mux2_1)
     1    0.002633    0.054096    0.292667    5.145665 v _175_/X (sky130_fd_sc_hd__mux2_1)
                                                         _076_ (net)
                      0.054096    0.000060    5.145724 v _176_/A1 (sky130_fd_sc_hd__mux2_1)
     1    0.002747    0.054684    0.289428    5.435153 v _176_/X (sky130_fd_sc_hd__mux2_1)
                                                         _077_ (net)
                      0.054684    0.000091    5.435243 v _177_/B (sky130_fd_sc_hd__and2_1)
     1    0.002378    0.033296    0.151774    5.587017 v _177_/X (sky130_fd_sc_hd__and2_1)
                                                         _021_ (net)
                      0.033296    0.000051    5.587068 v _281_/D (sky130_fd_sc_hd__dfxtp_1)
                                              5.587068   data arrival time

                                 15.000000   15.000000   clock clk (rise edge)
                                  0.000000   15.000000   clock source latency
     2    0.014446    0.070955    0.048390   15.048389 ^ clk (in)
                                                         clk (net)
                      0.070960    0.000000   15.048389 ^ clkbuf_0_clk/A (sky130_fd_sc_hd__clkbuf_16)
     2    0.018486    0.040577    0.133401   15.181790 ^ clkbuf_0_clk/X (sky130_fd_sc_hd__clkbuf_16)
                                                         clknet_0_clk (net)
                      0.040578    0.000403   15.182194 ^ clkbuf_1_0__f_clk/A (sky130_fd_sc_hd__clkbuf_16)
    13    0.037812    0.057773    0.138476   15.320669 ^ clkbuf_1_0__f_clk/X (sky130_fd_sc_hd__clkbuf_16)
                                                         clknet_1_0__leaf_clk (net)
                      0.057789    0.000869   15.321538 ^ _281_/CLK (sky130_fd_sc_hd__dfxtp_1)
                                 -0.250000   15.071539   clock uncertainty
                                  0.000000   15.071539   clock reconvergence pessimism
                                 -0.102408   14.969132   library setup time
                                             14.969132   data required time
---------------------------------------------------------------------------------------------
                                             14.969132   data required time
                                             -5.587068   data arrival time
---------------------------------------------------------------------------------------------
                                              9.382065   slack (MET)




===========================================================================
report_checks --slack_max -0.01
============================================================================
======================= nom_tt_025C_1v80 Corner ===================================

No paths found.


===========================================================================
 report_check_types -max_slew -max_cap -max_fanout -violators
============================================================================
======================= nom_tt_025C_1v80 Corner ===================================

max fanout

Pin                                   Limit Fanout  Slack
---------------------------------------------------------
clkbuf_1_0__f_clk/X                       4     13     -9 (VIOLATED)
clkbuf_1_1__f_clk/X                       4     13     -9 (VIOLATED)



===========================================================================
report_parasitic_annotation -report_unannotated
============================================================================
Found 1 unannotated drivers.
 clkload0/X
Found 0 partially unannotated drivers.

===========================================================================
max slew violation count 0
Writing metric design__max_slew_violation__count__corner:nom_tt_025C_1v80: 0
max fanout violation count 2
Writing metric design__max_fanout_violation__count__corner:nom_tt_025C_1v80: 2
max cap violation count 0
Writing metric design__max_cap_violation__count__corner:nom_tt_025C_1v80: 0
============================================================================

===========================================================================
check_setup -verbose -unconstrained_endpoints -multiple_clock -no_clock -no_input_delay -loops -generated_clocks
===========================================================================
