Clock: clk
Sources: clk 
Generated: no
Virtual: yes
Propagated: no
Period: 15.000000

===========================================================================
report_clock_properties
============================================================================
Clock                   Period          Waveform
----------------------------------------------------
clk                  15.000000    0.000000  7.500000

===========================================================================
report_clock_latency
============================================================================
Clock clk
rise -> rise
    min     max
0.000000 0.000000 source latency
0.321251         network latency _273_/CLK
        0.321670 network latency _267_/CLK
---------------
0.321251 0.321670 latency
        0.000420 skew

fall -> fall
    min     max
0.000000 0.000000 source latency
0.313064         network latency _273_/CLK
        0.313470 network latency _267_/CLK
---------------
0.313064 0.313470 latency
        0.000406 skew



===========================================================================
report_clock_min_period
============================================================================
clk period_min = 2.92 fmax = 342.58
