Reading timing models for corner min_ss_100C_1v60…
Reading cell library for the 'min_ss_100C_1v60' corner at '/home/yaser/.volare/volare/sky130/versions/0fe599b2afb6708d281543108caf8310912f54af/sky130A/libs.ref/sky130_fd_sc_hd/lib/sky130_fd_sc_hd__ss_100C_1v60.lib'…
Reading top-level netlist at '/home/yaser/CMOS_Tapeouts/counter/runs/RUN_2026-04-03_19-53-56/51-openroad-fillinsertion/counter.nl.v'…
Linking design 'counter' from netlist…
Warning: /home/yaser/CMOS_Tapeouts/counter/runs/RUN_2026-04-03_19-53-56/51-openroad-fillinsertion/counter.nl.v line 94, module sky130_fd_sc_hd__tapvpwrvgnd_1 not found. Creating black box for TAP_TAPCELL_ROW_0_20.
Warning: /home/yaser/CMOS_Tapeouts/counter/runs/RUN_2026-04-03_19-53-56/51-openroad-fillinsertion/counter.nl.v line 130, module sky130_ef_sc_hd__decap_12 not found. Creating black box for FILLER_0_3.
Warning: /home/yaser/CMOS_Tapeouts/counter/runs/RUN_2026-04-03_19-53-56/51-openroad-fillinsertion/counter.nl.v line 132, module sky130_fd_sc_hd__fill_1 not found. Creating black box for FILLER_0_23.
Warning: /home/yaser/CMOS_Tapeouts/counter/runs/RUN_2026-04-03_19-53-56/51-openroad-fillinsertion/counter.nl.v line 133, module sky130_fd_sc_hd__fill_2 not found. Creating black box for FILLER_0_36.
Reading design constraints file at '/nix/store/ss2cw3sxbrwwx9jl0rrppbw4kgcmgi2n-python3-3.11.9-env/lib/python3.11/site-packages/openlane/scripts/base.sdc'…
[INFO] Using clock clk…
[INFO] Setting output delay to: 2.0
[INFO] Setting input delay to: 2.0
[INFO] Setting load to: 0.033442
[INFO] Setting clock uncertainty to: 0.25
[INFO] Setting clock transition to: 0.1499999999999999944488848768742172978818416595458984375
[INFO] Setting timing derate to: 5%
Reading top-level design parasitics for the 'min_ss_100C_1v60' corner at '/home/yaser/CMOS_Tapeouts/counter/runs/RUN_2026-04-03_19-53-56/53-openroad-rcx/min/counter.min.spef'…
%OL_CREATE_REPORT min.rpt

===========================================================================
report_checks -path_delay min (Hold)
============================================================================
======================= min_ss_100C_1v60 Corner ===================================

Startpoint: _20_ (rising edge-triggered flip-flop clocked by clk)
Endpoint: _22_ (rising edge-triggered flip-flop clocked by clk)
Path Group: clk
Path Type: min

Fanout         Cap        Slew       Delay        Time   Description
---------------------------------------------------------------------------------------------
                                  0.000000    0.000000   clock clk (rise edge)
                                  0.000000    0.000000   clock source latency
     1    0.009947    0.080757    0.052129    0.052129 ^ clk (in)
                                                         clk (net)
                      0.080757    0.000000    0.052129 ^ clkbuf_0_clk/A (sky130_fd_sc_hd__clkbuf_16)
     2    0.017179    0.063903    0.222479    0.274608 ^ clkbuf_0_clk/X (sky130_fd_sc_hd__clkbuf_16)
                                                         clknet_0_clk (net)
                      0.063903    0.000113    0.274721 ^ clkbuf_1_0__f_clk/A (sky130_fd_sc_hd__clkbuf_16)
     2    0.004528    0.047154    0.194485    0.469206 ^ clkbuf_1_0__f_clk/X (sky130_fd_sc_hd__clkbuf_16)
                                                         clknet_1_0__leaf_clk (net)
                      0.047154    0.000033    0.469239 ^ _20_/CLK (sky130_fd_sc_hd__dfrtp_1)
     4    0.012119    0.192443    0.728134    1.197374 ^ _20_/Q (sky130_fd_sc_hd__dfrtp_1)
                                                         net2 (net)
                      0.192443    0.000129    1.197503 ^ _13_/A1 (sky130_fd_sc_hd__a21oi_1)
     1    0.004267    0.058526    0.187409    1.384912 v _13_/Y (sky130_fd_sc_hd__a21oi_1)
                                                         _08_ (net)
                      0.058526    0.000064    1.384976 v _15_/A (sky130_fd_sc_hd__nor2_1)
     1    0.002748    0.131039    0.159723    1.544700 ^ _15_/Y (sky130_fd_sc_hd__nor2_1)
                                                         _02_ (net)
                      0.131039    0.000022    1.544722 ^ _22_/D (sky130_fd_sc_hd__dfrtp_1)
                                              1.544722   data arrival time

                                  0.000000    0.000000   clock clk (rise edge)
                                  0.000000    0.000000   clock source latency
     1    0.009947    0.080757    0.052129    0.052129 ^ clk (in)
                                                         clk (net)
                      0.080757    0.000000    0.052129 ^ clkbuf_0_clk/A (sky130_fd_sc_hd__clkbuf_16)
     2    0.017179    0.063903    0.222479    0.274608 ^ clkbuf_0_clk/X (sky130_fd_sc_hd__clkbuf_16)
                                                         clknet_0_clk (net)
                      0.063903    0.000113    0.274721 ^ clkbuf_1_0__f_clk/A (sky130_fd_sc_hd__clkbuf_16)
     2    0.004528    0.047154    0.194485    0.469206 ^ clkbuf_1_0__f_clk/X (sky130_fd_sc_hd__clkbuf_16)
                                                         clknet_1_0__leaf_clk (net)
                      0.047154    0.000029    0.469235 ^ _22_/CLK (sky130_fd_sc_hd__dfrtp_1)
                                  0.250000    0.719235   clock uncertainty
                                  0.000000    0.719235   clock reconvergence pessimism
                                 -0.094628    0.624608   library hold time
                                              0.624608   data required time
---------------------------------------------------------------------------------------------
                                              0.624608   data required time
                                             -1.544722   data arrival time
---------------------------------------------------------------------------------------------
                                              0.920114   slack (MET)


Startpoint: rst (input port clocked by clk)
Endpoint: _23_ (removal check against rising-edge clock clk)
Path Group: asynchronous
Path Type: min

Fanout         Cap        Slew       Delay        Time   Description
---------------------------------------------------------------------------------------------
                                  0.000000    0.000000   clock clk (rise edge)
                                  0.000000    0.000000   clock network delay (propagated)
                                  2.000000    2.000000 v input external delay
     1    0.003157    0.019831    0.010342    2.010342 v rst (in)
                                                         rst (net)
                      0.019831    0.000000    2.010342 v input1/A (sky130_fd_sc_hd__clkbuf_2)
     4    0.020301    0.149546    0.246072    2.256414 v input1/X (sky130_fd_sc_hd__clkbuf_2)
                                                         net1 (net)
                      0.149546    0.000345    2.256759 v _19_/A (sky130_fd_sc_hd__inv_2)
     1    0.003589    0.054891    0.100340    2.357099 ^ _19_/Y (sky130_fd_sc_hd__inv_2)
                                                         _07_ (net)
                      0.054891    0.000026    2.357125 ^ _23_/RESET_B (sky130_fd_sc_hd__dfrtp_1)
                                              2.357125   data arrival time

                                  0.000000    0.000000   clock clk (rise edge)
                                  0.000000    0.000000   clock source latency
     1    0.009947    0.080757    0.052129    0.052129 ^ clk (in)
                                                         clk (net)
                      0.080757    0.000000    0.052129 ^ clkbuf_0_clk/A (sky130_fd_sc_hd__clkbuf_16)
     2    0.017179    0.063903    0.222479    0.274608 ^ clkbuf_0_clk/X (sky130_fd_sc_hd__clkbuf_16)
                                                         clknet_0_clk (net)
                      0.063903    0.000068    0.274676 ^ clkbuf_1_1__f_clk/A (sky130_fd_sc_hd__clkbuf_16)
     2    0.005938    0.049085    0.197153    0.471829 ^ clkbuf_1_1__f_clk/X (sky130_fd_sc_hd__clkbuf_16)
                                                         clknet_1_1__leaf_clk (net)
                      0.049085    0.000075    0.471904 ^ _23_/CLK (sky130_fd_sc_hd__dfrtp_1)
                                  0.250000    0.721904   clock uncertainty
                                  0.000000    0.721904   clock reconvergence pessimism
                                  0.646500    1.368405   library removal time
                                              1.368405   data required time
---------------------------------------------------------------------------------------------
                                              1.368405   data required time
                                             -2.357125   data arrival time
---------------------------------------------------------------------------------------------
                                              0.988720   slack (MET)


Startpoint: rst (input port clocked by clk)
Endpoint: _21_ (removal check against rising-edge clock clk)
Path Group: asynchronous
Path Type: min

Fanout         Cap        Slew       Delay        Time   Description
---------------------------------------------------------------------------------------------
                                  0.000000    0.000000   clock clk (rise edge)
                                  0.000000    0.000000   clock network delay (propagated)
                                  2.000000    2.000000 v input external delay
     1    0.003157    0.019831    0.010342    2.010342 v rst (in)
                                                         rst (net)
                      0.019831    0.000000    2.010342 v input1/A (sky130_fd_sc_hd__clkbuf_2)
     4    0.020301    0.149546    0.246072    2.256414 v input1/X (sky130_fd_sc_hd__clkbuf_2)
                                                         net1 (net)
                      0.149546    0.000340    2.256753 v _17_/A (sky130_fd_sc_hd__inv_2)
     1    0.003820    0.056184    0.102026    2.358779 ^ _17_/Y (sky130_fd_sc_hd__inv_2)
                                                         _05_ (net)
                      0.056184    0.000032    2.358811 ^ _21_/RESET_B (sky130_fd_sc_hd__dfrtp_1)
                                              2.358811   data arrival time

                                  0.000000    0.000000   clock clk (rise edge)
                                  0.000000    0.000000   clock source latency
     1    0.009947    0.080757    0.052129    0.052129 ^ clk (in)
                                                         clk (net)
                      0.080757    0.000000    0.052129 ^ clkbuf_0_clk/A (sky130_fd_sc_hd__clkbuf_16)
     2    0.017179    0.063903    0.222479    0.274608 ^ clkbuf_0_clk/X (sky130_fd_sc_hd__clkbuf_16)
                                                         clknet_0_clk (net)
                      0.063903    0.000068    0.274676 ^ clkbuf_1_1__f_clk/A (sky130_fd_sc_hd__clkbuf_16)
     2    0.005938    0.049085    0.197153    0.471829 ^ clkbuf_1_1__f_clk/X (sky130_fd_sc_hd__clkbuf_16)
                                                         clknet_1_1__leaf_clk (net)
                      0.049085    0.000070    0.471899 ^ _21_/CLK (sky130_fd_sc_hd__dfrtp_1)
                                  0.250000    0.721899   clock uncertainty
                                  0.000000    0.721899   clock reconvergence pessimism
                                  0.646897    1.368796   library removal time
                                              1.368796   data required time
---------------------------------------------------------------------------------------------
                                              1.368796   data required time
                                             -2.358811   data arrival time
---------------------------------------------------------------------------------------------
                                              0.990015   slack (MET)


Startpoint: rst (input port clocked by clk)
Endpoint: _22_ (removal check against rising-edge clock clk)
Path Group: asynchronous
Path Type: min

Fanout         Cap        Slew       Delay        Time   Description
---------------------------------------------------------------------------------------------
                                  0.000000    0.000000   clock clk (rise edge)
                                  0.000000    0.000000   clock network delay (propagated)
                                  2.000000    2.000000 v input external delay
     1    0.003157    0.019831    0.010342    2.010342 v rst (in)
                                                         rst (net)
                      0.019831    0.000000    2.010342 v input1/A (sky130_fd_sc_hd__clkbuf_2)
     4    0.020301    0.149546    0.246072    2.256414 v input1/X (sky130_fd_sc_hd__clkbuf_2)
                                                         net1 (net)
                      0.149546    0.000300    2.256714 v _18_/A (sky130_fd_sc_hd__inv_2)
     1    0.003707    0.055548    0.101203    2.357917 ^ _18_/Y (sky130_fd_sc_hd__inv_2)
                                                         _06_ (net)
                      0.055548    0.000028    2.357945 ^ _22_/RESET_B (sky130_fd_sc_hd__dfrtp_1)
                                              2.357945   data arrival time

                                  0.000000    0.000000   clock clk (rise edge)
                                  0.000000    0.000000   clock source latency
     1    0.009947    0.080757    0.052129    0.052129 ^ clk (in)
                                                         clk (net)
                      0.080757    0.000000    0.052129 ^ clkbuf_0_clk/A (sky130_fd_sc_hd__clkbuf_16)
     2    0.017179    0.063903    0.222479    0.274608 ^ clkbuf_0_clk/X (sky130_fd_sc_hd__clkbuf_16)
                                                         clknet_0_clk (net)
                      0.063903    0.000113    0.274721 ^ clkbuf_1_0__f_clk/A (sky130_fd_sc_hd__clkbuf_16)
     2    0.004528    0.047154    0.194485    0.469206 ^ clkbuf_1_0__f_clk/X (sky130_fd_sc_hd__clkbuf_16)
                                                         clknet_1_0__leaf_clk (net)
                      0.047154    0.000029    0.469235 ^ _22_/CLK (sky130_fd_sc_hd__dfrtp_1)
                                  0.250000    0.719235   clock uncertainty
                                  0.000000    0.719235   clock reconvergence pessimism
                                  0.646119    1.365355   library removal time
                                              1.365355   data required time
---------------------------------------------------------------------------------------------
                                              1.365355   data required time
                                             -2.357945   data arrival time
---------------------------------------------------------------------------------------------
                                              0.992590   slack (MET)


Startpoint: rst (input port clocked by clk)
Endpoint: _20_ (removal check against rising-edge clock clk)
Path Group: asynchronous
Path Type: min

Fanout         Cap        Slew       Delay        Time   Description
---------------------------------------------------------------------------------------------
                                  0.000000    0.000000   clock clk (rise edge)
                                  0.000000    0.000000   clock network delay (propagated)
                                  2.000000    2.000000 v input external delay
     1    0.003157    0.019831    0.010342    2.010342 v rst (in)
                                                         rst (net)
                      0.019831    0.000000    2.010342 v input1/A (sky130_fd_sc_hd__clkbuf_2)
     4    0.020301    0.149546    0.246072    2.256414 v input1/X (sky130_fd_sc_hd__clkbuf_2)
                                                         net1 (net)
                      0.149546    0.000102    2.256516 v _11_/A (sky130_fd_sc_hd__inv_2)
     1    0.004340    0.059227    0.105817    2.362334 ^ _11_/Y (sky130_fd_sc_hd__inv_2)
                                                         _04_ (net)
                      0.059227    0.000046    2.362379 ^ _20_/RESET_B (sky130_fd_sc_hd__dfrtp_1)
                                              2.362379   data arrival time

                                  0.000000    0.000000   clock clk (rise edge)
                                  0.000000    0.000000   clock source latency
     1    0.009947    0.080757    0.052129    0.052129 ^ clk (in)
                                                         clk (net)
                      0.080757    0.000000    0.052129 ^ clkbuf_0_clk/A (sky130_fd_sc_hd__clkbuf_16)
     2    0.017179    0.063903    0.222479    0.274608 ^ clkbuf_0_clk/X (sky130_fd_sc_hd__clkbuf_16)
                                                         clknet_0_clk (net)
                      0.063903    0.000113    0.274721 ^ clkbuf_1_0__f_clk/A (sky130_fd_sc_hd__clkbuf_16)
     2    0.004528    0.047154    0.194485    0.469206 ^ clkbuf_1_0__f_clk/X (sky130_fd_sc_hd__clkbuf_16)
                                                         clknet_1_0__leaf_clk (net)
                      0.047154    0.000033    0.469239 ^ _20_/CLK (sky130_fd_sc_hd__dfrtp_1)
                                  0.250000    0.719239   clock uncertainty
                                  0.000000    0.719239   clock reconvergence pessimism
                                  0.647250    1.366490   library removal time
                                              1.366490   data required time
---------------------------------------------------------------------------------------------
                                              1.366490   data required time
                                             -2.362379   data arrival time
---------------------------------------------------------------------------------------------
                                              0.995889   slack (MET)


Startpoint: _22_ (rising edge-triggered flip-flop clocked by clk)
Endpoint: _23_ (rising edge-triggered flip-flop clocked by clk)
Path Group: clk
Path Type: min

Fanout         Cap        Slew       Delay        Time   Description
---------------------------------------------------------------------------------------------
                                  0.000000    0.000000   clock clk (rise edge)
                                  0.000000    0.000000   clock source latency
     1    0.009947    0.080757    0.052129    0.052129 ^ clk (in)
                                                         clk (net)
                      0.080757    0.000000    0.052129 ^ clkbuf_0_clk/A (sky130_fd_sc_hd__clkbuf_16)
     2    0.017179    0.063903    0.222479    0.274608 ^ clkbuf_0_clk/X (sky130_fd_sc_hd__clkbuf_16)
                                                         clknet_0_clk (net)
                      0.063903    0.000113    0.274721 ^ clkbuf_1_0__f_clk/A (sky130_fd_sc_hd__clkbuf_16)
     2    0.004528    0.047154    0.194485    0.469206 ^ clkbuf_1_0__f_clk/X (sky130_fd_sc_hd__clkbuf_16)
                                                         clknet_1_0__leaf_clk (net)
                      0.047154    0.000029    0.469235 ^ _22_/CLK (sky130_fd_sc_hd__dfrtp_1)
     3    0.007456    0.134222    0.678874    1.148109 ^ _22_/Q (sky130_fd_sc_hd__dfrtp_1)
                                                         net4 (net)
                      0.134222    0.000055    1.148164 ^ _14_/C (sky130_fd_sc_hd__and3_1)
     2    0.008202    0.162666    0.392162    1.540326 ^ _14_/X (sky130_fd_sc_hd__and3_1)
                                                         _09_ (net)
                      0.162666    0.000069    1.540395 ^ _16_/B (sky130_fd_sc_hd__xor2_1)
     1    0.002238    0.063344    0.150244    1.690639 v _16_/X (sky130_fd_sc_hd__xor2_1)
                                                         _03_ (net)
                      0.063344    0.000020    1.690659 v _23_/D (sky130_fd_sc_hd__dfrtp_1)
                                              1.690659   data arrival time

                                  0.000000    0.000000   clock clk (rise edge)
                                  0.000000    0.000000   clock source latency
     1    0.009947    0.080757    0.052129    0.052129 ^ clk (in)
                                                         clk (net)
                      0.080757    0.000000    0.052129 ^ clkbuf_0_clk/A (sky130_fd_sc_hd__clkbuf_16)
     2    0.017179    0.063903    0.222479    0.274608 ^ clkbuf_0_clk/X (sky130_fd_sc_hd__clkbuf_16)
                                                         clknet_0_clk (net)
                      0.063903    0.000068    0.274676 ^ clkbuf_1_1__f_clk/A (sky130_fd_sc_hd__clkbuf_16)
     2    0.005938    0.049085    0.197153    0.471829 ^ clkbuf_1_1__f_clk/X (sky130_fd_sc_hd__clkbuf_16)
                                                         clknet_1_1__leaf_clk (net)
                      0.049085    0.000075    0.471904 ^ _23_/CLK (sky130_fd_sc_hd__dfrtp_1)
                                  0.250000    0.721904   clock uncertainty
                                  0.000000    0.721904   clock reconvergence pessimism
                                 -0.099848    0.622056   library hold time
                                              0.622056   data required time
---------------------------------------------------------------------------------------------
                                              0.622056   data required time
                                             -1.690659   data arrival time
---------------------------------------------------------------------------------------------
                                              1.068603   slack (MET)


Startpoint: _20_ (rising edge-triggered flip-flop clocked by clk)
Endpoint: _20_ (rising edge-triggered flip-flop clocked by clk)
Path Group: clk
Path Type: min

Fanout         Cap        Slew       Delay        Time   Description
---------------------------------------------------------------------------------------------
                                  0.000000    0.000000   clock clk (rise edge)
                                  0.000000    0.000000   clock source latency
     1    0.009947    0.080757    0.052129    0.052129 ^ clk (in)
                                                         clk (net)
                      0.080757    0.000000    0.052129 ^ clkbuf_0_clk/A (sky130_fd_sc_hd__clkbuf_16)
     2    0.017179    0.063903    0.222479    0.274608 ^ clkbuf_0_clk/X (sky130_fd_sc_hd__clkbuf_16)
                                                         clknet_0_clk (net)
                      0.063903    0.000113    0.274721 ^ clkbuf_1_0__f_clk/A (sky130_fd_sc_hd__clkbuf_16)
     2    0.004528    0.047154    0.194485    0.469206 ^ clkbuf_1_0__f_clk/X (sky130_fd_sc_hd__clkbuf_16)
                                                         clknet_1_0__leaf_clk (net)
                      0.047154    0.000033    0.469239 ^ _20_/CLK (sky130_fd_sc_hd__dfrtp_1)
     4    0.012119    0.192443    0.728134    1.197374 ^ _20_/Q (sky130_fd_sc_hd__dfrtp_1)
                                                         net2 (net)
                      0.192443    0.000096    1.197469 ^ hold2/A (sky130_fd_sc_hd__dlygate4sd3_1)
     2    0.009622    0.188801    1.176793    2.374262 ^ hold2/X (sky130_fd_sc_hd__dlygate4sd3_1)
                                                         net7 (net)
                      0.188801    0.000027    2.374290 ^ _10_/A (sky130_fd_sc_hd__inv_2)
     1    0.002637    0.041855    0.087883    2.462172 v _10_/Y (sky130_fd_sc_hd__inv_2)
                                                         _00_ (net)
                      0.041855    0.000029    2.462201 v _20_/D (sky130_fd_sc_hd__dfrtp_1)
                                              2.462201   data arrival time

                                  0.000000    0.000000   clock clk (rise edge)
                                  0.000000    0.000000   clock source latency
     1    0.009947    0.080757    0.052129    0.052129 ^ clk (in)
                                                         clk (net)
                      0.080757    0.000000    0.052129 ^ clkbuf_0_clk/A (sky130_fd_sc_hd__clkbuf_16)
     2    0.017179    0.063903    0.222479    0.274608 ^ clkbuf_0_clk/X (sky130_fd_sc_hd__clkbuf_16)
                                                         clknet_0_clk (net)
                      0.063903    0.000113    0.274721 ^ clkbuf_1_0__f_clk/A (sky130_fd_sc_hd__clkbuf_16)
     2    0.004528    0.047154    0.194485    0.469206 ^ clkbuf_1_0__f_clk/X (sky130_fd_sc_hd__clkbuf_16)
                                                         clknet_1_0__leaf_clk (net)
                      0.047154    0.000033    0.469239 ^ _20_/CLK (sky130_fd_sc_hd__dfrtp_1)
                                  0.250000    0.719239   clock uncertainty
                                  0.000000    0.719239   clock reconvergence pessimism
                                 -0.092340    0.626899   library hold time
                                              0.626899   data required time
---------------------------------------------------------------------------------------------
                                              0.626899   data required time
                                             -2.462201   data arrival time
---------------------------------------------------------------------------------------------
                                              1.835302   slack (MET)


Startpoint: _21_ (rising edge-triggered flip-flop clocked by clk)
Endpoint: _21_ (rising edge-triggered flip-flop clocked by clk)
Path Group: clk
Path Type: min

Fanout         Cap        Slew       Delay        Time   Description
---------------------------------------------------------------------------------------------
                                  0.000000    0.000000   clock clk (rise edge)
                                  0.000000    0.000000   clock source latency
     1    0.009947    0.080757    0.052129    0.052129 ^ clk (in)
                                                         clk (net)
                      0.080757    0.000000    0.052129 ^ clkbuf_0_clk/A (sky130_fd_sc_hd__clkbuf_16)
     2    0.017179    0.063903    0.222479    0.274608 ^ clkbuf_0_clk/X (sky130_fd_sc_hd__clkbuf_16)
                                                         clknet_0_clk (net)
                      0.063903    0.000068    0.274676 ^ clkbuf_1_1__f_clk/A (sky130_fd_sc_hd__clkbuf_16)
     2    0.005938    0.049085    0.197153    0.471829 ^ clkbuf_1_1__f_clk/X (sky130_fd_sc_hd__clkbuf_16)
                                                         clknet_1_1__leaf_clk (net)
                      0.049085    0.000070    0.471899 ^ _21_/CLK (sky130_fd_sc_hd__dfrtp_1)
     4    0.012591    0.198405    0.733984    1.205883 ^ _21_/Q (sky130_fd_sc_hd__dfrtp_1)
                                                         net3 (net)
                      0.198405    0.000109    1.205992 ^ hold3/A (sky130_fd_sc_hd__dlygate4sd3_1)
     1    0.005656    0.130238    1.131474    2.337466 ^ hold3/X (sky130_fd_sc_hd__dlygate4sd3_1)
                                                         net8 (net)
                      0.130238    0.000052    2.337518 ^ _12_/B (sky130_fd_sc_hd__xor2_1)
     1    0.003299    0.071959    0.149062    2.486580 v _12_/X (sky130_fd_sc_hd__xor2_1)
                                                         _01_ (net)
                      0.071959    0.000040    2.486620 v _21_/D (sky130_fd_sc_hd__dfrtp_1)
                                              2.486620   data arrival time

                                  0.000000    0.000000   clock clk (rise edge)
                                  0.000000    0.000000   clock source latency
     1    0.009947    0.080757    0.052129    0.052129 ^ clk (in)
                                                         clk (net)
                      0.080757    0.000000    0.052129 ^ clkbuf_0_clk/A (sky130_fd_sc_hd__clkbuf_16)
     2    0.017179    0.063903    0.222479    0.274608 ^ clkbuf_0_clk/X (sky130_fd_sc_hd__clkbuf_16)
                                                         clknet_0_clk (net)
                      0.063903    0.000068    0.274676 ^ clkbuf_1_1__f_clk/A (sky130_fd_sc_hd__clkbuf_16)
     2    0.005938    0.049085    0.197153    0.471829 ^ clkbuf_1_1__f_clk/X (sky130_fd_sc_hd__clkbuf_16)
                                                         clknet_1_1__leaf_clk (net)
                      0.049085    0.000070    0.471899 ^ _21_/CLK (sky130_fd_sc_hd__dfrtp_1)
                                  0.250000    0.721899   clock uncertainty
                                  0.000000    0.721899   clock reconvergence pessimism
                                 -0.103046    0.618853   library hold time
                                              0.618853   data required time
---------------------------------------------------------------------------------------------
                                              0.618853   data required time
                                             -2.486620   data arrival time
---------------------------------------------------------------------------------------------
                                              1.867767   slack (MET)


Startpoint: _23_ (rising edge-triggered flip-flop clocked by clk)
Endpoint: out[3] (output port clocked by clk)
Path Group: clk
Path Type: min

Fanout         Cap        Slew       Delay        Time   Description
---------------------------------------------------------------------------------------------
                                  0.000000    0.000000   clock clk (rise edge)
                                  0.000000    0.000000   clock source latency
     1    0.009947    0.080757    0.052129    0.052129 ^ clk (in)
                                                         clk (net)
                      0.080757    0.000000    0.052129 ^ clkbuf_0_clk/A (sky130_fd_sc_hd__clkbuf_16)
     2    0.017179    0.063903    0.222479    0.274608 ^ clkbuf_0_clk/X (sky130_fd_sc_hd__clkbuf_16)
                                                         clknet_0_clk (net)
                      0.063903    0.000068    0.274676 ^ clkbuf_1_1__f_clk/A (sky130_fd_sc_hd__clkbuf_16)
     2    0.005938    0.049085    0.197153    0.471829 ^ clkbuf_1_1__f_clk/X (sky130_fd_sc_hd__clkbuf_16)
                                                         clknet_1_1__leaf_clk (net)
                      0.049085    0.000075    0.471904 ^ _23_/CLK (sky130_fd_sc_hd__dfrtp_1)
     2    0.004507    0.102636    0.648500    1.120404 ^ _23_/Q (sky130_fd_sc_hd__dfrtp_1)
                                                         net5 (net)
                      0.102636    0.000030    1.120434 ^ output5/A (sky130_fd_sc_hd__buf_2)
     1    0.034266    0.272117    0.358925    1.479359 ^ output5/X (sky130_fd_sc_hd__buf_2)
                                                         out[3] (net)
                      0.272117    0.000345    1.479704 ^ out[3] (out)
                                              1.479704   data arrival time

                                  0.000000    0.000000   clock clk (rise edge)
                                  0.000000    0.000000   clock network delay (propagated)
                                  0.250000    0.250000   clock uncertainty
                                  0.000000    0.250000   clock reconvergence pessimism
                                 -2.000000   -1.750000   output external delay
                                             -1.750000   data required time
---------------------------------------------------------------------------------------------
                                             -1.750000   data required time
                                             -1.479704   data arrival time
---------------------------------------------------------------------------------------------
                                              3.229704   slack (MET)


Startpoint: _22_ (rising edge-triggered flip-flop clocked by clk)
Endpoint: out[2] (output port clocked by clk)
Path Group: clk
Path Type: min

Fanout         Cap        Slew       Delay        Time   Description
---------------------------------------------------------------------------------------------
                                  0.000000    0.000000   clock clk (rise edge)
                                  0.000000    0.000000   clock source latency
     1    0.009947    0.080757    0.052129    0.052129 ^ clk (in)
                                                         clk (net)
                      0.080757    0.000000    0.052129 ^ clkbuf_0_clk/A (sky130_fd_sc_hd__clkbuf_16)
     2    0.017179    0.063903    0.222479    0.274608 ^ clkbuf_0_clk/X (sky130_fd_sc_hd__clkbuf_16)
                                                         clknet_0_clk (net)
                      0.063903    0.000113    0.274721 ^ clkbuf_1_0__f_clk/A (sky130_fd_sc_hd__clkbuf_16)
     2    0.004528    0.047154    0.194485    0.469206 ^ clkbuf_1_0__f_clk/X (sky130_fd_sc_hd__clkbuf_16)
                                                         clknet_1_0__leaf_clk (net)
                      0.047154    0.000029    0.469235 ^ _22_/CLK (sky130_fd_sc_hd__dfrtp_1)
     3    0.007456    0.134222    0.678874    1.148109 ^ _22_/Q (sky130_fd_sc_hd__dfrtp_1)
                                                         net4 (net)
                      0.134222    0.000041    1.148150 ^ output4/A (sky130_fd_sc_hd__buf_2)
     1    0.034382    0.273044    0.374342    1.522492 ^ output4/X (sky130_fd_sc_hd__buf_2)
                                                         out[2] (net)
                      0.273044    0.000369    1.522861 ^ out[2] (out)
                                              1.522861   data arrival time

                                  0.000000    0.000000   clock clk (rise edge)
                                  0.000000    0.000000   clock network delay (propagated)
                                  0.250000    0.250000   clock uncertainty
                                  0.000000    0.250000   clock reconvergence pessimism
                                 -2.000000   -1.750000   output external delay
                                             -1.750000   data required time
---------------------------------------------------------------------------------------------
                                             -1.750000   data required time
                                             -1.522861   data arrival time
---------------------------------------------------------------------------------------------
                                              3.272861   slack (MET)


Startpoint: _20_ (rising edge-triggered flip-flop clocked by clk)
Endpoint: out[0] (output port clocked by clk)
Path Group: clk
Path Type: min

Fanout         Cap        Slew       Delay        Time   Description
---------------------------------------------------------------------------------------------
                                  0.000000    0.000000   clock clk (rise edge)
                                  0.000000    0.000000   clock source latency
     1    0.009947    0.080757    0.052129    0.052129 ^ clk (in)
                                                         clk (net)
                      0.080757    0.000000    0.052129 ^ clkbuf_0_clk/A (sky130_fd_sc_hd__clkbuf_16)
     2    0.017179    0.063903    0.222479    0.274608 ^ clkbuf_0_clk/X (sky130_fd_sc_hd__clkbuf_16)
                                                         clknet_0_clk (net)
                      0.063903    0.000113    0.274721 ^ clkbuf_1_0__f_clk/A (sky130_fd_sc_hd__clkbuf_16)
     2    0.004528    0.047154    0.194485    0.469206 ^ clkbuf_1_0__f_clk/X (sky130_fd_sc_hd__clkbuf_16)
                                                         clknet_1_0__leaf_clk (net)
                      0.047154    0.000033    0.469239 ^ _20_/CLK (sky130_fd_sc_hd__dfrtp_1)
     4    0.012119    0.192443    0.728134    1.197374 ^ _20_/Q (sky130_fd_sc_hd__dfrtp_1)
                                                         net2 (net)
                      0.192443    0.000125    1.197499 ^ output2/A (sky130_fd_sc_hd__buf_2)
     1    0.034316    0.272635    0.401380    1.598879 ^ output2/X (sky130_fd_sc_hd__buf_2)
                                                         out[0] (net)
                      0.272635    0.000253    1.599133 ^ out[0] (out)
                                              1.599133   data arrival time

                                  0.000000    0.000000   clock clk (rise edge)
                                  0.000000    0.000000   clock network delay (propagated)
                                  0.250000    0.250000   clock uncertainty
                                  0.000000    0.250000   clock reconvergence pessimism
                                 -2.000000   -1.750000   output external delay
                                             -1.750000   data required time
---------------------------------------------------------------------------------------------
                                             -1.750000   data required time
                                             -1.599133   data arrival time
---------------------------------------------------------------------------------------------
                                              3.349133   slack (MET)


Startpoint: _21_ (rising edge-triggered flip-flop clocked by clk)
Endpoint: out[1] (output port clocked by clk)
Path Group: clk
Path Type: min

Fanout         Cap        Slew       Delay        Time   Description
---------------------------------------------------------------------------------------------
                                  0.000000    0.000000   clock clk (rise edge)
                                  0.000000    0.000000   clock source latency
     1    0.009947    0.080757    0.052129    0.052129 ^ clk (in)
                                                         clk (net)
                      0.080757    0.000000    0.052129 ^ clkbuf_0_clk/A (sky130_fd_sc_hd__clkbuf_16)
     2    0.017179    0.063903    0.222479    0.274608 ^ clkbuf_0_clk/X (sky130_fd_sc_hd__clkbuf_16)
                                                         clknet_0_clk (net)
                      0.063903    0.000068    0.274676 ^ clkbuf_1_1__f_clk/A (sky130_fd_sc_hd__clkbuf_16)
     2    0.005938    0.049085    0.197153    0.471829 ^ clkbuf_1_1__f_clk/X (sky130_fd_sc_hd__clkbuf_16)
                                                         clknet_1_1__leaf_clk (net)
                      0.049085    0.000070    0.471899 ^ _21_/CLK (sky130_fd_sc_hd__dfrtp_1)
     4    0.012591    0.198405    0.733984    1.205883 ^ _21_/Q (sky130_fd_sc_hd__dfrtp_1)
                                                         net3 (net)
                      0.198405    0.000124    1.206007 ^ output3/A (sky130_fd_sc_hd__buf_2)
     1    0.033922    0.269707    0.402137    1.608144 ^ output3/X (sky130_fd_sc_hd__buf_2)
                                                         out[1] (net)
                      0.269707    0.000180    1.608325 ^ out[1] (out)
                                              1.608325   data arrival time

                                  0.000000    0.000000   clock clk (rise edge)
                                  0.000000    0.000000   clock network delay (propagated)
                                  0.250000    0.250000   clock uncertainty
                                  0.000000    0.250000   clock reconvergence pessimism
                                 -2.000000   -1.750000   output external delay
                                             -1.750000   data required time
---------------------------------------------------------------------------------------------
                                             -1.750000   data required time
                                             -1.608325   data arrival time
---------------------------------------------------------------------------------------------
                                              3.358325   slack (MET)



%OL_END_REPORT
%OL_CREATE_REPORT max.rpt

===========================================================================
report_checks -path_delay max (Setup)
============================================================================
======================= min_ss_100C_1v60 Corner ===================================

Startpoint: _21_ (rising edge-triggered flip-flop clocked by clk)
Endpoint: out[1] (output port clocked by clk)
Path Group: clk
Path Type: max

Fanout         Cap        Slew       Delay        Time   Description
---------------------------------------------------------------------------------------------
                                  0.000000    0.000000   clock clk (rise edge)
                                  0.000000    0.000000   clock source latency
     1    0.009947    0.080757    0.052129    0.052129 ^ clk (in)
                                                         clk (net)
                      0.080757    0.000000    0.052129 ^ clkbuf_0_clk/A (sky130_fd_sc_hd__clkbuf_16)
     2    0.017179    0.063903    0.222479    0.274608 ^ clkbuf_0_clk/X (sky130_fd_sc_hd__clkbuf_16)
                                                         clknet_0_clk (net)
                      0.063903    0.000068    0.274676 ^ clkbuf_1_1__f_clk/A (sky130_fd_sc_hd__clkbuf_16)
     2    0.005938    0.049085    0.197153    0.471829 ^ clkbuf_1_1__f_clk/X (sky130_fd_sc_hd__clkbuf_16)
                                                         clknet_1_1__leaf_clk (net)
                      0.049085    0.000070    0.471899 ^ _21_/CLK (sky130_fd_sc_hd__dfrtp_1)
     4    0.012116    0.158038    0.812825    1.284724 v _21_/Q (sky130_fd_sc_hd__dfrtp_1)
                                                         net3 (net)
                      0.158038    0.000119    1.284843 v output3/A (sky130_fd_sc_hd__buf_2)
     1    0.033922    0.164456    0.386028    1.670871 v output3/X (sky130_fd_sc_hd__buf_2)
                                                         out[1] (net)
                      0.164456    0.000180    1.671051 v out[1] (out)
                                              1.671051   data arrival time

                                 10.000000   10.000000   clock clk (rise edge)
                                  0.000000   10.000000   clock network delay (propagated)
                                 -0.250000    9.750000   clock uncertainty
                                  0.000000    9.750000   clock reconvergence pessimism
                                 -2.000000    7.750000   output external delay
                                              7.750000   data required time
---------------------------------------------------------------------------------------------
                                              7.750000   data required time
                                             -1.671051   data arrival time
---------------------------------------------------------------------------------------------
                                              6.078948   slack (MET)


Startpoint: _20_ (rising edge-triggered flip-flop clocked by clk)
Endpoint: out[0] (output port clocked by clk)
Path Group: clk
Path Type: max

Fanout         Cap        Slew       Delay        Time   Description
---------------------------------------------------------------------------------------------
                                  0.000000    0.000000   clock clk (rise edge)
                                  0.000000    0.000000   clock source latency
     1    0.009947    0.080757    0.052129    0.052129 ^ clk (in)
                                                         clk (net)
                      0.080757    0.000000    0.052129 ^ clkbuf_0_clk/A (sky130_fd_sc_hd__clkbuf_16)
     2    0.017179    0.063903    0.222479    0.274608 ^ clkbuf_0_clk/X (sky130_fd_sc_hd__clkbuf_16)
                                                         clknet_0_clk (net)
                      0.063903    0.000113    0.274721 ^ clkbuf_1_0__f_clk/A (sky130_fd_sc_hd__clkbuf_16)
     2    0.004528    0.047154    0.194485    0.469206 ^ clkbuf_1_0__f_clk/X (sky130_fd_sc_hd__clkbuf_16)
                                                         clknet_1_0__leaf_clk (net)
                      0.047154    0.000033    0.469239 ^ _20_/CLK (sky130_fd_sc_hd__dfrtp_1)
     4    0.011725    0.154389    0.808353    1.277593 v _20_/Q (sky130_fd_sc_hd__dfrtp_1)
                                                         net2 (net)
                      0.154389    0.000120    1.277713 v output2/A (sky130_fd_sc_hd__buf_2)
     1    0.034316    0.166030    0.385477    1.663190 v output2/X (sky130_fd_sc_hd__buf_2)
                                                         out[0] (net)
                      0.166030    0.000253    1.663444 v out[0] (out)
                                              1.663444   data arrival time

                                 10.000000   10.000000   clock clk (rise edge)
                                  0.000000   10.000000   clock network delay (propagated)
                                 -0.250000    9.750000   clock uncertainty
                                  0.000000    9.750000   clock reconvergence pessimism
                                 -2.000000    7.750000   output external delay
                                              7.750000   data required time
---------------------------------------------------------------------------------------------
                                              7.750000   data required time
                                             -1.663444   data arrival time
---------------------------------------------------------------------------------------------
                                              6.086556   slack (MET)


Startpoint: _22_ (rising edge-triggered flip-flop clocked by clk)
Endpoint: out[2] (output port clocked by clk)
Path Group: clk
Path Type: max

Fanout         Cap        Slew       Delay        Time   Description
---------------------------------------------------------------------------------------------
                                  0.000000    0.000000   clock clk (rise edge)
                                  0.000000    0.000000   clock source latency
     1    0.009947    0.080757    0.052129    0.052129 ^ clk (in)
                                                         clk (net)
                      0.080757    0.000000    0.052129 ^ clkbuf_0_clk/A (sky130_fd_sc_hd__clkbuf_16)
     2    0.017179    0.063903    0.222479    0.274608 ^ clkbuf_0_clk/X (sky130_fd_sc_hd__clkbuf_16)
                                                         clknet_0_clk (net)
                      0.063903    0.000113    0.274721 ^ clkbuf_1_0__f_clk/A (sky130_fd_sc_hd__clkbuf_16)
     2    0.004528    0.047154    0.194485    0.469206 ^ clkbuf_1_0__f_clk/X (sky130_fd_sc_hd__clkbuf_16)
                                                         clknet_1_0__leaf_clk (net)
                      0.047154    0.000029    0.469235 ^ _22_/CLK (sky130_fd_sc_hd__dfrtp_1)
     3    0.007108    0.112588    0.765884    1.235120 v _22_/Q (sky130_fd_sc_hd__dfrtp_1)
                                                         net4 (net)
                      0.112588    0.000039    1.235159 v output4/A (sky130_fd_sc_hd__buf_2)
     1    0.034382    0.166272    0.365454    1.600613 v output4/X (sky130_fd_sc_hd__buf_2)
                                                         out[2] (net)
                      0.166272    0.000369    1.600981 v out[2] (out)
                                              1.600981   data arrival time

                                 10.000000   10.000000   clock clk (rise edge)
                                  0.000000   10.000000   clock network delay (propagated)
                                 -0.250000    9.750000   clock uncertainty
                                  0.000000    9.750000   clock reconvergence pessimism
                                 -2.000000    7.750000   output external delay
                                              7.750000   data required time
---------------------------------------------------------------------------------------------
                                              7.750000   data required time
                                             -1.600981   data arrival time
---------------------------------------------------------------------------------------------
                                              6.149018   slack (MET)


Startpoint: _23_ (rising edge-triggered flip-flop clocked by clk)
Endpoint: out[3] (output port clocked by clk)
Path Group: clk
Path Type: max

Fanout         Cap        Slew       Delay        Time   Description
---------------------------------------------------------------------------------------------
                                  0.000000    0.000000   clock clk (rise edge)
                                  0.000000    0.000000   clock source latency
     1    0.009947    0.080757    0.052129    0.052129 ^ clk (in)
                                                         clk (net)
                      0.080757    0.000000    0.052129 ^ clkbuf_0_clk/A (sky130_fd_sc_hd__clkbuf_16)
     2    0.017179    0.063903    0.222479    0.274608 ^ clkbuf_0_clk/X (sky130_fd_sc_hd__clkbuf_16)
                                                         clknet_0_clk (net)
                      0.063903    0.000068    0.274676 ^ clkbuf_1_1__f_clk/A (sky130_fd_sc_hd__clkbuf_16)
     2    0.005938    0.049085    0.197153    0.471829 ^ clkbuf_1_1__f_clk/X (sky130_fd_sc_hd__clkbuf_16)
                                                         clknet_1_1__leaf_clk (net)
                      0.049085    0.000075    0.471904 ^ _23_/CLK (sky130_fd_sc_hd__dfrtp_1)
     2    0.004261    0.092344    0.739434    1.211339 v _23_/Q (sky130_fd_sc_hd__dfrtp_1)
                                                         net5 (net)
                      0.092344    0.000029    1.211367 v output5/A (sky130_fd_sc_hd__buf_2)
     1    0.034266    0.165778    0.355336    1.566703 v output5/X (sky130_fd_sc_hd__buf_2)
                                                         out[3] (net)
                      0.165778    0.000345    1.567048 v out[3] (out)
                                              1.567048   data arrival time

                                 10.000000   10.000000   clock clk (rise edge)
                                  0.000000   10.000000   clock network delay (propagated)
                                 -0.250000    9.750000   clock uncertainty
                                  0.000000    9.750000   clock reconvergence pessimism
                                 -2.000000    7.750000   output external delay
                                              7.750000   data required time
---------------------------------------------------------------------------------------------
                                              7.750000   data required time
                                             -1.567048   data arrival time
---------------------------------------------------------------------------------------------
                                              6.182952   slack (MET)


Startpoint: _20_ (rising edge-triggered flip-flop clocked by clk)
Endpoint: _21_ (rising edge-triggered flip-flop clocked by clk)
Path Group: clk
Path Type: max

Fanout         Cap        Slew       Delay        Time   Description
---------------------------------------------------------------------------------------------
                                  0.000000    0.000000   clock clk (rise edge)
                                  0.000000    0.000000   clock source latency
     1    0.009947    0.080757    0.052129    0.052129 ^ clk (in)
                                                         clk (net)
                      0.080757    0.000000    0.052129 ^ clkbuf_0_clk/A (sky130_fd_sc_hd__clkbuf_16)
     2    0.017179    0.063903    0.222479    0.274608 ^ clkbuf_0_clk/X (sky130_fd_sc_hd__clkbuf_16)
                                                         clknet_0_clk (net)
                      0.063903    0.000113    0.274721 ^ clkbuf_1_0__f_clk/A (sky130_fd_sc_hd__clkbuf_16)
     2    0.004528    0.047154    0.194485    0.469206 ^ clkbuf_1_0__f_clk/X (sky130_fd_sc_hd__clkbuf_16)
                                                         clknet_1_0__leaf_clk (net)
                      0.047154    0.000033    0.469239 ^ _20_/CLK (sky130_fd_sc_hd__dfrtp_1)
     4    0.011725    0.154389    0.808353    1.277593 v _20_/Q (sky130_fd_sc_hd__dfrtp_1)
                                                         net2 (net)
                      0.154389    0.000092    1.277685 v hold2/A (sky130_fd_sc_hd__dlygate4sd3_1)
     2    0.009016    0.170414    1.243655    2.521340 v hold2/X (sky130_fd_sc_hd__dlygate4sd3_1)
                                                         net7 (net)
                      0.170414    0.000037    2.521377 v _12_/A (sky130_fd_sc_hd__xor2_1)
     1    0.003299    0.101768    0.338703    2.860080 v _12_/X (sky130_fd_sc_hd__xor2_1)
                                                         _01_ (net)
                      0.101768    0.000040    2.860119 v _21_/D (sky130_fd_sc_hd__dfrtp_1)
                                              2.860119   data arrival time

                                 10.000000   10.000000   clock clk (rise edge)
                                  0.000000   10.000000   clock source latency
     1    0.009947    0.080757    0.052129   10.052129 ^ clk (in)
                                                         clk (net)
                      0.080757    0.000000   10.052129 ^ clkbuf_0_clk/A (sky130_fd_sc_hd__clkbuf_16)
     2    0.017179    0.063903    0.222479   10.274608 ^ clkbuf_0_clk/X (sky130_fd_sc_hd__clkbuf_16)
                                                         clknet_0_clk (net)
                      0.063903    0.000068   10.274676 ^ clkbuf_1_1__f_clk/A (sky130_fd_sc_hd__clkbuf_16)
     2    0.005938    0.049085    0.197153   10.471829 ^ clkbuf_1_1__f_clk/X (sky130_fd_sc_hd__clkbuf_16)
                                                         clknet_1_1__leaf_clk (net)
                      0.049085    0.000070   10.471899 ^ _21_/CLK (sky130_fd_sc_hd__dfrtp_1)
                                 -0.250000   10.221899   clock uncertainty
                                  0.000000   10.221899   clock reconvergence pessimism
                                 -0.295392    9.926507   library setup time
                                              9.926507   data required time
---------------------------------------------------------------------------------------------
                                              9.926507   data required time
                                             -2.860119   data arrival time
---------------------------------------------------------------------------------------------
                                              7.066388   slack (MET)


Startpoint: _22_ (rising edge-triggered flip-flop clocked by clk)
Endpoint: _22_ (rising edge-triggered flip-flop clocked by clk)
Path Group: clk
Path Type: max

Fanout         Cap        Slew       Delay        Time   Description
---------------------------------------------------------------------------------------------
                                  0.000000    0.000000   clock clk (rise edge)
                                  0.000000    0.000000   clock source latency
     1    0.009947    0.080757    0.052129    0.052129 ^ clk (in)
                                                         clk (net)
                      0.080757    0.000000    0.052129 ^ clkbuf_0_clk/A (sky130_fd_sc_hd__clkbuf_16)
     2    0.017179    0.063903    0.222479    0.274608 ^ clkbuf_0_clk/X (sky130_fd_sc_hd__clkbuf_16)
                                                         clknet_0_clk (net)
                      0.063903    0.000113    0.274721 ^ clkbuf_1_0__f_clk/A (sky130_fd_sc_hd__clkbuf_16)
     2    0.004528    0.047154    0.194485    0.469206 ^ clkbuf_1_0__f_clk/X (sky130_fd_sc_hd__clkbuf_16)
                                                         clknet_1_0__leaf_clk (net)
                      0.047154    0.000029    0.469235 ^ _22_/CLK (sky130_fd_sc_hd__dfrtp_1)
     3    0.007108    0.112588    0.765884    1.235120 v _22_/Q (sky130_fd_sc_hd__dfrtp_1)
                                                         net4 (net)
                      0.112588    0.000062    1.235181 v hold4/A (sky130_fd_sc_hd__dlygate4sd3_1)
     1    0.002319    0.104452    1.135447    2.370628 v hold4/X (sky130_fd_sc_hd__dlygate4sd3_1)
                                                         net9 (net)
                      0.104452    0.000008    2.370636 v _13_/B1 (sky130_fd_sc_hd__a21oi_1)
     1    0.004423    0.214704    0.234800    2.605436 ^ _13_/Y (sky130_fd_sc_hd__a21oi_1)
                                                         _08_ (net)
                      0.214704    0.000067    2.605503 ^ _15_/A (sky130_fd_sc_hd__nor2_1)
     1    0.002733    0.065240    0.139980    2.745483 v _15_/Y (sky130_fd_sc_hd__nor2_1)
                                                         _02_ (net)
                      0.065240    0.000022    2.745505 v _22_/D (sky130_fd_sc_hd__dfrtp_1)
                                              2.745505   data arrival time

                                 10.000000   10.000000   clock clk (rise edge)
                                  0.000000   10.000000   clock source latency
     1    0.009947    0.080757    0.052129   10.052129 ^ clk (in)
                                                         clk (net)
                      0.080757    0.000000   10.052129 ^ clkbuf_0_clk/A (sky130_fd_sc_hd__clkbuf_16)
     2    0.017179    0.063903    0.222479   10.274608 ^ clkbuf_0_clk/X (sky130_fd_sc_hd__clkbuf_16)
                                                         clknet_0_clk (net)
                      0.063903    0.000114   10.274722 ^ clkbuf_1_0__f_clk/A (sky130_fd_sc_hd__clkbuf_16)
     2    0.004528    0.047154    0.194484   10.469206 ^ clkbuf_1_0__f_clk/X (sky130_fd_sc_hd__clkbuf_16)
                                                         clknet_1_0__leaf_clk (net)
                      0.047154    0.000029   10.469235 ^ _22_/CLK (sky130_fd_sc_hd__dfrtp_1)
                                 -0.250000   10.219235   clock uncertainty
                                  0.000000   10.219235   clock reconvergence pessimism
                                 -0.280666    9.938569   library setup time
                                              9.938569   data required time
---------------------------------------------------------------------------------------------
                                              9.938569   data required time
                                             -2.745505   data arrival time
---------------------------------------------------------------------------------------------
                                              7.193064   slack (MET)


Startpoint: _23_ (rising edge-triggered flip-flop clocked by clk)
Endpoint: _23_ (rising edge-triggered flip-flop clocked by clk)
Path Group: clk
Path Type: max

Fanout         Cap        Slew       Delay        Time   Description
---------------------------------------------------------------------------------------------
                                  0.000000    0.000000   clock clk (rise edge)
                                  0.000000    0.000000   clock source latency
     1    0.009947    0.080757    0.052129    0.052129 ^ clk (in)
                                                         clk (net)
                      0.080757    0.000000    0.052129 ^ clkbuf_0_clk/A (sky130_fd_sc_hd__clkbuf_16)
     2    0.017179    0.063903    0.222479    0.274608 ^ clkbuf_0_clk/X (sky130_fd_sc_hd__clkbuf_16)
                                                         clknet_0_clk (net)
                      0.063903    0.000068    0.274676 ^ clkbuf_1_1__f_clk/A (sky130_fd_sc_hd__clkbuf_16)
     2    0.005938    0.049085    0.197153    0.471829 ^ clkbuf_1_1__f_clk/X (sky130_fd_sc_hd__clkbuf_16)
                                                         clknet_1_1__leaf_clk (net)
                      0.049085    0.000075    0.471904 ^ _23_/CLK (sky130_fd_sc_hd__dfrtp_1)
     2    0.004261    0.092344    0.739434    1.211339 v _23_/Q (sky130_fd_sc_hd__dfrtp_1)
                                                         net5 (net)
                      0.092344    0.000014    1.211352 v hold1/A (sky130_fd_sc_hd__dlygate4sd3_1)
     1    0.005410    0.131375    1.172333    2.383685 v hold1/X (sky130_fd_sc_hd__dlygate4sd3_1)
                                                         net6 (net)
                      0.131375    0.000071    2.383757 v _16_/A (sky130_fd_sc_hd__xor2_1)
     1    0.002238    0.090804    0.311375    2.695131 v _16_/X (sky130_fd_sc_hd__xor2_1)
                                                         _03_ (net)
                      0.090804    0.000020    2.695151 v _23_/D (sky130_fd_sc_hd__dfrtp_1)
                                              2.695151   data arrival time

                                 10.000000   10.000000   clock clk (rise edge)
                                  0.000000   10.000000   clock source latency
     1    0.009947    0.080757    0.052129   10.052129 ^ clk (in)
                                                         clk (net)
                      0.080757    0.000000   10.052129 ^ clkbuf_0_clk/A (sky130_fd_sc_hd__clkbuf_16)
     2    0.017179    0.063903    0.222479   10.274608 ^ clkbuf_0_clk/X (sky130_fd_sc_hd__clkbuf_16)
                                                         clknet_0_clk (net)
                      0.063903    0.000068   10.274676 ^ clkbuf_1_1__f_clk/A (sky130_fd_sc_hd__clkbuf_16)
     2    0.005938    0.049085    0.197153   10.471829 ^ clkbuf_1_1__f_clk/X (sky130_fd_sc_hd__clkbuf_16)
                                                         clknet_1_1__leaf_clk (net)
                      0.049085    0.000075   10.471905 ^ _23_/CLK (sky130_fd_sc_hd__dfrtp_1)
                                 -0.250000   10.221905   clock uncertainty
                                  0.000000   10.221905   clock reconvergence pessimism
                                 -0.290818    9.931087   library setup time
                                              9.931087   data required time
---------------------------------------------------------------------------------------------
                                              9.931087   data required time
                                             -2.695151   data arrival time
---------------------------------------------------------------------------------------------
                                              7.235936   slack (MET)


Startpoint: _20_ (rising edge-triggered flip-flop clocked by clk)
Endpoint: _20_ (rising edge-triggered flip-flop clocked by clk)
Path Group: clk
Path Type: max

Fanout         Cap        Slew       Delay        Time   Description
---------------------------------------------------------------------------------------------
                                  0.000000    0.000000   clock clk (rise edge)
                                  0.000000    0.000000   clock source latency
     1    0.009947    0.080757    0.052129    0.052129 ^ clk (in)
                                                         clk (net)
                      0.080757    0.000000    0.052129 ^ clkbuf_0_clk/A (sky130_fd_sc_hd__clkbuf_16)
     2    0.017179    0.063903    0.222479    0.274608 ^ clkbuf_0_clk/X (sky130_fd_sc_hd__clkbuf_16)
                                                         clknet_0_clk (net)
                      0.063903    0.000113    0.274721 ^ clkbuf_1_0__f_clk/A (sky130_fd_sc_hd__clkbuf_16)
     2    0.004528    0.047154    0.194485    0.469206 ^ clkbuf_1_0__f_clk/X (sky130_fd_sc_hd__clkbuf_16)
                                                         clknet_1_0__leaf_clk (net)
                      0.047154    0.000033    0.469239 ^ _20_/CLK (sky130_fd_sc_hd__dfrtp_1)
     4    0.011725    0.154389    0.808353    1.277593 v _20_/Q (sky130_fd_sc_hd__dfrtp_1)
                                                         net2 (net)
                      0.154389    0.000092    1.277685 v hold2/A (sky130_fd_sc_hd__dlygate4sd3_1)
     2    0.009016    0.170414    1.243655    2.521340 v hold2/X (sky130_fd_sc_hd__dlygate4sd3_1)
                                                         net7 (net)
                      0.170414    0.000025    2.521365 v _10_/A (sky130_fd_sc_hd__inv_2)
     1    0.002652    0.054064    0.100494    2.621859 ^ _10_/Y (sky130_fd_sc_hd__inv_2)
                                                         _00_ (net)
                      0.054064    0.000030    2.621888 ^ _20_/D (sky130_fd_sc_hd__dfrtp_1)
                                              2.621888   data arrival time

                                 10.000000   10.000000   clock clk (rise edge)
                                  0.000000   10.000000   clock source latency
     1    0.009947    0.080757    0.052129   10.052129 ^ clk (in)
                                                         clk (net)
                      0.080757    0.000000   10.052129 ^ clkbuf_0_clk/A (sky130_fd_sc_hd__clkbuf_16)
     2    0.017179    0.063903    0.222479   10.274608 ^ clkbuf_0_clk/X (sky130_fd_sc_hd__clkbuf_16)
                                                         clknet_0_clk (net)
                      0.063903    0.000114   10.274722 ^ clkbuf_1_0__f_clk/A (sky130_fd_sc_hd__clkbuf_16)
     2    0.004528    0.047154    0.194484   10.469206 ^ clkbuf_1_0__f_clk/X (sky130_fd_sc_hd__clkbuf_16)
                                                         clknet_1_0__leaf_clk (net)
                      0.047154    0.000034   10.469240 ^ _20_/CLK (sky130_fd_sc_hd__dfrtp_1)
                                 -0.250000   10.219240   clock uncertainty
                                  0.000000   10.219240   clock reconvergence pessimism
                                 -0.132995   10.086245   library setup time
                                             10.086245   data required time
---------------------------------------------------------------------------------------------
                                             10.086245   data required time
                                             -2.621888   data arrival time
---------------------------------------------------------------------------------------------
                                              7.464356   slack (MET)


Startpoint: rst (input port clocked by clk)
Endpoint: _20_ (recovery check against rising-edge clock clk)
Path Group: asynchronous
Path Type: max

Fanout         Cap        Slew       Delay        Time   Description
---------------------------------------------------------------------------------------------
                                  0.000000    0.000000   clock clk (rise edge)
                                  0.000000    0.000000   clock network delay (propagated)
                                  2.000000    2.000000 v input external delay
     1    0.003157    0.019831    0.010342    2.010342 v rst (in)
                                                         rst (net)
                      0.019831    0.000000    2.010342 v input1/A (sky130_fd_sc_hd__clkbuf_2)
     4    0.020301    0.149546    0.246072    2.256414 v input1/X (sky130_fd_sc_hd__clkbuf_2)
                                                         net1 (net)
                      0.149546    0.000102    2.256516 v _11_/A (sky130_fd_sc_hd__inv_2)
     1    0.004340    0.059227    0.105817    2.362334 ^ _11_/Y (sky130_fd_sc_hd__inv_2)
                                                         _04_ (net)
                      0.059227    0.000046    2.362379 ^ _20_/RESET_B (sky130_fd_sc_hd__dfrtp_1)
                                              2.362379   data arrival time

                                 10.000000   10.000000   clock clk (rise edge)
                                  0.000000   10.000000   clock source latency
     1    0.009947    0.080757    0.052129   10.052129 ^ clk (in)
                                                         clk (net)
                      0.080757    0.000000   10.052129 ^ clkbuf_0_clk/A (sky130_fd_sc_hd__clkbuf_16)
     2    0.017179    0.063903    0.222479   10.274608 ^ clkbuf_0_clk/X (sky130_fd_sc_hd__clkbuf_16)
                                                         clknet_0_clk (net)
                      0.063903    0.000114   10.274722 ^ clkbuf_1_0__f_clk/A (sky130_fd_sc_hd__clkbuf_16)
     2    0.004528    0.047154    0.194484   10.469206 ^ clkbuf_1_0__f_clk/X (sky130_fd_sc_hd__clkbuf_16)
                                                         clknet_1_0__leaf_clk (net)
                      0.047154    0.000034   10.469240 ^ _20_/CLK (sky130_fd_sc_hd__dfrtp_1)
                                 -0.250000   10.219240   clock uncertainty
                                  0.000000   10.219240   clock reconvergence pessimism
                                  0.458972   10.678211   library recovery time
                                             10.678211   data required time
---------------------------------------------------------------------------------------------
                                             10.678211   data required time
                                             -2.362379   data arrival time
---------------------------------------------------------------------------------------------
                                              8.315833   slack (MET)


Startpoint: rst (input port clocked by clk)
Endpoint: _22_ (recovery check against rising-edge clock clk)
Path Group: asynchronous
Path Type: max

Fanout         Cap        Slew       Delay        Time   Description
---------------------------------------------------------------------------------------------
                                  0.000000    0.000000   clock clk (rise edge)
                                  0.000000    0.000000   clock network delay (propagated)
                                  2.000000    2.000000 v input external delay
     1    0.003157    0.019831    0.010342    2.010342 v rst (in)
                                                         rst (net)
                      0.019831    0.000000    2.010342 v input1/A (sky130_fd_sc_hd__clkbuf_2)
     4    0.020301    0.149546    0.246072    2.256414 v input1/X (sky130_fd_sc_hd__clkbuf_2)
                                                         net1 (net)
                      0.149546    0.000300    2.256714 v _18_/A (sky130_fd_sc_hd__inv_2)
     1    0.003707    0.055548    0.101203    2.357917 ^ _18_/Y (sky130_fd_sc_hd__inv_2)
                                                         _06_ (net)
                      0.055548    0.000028    2.357945 ^ _22_/RESET_B (sky130_fd_sc_hd__dfrtp_1)
                                              2.357945   data arrival time

                                 10.000000   10.000000   clock clk (rise edge)
                                  0.000000   10.000000   clock source latency
     1    0.009947    0.080757    0.052129   10.052129 ^ clk (in)
                                                         clk (net)
                      0.080757    0.000000   10.052129 ^ clkbuf_0_clk/A (sky130_fd_sc_hd__clkbuf_16)
     2    0.017179    0.063903    0.222479   10.274608 ^ clkbuf_0_clk/X (sky130_fd_sc_hd__clkbuf_16)
                                                         clknet_0_clk (net)
                      0.063903    0.000114   10.274722 ^ clkbuf_1_0__f_clk/A (sky130_fd_sc_hd__clkbuf_16)
     2    0.004528    0.047154    0.194484   10.469206 ^ clkbuf_1_0__f_clk/X (sky130_fd_sc_hd__clkbuf_16)
                                                         clknet_1_0__leaf_clk (net)
                      0.047154    0.000029   10.469235 ^ _22_/CLK (sky130_fd_sc_hd__dfrtp_1)
                                 -0.250000   10.219235   clock uncertainty
                                  0.000000   10.219235   clock reconvergence pessimism
                                  0.460337   10.679572   library recovery time
                                             10.679572   data required time
---------------------------------------------------------------------------------------------
                                             10.679572   data required time
                                             -2.357945   data arrival time
---------------------------------------------------------------------------------------------
                                              8.321628   slack (MET)


Startpoint: rst (input port clocked by clk)
Endpoint: _21_ (recovery check against rising-edge clock clk)
Path Group: asynchronous
Path Type: max

Fanout         Cap        Slew       Delay        Time   Description
---------------------------------------------------------------------------------------------
                                  0.000000    0.000000   clock clk (rise edge)
                                  0.000000    0.000000   clock network delay (propagated)
                                  2.000000    2.000000 v input external delay
     1    0.003157    0.019831    0.010342    2.010342 v rst (in)
                                                         rst (net)
                      0.019831    0.000000    2.010342 v input1/A (sky130_fd_sc_hd__clkbuf_2)
     4    0.020301    0.149546    0.246072    2.256414 v input1/X (sky130_fd_sc_hd__clkbuf_2)
                                                         net1 (net)
                      0.149546    0.000340    2.256753 v _17_/A (sky130_fd_sc_hd__inv_2)
     1    0.003820    0.056184    0.102026    2.358779 ^ _17_/Y (sky130_fd_sc_hd__inv_2)
                                                         _05_ (net)
                      0.056184    0.000032    2.358811 ^ _21_/RESET_B (sky130_fd_sc_hd__dfrtp_1)
                                              2.358811   data arrival time

                                 10.000000   10.000000   clock clk (rise edge)
                                  0.000000   10.000000   clock source latency
     1    0.009947    0.080757    0.052129   10.052129 ^ clk (in)
                                                         clk (net)
                      0.080757    0.000000   10.052129 ^ clkbuf_0_clk/A (sky130_fd_sc_hd__clkbuf_16)
     2    0.017179    0.063903    0.222479   10.274608 ^ clkbuf_0_clk/X (sky130_fd_sc_hd__clkbuf_16)
                                                         clknet_0_clk (net)
                      0.063903    0.000068   10.274676 ^ clkbuf_1_1__f_clk/A (sky130_fd_sc_hd__clkbuf_16)
     2    0.005938    0.049085    0.197153   10.471829 ^ clkbuf_1_1__f_clk/X (sky130_fd_sc_hd__clkbuf_16)
                                                         clknet_1_1__leaf_clk (net)
                      0.049085    0.000070   10.471899 ^ _21_/CLK (sky130_fd_sc_hd__dfrtp_1)
                                 -0.250000   10.221899   clock uncertainty
                                  0.000000   10.221899   clock reconvergence pessimism
                                  0.460743   10.682642   library recovery time
                                             10.682642   data required time
---------------------------------------------------------------------------------------------
                                             10.682642   data required time
                                             -2.358811   data arrival time
---------------------------------------------------------------------------------------------
                                              8.323831   slack (MET)


Startpoint: rst (input port clocked by clk)
Endpoint: _23_ (recovery check against rising-edge clock clk)
Path Group: asynchronous
Path Type: max

Fanout         Cap        Slew       Delay        Time   Description
---------------------------------------------------------------------------------------------
                                  0.000000    0.000000   clock clk (rise edge)
                                  0.000000    0.000000   clock network delay (propagated)
                                  2.000000    2.000000 v input external delay
     1    0.003157    0.019831    0.010342    2.010342 v rst (in)
                                                         rst (net)
                      0.019831    0.000000    2.010342 v input1/A (sky130_fd_sc_hd__clkbuf_2)
     4    0.020301    0.149546    0.246072    2.256414 v input1/X (sky130_fd_sc_hd__clkbuf_2)
                                                         net1 (net)
                      0.149546    0.000345    2.256759 v _19_/A (sky130_fd_sc_hd__inv_2)
     1    0.003589    0.054891    0.100340    2.357099 ^ _19_/Y (sky130_fd_sc_hd__inv_2)
                                                         _07_ (net)
                      0.054891    0.000026    2.357125 ^ _23_/RESET_B (sky130_fd_sc_hd__dfrtp_1)
                                              2.357125   data arrival time

                                 10.000000   10.000000   clock clk (rise edge)
                                  0.000000   10.000000   clock source latency
     1    0.009947    0.080757    0.052129   10.052129 ^ clk (in)
                                                         clk (net)
                      0.080757    0.000000   10.052129 ^ clkbuf_0_clk/A (sky130_fd_sc_hd__clkbuf_16)
     2    0.017179    0.063903    0.222479   10.274608 ^ clkbuf_0_clk/X (sky130_fd_sc_hd__clkbuf_16)
                                                         clknet_0_clk (net)
                      0.063903    0.000068   10.274676 ^ clkbuf_1_1__f_clk/A (sky130_fd_sc_hd__clkbuf_16)
     2    0.005938    0.049085    0.197153   10.471829 ^ clkbuf_1_1__f_clk/X (sky130_fd_sc_hd__clkbuf_16)
                                                         clknet_1_1__leaf_clk (net)
                      0.049085    0.000075   10.471905 ^ _23_/CLK (sky130_fd_sc_hd__dfrtp_1)
                                 -0.250000   10.221905   clock uncertainty
                                  0.000000   10.221905   clock reconvergence pessimism
                                  0.461222   10.683126   library recovery time
                                             10.683126   data required time
---------------------------------------------------------------------------------------------
                                             10.683126   data required time
                                             -2.357125   data arrival time
---------------------------------------------------------------------------------------------
                                              8.326002   slack (MET)



%OL_END_REPORT
%OL_CREATE_REPORT checks.rpt

===========================================================================
report_checks -unconstrained
===========================================================================
======================= min_ss_100C_1v60 Corner ===================================

Startpoint: rst (input port clocked by clk)
Endpoint: _20_ (recovery check against rising-edge clock clk)
Path Group: asynchronous
Path Type: max

Fanout         Cap        Slew       Delay        Time   Description
---------------------------------------------------------------------------------------------
                                  0.000000    0.000000   clock clk (rise edge)
                                  0.000000    0.000000   clock network delay (propagated)
                                  2.000000    2.000000 v input external delay
     1    0.003157    0.019831    0.010342    2.010342 v rst (in)
                                                         rst (net)
                      0.019831    0.000000    2.010342 v input1/A (sky130_fd_sc_hd__clkbuf_2)
     4    0.020301    0.149546    0.246072    2.256414 v input1/X (sky130_fd_sc_hd__clkbuf_2)
                                                         net1 (net)
                      0.149546    0.000102    2.256516 v _11_/A (sky130_fd_sc_hd__inv_2)
     1    0.004340    0.059227    0.105817    2.362334 ^ _11_/Y (sky130_fd_sc_hd__inv_2)
                                                         _04_ (net)
                      0.059227    0.000046    2.362379 ^ _20_/RESET_B (sky130_fd_sc_hd__dfrtp_1)
                                              2.362379   data arrival time

                                 10.000000   10.000000   clock clk (rise edge)
                                  0.000000   10.000000   clock source latency
     1    0.009947    0.080757    0.052129   10.052129 ^ clk (in)
                                                         clk (net)
                      0.080757    0.000000   10.052129 ^ clkbuf_0_clk/A (sky130_fd_sc_hd__clkbuf_16)
     2    0.017179    0.063903    0.222479   10.274608 ^ clkbuf_0_clk/X (sky130_fd_sc_hd__clkbuf_16)
                                                         clknet_0_clk (net)
                      0.063903    0.000114   10.274722 ^ clkbuf_1_0__f_clk/A (sky130_fd_sc_hd__clkbuf_16)
     2    0.004528    0.047154    0.194484   10.469206 ^ clkbuf_1_0__f_clk/X (sky130_fd_sc_hd__clkbuf_16)
                                                         clknet_1_0__leaf_clk (net)
                      0.047154    0.000034   10.469240 ^ _20_/CLK (sky130_fd_sc_hd__dfrtp_1)
                                 -0.250000   10.219240   clock uncertainty
                                  0.000000   10.219240   clock reconvergence pessimism
                                  0.458972   10.678211   library recovery time
                                             10.678211   data required time
---------------------------------------------------------------------------------------------
                                             10.678211   data required time
                                             -2.362379   data arrival time
---------------------------------------------------------------------------------------------
                                              8.315833   slack (MET)


Startpoint: _21_ (rising edge-triggered flip-flop clocked by clk)
Endpoint: out[1] (output port clocked by clk)
Path Group: clk
Path Type: max

Fanout         Cap        Slew       Delay        Time   Description
---------------------------------------------------------------------------------------------
                                  0.000000    0.000000   clock clk (rise edge)
                                  0.000000    0.000000   clock source latency
     1    0.009947    0.080757    0.052129    0.052129 ^ clk (in)
                                                         clk (net)
                      0.080757    0.000000    0.052129 ^ clkbuf_0_clk/A (sky130_fd_sc_hd__clkbuf_16)
     2    0.017179    0.063903    0.222479    0.274608 ^ clkbuf_0_clk/X (sky130_fd_sc_hd__clkbuf_16)
                                                         clknet_0_clk (net)
                      0.063903    0.000068    0.274676 ^ clkbuf_1_1__f_clk/A (sky130_fd_sc_hd__clkbuf_16)
     2    0.005938    0.049085    0.197153    0.471829 ^ clkbuf_1_1__f_clk/X (sky130_fd_sc_hd__clkbuf_16)
                                                         clknet_1_1__leaf_clk (net)
                      0.049085    0.000070    0.471899 ^ _21_/CLK (sky130_fd_sc_hd__dfrtp_1)
     4    0.012116    0.158038    0.812825    1.284724 v _21_/Q (sky130_fd_sc_hd__dfrtp_1)
                                                         net3 (net)
                      0.158038    0.000119    1.284843 v output3/A (sky130_fd_sc_hd__buf_2)
     1    0.033922    0.164456    0.386028    1.670871 v output3/X (sky130_fd_sc_hd__buf_2)
                                                         out[1] (net)
                      0.164456    0.000180    1.671051 v out[1] (out)
                                              1.671051   data arrival time

                                 10.000000   10.000000   clock clk (rise edge)
                                  0.000000   10.000000   clock network delay (propagated)
                                 -0.250000    9.750000   clock uncertainty
                                  0.000000    9.750000   clock reconvergence pessimism
                                 -2.000000    7.750000   output external delay
                                              7.750000   data required time
---------------------------------------------------------------------------------------------
                                              7.750000   data required time
                                             -1.671051   data arrival time
---------------------------------------------------------------------------------------------
                                              6.078948   slack (MET)




===========================================================================
report_checks --slack_max -0.01
============================================================================
======================= min_ss_100C_1v60 Corner ===================================

No paths found.


===========================================================================
 report_check_types -max_slew -max_cap -max_fanout -violators
============================================================================
======================= min_ss_100C_1v60 Corner ===================================



===========================================================================
report_parasitic_annotation -report_unannotated
============================================================================
Found 0 unannotated drivers.
Found 0 partially unannotated drivers.

===========================================================================
max slew violation count 0
%OL_METRIC_I design__max_slew_violation__count__corner:min_ss_100C_1v60 0
max fanout violation count 0
%OL_METRIC_I design__max_fanout_violation__count__corner:min_ss_100C_1v60 0
max cap violation count 0
%OL_METRIC_I design__max_cap_violation__count__corner:min_ss_100C_1v60 0
============================================================================

===========================================================================
check_setup -verbose -unconstrained_endpoints -multiple_clock -no_clock -no_input_delay -loops -generated_clocks
===========================================================================
%OL_END_REPORT
%OL_CREATE_REPORT power.rpt

===========================================================================
 report_power
============================================================================
======================= min_ss_100C_1v60 Corner ===================================

Group                    Internal    Switching      Leakage        Total
                            Power        Power        Power        Power (Watts)
------------------------------------------------------------------------
Sequential           1.275711e-05 0.000000e+00 7.529997e-08 1.283241e-05  20.7%
Combinational        2.355144e-07 4.735127e-07 9.613483e-08 8.051620e-07   1.3%
Clock                4.117571e-05 7.077045e-06 5.715621e-08 4.830991e-05  78.0%
Macro                0.000000e+00 0.000000e+00 0.000000e+00 0.000000e+00   0.0%
Pad                  0.000000e+00 0.000000e+00 0.000000e+00 0.000000e+00   0.0%
------------------------------------------------------------------------
Total                5.416834e-05 7.550558e-06 2.285910e-07 6.194749e-05 100.0%
                            87.4%        12.2%         0.4%
%OL_METRIC_F power__internal__total 5.4168340284377337e-5
%OL_METRIC_F power__switching__total 7.550557711510919e-6
%OL_METRIC_F power__leakage__total 2.2859103410155512e-7
%OL_METRIC_F power__total 6.194748857524246e-5

%OL_END_REPORT
%OL_CREATE_REPORT skew.min.rpt

===========================================================================
Clock Skew (Hold)
============================================================================
%OL_METRIC_F clock__skew__worst_hold__corner:min_ss_100C_1v60 -0.2526688652043771
======================= min_ss_100C_1v60 Corner ===================================

Clock clk
0.469235 source latency _22_/CLK ^
-0.471904 target latency _23_/CLK ^
-0.250000 clock uncertainty
0.000000 CRPR
--------------
-0.252669 hold skew

%OL_END_REPORT
%OL_CREATE_REPORT skew.max.rpt

===========================================================================
Clock Skew (Setup)
============================================================================
%OL_METRIC_F clock__skew__worst_setup__corner:min_ss_100C_1v60 0.2526635361337082
======================= min_ss_100C_1v60 Corner ===================================

Clock clk
0.471899 source latency _21_/CLK ^
-0.469235 target latency _22_/CLK ^
0.250000 clock uncertainty
0.000000 CRPR
--------------
0.252664 setup skew

%OL_END_REPORT
%OL_CREATE_REPORT ws.min.rpt

===========================================================================
Worst Slack (Hold)
============================================================================
%OL_METRIC_F timing__hold__ws__corner:min_ss_100C_1v60 0.9201143996041389
min_ss_100C_1v60: 0.9201143996041389
%OL_END_REPORT
%OL_CREATE_REPORT ws.max.rpt

===========================================================================
Worst Slack (Setup)
============================================================================
%OL_METRIC_F timing__setup__ws__corner:min_ss_100C_1v60 6.078948627647729
min_ss_100C_1v60: 6.078948627647729
%OL_END_REPORT
%OL_CREATE_REPORT tns.min.rpt

===========================================================================
Total Negative Slack (Hold)
============================================================================
%OL_METRIC_F timing__hold__tns__corner:min_ss_100C_1v60 0.0
min_ss_100C_1v60: 0.0
%OL_END_REPORT
%OL_CREATE_REPORT tns.max.rpt

===========================================================================
Total Negative Slack (Setup)
============================================================================
%OL_METRIC_F timing__setup__tns__corner:min_ss_100C_1v60 0.0
min_ss_100C_1v60: 0.0
%OL_END_REPORT
%OL_CREATE_REPORT wns.min.rpt

===========================================================================
Worst Negative Slack (Hold)
============================================================================
%OL_METRIC_F timing__hold__wns__corner:min_ss_100C_1v60 0
min_ss_100C_1v60: 0
%OL_END_REPORT
%OL_CREATE_REPORT wns.max.rpt

===========================================================================
Worst Negative Slack (Setup)
============================================================================
%OL_METRIC_F timing__setup__wns__corner:min_ss_100C_1v60 0.0
min_ss_100C_1v60: 0.0
%OL_END_REPORT
%OL_CREATE_REPORT violator_list.rpt

===========================================================================
Violator List
============================================================================
%OL_METRIC_I timing__hold_vio__count__corner:min_ss_100C_1v60 0
%OL_METRIC_F timing__hold_r2r__ws__corner:min_ss_100C_1v60 0.920114
%OL_METRIC_I timing__hold_r2r_vio__count__corner:min_ss_100C_1v60 0
%OL_METRIC_I timing__setup_vio__count__corner:min_ss_100C_1v60 0
%OL_METRIC_F timing__setup_r2r__ws__corner:min_ss_100C_1v60 7.066388
%OL_METRIC_I timing__setup_r2r_vio__count__corner:min_ss_100C_1v60 0
%OL_END_REPORT
%OL_CREATE_REPORT unpropagated.rpt
%OL_END_REPORT
%OL_CREATE_REPORT clock.rpt
Clock: clk
Sources: clk 
Generated: no
Virtual: yes
Propagated: no
Period: 10.000000

===========================================================================
report_clock_properties
============================================================================
Clock                   Period          Waveform
----------------------------------------------------
clk                  10.000000    0.000000  5.000000

===========================================================================
report_clock_latency
============================================================================
Clock clk
rise -> rise
    min     max
0.000000 0.000000 source latency
0.469235         network latency _22_/CLK
        0.471904 network latency _23_/CLK
---------------
0.469235 0.471904 latency
        0.002669 skew

fall -> fall
    min     max
0.000000 0.000000 source latency
0.495937         network latency _22_/CLK
        0.498270 network latency _23_/CLK
---------------
0.495937 0.498270 latency
        0.002333 skew



===========================================================================
report_clock_min_period
============================================================================
clk period_min = 2.93 fmax = 340.88
%OL_END_REPORT
Writing SDF files for all corners…
Removing Clock latencies before writing libs…
Writing timing models for all corners…
Writing timing models for the min_ss_100C_1v60 corner to /home/yaser/CMOS_Tapeouts/counter/runs/RUN_2026-04-03_19-53-56/54-openroad-stapostpnr/min_ss_100C_1v60/counter__min_ss_100C_1v60.lib…
