Reading OpenROAD database at '/home/yaser/CMOS_Tapeouts/control_unit/runs/RUN_2026-04-04_09-19-09/17-openroad-cutrows/control_unit.odb'…
Reading library file at '/home/yaser/.volare/volare/sky130/versions/0fe599b2afb6708d281543108caf8310912f54af/sky130A/libs.ref/sky130_fd_sc_hd/lib/sky130_fd_sc_hd__tt_025C_1v80.lib'…
Reading design constraints file at '/nix/store/ss2cw3sxbrwwx9jl0rrppbw4kgcmgi2n-python3-3.11.9-env/lib/python3.11/site-packages/openlane/scripts/base.sdc'…
[INFO] Using clock clk…
[INFO] Setting output delay to: 2.0
[INFO] Setting input delay to: 2.0
[INFO] Setting load to: 0.033442
[INFO] Setting clock uncertainty to: 0.25
[INFO] Setting clock transition to: 0.1499999999999999944488848768742172978818416595458984375
[INFO] Setting timing derate to: 5%
[INFO TAP-0004] Inserted 20 endcaps.
[INFO TAP-0005] Inserted 12 tapcells.
Setting global connections for newly added cells…
[INFO] Setting global connections...
Updating metrics…
Cell type report:                       Count       Area
  Fill cell                                20      75.07
  Tap cell                                 12      15.01
  Inverter                                  2       7.51
  Sequential cell                           2      52.55
  Multi-Input combinational cell            4      40.04
  Total                                    40     190.18
Writing OpenROAD database to '/home/yaser/CMOS_Tapeouts/control_unit/runs/RUN_2026-04-04_09-19-09/18-openroad-tapendcapinsertion/control_unit.odb'…
Writing netlist to '/home/yaser/CMOS_Tapeouts/control_unit/runs/RUN_2026-04-04_09-19-09/18-openroad-tapendcapinsertion/control_unit.nl.v'…
Writing powered netlist to '/home/yaser/CMOS_Tapeouts/control_unit/runs/RUN_2026-04-04_09-19-09/18-openroad-tapendcapinsertion/control_unit.pnl.v'…
Writing layout to '/home/yaser/CMOS_Tapeouts/control_unit/runs/RUN_2026-04-04_09-19-09/18-openroad-tapendcapinsertion/control_unit.def'…
Writing timing constraints to '/home/yaser/CMOS_Tapeouts/control_unit/runs/RUN_2026-04-04_09-19-09/18-openroad-tapendcapinsertion/control_unit.sdc'…
