
===========================================================================
report_checks -path_delay max (Setup)
============================================================================
======================= nom_ff_n40C_1v95 Corner ===================================

Startpoint: _21_ (rising edge-triggered flip-flop clocked by clk)
Endpoint: out[1] (output port clocked by clk)
Path Group: clk
Path Type: max

Fanout         Cap        Slew       Delay        Time   Description
---------------------------------------------------------------------------------------------
                                  0.000000    0.000000   clock clk (rise edge)
                                  0.000000    0.000000   clock source latency
     1    0.010210    0.039240    0.025650    0.025650 ^ clk (in)
                                                         clk (net)
                      0.039243    0.000000    0.025650 ^ clkbuf_0_clk/A (sky130_fd_sc_hd__clkbuf_16)
     2    0.017481    0.029507    0.085117    0.110767 ^ clkbuf_0_clk/X (sky130_fd_sc_hd__clkbuf_16)
                                                         clknet_0_clk (net)
                      0.029512    0.000273    0.111040 ^ clkbuf_1_1__f_clk/A (sky130_fd_sc_hd__clkbuf_16)
     2    0.006544    0.022056    0.074612    0.185652 ^ clkbuf_1_1__f_clk/X (sky130_fd_sc_hd__clkbuf_16)
                                                         clknet_1_1__leaf_clk (net)
                      0.022056    0.000172    0.185823 ^ _21_/CLK (sky130_fd_sc_hd__dfrtp_1)
     4    0.013626    0.096680    0.245918    0.431741 ^ _21_/Q (sky130_fd_sc_hd__dfrtp_1)
                                                         net3 (net)
                      0.096680    0.000315    0.432056 ^ output3/A (sky130_fd_sc_hd__buf_2)
     1    0.033960    0.127057    0.153180    0.585236 ^ output3/X (sky130_fd_sc_hd__buf_2)
                                                         out[1] (net)
                      0.127058    0.000631    0.585867 ^ out[1] (out)
                                              0.585867   data arrival time

                                 10.000000   10.000000   clock clk (rise edge)
                                  0.000000   10.000000   clock network delay (propagated)
                                 -0.250000    9.750000   clock uncertainty
                                  0.000000    9.750000   clock reconvergence pessimism
                                 -2.000000    7.750000   output external delay
                                              7.750000   data required time
---------------------------------------------------------------------------------------------
                                              7.750000   data required time
                                             -0.585867   data arrival time
---------------------------------------------------------------------------------------------
                                              7.164133   slack (MET)


Startpoint: _20_ (rising edge-triggered flip-flop clocked by clk)
Endpoint: out[0] (output port clocked by clk)
Path Group: clk
Path Type: max

Fanout         Cap        Slew       Delay        Time   Description
---------------------------------------------------------------------------------------------
                                  0.000000    0.000000   clock clk (rise edge)
                                  0.000000    0.000000   clock source latency
     1    0.010210    0.039240    0.025650    0.025650 ^ clk (in)
                                                         clk (net)
                      0.039243    0.000000    0.025650 ^ clkbuf_0_clk/A (sky130_fd_sc_hd__clkbuf_16)
     2    0.017481    0.029507    0.085117    0.110767 ^ clkbuf_0_clk/X (sky130_fd_sc_hd__clkbuf_16)
                                                         clknet_0_clk (net)
                      0.029513    0.000367    0.111134 ^ clkbuf_1_0__f_clk/A (sky130_fd_sc_hd__clkbuf_16)
     2    0.004989    0.020979    0.073292    0.184426 ^ clkbuf_1_0__f_clk/X (sky130_fd_sc_hd__clkbuf_16)
                                                         clknet_1_0__leaf_clk (net)
                      0.020979    0.000114    0.184540 ^ _20_/CLK (sky130_fd_sc_hd__dfrtp_1)
     4    0.013182    0.093870    0.243638    0.428178 ^ _20_/Q (sky130_fd_sc_hd__dfrtp_1)
                                                         net2 (net)
                      0.093870    0.000314    0.428492 ^ output2/A (sky130_fd_sc_hd__buf_2)
     1    0.034384    0.128568    0.153516    0.582008 ^ output2/X (sky130_fd_sc_hd__buf_2)
                                                         out[0] (net)
                      0.128612    0.000722    0.582730 ^ out[0] (out)
                                              0.582730   data arrival time

                                 10.000000   10.000000   clock clk (rise edge)
                                  0.000000   10.000000   clock network delay (propagated)
                                 -0.250000    9.750000   clock uncertainty
                                  0.000000    9.750000   clock reconvergence pessimism
                                 -2.000000    7.750000   output external delay
                                              7.750000   data required time
---------------------------------------------------------------------------------------------
                                              7.750000   data required time
                                             -0.582730   data arrival time
---------------------------------------------------------------------------------------------
                                              7.167270   slack (MET)


Startpoint: _22_ (rising edge-triggered flip-flop clocked by clk)
Endpoint: out[2] (output port clocked by clk)
Path Group: clk
Path Type: max

Fanout         Cap        Slew       Delay        Time   Description
---------------------------------------------------------------------------------------------
                                  0.000000    0.000000   clock clk (rise edge)
                                  0.000000    0.000000   clock source latency
     1    0.010210    0.039240    0.025650    0.025650 ^ clk (in)
                                                         clk (net)
                      0.039243    0.000000    0.025650 ^ clkbuf_0_clk/A (sky130_fd_sc_hd__clkbuf_16)
     2    0.017481    0.029507    0.085117    0.110767 ^ clkbuf_0_clk/X (sky130_fd_sc_hd__clkbuf_16)
                                                         clknet_0_clk (net)
                      0.029513    0.000367    0.111134 ^ clkbuf_1_0__f_clk/A (sky130_fd_sc_hd__clkbuf_16)
     2    0.004989    0.020979    0.073292    0.184426 ^ clkbuf_1_0__f_clk/X (sky130_fd_sc_hd__clkbuf_16)
                                                         clknet_1_0__leaf_clk (net)
                      0.020979    0.000106    0.184532 ^ _22_/CLK (sky130_fd_sc_hd__dfrtp_1)
     3    0.008285    0.064033    0.220828    0.405360 ^ _22_/Q (sky130_fd_sc_hd__dfrtp_1)
                                                         net4 (net)
                      0.064033    0.000152    0.405512 ^ output4/A (sky130_fd_sc_hd__buf_2)
     1    0.034463    0.128855    0.146843    0.552356 ^ output4/X (sky130_fd_sc_hd__buf_2)
                                                         out[2] (net)
                      0.128861    0.000762    0.553118 ^ out[2] (out)
                                              0.553118   data arrival time

                                 10.000000   10.000000   clock clk (rise edge)
                                  0.000000   10.000000   clock network delay (propagated)
                                 -0.250000    9.750000   clock uncertainty
                                  0.000000    9.750000   clock reconvergence pessimism
                                 -2.000000    7.750000   output external delay
                                              7.750000   data required time
---------------------------------------------------------------------------------------------
                                              7.750000   data required time
                                             -0.553118   data arrival time
---------------------------------------------------------------------------------------------
                                              7.196882   slack (MET)


Startpoint: _23_ (rising edge-triggered flip-flop clocked by clk)
Endpoint: out[3] (output port clocked by clk)
Path Group: clk
Path Type: max

Fanout         Cap        Slew       Delay        Time   Description
---------------------------------------------------------------------------------------------
                                  0.000000    0.000000   clock clk (rise edge)
                                  0.000000    0.000000   clock source latency
     1    0.010210    0.039240    0.025650    0.025650 ^ clk (in)
                                                         clk (net)
                      0.039243    0.000000    0.025650 ^ clkbuf_0_clk/A (sky130_fd_sc_hd__clkbuf_16)
     2    0.017481    0.029507    0.085117    0.110767 ^ clkbuf_0_clk/X (sky130_fd_sc_hd__clkbuf_16)
                                                         clknet_0_clk (net)
                      0.029512    0.000273    0.111040 ^ clkbuf_1_1__f_clk/A (sky130_fd_sc_hd__clkbuf_16)
     2    0.006544    0.022056    0.074612    0.185652 ^ clkbuf_1_1__f_clk/X (sky130_fd_sc_hd__clkbuf_16)
                                                         clknet_1_1__leaf_clk (net)
                      0.022056    0.000182    0.185833 ^ _23_/CLK (sky130_fd_sc_hd__dfrtp_1)
     2    0.004968    0.044107    0.205226    0.391060 ^ _23_/Q (sky130_fd_sc_hd__dfrtp_1)
                                                         net5 (net)
                      0.044107    0.000105    0.391165 ^ output5/A (sky130_fd_sc_hd__buf_2)
     1    0.034333    0.128412    0.141305    0.532470 ^ output5/X (sky130_fd_sc_hd__buf_2)
                                                         out[3] (net)
                      0.128418    0.000733    0.533203 ^ out[3] (out)
                                              0.533203   data arrival time

                                 10.000000   10.000000   clock clk (rise edge)
                                  0.000000   10.000000   clock network delay (propagated)
                                 -0.250000    9.750000   clock uncertainty
                                  0.000000    9.750000   clock reconvergence pessimism
                                 -2.000000    7.750000   output external delay
                                              7.750000   data required time
---------------------------------------------------------------------------------------------
                                              7.750000   data required time
                                             -0.533203   data arrival time
---------------------------------------------------------------------------------------------
                                              7.216797   slack (MET)


Startpoint: rst (input port clocked by clk)
Endpoint: _20_ (recovery check against rising-edge clock clk)
Path Group: asynchronous
Path Type: max

Fanout         Cap        Slew       Delay        Time   Description
---------------------------------------------------------------------------------------------
                                  0.000000    0.000000   clock clk (rise edge)
                                  0.000000    0.000000   clock network delay (propagated)
                                  2.000000    2.000000 v input external delay
     1    0.003255    0.005384    0.002687    2.002687 v rst (in)
                                                         rst (net)
                      0.005385    0.000000    2.002687 v input1/A (sky130_fd_sc_hd__clkbuf_2)
     4    0.020525    0.058012    0.091271    2.093958 v input1/X (sky130_fd_sc_hd__clkbuf_2)
                                                         net1 (net)
                      0.058013    0.000362    2.094320 v _11_/A (sky130_fd_sc_hd__inv_2)
     1    0.004827    0.027161    0.043170    2.137490 ^ _11_/Y (sky130_fd_sc_hd__inv_2)
                                                         _04_ (net)
                      0.027161    0.000112    2.137602 ^ _20_/RESET_B (sky130_fd_sc_hd__dfrtp_1)
                                              2.137602   data arrival time

                                 10.000000   10.000000   clock clk (rise edge)
                                  0.000000   10.000000   clock source latency
     1    0.010210    0.039240    0.025651   10.025651 ^ clk (in)
                                                         clk (net)
                      0.039243    0.000000   10.025651 ^ clkbuf_0_clk/A (sky130_fd_sc_hd__clkbuf_16)
     2    0.017481    0.029507    0.085117   10.110767 ^ clkbuf_0_clk/X (sky130_fd_sc_hd__clkbuf_16)
                                                         clknet_0_clk (net)
                      0.029513    0.000367   10.111135 ^ clkbuf_1_0__f_clk/A (sky130_fd_sc_hd__clkbuf_16)
     2    0.004989    0.020979    0.073292   10.184426 ^ clkbuf_1_0__f_clk/X (sky130_fd_sc_hd__clkbuf_16)
                                                         clknet_1_0__leaf_clk (net)
                      0.020979    0.000115   10.184541 ^ _20_/CLK (sky130_fd_sc_hd__dfrtp_1)
                                 -0.250000    9.934541   clock uncertainty
                                  0.000000    9.934541   clock reconvergence pessimism
                                  0.142893   10.077434   library recovery time
                                             10.077434   data required time
---------------------------------------------------------------------------------------------
                                             10.077434   data required time
                                             -2.137602   data arrival time
---------------------------------------------------------------------------------------------
                                              7.939832   slack (MET)


Startpoint: rst (input port clocked by clk)
Endpoint: _22_ (recovery check against rising-edge clock clk)
Path Group: asynchronous
Path Type: max

Fanout         Cap        Slew       Delay        Time   Description
---------------------------------------------------------------------------------------------
                                  0.000000    0.000000   clock clk (rise edge)
                                  0.000000    0.000000   clock network delay (propagated)
                                  2.000000    2.000000 v input external delay
     1    0.003255    0.005384    0.002687    2.002687 v rst (in)
                                                         rst (net)
                      0.005385    0.000000    2.002687 v input1/A (sky130_fd_sc_hd__clkbuf_2)
     4    0.020525    0.058012    0.091271    2.093958 v input1/X (sky130_fd_sc_hd__clkbuf_2)
                                                         net1 (net)
                      0.058018    0.000618    2.094576 v _18_/A (sky130_fd_sc_hd__inv_2)
     1    0.004109    0.025225    0.040785    2.135361 ^ _18_/Y (sky130_fd_sc_hd__inv_2)
                                                         _06_ (net)
                      0.025225    0.000084    2.135445 ^ _22_/RESET_B (sky130_fd_sc_hd__dfrtp_1)
                                              2.135445   data arrival time

                                 10.000000   10.000000   clock clk (rise edge)
                                  0.000000   10.000000   clock source latency
     1    0.010210    0.039240    0.025651   10.025651 ^ clk (in)
                                                         clk (net)
                      0.039243    0.000000   10.025651 ^ clkbuf_0_clk/A (sky130_fd_sc_hd__clkbuf_16)
     2    0.017481    0.029507    0.085117   10.110767 ^ clkbuf_0_clk/X (sky130_fd_sc_hd__clkbuf_16)
                                                         clknet_0_clk (net)
                      0.029513    0.000367   10.111135 ^ clkbuf_1_0__f_clk/A (sky130_fd_sc_hd__clkbuf_16)
     2    0.004989    0.020979    0.073292   10.184426 ^ clkbuf_1_0__f_clk/X (sky130_fd_sc_hd__clkbuf_16)
                                                         clknet_1_0__leaf_clk (net)
                      0.020979    0.000107   10.184532 ^ _22_/CLK (sky130_fd_sc_hd__dfrtp_1)
                                 -0.250000    9.934532   clock uncertainty
                                  0.000000    9.934532   clock reconvergence pessimism
                                  0.143256   10.077788   library recovery time
                                             10.077788   data required time
---------------------------------------------------------------------------------------------
                                             10.077788   data required time
                                             -2.135445   data arrival time
---------------------------------------------------------------------------------------------
                                              7.942344   slack (MET)


Startpoint: rst (input port clocked by clk)
Endpoint: _21_ (recovery check against rising-edge clock clk)
Path Group: asynchronous
Path Type: max

Fanout         Cap        Slew       Delay        Time   Description
---------------------------------------------------------------------------------------------
                                  0.000000    0.000000   clock clk (rise edge)
                                  0.000000    0.000000   clock network delay (propagated)
                                  2.000000    2.000000 v input external delay
     1    0.003255    0.005384    0.002687    2.002687 v rst (in)
                                                         rst (net)
                      0.005385    0.000000    2.002687 v input1/A (sky130_fd_sc_hd__clkbuf_2)
     4    0.020525    0.058012    0.091271    2.093958 v input1/X (sky130_fd_sc_hd__clkbuf_2)
                                                         net1 (net)
                      0.058019    0.000665    2.094623 v _17_/A (sky130_fd_sc_hd__inv_2)
     1    0.004231    0.025536    0.041196    2.135820 ^ _17_/Y (sky130_fd_sc_hd__inv_2)
                                                         _05_ (net)
                      0.025536    0.000090    2.135910 ^ _21_/RESET_B (sky130_fd_sc_hd__dfrtp_1)
                                              2.135910   data arrival time

                                 10.000000   10.000000   clock clk (rise edge)
                                  0.000000   10.000000   clock source latency
     1    0.010210    0.039240    0.025651   10.025651 ^ clk (in)
                                                         clk (net)
                      0.039243    0.000000   10.025651 ^ clkbuf_0_clk/A (sky130_fd_sc_hd__clkbuf_16)
     2    0.017481    0.029507    0.085117   10.110767 ^ clkbuf_0_clk/X (sky130_fd_sc_hd__clkbuf_16)
                                                         clknet_0_clk (net)
                      0.029512    0.000273   10.111040 ^ clkbuf_1_1__f_clk/A (sky130_fd_sc_hd__clkbuf_16)
     2    0.006544    0.022056    0.074611   10.185652 ^ clkbuf_1_1__f_clk/X (sky130_fd_sc_hd__clkbuf_16)
                                                         clknet_1_1__leaf_clk (net)
                      0.022056    0.000172   10.185824 ^ _21_/CLK (sky130_fd_sc_hd__dfrtp_1)
                                 -0.250000    9.935824   clock uncertainty
                                  0.000000    9.935824   clock reconvergence pessimism
                                  0.143358   10.079183   library recovery time
                                             10.079183   data required time
---------------------------------------------------------------------------------------------
                                             10.079183   data required time
                                             -2.135910   data arrival time
---------------------------------------------------------------------------------------------
                                              7.943273   slack (MET)


Startpoint: rst (input port clocked by clk)
Endpoint: _23_ (recovery check against rising-edge clock clk)
Path Group: asynchronous
Path Type: max

Fanout         Cap        Slew       Delay        Time   Description
---------------------------------------------------------------------------------------------
                                  0.000000    0.000000   clock clk (rise edge)
                                  0.000000    0.000000   clock network delay (propagated)
                                  2.000000    2.000000 v input external delay
     1    0.003255    0.005384    0.002687    2.002687 v rst (in)
                                                         rst (net)
                      0.005385    0.000000    2.002687 v input1/A (sky130_fd_sc_hd__clkbuf_2)
     4    0.020525    0.058012    0.091271    2.093958 v input1/X (sky130_fd_sc_hd__clkbuf_2)
                                                         net1 (net)
                      0.058020    0.000673    2.094631 v _19_/A (sky130_fd_sc_hd__inv_2)
     1    0.003985    0.024914    0.040367    2.134998 ^ _19_/Y (sky130_fd_sc_hd__inv_2)
                                                         _07_ (net)
                      0.024914    0.000079    2.135076 ^ _23_/RESET_B (sky130_fd_sc_hd__dfrtp_1)
                                              2.135076   data arrival time

                                 10.000000   10.000000   clock clk (rise edge)
                                  0.000000   10.000000   clock source latency
     1    0.010210    0.039240    0.025651   10.025651 ^ clk (in)
                                                         clk (net)
                      0.039243    0.000000   10.025651 ^ clkbuf_0_clk/A (sky130_fd_sc_hd__clkbuf_16)
     2    0.017481    0.029507    0.085117   10.110767 ^ clkbuf_0_clk/X (sky130_fd_sc_hd__clkbuf_16)
                                                         clknet_0_clk (net)
                      0.029512    0.000273   10.111040 ^ clkbuf_1_1__f_clk/A (sky130_fd_sc_hd__clkbuf_16)
     2    0.006544    0.022056    0.074611   10.185652 ^ clkbuf_1_1__f_clk/X (sky130_fd_sc_hd__clkbuf_16)
                                                         clknet_1_1__leaf_clk (net)
                      0.022056    0.000182   10.185834 ^ _23_/CLK (sky130_fd_sc_hd__dfrtp_1)
                                 -0.250000    9.935834   clock uncertainty
                                  0.000000    9.935834   clock reconvergence pessimism
                                  0.143475   10.079309   library recovery time
                                             10.079309   data required time
---------------------------------------------------------------------------------------------
                                             10.079309   data required time
                                             -2.135076   data arrival time
---------------------------------------------------------------------------------------------
                                              7.944232   slack (MET)


Startpoint: _20_ (rising edge-triggered flip-flop clocked by clk)
Endpoint: _21_ (rising edge-triggered flip-flop clocked by clk)
Path Group: clk
Path Type: max

Fanout         Cap        Slew       Delay        Time   Description
---------------------------------------------------------------------------------------------
                                  0.000000    0.000000   clock clk (rise edge)
                                  0.000000    0.000000   clock source latency
     1    0.010210    0.039240    0.025650    0.025650 ^ clk (in)
                                                         clk (net)
                      0.039243    0.000000    0.025650 ^ clkbuf_0_clk/A (sky130_fd_sc_hd__clkbuf_16)
     2    0.017481    0.029507    0.085117    0.110767 ^ clkbuf_0_clk/X (sky130_fd_sc_hd__clkbuf_16)
                                                         clknet_0_clk (net)
                      0.029513    0.000367    0.111134 ^ clkbuf_1_0__f_clk/A (sky130_fd_sc_hd__clkbuf_16)
     2    0.004989    0.020979    0.073292    0.184426 ^ clkbuf_1_0__f_clk/X (sky130_fd_sc_hd__clkbuf_16)
                                                         clknet_1_0__leaf_clk (net)
                      0.020979    0.000114    0.184540 ^ _20_/CLK (sky130_fd_sc_hd__dfrtp_1)
     4    0.012633    0.057769    0.252764    0.437304 v _20_/Q (sky130_fd_sc_hd__dfrtp_1)
                                                         net2 (net)
                      0.057769    0.000254    0.437558 v hold2/A (sky130_fd_sc_hd__dlygate4sd3_1)
     2    0.008966    0.059612    0.398576    0.836134 v hold2/X (sky130_fd_sc_hd__dlygate4sd3_1)
                                                         net7 (net)
                      0.059699    0.000143    0.836277 v _12_/A (sky130_fd_sc_hd__xor2_1)
     1    0.003700    0.035991    0.110399    0.946676 v _12_/X (sky130_fd_sc_hd__xor2_1)
                                                         _01_ (net)
                      0.035991    0.000110    0.946786 v _21_/D (sky130_fd_sc_hd__dfrtp_1)
                                              0.946786   data arrival time

                                 10.000000   10.000000   clock clk (rise edge)
                                  0.000000   10.000000   clock source latency
     1    0.010210    0.039240    0.025651   10.025651 ^ clk (in)
                                                         clk (net)
                      0.039243    0.000000   10.025651 ^ clkbuf_0_clk/A (sky130_fd_sc_hd__clkbuf_16)
     2    0.017481    0.029507    0.085117   10.110767 ^ clkbuf_0_clk/X (sky130_fd_sc_hd__clkbuf_16)
                                                         clknet_0_clk (net)
                      0.029512    0.000273   10.111040 ^ clkbuf_1_1__f_clk/A (sky130_fd_sc_hd__clkbuf_16)
     2    0.006544    0.022056    0.074611   10.185652 ^ clkbuf_1_1__f_clk/X (sky130_fd_sc_hd__clkbuf_16)
                                                         clknet_1_1__leaf_clk (net)
                      0.022056    0.000172   10.185824 ^ _21_/CLK (sky130_fd_sc_hd__dfrtp_1)
                                 -0.250000    9.935824   clock uncertainty
                                  0.000000    9.935824   clock reconvergence pessimism
                                 -0.074827    9.860997   library setup time
                                              9.860997   data required time
---------------------------------------------------------------------------------------------
                                              9.860997   data required time
                                             -0.946786   data arrival time
---------------------------------------------------------------------------------------------
                                              8.914211   slack (MET)


Startpoint: _23_ (rising edge-triggered flip-flop clocked by clk)
Endpoint: _23_ (rising edge-triggered flip-flop clocked by clk)
Path Group: clk
Path Type: max

Fanout         Cap        Slew       Delay        Time   Description
---------------------------------------------------------------------------------------------
                                  0.000000    0.000000   clock clk (rise edge)
                                  0.000000    0.000000   clock source latency
     1    0.010210    0.039240    0.025650    0.025650 ^ clk (in)
                                                         clk (net)
                      0.039243    0.000000    0.025650 ^ clkbuf_0_clk/A (sky130_fd_sc_hd__clkbuf_16)
     2    0.017481    0.029507    0.085117    0.110767 ^ clkbuf_0_clk/X (sky130_fd_sc_hd__clkbuf_16)
                                                         clknet_0_clk (net)
                      0.029512    0.000273    0.111040 ^ clkbuf_1_1__f_clk/A (sky130_fd_sc_hd__clkbuf_16)
     2    0.006544    0.022056    0.074612    0.185652 ^ clkbuf_1_1__f_clk/X (sky130_fd_sc_hd__clkbuf_16)
                                                         clknet_1_1__leaf_clk (net)
                      0.022056    0.000182    0.185833 ^ _23_/CLK (sky130_fd_sc_hd__dfrtp_1)
     2    0.004639    0.033906    0.225764    0.411597 v _23_/Q (sky130_fd_sc_hd__dfrtp_1)
                                                         net5 (net)
                      0.033906    0.000066    0.411663 v hold1/A (sky130_fd_sc_hd__dlygate4sd3_1)
     1    0.005452    0.047532    0.374025    0.785688 v hold1/X (sky130_fd_sc_hd__dlygate4sd3_1)
                                                         net6 (net)
                      0.047532    0.000181    0.785869 v _16_/A (sky130_fd_sc_hd__xor2_1)
     1    0.002507    0.032218    0.101667    0.887536 v _16_/X (sky130_fd_sc_hd__xor2_1)
                                                         _03_ (net)
                      0.032218    0.000071    0.887607 v _23_/D (sky130_fd_sc_hd__dfrtp_1)
                                              0.887607   data arrival time

                                 10.000000   10.000000   clock clk (rise edge)
                                  0.000000   10.000000   clock source latency
     1    0.010210    0.039240    0.025651   10.025651 ^ clk (in)
                                                         clk (net)
                      0.039243    0.000000   10.025651 ^ clkbuf_0_clk/A (sky130_fd_sc_hd__clkbuf_16)
     2    0.017481    0.029507    0.085117   10.110767 ^ clkbuf_0_clk/X (sky130_fd_sc_hd__clkbuf_16)
                                                         clknet_0_clk (net)
                      0.029512    0.000273   10.111040 ^ clkbuf_1_1__f_clk/A (sky130_fd_sc_hd__clkbuf_16)
     2    0.006544    0.022056    0.074611   10.185652 ^ clkbuf_1_1__f_clk/X (sky130_fd_sc_hd__clkbuf_16)
                                                         clknet_1_1__leaf_clk (net)
                      0.022056    0.000182   10.185834 ^ _23_/CLK (sky130_fd_sc_hd__dfrtp_1)
                                 -0.250000    9.935834   clock uncertainty
                                  0.000000    9.935834   clock reconvergence pessimism
                                 -0.073480    9.862354   library setup time
                                              9.862354   data required time
---------------------------------------------------------------------------------------------
                                              9.862354   data required time
                                             -0.887607   data arrival time
---------------------------------------------------------------------------------------------
                                              8.974747   slack (MET)


Startpoint: _22_ (rising edge-triggered flip-flop clocked by clk)
Endpoint: _22_ (rising edge-triggered flip-flop clocked by clk)
Path Group: clk
Path Type: max

Fanout         Cap        Slew       Delay        Time   Description
---------------------------------------------------------------------------------------------
                                  0.000000    0.000000   clock clk (rise edge)
                                  0.000000    0.000000   clock source latency
     1    0.010210    0.039240    0.025650    0.025650 ^ clk (in)
                                                         clk (net)
                      0.039243    0.000000    0.025650 ^ clkbuf_0_clk/A (sky130_fd_sc_hd__clkbuf_16)
     2    0.017481    0.029507    0.085117    0.110767 ^ clkbuf_0_clk/X (sky130_fd_sc_hd__clkbuf_16)
                                                         clknet_0_clk (net)
                      0.029513    0.000367    0.111134 ^ clkbuf_1_0__f_clk/A (sky130_fd_sc_hd__clkbuf_16)
     2    0.004989    0.020979    0.073292    0.184426 ^ clkbuf_1_0__f_clk/X (sky130_fd_sc_hd__clkbuf_16)
                                                         clknet_1_0__leaf_clk (net)
                      0.020979    0.000106    0.184532 ^ _22_/CLK (sky130_fd_sc_hd__dfrtp_1)
     3    0.007810    0.044146    0.236958    0.421490 v _22_/Q (sky130_fd_sc_hd__dfrtp_1)
                                                         net4 (net)
                      0.044146    0.000182    0.421671 v hold4/A (sky130_fd_sc_hd__dlygate4sd3_1)
     1    0.002365    0.036684    0.362291    0.783962 v hold4/X (sky130_fd_sc_hd__dlygate4sd3_1)
                                                         net9 (net)
                      0.036684    0.000045    0.784007 v _13_/B1 (sky130_fd_sc_hd__a21oi_1)
     1    0.004660    0.100886    0.065980    0.849987 ^ _13_/Y (sky130_fd_sc_hd__a21oi_1)
                                                         _08_ (net)
                      0.100886    0.000161    0.850148 ^ _15_/A (sky130_fd_sc_hd__nor2_1)
     1    0.003023    0.032369    0.033395    0.883542 v _15_/Y (sky130_fd_sc_hd__nor2_1)
                                                         _02_ (net)
                      0.032369    0.000068    0.883610 v _22_/D (sky130_fd_sc_hd__dfrtp_1)
                                              0.883610   data arrival time

                                 10.000000   10.000000   clock clk (rise edge)
                                  0.000000   10.000000   clock source latency
     1    0.010210    0.039240    0.025651   10.025651 ^ clk (in)
                                                         clk (net)
                      0.039243    0.000000   10.025651 ^ clkbuf_0_clk/A (sky130_fd_sc_hd__clkbuf_16)
     2    0.017481    0.029507    0.085117   10.110767 ^ clkbuf_0_clk/X (sky130_fd_sc_hd__clkbuf_16)
                                                         clknet_0_clk (net)
                      0.029513    0.000367   10.111135 ^ clkbuf_1_0__f_clk/A (sky130_fd_sc_hd__clkbuf_16)
     2    0.004989    0.020979    0.073292   10.184426 ^ clkbuf_1_0__f_clk/X (sky130_fd_sc_hd__clkbuf_16)
                                                         clknet_1_0__leaf_clk (net)
                      0.020979    0.000107   10.184532 ^ _22_/CLK (sky130_fd_sc_hd__dfrtp_1)
                                 -0.250000    9.934532   clock uncertainty
                                  0.000000    9.934532   clock reconvergence pessimism
                                 -0.073637    9.860895   library setup time
                                              9.860895   data required time
---------------------------------------------------------------------------------------------
                                              9.860895   data required time
                                             -0.883610   data arrival time
---------------------------------------------------------------------------------------------
                                              8.977285   slack (MET)


Startpoint: _20_ (rising edge-triggered flip-flop clocked by clk)
Endpoint: _20_ (rising edge-triggered flip-flop clocked by clk)
Path Group: clk
Path Type: max

Fanout         Cap        Slew       Delay        Time   Description
---------------------------------------------------------------------------------------------
                                  0.000000    0.000000   clock clk (rise edge)
                                  0.000000    0.000000   clock source latency
     1    0.010210    0.039240    0.025650    0.025650 ^ clk (in)
                                                         clk (net)
                      0.039243    0.000000    0.025650 ^ clkbuf_0_clk/A (sky130_fd_sc_hd__clkbuf_16)
     2    0.017481    0.029507    0.085117    0.110767 ^ clkbuf_0_clk/X (sky130_fd_sc_hd__clkbuf_16)
                                                         clknet_0_clk (net)
                      0.029513    0.000367    0.111134 ^ clkbuf_1_0__f_clk/A (sky130_fd_sc_hd__clkbuf_16)
     2    0.004989    0.020979    0.073292    0.184426 ^ clkbuf_1_0__f_clk/X (sky130_fd_sc_hd__clkbuf_16)
                                                         clknet_1_0__leaf_clk (net)
                      0.020979    0.000114    0.184540 ^ _20_/CLK (sky130_fd_sc_hd__dfrtp_1)
     4    0.013182    0.093870    0.243638    0.428178 ^ _20_/Q (sky130_fd_sc_hd__dfrtp_1)
                                                         net2 (net)
                      0.093870    0.000267    0.428445 ^ hold2/A (sky130_fd_sc_hd__dlygate4sd3_1)
     2    0.009664    0.083819    0.420162    0.848608 ^ hold2/X (sky130_fd_sc_hd__dlygate4sd3_1)
                                                         net7 (net)
                      0.083819    0.000138    0.848746 ^ _10_/A (sky130_fd_sc_hd__inv_2)
     1    0.002928    0.019196    0.014636    0.863382 v _10_/Y (sky130_fd_sc_hd__inv_2)
                                                         _00_ (net)
                      0.019196    0.000088    0.863470 v _20_/D (sky130_fd_sc_hd__dfrtp_1)
                                              0.863470   data arrival time

                                 10.000000   10.000000   clock clk (rise edge)
                                  0.000000   10.000000   clock source latency
     1    0.010210    0.039240    0.025651   10.025651 ^ clk (in)
                                                         clk (net)
                      0.039243    0.000000   10.025651 ^ clkbuf_0_clk/A (sky130_fd_sc_hd__clkbuf_16)
     2    0.017481    0.029507    0.085117   10.110767 ^ clkbuf_0_clk/X (sky130_fd_sc_hd__clkbuf_16)
                                                         clknet_0_clk (net)
                      0.029513    0.000367   10.111135 ^ clkbuf_1_0__f_clk/A (sky130_fd_sc_hd__clkbuf_16)
     2    0.004989    0.020979    0.073292   10.184426 ^ clkbuf_1_0__f_clk/X (sky130_fd_sc_hd__clkbuf_16)
                                                         clknet_1_0__leaf_clk (net)
                      0.020979    0.000115   10.184541 ^ _20_/CLK (sky130_fd_sc_hd__dfrtp_1)
                                 -0.250000    9.934541   clock uncertainty
                                  0.000000    9.934541   clock reconvergence pessimism
                                 -0.068930    9.865610   library setup time
                                              9.865610   data required time
---------------------------------------------------------------------------------------------
                                              9.865610   data required time
                                             -0.863470   data arrival time
---------------------------------------------------------------------------------------------
                                              9.002140   slack (MET)



