
===========================================================================
report_checks -path_delay max (Setup)
============================================================================
======================= nom_tt_025C_1v80 Corner ===================================

Startpoint: I[3] (input port clocked by clk)
Endpoint: cout (output port clocked by clk)
Path Group: clk
Path Type: max

Fanout         Cap        Slew       Delay        Time   Description
---------------------------------------------------------------------------------------------
                                  0.000000    0.000000   clock clk (rise edge)
                                  0.000000    0.000000   clock network delay (propagated)
                                  2.000000    2.000000 ^ input external delay
     2    0.005520    0.031569    0.019551    2.019552 ^ I[3] (in)
                                                         I[3] (net)
                      0.031569    0.000000    2.019552 ^ input1/A (sky130_fd_sc_hd__clkbuf_1)
     1    0.002360    0.039308    0.072274    2.091826 ^ input1/X (sky130_fd_sc_hd__clkbuf_1)
                                                         net1 (net)
                      0.039308    0.000070    2.091896 ^ _0_/A (sky130_fd_sc_hd__and2_1)
     1    0.005616    0.070120    0.127652    2.219548 ^ _0_/X (sky130_fd_sc_hd__and2_1)
                                                         net3 (net)
                      0.070120    0.000249    2.219797 ^ output3/A (sky130_fd_sc_hd__buf_2)
     1    0.034638    0.172072    0.208377    2.428174 ^ output3/X (sky130_fd_sc_hd__buf_2)
                                                         cout (net)
                      0.172074    0.000932    2.429106 ^ cout (out)
                                              2.429106   data arrival time

                                 10.000000   10.000000   clock clk (rise edge)
                                  0.000000   10.000000   clock network delay (propagated)
                                 -0.250000    9.750000   clock uncertainty
                                  0.000000    9.750000   clock reconvergence pessimism
                                 -2.000000    7.750000   output external delay
                                              7.750000   data required time
---------------------------------------------------------------------------------------------
                                              7.750000   data required time
                                             -2.429106   data arrival time
---------------------------------------------------------------------------------------------
                                              5.320894   slack (MET)



