
===========================================================================
report_checks -path_delay min (Hold)
============================================================================
======================= nom_tt_025C_1v80 Corner ===================================

Startpoint: I[3] (input port clocked by clk)
Endpoint: cout (output port clocked by clk)
Path Group: clk
Path Type: min

Fanout         Cap        Slew       Delay        Time   Description
---------------------------------------------------------------------------------------------
                                  0.000000    0.000000   clock clk (rise edge)
                                  0.000000    0.000000   clock network delay (propagated)
                                  2.000000    2.000000 v input external delay
     2    0.005301    0.014274    0.008609    2.008609 v I[3] (in)
                                                         I[3] (net)
                      0.014275    0.000000    2.008609 v input1/A (sky130_fd_sc_hd__clkbuf_1)
     1    0.002299    0.023947    0.071557    2.080166 v input1/X (sky130_fd_sc_hd__clkbuf_1)
                                                         net1 (net)
                      0.023947    0.000068    2.080234 v _0_/A (sky130_fd_sc_hd__and2_1)
     1    0.005456    0.044492    0.135778    2.216012 v _0_/X (sky130_fd_sc_hd__and2_1)
                                                         net3 (net)
                      0.044492    0.000238    2.216249 v output3/A (sky130_fd_sc_hd__buf_2)
     1    0.034638    0.090432    0.180352    2.396601 v output3/X (sky130_fd_sc_hd__buf_2)
                                                         cout (net)
                      0.090442    0.000931    2.397532 v cout (out)
                                              2.397532   data arrival time

                                  0.000000    0.000000   clock clk (rise edge)
                                  0.000000    0.000000   clock network delay (propagated)
                                  0.250000    0.250000   clock uncertainty
                                  0.000000    0.250000   clock reconvergence pessimism
                                 -2.000000   -1.750000   output external delay
                                             -1.750000   data required time
---------------------------------------------------------------------------------------------
                                             -1.750000   data required time
                                             -2.397532   data arrival time
---------------------------------------------------------------------------------------------
                                              4.147532   slack (MET)



