
===========================================================================
report_checks -unconstrained
===========================================================================
======================= min_tt_025C_1v80 Corner ===================================

Startpoint: instruction[6] (input port clocked by clk)
Endpoint: _281_ (rising edge-triggered flip-flop clocked by clk)
Path Group: clk
Path Type: max

Fanout         Cap        Slew       Delay        Time   Description
---------------------------------------------------------------------------------------------
                                  0.000000    0.000000   clock clk (rise edge)
                                  0.000000    0.000000   clock network delay (propagated)
                                  3.000000    3.000000 ^ input external delay
     2    0.003712    0.023685    0.013484    3.013484 ^ instruction[6] (in)
                                                         instruction[6] (net)
                      0.023685    0.000000    3.013484 ^ input7/A (sky130_fd_sc_hd__clkbuf_1)
     2    0.009742    0.121756    0.128225    3.141709 ^ input7/X (sky130_fd_sc_hd__clkbuf_1)
                                                         net7 (net)
                      0.121757    0.000245    3.141955 ^ fanout60/A (sky130_fd_sc_hd__buf_1)
     4    0.012865    0.157683    0.181995    3.323950 ^ fanout60/X (sky130_fd_sc_hd__buf_1)
                                                         net60 (net)
                      0.157683    0.000201    3.324151 ^ fanout59/A (sky130_fd_sc_hd__buf_1)
     4    0.010864    0.134859    0.171366    3.495517 ^ fanout59/X (sky130_fd_sc_hd__buf_1)
                                                         net59 (net)
                      0.134859    0.000098    3.495615 ^ _137_/B (sky130_fd_sc_hd__nand3b_1)
     2    0.006207    0.085991    0.114938    3.610554 v _137_/Y (sky130_fd_sc_hd__nand3b_1)
                                                         _041_ (net)
                      0.085991    0.000087    3.610640 v fanout53/A (sky130_fd_sc_hd__buf_1)
     4    0.012680    0.079181    0.149715    3.760355 v fanout53/X (sky130_fd_sc_hd__buf_1)
                                                         net53 (net)
                      0.079181    0.000215    3.760570 v _138_/C (sky130_fd_sc_hd__and3_1)
     2    0.005438    0.048029    0.202570    3.963140 v _138_/X (sky130_fd_sc_hd__and3_1)
                                                         _042_ (net)
                      0.048029    0.000044    3.963184 v _141_/B (sky130_fd_sc_hd__or3_1)
     2    0.004755    0.075751    0.355835    4.319019 v _141_/X (sky130_fd_sc_hd__or3_1)
                                                         _045_ (net)
                      0.075751    0.000030    4.319050 v _148_/A1 (sky130_fd_sc_hd__a21o_1)
     3    0.009883    0.062028    0.195033    4.514082 v _148_/X (sky130_fd_sc_hd__a21o_1)
                                                         _051_ (net)
                      0.062028    0.000226    4.514309 v _173_/A1 (sky130_fd_sc_hd__a31o_1)
     3    0.011129    0.072172    0.214879    4.729188 v _173_/X (sky130_fd_sc_hd__a31o_1)
                                                         _074_ (net)
                      0.072172    0.000171    4.729359 v _174_/B (sky130_fd_sc_hd__xor2_1)
     1    0.002199    0.064550    0.142564    4.871923 v _174_/X (sky130_fd_sc_hd__xor2_1)
                                                         _075_ (net)
                      0.064550    0.000012    4.871935 v _175_/A1 (sky130_fd_sc_hd__mux2_1)
     1    0.002038    0.051163    0.286543    5.158479 v _175_/X (sky130_fd_sc_hd__mux2_1)
                                                         _076_ (net)
                      0.051163    0.000017    5.158495 v _176_/A1 (sky130_fd_sc_hd__mux2_1)
     1    0.002274    0.052006    0.284144    5.442640 v _176_/X (sky130_fd_sc_hd__mux2_1)
                                                         _077_ (net)
                      0.052006    0.000023    5.442662 v _177_/B (sky130_fd_sc_hd__and2_1)
     1    0.002116    0.032267    0.149034    5.591697 v _177_/X (sky130_fd_sc_hd__and2_1)
                                                         _021_ (net)
                      0.032267    0.000020    5.591716 v _281_/D (sky130_fd_sc_hd__dfxtp_1)
                                              5.591716   data arrival time

                                 15.000000   15.000000   clock clk (rise edge)
                                  0.000000   15.000000   clock source latency
     2    0.015871    0.077285    0.052735   15.052734 ^ clk (in)
                                                         clk (net)
                      0.077287    0.000000   15.052734 ^ clkbuf_0_clk/A (sky130_fd_sc_hd__clkbuf_16)
     2    0.018340    0.040461    0.135714   15.188448 ^ clkbuf_0_clk/X (sky130_fd_sc_hd__clkbuf_16)
                                                         clknet_0_clk (net)
                      0.040461    0.000115   15.188563 ^ clkbuf_1_0__f_clk/A (sky130_fd_sc_hd__clkbuf_16)
    13    0.040387    0.060097    0.140540   15.329103 ^ clkbuf_1_0__f_clk/X (sky130_fd_sc_hd__clkbuf_16)
                                                         clknet_1_0__leaf_clk (net)
                      0.060098    0.000297   15.329400 ^ _281_/CLK (sky130_fd_sc_hd__dfxtp_1)
                                 -0.250000   15.079401   clock uncertainty
                                  0.000000   15.079401   clock reconvergence pessimism
                                 -0.101418   14.977983   library setup time
                                             14.977983   data required time
---------------------------------------------------------------------------------------------
                                             14.977983   data required time
                                             -5.591716   data arrival time
---------------------------------------------------------------------------------------------
                                              9.386268   slack (MET)




===========================================================================
report_checks --slack_max -0.01
============================================================================
======================= min_tt_025C_1v80 Corner ===================================

No paths found.


===========================================================================
 report_check_types -max_slew -max_cap -max_fanout -violators
============================================================================
======================= min_tt_025C_1v80 Corner ===================================

max fanout

Pin                                   Limit Fanout  Slack
---------------------------------------------------------
clkbuf_1_0__f_clk/X                       4     13     -9 (VIOLATED)
clkbuf_1_1__f_clk/X                       4     13     -9 (VIOLATED)



===========================================================================
report_parasitic_annotation -report_unannotated
============================================================================
Found 1 unannotated drivers.
 clkload0/X
Found 0 partially unannotated drivers.

===========================================================================
max slew violation count 0
max fanout violation count 2
max cap violation count 0
============================================================================

===========================================================================
check_setup -verbose -unconstrained_endpoints -multiple_clock -no_clock -no_input_delay -loops -generated_clocks
===========================================================================
