Clock: clk
Sources: clk 
Generated: no
Virtual: yes
Propagated: no
Period: 15.000000

===========================================================================
report_clock_properties
============================================================================
Clock                   Period          Waveform
----------------------------------------------------
clk                  15.000000    0.000000  7.500000

===========================================================================
report_clock_latency
============================================================================
Clock clk
rise -> rise
    min     max
0.000000 0.000000 source latency
0.326786         network latency _282_/CLK
        0.329845 network latency _284_/CLK
---------------
0.326786 0.329845 latency
        0.003058 skew

fall -> fall
    min     max
0.000000 0.000000 source latency
0.315634         network latency _282_/CLK
        0.318041 network latency _284_/CLK
---------------
0.315634 0.318041 latency
        0.002407 skew



===========================================================================
report_clock_min_period
============================================================================
clk period_min = 2.93 fmax = 340.85
