
===========================================================================
report_checks -path_delay min (Hold)
============================================================================
======================= max_ff_n40C_1v95 Corner ===================================

Startpoint: I[3] (input port clocked by clk)
Endpoint: cout (output port clocked by clk)
Path Group: clk
Path Type: min

Fanout         Cap        Slew       Delay        Time   Description
---------------------------------------------------------------------------------------------
                                  0.000000    0.000000   clock clk (rise edge)
                                  0.000000    0.000000   clock network delay (propagated)
                                  2.000000    2.000000 v input external delay
     2    0.003792    0.006172    0.003197    2.003197 v I[3] (in)
                                                         I[3] (net)
                      0.006181    0.000000    2.003197 v input1/A (sky130_fd_sc_hd__clkbuf_1)
     1    0.002487    0.017262    0.045823    2.049020 v input1/X (sky130_fd_sc_hd__clkbuf_1)
                                                         net1 (net)
                      0.017263    0.000167    2.049186 v _0_/A (sky130_fd_sc_hd__and2_1)
     1    0.007011    0.035781    0.091609    2.140795 v _0_/X (sky130_fd_sc_hd__and2_1)
                                                         net3 (net)
                      0.035785    0.000413    2.141209 v output3/A (sky130_fd_sc_hd__buf_2)
     1    0.034449    0.063047    0.119091    2.260300 v output3/X (sky130_fd_sc_hd__buf_2)
                                                         cout (net)
                      0.063098    0.001610    2.261909 v cout (out)
                                              2.261909   data arrival time

                                  0.000000    0.000000   clock clk (rise edge)
                                  0.000000    0.000000   clock network delay (propagated)
                                  0.250000    0.250000   clock uncertainty
                                  0.000000    0.250000   clock reconvergence pessimism
                                 -2.000000   -1.750000   output external delay
                                             -1.750000   data required time
---------------------------------------------------------------------------------------------
                                             -1.750000   data required time
                                             -2.261909   data arrival time
---------------------------------------------------------------------------------------------
                                              4.011909   slack (MET)



