Reading OpenROAD database at '/home/yaser/CMOS_Tapeouts/nano_cpu/runs/RUN_2026-04-05_19-43-06/23-openroad-globalplacementskipio/nano_cpu.odb'…
Reading library file at '/home/yaser/.volare/volare/sky130/versions/0fe599b2afb6708d281543108caf8310912f54af/sky130A/libs.ref/sky130_fd_sc_hd/lib/sky130_fd_sc_hd__tt_025C_1v80.lib'…
Reading design constraints file at '/nix/store/ss2cw3sxbrwwx9jl0rrppbw4kgcmgi2n-python3-3.11.9-env/lib/python3.11/site-packages/openlane/scripts/base.sdc'…
[INFO] Using clock clk…
[INFO] Setting output delay to: 3.0
[INFO] Setting input delay to: 3.0
[INFO] Setting load to: 0.033442
[INFO] Setting clock uncertainty to: 0.25
[INFO] Setting clock transition to: 0.1499999999999999944488848768742172978818416595458984375
[INFO] Setting timing derate to: 5%
[INFO] place_pins args: -min_distance 3
Found 0 macro blocks.
[INFO PPL-0010] Tentative 0 to set up sections.
[INFO PPL-0001] Number of slots           100
[INFO PPL-0002] Number of I/O             26
[INFO PPL-0003] Number of I/O w/sink      26
[INFO PPL-0004] Number of I/O w/o sink    0
[INFO PPL-0005] Slots per section         200
[INFO PPL-0006] Slots increase factor     0.01
[INFO PPL-0008] Successfully assigned pins to sections.
[INFO PPL-0012] I/O nets HPWL: 877.79 um.
Setting global connections for newly added cells…
[INFO] Setting global connections...
Updating metrics…
Cell type report:                       Count       Area
  Fill cell                                48     180.17
  Tap cell                                 52      65.06
  Inverter                                  5      18.77
  Sequential cell                          25     531.76
  Multi-Input combinational cell          125    1164.87
  Total                                   255    1960.63
Writing OpenROAD database to '/home/yaser/CMOS_Tapeouts/nano_cpu/runs/RUN_2026-04-05_19-43-06/24-openroad-ioplacement/nano_cpu.odb'…
Writing netlist to '/home/yaser/CMOS_Tapeouts/nano_cpu/runs/RUN_2026-04-05_19-43-06/24-openroad-ioplacement/nano_cpu.nl.v'…
Writing powered netlist to '/home/yaser/CMOS_Tapeouts/nano_cpu/runs/RUN_2026-04-05_19-43-06/24-openroad-ioplacement/nano_cpu.pnl.v'…
Writing layout to '/home/yaser/CMOS_Tapeouts/nano_cpu/runs/RUN_2026-04-05_19-43-06/24-openroad-ioplacement/nano_cpu.def'…
Writing timing constraints to '/home/yaser/CMOS_Tapeouts/nano_cpu/runs/RUN_2026-04-05_19-43-06/24-openroad-ioplacement/nano_cpu.sdc'…
