Clock: clk
Sources: clk 
Generated: no
Virtual: yes
Propagated: no
Period: 10.000000

===========================================================================
report_clock_properties
============================================================================
Clock                   Period          Waveform
----------------------------------------------------
clk                  10.000000    0.000000  5.000000

===========================================================================
report_clock_latency
============================================================================
Clock clk
rise -> rise
    min     max
0.000000 0.000000 source latency
0.182600         network latency _8_/CLK
        0.182645 network latency _9_/CLK
---------------
0.182600 0.182645 latency
        0.000046 skew

fall -> fall
    min     max
0.000000 0.000000 source latency
0.184136         network latency _8_/CLK
        0.184178 network latency _9_/CLK
---------------
0.184136 0.184178 latency
        0.000043 skew



===========================================================================
report_clock_min_period
============================================================================
clk period_min = 1.42 fmax = 703.81
