Reading OpenROAD database at '/home/yaser/CMOS_Tapeouts/nano_cpu/runs/RUN_2026-04-05_19-43-06/24-openroad-ioplacement/nano_cpu.odb'…
Reading library file at '/home/yaser/.volare/volare/sky130/versions/0fe599b2afb6708d281543108caf8310912f54af/sky130A/libs.ref/sky130_fd_sc_hd/lib/sky130_fd_sc_hd__tt_025C_1v80.lib'…
Reading design constraints file at '/nix/store/ss2cw3sxbrwwx9jl0rrppbw4kgcmgi2n-python3-3.11.9-env/lib/python3.11/site-packages/openlane/scripts/base.sdc'…
[INFO] Using clock clk…
[INFO] Setting output delay to: 3.0
[INFO] Setting input delay to: 3.0
[INFO] Setting load to: 0.033442
[INFO] Setting clock uncertainty to: 0.25
[INFO] Setting clock transition to: 0.1499999999999999944488848768742172978818416595458984375
[INFO] Setting timing derate to: 5%
[INFO] Setting RC values…
[INFO] Setting signal min routing layer to: met1 and clock min routing layer to met1. 
[INFO] Setting signal max routing layer to: met5 and clock max routing layer to met5. 
+ global_placement -density 0.45 -timing_driven -routability_driven -pad_right 0 -pad_left 0 -init_wirelength_coef 0.25
[INFO GPL-0002] DBU: 1000
[INFO GPL-0003] SiteSize: (  0.460  2.720 ) um
[INFO GPL-0004] CoreBBox: (  5.520 10.880 ) ( 70.840 76.160 ) um
[INFO GPL-0006] NumInstances:               255
[INFO GPL-0007] NumPlaceInstances:          155
[INFO GPL-0008] NumFixedInstances:          100
[INFO GPL-0009] NumDummyInstances:            0
[INFO GPL-0010] NumNets:                    165
[INFO GPL-0011] NumPins:                    587
[INFO GPL-0012] DieBBox:  (  0.000  0.000 ) ( 76.525 87.245 ) um
[INFO GPL-0013] CoreBBox: (  5.520 10.880 ) ( 70.840 76.160 ) um
[INFO GPL-0016] CoreArea:              4264.090 um^2
[INFO GPL-0017] NonPlaceInstsArea:      245.235 um^2
[INFO GPL-0018] PlaceInstsArea:        1715.395 um^2
[INFO GPL-0019] Util:                    42.684 %
[INFO GPL-0020] StdInstsArea:          1715.395 um^2
[INFO GPL-0021] MacroInstsArea:           0.000 um^2
[InitialPlace]  Iter: 1 CG residual: 0.00000011 HPWL: 3545778
[InitialPlace]  Iter: 2 CG residual: 0.00000007 HPWL: 2589829
[InitialPlace]  Iter: 3 CG residual: 0.00000008 HPWL: 2534938
[InitialPlace]  Iter: 4 CG residual: 0.00000009 HPWL: 2524780
[InitialPlace]  Iter: 5 CG residual: 0.00000007 HPWL: 2524268
[INFO GPL-0031] FillerInit:NumGCells:       163
[INFO GPL-0032] FillerInit:NumGNets:        165
[INFO GPL-0033] FillerInit:NumGPins:        587
[INFO GPL-0023] TargetDensity:            0.450
[INFO GPL-0024] AvrgPlaceInstArea:       11.067 um^2
[INFO GPL-0025] IdealBinArea:            24.593 um^2
[INFO GPL-0026] IdealBinCnt:                173
[INFO GPL-0027] TotalBinArea:          4264.090 um^2
[INFO GPL-0028] BinCnt:         8      8
[INFO GPL-0029] BinSize: (  8.165  8.160 )
[INFO GPL-0030] NumBins: 64
[NesterovSolve] Iter:    1 overflow: 0.808 HPWL: 1579827
[INFO GPL-0100] Timing-driven: executing resizer for reweighting nets.
[INFO GPL-0101] Timing-driven: worst slack 9.59e-09
[INFO GPL-0103] Timing-driven: weighted 16 nets.
[INFO GPL-0100] Timing-driven: executing resizer for reweighting nets.
[INFO GPL-0101] Timing-driven: worst slack 9.54e-09
[INFO GPL-0103] Timing-driven: weighted 16 nets.
[NesterovSolve] Iter:   10 overflow: 0.623 HPWL: 1723867
[NesterovSolve] Snapshot saved at iter = 17
[NesterovSolve] Iter:   20 overflow: 0.582 HPWL: 1757171
[NesterovSolve] Iter:   30 overflow: 0.574 HPWL: 1774407
[NesterovSolve] Iter:   40 overflow: 0.564 HPWL: 1779214
[NesterovSolve] Iter:   50 overflow: 0.569 HPWL: 1776156
[NesterovSolve] Iter:   60 overflow: 0.573 HPWL: 1768018
[NesterovSolve] Iter:   70 overflow: 0.574 HPWL: 1765539
[NesterovSolve] Iter:   80 overflow: 0.573 HPWL: 1769646
[NesterovSolve] Iter:   90 overflow: 0.571 HPWL: 1772301
[NesterovSolve] Iter:  100 overflow: 0.571 HPWL: 1772453
[NesterovSolve] Iter:  110 overflow: 0.572 HPWL: 1771021
[NesterovSolve] Iter:  120 overflow: 0.572 HPWL: 1770431
[NesterovSolve] Iter:  130 overflow: 0.572 HPWL: 1772385
[NesterovSolve] Iter:  140 overflow: 0.571 HPWL: 1775692
[NesterovSolve] Iter:  150 overflow: 0.569 HPWL: 1779342
[NesterovSolve] Iter:  160 overflow: 0.567 HPWL: 1783778
[NesterovSolve] Iter:  170 overflow: 0.563 HPWL: 1790048
[NesterovSolve] Iter:  180 overflow: 0.554 HPWL: 1800217
[NesterovSolve] Iter:  190 overflow: 0.535 HPWL: 1815102
[NesterovSolve] Iter:  200 overflow: 0.522 HPWL: 1832286
[NesterovSolve] Iter:  210 overflow: 0.505 HPWL: 1859886
[INFO GPL-0100] Timing-driven: executing resizer for reweighting nets.
[INFO GPL-0101] Timing-driven: worst slack 9.5e-09
[INFO GPL-0103] Timing-driven: weighted 16 nets.
[NesterovSolve] Iter:  220 overflow: 0.479 HPWL: 1887355
[NesterovSolve] Iter:  230 overflow: 0.467 HPWL: 1921645
[NesterovSolve] Iter:  240 overflow: 0.438 HPWL: 1979970
[NesterovSolve] Iter:  250 overflow: 0.409 HPWL: 2030084
[NesterovSolve] Iter:  260 overflow: 0.369 HPWL: 2077717
[NesterovSolve] Iter:  270 overflow: 0.328 HPWL: 2113887
[INFO GPL-0075] Routability numCall: 1 inflationIterCnt: 1 bloatIterCnt: 0
[INFO GPL-0036] TileBBox: (    0    0 ) ( 6900 6900 ) DBU
[INFO GPL-0038] TileCnt:      11   12
[INFO GPL-0040] NumTiles: 132
[INFO GPL-0081] TotalRouteOverflow: 0
[INFO GPL-0082] OverflowTileCnt: 0
[INFO GPL-0083] 0.5%RC: 0.7330584526062012
[INFO GPL-0084] 1.0%RC: 0.7268651127815247
[INFO GPL-0085] 2.0%RC: 0.7200151681900024
[INFO GPL-0086] 5.0%RC: 0.6919096112251282
[INFO GPL-0087] FinalRC: 0.72996175
[INFO GPL-0077] FinalRC lower than targetRC(1.01), routability not needed.
[NesterovSolve] Iter:  280 overflow: 0.296 HPWL: 2148143
[INFO GPL-0100] Timing-driven: executing resizer for reweighting nets.
[INFO GPL-0101] Timing-driven: worst slack 9.67e-09
[INFO GPL-0103] Timing-driven: weighted 13 nets.
[NesterovSolve] Iter:  290 overflow: 0.255 HPWL: 2194761
[NesterovSolve] Iter:  300 overflow: 0.229 HPWL: 2200198
[INFO GPL-0100] Timing-driven: executing resizer for reweighting nets.
[INFO GPL-0101] Timing-driven: worst slack 9.63e-09
[INFO GPL-0103] Timing-driven: weighted 16 nets.
[NesterovSolve] Iter:  310 overflow: 0.198 HPWL: 2237094
[NesterovSolve] Iter:  320 overflow: 0.164 HPWL: 2270166
[INFO GPL-0100] Timing-driven: executing resizer for reweighting nets.
[INFO GPL-0101] Timing-driven: worst slack 9.55e-09
[INFO GPL-0103] Timing-driven: weighted 15 nets.
[NesterovSolve] Iter:  330 overflow: 0.137 HPWL: 2293398
[NesterovSolve] Iter:  340 overflow: 0.109 HPWL: 2316717
[NesterovSolve] Finished with Overflow: 0.099960
[INFO] Setting RC values…
Setting global connections for newly added cells…
[INFO] Setting global connections...
Updating metrics…
Cell type report:                       Count       Area
  Fill cell                                48     180.17
  Tap cell                                 52      65.06
  Inverter                                  5      18.77
  Sequential cell                          25     531.76
  Multi-Input combinational cell          125    1164.87
  Total                                   255    1960.63
Writing OpenROAD database to '/home/yaser/CMOS_Tapeouts/nano_cpu/runs/RUN_2026-04-05_19-43-06/27-openroad-globalplacement/nano_cpu.odb'…
Writing netlist to '/home/yaser/CMOS_Tapeouts/nano_cpu/runs/RUN_2026-04-05_19-43-06/27-openroad-globalplacement/nano_cpu.nl.v'…
Writing powered netlist to '/home/yaser/CMOS_Tapeouts/nano_cpu/runs/RUN_2026-04-05_19-43-06/27-openroad-globalplacement/nano_cpu.pnl.v'…
Writing layout to '/home/yaser/CMOS_Tapeouts/nano_cpu/runs/RUN_2026-04-05_19-43-06/27-openroad-globalplacement/nano_cpu.def'…
Writing timing constraints to '/home/yaser/CMOS_Tapeouts/nano_cpu/runs/RUN_2026-04-05_19-43-06/27-openroad-globalplacement/nano_cpu.sdc'…
