
===========================================================================
report_checks -path_delay max (Setup)
============================================================================
======================= nom_ss_100C_1v60 Corner ===================================

Startpoint: cin (input port clocked by clk)
Endpoint: cout (output port clocked by clk)
Path Group: clk
Path Type: max

Fanout         Cap        Slew       Delay        Time   Description
---------------------------------------------------------------------------------------------
                                  0.000000    0.000000   clock clk (rise edge)
                                  0.000000    0.000000   clock network delay (propagated)
                                  2.000000    2.000000 v input external delay
     2    0.003689    0.021910    0.012026    2.012026 v cin (in)
                                                         cin (net)
                      0.021910    0.000000    2.012026 v input2/A (sky130_fd_sc_hd__clkbuf_1)
     1    0.001921    0.041812    0.129972    2.141999 v input2/X (sky130_fd_sc_hd__clkbuf_1)
                                                         net2 (net)
                      0.041812    0.000038    2.142037 v _0_/B (sky130_fd_sc_hd__and2_1)
     1    0.006687    0.098844    0.334347    2.476383 v _0_/X (sky130_fd_sc_hd__and2_1)
                                                         net3 (net)
                      0.098844    0.000227    2.476611 v output3/A (sky130_fd_sc_hd__buf_2)
     1    0.034393    0.166410    0.358599    2.835210 v output3/X (sky130_fd_sc_hd__buf_2)
                                                         cout (net)
                      0.166411    0.000748    2.835958 v cout (out)
                                              2.835958   data arrival time

                                 10.000000   10.000000   clock clk (rise edge)
                                  0.000000   10.000000   clock network delay (propagated)
                                 -0.250000    9.750000   clock uncertainty
                                  0.000000    9.750000   clock reconvergence pessimism
                                 -2.000000    7.750000   output external delay
                                              7.750000   data required time
---------------------------------------------------------------------------------------------
                                              7.750000   data required time
                                             -2.835958   data arrival time
---------------------------------------------------------------------------------------------
                                              4.914042   slack (MET)



