
===========================================================================
report_checks -path_delay min (Hold)
============================================================================
======================= nom_ss_100C_1v60 Corner ===================================

Startpoint: I[3] (input port clocked by clk)
Endpoint: cout (output port clocked by clk)
Path Group: clk
Path Type: min

Fanout         Cap        Slew       Delay        Time   Description
---------------------------------------------------------------------------------------------
                                  0.000000    0.000000   clock clk (rise edge)
                                  0.000000    0.000000   clock network delay (propagated)
                                  2.000000    2.000000 ^ input external delay
     2    0.004006    0.040363    0.022149    2.022149 ^ I[3] (in)
                                                         I[3] (net)
                      0.040363    0.000000    2.022149 ^ input1/A (sky130_fd_sc_hd__clkbuf_1)
     1    0.002295    0.063950    0.130173    2.152322 ^ input1/X (sky130_fd_sc_hd__clkbuf_1)
                                                         net1 (net)
                      0.063950    0.000067    2.152389 ^ _0_/A (sky130_fd_sc_hd__and2_1)
     1    0.006815    0.133517    0.259013    2.411403 ^ _0_/X (sky130_fd_sc_hd__and2_1)
                                                         net3 (net)
                      0.133517    0.000236    2.411638 ^ output3/A (sky130_fd_sc_hd__buf_2)
     1    0.034393    0.273205    0.373802    2.785440 ^ output3/X (sky130_fd_sc_hd__buf_2)
                                                         cout (net)
                      0.273205    0.000748    2.786188 ^ cout (out)
                                              2.786188   data arrival time

                                  0.000000    0.000000   clock clk (rise edge)
                                  0.000000    0.000000   clock network delay (propagated)
                                  0.250000    0.250000   clock uncertainty
                                  0.000000    0.250000   clock reconvergence pessimism
                                 -2.000000   -1.750000   output external delay
                                             -1.750000   data required time
---------------------------------------------------------------------------------------------
                                             -1.750000   data required time
                                             -2.786188   data arrival time
---------------------------------------------------------------------------------------------
                                              4.536188   slack (MET)



