Clock: clk
Sources: clk 
Generated: no
Virtual: yes
Propagated: no
Period: 10.000000

===========================================================================
report_clock_properties
============================================================================
Clock                   Period          Waveform
----------------------------------------------------
clk                  10.000000    0.000000  5.000000

===========================================================================
report_clock_latency
============================================================================
Clock clk
rise -> rise
    min     max
0.000000 0.000000 source latency
0.263464         network latency _22_/CLK
        0.264048 network latency _23_/CLK
---------------
0.263464 0.264048 latency
        0.000584 skew

fall -> fall
    min     max
0.000000 0.000000 source latency
0.273273         network latency _22_/CLK
        0.273804 network latency _23_/CLK
---------------
0.273273 0.273804 latency
        0.000531 skew



===========================================================================
report_clock_min_period
============================================================================
clk period_min = 1.52 fmax = 658.07
