Clock: clk
Sources: clk 
Generated: no
Virtual: yes
Propagated: no
Period: 10.000000

===========================================================================
report_clock_properties
============================================================================
Clock                   Period          Waveform
----------------------------------------------------
clk                  10.000000    0.000000  5.000000

===========================================================================
report_clock_latency
============================================================================
Clock clk
rise -> rise
    min     max
0.000000 0.000000 source latency
0.183350         network latency _22_/CLK
        0.184555 network latency _23_/CLK
---------------
0.183350 0.184555 latency
        0.001205 skew

fall -> fall
    min     max
0.000000 0.000000 source latency
0.185019         network latency _22_/CLK
        0.186125 network latency _23_/CLK
---------------
0.185019 0.186125 latency
        0.001106 skew



===========================================================================
report_clock_min_period
============================================================================
clk period_min = 1.08 fmax = 923.73
