Clock: clk
Sources: clk 
Generated: no
Virtual: yes
Propagated: no
Period: 15.000000

===========================================================================
report_clock_properties
============================================================================
Clock                   Period          Waveform
----------------------------------------------------
clk                  15.000000    0.000000  7.500000

===========================================================================
report_clock_latency
============================================================================
Clock clk
rise -> rise
    min     max
0.000000 0.000000 source latency
0.337284         network latency _282_/CLK
        0.342090 network latency _284_/CLK
---------------
0.337284 0.342090 latency
        0.004805 skew

fall -> fall
    min     max
0.000000 0.000000 source latency
0.322448         network latency _282_/CLK
        0.326339 network latency _284_/CLK
---------------
0.322448 0.326339 latency
        0.003891 skew



===========================================================================
report_clock_min_period
============================================================================
clk period_min = 3.01 fmax = 332.43
