Clock: clk
Sources: clk 
Generated: no
Virtual: yes
Propagated: no
Period: 10.000000

===========================================================================
report_clock_properties
============================================================================
Clock                   Period          Waveform
----------------------------------------------------
clk                  10.000000    0.000000  5.000000

===========================================================================
report_clock_latency
============================================================================
Clock clk
rise -> rise
    min     max
0.000000 0.000000 source latency
0.272449         network latency _8_/CLK
        0.272934 network latency _9_/CLK
---------------
0.272449 0.272934 latency
        0.000486 skew

fall -> fall
    min     max
0.000000 0.000000 source latency
0.278364         network latency _8_/CLK
        0.278806 network latency _9_/CLK
---------------
0.278364 0.278806 latency
        0.000442 skew



===========================================================================
report_clock_min_period
============================================================================
clk period_min = 2.05 fmax = 488.08
