
===========================================================================
report_checks -path_delay max (Setup)
============================================================================
======================= nom_tt_025C_1v80 Corner ===================================

Startpoint: _9_ (rising edge-triggered flip-flop clocked by clk)
Endpoint: busy (output port clocked by clk)
Path Group: clk
Path Type: max

Fanout         Cap        Slew       Delay        Time   Description
---------------------------------------------------------------------------------------------
                                  0.000000    0.000000   clock clk (rise edge)
                                  0.000000    0.000000   clock source latency
     1    0.011035    0.056046    0.037442    0.037442 ^ clk (in)
                                                         clk (net)
                      0.056048    0.000000    0.037442 ^ clkbuf_0_clk/A (sky130_fd_sc_hd__clkbuf_16)
     2    0.018507    0.040576    0.127921    0.165362 ^ clkbuf_0_clk/X (sky130_fd_sc_hd__clkbuf_16)
                                                         clknet_0_clk (net)
                      0.040578    0.000482    0.165845 ^ clkbuf_1_1__f_clk/A (sky130_fd_sc_hd__clkbuf_16)
     1    0.003380    0.027264    0.106977    0.272822 ^ clkbuf_1_1__f_clk/X (sky130_fd_sc_hd__clkbuf_16)
                                                         clknet_1_1__leaf_clk (net)
                      0.027265    0.000113    0.272934 ^ _9_/CLK (sky130_fd_sc_hd__dfrtp_1)
     5    0.015385    0.094413    0.406753    0.679687 v _9_/Q (sky130_fd_sc_hd__dfrtp_1)
                                                         net6 (net)
                      0.094414    0.000498    0.680186 v _3_/B (sky130_fd_sc_hd__or2_1)
     1    0.003155    0.049923    0.222924    0.903110 v _3_/X (sky130_fd_sc_hd__or2_1)
                                                         net3 (net)
                      0.049923    0.000103    0.903213 v output3/A (sky130_fd_sc_hd__buf_2)
     1    0.034254    0.089509    0.182091    1.085304 v output3/X (sky130_fd_sc_hd__buf_2)
                                                         busy (net)
                      0.089516    0.000784    1.086088 v busy (out)
                                              1.086088   data arrival time

                                 10.000000   10.000000   clock clk (rise edge)
                                  0.000000   10.000000   clock network delay (propagated)
                                 -0.250000    9.750000   clock uncertainty
                                  0.000000    9.750000   clock reconvergence pessimism
                                 -2.000000    7.750000   output external delay
                                              7.750000   data required time
---------------------------------------------------------------------------------------------
                                              7.750000   data required time
                                             -1.086088   data arrival time
---------------------------------------------------------------------------------------------
                                              6.663912   slack (MET)


Startpoint: _9_ (rising edge-triggered flip-flop clocked by clk)
Endpoint: done (output port clocked by clk)
Path Group: clk
Path Type: max

Fanout         Cap        Slew       Delay        Time   Description
---------------------------------------------------------------------------------------------
                                  0.000000    0.000000   clock clk (rise edge)
                                  0.000000    0.000000   clock source latency
     1    0.011035    0.056046    0.037442    0.037442 ^ clk (in)
                                                         clk (net)
                      0.056048    0.000000    0.037442 ^ clkbuf_0_clk/A (sky130_fd_sc_hd__clkbuf_16)
     2    0.018507    0.040576    0.127921    0.165362 ^ clkbuf_0_clk/X (sky130_fd_sc_hd__clkbuf_16)
                                                         clknet_0_clk (net)
                      0.040578    0.000482    0.165845 ^ clkbuf_1_1__f_clk/A (sky130_fd_sc_hd__clkbuf_16)
     1    0.003380    0.027264    0.106977    0.272822 ^ clkbuf_1_1__f_clk/X (sky130_fd_sc_hd__clkbuf_16)
                                                         clknet_1_1__leaf_clk (net)
                      0.027265    0.000113    0.272934 ^ _9_/CLK (sky130_fd_sc_hd__dfrtp_1)
     5    0.015385    0.094413    0.406753    0.679687 v _9_/Q (sky130_fd_sc_hd__dfrtp_1)
                                                         net6 (net)
                      0.094414    0.000503    0.680190 v _4_/B (sky130_fd_sc_hd__and2_1)
     1    0.002818    0.035104    0.172661    0.852851 v _4_/X (sky130_fd_sc_hd__and2_1)
                                                         net4 (net)
                      0.035104    0.000090    0.852942 v output4/A (sky130_fd_sc_hd__buf_2)
     1    0.035162    0.091706    0.177138    1.030080 v output4/X (sky130_fd_sc_hd__buf_2)
                                                         done (net)
                      0.091721    0.001124    1.031204 v done (out)
                                              1.031204   data arrival time

                                 10.000000   10.000000   clock clk (rise edge)
                                  0.000000   10.000000   clock network delay (propagated)
                                 -0.250000    9.750000   clock uncertainty
                                  0.000000    9.750000   clock reconvergence pessimism
                                 -2.000000    7.750000   output external delay
                                              7.750000   data required time
---------------------------------------------------------------------------------------------
                                              7.750000   data required time
                                             -1.031204   data arrival time
---------------------------------------------------------------------------------------------
                                              6.718795   slack (MET)


Startpoint: _9_ (rising edge-triggered flip-flop clocked by clk)
Endpoint: state_out[1] (output port clocked by clk)
Path Group: clk
Path Type: max

Fanout         Cap        Slew       Delay        Time   Description
---------------------------------------------------------------------------------------------
                                  0.000000    0.000000   clock clk (rise edge)
                                  0.000000    0.000000   clock source latency
     1    0.011035    0.056046    0.037442    0.037442 ^ clk (in)
                                                         clk (net)
                      0.056048    0.000000    0.037442 ^ clkbuf_0_clk/A (sky130_fd_sc_hd__clkbuf_16)
     2    0.018507    0.040576    0.127921    0.165362 ^ clkbuf_0_clk/X (sky130_fd_sc_hd__clkbuf_16)
                                                         clknet_0_clk (net)
                      0.040578    0.000482    0.165845 ^ clkbuf_1_1__f_clk/A (sky130_fd_sc_hd__clkbuf_16)
     1    0.003380    0.027264    0.106977    0.272822 ^ clkbuf_1_1__f_clk/X (sky130_fd_sc_hd__clkbuf_16)
                                                         clknet_1_1__leaf_clk (net)
                      0.027265    0.000113    0.272934 ^ _9_/CLK (sky130_fd_sc_hd__dfrtp_1)
     5    0.016403    0.152831    0.395106    0.668041 ^ _9_/Q (sky130_fd_sc_hd__dfrtp_1)
                                                         net6 (net)
                      0.152831    0.000238    0.668279 ^ output6/A (sky130_fd_sc_hd__buf_2)
     1    0.034193    0.170351    0.234367    0.902646 ^ output6/X (sky130_fd_sc_hd__buf_2)
                                                         state_out[1] (net)
                      0.170354    0.000988    0.903634 ^ state_out[1] (out)
                                              0.903634   data arrival time

                                 10.000000   10.000000   clock clk (rise edge)
                                  0.000000   10.000000   clock network delay (propagated)
                                 -0.250000    9.750000   clock uncertainty
                                  0.000000    9.750000   clock reconvergence pessimism
                                 -2.000000    7.750000   output external delay
                                              7.750000   data required time
---------------------------------------------------------------------------------------------
                                              7.750000   data required time
                                             -0.903634   data arrival time
---------------------------------------------------------------------------------------------
                                              6.846366   slack (MET)


Startpoint: _8_ (rising edge-triggered flip-flop clocked by clk)
Endpoint: state_out[0] (output port clocked by clk)
Path Group: clk
Path Type: max

Fanout         Cap        Slew       Delay        Time   Description
---------------------------------------------------------------------------------------------
                                  0.000000    0.000000   clock clk (rise edge)
                                  0.000000    0.000000   clock source latency
     1    0.011035    0.056046    0.037442    0.037442 ^ clk (in)
                                                         clk (net)
                      0.056048    0.000000    0.037442 ^ clkbuf_0_clk/A (sky130_fd_sc_hd__clkbuf_16)
     2    0.018507    0.040576    0.127921    0.165362 ^ clkbuf_0_clk/X (sky130_fd_sc_hd__clkbuf_16)
                                                         clknet_0_clk (net)
                      0.040578    0.000466    0.165828 ^ clkbuf_1_0__f_clk/A (sky130_fd_sc_hd__clkbuf_16)
     1    0.003003    0.026902    0.106526    0.272354 ^ clkbuf_1_0__f_clk/X (sky130_fd_sc_hd__clkbuf_16)
                                                         clknet_1_0__leaf_clk (net)
                      0.026902    0.000094    0.272449 ^ _8_/CLK (sky130_fd_sc_hd__dfrtp_1)
     5    0.010998    0.108401    0.362313    0.634762 ^ _8_/Q (sky130_fd_sc_hd__dfrtp_1)
                                                         net5 (net)
                      0.108401    0.000332    0.635095 ^ output5/A (sky130_fd_sc_hd__buf_2)
     1    0.034670    0.172443    0.222593    0.857688 ^ output5/X (sky130_fd_sc_hd__buf_2)
                                                         state_out[0] (net)
                      0.172446    0.000931    0.858619 ^ state_out[0] (out)
                                              0.858619   data arrival time

                                 10.000000   10.000000   clock clk (rise edge)
                                  0.000000   10.000000   clock network delay (propagated)
                                 -0.250000    9.750000   clock uncertainty
                                  0.000000    9.750000   clock reconvergence pessimism
                                 -2.000000    7.750000   output external delay
                                              7.750000   data required time
---------------------------------------------------------------------------------------------
                                              7.750000   data required time
                                             -0.858619   data arrival time
---------------------------------------------------------------------------------------------
                                              6.891381   slack (MET)


Startpoint: start (input port clocked by clk)
Endpoint: _8_ (rising edge-triggered flip-flop clocked by clk)
Path Group: clk
Path Type: max

Fanout         Cap        Slew       Delay        Time   Description
---------------------------------------------------------------------------------------------
                                  0.000000    0.000000   clock clk (rise edge)
                                  0.000000    0.000000   clock network delay (propagated)
                                  2.000000    2.000000 v input external delay
     1    0.003582    0.010448    0.005767    2.005767 v start (in)
                                                         start (net)
                      0.010453    0.000000    2.005767 v input2/A (sky130_fd_sc_hd__clkbuf_1)
     1    0.003425    0.029685    0.076091    2.081858 v input2/X (sky130_fd_sc_hd__clkbuf_1)
                                                         net2 (net)
                      0.029685    0.000113    2.081971 v _5_/A2 (sky130_fd_sc_hd__o21ba_1)
     1    0.002796    0.035232    0.156828    2.238799 v _5_/X (sky130_fd_sc_hd__o21ba_1)
                                                         next_state[0] (net)
                      0.035232    0.000089    2.238888 v _8_/D (sky130_fd_sc_hd__dfrtp_1)
                                              2.238888   data arrival time

                                 10.000000   10.000000   clock clk (rise edge)
                                  0.000000   10.000000   clock source latency
     1    0.011035    0.056046    0.037442   10.037442 ^ clk (in)
                                                         clk (net)
                      0.056048    0.000000   10.037442 ^ clkbuf_0_clk/A (sky130_fd_sc_hd__clkbuf_16)
     2    0.018507    0.040576    0.127921   10.165363 ^ clkbuf_0_clk/X (sky130_fd_sc_hd__clkbuf_16)
                                                         clknet_0_clk (net)
                      0.040578    0.000465   10.165829 ^ clkbuf_1_0__f_clk/A (sky130_fd_sc_hd__clkbuf_16)
     1    0.003003    0.026902    0.106526   10.272355 ^ clkbuf_1_0__f_clk/X (sky130_fd_sc_hd__clkbuf_16)
                                                         clknet_1_0__leaf_clk (net)
                      0.026902    0.000094   10.272449 ^ _8_/CLK (sky130_fd_sc_hd__dfrtp_1)
                                 -0.250000   10.022449   clock uncertainty
                                  0.000000   10.022449   clock reconvergence pessimism
                                 -0.114149    9.908300   library setup time
                                              9.908300   data required time
---------------------------------------------------------------------------------------------
                                              9.908300   data required time
                                             -2.238888   data arrival time
---------------------------------------------------------------------------------------------
                                              7.669412   slack (MET)


Startpoint: _8_ (rising edge-triggered flip-flop clocked by clk)
Endpoint: _9_ (rising edge-triggered flip-flop clocked by clk)
Path Group: clk
Path Type: max

Fanout         Cap        Slew       Delay        Time   Description
---------------------------------------------------------------------------------------------
                                  0.000000    0.000000   clock clk (rise edge)
                                  0.000000    0.000000   clock source latency
     1    0.011035    0.056046    0.037442    0.037442 ^ clk (in)
                                                         clk (net)
                      0.056048    0.000000    0.037442 ^ clkbuf_0_clk/A (sky130_fd_sc_hd__clkbuf_16)
     2    0.018507    0.040576    0.127921    0.165362 ^ clkbuf_0_clk/X (sky130_fd_sc_hd__clkbuf_16)
                                                         clknet_0_clk (net)
                      0.040578    0.000466    0.165828 ^ clkbuf_1_0__f_clk/A (sky130_fd_sc_hd__clkbuf_16)
     1    0.003003    0.026902    0.106526    0.272354 ^ clkbuf_1_0__f_clk/X (sky130_fd_sc_hd__clkbuf_16)
                                                         clknet_1_0__leaf_clk (net)
                      0.026902    0.000094    0.272449 ^ _8_/CLK (sky130_fd_sc_hd__dfrtp_1)
     5    0.010303    0.072270    0.386173    0.658621 v _8_/Q (sky130_fd_sc_hd__dfrtp_1)
                                                         net5 (net)
                      0.072270    0.000297    0.658918 v hold1/A (sky130_fd_sc_hd__dlygate4sd3_1)
     1    0.004898    0.063357    0.575181    1.234100 v hold1/X (sky130_fd_sc_hd__dlygate4sd3_1)
                                                         net7 (net)
                      0.063357    0.000119    1.234219 v _6_/A (sky130_fd_sc_hd__xor2_1)
     1    0.002597    0.057460    0.159718    1.393936 v _6_/X (sky130_fd_sc_hd__xor2_1)
                                                         next_state[1] (net)
                      0.057460    0.000060    1.393996 v hold2/A (sky130_fd_sc_hd__dlygate4sd3_1)
     1    0.003017    0.054323    0.555275    1.949271 v hold2/X (sky130_fd_sc_hd__dlygate4sd3_1)
                                                         net8 (net)
                      0.054323    0.000097    1.949368 v _9_/D (sky130_fd_sc_hd__dfrtp_1)
                                              1.949368   data arrival time

                                 10.000000   10.000000   clock clk (rise edge)
                                  0.000000   10.000000   clock source latency
     1    0.011035    0.056046    0.037442   10.037442 ^ clk (in)
                                                         clk (net)
                      0.056048    0.000000   10.037442 ^ clkbuf_0_clk/A (sky130_fd_sc_hd__clkbuf_16)
     2    0.018507    0.040576    0.127921   10.165363 ^ clkbuf_0_clk/X (sky130_fd_sc_hd__clkbuf_16)
                                                         clknet_0_clk (net)
                      0.040578    0.000482   10.165845 ^ clkbuf_1_1__f_clk/A (sky130_fd_sc_hd__clkbuf_16)
     1    0.003380    0.027264    0.106977   10.272822 ^ clkbuf_1_1__f_clk/X (sky130_fd_sc_hd__clkbuf_16)
                                                         clknet_1_1__leaf_clk (net)
                      0.027265    0.000113   10.272935 ^ _9_/CLK (sky130_fd_sc_hd__dfrtp_1)
                                 -0.250000   10.022935   clock uncertainty
                                  0.000000   10.022935   clock reconvergence pessimism
                                 -0.122404    9.900532   library setup time
                                              9.900532   data required time
---------------------------------------------------------------------------------------------
                                              9.900532   data required time
                                             -1.949368   data arrival time
---------------------------------------------------------------------------------------------
                                              7.951163   slack (MET)


Startpoint: rst (input port clocked by clk)
Endpoint: _9_ (recovery check against rising-edge clock clk)
Path Group: asynchronous
Path Type: max

Fanout         Cap        Slew       Delay        Time   Description
---------------------------------------------------------------------------------------------
                                  0.000000    0.000000   clock clk (rise edge)
                                  0.000000    0.000000   clock network delay (propagated)
                                  2.000000    2.000000 v input external delay
     1    0.002458    0.007833    0.003868    2.003868 v rst (in)
                                                         rst (net)
                      0.007833    0.000000    2.003868 v input1/A (sky130_fd_sc_hd__buf_1)
     2    0.011582    0.073262    0.111124    2.114991 v input1/X (sky130_fd_sc_hd__buf_1)
                                                         net1 (net)
                      0.073263    0.000350    2.115341 v _7_/A (sky130_fd_sc_hd__inv_2)
     1    0.005068    0.035812    0.059103    2.174443 ^ _7_/Y (sky130_fd_sc_hd__inv_2)
                                                         _1_ (net)
                      0.035812    0.000111    2.174554 ^ _9_/RESET_B (sky130_fd_sc_hd__dfrtp_1)
                                              2.174554   data arrival time

                                 10.000000   10.000000   clock clk (rise edge)
                                  0.000000   10.000000   clock source latency
     1    0.011035    0.056046    0.037442   10.037442 ^ clk (in)
                                                         clk (net)
                      0.056048    0.000000   10.037442 ^ clkbuf_0_clk/A (sky130_fd_sc_hd__clkbuf_16)
     2    0.018507    0.040576    0.127921   10.165363 ^ clkbuf_0_clk/X (sky130_fd_sc_hd__clkbuf_16)
                                                         clknet_0_clk (net)
                      0.040578    0.000482   10.165845 ^ clkbuf_1_1__f_clk/A (sky130_fd_sc_hd__clkbuf_16)
     1    0.003380    0.027264    0.106977   10.272822 ^ clkbuf_1_1__f_clk/X (sky130_fd_sc_hd__clkbuf_16)
                                                         clknet_1_1__leaf_clk (net)
                      0.027265    0.000113   10.272935 ^ _9_/CLK (sky130_fd_sc_hd__dfrtp_1)
                                 -0.250000   10.022935   clock uncertainty
                                  0.000000   10.022935   clock reconvergence pessimism
                                  0.227280   10.250216   library recovery time
                                             10.250216   data required time
---------------------------------------------------------------------------------------------
                                             10.250216   data required time
                                             -2.174554   data arrival time
---------------------------------------------------------------------------------------------
                                              8.075662   slack (MET)


Startpoint: rst (input port clocked by clk)
Endpoint: _8_ (recovery check against rising-edge clock clk)
Path Group: asynchronous
Path Type: max

Fanout         Cap        Slew       Delay        Time   Description
---------------------------------------------------------------------------------------------
                                  0.000000    0.000000   clock clk (rise edge)
                                  0.000000    0.000000   clock network delay (propagated)
                                  2.000000    2.000000 v input external delay
     1    0.002458    0.007833    0.003868    2.003868 v rst (in)
                                                         rst (net)
                      0.007833    0.000000    2.003868 v input1/A (sky130_fd_sc_hd__buf_1)
     2    0.011582    0.073262    0.111124    2.114991 v input1/X (sky130_fd_sc_hd__buf_1)
                                                         net1 (net)
                      0.073263    0.000384    2.115375 v _2_/A (sky130_fd_sc_hd__inv_2)
     1    0.004268    0.032963    0.056342    2.171718 ^ _2_/Y (sky130_fd_sc_hd__inv_2)
                                                         _0_ (net)
                      0.032963    0.000099    2.171816 ^ _8_/RESET_B (sky130_fd_sc_hd__dfrtp_1)
                                              2.171816   data arrival time

                                 10.000000   10.000000   clock clk (rise edge)
                                  0.000000   10.000000   clock source latency
     1    0.011035    0.056046    0.037442   10.037442 ^ clk (in)
                                                         clk (net)
                      0.056048    0.000000   10.037442 ^ clkbuf_0_clk/A (sky130_fd_sc_hd__clkbuf_16)
     2    0.018507    0.040576    0.127921   10.165363 ^ clkbuf_0_clk/X (sky130_fd_sc_hd__clkbuf_16)
                                                         clknet_0_clk (net)
                      0.040578    0.000465   10.165829 ^ clkbuf_1_0__f_clk/A (sky130_fd_sc_hd__clkbuf_16)
     1    0.003003    0.026902    0.106526   10.272355 ^ clkbuf_1_0__f_clk/X (sky130_fd_sc_hd__clkbuf_16)
                                                         clknet_1_0__leaf_clk (net)
                      0.026902    0.000094   10.272449 ^ _8_/CLK (sky130_fd_sc_hd__dfrtp_1)
                                 -0.250000   10.022449   clock uncertainty
                                  0.000000   10.022449   clock reconvergence pessimism
                                  0.227909   10.250358   library recovery time
                                             10.250358   data required time
---------------------------------------------------------------------------------------------
                                             10.250358   data required time
                                             -2.171816   data arrival time
---------------------------------------------------------------------------------------------
                                              8.078541   slack (MET)



