Reading OpenROAD database at '/home/yaser/CMOS_Tapeouts/counter/runs/RUN_2026-04-03_19-53-56/20-openroad-generatepdn/counter.odb'…
Reading library file at '/home/yaser/.volare/volare/sky130/versions/0fe599b2afb6708d281543108caf8310912f54af/sky130A/libs.ref/sky130_fd_sc_hd/lib/sky130_fd_sc_hd__tt_025C_1v80.lib'…
Reading design constraints file at '/nix/store/ss2cw3sxbrwwx9jl0rrppbw4kgcmgi2n-python3-3.11.9-env/lib/python3.11/site-packages/openlane/scripts/base.sdc'…
[INFO] Using clock clk…
[INFO] Setting output delay to: 2.0
[INFO] Setting input delay to: 2.0
[INFO] Setting load to: 0.033442
[INFO] Setting clock uncertainty to: 0.25
[INFO] Setting clock transition to: 0.1499999999999999944488848768742172978818416595458984375
[INFO] Setting timing derate to: 5%
+ global_placement -density 0.5 -skip_io -pad_right 0 -pad_left 0 -init_wirelength_coef 0.25
[INFO GPL-0002] DBU: 1000
[INFO GPL-0003] SiteSize: (  0.460  2.720 ) um
[INFO GPL-0004] CoreBBox: (  5.520 10.880 ) ( 35.420 38.080 ) um
[INFO GPL-0006] NumInstances:                46
[INFO GPL-0007] NumPlaceInstances:           14
[INFO GPL-0008] NumFixedInstances:           32
[INFO GPL-0009] NumDummyInstances:            0
[INFO GPL-0010] NumNets:                     16
[INFO GPL-0011] NumPins:                     43
[INFO GPL-0012] DieBBox:  (  0.000  0.000 ) ( 40.950 51.670 ) um
[INFO GPL-0013] CoreBBox: (  5.520 10.880 ) ( 35.420 38.080 ) um
[INFO GPL-0016] CoreArea:               813.280 um^2
[INFO GPL-0017] NonPlaceInstsArea:       90.086 um^2
[INFO GPL-0018] PlaceInstsArea:         178.922 um^2
[INFO GPL-0019] Util:                    24.740 %
[INFO GPL-0020] StdInstsArea:           178.922 um^2
[INFO GPL-0021] MacroInstsArea:           0.000 um^2
[INFO GPL-0031] FillerInit:NumGCells:        29
[INFO GPL-0032] FillerInit:NumGNets:         16
[INFO GPL-0033] FillerInit:NumGPins:         43
[INFO GPL-0023] TargetDensity:            0.500
[INFO GPL-0024] AvrgPlaceInstArea:       12.780 um^2
[INFO GPL-0025] IdealBinArea:            25.560 um^2
[INFO GPL-0026] IdealBinCnt:                 31
[INFO GPL-0027] TotalBinArea:           813.280 um^2
[INFO GPL-0028] BinCnt:         4      4
[INFO GPL-0029] BinSize: (  7.475  6.800 )
[INFO GPL-0030] NumBins: 16
[NesterovSolve] Iter:    1 overflow: 0.440 HPWL: 46988
[NesterovSolve] Iter:   10 overflow: 0.440 HPWL: 43155
[NesterovSolve] Iter:   20 overflow: 0.440 HPWL: 43133
[NesterovSolve] Iter:   30 overflow: 0.440 HPWL: 43129
[NesterovSolve] Iter:   40 overflow: 0.440 HPWL: 43143
[NesterovSolve] Iter:   50 overflow: 0.440 HPWL: 43161
[NesterovSolve] Iter:   60 overflow: 0.440 HPWL: 43182
[NesterovSolve] Iter:   70 overflow: 0.440 HPWL: 43206
[NesterovSolve] Iter:   80 overflow: 0.440 HPWL: 43265
[NesterovSolve] Iter:   90 overflow: 0.440 HPWL: 43403
[NesterovSolve] Iter:  100 overflow: 0.440 HPWL: 43690
[NesterovSolve] Iter:  110 overflow: 0.439 HPWL: 44042
[NesterovSolve] Iter:  120 overflow: 0.436 HPWL: 44179
[NesterovSolve] Iter:  130 overflow: 0.423 HPWL: 43722
[NesterovSolve] Iter:  140 overflow: 0.417 HPWL: 43822
[NesterovSolve] Iter:  150 overflow: 0.421 HPWL: 44163
[NesterovSolve] Iter:  160 overflow: 0.421 HPWL: 44220
[NesterovSolve] Iter:  170 overflow: 0.435 HPWL: 44095
[NesterovSolve] Iter:  180 overflow: 0.433 HPWL: 43629
[NesterovSolve] Iter:  190 overflow: 0.421 HPWL: 44399
[NesterovSolve] Iter:  200 overflow: 0.424 HPWL: 44975
[NesterovSolve] Iter:  210 overflow: 0.412 HPWL: 47292
[NesterovSolve] Iter:  220 overflow: 0.390 HPWL: 56253
[NesterovSolve] Iter:  230 overflow: 0.354 HPWL: 72324
[NesterovSolve] Iter:  240 overflow: 0.280 HPWL: 79239
[NesterovSolve] Iter:  250 overflow: 0.248 HPWL: 87834
[NesterovSolve] Iter:  260 overflow: 0.207 HPWL: 95793
[NesterovSolve] Iter:  270 overflow: 0.168 HPWL: 101209
[NesterovSolve] Iter:  280 overflow: 0.139 HPWL: 105042
[NesterovSolve] Finished with Overflow: 0.093278
[INFO] Setting RC values…
Setting global connections for newly added cells…
[INFO] Setting global connections...
Updating metrics…
Cell type report:                       Count       Area
  Fill cell                                20      75.07
  Tap cell                                 12      15.01
  Inverter                                  5      18.77
  Sequential cell                           4     105.10
  Multi-Input combinational cell            5      55.05
  Total                                    46     269.01
Writing OpenROAD database to '/home/yaser/CMOS_Tapeouts/counter/runs/RUN_2026-04-03_19-53-56/23-openroad-globalplacementskipio/counter.odb'…
Writing netlist to '/home/yaser/CMOS_Tapeouts/counter/runs/RUN_2026-04-03_19-53-56/23-openroad-globalplacementskipio/counter.nl.v'…
Writing powered netlist to '/home/yaser/CMOS_Tapeouts/counter/runs/RUN_2026-04-03_19-53-56/23-openroad-globalplacementskipio/counter.pnl.v'…
Writing layout to '/home/yaser/CMOS_Tapeouts/counter/runs/RUN_2026-04-03_19-53-56/23-openroad-globalplacementskipio/counter.def'…
Writing timing constraints to '/home/yaser/CMOS_Tapeouts/counter/runs/RUN_2026-04-03_19-53-56/23-openroad-globalplacementskipio/counter.sdc'…
