
===========================================================================
report_checks -path_delay min (Hold)
============================================================================
======================= nom_tt_025C_1v80 Corner ===================================

Startpoint: I[3] (input port clocked by clk)
Endpoint: cout (output port clocked by clk)
Path Group: clk
Path Type: min

Fanout         Cap        Slew       Delay        Time   Description
---------------------------------------------------------------------------------------------
                                  0.000000    0.000000   clock clk (rise edge)
                                  0.000000    0.000000   clock network delay (propagated)
                                  2.000000    2.000000 v input external delay
     2    0.003746    0.010827    0.006028    2.006028 v I[3] (in)
                                                         I[3] (net)
                      0.010827    0.000000    2.006028 v input1/A (sky130_fd_sc_hd__clkbuf_1)
     1    0.002307    0.023976    0.070298    2.076326 v input1/X (sky130_fd_sc_hd__clkbuf_1)
                                                         net1 (net)
                      0.023976    0.000068    2.076394 v _0_/A (sky130_fd_sc_hd__and2_1)
     1    0.006709    0.049855    0.141392    2.217786 v _0_/X (sky130_fd_sc_hd__and2_1)
                                                         net3 (net)
                      0.049855    0.000229    2.218015 v output3/A (sky130_fd_sc_hd__buf_2)
     1    0.034393    0.089787    0.182355    2.400370 v output3/X (sky130_fd_sc_hd__buf_2)
                                                         cout (net)
                      0.089793    0.000747    2.401117 v cout (out)
                                              2.401117   data arrival time

                                  0.000000    0.000000   clock clk (rise edge)
                                  0.000000    0.000000   clock network delay (propagated)
                                  0.250000    0.250000   clock uncertainty
                                  0.000000    0.250000   clock reconvergence pessimism
                                 -2.000000   -1.750000   output external delay
                                             -1.750000   data required time
---------------------------------------------------------------------------------------------
                                             -1.750000   data required time
                                             -2.401117   data arrival time
---------------------------------------------------------------------------------------------
                                              4.151117   slack (MET)



