
 /----------------------------------------------------------------------------\
 |  yosys -- Yosys Open SYnthesis Suite                                       |
 |  Copyright (C) 2012 - 2024  Claire Xenia Wolf <claire@yosyshq.com>         |
 |  Distributed under an ISC-like license, type "license" to see terms        |
 \----------------------------------------------------------------------------/
 Yosys 0.46 (git sha1 e97731b9dda91fa5fa53ed87df7c34163ba59a41, clang++ 17.0.6 -fPIC -O3)
Loaded SDC plugin

1. Executing Liberty frontend: /home/yaser/.volare/volare/sky130/versions/0fe599b2afb6708d281543108caf8310912f54af/sky130A/libs.ref/sky130_fd_sc_hd/lib/sky130_fd_sc_hd__tt_025C_1v80.lib
Imported 428 cell types from liberty file.
[INFO] Using SDC file '/home/yaser/CMOS_Tapeouts/nano_cpu/runs/RUN_2026-04-05_19-43-06/06-yosys-synthesis/synthesis.abc.sdc' for ABC…

2. Executing Verilog-2005 frontend: /home/yaser/CMOS_Tapeouts/nano_cpu/src/nano_cpu.v
Parsing SystemVerilog input from `/home/yaser/CMOS_Tapeouts/nano_cpu/src/nano_cpu.v' to AST representation.
Storing AST representation for module `$abstract\nano_cpu'.
Successfully finished Verilog frontend.

3. Executing HIERARCHY pass (managing design hierarchy).

4. Executing AST frontend in derive mode using pre-parsed AST for module `\nano_cpu'.
Generating RTLIL representation for module `\nano_cpu'.

4.1. Analyzing design hierarchy..
Top module:  \nano_cpu

4.2. Analyzing design hierarchy..
Top module:  \nano_cpu
Removing unused module `$abstract\nano_cpu'.
Removed 1 unused modules.
Renaming module nano_cpu to nano_cpu.

5. Generating Graphviz representation of design.
Writing dot description to `/home/yaser/CMOS_Tapeouts/nano_cpu/runs/RUN_2026-04-05_19-43-06/06-yosys-synthesis/hierarchy.dot'.
Dumping module nano_cpu to page 1.

6. Executing TRIBUF pass.

7. Executing HIERARCHY pass (managing design hierarchy).

7.1. Analyzing design hierarchy..
Top module:  \nano_cpu

7.2. Analyzing design hierarchy..
Top module:  \nano_cpu
Removed 0 unused modules.

8. Executing PROC_CLEAN pass (remove empty switches from decision trees).
Cleaned up 0 empty switches.

9. Executing PROC_RMDEAD pass (remove dead branches from decision trees).
Removed 1 dead cases from process $proc$/home/yaser/CMOS_Tapeouts/nano_cpu/src/nano_cpu.v:28$1 in module nano_cpu.
Marked 4 switch rules as full_case in process $proc$/home/yaser/CMOS_Tapeouts/nano_cpu/src/nano_cpu.v:28$1 in module nano_cpu.
Removed a total of 1 dead cases.

10. Executing PROC_PRUNE pass (remove redundant assignments in processes).
Removed 1 redundant assignment.
Promoted 0 assignments to connections.

11. Executing PROC_INIT pass (extract init attributes).

12. Executing PROC_ARST pass (detect async resets in processes).

13. Executing PROC_ROM pass (convert switches to ROMs).
Converted 0 switches.
<suppressed ~4 debug messages>

14. Executing PROC_MUX pass (convert decision trees to multiplexers).
Creating decoders for process `\nano_cpu.$proc$/home/yaser/CMOS_Tapeouts/nano_cpu/src/nano_cpu.v:28$1'.
     1/4: $0\state[0:0]
     2/4: $0\acc[7:0]
     3/4: $0\out_port[7:0]
     4/4: $0\pc[7:0]

15. Executing PROC_DLATCH pass (convert process syncs to latches).

16. Executing PROC_DFF pass (convert process syncs to FFs).
Creating register for signal `\nano_cpu.\pc' using process `\nano_cpu.$proc$/home/yaser/CMOS_Tapeouts/nano_cpu/src/nano_cpu.v:28$1'.
  created $dff cell `$procdff$56' with positive edge clock.
Creating register for signal `\nano_cpu.\out_port' using process `\nano_cpu.$proc$/home/yaser/CMOS_Tapeouts/nano_cpu/src/nano_cpu.v:28$1'.
  created $dff cell `$procdff$57' with positive edge clock.
Creating register for signal `\nano_cpu.\acc' using process `\nano_cpu.$proc$/home/yaser/CMOS_Tapeouts/nano_cpu/src/nano_cpu.v:28$1'.
  created $dff cell `$procdff$58' with positive edge clock.
Creating register for signal `\nano_cpu.\state' using process `\nano_cpu.$proc$/home/yaser/CMOS_Tapeouts/nano_cpu/src/nano_cpu.v:28$1'.
  created $dff cell `$procdff$59' with positive edge clock.

17. Executing PROC_MEMWR pass (convert process memory writes to cells).

18. Executing PROC_CLEAN pass (remove empty switches from decision trees).
Found and cleaned up 4 empty switches in `\nano_cpu.$proc$/home/yaser/CMOS_Tapeouts/nano_cpu/src/nano_cpu.v:28$1'.
Removing empty process `nano_cpu.$proc$/home/yaser/CMOS_Tapeouts/nano_cpu/src/nano_cpu.v:28$1'.
Cleaned up 4 empty switches.

19. Executing CHECK pass (checking for obvious problems).
Checking module nano_cpu...
Found and reported 0 problems.

20. Executing OPT_EXPR pass (perform const folding).
Optimizing module nano_cpu.
<suppressed ~3 debug messages>

21. Executing FLATTEN pass (flatten design).

22. Executing OPT_EXPR pass (perform const folding).
Optimizing module nano_cpu.

23. Executing OPT_CLEAN pass (remove unused cells and wires).
Finding unused cells or wires in module \nano_cpu..
Removed 1 unused cells and 14 unused wires.
<suppressed ~2 debug messages>

24. Executing OPT_EXPR pass (perform const folding).
Optimizing module nano_cpu.

25. Executing OPT_MERGE pass (detect identical cells).
Finding identical cells in module `\nano_cpu'.
<suppressed ~27 debug messages>
Removed a total of 9 cells.

26. Executing OPT_MUXTREE pass (detect dead branches in mux trees).
Running muxtree optimizer on module \nano_cpu..
  Creating internal representation of mux trees.
  Evaluating internal representation of mux trees.
  Analyzing evaluation results.
Removed 0 multiplexer ports.
<suppressed ~4 debug messages>

27. Executing OPT_REDUCE pass (consolidate $*mux and $reduce_* inputs).
  Optimizing cells in module \nano_cpu.
    New ctrl vector for $pmux cell $procmux$39: { $procmux$46_CMP $procmux$45_CMP $auto$opt_reduce.cc:134:opt_pmux$61 $procmux$40_CMP }
  Optimizing cells in module \nano_cpu.
Performed a total of 1 changes.

28. Executing OPT_MERGE pass (detect identical cells).
Finding identical cells in module `\nano_cpu'.
Removed a total of 0 cells.

29. Executing OPT_DFF pass (perform DFF optimizations).

30. Executing OPT_CLEAN pass (remove unused cells and wires).
Finding unused cells or wires in module \nano_cpu..
Removed 0 unused cells and 9 unused wires.
<suppressed ~1 debug messages>

31. Executing OPT_EXPR pass (perform const folding).
Optimizing module nano_cpu.

32. Rerunning OPT passes. (Maybe there is more to do…)

33. Executing OPT_MUXTREE pass (detect dead branches in mux trees).
Running muxtree optimizer on module \nano_cpu..
  Creating internal representation of mux trees.
  Evaluating internal representation of mux trees.
  Analyzing evaluation results.
Removed 0 multiplexer ports.
<suppressed ~4 debug messages>

34. Executing OPT_REDUCE pass (consolidate $*mux and $reduce_* inputs).
  Optimizing cells in module \nano_cpu.
Performed a total of 0 changes.

35. Executing OPT_MERGE pass (detect identical cells).
Finding identical cells in module `\nano_cpu'.
Removed a total of 0 cells.

36. Executing OPT_DFF pass (perform DFF optimizations).

37. Executing OPT_CLEAN pass (remove unused cells and wires).
Finding unused cells or wires in module \nano_cpu..

38. Executing OPT_EXPR pass (perform const folding).
Optimizing module nano_cpu.

39. Executing FSM pass (extract and optimize FSM).

39.1. Executing FSM_DETECT pass (finding FSMs in design).

39.2. Executing FSM_EXTRACT pass (extracting FSM from design).

39.3. Executing FSM_OPT pass (simple optimizations of FSMs).

39.4. Executing OPT_CLEAN pass (remove unused cells and wires).
Finding unused cells or wires in module \nano_cpu..

39.5. Executing FSM_OPT pass (simple optimizations of FSMs).

39.6. Executing FSM_RECODE pass (re-assigning FSM state encoding).

39.7. Executing FSM_INFO pass (dumping all available information on FSM cells).

39.8. Executing FSM_MAP pass (mapping FSMs to basic logic).

40. Executing OPT_EXPR pass (perform const folding).
Optimizing module nano_cpu.

41. Executing OPT_MERGE pass (detect identical cells).
Finding identical cells in module `\nano_cpu'.
Removed a total of 0 cells.

42. Executing OPT_MUXTREE pass (detect dead branches in mux trees).
Running muxtree optimizer on module \nano_cpu..
  Creating internal representation of mux trees.
  Evaluating internal representation of mux trees.
  Analyzing evaluation results.
Removed 0 multiplexer ports.
<suppressed ~4 debug messages>

43. Executing OPT_REDUCE pass (consolidate $*mux and $reduce_* inputs).
  Optimizing cells in module \nano_cpu.
Performed a total of 0 changes.

44. Executing OPT_MERGE pass (detect identical cells).
Finding identical cells in module `\nano_cpu'.
Removed a total of 0 cells.

45. Executing OPT_DFF pass (perform DFF optimizations).
Adding SRST signal on $procdff$59 ($dff) from module nano_cpu (D = $procmux$12_Y, Q = \state, rval = 1'0).
Adding SRST signal on $procdff$58 ($dff) from module nano_cpu (D = $procmux$26_Y, Q = \acc, rval = 8'00000000).
Adding EN signal on $auto$ff.cc:266:slice$63 ($sdff) from module nano_cpu (D = $procmux$22_Y, Q = \acc).
Adding SRST signal on $procdff$57 ($dff) from module nano_cpu (D = $procmux$34_Y, Q = \out_port, rval = 8'00000000).
Adding EN signal on $auto$ff.cc:266:slice$69 ($sdff) from module nano_cpu (D = \acc, Q = \out_port).
Adding SRST signal on $procdff$56 ($dff) from module nano_cpu (D = $procmux$51_Y, Q = \pc, rval = 8'00000000).
Adding EN signal on $auto$ff.cc:266:slice$73 ($sdff) from module nano_cpu (D = $procmux$39_Y, Q = \pc).

46. Executing OPT_CLEAN pass (remove unused cells and wires).
Finding unused cells or wires in module \nano_cpu..
Removed 8 unused cells and 8 unused wires.
<suppressed ~9 debug messages>

47. Executing OPT_EXPR pass (perform const folding).
Optimizing module nano_cpu.
<suppressed ~2 debug messages>

48. Rerunning OPT passes. (Maybe there is more to do…)

49. Executing OPT_MUXTREE pass (detect dead branches in mux trees).
Running muxtree optimizer on module \nano_cpu..
  Creating internal representation of mux trees.
  Evaluating internal representation of mux trees.
  Analyzing evaluation results.
Removed 0 multiplexer ports.
<suppressed ~3 debug messages>

50. Executing OPT_REDUCE pass (consolidate $*mux and $reduce_* inputs).
  Optimizing cells in module \nano_cpu.
    New ctrl vector for $pmux cell $procmux$39: { $procmux$46_CMP $procmux$45_CMP $auto$opt_reduce.cc:134:opt_pmux$61 }
  Optimizing cells in module \nano_cpu.
Performed a total of 1 changes.

51. Executing OPT_MERGE pass (detect identical cells).
Finding identical cells in module `\nano_cpu'.
Removed a total of 0 cells.

52. Executing OPT_DFF pass (perform DFF optimizations).

53. Executing OPT_CLEAN pass (remove unused cells and wires).
Finding unused cells or wires in module \nano_cpu..

54. Executing OPT_EXPR pass (perform const folding).
Optimizing module nano_cpu.

55. Rerunning OPT passes. (Maybe there is more to do…)

56. Executing OPT_MUXTREE pass (detect dead branches in mux trees).
Running muxtree optimizer on module \nano_cpu..
  Creating internal representation of mux trees.
  Evaluating internal representation of mux trees.
  Analyzing evaluation results.
Removed 0 multiplexer ports.
<suppressed ~3 debug messages>

57. Executing OPT_REDUCE pass (consolidate $*mux and $reduce_* inputs).
  Optimizing cells in module \nano_cpu.
Performed a total of 0 changes.

58. Executing OPT_MERGE pass (detect identical cells).
Finding identical cells in module `\nano_cpu'.
Removed a total of 0 cells.

59. Executing OPT_DFF pass (perform DFF optimizations).

60. Executing OPT_CLEAN pass (remove unused cells and wires).
Finding unused cells or wires in module \nano_cpu..

61. Executing OPT_EXPR pass (perform const folding).
Optimizing module nano_cpu.

62. Executing WREDUCE pass (reducing word size of cells).
Removed top 31 bits (of 32) from port B of cell nano_cpu.$add$/home/yaser/CMOS_Tapeouts/nano_cpu/src/nano_cpu.v:44$2 ($add).
Removed top 24 bits (of 32) from port Y of cell nano_cpu.$add$/home/yaser/CMOS_Tapeouts/nano_cpu/src/nano_cpu.v:44$2 ($add).
Removed top 3 bits (of 8) from port B of cell nano_cpu.$add$/home/yaser/CMOS_Tapeouts/nano_cpu/src/nano_cpu.v:46$4 ($add).
Removed top 3 bits (of 8) from port B of cell nano_cpu.$sub$/home/yaser/CMOS_Tapeouts/nano_cpu/src/nano_cpu.v:47$6 ($sub).
Removed top 1 bits (of 3) from port B of cell nano_cpu.$procmux$23_CMP0 ($eq).
Removed top 1 bits (of 3) from port B of cell nano_cpu.$procmux$24_CMP0 ($eq).
Removed top 2 bits (of 3) from port B of cell nano_cpu.$procmux$25_CMP0 ($eq).
Removed top 24 bits (of 32) from wire nano_cpu.$add$/home/yaser/CMOS_Tapeouts/nano_cpu/src/nano_cpu.v:44$2_Y.

63. Executing PEEPOPT pass (run peephole optimizers).

64. Executing OPT_CLEAN pass (remove unused cells and wires).
Finding unused cells or wires in module \nano_cpu..
Removed 0 unused cells and 1 unused wires.
<suppressed ~1 debug messages>

65. Executing ALUMACC pass (create $alu and $macc cells).
Extracting $alu and $macc cells in module nano_cpu:
  creating $macc model for $add$/home/yaser/CMOS_Tapeouts/nano_cpu/src/nano_cpu.v:44$2 ($add).
  creating $macc model for $add$/home/yaser/CMOS_Tapeouts/nano_cpu/src/nano_cpu.v:46$4 ($add).
  creating $macc model for $sub$/home/yaser/CMOS_Tapeouts/nano_cpu/src/nano_cpu.v:47$6 ($sub).
  creating $alu model for $macc $sub$/home/yaser/CMOS_Tapeouts/nano_cpu/src/nano_cpu.v:47$6.
  creating $alu model for $macc $add$/home/yaser/CMOS_Tapeouts/nano_cpu/src/nano_cpu.v:46$4.
  creating $alu model for $macc $add$/home/yaser/CMOS_Tapeouts/nano_cpu/src/nano_cpu.v:44$2.
  creating $alu cell for $add$/home/yaser/CMOS_Tapeouts/nano_cpu/src/nano_cpu.v:44$2: $auto$alumacc.cc:485:replace_alu$80
  creating $alu cell for $add$/home/yaser/CMOS_Tapeouts/nano_cpu/src/nano_cpu.v:46$4: $auto$alumacc.cc:485:replace_alu$83
  creating $alu cell for $sub$/home/yaser/CMOS_Tapeouts/nano_cpu/src/nano_cpu.v:47$6: $auto$alumacc.cc:485:replace_alu$86
  created 3 $alu and 0 $macc cells.

66. Executing SHARE pass (SAT-based resource sharing).

67. Executing OPT_EXPR pass (perform const folding).
Optimizing module nano_cpu.

68. Executing OPT_MERGE pass (detect identical cells).
Finding identical cells in module `\nano_cpu'.
Removed a total of 0 cells.

69. Executing OPT_MUXTREE pass (detect dead branches in mux trees).
Running muxtree optimizer on module \nano_cpu..
  Creating internal representation of mux trees.
  Evaluating internal representation of mux trees.
  Analyzing evaluation results.
Removed 0 multiplexer ports.
<suppressed ~3 debug messages>

70. Executing OPT_REDUCE pass (consolidate $*mux and $reduce_* inputs).
  Optimizing cells in module \nano_cpu.
Performed a total of 0 changes.

71. Executing OPT_MERGE pass (detect identical cells).
Finding identical cells in module `\nano_cpu'.
Removed a total of 0 cells.

72. Executing OPT_DFF pass (perform DFF optimizations).

73. Executing OPT_CLEAN pass (remove unused cells and wires).
Finding unused cells or wires in module \nano_cpu..

74. Executing OPT_EXPR pass (perform const folding).
Optimizing module nano_cpu.

75. Executing MEMORY pass.

75.1. Executing OPT_MEM pass (optimize memories).
Performed a total of 0 transformations.

75.2. Executing OPT_MEM_PRIORITY pass (removing unnecessary memory write priority relations).
Performed a total of 0 transformations.

75.3. Executing OPT_MEM_FEEDBACK pass (finding memory read-to-write feedback paths).

75.4. Executing MEMORY_BMUX2ROM pass (converting muxes to ROMs).

75.5. Executing MEMORY_DFF pass (merging $dff cells to $memrd).

75.6. Executing OPT_CLEAN pass (remove unused cells and wires).
Finding unused cells or wires in module \nano_cpu..

75.7. Executing MEMORY_SHARE pass (consolidating $memrd/$memwr cells).

75.8. Executing OPT_MEM_WIDEN pass (optimize memories where all ports are wide).
Performed a total of 0 transformations.

75.9. Executing OPT_CLEAN pass (remove unused cells and wires).
Finding unused cells or wires in module \nano_cpu..

75.10. Executing MEMORY_COLLECT pass (generating $mem cells).

76. Executing OPT_CLEAN pass (remove unused cells and wires).
Finding unused cells or wires in module \nano_cpu..

77. Executing OPT_EXPR pass (perform const folding).
Optimizing module nano_cpu.
<suppressed ~4 debug messages>

78. Executing OPT_MERGE pass (detect identical cells).
Finding identical cells in module `\nano_cpu'.
<suppressed ~3 debug messages>
Removed a total of 1 cells.

79. Executing OPT_DFF pass (perform DFF optimizations).

80. Executing OPT_CLEAN pass (remove unused cells and wires).
Finding unused cells or wires in module \nano_cpu..
Removed 1 unused cells and 2 unused wires.
<suppressed ~2 debug messages>

81. Executing MEMORY_MAP pass (converting memories to logic and flip-flops).

82. Executing OPT_EXPR pass (perform const folding).
Optimizing module nano_cpu.

83. Executing OPT_MERGE pass (detect identical cells).
Finding identical cells in module `\nano_cpu'.
Removed a total of 0 cells.

84. Executing OPT_MUXTREE pass (detect dead branches in mux trees).
Running muxtree optimizer on module \nano_cpu..
  Creating internal representation of mux trees.
  Evaluating internal representation of mux trees.
  Analyzing evaluation results.
Removed 0 multiplexer ports.
<suppressed ~2 debug messages>

85. Executing OPT_REDUCE pass (consolidate $*mux and $reduce_* inputs).
  Optimizing cells in module \nano_cpu.
Performed a total of 0 changes.

86. Executing OPT_MERGE pass (detect identical cells).
Finding identical cells in module `\nano_cpu'.
Removed a total of 0 cells.

87. Executing OPT_SHARE pass.
    Found cells that share an operand and can be merged by moving the $pmux $procmux$22 in front of them:
        $auto$alumacc.cc:485:replace_alu$86
        $auto$alumacc.cc:485:replace_alu$83

88. Executing OPT_DFF pass (perform DFF optimizations).

89. Executing OPT_CLEAN pass (remove unused cells and wires).
Finding unused cells or wires in module \nano_cpu..
Removed 0 unused cells and 6 unused wires.
<suppressed ~1 debug messages>

90. Executing OPT_EXPR pass (perform const folding).
Optimizing module nano_cpu.
<suppressed ~1 debug messages>

91. Rerunning OPT passes. (Maybe there is more to do…)

92. Executing OPT_MUXTREE pass (detect dead branches in mux trees).
Running muxtree optimizer on module \nano_cpu..
  Creating internal representation of mux trees.
  Evaluating internal representation of mux trees.
  Analyzing evaluation results.
Removed 0 multiplexer ports.
<suppressed ~3 debug messages>

93. Executing OPT_REDUCE pass (consolidate $*mux and $reduce_* inputs).
  Optimizing cells in module \nano_cpu.
    New ctrl vector for $pmux cell $procmux$22: $auto$opt_reduce.cc:134:opt_pmux$97
  Optimizing cells in module \nano_cpu.
Performed a total of 1 changes.

94. Executing OPT_MERGE pass (detect identical cells).
Finding identical cells in module `\nano_cpu'.
Removed a total of 0 cells.

95. Executing OPT_SHARE pass.

96. Executing OPT_DFF pass (perform DFF optimizations).

97. Executing OPT_CLEAN pass (remove unused cells and wires).
Finding unused cells or wires in module \nano_cpu..

98. Executing OPT_EXPR pass (perform const folding).
Optimizing module nano_cpu.

99. Rerunning OPT passes. (Maybe there is more to do…)

100. Executing OPT_MUXTREE pass (detect dead branches in mux trees).
Running muxtree optimizer on module \nano_cpu..
  Creating internal representation of mux trees.
  Evaluating internal representation of mux trees.
  Analyzing evaluation results.
Removed 0 multiplexer ports.
<suppressed ~3 debug messages>

101. Executing OPT_REDUCE pass (consolidate $*mux and $reduce_* inputs).
  Optimizing cells in module \nano_cpu.
Performed a total of 0 changes.

102. Executing OPT_MERGE pass (detect identical cells).
Finding identical cells in module `\nano_cpu'.
Removed a total of 0 cells.

103. Executing OPT_SHARE pass.

104. Executing OPT_DFF pass (perform DFF optimizations).

105. Executing OPT_CLEAN pass (remove unused cells and wires).
Finding unused cells or wires in module \nano_cpu..

106. Executing OPT_EXPR pass (perform const folding).
Optimizing module nano_cpu.

107. Executing TECHMAP pass (map to technology primitives).

107.1. Executing Verilog-2005 frontend: /nix/store/9r0bh7sp051dpm8km8bqlb028anpd3v3-yosys/bin/../share/yosys/techmap.v
Parsing Verilog input from `/nix/store/9r0bh7sp051dpm8km8bqlb028anpd3v3-yosys/bin/../share/yosys/techmap.v' to AST representation.
Generating RTLIL representation for module `\_90_simplemap_bool_ops'.
Generating RTLIL representation for module `\_90_simplemap_reduce_ops'.
Generating RTLIL representation for module `\_90_simplemap_logic_ops'.
Generating RTLIL representation for module `\_90_simplemap_compare_ops'.
Generating RTLIL representation for module `\_90_simplemap_various'.
Generating RTLIL representation for module `\_90_simplemap_registers'.
Generating RTLIL representation for module `\_90_shift_ops_shr_shl_sshl_sshr'.
Generating RTLIL representation for module `\_90_shift_shiftx'.
Generating RTLIL representation for module `\_90_fa'.
Generating RTLIL representation for module `\_90_lcu_brent_kung'.
Generating RTLIL representation for module `\_90_alu'.
Generating RTLIL representation for module `\_90_macc'.
Generating RTLIL representation for module `\_90_alumacc'.
Generating RTLIL representation for module `\$__div_mod_u'.
Generating RTLIL representation for module `\$__div_mod_trunc'.
Generating RTLIL representation for module `\_90_div'.
Generating RTLIL representation for module `\_90_mod'.
Generating RTLIL representation for module `\$__div_mod_floor'.
Generating RTLIL representation for module `\_90_divfloor'.
Generating RTLIL representation for module `\_90_modfloor'.
Generating RTLIL representation for module `\_90_pow'.
Generating RTLIL representation for module `\_90_pmux'.
Generating RTLIL representation for module `\_90_demux'.
Generating RTLIL representation for module `\_90_lut'.
Successfully finished Verilog frontend.

107.2. Continuing TECHMAP pass.
Using template $paramod$c3cd1564c35d873179656addd6052d7ea8b6d991\_90_alu for cells of type $alu.
Using extmapper simplemap for cells of type $sdff.
Using template $paramod$a1bc51c02ce12ac21eb18988e83292af48ed7d72\_90_alu for cells of type $alu.
Using extmapper simplemap for cells of type $reduce_or.
Using extmapper simplemap for cells of type $reduce_bool.
Using extmapper simplemap for cells of type $logic_not.
Using extmapper simplemap for cells of type $reduce_and.
Using extmapper simplemap for cells of type $not.
Running "alumacc" on wrapper $extern:wrap:$neg:A_SIGNED=0:A_WIDTH=8:Y_WIDTH=8:394426c56d1a028ba8fdd5469b163e04011def47.
Using template $extern:wrap:$neg:A_SIGNED=0:A_WIDTH=8:Y_WIDTH=8:394426c56d1a028ba8fdd5469b163e04011def47 for cells of type $extern:wrap:$neg:A_SIGNED=0:A_WIDTH=8:Y_WIDTH=8:394426c56d1a028ba8fdd5469b163e04011def47.
Using extmapper simplemap for cells of type $eq.
Using extmapper simplemap for cells of type $mux.
Using template $paramod$fc16b9f758000d363d24f130038bd99b46b4fa1b\_90_pmux for cells of type $pmux.
Using extmapper simplemap for cells of type $sdffe.
Using extmapper simplemap for cells of type $xor.
Using extmapper simplemap for cells of type $and.
Using template $paramod\_90_lcu_brent_kung\WIDTH=32'00000000000000000000000000001000 for cells of type $lcu.
Using extmapper simplemap for cells of type $pos.
Using template $paramod$fd7bfb1a4f3a7c2ac1a35670d0fa64ccc7b91841\_90_alu for cells of type $alu.
Using extmapper simplemap for cells of type $or.
No more expansions possible.
<suppressed ~419 debug messages>

108. Executing OPT_EXPR pass (perform const folding).
Optimizing module nano_cpu.
<suppressed ~144 debug messages>

109. Executing OPT_MERGE pass (detect identical cells).
Finding identical cells in module `\nano_cpu'.
<suppressed ~69 debug messages>
Removed a total of 23 cells.

110. Executing OPT_DFF pass (perform DFF optimizations).

111. Executing OPT_CLEAN pass (remove unused cells and wires).
Finding unused cells or wires in module \nano_cpu..
Removed 21 unused cells and 192 unused wires.
<suppressed ~22 debug messages>

112. Executing OPT_EXPR pass (perform const folding).
Optimizing module nano_cpu.

113. Executing OPT_MERGE pass (detect identical cells).
Finding identical cells in module `\nano_cpu'.
Removed a total of 0 cells.

114. Executing OPT_DFF pass (perform DFF optimizations).

115. Executing OPT_CLEAN pass (remove unused cells and wires).
Finding unused cells or wires in module \nano_cpu..

116. Executing ABC pass (technology mapping using ABC).

116.1. Extracting gate netlist of module `\nano_cpu' to `<abc-temp-dir>/input.blif'..
Extracted 168 gates and 194 wires to a netlist network with 25 inputs and 20 outputs.

116.1.1. Executing ABC.
Running ABC command: "/nix/store/6l3aj1gi4lja8z5s4lan2k2cfz9mqkrz-yosys-abc/bin/abc" -s -f <abc-temp-dir>/abc.script 2>&1
ABC: ABC command line: "source <abc-temp-dir>/abc.script".
ABC: 
ABC: + read_blif <abc-temp-dir>/input.blif 
ABC: + read_library <abc-temp-dir>/stdcells.genlib 
ABC: Entered genlib library with 13 gates from file "<abc-temp-dir>/stdcells.genlib".
ABC: + strash 
ABC: + dretime 
ABC: + map 
ABC: + write_blif <abc-temp-dir>/output.blif 

116.1.2. Re-integrating ABC results.
ABC RESULTS:             ORNOT cells:        4
ABC RESULTS:               AND cells:        2
ABC RESULTS:               NOR cells:       12
ABC RESULTS:               MUX cells:       20
ABC RESULTS:              XNOR cells:       11
ABC RESULTS:              NAND cells:        9
ABC RESULTS:               XOR cells:       15
ABC RESULTS:                OR cells:       22
ABC RESULTS:            ANDNOT cells:       47
ABC RESULTS:               NOT cells:       11
ABC RESULTS:        internal signals:      149
ABC RESULTS:           input signals:       25
ABC RESULTS:          output signals:       20
Removing temp directory.

117. Executing OPT pass (performing simple optimizations).

117.1. Executing OPT_EXPR pass (perform const folding).
Optimizing module nano_cpu.

117.2. Executing OPT_MERGE pass (detect identical cells).
Finding identical cells in module `\nano_cpu'.
Removed a total of 0 cells.

117.3. Executing OPT_DFF pass (perform DFF optimizations).

117.4. Executing OPT_CLEAN pass (remove unused cells and wires).
Finding unused cells or wires in module \nano_cpu..
Removed 0 unused cells and 96 unused wires.
<suppressed ~1 debug messages>

117.5. Finished fast OPT passes.

118. Executing HIERARCHY pass (managing design hierarchy).

118.1. Analyzing design hierarchy..
Top module:  \nano_cpu

118.2. Analyzing design hierarchy..
Top module:  \nano_cpu
Removed 0 unused modules.

119. Executing CHECK pass (checking for obvious problems).
Checking module nano_cpu...
Found and reported 0 problems.

120. Printing statistics.

=== nano_cpu ===

   Number of wires:                155
   Number of wire bits:            196
   Number of public wires:           9
   Number of public wire bits:      43
   Number of ports:                  5
   Number of port bits:             26
   Number of memories:               0
   Number of memory bits:            0
   Number of processes:              0
   Number of cells:                178
     $_ANDNOT_                      47
     $_AND_                          2
     $_MUX_                         20
     $_NAND_                         9
     $_NOR_                         12
     $_NOT_                         11
     $_ORNOT_                        4
     $_OR_                          22
     $_SDFFE_PP0P_                  24
     $_SDFF_PP0_                     1
     $_XNOR_                        11
     $_XOR_                         15

121. Generating Graphviz representation of design.
Writing dot description to `/home/yaser/CMOS_Tapeouts/nano_cpu/runs/RUN_2026-04-05_19-43-06/06-yosys-synthesis/primitive_techmap.dot'.
Dumping module nano_cpu to page 1.

122. Executing OPT pass (performing simple optimizations).

122.1. Executing OPT_EXPR pass (perform const folding).
Optimizing module nano_cpu.

122.2. Executing OPT_MERGE pass (detect identical cells).
Finding identical cells in module `\nano_cpu'.
Removed a total of 0 cells.

122.3. Executing OPT_MUXTREE pass (detect dead branches in mux trees).
Running muxtree optimizer on module \nano_cpu..
  Creating internal representation of mux trees.
  No muxes found in this module.
Removed 0 multiplexer ports.

122.4. Executing OPT_REDUCE pass (consolidate $*mux and $reduce_* inputs).
  Optimizing cells in module \nano_cpu.
Performed a total of 0 changes.

122.5. Executing OPT_MERGE pass (detect identical cells).
Finding identical cells in module `\nano_cpu'.
Removed a total of 0 cells.

122.6. Executing OPT_DFF pass (perform DFF optimizations).

122.7. Executing OPT_CLEAN pass (remove unused cells and wires).
Finding unused cells or wires in module \nano_cpu..

122.8. Executing OPT_EXPR pass (perform const folding).
Optimizing module nano_cpu.

122.9. Finished OPT passes. (There is nothing left to do.)

123. Executing OPT_CLEAN pass (remove unused cells and wires).
Finding unused cells or wires in module \nano_cpu..
Removed 0 unused cells and 2 unused wires.
<suppressed ~2 debug messages>
{
   "creator": "Yosys 0.46 (git sha1 e97731b9dda91fa5fa53ed87df7c34163ba59a41, clang++ 17.0.6 -fPIC -O3)",
   "invocation": "stat -json -liberty /home/yaser/CMOS_Tapeouts/nano_cpu/runs/RUN_2026-04-05_19-43-06/tmp/3fd336c869b34c68885cfebc1fdf33da.lib ",
   "modules": {
      "\\nano_cpu": {
         "num_wires":         153,
         "num_wire_bits":     188,
         "num_pub_wires":     7,
         "num_pub_wire_bits": 35,
         "num_ports":         5,
         "num_port_bits":     26,
         "num_memories":      0,
         "num_memory_bits":   0,
         "num_processes":     0,
         "num_cells":         178,
         "num_cells_by_type": {
            "$_ANDNOT_": 47,
            "$_AND_": 2,
            "$_MUX_": 20,
            "$_NAND_": 9,
            "$_NOR_": 12,
            "$_NOT_": 11,
            "$_ORNOT_": 4,
            "$_OR_": 22,
            "$_SDFFE_PP0P_": 24,
            "$_SDFF_PP0_": 1,
            "$_XNOR_": 11,
            "$_XOR_": 15
         }
      }
   },
      "design": {
         "num_wires":         153,
         "num_wire_bits":     188,
         "num_pub_wires":     7,
         "num_pub_wire_bits": 35,
         "num_ports":         5,
         "num_port_bits":     26,
         "num_memories":      0,
         "num_memory_bits":   0,
         "num_processes":     0,
         "num_cells":         178,
         "num_cells_by_type": {
            "$_ANDNOT_": 47,
            "$_AND_": 2,
            "$_MUX_": 20,
            "$_NAND_": 9,
            "$_NOR_": 12,
            "$_NOT_": 11,
            "$_ORNOT_": 4,
            "$_OR_": 22,
            "$_SDFFE_PP0P_": 24,
            "$_SDFF_PP0_": 1,
            "$_XNOR_": 11,
            "$_XOR_": 15
         }
      }
}

124. Printing statistics.

=== nano_cpu ===

   Number of wires:                153
   Number of wire bits:            188
   Number of public wires:           7
   Number of public wire bits:      35
   Number of ports:                  5
   Number of port bits:             26
   Number of memories:               0
   Number of memory bits:            0
   Number of processes:              0
   Number of cells:                178
     $_ANDNOT_                      47
     $_AND_                          2
     $_MUX_                         20
     $_NAND_                         9
     $_NOR_                         12
     $_NOT_                         11
     $_ORNOT_                        4
     $_OR_                          22
     $_SDFFE_PP0P_                  24
     $_SDFF_PP0_                     1
     $_XNOR_                        11
     $_XOR_                         15

   Area for cell type $_NOT_ is unknown!
   Area for cell type $_AND_ is unknown!
   Area for cell type $_NAND_ is unknown!
   Area for cell type $_OR_ is unknown!
   Area for cell type $_NOR_ is unknown!
   Area for cell type $_XOR_ is unknown!
   Area for cell type $_XNOR_ is unknown!
   Area for cell type $_ANDNOT_ is unknown!
   Area for cell type $_ORNOT_ is unknown!
   Area for cell type $_MUX_ is unknown!
   Area for cell type $_SDFF_PP0_ is unknown!
   Area for cell type $_SDFFE_PP0P_ is unknown!

[INFO] Applying tri-state buffer mapping from '/home/yaser/.volare/volare/sky130/versions/0fe599b2afb6708d281543108caf8310912f54af/sky130A/libs.tech/openlane/sky130_fd_sc_hd/tribuff_map.v'…

125. Executing TECHMAP pass (map to technology primitives).

125.1. Executing Verilog-2005 frontend: /home/yaser/.volare/volare/sky130/versions/0fe599b2afb6708d281543108caf8310912f54af/sky130A/libs.tech/openlane/sky130_fd_sc_hd/tribuff_map.v
Parsing Verilog input from `/home/yaser/.volare/volare/sky130/versions/0fe599b2afb6708d281543108caf8310912f54af/sky130A/libs.tech/openlane/sky130_fd_sc_hd/tribuff_map.v' to AST representation.
Generating RTLIL representation for module `\$_TBUF_'.
Successfully finished Verilog frontend.

125.2. Continuing TECHMAP pass.
No more expansions possible.
<suppressed ~3 debug messages>

126. Executing SIMPLEMAP pass (map simple cells to gate primitives).
[INFO] Applying latch mapping from '/home/yaser/.volare/volare/sky130/versions/0fe599b2afb6708d281543108caf8310912f54af/sky130A/libs.tech/openlane/sky130_fd_sc_hd/latch_map.v'…

127. Executing TECHMAP pass (map to technology primitives).

127.1. Executing Verilog-2005 frontend: /home/yaser/.volare/volare/sky130/versions/0fe599b2afb6708d281543108caf8310912f54af/sky130A/libs.tech/openlane/sky130_fd_sc_hd/latch_map.v
Parsing Verilog input from `/home/yaser/.volare/volare/sky130/versions/0fe599b2afb6708d281543108caf8310912f54af/sky130A/libs.tech/openlane/sky130_fd_sc_hd/latch_map.v' to AST representation.
Generating RTLIL representation for module `\$_DLATCH_P_'.
Generating RTLIL representation for module `\$_DLATCH_N_'.
Successfully finished Verilog frontend.

127.2. Continuing TECHMAP pass.
No more expansions possible.
<suppressed ~4 debug messages>

128. Executing SIMPLEMAP pass (map simple cells to gate primitives).

129. Executing DFFLIBMAP pass (mapping DFF cells to sequential cells from liberty file).
  cell sky130_fd_sc_hd__dfxtp_2 (noninv, pins=3, area=21.27) is a direct match for cell type $_DFF_P_.
  cell sky130_fd_sc_hd__dfrtp_2 (noninv, pins=4, area=26.28) is a direct match for cell type $_DFF_PN0_.
  cell sky130_fd_sc_hd__dfstp_2 (noninv, pins=4, area=26.28) is a direct match for cell type $_DFF_PN1_.
  cell sky130_fd_sc_hd__dfbbn_2 (noninv, pins=6, area=35.03) is a direct match for cell type $_DFFSR_NNN_.
  final dff cell mappings:
    unmapped dff cell: $_DFF_N_
    \sky130_fd_sc_hd__dfxtp_2 _DFF_P_ (.CLK( C), .D( D), .Q( Q));
    unmapped dff cell: $_DFF_NN0_
    unmapped dff cell: $_DFF_NN1_
    unmapped dff cell: $_DFF_NP0_
    unmapped dff cell: $_DFF_NP1_
    \sky130_fd_sc_hd__dfrtp_2 _DFF_PN0_ (.CLK( C), .D( D), .Q( Q), .RESET_B( R));
    \sky130_fd_sc_hd__dfstp_2 _DFF_PN1_ (.CLK( C), .D( D), .Q( Q), .SET_B( R));
    unmapped dff cell: $_DFF_PP0_
    unmapped dff cell: $_DFF_PP1_
    \sky130_fd_sc_hd__dfbbn_2 _DFFSR_NNN_ (.CLK_N( C), .D( D), .Q( Q), .Q_N(~Q), .RESET_B( R), .SET_B( S));
    unmapped dff cell: $_DFFSR_NNP_
    unmapped dff cell: $_DFFSR_NPN_
    unmapped dff cell: $_DFFSR_NPP_
    unmapped dff cell: $_DFFSR_PNN_
    unmapped dff cell: $_DFFSR_PNP_
    unmapped dff cell: $_DFFSR_PPN_
    unmapped dff cell: $_DFFSR_PPP_

129.1. Executing DFFLEGALIZE pass (convert FFs to types supported by the target).
Mapping DFF cells in module `\nano_cpu':
  mapped 25 $_DFF_P_ cells to \sky130_fd_sc_hd__dfxtp_2 cells.
{
   "creator": "Yosys 0.46 (git sha1 e97731b9dda91fa5fa53ed87df7c34163ba59a41, clang++ 17.0.6 -fPIC -O3)",
   "invocation": "stat -json -liberty /home/yaser/CMOS_Tapeouts/nano_cpu/runs/RUN_2026-04-05_19-43-06/tmp/3fd336c869b34c68885cfebc1fdf33da.lib ",
   "modules": {
      "\\nano_cpu": {
         "num_wires":         202,
         "num_wire_bits":     237,
         "num_pub_wires":     7,
         "num_pub_wire_bits": 35,
         "num_ports":         5,
         "num_port_bits":     26,
         "num_memories":      0,
         "num_memory_bits":   0,
         "num_processes":     0,
         "num_cells":         227,
         "area":              531.760000,
         "num_cells_by_type": {
            "$_ANDNOT_": 47,
            "$_AND_": 2,
            "$_MUX_": 69,
            "$_NAND_": 9,
            "$_NOR_": 12,
            "$_NOT_": 11,
            "$_ORNOT_": 4,
            "$_OR_": 22,
            "$_XNOR_": 11,
            "$_XOR_": 15,
            "sky130_fd_sc_hd__dfxtp_2": 25
         }
      }
   },
      "design": {
         "num_wires":         202,
         "num_wire_bits":     237,
         "num_pub_wires":     7,
         "num_pub_wire_bits": 35,
         "num_ports":         5,
         "num_port_bits":     26,
         "num_memories":      0,
         "num_memory_bits":   0,
         "num_processes":     0,
         "num_cells":         227,
         "area":              531.760000,
         "num_cells_by_type": {
            "$_ANDNOT_": 47,
            "$_AND_": 2,
            "$_MUX_": 69,
            "$_NAND_": 9,
            "$_NOR_": 12,
            "$_NOT_": 11,
            "$_ORNOT_": 4,
            "$_OR_": 22,
            "$_XNOR_": 11,
            "$_XOR_": 15,
            "sky130_fd_sc_hd__dfxtp_2": 25
         }
      }
}

130. Printing statistics.

=== nano_cpu ===

   Number of wires:                202
   Number of wire bits:            237
   Number of public wires:           7
   Number of public wire bits:      35
   Number of ports:                  5
   Number of port bits:             26
   Number of memories:               0
   Number of memory bits:            0
   Number of processes:              0
   Number of cells:                227
     $_ANDNOT_                      47
     $_AND_                          2
     $_MUX_                         69
     $_NAND_                         9
     $_NOR_                         12
     $_NOT_                         11
     $_ORNOT_                        4
     $_OR_                          22
     $_XNOR_                        11
     $_XOR_                         15
     sky130_fd_sc_hd__dfxtp_2       25

   Area for cell type $_NOT_ is unknown!
   Area for cell type $_AND_ is unknown!
   Area for cell type $_NAND_ is unknown!
   Area for cell type $_OR_ is unknown!
   Area for cell type $_NOR_ is unknown!
   Area for cell type $_XOR_ is unknown!
   Area for cell type $_XNOR_ is unknown!
   Area for cell type $_ANDNOT_ is unknown!
   Area for cell type $_ORNOT_ is unknown!
   Area for cell type $_MUX_ is unknown!

   Chip area for module '\nano_cpu': 531.760000
     of which used for sequential elements: 531.760000 (100.00%)

[INFO] Using generated ABC script '/home/yaser/CMOS_Tapeouts/nano_cpu/runs/RUN_2026-04-05_19-43-06/06-yosys-synthesis/AREA_0.abc'…

131. Executing ABC pass (technology mapping using ABC).

131.1. Extracting gate netlist of module `\nano_cpu' to `/tmp/yosys-abc-JO2i7s/input.blif'..
Extracted 202 gates and 237 wires to a netlist network with 34 inputs and 25 outputs.

131.1.1. Executing ABC.
Running ABC command: "/nix/store/6l3aj1gi4lja8z5s4lan2k2cfz9mqkrz-yosys-abc/bin/abc" -s -f /tmp/yosys-abc-JO2i7s/abc.script 2>&1
ABC: ABC command line: "source /tmp/yosys-abc-JO2i7s/abc.script".
ABC: 
ABC: + read_blif /tmp/yosys-abc-JO2i7s/input.blif 
ABC: + read_lib -w /home/yaser/CMOS_Tapeouts/nano_cpu/runs/RUN_2026-04-05_19-43-06/tmp/3fd336c869b34c68885cfebc1fdf33da.lib 
ABC: Parsing finished successfully.  Parsing time =     0.02 sec
ABC: Scl_LibertyReadGenlib() skipped sequential cell "sky130_fd_sc_hd__dfbbn_2".
ABC: Scl_LibertyReadGenlib() skipped sequential cell "sky130_fd_sc_hd__dfrbp_2".
ABC: Scl_LibertyReadGenlib() skipped sequential cell "sky130_fd_sc_hd__dfrtp_2".
ABC: Scl_LibertyReadGenlib() skipped sequential cell "sky130_fd_sc_hd__dfrtp_4".
ABC: Scl_LibertyReadGenlib() skipped sequential cell "sky130_fd_sc_hd__dfsbp_2".
ABC: Scl_LibertyReadGenlib() skipped sequential cell "sky130_fd_sc_hd__dfstp_2".
ABC: Scl_LibertyReadGenlib() skipped sequential cell "sky130_fd_sc_hd__dfstp_4".
ABC: Scl_LibertyReadGenlib() skipped sequential cell "sky130_fd_sc_hd__dfxbp_2".
ABC: Scl_LibertyReadGenlib() skipped sequential cell "sky130_fd_sc_hd__dfxtp_2".
ABC: Scl_LibertyReadGenlib() skipped sequential cell "sky130_fd_sc_hd__dfxtp_4".
ABC: Scl_LibertyReadGenlib() skipped sequential cell "sky130_fd_sc_hd__dlxtn_1".
ABC: Scl_LibertyReadGenlib() skipped sequential cell "sky130_fd_sc_hd__dlxtn_2".
ABC: Scl_LibertyReadGenlib() skipped sequential cell "sky130_fd_sc_hd__dlxtn_4".
ABC: Scl_LibertyReadGenlib() skipped sequential cell "sky130_fd_sc_hd__dlxtp_1".
ABC: Scl_LibertyReadGenlib() skipped three-state cell "sky130_fd_sc_hd__ebufn_2".
ABC: Scl_LibertyReadGenlib() skipped three-state cell "sky130_fd_sc_hd__ebufn_4".
ABC: Scl_LibertyReadGenlib() skipped three-state cell "sky130_fd_sc_hd__ebufn_8".
ABC: Library "sky130_fd_sc_hd__tt_025C_1v80" from "/home/yaser/CMOS_Tapeouts/nano_cpu/runs/RUN_2026-04-05_19-43-06/tmp/3fd336c869b34c68885cfebc1fdf33da.lib" has 175 cells (17 skipped: 14 seq; 3 tri-state; 0 no func; 0 dont_use).  Time =     0.04 sec
ABC: Memory =    9.54 MB. Time =     0.04 sec
ABC: Warning: Detected 2 multi-output gates (for example, "sky130_fd_sc_hd__fa_1").
ABC: + read_constr -v /home/yaser/CMOS_Tapeouts/nano_cpu/runs/RUN_2026-04-05_19-43-06/06-yosys-synthesis/synthesis.abc.sdc 
ABC: Setting driving cell to be "sky130_fd_sc_hd__inv_2/Y".
ABC: Setting output load to be 33.442001.
ABC: + source /home/yaser/CMOS_Tapeouts/nano_cpu/runs/RUN_2026-04-05_19-43-06/06-yosys-synthesis/AREA_0.abc 
ABC: Error: The network is combinational.
ABC: Cannot find the default PI driving cell (sky130_fd_sc_hd__inv_2/Y) in the library.
ABC: WireLoad = "none"  Gates =    130 (  3.8 %)   Cap = 11.5 ff (  3.6 %)   Area =     1183.64 ( 85.4 %)   Delay =  2388.40 ps  ( 14.6 %)               
ABC: Path  0 --      25 : 0    5 pi                        A =   0.00  Df =   0.0   -0.0 ps  S =   0.0 ps  Cin =  0.0 ff  Cout =   8.7 ff  Cmax =   0.0 ff  G =    0  
ABC: Path  1 --     125 : 3    7 sky130_fd_sc_hd__nand3b_2 A =  11.26  Df = 257.9  -96.5 ps  S = 166.6 ps  Cin =  3.5 ff  Cout =  23.3 ff  Cmax = 263.7 ff  G =  647  
ABC: Path  2 --     126 : 3    2 sky130_fd_sc_hd__and3_2   A =   7.51  Df = 513.9 -150.6 ps  S =  50.4 ps  Cin =  1.5 ff  Cout =   4.1 ff  Cmax = 309.5 ff  G =  266  
ABC: Path  3 --     129 : 3    2 sky130_fd_sc_hd__or3_2    A =   7.51  Df = 960.1 -405.7 ps  S =  81.2 ps  Cin =  1.5 ff  Cout =   4.1 ff  Cmax = 310.4 ff  G =  261  
ABC: Path  4 --     136 : 3    3 sky130_fd_sc_hd__a21o_2   A =   8.76  Df =1173.4 -493.4 ps  S =  56.7 ps  Cin =  2.4 ff  Cout =   8.6 ff  Cmax = 309.5 ff  G =  349  
ABC: Path  5 --     161 : 4    3 sky130_fd_sc_hd__a31o_2   A =   8.76  Df =1399.4  -59.5 ps  S =  90.3 ps  Cin =  2.4 ff  Cout =  12.8 ff  Cmax = 271.9 ff  G =  522  
ABC: Path  6 --     178 : 4    3 sky130_fd_sc_hd__a31o_2   A =   8.76  Df =1669.7 -120.3 ps  S = 107.8 ps  Cin =  2.4 ff  Cout =  16.0 ff  Cmax = 271.9 ff  G =  656  
ABC: Path  7 --     187 : 4    1 sky130_fd_sc_hd__a211o_2  A =  10.01  Df =1994.6 -313.6 ps  S =  45.3 ps  Cin =  2.4 ff  Cout =   2.5 ff  Cmax = 325.0 ff  G =  100  
ABC: Path  8 --     188 : 5    1 sky130_fd_sc_hd__o311a_2  A =  11.26  Df =2118.5 -149.2 ps  S =  53.0 ps  Cin =  2.4 ff  Cout =   2.6 ff  Cmax = 293.9 ff  G =  102  
ABC: Path  9 --     189 : 3    1 sky130_fd_sc_hd__o21a_2   A =   8.76  Df =2388.4 -202.7 ps  S = 182.0 ps  Cin =  2.4 ff  Cout =  33.4 ff  Cmax = 294.8 ff  G = 1403  
ABC: Start-point = pi24 (\instruction [7]).  End-point = po24 ($auto$rtlil.cc:2739:MuxGate$940).
ABC: netlist                       : i/o =   34/   25  lat =    0  nd =   130  edge =    356  area =1183.84  delay = 9.00  lev = 9
ABC: + write_blif /tmp/yosys-abc-JO2i7s/output.blif 

131.1.2. Re-integrating ABC results.
ABC RESULTS:   sky130_fd_sc_hd__or4_2 cells:        2
ABC RESULTS:   sky130_fd_sc_hd__o221a_2 cells:        1
ABC RESULTS:   sky130_fd_sc_hd__a211oi_2 cells:        2
ABC RESULTS:   sky130_fd_sc_hd__and4b_2 cells:        1
ABC RESULTS:   sky130_fd_sc_hd__inv_2 cells:        5
ABC RESULTS:   sky130_fd_sc_hd__nand2b_2 cells:        2
ABC RESULTS:   sky130_fd_sc_hd__o211a_2 cells:        4
ABC RESULTS:   sky130_fd_sc_hd__or3_2 cells:        2
ABC RESULTS:   sky130_fd_sc_hd__a21bo_2 cells:        1
ABC RESULTS:   sky130_fd_sc_hd__nand3b_2 cells:        2
ABC RESULTS:   sky130_fd_sc_hd__a21o_2 cells:        4
ABC RESULTS:   sky130_fd_sc_hd__or3b_2 cells:        1
ABC RESULTS:   sky130_fd_sc_hd__xor2_2 cells:        5
ABC RESULTS:   sky130_fd_sc_hd__mux2_1 cells:       12
ABC RESULTS:   sky130_fd_sc_hd__o21ai_2 cells:        6
ABC RESULTS:   sky130_fd_sc_hd__nand2_2 cells:        6
ABC RESULTS:   sky130_fd_sc_hd__a2bb2o_2 cells:        2
ABC RESULTS:   sky130_fd_sc_hd__or2_2 cells:        2
ABC RESULTS:   sky130_fd_sc_hd__and2b_2 cells:        6
ABC RESULTS:   sky130_fd_sc_hd__o31ai_2 cells:        1
ABC RESULTS:   sky130_fd_sc_hd__a31o_2 cells:        4
ABC RESULTS:   sky130_fd_sc_hd__xnor2_2 cells:        4
ABC RESULTS:   sky130_fd_sc_hd__o2bb2a_2 cells:        5
ABC RESULTS:   sky130_fd_sc_hd__and3_2 cells:        6
ABC RESULTS:   sky130_fd_sc_hd__a21oi_2 cells:        6
ABC RESULTS:   sky130_fd_sc_hd__and2_2 cells:       17
ABC RESULTS:   sky130_fd_sc_hd__nor2_2 cells:       12
ABC RESULTS:   sky130_fd_sc_hd__a211o_2 cells:        1
ABC RESULTS:   sky130_fd_sc_hd__o311a_2 cells:        3
ABC RESULTS:   sky130_fd_sc_hd__o21a_2 cells:        5
ABC RESULTS:        internal signals:      178
ABC RESULTS:           input signals:       34
ABC RESULTS:          output signals:       25
Removing temp directory.

132. Executing SETUNDEF pass (replace undef values with defined constants).

133. Executing HILOMAP pass (mapping to constant drivers).

134. Executing SPLITNETS pass (splitting up multi-bit signals).

135. Executing OPT_CLEAN pass (remove unused cells and wires).
Finding unused cells or wires in module \nano_cpu..
Removed 0 unused cells and 236 unused wires.
<suppressed ~1 debug messages>

136. Executing INSBUF pass (insert buffer cells for connected wires).

137. Executing CHECK pass (checking for obvious problems).
Checking module nano_cpu...
Found and reported 0 problems.
{
   "creator": "Yosys 0.46 (git sha1 e97731b9dda91fa5fa53ed87df7c34163ba59a41, clang++ 17.0.6 -fPIC -O3)",
   "invocation": "stat -json -liberty /home/yaser/CMOS_Tapeouts/nano_cpu/runs/RUN_2026-04-05_19-43-06/tmp/3fd336c869b34c68885cfebc1fdf33da.lib ",
   "modules": {
      "\\nano_cpu": {
         "num_wires":         144,
         "num_wire_bits":     165,
         "num_pub_wires":     14,
         "num_pub_wire_bits": 35,
         "num_ports":         5,
         "num_port_bits":     26,
         "num_memories":      0,
         "num_memory_bits":   0,
         "num_processes":     0,
         "num_cells":         155,
         "area":              1715.395200,
         "num_cells_by_type": {
            "sky130_fd_sc_hd__a211o_2": 1,
            "sky130_fd_sc_hd__a211oi_2": 2,
            "sky130_fd_sc_hd__a21bo_2": 1,
            "sky130_fd_sc_hd__a21o_2": 4,
            "sky130_fd_sc_hd__a21oi_2": 6,
            "sky130_fd_sc_hd__a2bb2o_2": 2,
            "sky130_fd_sc_hd__a31o_2": 4,
            "sky130_fd_sc_hd__and2_2": 17,
            "sky130_fd_sc_hd__and2b_2": 6,
            "sky130_fd_sc_hd__and3_2": 6,
            "sky130_fd_sc_hd__and4b_2": 1,
            "sky130_fd_sc_hd__dfxtp_2": 25,
            "sky130_fd_sc_hd__inv_2": 5,
            "sky130_fd_sc_hd__mux2_1": 12,
            "sky130_fd_sc_hd__nand2_2": 6,
            "sky130_fd_sc_hd__nand2b_2": 2,
            "sky130_fd_sc_hd__nand3b_2": 2,
            "sky130_fd_sc_hd__nor2_2": 12,
            "sky130_fd_sc_hd__o211a_2": 4,
            "sky130_fd_sc_hd__o21a_2": 5,
            "sky130_fd_sc_hd__o21ai_2": 6,
            "sky130_fd_sc_hd__o221a_2": 1,
            "sky130_fd_sc_hd__o2bb2a_2": 5,
            "sky130_fd_sc_hd__o311a_2": 3,
            "sky130_fd_sc_hd__o31ai_2": 1,
            "sky130_fd_sc_hd__or2_2": 2,
            "sky130_fd_sc_hd__or3_2": 2,
            "sky130_fd_sc_hd__or3b_2": 1,
            "sky130_fd_sc_hd__or4_2": 2,
            "sky130_fd_sc_hd__xnor2_2": 4,
            "sky130_fd_sc_hd__xor2_2": 5
         }
      }
   },
      "design": {
         "num_wires":         144,
         "num_wire_bits":     165,
         "num_pub_wires":     14,
         "num_pub_wire_bits": 35,
         "num_ports":         5,
         "num_port_bits":     26,
         "num_memories":      0,
         "num_memory_bits":   0,
         "num_processes":     0,
         "num_cells":         155,
         "area":              1715.395200,
         "num_cells_by_type": {
            "sky130_fd_sc_hd__a211o_2": 1,
            "sky130_fd_sc_hd__a211oi_2": 2,
            "sky130_fd_sc_hd__a21bo_2": 1,
            "sky130_fd_sc_hd__a21o_2": 4,
            "sky130_fd_sc_hd__a21oi_2": 6,
            "sky130_fd_sc_hd__a2bb2o_2": 2,
            "sky130_fd_sc_hd__a31o_2": 4,
            "sky130_fd_sc_hd__and2_2": 17,
            "sky130_fd_sc_hd__and2b_2": 6,
            "sky130_fd_sc_hd__and3_2": 6,
            "sky130_fd_sc_hd__and4b_2": 1,
            "sky130_fd_sc_hd__dfxtp_2": 25,
            "sky130_fd_sc_hd__inv_2": 5,
            "sky130_fd_sc_hd__mux2_1": 12,
            "sky130_fd_sc_hd__nand2_2": 6,
            "sky130_fd_sc_hd__nand2b_2": 2,
            "sky130_fd_sc_hd__nand3b_2": 2,
            "sky130_fd_sc_hd__nor2_2": 12,
            "sky130_fd_sc_hd__o211a_2": 4,
            "sky130_fd_sc_hd__o21a_2": 5,
            "sky130_fd_sc_hd__o21ai_2": 6,
            "sky130_fd_sc_hd__o221a_2": 1,
            "sky130_fd_sc_hd__o2bb2a_2": 5,
            "sky130_fd_sc_hd__o311a_2": 3,
            "sky130_fd_sc_hd__o31ai_2": 1,
            "sky130_fd_sc_hd__or2_2": 2,
            "sky130_fd_sc_hd__or3_2": 2,
            "sky130_fd_sc_hd__or3b_2": 1,
            "sky130_fd_sc_hd__or4_2": 2,
            "sky130_fd_sc_hd__xnor2_2": 4,
            "sky130_fd_sc_hd__xor2_2": 5
         }
      }
}

138. Printing statistics.

=== nano_cpu ===

   Number of wires:                144
   Number of wire bits:            165
   Number of public wires:          14
   Number of public wire bits:      35
   Number of ports:                  5
   Number of port bits:             26
   Number of memories:               0
   Number of memory bits:            0
   Number of processes:              0
   Number of cells:                155
     sky130_fd_sc_hd__a211o_2        1
     sky130_fd_sc_hd__a211oi_2       2
     sky130_fd_sc_hd__a21bo_2        1
     sky130_fd_sc_hd__a21o_2         4
     sky130_fd_sc_hd__a21oi_2        6
     sky130_fd_sc_hd__a2bb2o_2       2
     sky130_fd_sc_hd__a31o_2         4
     sky130_fd_sc_hd__and2_2        17
     sky130_fd_sc_hd__and2b_2        6
     sky130_fd_sc_hd__and3_2         6
     sky130_fd_sc_hd__and4b_2        1
     sky130_fd_sc_hd__dfxtp_2       25
     sky130_fd_sc_hd__inv_2          5
     sky130_fd_sc_hd__mux2_1        12
     sky130_fd_sc_hd__nand2_2        6
     sky130_fd_sc_hd__nand2b_2       2
     sky130_fd_sc_hd__nand3b_2       2
     sky130_fd_sc_hd__nor2_2        12
     sky130_fd_sc_hd__o211a_2        4
     sky130_fd_sc_hd__o21a_2         5
     sky130_fd_sc_hd__o21ai_2        6
     sky130_fd_sc_hd__o221a_2        1
     sky130_fd_sc_hd__o2bb2a_2       5
     sky130_fd_sc_hd__o311a_2        3
     sky130_fd_sc_hd__o31ai_2        1
     sky130_fd_sc_hd__or2_2          2
     sky130_fd_sc_hd__or3_2          2
     sky130_fd_sc_hd__or3b_2         1
     sky130_fd_sc_hd__or4_2          2
     sky130_fd_sc_hd__xnor2_2        4
     sky130_fd_sc_hd__xor2_2         5

   Chip area for module '\nano_cpu': 1715.395200
     of which used for sequential elements: 531.760000 (31.00%)

139. Executing Verilog backend.
Dumping module `\nano_cpu'.

140. Executing JSON backend.
