
===========================================================================
report_checks -unconstrained
===========================================================================
======================= nom_tt_025C_1v80 Corner ===================================

Startpoint: rst (input port clocked by clk)
Endpoint: _8_ (recovery check against rising-edge clock clk)
Path Group: asynchronous
Path Type: max

Fanout         Cap        Slew       Delay        Time   Description
---------------------------------------------------------------------------------------------
                                  0.000000    0.000000   clock clk (rise edge)
                                  0.000000    0.000000   clock network delay (propagated)
                                  2.000000    2.000000 v input external delay
     2    0.011013    0.026707    0.017836    2.017836 v rst (in)
                                                         rst (net)
                      0.026707    0.000000    2.017836 v _2_/A (sky130_fd_sc_hd__inv_2)
     1    0.004095    0.025619    0.036784    2.054620 ^ _2_/Y (sky130_fd_sc_hd__inv_2)
                                                         _0_ (net)
                      0.025619    0.000009    2.054629 ^ _8_/RESET_B (sky130_fd_sc_hd__dfrtp_2)
                                              2.054629   data arrival time

                                 10.000000   10.000000   clock clk (rise edge)
                                  0.000000   10.000000   clock source latency
     2    0.006224    0.034659    0.021770   10.021770 ^ clk (in)
                                                         clk (net)
                      0.034659    0.000000   10.021770 ^ _8_/CLK (sky130_fd_sc_hd__dfrtp_2)
                                 -0.250000    9.771770   clock uncertainty
                                  0.000000    9.771770   clock reconvergence pessimism
                                  0.221803    9.993573   library recovery time
                                              9.993573   data required time
---------------------------------------------------------------------------------------------
                                              9.993573   data required time
                                             -2.054629   data arrival time
---------------------------------------------------------------------------------------------
                                              7.938944   slack (MET)


Startpoint: _8_ (rising edge-triggered flip-flop clocked by clk)
Endpoint: busy (output port clocked by clk)
Path Group: clk
Path Type: max

Fanout         Cap        Slew       Delay        Time   Description
---------------------------------------------------------------------------------------------
                                  0.000000    0.000000   clock clk (rise edge)
                                  0.000000    0.000000   clock source latency
     2    0.006224    0.034659    0.021770    0.021770 ^ clk (in)
                                                         clk (net)
                      0.034659    0.000000    0.021770 ^ _8_/CLK (sky130_fd_sc_hd__dfrtp_2)
     5    0.048609    0.138405    0.493909    0.515679 v _8_/Q (sky130_fd_sc_hd__dfrtp_2)
                                                         state_out[0] (net)
                      0.138405    0.000175    0.515854 v _3_/A (sky130_fd_sc_hd__or2_2)
     1    0.034819    0.132428    0.427904    0.943758 v _3_/X (sky130_fd_sc_hd__or2_2)
                                                         busy (net)
                      0.132428    0.000298    0.944057 v busy (out)
                                              0.944057   data arrival time

                                 10.000000   10.000000   clock clk (rise edge)
                                  0.000000   10.000000   clock network delay (propagated)
                                 -0.250000    9.750000   clock uncertainty
                                  0.000000    9.750000   clock reconvergence pessimism
                                 -2.000000    7.750000   output external delay
                                              7.750000   data required time
---------------------------------------------------------------------------------------------
                                              7.750000   data required time
                                             -0.944057   data arrival time
---------------------------------------------------------------------------------------------
                                              6.805943   slack (MET)




===========================================================================
report_checks --slack_max -0.01
============================================================================
======================= nom_tt_025C_1v80 Corner ===================================

No paths found.


===========================================================================
 report_check_types -max_slew -max_cap -max_fanout -violators
============================================================================
======================= nom_tt_025C_1v80 Corner ===================================



===========================================================================
report_parasitic_annotation -report_unannotated
============================================================================
Found 0 unannotated drivers.
Found 0 partially unannotated drivers.

===========================================================================
max slew violation count 0
Writing metric design__max_slew_violation__count__corner:nom_tt_025C_1v80: 0
max fanout violation count 0
Writing metric design__max_fanout_violation__count__corner:nom_tt_025C_1v80: 0
max cap violation count 0
Writing metric design__max_cap_violation__count__corner:nom_tt_025C_1v80: 0
============================================================================

===========================================================================
check_setup -verbose -unconstrained_endpoints -multiple_clock -no_clock -no_input_delay -loops -generated_clocks
===========================================================================
