Clock: clk
Sources: clk 
Generated: no
Virtual: yes
Propagated: no
Period: 10.000000

===========================================================================
report_clock_properties
============================================================================
Clock                   Period          Waveform
----------------------------------------------------
clk                  10.000000    0.000000  5.000000

===========================================================================
report_clock_latency
============================================================================
Clock clk
rise -> rise
    min     max
0.000000 0.000000 source latency
0.021770         network latency _8_/CLK
        0.021788 network latency _9_/CLK
---------------
0.021770 0.021788 latency
        0.000018 skew

fall -> fall
    min     max
0.000000 0.000000 source latency
0.009571         network latency _8_/CLK
        0.009587 network latency _9_/CLK
---------------
0.009571 0.009587 latency
        0.000017 skew



===========================================================================
report_clock_min_period
============================================================================
clk period_min = 1.10 fmax = 912.45
