Reading OpenROAD database at '/home/yaser/CMOS_Tapeouts/control_unit/runs/RUN_2026-04-04_09-19-09/27-openroad-globalplacement/control_unit.odb'…
Reading library file at '/home/yaser/.volare/volare/sky130/versions/0fe599b2afb6708d281543108caf8310912f54af/sky130A/libs.ref/sky130_fd_sc_hd/lib/sky130_fd_sc_hd__tt_025C_1v80.lib'…
Reading design constraints file at '/nix/store/ss2cw3sxbrwwx9jl0rrppbw4kgcmgi2n-python3-3.11.9-env/lib/python3.11/site-packages/openlane/scripts/base.sdc'…
[INFO] Using clock clk…
[INFO] Setting output delay to: 2.0
[INFO] Setting input delay to: 2.0
[INFO] Setting load to: 0.033442
[INFO] Setting clock uncertainty to: 0.25
[INFO] Setting clock transition to: 0.1499999999999999944488848768742172978818416595458984375
[INFO] Setting timing derate to: 5%
[INFO] Setting RC values…
[WARNING GRT-0097] No global routing found for nets.
%OL_CREATE_REPORT min.rpt

===========================================================================
report_checks -path_delay min (Hold)
============================================================================
======================= nom_tt_025C_1v80 Corner ===================================

Startpoint: _9_ (rising edge-triggered flip-flop clocked by clk)
Endpoint: _9_ (rising edge-triggered flip-flop clocked by clk)
Path Group: clk
Path Type: min

Fanout         Cap        Slew       Delay        Time   Description
---------------------------------------------------------------------------------------------
                                  0.000000    0.000000   clock clk (rise edge)
                                  0.000000    0.000000   clock source latency
     2    0.006224    0.034659    0.021788    0.021788 ^ clk (in)
                                                         clk (net)
                      0.034660    0.000000    0.021788 ^ _9_/CLK (sky130_fd_sc_hd__dfrtp_2)
     5    0.051097    0.247190    0.500178    0.521966 ^ _9_/Q (sky130_fd_sc_hd__dfrtp_2)
                                                         state_out[1] (net)
                      0.247190    0.000148    0.522115 ^ _6_/B (sky130_fd_sc_hd__xor2_2)
     1    0.002815    0.030307    0.091563    0.613678 v _6_/X (sky130_fd_sc_hd__xor2_2)
                                                         next_state[1] (net)
                      0.030307    0.000011    0.613689 v _9_/D (sky130_fd_sc_hd__dfrtp_2)
                                              0.613689   data arrival time

                                  0.000000    0.000000   clock clk (rise edge)
                                  0.000000    0.000000   clock source latency
     2    0.006224    0.034659    0.021788    0.021788 ^ clk (in)
                                                         clk (net)
                      0.034660    0.000000    0.021788 ^ _9_/CLK (sky130_fd_sc_hd__dfrtp_2)
                                  0.250000    0.271788   clock uncertainty
                                  0.000000    0.271788   clock reconvergence pessimism
                                 -0.038490    0.233299   library hold time
                                              0.233299   data required time
---------------------------------------------------------------------------------------------
                                              0.233299   data required time
                                             -0.613689   data arrival time
---------------------------------------------------------------------------------------------
                                              0.380391   slack (MET)


Startpoint: _9_ (rising edge-triggered flip-flop clocked by clk)
Endpoint: _8_ (rising edge-triggered flip-flop clocked by clk)
Path Group: clk
Path Type: min

Fanout         Cap        Slew       Delay        Time   Description
---------------------------------------------------------------------------------------------
                                  0.000000    0.000000   clock clk (rise edge)
                                  0.000000    0.000000   clock source latency
     2    0.006224    0.034659    0.021788    0.021788 ^ clk (in)
                                                         clk (net)
                      0.034660    0.000000    0.021788 ^ _9_/CLK (sky130_fd_sc_hd__dfrtp_2)
     5    0.051097    0.247190    0.500178    0.521966 ^ _9_/Q (sky130_fd_sc_hd__dfrtp_2)
                                                         state_out[1] (net)
                      0.247190    0.000166    0.522132 ^ _5_/A1 (sky130_fd_sc_hd__o21ba_2)
     1    0.002301    0.031220    0.175586    0.697719 ^ _5_/X (sky130_fd_sc_hd__o21ba_2)
                                                         next_state[0] (net)
                      0.031220    0.000004    0.697723 ^ _8_/D (sky130_fd_sc_hd__dfrtp_2)
                                              0.697723   data arrival time

                                  0.000000    0.000000   clock clk (rise edge)
                                  0.000000    0.000000   clock source latency
     2    0.006224    0.034659    0.021770    0.021770 ^ clk (in)
                                                         clk (net)
                      0.034659    0.000000    0.021770 ^ _8_/CLK (sky130_fd_sc_hd__dfrtp_2)
                                  0.250000    0.271770   clock uncertainty
                                  0.000000    0.271770   clock reconvergence pessimism
                                 -0.033233    0.238538   library hold time
                                              0.238538   data required time
---------------------------------------------------------------------------------------------
                                              0.238538   data required time
                                             -0.697723   data arrival time
---------------------------------------------------------------------------------------------
                                              0.459185   slack (MET)


Startpoint: rst (input port clocked by clk)
Endpoint: _9_ (removal check against rising-edge clock clk)
Path Group: asynchronous
Path Type: min

Fanout         Cap        Slew       Delay        Time   Description
---------------------------------------------------------------------------------------------
                                  0.000000    0.000000   clock clk (rise edge)
                                  0.000000    0.000000   clock network delay (propagated)
                                  2.000000    2.000000 v input external delay
     2    0.011013    0.026707    0.017813    2.017813 v rst (in)
                                                         rst (net)
                      0.026707    0.000000    2.017813 v _7_/A (sky130_fd_sc_hd__inv_2)
     1    0.003770    0.025177    0.035693    2.053506 ^ _7_/Y (sky130_fd_sc_hd__inv_2)
                                                         _1_ (net)
                      0.025177    0.000004    2.053509 ^ _9_/RESET_B (sky130_fd_sc_hd__dfrtp_2)
                                              2.053509   data arrival time

                                  0.000000    0.000000   clock clk (rise edge)
                                  0.000000    0.000000   clock source latency
     2    0.006224    0.034659    0.021788    0.021788 ^ clk (in)
                                                         clk (net)
                      0.034660    0.000000    0.021788 ^ _9_/CLK (sky130_fd_sc_hd__dfrtp_2)
                                  0.250000    0.271788   clock uncertainty
                                  0.000000    0.271788   clock reconvergence pessimism
                                  0.311999    0.583787   library removal time
                                              0.583787   data required time
---------------------------------------------------------------------------------------------
                                              0.583787   data required time
                                             -2.053509   data arrival time
---------------------------------------------------------------------------------------------
                                              1.469722   slack (MET)


Startpoint: rst (input port clocked by clk)
Endpoint: _8_ (removal check against rising-edge clock clk)
Path Group: asynchronous
Path Type: min

Fanout         Cap        Slew       Delay        Time   Description
---------------------------------------------------------------------------------------------
                                  0.000000    0.000000   clock clk (rise edge)
                                  0.000000    0.000000   clock network delay (propagated)
                                  2.000000    2.000000 v input external delay
     2    0.011013    0.026707    0.017836    2.017836 v rst (in)
                                                         rst (net)
                      0.026707    0.000000    2.017836 v _2_/A (sky130_fd_sc_hd__inv_2)
     1    0.004095    0.025619    0.036784    2.054620 ^ _2_/Y (sky130_fd_sc_hd__inv_2)
                                                         _0_ (net)
                      0.025619    0.000009    2.054629 ^ _8_/RESET_B (sky130_fd_sc_hd__dfrtp_2)
                                              2.054629   data arrival time

                                  0.000000    0.000000   clock clk (rise edge)
                                  0.000000    0.000000   clock source latency
     2    0.006224    0.034659    0.021770    0.021770 ^ clk (in)
                                                         clk (net)
                      0.034659    0.000000    0.021770 ^ _8_/CLK (sky130_fd_sc_hd__dfrtp_2)
                                  0.250000    0.271770   clock uncertainty
                                  0.000000    0.271770   clock reconvergence pessimism
                                  0.312119    0.583889   library removal time
                                              0.583889   data required time
---------------------------------------------------------------------------------------------
                                              0.583889   data required time
                                             -2.054629   data arrival time
---------------------------------------------------------------------------------------------
                                              1.470740   slack (MET)


Startpoint: _8_ (rising edge-triggered flip-flop clocked by clk)
Endpoint: state_out[0] (output port clocked by clk)
Path Group: clk
Path Type: min

Fanout         Cap        Slew       Delay        Time   Description
---------------------------------------------------------------------------------------------
                                  0.000000    0.000000   clock clk (rise edge)
                                  0.000000    0.000000   clock source latency
     2    0.006224    0.034659    0.021770    0.021770 ^ clk (in)
                                                         clk (net)
                      0.034659    0.000000    0.021770 ^ _8_/CLK (sky130_fd_sc_hd__dfrtp_2)
     5    0.048609    0.138405    0.493909    0.515679 v _8_/Q (sky130_fd_sc_hd__dfrtp_2)
                                                         state_out[0] (net)
                      0.138405    0.000427    0.516106 v state_out[0] (out)
                                              0.516106   data arrival time

                                  0.000000    0.000000   clock clk (rise edge)
                                  0.000000    0.000000   clock network delay (propagated)
                                  0.250000    0.250000   clock uncertainty
                                  0.000000    0.250000   clock reconvergence pessimism
                                 -2.000000   -1.750000   output external delay
                                             -1.750000   data required time
---------------------------------------------------------------------------------------------
                                             -1.750000   data required time
                                             -0.516106   data arrival time
---------------------------------------------------------------------------------------------
                                              2.266106   slack (MET)


Startpoint: _9_ (rising edge-triggered flip-flop clocked by clk)
Endpoint: state_out[1] (output port clocked by clk)
Path Group: clk
Path Type: min

Fanout         Cap        Slew       Delay        Time   Description
---------------------------------------------------------------------------------------------
                                  0.000000    0.000000   clock clk (rise edge)
                                  0.000000    0.000000   clock source latency
     2    0.006224    0.034659    0.021788    0.021788 ^ clk (in)
                                                         clk (net)
                      0.034660    0.000000    0.021788 ^ _9_/CLK (sky130_fd_sc_hd__dfrtp_2)
     5    0.049900    0.141103    0.496405    0.518194 v _9_/Q (sky130_fd_sc_hd__dfrtp_2)
                                                         state_out[1] (net)
                      0.141103    0.000151    0.518345 v state_out[1] (out)
                                              0.518345   data arrival time

                                  0.000000    0.000000   clock clk (rise edge)
                                  0.000000    0.000000   clock network delay (propagated)
                                  0.250000    0.250000   clock uncertainty
                                  0.000000    0.250000   clock reconvergence pessimism
                                 -2.000000   -1.750000   output external delay
                                             -1.750000   data required time
---------------------------------------------------------------------------------------------
                                             -1.750000   data required time
                                             -0.518345   data arrival time
---------------------------------------------------------------------------------------------
                                              2.268345   slack (MET)


Startpoint: _8_ (rising edge-triggered flip-flop clocked by clk)
Endpoint: busy (output port clocked by clk)
Path Group: clk
Path Type: min

Fanout         Cap        Slew       Delay        Time   Description
---------------------------------------------------------------------------------------------
                                  0.000000    0.000000   clock clk (rise edge)
                                  0.000000    0.000000   clock source latency
     2    0.006224    0.034659    0.021770    0.021770 ^ clk (in)
                                                         clk (net)
                      0.034659    0.000000    0.021770 ^ _8_/CLK (sky130_fd_sc_hd__dfrtp_2)
     5    0.049725    0.241000    0.495626    0.517396 ^ _8_/Q (sky130_fd_sc_hd__dfrtp_2)
                                                         state_out[0] (net)
                      0.241000    0.000179    0.517575 ^ _3_/A (sky130_fd_sc_hd__or2_2)
     1    0.034819    0.182703    0.271482    0.789057 ^ _3_/X (sky130_fd_sc_hd__or2_2)
                                                         busy (net)
                      0.182703    0.000298    0.789355 ^ busy (out)
                                              0.789355   data arrival time

                                  0.000000    0.000000   clock clk (rise edge)
                                  0.000000    0.000000   clock network delay (propagated)
                                  0.250000    0.250000   clock uncertainty
                                  0.000000    0.250000   clock reconvergence pessimism
                                 -2.000000   -1.750000   output external delay
                                             -1.750000   data required time
---------------------------------------------------------------------------------------------
                                             -1.750000   data required time
                                             -0.789355   data arrival time
---------------------------------------------------------------------------------------------
                                              2.539355   slack (MET)


Startpoint: _8_ (rising edge-triggered flip-flop clocked by clk)
Endpoint: done (output port clocked by clk)
Path Group: clk
Path Type: min

Fanout         Cap        Slew       Delay        Time   Description
---------------------------------------------------------------------------------------------
                                  0.000000    0.000000   clock clk (rise edge)
                                  0.000000    0.000000   clock source latency
     2    0.006224    0.034659    0.021770    0.021770 ^ clk (in)
                                                         clk (net)
                      0.034659    0.000000    0.021770 ^ _8_/CLK (sky130_fd_sc_hd__dfrtp_2)
     5    0.048609    0.138405    0.493909    0.515679 v _8_/Q (sky130_fd_sc_hd__dfrtp_2)
                                                         state_out[0] (net)
                      0.138405    0.000230    0.515909 v _4_/A (sky130_fd_sc_hd__and2_2)
     1    0.034830    0.103209    0.283130    0.799039 v _4_/X (sky130_fd_sc_hd__and2_2)
                                                         done (net)
                      0.103209    0.000300    0.799339 v done (out)
                                              0.799339   data arrival time

                                  0.000000    0.000000   clock clk (rise edge)
                                  0.000000    0.000000   clock network delay (propagated)
                                  0.250000    0.250000   clock uncertainty
                                  0.000000    0.250000   clock reconvergence pessimism
                                 -2.000000   -1.750000   output external delay
                                             -1.750000   data required time
---------------------------------------------------------------------------------------------
                                             -1.750000   data required time
                                             -0.799339   data arrival time
---------------------------------------------------------------------------------------------
                                              2.549339   slack (MET)



%OL_END_REPORT
%OL_CREATE_REPORT max.rpt

===========================================================================
report_checks -path_delay max (Setup)
============================================================================
======================= nom_tt_025C_1v80 Corner ===================================

Startpoint: _8_ (rising edge-triggered flip-flop clocked by clk)
Endpoint: busy (output port clocked by clk)
Path Group: clk
Path Type: max

Fanout         Cap        Slew       Delay        Time   Description
---------------------------------------------------------------------------------------------
                                  0.000000    0.000000   clock clk (rise edge)
                                  0.000000    0.000000   clock source latency
     2    0.006224    0.034659    0.021770    0.021770 ^ clk (in)
                                                         clk (net)
                      0.034659    0.000000    0.021770 ^ _8_/CLK (sky130_fd_sc_hd__dfrtp_2)
     5    0.048609    0.138405    0.493909    0.515679 v _8_/Q (sky130_fd_sc_hd__dfrtp_2)
                                                         state_out[0] (net)
                      0.138405    0.000175    0.515854 v _3_/A (sky130_fd_sc_hd__or2_2)
     1    0.034819    0.132428    0.427904    0.943758 v _3_/X (sky130_fd_sc_hd__or2_2)
                                                         busy (net)
                      0.132428    0.000298    0.944057 v busy (out)
                                              0.944057   data arrival time

                                 10.000000   10.000000   clock clk (rise edge)
                                  0.000000   10.000000   clock network delay (propagated)
                                 -0.250000    9.750000   clock uncertainty
                                  0.000000    9.750000   clock reconvergence pessimism
                                 -2.000000    7.750000   output external delay
                                              7.750000   data required time
---------------------------------------------------------------------------------------------
                                              7.750000   data required time
                                             -0.944057   data arrival time
---------------------------------------------------------------------------------------------
                                              6.805943   slack (MET)


Startpoint: _9_ (rising edge-triggered flip-flop clocked by clk)
Endpoint: done (output port clocked by clk)
Path Group: clk
Path Type: max

Fanout         Cap        Slew       Delay        Time   Description
---------------------------------------------------------------------------------------------
                                  0.000000    0.000000   clock clk (rise edge)
                                  0.000000    0.000000   clock source latency
     2    0.006224    0.034659    0.021788    0.021788 ^ clk (in)
                                                         clk (net)
                      0.034660    0.000000    0.021788 ^ _9_/CLK (sky130_fd_sc_hd__dfrtp_2)
     5    0.049900    0.141103    0.496405    0.518194 v _9_/Q (sky130_fd_sc_hd__dfrtp_2)
                                                         state_out[1] (net)
                      0.141103    0.000150    0.518343 v _4_/B (sky130_fd_sc_hd__and2_2)
     1    0.034830    0.105140    0.307374    0.825718 v _4_/X (sky130_fd_sc_hd__and2_2)
                                                         done (net)
                      0.105140    0.000300    0.826018 v done (out)
                                              0.826018   data arrival time

                                 10.000000   10.000000   clock clk (rise edge)
                                  0.000000   10.000000   clock network delay (propagated)
                                 -0.250000    9.750000   clock uncertainty
                                  0.000000    9.750000   clock reconvergence pessimism
                                 -2.000000    7.750000   output external delay
                                              7.750000   data required time
---------------------------------------------------------------------------------------------
                                              7.750000   data required time
                                             -0.826018   data arrival time
---------------------------------------------------------------------------------------------
                                              6.923982   slack (MET)


Startpoint: _9_ (rising edge-triggered flip-flop clocked by clk)
Endpoint: state_out[1] (output port clocked by clk)
Path Group: clk
Path Type: max

Fanout         Cap        Slew       Delay        Time   Description
---------------------------------------------------------------------------------------------
                                  0.000000    0.000000   clock clk (rise edge)
                                  0.000000    0.000000   clock source latency
     2    0.006224    0.034659    0.021788    0.021788 ^ clk (in)
                                                         clk (net)
                      0.034660    0.000000    0.021788 ^ _9_/CLK (sky130_fd_sc_hd__dfrtp_2)
     5    0.051097    0.247190    0.500178    0.521966 ^ _9_/Q (sky130_fd_sc_hd__dfrtp_2)
                                                         state_out[1] (net)
                      0.247190    0.000152    0.522118 ^ state_out[1] (out)
                                              0.522118   data arrival time

                                 10.000000   10.000000   clock clk (rise edge)
                                  0.000000   10.000000   clock network delay (propagated)
                                 -0.250000    9.750000   clock uncertainty
                                  0.000000    9.750000   clock reconvergence pessimism
                                 -2.000000    7.750000   output external delay
                                              7.750000   data required time
---------------------------------------------------------------------------------------------
                                              7.750000   data required time
                                             -0.522118   data arrival time
---------------------------------------------------------------------------------------------
                                              7.227882   slack (MET)


Startpoint: _8_ (rising edge-triggered flip-flop clocked by clk)
Endpoint: state_out[0] (output port clocked by clk)
Path Group: clk
Path Type: max

Fanout         Cap        Slew       Delay        Time   Description
---------------------------------------------------------------------------------------------
                                  0.000000    0.000000   clock clk (rise edge)
                                  0.000000    0.000000   clock source latency
     2    0.006224    0.034659    0.021770    0.021770 ^ clk (in)
                                                         clk (net)
                      0.034659    0.000000    0.021770 ^ _8_/CLK (sky130_fd_sc_hd__dfrtp_2)
     5    0.049725    0.241000    0.495626    0.517396 ^ _8_/Q (sky130_fd_sc_hd__dfrtp_2)
                                                         state_out[0] (net)
                      0.241000    0.000432    0.517827 ^ state_out[0] (out)
                                              0.517827   data arrival time

                                 10.000000   10.000000   clock clk (rise edge)
                                  0.000000   10.000000   clock network delay (propagated)
                                 -0.250000    9.750000   clock uncertainty
                                  0.000000    9.750000   clock reconvergence pessimism
                                 -2.000000    7.750000   output external delay
                                              7.750000   data required time
---------------------------------------------------------------------------------------------
                                              7.750000   data required time
                                             -0.517827   data arrival time
---------------------------------------------------------------------------------------------
                                              7.232173   slack (MET)


Startpoint: start (input port clocked by clk)
Endpoint: _8_ (rising edge-triggered flip-flop clocked by clk)
Path Group: clk
Path Type: max

Fanout         Cap        Slew       Delay        Time   Description
---------------------------------------------------------------------------------------------
                                  0.000000    0.000000   clock clk (rise edge)
                                  0.000000    0.000000   clock network delay (propagated)
                                  2.000000    2.000000 v input external delay
     1    0.003390    0.010003    0.005408    2.005408 v start (in)
                                                         start (net)
                      0.010003    0.000000    2.005408 v _5_/A2 (sky130_fd_sc_hd__o21ba_2)
     1    0.002245    0.033444    0.173894    2.179303 v _5_/X (sky130_fd_sc_hd__o21ba_2)
                                                         next_state[0] (net)
                      0.033444    0.000004    2.179307 v _8_/D (sky130_fd_sc_hd__dfrtp_2)
                                              2.179307   data arrival time

                                 10.000000   10.000000   clock clk (rise edge)
                                  0.000000   10.000000   clock source latency
     2    0.006224    0.034659    0.021770   10.021770 ^ clk (in)
                                                         clk (net)
                      0.034659    0.000000   10.021770 ^ _8_/CLK (sky130_fd_sc_hd__dfrtp_2)
                                 -0.250000    9.771770   clock uncertainty
                                  0.000000    9.771770   clock reconvergence pessimism
                                 -0.112813    9.658957   library setup time
                                              9.658957   data required time
---------------------------------------------------------------------------------------------
                                              9.658957   data required time
                                             -2.179307   data arrival time
---------------------------------------------------------------------------------------------
                                              7.479651   slack (MET)


Startpoint: rst (input port clocked by clk)
Endpoint: _8_ (recovery check against rising-edge clock clk)
Path Group: asynchronous
Path Type: max

Fanout         Cap        Slew       Delay        Time   Description
---------------------------------------------------------------------------------------------
                                  0.000000    0.000000   clock clk (rise edge)
                                  0.000000    0.000000   clock network delay (propagated)
                                  2.000000    2.000000 v input external delay
     2    0.011013    0.026707    0.017836    2.017836 v rst (in)
                                                         rst (net)
                      0.026707    0.000000    2.017836 v _2_/A (sky130_fd_sc_hd__inv_2)
     1    0.004095    0.025619    0.036784    2.054620 ^ _2_/Y (sky130_fd_sc_hd__inv_2)
                                                         _0_ (net)
                      0.025619    0.000009    2.054629 ^ _8_/RESET_B (sky130_fd_sc_hd__dfrtp_2)
                                              2.054629   data arrival time

                                 10.000000   10.000000   clock clk (rise edge)
                                  0.000000   10.000000   clock source latency
     2    0.006224    0.034659    0.021770   10.021770 ^ clk (in)
                                                         clk (net)
                      0.034659    0.000000   10.021770 ^ _8_/CLK (sky130_fd_sc_hd__dfrtp_2)
                                 -0.250000    9.771770   clock uncertainty
                                  0.000000    9.771770   clock reconvergence pessimism
                                  0.221803    9.993573   library recovery time
                                              9.993573   data required time
---------------------------------------------------------------------------------------------
                                              9.993573   data required time
                                             -2.054629   data arrival time
---------------------------------------------------------------------------------------------
                                              7.938944   slack (MET)


Startpoint: rst (input port clocked by clk)
Endpoint: _9_ (recovery check against rising-edge clock clk)
Path Group: asynchronous
Path Type: max

Fanout         Cap        Slew       Delay        Time   Description
---------------------------------------------------------------------------------------------
                                  0.000000    0.000000   clock clk (rise edge)
                                  0.000000    0.000000   clock network delay (propagated)
                                  2.000000    2.000000 v input external delay
     2    0.011013    0.026707    0.017813    2.017813 v rst (in)
                                                         rst (net)
                      0.026707    0.000000    2.017813 v _7_/A (sky130_fd_sc_hd__inv_2)
     1    0.003770    0.025177    0.035693    2.053506 ^ _7_/Y (sky130_fd_sc_hd__inv_2)
                                                         _1_ (net)
                      0.025177    0.000004    2.053509 ^ _9_/RESET_B (sky130_fd_sc_hd__dfrtp_2)
                                              2.053509   data arrival time

                                 10.000000   10.000000   clock clk (rise edge)
                                  0.000000   10.000000   clock source latency
     2    0.006224    0.034659    0.021788   10.021789 ^ clk (in)
                                                         clk (net)
                      0.034660    0.000000   10.021789 ^ _9_/CLK (sky130_fd_sc_hd__dfrtp_2)
                                 -0.250000    9.771788   clock uncertainty
                                  0.000000    9.771788   clock reconvergence pessimism
                                  0.221936    9.993724   library recovery time
                                              9.993724   data required time
---------------------------------------------------------------------------------------------
                                              9.993724   data required time
                                             -2.053509   data arrival time
---------------------------------------------------------------------------------------------
                                              7.940214   slack (MET)


Startpoint: _8_ (rising edge-triggered flip-flop clocked by clk)
Endpoint: _9_ (rising edge-triggered flip-flop clocked by clk)
Path Group: clk
Path Type: max

Fanout         Cap        Slew       Delay        Time   Description
---------------------------------------------------------------------------------------------
                                  0.000000    0.000000   clock clk (rise edge)
                                  0.000000    0.000000   clock source latency
     2    0.006224    0.034659    0.021770    0.021770 ^ clk (in)
                                                         clk (net)
                      0.034659    0.000000    0.021770 ^ _8_/CLK (sky130_fd_sc_hd__dfrtp_2)
     5    0.048609    0.138405    0.493909    0.515679 v _8_/Q (sky130_fd_sc_hd__dfrtp_2)
                                                         state_out[0] (net)
                      0.138405    0.000183    0.515861 v _6_/A (sky130_fd_sc_hd__xor2_2)
     1    0.002815    0.066515    0.196794    0.712656 v _6_/X (sky130_fd_sc_hd__xor2_2)
                                                         next_state[1] (net)
                      0.066515    0.000011    0.712667 v _9_/D (sky130_fd_sc_hd__dfrtp_2)
                                              0.712667   data arrival time

                                 10.000000   10.000000   clock clk (rise edge)
                                  0.000000   10.000000   clock source latency
     2    0.006224    0.034659    0.021788   10.021789 ^ clk (in)
                                                         clk (net)
                      0.034660    0.000000   10.021789 ^ _9_/CLK (sky130_fd_sc_hd__dfrtp_2)
                                 -0.250000    9.771788   clock uncertainty
                                  0.000000    9.771788   clock reconvergence pessimism
                                 -0.127333    9.644455   library setup time
                                              9.644455   data required time
---------------------------------------------------------------------------------------------
                                              9.644455   data required time
                                             -0.712667   data arrival time
---------------------------------------------------------------------------------------------
                                              8.931788   slack (MET)



%OL_END_REPORT
%OL_CREATE_REPORT checks.rpt

===========================================================================
report_checks -unconstrained
===========================================================================
======================= nom_tt_025C_1v80 Corner ===================================

Startpoint: rst (input port clocked by clk)
Endpoint: _8_ (recovery check against rising-edge clock clk)
Path Group: asynchronous
Path Type: max

Fanout         Cap        Slew       Delay        Time   Description
---------------------------------------------------------------------------------------------
                                  0.000000    0.000000   clock clk (rise edge)
                                  0.000000    0.000000   clock network delay (propagated)
                                  2.000000    2.000000 v input external delay
     2    0.011013    0.026707    0.017836    2.017836 v rst (in)
                                                         rst (net)
                      0.026707    0.000000    2.017836 v _2_/A (sky130_fd_sc_hd__inv_2)
     1    0.004095    0.025619    0.036784    2.054620 ^ _2_/Y (sky130_fd_sc_hd__inv_2)
                                                         _0_ (net)
                      0.025619    0.000009    2.054629 ^ _8_/RESET_B (sky130_fd_sc_hd__dfrtp_2)
                                              2.054629   data arrival time

                                 10.000000   10.000000   clock clk (rise edge)
                                  0.000000   10.000000   clock source latency
     2    0.006224    0.034659    0.021770   10.021770 ^ clk (in)
                                                         clk (net)
                      0.034659    0.000000   10.021770 ^ _8_/CLK (sky130_fd_sc_hd__dfrtp_2)
                                 -0.250000    9.771770   clock uncertainty
                                  0.000000    9.771770   clock reconvergence pessimism
                                  0.221803    9.993573   library recovery time
                                              9.993573   data required time
---------------------------------------------------------------------------------------------
                                              9.993573   data required time
                                             -2.054629   data arrival time
---------------------------------------------------------------------------------------------
                                              7.938944   slack (MET)


Startpoint: _8_ (rising edge-triggered flip-flop clocked by clk)
Endpoint: busy (output port clocked by clk)
Path Group: clk
Path Type: max

Fanout         Cap        Slew       Delay        Time   Description
---------------------------------------------------------------------------------------------
                                  0.000000    0.000000   clock clk (rise edge)
                                  0.000000    0.000000   clock source latency
     2    0.006224    0.034659    0.021770    0.021770 ^ clk (in)
                                                         clk (net)
                      0.034659    0.000000    0.021770 ^ _8_/CLK (sky130_fd_sc_hd__dfrtp_2)
     5    0.048609    0.138405    0.493909    0.515679 v _8_/Q (sky130_fd_sc_hd__dfrtp_2)
                                                         state_out[0] (net)
                      0.138405    0.000175    0.515854 v _3_/A (sky130_fd_sc_hd__or2_2)
     1    0.034819    0.132428    0.427904    0.943758 v _3_/X (sky130_fd_sc_hd__or2_2)
                                                         busy (net)
                      0.132428    0.000298    0.944057 v busy (out)
                                              0.944057   data arrival time

                                 10.000000   10.000000   clock clk (rise edge)
                                  0.000000   10.000000   clock network delay (propagated)
                                 -0.250000    9.750000   clock uncertainty
                                  0.000000    9.750000   clock reconvergence pessimism
                                 -2.000000    7.750000   output external delay
                                              7.750000   data required time
---------------------------------------------------------------------------------------------
                                              7.750000   data required time
                                             -0.944057   data arrival time
---------------------------------------------------------------------------------------------
                                              6.805943   slack (MET)




===========================================================================
report_checks --slack_max -0.01
============================================================================
======================= nom_tt_025C_1v80 Corner ===================================

No paths found.


===========================================================================
 report_check_types -max_slew -max_cap -max_fanout -violators
============================================================================
======================= nom_tt_025C_1v80 Corner ===================================



===========================================================================
report_parasitic_annotation -report_unannotated
============================================================================
Found 0 unannotated drivers.
Found 0 partially unannotated drivers.

===========================================================================
max slew violation count 0
Writing metric design__max_slew_violation__count__corner:nom_tt_025C_1v80: 0
max fanout violation count 0
Writing metric design__max_fanout_violation__count__corner:nom_tt_025C_1v80: 0
max cap violation count 0
Writing metric design__max_cap_violation__count__corner:nom_tt_025C_1v80: 0
============================================================================

===========================================================================
check_setup -verbose -unconstrained_endpoints -multiple_clock -no_clock -no_input_delay -loops -generated_clocks
===========================================================================
%OL_END_REPORT
%OL_CREATE_REPORT power.rpt

===========================================================================
 report_power
============================================================================
======================= nom_tt_025C_1v80 Corner ===================================

Group                    Internal    Switching      Leakage        Total
                            Power        Power        Power        Power (Watts)
------------------------------------------------------------------------
Sequential           1.357695e-05 1.633314e-05 2.158938e-11 2.991010e-05  58.9%
Combinational        8.119687e-06 1.273707e-05 2.316503e-11 2.085678e-05  41.1%
Clock                0.000000e+00 0.000000e+00 6.480075e-11 6.480075e-11   0.0%
Macro                0.000000e+00 0.000000e+00 0.000000e+00 0.000000e+00   0.0%
Pad                  0.000000e+00 0.000000e+00 0.000000e+00 0.000000e+00   0.0%
------------------------------------------------------------------------
Total                2.169663e-05 2.907021e-05 1.095552e-10 5.076695e-05 100.0%
                            42.7%        57.3%         0.0%
Writing metric power__internal__total: 2.1696632757084444e-5
Writing metric power__switching__total: 2.9070208256598562e-5
Writing metric power__leakage__total: 1.0955519824662474e-10
Writing metric power__total: 5.076695015304722e-5

%OL_END_REPORT
%OL_CREATE_REPORT skew.min.rpt

===========================================================================
Clock Skew (Hold)
============================================================================
Writing metric clock__skew__worst_hold__corner:nom_tt_025C_1v80: -0.2500181243913896
======================= nom_tt_025C_1v80 Corner ===================================

Clock clk
0.021770 source latency _8_/CLK ^
-0.021788 target latency _9_/CLK ^
-0.250000 clock uncertainty
0.000000 CRPR
--------------
-0.250018 hold skew

%OL_END_REPORT
%OL_CREATE_REPORT skew.max.rpt

===========================================================================
Clock Skew (Setup)
============================================================================
Writing metric clock__skew__worst_setup__corner:nom_tt_025C_1v80: 0.2500181243913896
======================= nom_tt_025C_1v80 Corner ===================================

Clock clk
0.021788 source latency _9_/CLK ^
-0.021770 target latency _8_/CLK ^
0.250000 clock uncertainty
0.000000 CRPR
--------------
0.250018 setup skew

%OL_END_REPORT
%OL_CREATE_REPORT ws.min.rpt

===========================================================================
Worst Slack (Hold)
============================================================================
Writing metric timing__hold__ws__corner:nom_tt_025C_1v80: 0.3803905631484327
nom_tt_025C_1v80: 0.3803905631484327
%OL_END_REPORT
%OL_CREATE_REPORT ws.max.rpt

===========================================================================
Worst Slack (Setup)
============================================================================
Writing metric timing__setup__ws__corner:nom_tt_025C_1v80: 6.805943556925966
nom_tt_025C_1v80: 6.805943556925966
%OL_END_REPORT
%OL_CREATE_REPORT tns.min.rpt

===========================================================================
Total Negative Slack (Hold)
============================================================================
Writing metric timing__hold__tns__corner:nom_tt_025C_1v80: 0.0
nom_tt_025C_1v80: 0.0
%OL_END_REPORT
%OL_CREATE_REPORT tns.max.rpt

===========================================================================
Total Negative Slack (Setup)
============================================================================
Writing metric timing__setup__tns__corner:nom_tt_025C_1v80: 0.0
nom_tt_025C_1v80: 0.0
%OL_END_REPORT
%OL_CREATE_REPORT wns.min.rpt

===========================================================================
Worst Negative Slack (Hold)
============================================================================
Writing metric timing__hold__wns__corner:nom_tt_025C_1v80: 0
nom_tt_025C_1v80: 0
%OL_END_REPORT
%OL_CREATE_REPORT wns.max.rpt

===========================================================================
Worst Negative Slack (Setup)
============================================================================
Writing metric timing__setup__wns__corner:nom_tt_025C_1v80: 0.0
nom_tt_025C_1v80: 0.0
%OL_END_REPORT
%OL_CREATE_REPORT violator_list.rpt

===========================================================================
Violator List
============================================================================
Writing metric timing__hold_vio__count__corner:nom_tt_025C_1v80: 0
Writing metric timing__hold_r2r__ws__corner:nom_tt_025C_1v80: 0.380391
Writing metric timing__hold_r2r_vio__count__corner:nom_tt_025C_1v80: 0
Writing metric timing__setup_vio__count__corner:nom_tt_025C_1v80: 0
Writing metric timing__setup_r2r__ws__corner:nom_tt_025C_1v80: 8.931788
Writing metric timing__setup_r2r_vio__count__corner:nom_tt_025C_1v80: 0
%OL_END_REPORT
%OL_CREATE_REPORT unpropagated.rpt
%OL_END_REPORT
%OL_CREATE_REPORT clock.rpt
Clock: clk
Sources: clk 
Generated: no
Virtual: yes
Propagated: no
Period: 10.000000

===========================================================================
report_clock_properties
============================================================================
Clock                   Period          Waveform
----------------------------------------------------
clk                  10.000000    0.000000  5.000000

===========================================================================
report_clock_latency
============================================================================
Clock clk
rise -> rise
    min     max
0.000000 0.000000 source latency
0.021770         network latency _8_/CLK
        0.021788 network latency _9_/CLK
---------------
0.021770 0.021788 latency
        0.000018 skew

fall -> fall
    min     max
0.000000 0.000000 source latency
0.009571         network latency _8_/CLK
        0.009587 network latency _9_/CLK
---------------
0.009571 0.009587 latency
        0.000017 skew



===========================================================================
report_clock_min_period
============================================================================
clk period_min = 1.10 fmax = 912.45
%OL_END_REPORT
