
===========================================================================
report_checks -unconstrained
===========================================================================
======================= min_tt_025C_1v80 Corner ===================================

Startpoint: rst (input port clocked by clk)
Endpoint: _20_ (recovery check against rising-edge clock clk)
Path Group: asynchronous
Path Type: max

Fanout         Cap        Slew       Delay        Time   Description
---------------------------------------------------------------------------------------------
                                  0.000000    0.000000   clock clk (rise edge)
                                  0.000000    0.000000   clock network delay (propagated)
                                  2.000000    2.000000 v input external delay
     1    0.003134    0.009406    0.004985    2.004985 v rst (in)
                                                         rst (net)
                      0.009406    0.000000    2.004985 v input1/A (sky130_fd_sc_hd__clkbuf_2)
     4    0.020205    0.082552    0.134690    2.139674 v input1/X (sky130_fd_sc_hd__clkbuf_2)
                                                         net1 (net)
                      0.082552    0.000102    2.139776 v _11_/A (sky130_fd_sc_hd__inv_2)
     1    0.004707    0.036536    0.061404    2.201181 ^ _11_/Y (sky130_fd_sc_hd__inv_2)
                                                         _04_ (net)
                      0.036536    0.000050    2.201230 ^ _20_/RESET_B (sky130_fd_sc_hd__dfrtp_1)
                                              2.201230   data arrival time

                                 10.000000   10.000000   clock clk (rise edge)
                                  0.000000   10.000000   clock source latency
     1    0.009947    0.051180    0.033844   10.033844 ^ clk (in)
                                                         clk (net)
                      0.051181    0.000000   10.033844 ^ clkbuf_0_clk/A (sky130_fd_sc_hd__clkbuf_16)
     2    0.017179    0.039443    0.125001   10.158846 ^ clkbuf_0_clk/X (sky130_fd_sc_hd__clkbuf_16)
                                                         clknet_0_clk (net)
                      0.039443    0.000114   10.158959 ^ clkbuf_1_0__f_clk/A (sky130_fd_sc_hd__clkbuf_16)
     2    0.004738    0.028526    0.108200   10.267159 ^ clkbuf_1_0__f_clk/X (sky130_fd_sc_hd__clkbuf_16)
                                                         clknet_1_0__leaf_clk (net)
                      0.028526    0.000035   10.267194 ^ _20_/CLK (sky130_fd_sc_hd__dfrtp_1)
                                 -0.250000   10.017194   clock uncertainty
                                  0.000000   10.017194   clock reconvergence pessimism
                                  0.227479   10.244672   library recovery time
                                             10.244672   data required time
---------------------------------------------------------------------------------------------
                                             10.244672   data required time
                                             -2.201230   data arrival time
---------------------------------------------------------------------------------------------
                                              8.043442   slack (MET)


Startpoint: _21_ (rising edge-triggered flip-flop clocked by clk)
Endpoint: out[1] (output port clocked by clk)
Path Group: clk
Path Type: max

Fanout         Cap        Slew       Delay        Time   Description
---------------------------------------------------------------------------------------------
                                  0.000000    0.000000   clock clk (rise edge)
                                  0.000000    0.000000   clock source latency
     1    0.009947    0.051180    0.033844    0.033844 ^ clk (in)
                                                         clk (net)
                      0.051181    0.000000    0.033844 ^ clkbuf_0_clk/A (sky130_fd_sc_hd__clkbuf_16)
     2    0.017179    0.039443    0.125001    0.158846 ^ clkbuf_0_clk/X (sky130_fd_sc_hd__clkbuf_16)
                                                         clknet_0_clk (net)
                      0.039443    0.000068    0.158914 ^ clkbuf_1_1__f_clk/A (sky130_fd_sc_hd__clkbuf_16)
     2    0.006148    0.029805    0.109883    0.268797 ^ clkbuf_1_1__f_clk/X (sky130_fd_sc_hd__clkbuf_16)
                                                         clknet_1_1__leaf_clk (net)
                      0.029805    0.000073    0.268870 ^ _21_/CLK (sky130_fd_sc_hd__dfrtp_1)
     4    0.012808    0.123211    0.374476    0.643346 ^ _21_/Q (sky130_fd_sc_hd__dfrtp_1)
                                                         net3 (net)
                      0.123211    0.000127    0.643473 ^ output3/A (sky130_fd_sc_hd__buf_2)
     1    0.033922    0.168885    0.226023    0.869496 ^ output3/X (sky130_fd_sc_hd__buf_2)
                                                         out[1] (net)
                      0.168885    0.000180    0.869676 ^ out[1] (out)
                                              0.869676   data arrival time

                                 10.000000   10.000000   clock clk (rise edge)
                                  0.000000   10.000000   clock network delay (propagated)
                                 -0.250000    9.750000   clock uncertainty
                                  0.000000    9.750000   clock reconvergence pessimism
                                 -2.000000    7.750000   output external delay
                                              7.750000   data required time
---------------------------------------------------------------------------------------------
                                              7.750000   data required time
                                             -0.869676   data arrival time
---------------------------------------------------------------------------------------------
                                              6.880323   slack (MET)




===========================================================================
report_checks --slack_max -0.01
============================================================================
======================= min_tt_025C_1v80 Corner ===================================

No paths found.


===========================================================================
 report_check_types -max_slew -max_cap -max_fanout -violators
============================================================================
======================= min_tt_025C_1v80 Corner ===================================



===========================================================================
report_parasitic_annotation -report_unannotated
============================================================================
Found 0 unannotated drivers.
Found 0 partially unannotated drivers.

===========================================================================
max slew violation count 0
max fanout violation count 0
max cap violation count 0
============================================================================

===========================================================================
check_setup -verbose -unconstrained_endpoints -multiple_clock -no_clock -no_input_delay -loops -generated_clocks
===========================================================================
