'PNR_SDC_FILE' is not defined. Using generic fallback SDC for OpenROAD PnR steps.
'SIGNOFF_SDC_FILE' is not defined. Using generic fallback SDC for OpenROAD PnR steps.
[PDN-0110] No via inserted between met4 and met4 at (10.0700, 10.6400) - (10.9700, 51.9200) on VPWR
[PDN-0110] No via inserted between met4 and met4 at (12.6700, 10.6400) - (13.5700, 51.9200) on VGND
[PDN-0110] No via inserted between met4 and met4 at (40.0700, 10.6400) - (40.9700, 51.9200) on VPWR
[PDN-0110] No via inserted between met4 and met4 at (42.6700, 10.6400) - (43.5700, 51.9200) on VGND
[GRT-0097] No global routing found for nets.
[CTS-0041] Net "clk" has 0 sinks. Skipping...
[CTS-0083] No clock nets have been found.
[CTS-0082] No valid clock nets in the design.
[GRT-0097] No global routing found for nets.
[GRT-0097] No global routing found for nets.
'GPL_CELL_PADDING' is set to 0. This step may cause overlap failures.
'GPL_CELL_PADDING' is set to 0. This step may cause overlap failures.
[DRT-0349] LEF58_ENCLOSURE with no CUTCLASS is not supported. Skipping for layer mcon
[DRT-0349] LEF58_ENCLOSURE with no CUTCLASS is not supported. Skipping for layer mcon
[DRT-0349] LEF58_ENCLOSURE with no CUTCLASS is not supported. Skipping for layer via
[DRT-0349] LEF58_ENCLOSURE with no CUTCLASS is not supported. Skipping for layer via
[DRT-0349] LEF58_ENCLOSURE with no CUTCLASS is not supported. Skipping for layer via2
[DRT-0349] LEF58_ENCLOSURE with no CUTCLASS is not supported. Skipping for layer via2
[DRT-0349] LEF58_ENCLOSURE with no CUTCLASS is not supported. Skipping for layer via3
[DRT-0349] LEF58_ENCLOSURE with no CUTCLASS is not supported. Skipping for layer via3
[DRT-0349] LEF58_ENCLOSURE with no CUTCLASS is not supported. Skipping for layer via4
[DRT-0349] LEF58_ENCLOSURE with no CUTCLASS is not supported. Skipping for layer via4
Threshold for Threshold-surpassing long wires is not set. The checker will be skipped.
'VSRC_LOC_FILES' was not given a value, which may make the results of IR drop analysis inaccurate. If you are not integrating a top-level chip for manufacture, you may ignore this warning, otherwise, see the documentation for 'VSRC_LOC_FILES'.
Cell 'clb' has (6) input pin(s) without antenna gate information. They might not be connected to a gate.
Cell 'clb' has (1) output pin(s) without antenna diffusion information. They might not be driven.
