Clock: clk
Sources: clk 
Generated: no
Virtual: no
Propagated: no
Period: 15.000000

===========================================================================
report_clock_properties
============================================================================
Clock                   Period          Waveform
----------------------------------------------------
clk                  15.000000    0.000000  7.500000

===========================================================================
report_clock_latency
============================================================================
Clock clk
rise -> rise
    min     max
0.000000 0.000000 source latency
0.149017         network latency _260_/CLK
        0.149017 network latency _260_/CLK
---------------
0.149017 0.149017 latency
        0.000000 skew

fall -> fall
    min     max
0.000000 0.000000 source latency
0.067845         network latency _260_/CLK
        0.067845 network latency _260_/CLK
---------------
0.067845 0.067845 latency
        0.000000 skew



===========================================================================
report_clock_min_period
============================================================================
clk period_min = 2.50 fmax = 400.36
