
===========================================================================
report_checks -path_delay min (Hold)
============================================================================
======================= nom_tt_025C_1v80 Corner ===================================

Startpoint: _260_ (rising edge-triggered flip-flop clocked by clk)
Endpoint: _260_ (rising edge-triggered flip-flop clocked by clk)
Path Group: clk
Path Type: min

Fanout         Cap        Slew       Delay        Time   Description
---------------------------------------------------------------------------------------------
                      0.150000    0.000000    0.000000   clock clk (rise edge)
                                  0.000000    0.000000   clock network delay (ideal)
                      0.150000    0.000000    0.000000 ^ _260_/CLK (sky130_fd_sc_hd__dfxtp_2)
     5    0.014893    0.086194    0.386307    0.386307 ^ _260_/Q (sky130_fd_sc_hd__dfxtp_2)
                                                         state (net)
                      0.086194    0.000000    0.386307 ^ _206_/A (sky130_fd_sc_hd__nor2_2)
     1    0.001681    0.025137    0.040976    0.427283 v _206_/Y (sky130_fd_sc_hd__nor2_2)
                                                         _000_ (net)
                      0.025137    0.000000    0.427283 v _260_/D (sky130_fd_sc_hd__dfxtp_2)
                                              0.427283   data arrival time

                      0.150000    0.000000    0.000000   clock clk (rise edge)
                                  0.000000    0.000000   clock network delay (ideal)
                                  0.250000    0.250000   clock uncertainty
                                  0.000000    0.250000   clock reconvergence pessimism
                                              0.250000 ^ _260_/CLK (sky130_fd_sc_hd__dfxtp_2)
                                 -0.014505    0.235495   library hold time
                                              0.235495   data required time
---------------------------------------------------------------------------------------------
                                              0.235495   data required time
                                             -0.427283   data arrival time
---------------------------------------------------------------------------------------------
                                              0.191788   slack (MET)


Startpoint: _262_ (rising edge-triggered flip-flop clocked by clk)
Endpoint: _262_ (rising edge-triggered flip-flop clocked by clk)
Path Group: clk
Path Type: min

Fanout         Cap        Slew       Delay        Time   Description
---------------------------------------------------------------------------------------------
                      0.150000    0.000000    0.000000   clock clk (rise edge)
                                  0.000000    0.000000   clock network delay (ideal)
                      0.150000    0.000000    0.000000 ^ _262_/CLK (sky130_fd_sc_hd__dfxtp_2)
     3    0.039122    0.098456    0.414539    0.414539 v _262_/Q (sky130_fd_sc_hd__dfxtp_2)
                                                         pc[1] (net)
                      0.098456    0.000000    0.414539 v _204_/A (sky130_fd_sc_hd__inv_2)
     1    0.004504    0.040399    0.066657    0.481195 ^ _204_/Y (sky130_fd_sc_hd__inv_2)
                                                         _101_ (net)
                      0.040399    0.000000    0.481195 ^ _221_/A1 (sky130_fd_sc_hd__a211oi_2)
     1    0.001681    0.025550    0.045408    0.526603 v _221_/Y (sky130_fd_sc_hd__a211oi_2)
                                                         _002_ (net)
                      0.025550    0.000000    0.526603 v _262_/D (sky130_fd_sc_hd__dfxtp_2)
                                              0.526603   data arrival time

                      0.150000    0.000000    0.000000   clock clk (rise edge)
                                  0.000000    0.000000   clock network delay (ideal)
                                  0.250000    0.250000   clock uncertainty
                                  0.000000    0.250000   clock reconvergence pessimism
                                              0.250000 ^ _262_/CLK (sky130_fd_sc_hd__dfxtp_2)
                                 -0.014674    0.235326   library hold time
                                              0.235326   data required time
---------------------------------------------------------------------------------------------
                                              0.235326   data required time
                                             -0.526603   data arrival time
---------------------------------------------------------------------------------------------
                                              0.291277   slack (MET)


Startpoint: _264_ (rising edge-triggered flip-flop clocked by clk)
Endpoint: _264_ (rising edge-triggered flip-flop clocked by clk)
Path Group: clk
Path Type: min

Fanout         Cap        Slew       Delay        Time   Description
---------------------------------------------------------------------------------------------
                      0.150000    0.000000    0.000000   clock clk (rise edge)
                                  0.000000    0.000000   clock network delay (ideal)
                      0.150000    0.000000    0.000000 ^ _264_/CLK (sky130_fd_sc_hd__dfxtp_2)
     3    0.039122    0.098456    0.414539    0.414539 v _264_/Q (sky130_fd_sc_hd__dfxtp_2)
                                                         pc[3] (net)
                      0.098456    0.000000    0.414539 v _203_/A (sky130_fd_sc_hd__inv_2)
     1    0.004504    0.040399    0.066657    0.481195 ^ _203_/Y (sky130_fd_sc_hd__inv_2)
                                                         _100_ (net)
                      0.040399    0.000000    0.481195 ^ _227_/A1 (sky130_fd_sc_hd__a211oi_2)
     1    0.001681    0.025556    0.045408    0.526603 v _227_/Y (sky130_fd_sc_hd__a211oi_2)
                                                         _004_ (net)
                      0.025556    0.000000    0.526603 v _264_/D (sky130_fd_sc_hd__dfxtp_2)
                                              0.526603   data arrival time

                      0.150000    0.000000    0.000000   clock clk (rise edge)
                                  0.000000    0.000000   clock network delay (ideal)
                                  0.250000    0.250000   clock uncertainty
                                  0.000000    0.250000   clock reconvergence pessimism
                                              0.250000 ^ _264_/CLK (sky130_fd_sc_hd__dfxtp_2)
                                 -0.014677    0.235323   library hold time
                                              0.235323   data required time
---------------------------------------------------------------------------------------------
                                              0.235323   data required time
                                             -0.526603   data arrival time
---------------------------------------------------------------------------------------------
                                              0.291280   slack (MET)


Startpoint: _277_ (rising edge-triggered flip-flop clocked by clk)
Endpoint: _269_ (rising edge-triggered flip-flop clocked by clk)
Path Group: clk
Path Type: min

Fanout         Cap        Slew       Delay        Time   Description
---------------------------------------------------------------------------------------------
                      0.150000    0.000000    0.000000   clock clk (rise edge)
                                  0.000000    0.000000   clock network delay (ideal)
                      0.150000    0.000000    0.000000 ^ _277_/CLK (sky130_fd_sc_hd__dfxtp_2)
     4    0.007331    0.051260    0.358678    0.358678 ^ _277_/Q (sky130_fd_sc_hd__dfxtp_2)
                                                         acc[0] (net)
                      0.051260    0.000000    0.358678 ^ _241_/A1 (sky130_fd_sc_hd__mux2_1)
     1    0.001541    0.032844    0.109326    0.468004 ^ _241_/X (sky130_fd_sc_hd__mux2_1)
                                                         _129_ (net)
                      0.032844    0.000000    0.468004 ^ _242_/B (sky130_fd_sc_hd__and2_2)
     1    0.001674    0.032314    0.118123    0.586128 ^ _242_/X (sky130_fd_sc_hd__and2_2)
                                                         _009_ (net)
                      0.032314    0.000000    0.586128 ^ _269_/D (sky130_fd_sc_hd__dfxtp_2)
                                              0.586128   data arrival time

                      0.150000    0.000000    0.000000   clock clk (rise edge)
                                  0.000000    0.000000   clock network delay (ideal)
                                  0.250000    0.250000   clock uncertainty
                                  0.000000    0.250000   clock reconvergence pessimism
                                              0.250000 ^ _269_/CLK (sky130_fd_sc_hd__dfxtp_2)
                                 -0.014771    0.235229   library hold time
                                              0.235229   data required time
---------------------------------------------------------------------------------------------
                                              0.235229   data required time
                                             -0.586128   data arrival time
---------------------------------------------------------------------------------------------
                                              0.350899   slack (MET)


Startpoint: _281_ (rising edge-triggered flip-flop clocked by clk)
Endpoint: _273_ (rising edge-triggered flip-flop clocked by clk)
Path Group: clk
Path Type: min

Fanout         Cap        Slew       Delay        Time   Description
---------------------------------------------------------------------------------------------
                      0.150000    0.000000    0.000000   clock clk (rise edge)
                                  0.000000    0.000000   clock network delay (ideal)
                      0.150000    0.000000    0.000000 ^ _281_/CLK (sky130_fd_sc_hd__dfxtp_2)
     4    0.015360    0.050516    0.370332    0.370332 v _281_/Q (sky130_fd_sc_hd__dfxtp_2)
                                                         acc[4] (net)
                      0.050516    0.000000    0.370332 v _202_/A (sky130_fd_sc_hd__inv_2)
     3    0.010939    0.057256    0.068835    0.439167 ^ _202_/Y (sky130_fd_sc_hd__inv_2)
                                                         _099_ (net)
                      0.057256    0.000000    0.439167 ^ _249_/A (sky130_fd_sc_hd__nand2_2)
     1    0.002260    0.025324    0.038128    0.477295 v _249_/Y (sky130_fd_sc_hd__nand2_2)
                                                         _028_ (net)
                      0.025324    0.000000    0.477295 v _250_/B1 (sky130_fd_sc_hd__o211a_2)
     1    0.001681    0.021349    0.113898    0.591193 v _250_/X (sky130_fd_sc_hd__o211a_2)
                                                         _013_ (net)
                      0.021349    0.000000    0.591193 v _273_/D (sky130_fd_sc_hd__dfxtp_2)
                                              0.591193   data arrival time

                      0.150000    0.000000    0.000000   clock clk (rise edge)
                                  0.000000    0.000000   clock network delay (ideal)
                                  0.250000    0.250000   clock uncertainty
                                  0.000000    0.250000   clock reconvergence pessimism
                                              0.250000 ^ _273_/CLK (sky130_fd_sc_hd__dfxtp_2)
                                 -0.012950    0.237050   library hold time
                                              0.237050   data required time
---------------------------------------------------------------------------------------------
                                              0.237050   data required time
                                             -0.591193   data arrival time
---------------------------------------------------------------------------------------------
                                              0.354143   slack (MET)


Startpoint: _283_ (rising edge-triggered flip-flop clocked by clk)
Endpoint: _275_ (rising edge-triggered flip-flop clocked by clk)
Path Group: clk
Path Type: min

Fanout         Cap        Slew       Delay        Time   Description
---------------------------------------------------------------------------------------------
                      0.150000    0.000000    0.000000   clock clk (rise edge)
                                  0.000000    0.000000   clock network delay (ideal)
                      0.150000    0.000000    0.000000 ^ _283_/CLK (sky130_fd_sc_hd__dfxtp_2)
     5    0.008555    0.056793    0.363265    0.363265 ^ _283_/Q (sky130_fd_sc_hd__dfxtp_2)
                                                         acc[6] (net)
                      0.056793    0.000000    0.363265 ^ _253_/A1 (sky130_fd_sc_hd__mux2_1)
     1    0.001541    0.032844    0.111215    0.474480 ^ _253_/X (sky130_fd_sc_hd__mux2_1)
                                                         _030_ (net)
                      0.032844    0.000000    0.474480 ^ _254_/B (sky130_fd_sc_hd__and2_2)
     1    0.001674    0.032314    0.118123    0.592604 ^ _254_/X (sky130_fd_sc_hd__and2_2)
                                                         _015_ (net)
                      0.032314    0.000000    0.592604 ^ _275_/D (sky130_fd_sc_hd__dfxtp_2)
                                              0.592604   data arrival time

                      0.150000    0.000000    0.000000   clock clk (rise edge)
                                  0.000000    0.000000   clock network delay (ideal)
                                  0.250000    0.250000   clock uncertainty
                                  0.000000    0.250000   clock reconvergence pessimism
                                              0.250000 ^ _275_/CLK (sky130_fd_sc_hd__dfxtp_2)
                                 -0.014771    0.235229   library hold time
                                              0.235229   data required time
---------------------------------------------------------------------------------------------
                                              0.235229   data required time
                                             -0.592604   data arrival time
---------------------------------------------------------------------------------------------
                                              0.357375   slack (MET)


Startpoint: _266_ (rising edge-triggered flip-flop clocked by clk)
Endpoint: _266_ (rising edge-triggered flip-flop clocked by clk)
Path Group: clk
Path Type: min

Fanout         Cap        Slew       Delay        Time   Description
---------------------------------------------------------------------------------------------
                      0.150000    0.000000    0.000000   clock clk (rise edge)
                                  0.000000    0.000000   clock network delay (ideal)
                      0.150000    0.000000    0.000000 ^ _266_/CLK (sky130_fd_sc_hd__dfxtp_2)
     3    0.039440    0.099122    0.415065    0.415065 v _266_/Q (sky130_fd_sc_hd__dfxtp_2)
                                                         pc[5] (net)
                      0.099122    0.000000    0.415065 v _233_/A1 (sky130_fd_sc_hd__o21ai_2)
     1    0.004740    0.048946    0.155160    0.570225 ^ _233_/Y (sky130_fd_sc_hd__o21ai_2)
                                                         _124_ (net)
                      0.048946    0.000000    0.570225 ^ _234_/B (sky130_fd_sc_hd__nor2_2)
     1    0.001681    0.015386    0.027306    0.597531 v _234_/Y (sky130_fd_sc_hd__nor2_2)
                                                         _006_ (net)
                      0.015386    0.000000    0.597531 v _266_/D (sky130_fd_sc_hd__dfxtp_2)
                                              0.597531   data arrival time

                      0.150000    0.000000    0.000000   clock clk (rise edge)
                                  0.000000    0.000000   clock network delay (ideal)
                                  0.250000    0.250000   clock uncertainty
                                  0.000000    0.250000   clock reconvergence pessimism
                                              0.250000 ^ _266_/CLK (sky130_fd_sc_hd__dfxtp_2)
                                 -0.010502    0.239498   library hold time
                                              0.239498   data required time
---------------------------------------------------------------------------------------------
                                              0.239498   data required time
                                             -0.597531   data arrival time
---------------------------------------------------------------------------------------------
                                              0.358033   slack (MET)


Startpoint: _267_ (rising edge-triggered flip-flop clocked by clk)
Endpoint: _267_ (rising edge-triggered flip-flop clocked by clk)
Path Group: clk
Path Type: min

Fanout         Cap        Slew       Delay        Time   Description
---------------------------------------------------------------------------------------------
                      0.150000    0.000000    0.000000   clock clk (rise edge)
                                  0.000000    0.000000   clock network delay (ideal)
                      0.150000    0.000000    0.000000 ^ _267_/CLK (sky130_fd_sc_hd__dfxtp_2)
     3    0.039454    0.099151    0.415088    0.415088 v _267_/Q (sky130_fd_sc_hd__dfxtp_2)
                                                         pc[6] (net)
                      0.099151    0.000000    0.415088 v _236_/A1 (sky130_fd_sc_hd__o21ai_2)
     1    0.004740    0.048946    0.155171    0.570259 ^ _236_/Y (sky130_fd_sc_hd__o21ai_2)
                                                         _126_ (net)
                      0.048946    0.000000    0.570259 ^ _237_/B (sky130_fd_sc_hd__nor2_2)
     1    0.001681    0.015386    0.027306    0.597566 v _237_/Y (sky130_fd_sc_hd__nor2_2)
                                                         _007_ (net)
                      0.015386    0.000000    0.597566 v _267_/D (sky130_fd_sc_hd__dfxtp_2)
                                              0.597566   data arrival time

                      0.150000    0.000000    0.000000   clock clk (rise edge)
                                  0.000000    0.000000   clock network delay (ideal)
                                  0.250000    0.250000   clock uncertainty
                                  0.000000    0.250000   clock reconvergence pessimism
                                              0.250000 ^ _267_/CLK (sky130_fd_sc_hd__dfxtp_2)
                                 -0.010502    0.239498   library hold time
                                              0.239498   data required time
---------------------------------------------------------------------------------------------
                                              0.239498   data required time
                                             -0.597566   data arrival time
---------------------------------------------------------------------------------------------
                                              0.358068   slack (MET)


Startpoint: _280_ (rising edge-triggered flip-flop clocked by clk)
Endpoint: _272_ (rising edge-triggered flip-flop clocked by clk)
Path Group: clk
Path Type: min

Fanout         Cap        Slew       Delay        Time   Description
---------------------------------------------------------------------------------------------
                      0.150000    0.000000    0.000000   clock clk (rise edge)
                                  0.000000    0.000000   clock network delay (ideal)
                      0.150000    0.000000    0.000000 ^ _280_/CLK (sky130_fd_sc_hd__dfxtp_2)
     5    0.009211    0.059758    0.365724    0.365724 ^ _280_/Q (sky130_fd_sc_hd__dfxtp_2)
                                                         acc[3] (net)
                      0.059758    0.000000    0.365724 ^ _247_/A1 (sky130_fd_sc_hd__mux2_1)
     1    0.001541    0.032844    0.112221    0.477945 ^ _247_/X (sky130_fd_sc_hd__mux2_1)
                                                         _027_ (net)
                      0.032844    0.000000    0.477945 ^ _248_/B (sky130_fd_sc_hd__and2_2)
     1    0.001674    0.032314    0.118123    0.596068 ^ _248_/X (sky130_fd_sc_hd__and2_2)
                                                         _012_ (net)
                      0.032314    0.000000    0.596068 ^ _272_/D (sky130_fd_sc_hd__dfxtp_2)
                                              0.596068   data arrival time

                      0.150000    0.000000    0.000000   clock clk (rise edge)
                                  0.000000    0.000000   clock network delay (ideal)
                                  0.250000    0.250000   clock uncertainty
                                  0.000000    0.250000   clock reconvergence pessimism
                                              0.250000 ^ _272_/CLK (sky130_fd_sc_hd__dfxtp_2)
                                 -0.014771    0.235229   library hold time
                                              0.235229   data required time
---------------------------------------------------------------------------------------------
                                              0.235229   data required time
                                             -0.596068   data arrival time
---------------------------------------------------------------------------------------------
                                              0.360840   slack (MET)


Startpoint: _278_ (rising edge-triggered flip-flop clocked by clk)
Endpoint: _270_ (rising edge-triggered flip-flop clocked by clk)
Path Group: clk
Path Type: min

Fanout         Cap        Slew       Delay        Time   Description
---------------------------------------------------------------------------------------------
                      0.150000    0.000000    0.000000   clock clk (rise edge)
                                  0.000000    0.000000   clock network delay (ideal)
                      0.150000    0.000000    0.000000 ^ _278_/CLK (sky130_fd_sc_hd__dfxtp_2)
     5    0.009283    0.060083    0.365993    0.365993 ^ _278_/Q (sky130_fd_sc_hd__dfxtp_2)
                                                         acc[1] (net)
                      0.060083    0.000000    0.365993 ^ _243_/A1 (sky130_fd_sc_hd__mux2_1)
     1    0.001541    0.032844    0.112332    0.478325 ^ _243_/X (sky130_fd_sc_hd__mux2_1)
                                                         _025_ (net)
                      0.032844    0.000000    0.478325 ^ _244_/B (sky130_fd_sc_hd__and2_2)
     1    0.001674    0.032314    0.118123    0.596449 ^ _244_/X (sky130_fd_sc_hd__and2_2)
                                                         _010_ (net)
                      0.032314    0.000000    0.596449 ^ _270_/D (sky130_fd_sc_hd__dfxtp_2)
                                              0.596449   data arrival time

                      0.150000    0.000000    0.000000   clock clk (rise edge)
                                  0.000000    0.000000   clock network delay (ideal)
                                  0.250000    0.250000   clock uncertainty
                                  0.000000    0.250000   clock reconvergence pessimism
                                              0.250000 ^ _270_/CLK (sky130_fd_sc_hd__dfxtp_2)
                                 -0.014771    0.235229   library hold time
                                              0.235229   data required time
---------------------------------------------------------------------------------------------
                                              0.235229   data required time
                                             -0.596449   data arrival time
---------------------------------------------------------------------------------------------
                                              0.361220   slack (MET)


Startpoint: _277_ (rising edge-triggered flip-flop clocked by clk)
Endpoint: _277_ (rising edge-triggered flip-flop clocked by clk)
Path Group: clk
Path Type: min

Fanout         Cap        Slew       Delay        Time   Description
---------------------------------------------------------------------------------------------
                      0.150000    0.000000    0.000000   clock clk (rise edge)
                                  0.000000    0.000000   clock network delay (ideal)
                      0.150000    0.000000    0.000000 ^ _277_/CLK (sky130_fd_sc_hd__dfxtp_2)
     4    0.007331    0.051260    0.358678    0.358678 ^ _277_/Q (sky130_fd_sc_hd__dfxtp_2)
                                                         acc[0] (net)
                      0.051260    0.000000    0.358678 ^ _133_/B1 (sky130_fd_sc_hd__o21a_2)
     2    0.007214    0.051546    0.134520    0.493198 ^ _133_/X (sky130_fd_sc_hd__o21a_2)
                                                         _038_ (net)
                      0.051546    0.000000    0.493198 ^ _134_/B1 (sky130_fd_sc_hd__a21oi_2)
     1    0.004190    0.024276    0.033634    0.526833 v _134_/Y (sky130_fd_sc_hd__a21oi_2)
                                                         _039_ (net)
                      0.024276    0.000000    0.526833 v _136_/A (sky130_fd_sc_hd__nor2_2)
     1    0.001674    0.050013    0.074362    0.601194 ^ _136_/Y (sky130_fd_sc_hd__nor2_2)
                                                         _017_ (net)
                      0.050013    0.000000    0.601194 ^ _277_/D (sky130_fd_sc_hd__dfxtp_2)
                                              0.601194   data arrival time

                      0.150000    0.000000    0.000000   clock clk (rise edge)
                                  0.000000    0.000000   clock network delay (ideal)
                                  0.250000    0.250000   clock uncertainty
                                  0.000000    0.250000   clock reconvergence pessimism
                                              0.250000 ^ _277_/CLK (sky130_fd_sc_hd__dfxtp_2)
                                 -0.018390    0.231610   library hold time
                                              0.231610   data required time
---------------------------------------------------------------------------------------------
                                              0.231610   data required time
                                             -0.601194   data arrival time
---------------------------------------------------------------------------------------------
                                              0.369584   slack (MET)


Startpoint: _284_ (rising edge-triggered flip-flop clocked by clk)
Endpoint: _276_ (rising edge-triggered flip-flop clocked by clk)
Path Group: clk
Path Type: min

Fanout         Cap        Slew       Delay        Time   Description
---------------------------------------------------------------------------------------------
                      0.150000    0.000000    0.000000   clock clk (rise edge)
                                  0.000000    0.000000   clock network delay (ideal)
                      0.150000    0.000000    0.000000 ^ _284_/CLK (sky130_fd_sc_hd__dfxtp_2)
     5    0.011011    0.067895    0.372469    0.372469 ^ _284_/Q (sky130_fd_sc_hd__dfxtp_2)
                                                         acc[7] (net)
                      0.067895    0.000000    0.372469 ^ _255_/A1 (sky130_fd_sc_hd__mux2_1)
     1    0.001541    0.032844    0.114983    0.487452 ^ _255_/X (sky130_fd_sc_hd__mux2_1)
                                                         _031_ (net)
                      0.032844    0.000000    0.487452 ^ _256_/B (sky130_fd_sc_hd__and2_2)
     1    0.001674    0.032314    0.118123    0.605575 ^ _256_/X (sky130_fd_sc_hd__and2_2)
                                                         _016_ (net)
                      0.032314    0.000000    0.605575 ^ _276_/D (sky130_fd_sc_hd__dfxtp_2)
                                              0.605575   data arrival time

                      0.150000    0.000000    0.000000   clock clk (rise edge)
                                  0.000000    0.000000   clock network delay (ideal)
                                  0.250000    0.250000   clock uncertainty
                                  0.000000    0.250000   clock reconvergence pessimism
                                              0.250000 ^ _276_/CLK (sky130_fd_sc_hd__dfxtp_2)
                                 -0.014771    0.235229   library hold time
                                              0.235229   data required time
---------------------------------------------------------------------------------------------
                                              0.235229   data required time
                                             -0.605575   data arrival time
---------------------------------------------------------------------------------------------
                                              0.370347   slack (MET)


Startpoint: _278_ (rising edge-triggered flip-flop clocked by clk)
Endpoint: _278_ (rising edge-triggered flip-flop clocked by clk)
Path Group: clk
Path Type: min

Fanout         Cap        Slew       Delay        Time   Description
---------------------------------------------------------------------------------------------
                      0.150000    0.000000    0.000000   clock clk (rise edge)
                                  0.000000    0.000000   clock network delay (ideal)
                      0.150000    0.000000    0.000000 ^ _278_/CLK (sky130_fd_sc_hd__dfxtp_2)
     5    0.009283    0.060083    0.365993    0.365993 ^ _278_/Q (sky130_fd_sc_hd__dfxtp_2)
                                                         acc[1] (net)
                      0.060083    0.000000    0.365993 ^ _146_/A (sky130_fd_sc_hd__or2_2)
     1    0.002423    0.028020    0.099330    0.465324 ^ _146_/X (sky130_fd_sc_hd__or2_2)
                                                         _050_ (net)
                      0.028020    0.000000    0.465324 ^ _147_/B1 (sky130_fd_sc_hd__o211a_2)
     1    0.001674    0.035577    0.148029    0.613353 ^ _147_/X (sky130_fd_sc_hd__o211a_2)
                                                         _018_ (net)
                      0.035577    0.000000    0.613353 ^ _278_/D (sky130_fd_sc_hd__dfxtp_2)
                                              0.613353   data arrival time

                      0.150000    0.000000    0.000000   clock clk (rise edge)
                                  0.000000    0.000000   clock network delay (ideal)
                                  0.250000    0.250000   clock uncertainty
                                  0.000000    0.250000   clock reconvergence pessimism
                                              0.250000 ^ _278_/CLK (sky130_fd_sc_hd__dfxtp_2)
                                 -0.015438    0.234562   library hold time
                                              0.234562   data required time
---------------------------------------------------------------------------------------------
                                              0.234562   data required time
                                             -0.613353   data arrival time
---------------------------------------------------------------------------------------------
                                              0.378791   slack (MET)


Startpoint: _283_ (rising edge-triggered flip-flop clocked by clk)
Endpoint: _283_ (rising edge-triggered flip-flop clocked by clk)
Path Group: clk
Path Type: min

Fanout         Cap        Slew       Delay        Time   Description
---------------------------------------------------------------------------------------------
                      0.150000    0.000000    0.000000   clock clk (rise edge)
                                  0.000000    0.000000   clock network delay (ideal)
                      0.150000    0.000000    0.000000 ^ _283_/CLK (sky130_fd_sc_hd__dfxtp_2)
     5    0.007862    0.034856    0.353139    0.353139 v _283_/Q (sky130_fd_sc_hd__dfxtp_2)
                                                         acc[6] (net)
                      0.034856    0.000000    0.353139 v _192_/A1_N (sky130_fd_sc_hd__o2bb2a_2)
     1    0.004740    0.047463    0.241931    0.595071 ^ _192_/X (sky130_fd_sc_hd__o2bb2a_2)
                                                         _091_ (net)
                      0.047463    0.000000    0.595071 ^ _193_/B (sky130_fd_sc_hd__nor2_2)
     1    0.001681    0.015100    0.026943    0.622013 v _193_/Y (sky130_fd_sc_hd__nor2_2)
                                                         _023_ (net)
                      0.015100    0.000000    0.622013 v _283_/D (sky130_fd_sc_hd__dfxtp_2)
                                              0.622013   data arrival time

                      0.150000    0.000000    0.000000   clock clk (rise edge)
                                  0.000000    0.000000   clock network delay (ideal)
                                  0.250000    0.250000   clock uncertainty
                                  0.000000    0.250000   clock reconvergence pessimism
                                              0.250000 ^ _283_/CLK (sky130_fd_sc_hd__dfxtp_2)
                                 -0.010385    0.239615   library hold time
                                              0.239615   data required time
---------------------------------------------------------------------------------------------
                                              0.239615   data required time
                                             -0.622013   data arrival time
---------------------------------------------------------------------------------------------
                                              0.382398   slack (MET)


Startpoint: _282_ (rising edge-triggered flip-flop clocked by clk)
Endpoint: _274_ (rising edge-triggered flip-flop clocked by clk)
Path Group: clk
Path Type: min

Fanout         Cap        Slew       Delay        Time   Description
---------------------------------------------------------------------------------------------
                      0.150000    0.000000    0.000000   clock clk (rise edge)
                                  0.000000    0.000000   clock network delay (ideal)
                      0.150000    0.000000    0.000000 ^ _282_/CLK (sky130_fd_sc_hd__dfxtp_2)
     5    0.014469    0.084154    0.384834    0.384834 ^ _282_/Q (sky130_fd_sc_hd__dfxtp_2)
                                                         acc[5] (net)
                      0.084154    0.000000    0.384834 ^ _251_/A1 (sky130_fd_sc_hd__mux2_1)
     1    0.001541    0.032844    0.120501    0.505336 ^ _251_/X (sky130_fd_sc_hd__mux2_1)
                                                         _029_ (net)
                      0.032844    0.000000    0.505336 ^ _252_/B (sky130_fd_sc_hd__and2_2)
     1    0.001674    0.032314    0.118123    0.623459 ^ _252_/X (sky130_fd_sc_hd__and2_2)
                                                         _014_ (net)
                      0.032314    0.000000    0.623459 ^ _274_/D (sky130_fd_sc_hd__dfxtp_2)
                                              0.623459   data arrival time

                      0.150000    0.000000    0.000000   clock clk (rise edge)
                                  0.000000    0.000000   clock network delay (ideal)
                                  0.250000    0.250000   clock uncertainty
                                  0.000000    0.250000   clock reconvergence pessimism
                                              0.250000 ^ _274_/CLK (sky130_fd_sc_hd__dfxtp_2)
                                 -0.014771    0.235229   library hold time
                                              0.235229   data required time
---------------------------------------------------------------------------------------------
                                              0.235229   data required time
                                             -0.623459   data arrival time
---------------------------------------------------------------------------------------------
                                              0.388230   slack (MET)


Startpoint: _281_ (rising edge-triggered flip-flop clocked by clk)
Endpoint: _281_ (rising edge-triggered flip-flop clocked by clk)
Path Group: clk
Path Type: min

Fanout         Cap        Slew       Delay        Time   Description
---------------------------------------------------------------------------------------------
                      0.150000    0.000000    0.000000   clock clk (rise edge)
                                  0.000000    0.000000   clock network delay (ideal)
                      0.150000    0.000000    0.000000 ^ _281_/CLK (sky130_fd_sc_hd__dfxtp_2)
     4    0.016729    0.095026    0.392683    0.392683 ^ _281_/Q (sky130_fd_sc_hd__dfxtp_2)
                                                         acc[4] (net)
                      0.095026    0.000000    0.392683 ^ _176_/A0 (sky130_fd_sc_hd__mux2_1)
     1    0.001541    0.032862    0.121566    0.514249 ^ _176_/X (sky130_fd_sc_hd__mux2_1)
                                                         _077_ (net)
                      0.032862    0.000000    0.514249 ^ _177_/B (sky130_fd_sc_hd__and2_2)
     1    0.001674    0.032314    0.118129    0.632378 ^ _177_/X (sky130_fd_sc_hd__and2_2)
                                                         _021_ (net)
                      0.032314    0.000000    0.632378 ^ _281_/D (sky130_fd_sc_hd__dfxtp_2)
                                              0.632378   data arrival time

                      0.150000    0.000000    0.000000   clock clk (rise edge)
                                  0.000000    0.000000   clock network delay (ideal)
                                  0.250000    0.250000   clock uncertainty
                                  0.000000    0.250000   clock reconvergence pessimism
                                              0.250000 ^ _281_/CLK (sky130_fd_sc_hd__dfxtp_2)
                                 -0.014771    0.235229   library hold time
                                              0.235229   data required time
---------------------------------------------------------------------------------------------
                                              0.235229   data required time
                                             -0.632378   data arrival time
---------------------------------------------------------------------------------------------
                                              0.397149   slack (MET)


Startpoint: _282_ (rising edge-triggered flip-flop clocked by clk)
Endpoint: _282_ (rising edge-triggered flip-flop clocked by clk)
Path Group: clk
Path Type: min

Fanout         Cap        Slew       Delay        Time   Description
---------------------------------------------------------------------------------------------
                      0.150000    0.000000    0.000000   clock clk (rise edge)
                                  0.000000    0.000000   clock network delay (ideal)
                      0.150000    0.000000    0.000000 ^ _282_/CLK (sky130_fd_sc_hd__dfxtp_2)
     5    0.013307    0.046399    0.366445    0.366445 v _282_/Q (sky130_fd_sc_hd__dfxtp_2)
                                                         acc[5] (net)
                      0.046399    0.000000    0.366445 v _184_/A1_N (sky130_fd_sc_hd__o2bb2a_2)
     1    0.004740    0.047463    0.247053    0.613498 ^ _184_/X (sky130_fd_sc_hd__o2bb2a_2)
                                                         _084_ (net)
                      0.047463    0.000000    0.613498 ^ _185_/B (sky130_fd_sc_hd__nor2_2)
     1    0.001681    0.015100    0.026943    0.640441 v _185_/Y (sky130_fd_sc_hd__nor2_2)
                                                         _022_ (net)
                      0.015100    0.000000    0.640441 v _282_/D (sky130_fd_sc_hd__dfxtp_2)
                                              0.640441   data arrival time

                      0.150000    0.000000    0.000000   clock clk (rise edge)
                                  0.000000    0.000000   clock network delay (ideal)
                                  0.250000    0.250000   clock uncertainty
                                  0.000000    0.250000   clock reconvergence pessimism
                                              0.250000 ^ _282_/CLK (sky130_fd_sc_hd__dfxtp_2)
                                 -0.010385    0.239615   library hold time
                                              0.239615   data required time
---------------------------------------------------------------------------------------------
                                              0.239615   data required time
                                             -0.640441   data arrival time
---------------------------------------------------------------------------------------------
                                              0.400825   slack (MET)


Startpoint: _284_ (rising edge-triggered flip-flop clocked by clk)
Endpoint: _284_ (rising edge-triggered flip-flop clocked by clk)
Path Group: clk
Path Type: min

Fanout         Cap        Slew       Delay        Time   Description
---------------------------------------------------------------------------------------------
                      0.150000    0.000000    0.000000   clock clk (rise edge)
                                  0.000000    0.000000   clock network delay (ideal)
                      0.150000    0.000000    0.000000 ^ _284_/CLK (sky130_fd_sc_hd__dfxtp_2)
     5    0.011011    0.067895    0.372469    0.372469 ^ _284_/Q (sky130_fd_sc_hd__dfxtp_2)
                                                         acc[7] (net)
                      0.067895    0.000000    0.372469 ^ _194_/A (sky130_fd_sc_hd__and3_2)
     1    0.002438    0.041245    0.158166    0.530635 ^ _194_/X (sky130_fd_sc_hd__and3_2)
                                                         _092_ (net)
                      0.041245    0.000000    0.530635 ^ _201_/A1 (sky130_fd_sc_hd__o21a_2)
     1    0.001674    0.024998    0.111786    0.642421 ^ _201_/X (sky130_fd_sc_hd__o21a_2)
                                                         _024_ (net)
                      0.024998    0.000000    0.642421 ^ _284_/D (sky130_fd_sc_hd__dfxtp_2)
                                              0.642421   data arrival time

                      0.150000    0.000000    0.000000   clock clk (rise edge)
                                  0.000000    0.000000   clock network delay (ideal)
                                  0.250000    0.250000   clock uncertainty
                                  0.000000    0.250000   clock reconvergence pessimism
                                              0.250000 ^ _284_/CLK (sky130_fd_sc_hd__dfxtp_2)
                                 -0.013276    0.236724   library hold time
                                              0.236724   data required time
---------------------------------------------------------------------------------------------
                                              0.236724   data required time
                                             -0.642421   data arrival time
---------------------------------------------------------------------------------------------
                                              0.405696   slack (MET)


Startpoint: _280_ (rising edge-triggered flip-flop clocked by clk)
Endpoint: _280_ (rising edge-triggered flip-flop clocked by clk)
Path Group: clk
Path Type: min

Fanout         Cap        Slew       Delay        Time   Description
---------------------------------------------------------------------------------------------
                      0.150000    0.000000    0.000000   clock clk (rise edge)
                                  0.000000    0.000000   clock network delay (ideal)
                      0.150000    0.000000    0.000000 ^ _280_/CLK (sky130_fd_sc_hd__dfxtp_2)
     5    0.008347    0.035896    0.354384    0.354384 v _280_/Q (sky130_fd_sc_hd__dfxtp_2)
                                                         acc[3] (net)
                      0.035896    0.000000    0.354384 v _167_/A1_N (sky130_fd_sc_hd__o2bb2a_2)
     1    0.005052    0.048921    0.243794    0.598179 ^ _167_/X (sky130_fd_sc_hd__o2bb2a_2)
                                                         _069_ (net)
                      0.048921    0.000000    0.598179 ^ _168_/A2 (sky130_fd_sc_hd__a21oi_2)
     1    0.001681    0.025424    0.044499    0.642677 v _168_/Y (sky130_fd_sc_hd__a21oi_2)
                                                         _020_ (net)
                      0.025424    0.000000    0.642677 v _280_/D (sky130_fd_sc_hd__dfxtp_2)
                                              0.642677   data arrival time

                      0.150000    0.000000    0.000000   clock clk (rise edge)
                                  0.000000    0.000000   clock network delay (ideal)
                                  0.250000    0.250000   clock uncertainty
                                  0.000000    0.250000   clock reconvergence pessimism
                                              0.250000 ^ _280_/CLK (sky130_fd_sc_hd__dfxtp_2)
                                 -0.014623    0.235377   library hold time
                                              0.235377   data required time
---------------------------------------------------------------------------------------------
                                              0.235377   data required time
                                             -0.642677   data arrival time
---------------------------------------------------------------------------------------------
                                              0.407300   slack (MET)


Startpoint: _279_ (rising edge-triggered flip-flop clocked by clk)
Endpoint: _279_ (rising edge-triggered flip-flop clocked by clk)
Path Group: clk
Path Type: min

Fanout         Cap        Slew       Delay        Time   Description
---------------------------------------------------------------------------------------------
                      0.150000    0.000000    0.000000   clock clk (rise edge)
                                  0.000000    0.000000   clock network delay (ideal)
                      0.150000    0.000000    0.000000 ^ _279_/CLK (sky130_fd_sc_hd__dfxtp_2)
     6    0.021823    0.119533    0.410373    0.410373 ^ _279_/Q (sky130_fd_sc_hd__dfxtp_2)
                                                         acc[2] (net)
                      0.119533    0.000000    0.410373 ^ _156_/A0 (sky130_fd_sc_hd__mux2_1)
     1    0.001541    0.032862    0.130007    0.540380 ^ _156_/X (sky130_fd_sc_hd__mux2_1)
                                                         _059_ (net)
                      0.032862    0.000000    0.540380 ^ _157_/B (sky130_fd_sc_hd__and2_2)
     1    0.001674    0.032314    0.118129    0.658509 ^ _157_/X (sky130_fd_sc_hd__and2_2)
                                                         _019_ (net)
                      0.032314    0.000000    0.658509 ^ _279_/D (sky130_fd_sc_hd__dfxtp_2)
                                              0.658509   data arrival time

                      0.150000    0.000000    0.000000   clock clk (rise edge)
                                  0.000000    0.000000   clock network delay (ideal)
                                  0.250000    0.250000   clock uncertainty
                                  0.000000    0.250000   clock reconvergence pessimism
                                              0.250000 ^ _279_/CLK (sky130_fd_sc_hd__dfxtp_2)
                                 -0.014771    0.235229   library hold time
                                              0.235229   data required time
---------------------------------------------------------------------------------------------
                                              0.235229   data required time
                                             -0.658509   data arrival time
---------------------------------------------------------------------------------------------
                                              0.423280   slack (MET)


Startpoint: _279_ (rising edge-triggered flip-flop clocked by clk)
Endpoint: _271_ (rising edge-triggered flip-flop clocked by clk)
Path Group: clk
Path Type: min

Fanout         Cap        Slew       Delay        Time   Description
---------------------------------------------------------------------------------------------
                      0.150000    0.000000    0.000000   clock clk (rise edge)
                                  0.000000    0.000000   clock network delay (ideal)
                      0.150000    0.000000    0.000000 ^ _279_/CLK (sky130_fd_sc_hd__dfxtp_2)
     6    0.021823    0.119533    0.410373    0.410373 ^ _279_/Q (sky130_fd_sc_hd__dfxtp_2)
                                                         acc[2] (net)
                      0.119533    0.000000    0.410373 ^ _245_/A1 (sky130_fd_sc_hd__mux2_1)
     1    0.001541    0.032844    0.132509    0.542882 ^ _245_/X (sky130_fd_sc_hd__mux2_1)
                                                         _026_ (net)
                      0.032844    0.000000    0.542882 ^ _246_/B (sky130_fd_sc_hd__and2_2)
     1    0.001674    0.032314    0.118123    0.661005 ^ _246_/X (sky130_fd_sc_hd__and2_2)
                                                         _011_ (net)
                      0.032314    0.000000    0.661005 ^ _271_/D (sky130_fd_sc_hd__dfxtp_2)
                                              0.661005   data arrival time

                      0.150000    0.000000    0.000000   clock clk (rise edge)
                                  0.000000    0.000000   clock network delay (ideal)
                                  0.250000    0.250000   clock uncertainty
                                  0.000000    0.250000   clock reconvergence pessimism
                                              0.250000 ^ _271_/CLK (sky130_fd_sc_hd__dfxtp_2)
                                 -0.014771    0.235229   library hold time
                                              0.235229   data required time
---------------------------------------------------------------------------------------------
                                              0.235229   data required time
                                             -0.661005   data arrival time
---------------------------------------------------------------------------------------------
                                              0.425776   slack (MET)


Startpoint: _265_ (rising edge-triggered flip-flop clocked by clk)
Endpoint: _265_ (rising edge-triggered flip-flop clocked by clk)
Path Group: clk
Path Type: min

Fanout         Cap        Slew       Delay        Time   Description
---------------------------------------------------------------------------------------------
                      0.150000    0.000000    0.000000   clock clk (rise edge)
                                  0.000000    0.000000   clock network delay (ideal)
                      0.150000    0.000000    0.000000 ^ _265_/CLK (sky130_fd_sc_hd__dfxtp_2)
     4    0.038938    0.202142    0.469642    0.469642 ^ _265_/Q (sky130_fd_sc_hd__dfxtp_2)
                                                         pc[4] (net)
                      0.202142    0.000000    0.469642 ^ _230_/A1 (sky130_fd_sc_hd__o311a_2)
     1    0.001674    0.032282    0.193692    0.663334 ^ _230_/X (sky130_fd_sc_hd__o311a_2)
                                                         _005_ (net)
                      0.032282    0.000000    0.663334 ^ _265_/D (sky130_fd_sc_hd__dfxtp_2)
                                              0.663334   data arrival time

                      0.150000    0.000000    0.000000   clock clk (rise edge)
                                  0.000000    0.000000   clock network delay (ideal)
                                  0.250000    0.250000   clock uncertainty
                                  0.000000    0.250000   clock reconvergence pessimism
                                              0.250000 ^ _265_/CLK (sky130_fd_sc_hd__dfxtp_2)
                                 -0.014765    0.235235   library hold time
                                              0.235235   data required time
---------------------------------------------------------------------------------------------
                                              0.235235   data required time
                                             -0.663334   data arrival time
---------------------------------------------------------------------------------------------
                                              0.428099   slack (MET)


Startpoint: _268_ (rising edge-triggered flip-flop clocked by clk)
Endpoint: _268_ (rising edge-triggered flip-flop clocked by clk)
Path Group: clk
Path Type: min

Fanout         Cap        Slew       Delay        Time   Description
---------------------------------------------------------------------------------------------
                      0.150000    0.000000    0.000000   clock clk (rise edge)
                                  0.000000    0.000000   clock network delay (ideal)
                      0.150000    0.000000    0.000000 ^ _268_/CLK (sky130_fd_sc_hd__dfxtp_2)
     3    0.041052    0.212495    0.476871    0.476871 ^ _268_/Q (sky130_fd_sc_hd__dfxtp_2)
                                                         pc[7] (net)
                      0.212495    0.000000    0.476871 ^ _239_/A1 (sky130_fd_sc_hd__o211a_2)
     1    0.001674    0.035575    0.194686    0.671557 ^ _239_/X (sky130_fd_sc_hd__o211a_2)
                                                         _008_ (net)
                      0.035575    0.000000    0.671557 ^ _268_/D (sky130_fd_sc_hd__dfxtp_2)
                                              0.671557   data arrival time

                      0.150000    0.000000    0.000000   clock clk (rise edge)
                                  0.000000    0.000000   clock network delay (ideal)
                                  0.250000    0.250000   clock uncertainty
                                  0.000000    0.250000   clock reconvergence pessimism
                                              0.250000 ^ _268_/CLK (sky130_fd_sc_hd__dfxtp_2)
                                 -0.015438    0.234562   library hold time
                                              0.234562   data required time
---------------------------------------------------------------------------------------------
                                              0.234562   data required time
                                             -0.671557   data arrival time
---------------------------------------------------------------------------------------------
                                              0.436995   slack (MET)


Startpoint: _263_ (rising edge-triggered flip-flop clocked by clk)
Endpoint: _263_ (rising edge-triggered flip-flop clocked by clk)
Path Group: clk
Path Type: min

Fanout         Cap        Slew       Delay        Time   Description
---------------------------------------------------------------------------------------------
                      0.150000    0.000000    0.000000   clock clk (rise edge)
                                  0.000000    0.000000   clock network delay (ideal)
                      0.150000    0.000000    0.000000 ^ _263_/CLK (sky130_fd_sc_hd__dfxtp_2)
     4    0.042061    0.217436    0.480321    0.480321 ^ _263_/Q (sky130_fd_sc_hd__dfxtp_2)
                                                         pc[2] (net)
                      0.217436    0.000000    0.480321 ^ _224_/A1 (sky130_fd_sc_hd__o311a_2)
     1    0.001674    0.032260    0.196792    0.677114 ^ _224_/X (sky130_fd_sc_hd__o311a_2)
                                                         _003_ (net)
                      0.032260    0.000000    0.677114 ^ _263_/D (sky130_fd_sc_hd__dfxtp_2)
                                              0.677114   data arrival time

                      0.150000    0.000000    0.000000   clock clk (rise edge)
                                  0.000000    0.000000   clock network delay (ideal)
                                  0.250000    0.250000   clock uncertainty
                                  0.000000    0.250000   clock reconvergence pessimism
                                              0.250000 ^ _263_/CLK (sky130_fd_sc_hd__dfxtp_2)
                                 -0.014760    0.235240   library hold time
                                              0.235240   data required time
---------------------------------------------------------------------------------------------
                                              0.235240   data required time
                                             -0.677114   data arrival time
---------------------------------------------------------------------------------------------
                                              0.441874   slack (MET)


Startpoint: _261_ (rising edge-triggered flip-flop clocked by clk)
Endpoint: _261_ (rising edge-triggered flip-flop clocked by clk)
Path Group: clk
Path Type: min

Fanout         Cap        Slew       Delay        Time   Description
---------------------------------------------------------------------------------------------
                      0.150000    0.000000    0.000000   clock clk (rise edge)
                                  0.000000    0.000000   clock network delay (ideal)
                      0.150000    0.000000    0.000000 ^ _261_/CLK (sky130_fd_sc_hd__dfxtp_2)
     4    0.042549    0.219826    0.481990    0.481990 ^ _261_/Q (sky130_fd_sc_hd__dfxtp_2)
                                                         pc[0] (net)
                      0.219826    0.000000    0.481990 ^ _218_/A1 (sky130_fd_sc_hd__o221a_2)
     1    0.001674    0.035487    0.212985    0.694975 ^ _218_/X (sky130_fd_sc_hd__o221a_2)
                                                         _001_ (net)
                      0.035487    0.000000    0.694975 ^ _261_/D (sky130_fd_sc_hd__dfxtp_2)
                                              0.694975   data arrival time

                      0.150000    0.000000    0.000000   clock clk (rise edge)
                                  0.000000    0.000000   clock network delay (ideal)
                                  0.250000    0.250000   clock uncertainty
                                  0.000000    0.250000   clock reconvergence pessimism
                                              0.250000 ^ _261_/CLK (sky130_fd_sc_hd__dfxtp_2)
                                 -0.015420    0.234580   library hold time
                                              0.234580   data required time
---------------------------------------------------------------------------------------------
                                              0.234580   data required time
                                             -0.694975   data arrival time
---------------------------------------------------------------------------------------------
                                              0.460395   slack (MET)


Startpoint: _269_ (rising edge-triggered flip-flop clocked by clk)
Endpoint: out_port[0] (output port clocked by clk)
Path Group: clk
Path Type: min

Fanout         Cap        Slew       Delay        Time   Description
---------------------------------------------------------------------------------------------
                      0.150000    0.000000    0.000000   clock clk (rise edge)
                                  0.000000    0.000000   clock network delay (ideal)
                      0.150000    0.000000    0.000000 ^ _269_/CLK (sky130_fd_sc_hd__dfxtp_2)
     2    0.034947    0.089795    0.407422    0.407422 v _269_/Q (sky130_fd_sc_hd__dfxtp_2)
                                                         out_port[0] (net)
                      0.089795    0.000000    0.407422 v out_port[0] (out)
                                              0.407422   data arrival time

                      0.150000    0.000000    0.000000   clock clk (rise edge)
                                  0.000000    0.000000   clock network delay (ideal)
                                  0.250000    0.250000   clock uncertainty
                                  0.000000    0.250000   clock reconvergence pessimism
                                 -3.000000   -2.750000   output external delay
                                             -2.750000   data required time
---------------------------------------------------------------------------------------------
                                             -2.750000   data required time
                                             -0.407422   data arrival time
---------------------------------------------------------------------------------------------
                                              3.157422   slack (MET)


Startpoint: _270_ (rising edge-triggered flip-flop clocked by clk)
Endpoint: out_port[1] (output port clocked by clk)
Path Group: clk
Path Type: min

Fanout         Cap        Slew       Delay        Time   Description
---------------------------------------------------------------------------------------------
                      0.150000    0.000000    0.000000   clock clk (rise edge)
                                  0.000000    0.000000   clock network delay (ideal)
                      0.150000    0.000000    0.000000 ^ _270_/CLK (sky130_fd_sc_hd__dfxtp_2)
     2    0.034947    0.089795    0.407422    0.407422 v _270_/Q (sky130_fd_sc_hd__dfxtp_2)
                                                         out_port[1] (net)
                      0.089795    0.000000    0.407422 v out_port[1] (out)
                                              0.407422   data arrival time

                      0.150000    0.000000    0.000000   clock clk (rise edge)
                                  0.000000    0.000000   clock network delay (ideal)
                                  0.250000    0.250000   clock uncertainty
                                  0.000000    0.250000   clock reconvergence pessimism
                                 -3.000000   -2.750000   output external delay
                                             -2.750000   data required time
---------------------------------------------------------------------------------------------
                                             -2.750000   data required time
                                             -0.407422   data arrival time
---------------------------------------------------------------------------------------------
                                              3.157422   slack (MET)


Startpoint: _271_ (rising edge-triggered flip-flop clocked by clk)
Endpoint: out_port[2] (output port clocked by clk)
Path Group: clk
Path Type: min

Fanout         Cap        Slew       Delay        Time   Description
---------------------------------------------------------------------------------------------
                      0.150000    0.000000    0.000000   clock clk (rise edge)
                                  0.000000    0.000000   clock network delay (ideal)
                      0.150000    0.000000    0.000000 ^ _271_/CLK (sky130_fd_sc_hd__dfxtp_2)
     2    0.034947    0.089795    0.407422    0.407422 v _271_/Q (sky130_fd_sc_hd__dfxtp_2)
                                                         out_port[2] (net)
                      0.089795    0.000000    0.407422 v out_port[2] (out)
                                              0.407422   data arrival time

                      0.150000    0.000000    0.000000   clock clk (rise edge)
                                  0.000000    0.000000   clock network delay (ideal)
                                  0.250000    0.250000   clock uncertainty
                                  0.000000    0.250000   clock reconvergence pessimism
                                 -3.000000   -2.750000   output external delay
                                             -2.750000   data required time
---------------------------------------------------------------------------------------------
                                             -2.750000   data required time
                                             -0.407422   data arrival time
---------------------------------------------------------------------------------------------
                                              3.157422   slack (MET)


Startpoint: _272_ (rising edge-triggered flip-flop clocked by clk)
Endpoint: out_port[3] (output port clocked by clk)
Path Group: clk
Path Type: min

Fanout         Cap        Slew       Delay        Time   Description
---------------------------------------------------------------------------------------------
                      0.150000    0.000000    0.000000   clock clk (rise edge)
                                  0.000000    0.000000   clock network delay (ideal)
                      0.150000    0.000000    0.000000 ^ _272_/CLK (sky130_fd_sc_hd__dfxtp_2)
     2    0.034947    0.089795    0.407422    0.407422 v _272_/Q (sky130_fd_sc_hd__dfxtp_2)
                                                         out_port[3] (net)
                      0.089795    0.000000    0.407422 v out_port[3] (out)
                                              0.407422   data arrival time

                      0.150000    0.000000    0.000000   clock clk (rise edge)
                                  0.000000    0.000000   clock network delay (ideal)
                                  0.250000    0.250000   clock uncertainty
                                  0.000000    0.250000   clock reconvergence pessimism
                                 -3.000000   -2.750000   output external delay
                                             -2.750000   data required time
---------------------------------------------------------------------------------------------
                                             -2.750000   data required time
                                             -0.407422   data arrival time
---------------------------------------------------------------------------------------------
                                              3.157422   slack (MET)


Startpoint: _274_ (rising edge-triggered flip-flop clocked by clk)
Endpoint: out_port[5] (output port clocked by clk)
Path Group: clk
Path Type: min

Fanout         Cap        Slew       Delay        Time   Description
---------------------------------------------------------------------------------------------
                      0.150000    0.000000    0.000000   clock clk (rise edge)
                                  0.000000    0.000000   clock network delay (ideal)
                      0.150000    0.000000    0.000000 ^ _274_/CLK (sky130_fd_sc_hd__dfxtp_2)
     2    0.034947    0.089795    0.407422    0.407422 v _274_/Q (sky130_fd_sc_hd__dfxtp_2)
                                                         out_port[5] (net)
                      0.089795    0.000000    0.407422 v out_port[5] (out)
                                              0.407422   data arrival time

                      0.150000    0.000000    0.000000   clock clk (rise edge)
                                  0.000000    0.000000   clock network delay (ideal)
                                  0.250000    0.250000   clock uncertainty
                                  0.000000    0.250000   clock reconvergence pessimism
                                 -3.000000   -2.750000   output external delay
                                             -2.750000   data required time
---------------------------------------------------------------------------------------------
                                             -2.750000   data required time
                                             -0.407422   data arrival time
---------------------------------------------------------------------------------------------
                                              3.157422   slack (MET)


Startpoint: _275_ (rising edge-triggered flip-flop clocked by clk)
Endpoint: out_port[6] (output port clocked by clk)
Path Group: clk
Path Type: min

Fanout         Cap        Slew       Delay        Time   Description
---------------------------------------------------------------------------------------------
                      0.150000    0.000000    0.000000   clock clk (rise edge)
                                  0.000000    0.000000   clock network delay (ideal)
                      0.150000    0.000000    0.000000 ^ _275_/CLK (sky130_fd_sc_hd__dfxtp_2)
     2    0.034947    0.089795    0.407422    0.407422 v _275_/Q (sky130_fd_sc_hd__dfxtp_2)
                                                         out_port[6] (net)
                      0.089795    0.000000    0.407422 v out_port[6] (out)
                                              0.407422   data arrival time

                      0.150000    0.000000    0.000000   clock clk (rise edge)
                                  0.000000    0.000000   clock network delay (ideal)
                                  0.250000    0.250000   clock uncertainty
                                  0.000000    0.250000   clock reconvergence pessimism
                                 -3.000000   -2.750000   output external delay
                                             -2.750000   data required time
---------------------------------------------------------------------------------------------
                                             -2.750000   data required time
                                             -0.407422   data arrival time
---------------------------------------------------------------------------------------------
                                              3.157422   slack (MET)


Startpoint: _276_ (rising edge-triggered flip-flop clocked by clk)
Endpoint: out_port[7] (output port clocked by clk)
Path Group: clk
Path Type: min

Fanout         Cap        Slew       Delay        Time   Description
---------------------------------------------------------------------------------------------
                      0.150000    0.000000    0.000000   clock clk (rise edge)
                                  0.000000    0.000000   clock network delay (ideal)
                      0.150000    0.000000    0.000000 ^ _276_/CLK (sky130_fd_sc_hd__dfxtp_2)
     2    0.034947    0.089795    0.407422    0.407422 v _276_/Q (sky130_fd_sc_hd__dfxtp_2)
                                                         out_port[7] (net)
                      0.089795    0.000000    0.407422 v out_port[7] (out)
                                              0.407422   data arrival time

                      0.150000    0.000000    0.000000   clock clk (rise edge)
                                  0.000000    0.000000   clock network delay (ideal)
                                  0.250000    0.250000   clock uncertainty
                                  0.000000    0.250000   clock reconvergence pessimism
                                 -3.000000   -2.750000   output external delay
                                             -2.750000   data required time
---------------------------------------------------------------------------------------------
                                             -2.750000   data required time
                                             -0.407422   data arrival time
---------------------------------------------------------------------------------------------
                                              3.157422   slack (MET)


Startpoint: _273_ (rising edge-triggered flip-flop clocked by clk)
Endpoint: out_port[4] (output port clocked by clk)
Path Group: clk
Path Type: min

Fanout         Cap        Slew       Delay        Time   Description
---------------------------------------------------------------------------------------------
                      0.150000    0.000000    0.000000   clock clk (rise edge)
                                  0.000000    0.000000   clock network delay (ideal)
                      0.150000    0.000000    0.000000 ^ _273_/CLK (sky130_fd_sc_hd__dfxtp_2)
     2    0.035723    0.091351    0.408891    0.408891 v _273_/Q (sky130_fd_sc_hd__dfxtp_2)
                                                         out_port[4] (net)
                      0.091351    0.000000    0.408891 v out_port[4] (out)
                                              0.408891   data arrival time

                      0.150000    0.000000    0.000000   clock clk (rise edge)
                                  0.000000    0.000000   clock network delay (ideal)
                                  0.250000    0.250000   clock uncertainty
                                  0.000000    0.250000   clock reconvergence pessimism
                                 -3.000000   -2.750000   output external delay
                                             -2.750000   data required time
---------------------------------------------------------------------------------------------
                                             -2.750000   data required time
                                             -0.408891   data arrival time
---------------------------------------------------------------------------------------------
                                              3.158891   slack (MET)


Startpoint: _265_ (rising edge-triggered flip-flop clocked by clk)
Endpoint: pc[4] (output port clocked by clk)
Path Group: clk
Path Type: min

Fanout         Cap        Slew       Delay        Time   Description
---------------------------------------------------------------------------------------------
                      0.150000    0.000000    0.000000   clock clk (rise edge)
                                  0.000000    0.000000   clock network delay (ideal)
                      0.150000    0.000000    0.000000 ^ _265_/CLK (sky130_fd_sc_hd__dfxtp_2)
     4    0.038549    0.097257    0.413590    0.413590 v _265_/Q (sky130_fd_sc_hd__dfxtp_2)
                                                         pc[4] (net)
                      0.097257    0.000000    0.413590 v pc[4] (out)
                                              0.413590   data arrival time

                      0.150000    0.000000    0.000000   clock clk (rise edge)
                                  0.000000    0.000000   clock network delay (ideal)
                                  0.250000    0.250000   clock uncertainty
                                  0.000000    0.250000   clock reconvergence pessimism
                                 -3.000000   -2.750000   output external delay
                                             -2.750000   data required time
---------------------------------------------------------------------------------------------
                                             -2.750000   data required time
                                             -0.413590   data arrival time
---------------------------------------------------------------------------------------------
                                              3.163590   slack (MET)


Startpoint: _262_ (rising edge-triggered flip-flop clocked by clk)
Endpoint: pc[1] (output port clocked by clk)
Path Group: clk
Path Type: min

Fanout         Cap        Slew       Delay        Time   Description
---------------------------------------------------------------------------------------------
                      0.150000    0.000000    0.000000   clock clk (rise edge)
                                  0.000000    0.000000   clock network delay (ideal)
                      0.150000    0.000000    0.000000 ^ _262_/CLK (sky130_fd_sc_hd__dfxtp_2)
     3    0.039122    0.098456    0.414539    0.414539 v _262_/Q (sky130_fd_sc_hd__dfxtp_2)
                                                         pc[1] (net)
                      0.098456    0.000000    0.414539 v pc[1] (out)
                                              0.414539   data arrival time

                      0.150000    0.000000    0.000000   clock clk (rise edge)
                                  0.000000    0.000000   clock network delay (ideal)
                                  0.250000    0.250000   clock uncertainty
                                  0.000000    0.250000   clock reconvergence pessimism
                                 -3.000000   -2.750000   output external delay
                                             -2.750000   data required time
---------------------------------------------------------------------------------------------
                                             -2.750000   data required time
                                             -0.414539   data arrival time
---------------------------------------------------------------------------------------------
                                              3.164538   slack (MET)


Startpoint: _264_ (rising edge-triggered flip-flop clocked by clk)
Endpoint: pc[3] (output port clocked by clk)
Path Group: clk
Path Type: min

Fanout         Cap        Slew       Delay        Time   Description
---------------------------------------------------------------------------------------------
                      0.150000    0.000000    0.000000   clock clk (rise edge)
                                  0.000000    0.000000   clock network delay (ideal)
                      0.150000    0.000000    0.000000 ^ _264_/CLK (sky130_fd_sc_hd__dfxtp_2)
     3    0.039122    0.098456    0.414539    0.414539 v _264_/Q (sky130_fd_sc_hd__dfxtp_2)
                                                         pc[3] (net)
                      0.098456    0.000000    0.414539 v pc[3] (out)
                                              0.414539   data arrival time

                      0.150000    0.000000    0.000000   clock clk (rise edge)
                                  0.000000    0.000000   clock network delay (ideal)
                                  0.250000    0.250000   clock uncertainty
                                  0.000000    0.250000   clock reconvergence pessimism
                                 -3.000000   -2.750000   output external delay
                                             -2.750000   data required time
---------------------------------------------------------------------------------------------
                                             -2.750000   data required time
                                             -0.414539   data arrival time
---------------------------------------------------------------------------------------------
                                              3.164538   slack (MET)


Startpoint: _266_ (rising edge-triggered flip-flop clocked by clk)
Endpoint: pc[5] (output port clocked by clk)
Path Group: clk
Path Type: min

Fanout         Cap        Slew       Delay        Time   Description
---------------------------------------------------------------------------------------------
                      0.150000    0.000000    0.000000   clock clk (rise edge)
                                  0.000000    0.000000   clock network delay (ideal)
                      0.150000    0.000000    0.000000 ^ _266_/CLK (sky130_fd_sc_hd__dfxtp_2)
     3    0.039440    0.099122    0.415065    0.415065 v _266_/Q (sky130_fd_sc_hd__dfxtp_2)
                                                         pc[5] (net)
                      0.099122    0.000000    0.415065 v pc[5] (out)
                                              0.415065   data arrival time

                      0.150000    0.000000    0.000000   clock clk (rise edge)
                                  0.000000    0.000000   clock network delay (ideal)
                                  0.250000    0.250000   clock uncertainty
                                  0.000000    0.250000   clock reconvergence pessimism
                                 -3.000000   -2.750000   output external delay
                                             -2.750000   data required time
---------------------------------------------------------------------------------------------
                                             -2.750000   data required time
                                             -0.415065   data arrival time
---------------------------------------------------------------------------------------------
                                              3.165065   slack (MET)


Startpoint: _267_ (rising edge-triggered flip-flop clocked by clk)
Endpoint: pc[6] (output port clocked by clk)
Path Group: clk
Path Type: min

Fanout         Cap        Slew       Delay        Time   Description
---------------------------------------------------------------------------------------------
                      0.150000    0.000000    0.000000   clock clk (rise edge)
                                  0.000000    0.000000   clock network delay (ideal)
                      0.150000    0.000000    0.000000 ^ _267_/CLK (sky130_fd_sc_hd__dfxtp_2)
     3    0.039454    0.099151    0.415088    0.415088 v _267_/Q (sky130_fd_sc_hd__dfxtp_2)
                                                         pc[6] (net)
                      0.099151    0.000000    0.415088 v pc[6] (out)
                                              0.415088   data arrival time

                      0.150000    0.000000    0.000000   clock clk (rise edge)
                                  0.000000    0.000000   clock network delay (ideal)
                                  0.250000    0.250000   clock uncertainty
                                  0.000000    0.250000   clock reconvergence pessimism
                                 -3.000000   -2.750000   output external delay
                                             -2.750000   data required time
---------------------------------------------------------------------------------------------
                                             -2.750000   data required time
                                             -0.415088   data arrival time
---------------------------------------------------------------------------------------------
                                              3.165088   slack (MET)


Startpoint: _268_ (rising edge-triggered flip-flop clocked by clk)
Endpoint: pc[7] (output port clocked by clk)
Path Group: clk
Path Type: min

Fanout         Cap        Slew       Delay        Time   Description
---------------------------------------------------------------------------------------------
                      0.150000    0.000000    0.000000   clock clk (rise edge)
                                  0.000000    0.000000   clock network delay (ideal)
                      0.150000    0.000000    0.000000 ^ _268_/CLK (sky130_fd_sc_hd__dfxtp_2)
     3    0.040317    0.100957    0.416517    0.416517 v _268_/Q (sky130_fd_sc_hd__dfxtp_2)
                                                         pc[7] (net)
                      0.100957    0.000000    0.416517 v pc[7] (out)
                                              0.416517   data arrival time

                      0.150000    0.000000    0.000000   clock clk (rise edge)
                                  0.000000    0.000000   clock network delay (ideal)
                                  0.250000    0.250000   clock uncertainty
                                  0.000000    0.250000   clock reconvergence pessimism
                                 -3.000000   -2.750000   output external delay
                                             -2.750000   data required time
---------------------------------------------------------------------------------------------
                                             -2.750000   data required time
                                             -0.416517   data arrival time
---------------------------------------------------------------------------------------------
                                              3.166517   slack (MET)


Startpoint: _263_ (rising edge-triggered flip-flop clocked by clk)
Endpoint: pc[2] (output port clocked by clk)
Path Group: clk
Path Type: min

Fanout         Cap        Slew       Delay        Time   Description
---------------------------------------------------------------------------------------------
                      0.150000    0.000000    0.000000   clock clk (rise edge)
                                  0.000000    0.000000   clock network delay (ideal)
                      0.150000    0.000000    0.000000 ^ _263_/CLK (sky130_fd_sc_hd__dfxtp_2)
     4    0.041410    0.103244    0.418326    0.418326 v _263_/Q (sky130_fd_sc_hd__dfxtp_2)
                                                         pc[2] (net)
                      0.103244    0.000000    0.418326 v pc[2] (out)
                                              0.418326   data arrival time

                      0.150000    0.000000    0.000000   clock clk (rise edge)
                                  0.000000    0.000000   clock network delay (ideal)
                                  0.250000    0.250000   clock uncertainty
                                  0.000000    0.250000   clock reconvergence pessimism
                                 -3.000000   -2.750000   output external delay
                                             -2.750000   data required time
---------------------------------------------------------------------------------------------
                                             -2.750000   data required time
                                             -0.418326   data arrival time
---------------------------------------------------------------------------------------------
                                              3.168326   slack (MET)


Startpoint: _261_ (rising edge-triggered flip-flop clocked by clk)
Endpoint: pc[0] (output port clocked by clk)
Path Group: clk
Path Type: min

Fanout         Cap        Slew       Delay        Time   Description
---------------------------------------------------------------------------------------------
                      0.150000    0.000000    0.000000   clock clk (rise edge)
                                  0.000000    0.000000   clock network delay (ideal)
                      0.150000    0.000000    0.000000 ^ _261_/CLK (sky130_fd_sc_hd__dfxtp_2)
     4    0.041757    0.103970    0.418901    0.418901 v _261_/Q (sky130_fd_sc_hd__dfxtp_2)
                                                         pc[0] (net)
                      0.103970    0.000000    0.418901 v pc[0] (out)
                                              0.418901   data arrival time

                      0.150000    0.000000    0.000000   clock clk (rise edge)
                                  0.000000    0.000000   clock network delay (ideal)
                                  0.250000    0.250000   clock uncertainty
                                  0.000000    0.250000   clock reconvergence pessimism
                                 -3.000000   -2.750000   output external delay
                                             -2.750000   data required time
---------------------------------------------------------------------------------------------
                                             -2.750000   data required time
                                             -0.418901   data arrival time
---------------------------------------------------------------------------------------------
                                              3.168900   slack (MET)



