
===========================================================================
report_checks -path_delay max (Setup)
============================================================================
======================= nom_tt_025C_1v80 Corner ===================================

Startpoint: _20_ (rising edge-triggered flip-flop clocked by clk)
Endpoint: out[0] (output port clocked by clk)
Path Group: clk
Path Type: max

Fanout         Cap        Slew       Delay        Time   Description
---------------------------------------------------------------------------------------------
                      0.150000    0.000000    0.000000   clock clk (rise edge)
                                  0.000000    0.000000   clock network delay (ideal)
                      0.150000    0.000000    0.000000 ^ _20_/CLK (sky130_fd_sc_hd__dfrtp_2)
     5    0.053513    0.262315    0.549278    0.549278 ^ _20_/Q (sky130_fd_sc_hd__dfrtp_2)
                                                         out[0] (net)
                      0.262315    0.000000    0.549278 ^ out[0] (out)
                                              0.549278   data arrival time

                      0.150000   10.000000   10.000000   clock clk (rise edge)
                                  0.000000   10.000000   clock network delay (ideal)
                                 -0.250000    9.750000   clock uncertainty
                                  0.000000    9.750000   clock reconvergence pessimism
                                 -2.000000    7.750000   output external delay
                                              7.750000   data required time
---------------------------------------------------------------------------------------------
                                              7.750000   data required time
                                             -0.549278   data arrival time
---------------------------------------------------------------------------------------------
                                              7.200722   slack (MET)


Startpoint: _21_ (rising edge-triggered flip-flop clocked by clk)
Endpoint: out[1] (output port clocked by clk)
Path Group: clk
Path Type: max

Fanout         Cap        Slew       Delay        Time   Description
---------------------------------------------------------------------------------------------
                      0.150000    0.000000    0.000000   clock clk (rise edge)
                                  0.000000    0.000000   clock network delay (ideal)
                      0.150000    0.000000    0.000000 ^ _21_/CLK (sky130_fd_sc_hd__dfrtp_2)
     4    0.048522    0.239596    0.533264    0.533264 ^ _21_/Q (sky130_fd_sc_hd__dfrtp_2)
                                                         out[1] (net)
                      0.239596    0.000000    0.533264 ^ out[1] (out)
                                              0.533264   data arrival time

                      0.150000   10.000000   10.000000   clock clk (rise edge)
                                  0.000000   10.000000   clock network delay (ideal)
                                 -0.250000    9.750000   clock uncertainty
                                  0.000000    9.750000   clock reconvergence pessimism
                                 -2.000000    7.750000   output external delay
                                              7.750000   data required time
---------------------------------------------------------------------------------------------
                                              7.750000   data required time
                                             -0.533264   data arrival time
---------------------------------------------------------------------------------------------
                                              7.216736   slack (MET)


Startpoint: _23_ (rising edge-triggered flip-flop clocked by clk)
Endpoint: out[3] (output port clocked by clk)
Path Group: clk
Path Type: max

Fanout         Cap        Slew       Delay        Time   Description
---------------------------------------------------------------------------------------------
                      0.150000    0.000000    0.000000   clock clk (rise edge)
                                  0.000000    0.000000   clock network delay (ideal)
                      0.150000    0.000000    0.000000 ^ _23_/CLK (sky130_fd_sc_hd__dfrtp_2)
     2    0.042026    0.128079    0.522940    0.522940 v _23_/Q (sky130_fd_sc_hd__dfrtp_2)
                                                         out[3] (net)
                      0.128079    0.000000    0.522940 v out[3] (out)
                                              0.522940   data arrival time

                      0.150000   10.000000   10.000000   clock clk (rise edge)
                                  0.000000   10.000000   clock network delay (ideal)
                                 -0.250000    9.750000   clock uncertainty
                                  0.000000    9.750000   clock reconvergence pessimism
                                 -2.000000    7.750000   output external delay
                                              7.750000   data required time
---------------------------------------------------------------------------------------------
                                              7.750000   data required time
                                             -0.522940   data arrival time
---------------------------------------------------------------------------------------------
                                              7.227060   slack (MET)


Startpoint: _22_ (rising edge-triggered flip-flop clocked by clk)
Endpoint: out[2] (output port clocked by clk)
Path Group: clk
Path Type: max

Fanout         Cap        Slew       Delay        Time   Description
---------------------------------------------------------------------------------------------
                      0.150000    0.000000    0.000000   clock clk (rise edge)
                                  0.000000    0.000000   clock network delay (ideal)
                      0.150000    0.000000    0.000000 ^ _22_/CLK (sky130_fd_sc_hd__dfrtp_2)
     3    0.039016    0.121871    0.517442    0.517442 v _22_/Q (sky130_fd_sc_hd__dfrtp_2)
                                                         out[2] (net)
                      0.121871    0.000000    0.517442 v out[2] (out)
                                              0.517442   data arrival time

                      0.150000   10.000000   10.000000   clock clk (rise edge)
                                  0.000000   10.000000   clock network delay (ideal)
                                 -0.250000    9.750000   clock uncertainty
                                  0.000000    9.750000   clock reconvergence pessimism
                                 -2.000000    7.750000   output external delay
                                              7.750000   data required time
---------------------------------------------------------------------------------------------
                                              7.750000   data required time
                                             -0.517442   data arrival time
---------------------------------------------------------------------------------------------
                                              7.232558   slack (MET)


Startpoint: rst (input port clocked by clk)
Endpoint: _20_ (recovery check against rising-edge clock clk)
Path Group: asynchronous
Path Type: max

Fanout         Cap        Slew       Delay        Time   Description
---------------------------------------------------------------------------------------------
                      0.150000    0.000000    0.000000   clock clk (rise edge)
                                  0.000000    0.000000   clock network delay (ideal)
                                  2.000000    2.000000 v input external delay
     4    0.017104    0.040141    0.027519    2.027519 v rst (in)
                                                         rst (net)
                      0.040141    0.000000    2.027519 v _11_/A (sky130_fd_sc_hd__inv_2)
     1    0.003612    0.026003    0.040971    2.068490 ^ _11_/Y (sky130_fd_sc_hd__inv_2)
                                                         _04_ (net)
                      0.026003    0.000000    2.068490 ^ _20_/RESET_B (sky130_fd_sc_hd__dfrtp_2)
                                              2.068490   data arrival time

                      0.150000   10.000000   10.000000   clock clk (rise edge)
                                  0.000000   10.000000   clock network delay (ideal)
                                 -0.250000    9.750000   clock uncertainty
                                  0.000000    9.750000   clock reconvergence pessimism
                                              9.750000 ^ _20_/CLK (sky130_fd_sc_hd__dfrtp_2)
                                  0.256980   10.006980   library recovery time
                                             10.006980   data required time
---------------------------------------------------------------------------------------------
                                             10.006980   data required time
                                             -2.068490   data arrival time
---------------------------------------------------------------------------------------------
                                              7.938489   slack (MET)


Startpoint: rst (input port clocked by clk)
Endpoint: _21_ (recovery check against rising-edge clock clk)
Path Group: asynchronous
Path Type: max

Fanout         Cap        Slew       Delay        Time   Description
---------------------------------------------------------------------------------------------
                      0.150000    0.000000    0.000000   clock clk (rise edge)
                                  0.000000    0.000000   clock network delay (ideal)
                                  2.000000    2.000000 v input external delay
     4    0.017104    0.040141    0.027519    2.027519 v rst (in)
                                                         rst (net)
                      0.040141    0.000000    2.027519 v _17_/A (sky130_fd_sc_hd__inv_2)
     1    0.003612    0.026003    0.040971    2.068490 ^ _17_/Y (sky130_fd_sc_hd__inv_2)
                                                         _05_ (net)
                      0.026003    0.000000    2.068490 ^ _21_/RESET_B (sky130_fd_sc_hd__dfrtp_2)
                                              2.068490   data arrival time

                      0.150000   10.000000   10.000000   clock clk (rise edge)
                                  0.000000   10.000000   clock network delay (ideal)
                                 -0.250000    9.750000   clock uncertainty
                                  0.000000    9.750000   clock reconvergence pessimism
                                              9.750000 ^ _21_/CLK (sky130_fd_sc_hd__dfrtp_2)
                                  0.256980   10.006980   library recovery time
                                             10.006980   data required time
---------------------------------------------------------------------------------------------
                                             10.006980   data required time
                                             -2.068490   data arrival time
---------------------------------------------------------------------------------------------
                                              7.938489   slack (MET)


Startpoint: rst (input port clocked by clk)
Endpoint: _22_ (recovery check against rising-edge clock clk)
Path Group: asynchronous
Path Type: max

Fanout         Cap        Slew       Delay        Time   Description
---------------------------------------------------------------------------------------------
                      0.150000    0.000000    0.000000   clock clk (rise edge)
                                  0.000000    0.000000   clock network delay (ideal)
                                  2.000000    2.000000 v input external delay
     4    0.017104    0.040141    0.027519    2.027519 v rst (in)
                                                         rst (net)
                      0.040141    0.000000    2.027519 v _18_/A (sky130_fd_sc_hd__inv_2)
     1    0.003612    0.026003    0.040971    2.068490 ^ _18_/Y (sky130_fd_sc_hd__inv_2)
                                                         _06_ (net)
                      0.026003    0.000000    2.068490 ^ _22_/RESET_B (sky130_fd_sc_hd__dfrtp_2)
                                              2.068490   data arrival time

                      0.150000   10.000000   10.000000   clock clk (rise edge)
                                  0.000000   10.000000   clock network delay (ideal)
                                 -0.250000    9.750000   clock uncertainty
                                  0.000000    9.750000   clock reconvergence pessimism
                                              9.750000 ^ _22_/CLK (sky130_fd_sc_hd__dfrtp_2)
                                  0.256980   10.006980   library recovery time
                                             10.006980   data required time
---------------------------------------------------------------------------------------------
                                             10.006980   data required time
                                             -2.068490   data arrival time
---------------------------------------------------------------------------------------------
                                              7.938489   slack (MET)


Startpoint: rst (input port clocked by clk)
Endpoint: _23_ (recovery check against rising-edge clock clk)
Path Group: asynchronous
Path Type: max

Fanout         Cap        Slew       Delay        Time   Description
---------------------------------------------------------------------------------------------
                      0.150000    0.000000    0.000000   clock clk (rise edge)
                                  0.000000    0.000000   clock network delay (ideal)
                                  2.000000    2.000000 v input external delay
     4    0.017104    0.040141    0.027519    2.027519 v rst (in)
                                                         rst (net)
                      0.040141    0.000000    2.027519 v _19_/A (sky130_fd_sc_hd__inv_2)
     1    0.003612    0.026003    0.040971    2.068490 ^ _19_/Y (sky130_fd_sc_hd__inv_2)
                                                         _07_ (net)
                      0.026003    0.000000    2.068490 ^ _23_/RESET_B (sky130_fd_sc_hd__dfrtp_2)
                                              2.068490   data arrival time

                      0.150000   10.000000   10.000000   clock clk (rise edge)
                                  0.000000   10.000000   clock network delay (ideal)
                                 -0.250000    9.750000   clock uncertainty
                                  0.000000    9.750000   clock reconvergence pessimism
                                              9.750000 ^ _23_/CLK (sky130_fd_sc_hd__dfrtp_2)
                                  0.256980   10.006980   library recovery time
                                             10.006980   data required time
---------------------------------------------------------------------------------------------
                                             10.006980   data required time
                                             -2.068490   data arrival time
---------------------------------------------------------------------------------------------
                                              7.938489   slack (MET)


Startpoint: _21_ (rising edge-triggered flip-flop clocked by clk)
Endpoint: _23_ (rising edge-triggered flip-flop clocked by clk)
Path Group: clk
Path Type: max

Fanout         Cap        Slew       Delay        Time   Description
---------------------------------------------------------------------------------------------
                      0.150000    0.000000    0.000000   clock clk (rise edge)
                                  0.000000    0.000000   clock network delay (ideal)
                      0.150000    0.000000    0.000000 ^ _21_/CLK (sky130_fd_sc_hd__dfrtp_2)
     4    0.047363    0.139086    0.532688    0.532688 v _21_/Q (sky130_fd_sc_hd__dfrtp_2)
                                                         out[1] (net)
                      0.139086    0.000000    0.532688 v _14_/B (sky130_fd_sc_hd__and3_2)
     2    0.011973    0.061568    0.262638    0.795326 v _14_/X (sky130_fd_sc_hd__and3_2)
                                                         _09_ (net)
                      0.061568    0.000000    0.795326 v _16_/B (sky130_fd_sc_hd__xor2_2)
     1    0.001949    0.051245    0.136011    0.931337 v _16_/X (sky130_fd_sc_hd__xor2_2)
                                                         _03_ (net)
                      0.051245    0.000000    0.931337 v _23_/D (sky130_fd_sc_hd__dfrtp_2)
                                              0.931337   data arrival time

                      0.150000   10.000000   10.000000   clock clk (rise edge)
                                  0.000000   10.000000   clock network delay (ideal)
                                 -0.250000    9.750000   clock uncertainty
                                  0.000000    9.750000   clock reconvergence pessimism
                                              9.750000 ^ _23_/CLK (sky130_fd_sc_hd__dfrtp_2)
                                 -0.093930    9.656070   library setup time
                                              9.656070   data required time
---------------------------------------------------------------------------------------------
                                              9.656070   data required time
                                             -0.931337   data arrival time
---------------------------------------------------------------------------------------------
                                              8.724733   slack (MET)


Startpoint: _20_ (rising edge-triggered flip-flop clocked by clk)
Endpoint: _22_ (rising edge-triggered flip-flop clocked by clk)
Path Group: clk
Path Type: max

Fanout         Cap        Slew       Delay        Time   Description
---------------------------------------------------------------------------------------------
                      0.150000    0.000000    0.000000   clock clk (rise edge)
                                  0.000000    0.000000   clock network delay (ideal)
                      0.150000    0.000000    0.000000 ^ _20_/CLK (sky130_fd_sc_hd__dfrtp_2)
     5    0.053513    0.262315    0.549278    0.549278 ^ _20_/Q (sky130_fd_sc_hd__dfrtp_2)
                                                         out[0] (net)
                      0.262315    0.000000    0.549278 ^ _14_/A (sky130_fd_sc_hd__and3_2)
     2    0.013233    0.092359    0.272799    0.822077 ^ _14_/X (sky130_fd_sc_hd__and3_2)
                                                         _09_ (net)
                      0.092359    0.000000    0.822077 ^ _15_/B (sky130_fd_sc_hd__nor2_2)
     1    0.001949    0.028241    0.033846    0.855923 v _15_/Y (sky130_fd_sc_hd__nor2_2)
                                                         _02_ (net)
                      0.028241    0.000000    0.855923 v _22_/D (sky130_fd_sc_hd__dfrtp_2)
                                              0.855923   data arrival time

                      0.150000   10.000000   10.000000   clock clk (rise edge)
                                  0.000000   10.000000   clock network delay (ideal)
                                 -0.250000    9.750000   clock uncertainty
                                  0.000000    9.750000   clock reconvergence pessimism
                                              9.750000 ^ _22_/CLK (sky130_fd_sc_hd__dfrtp_2)
                                 -0.083898    9.666102   library setup time
                                              9.666102   data required time
---------------------------------------------------------------------------------------------
                                              9.666102   data required time
                                             -0.855923   data arrival time
---------------------------------------------------------------------------------------------
                                              8.810180   slack (MET)


Startpoint: _20_ (rising edge-triggered flip-flop clocked by clk)
Endpoint: _21_ (rising edge-triggered flip-flop clocked by clk)
Path Group: clk
Path Type: max

Fanout         Cap        Slew       Delay        Time   Description
---------------------------------------------------------------------------------------------
                      0.150000    0.000000    0.000000   clock clk (rise edge)
                                  0.000000    0.000000   clock network delay (ideal)
                      0.150000    0.000000    0.000000 ^ _20_/CLK (sky130_fd_sc_hd__dfrtp_2)
     5    0.051985    0.148618    0.541130    0.541130 v _20_/Q (sky130_fd_sc_hd__dfrtp_2)
                                                         out[0] (net)
                      0.148618    0.000000    0.541130 v _12_/A (sky130_fd_sc_hd__xor2_2)
     1    0.001949    0.061687    0.196791    0.737922 v _12_/X (sky130_fd_sc_hd__xor2_2)
                                                         _01_ (net)
                      0.061687    0.000000    0.737922 v _21_/D (sky130_fd_sc_hd__dfrtp_2)
                                              0.737922   data arrival time

                      0.150000   10.000000   10.000000   clock clk (rise edge)
                                  0.000000   10.000000   clock network delay (ideal)
                                 -0.250000    9.750000   clock uncertainty
                                  0.000000    9.750000   clock reconvergence pessimism
                                              9.750000 ^ _21_/CLK (sky130_fd_sc_hd__dfrtp_2)
                                 -0.098484    9.651516   library setup time
                                              9.651516   data required time
---------------------------------------------------------------------------------------------
                                              9.651516   data required time
                                             -0.737922   data arrival time
---------------------------------------------------------------------------------------------
                                              8.913594   slack (MET)


Startpoint: _20_ (rising edge-triggered flip-flop clocked by clk)
Endpoint: _20_ (rising edge-triggered flip-flop clocked by clk)
Path Group: clk
Path Type: max

Fanout         Cap        Slew       Delay        Time   Description
---------------------------------------------------------------------------------------------
                      0.150000    0.000000    0.000000   clock clk (rise edge)
                                  0.000000    0.000000   clock network delay (ideal)
                      0.150000    0.000000    0.000000 ^ _20_/CLK (sky130_fd_sc_hd__dfrtp_2)
     5    0.053513    0.262315    0.549278    0.549278 ^ _20_/Q (sky130_fd_sc_hd__dfrtp_2)
                                                         out[0] (net)
                      0.262315    0.000000    0.549278 ^ _10_/A (sky130_fd_sc_hd__inv_2)
     1    0.001949    0.041294    0.038045    0.587322 v _10_/Y (sky130_fd_sc_hd__inv_2)
                                                         _00_ (net)
                      0.041294    0.000000    0.587322 v _20_/D (sky130_fd_sc_hd__dfrtp_2)
                                              0.587322   data arrival time

                      0.150000   10.000000   10.000000   clock clk (rise edge)
                                  0.000000   10.000000   clock network delay (ideal)
                                 -0.250000    9.750000   clock uncertainty
                                  0.000000    9.750000   clock reconvergence pessimism
                                              9.750000 ^ _20_/CLK (sky130_fd_sc_hd__dfrtp_2)
                                 -0.089590    9.660410   library setup time
                                              9.660410   data required time
---------------------------------------------------------------------------------------------
                                              9.660410   data required time
                                             -0.587322   data arrival time
---------------------------------------------------------------------------------------------
                                              9.073088   slack (MET)



