
===========================================================================
report_checks -path_delay min (Hold)
============================================================================
======================= nom_tt_025C_1v80 Corner ===================================

Startpoint: _20_ (rising edge-triggered flip-flop clocked by clk)
Endpoint: _20_ (rising edge-triggered flip-flop clocked by clk)
Path Group: clk
Path Type: min

Fanout         Cap        Slew       Delay        Time   Description
---------------------------------------------------------------------------------------------
                      0.150000    0.000000    0.000000   clock clk (rise edge)
                                  0.000000    0.000000   clock network delay (ideal)
                      0.150000    0.000000    0.000000 ^ _20_/CLK (sky130_fd_sc_hd__dfrtp_2)
     5    0.053513    0.262315    0.549278    0.549278 ^ _20_/Q (sky130_fd_sc_hd__dfrtp_2)
                                                         out[0] (net)
                      0.262315    0.000000    0.549278 ^ _10_/A (sky130_fd_sc_hd__inv_2)
     1    0.001949    0.041294    0.038045    0.587322 v _10_/Y (sky130_fd_sc_hd__inv_2)
                                                         _00_ (net)
                      0.041294    0.000000    0.587322 v _20_/D (sky130_fd_sc_hd__dfrtp_2)
                                              0.587322   data arrival time

                      0.150000    0.000000    0.000000   clock clk (rise edge)
                                  0.000000    0.000000   clock network delay (ideal)
                                  0.250000    0.250000   clock uncertainty
                                  0.000000    0.250000   clock reconvergence pessimism
                                              0.250000 ^ _20_/CLK (sky130_fd_sc_hd__dfrtp_2)
                                 -0.016655    0.233345   library hold time
                                              0.233345   data required time
---------------------------------------------------------------------------------------------
                                              0.233345   data required time
                                             -0.587322   data arrival time
---------------------------------------------------------------------------------------------
                                              0.353977   slack (MET)


Startpoint: _23_ (rising edge-triggered flip-flop clocked by clk)
Endpoint: _23_ (rising edge-triggered flip-flop clocked by clk)
Path Group: clk
Path Type: min

Fanout         Cap        Slew       Delay        Time   Description
---------------------------------------------------------------------------------------------
                      0.150000    0.000000    0.000000   clock clk (rise edge)
                                  0.000000    0.000000   clock network delay (ideal)
                      0.150000    0.000000    0.000000 ^ _23_/CLK (sky130_fd_sc_hd__dfrtp_2)
     2    0.042818    0.213630    0.514962    0.514962 ^ _23_/Q (sky130_fd_sc_hd__dfrtp_2)
                                                         out[3] (net)
                      0.213630    0.000000    0.514962 ^ _16_/A (sky130_fd_sc_hd__xor2_2)
     1    0.001949    0.028064    0.088425    0.603386 v _16_/X (sky130_fd_sc_hd__xor2_2)
                                                         _03_ (net)
                      0.028064    0.000000    0.603386 v _23_/D (sky130_fd_sc_hd__dfrtp_2)
                                              0.603386   data arrival time

                      0.150000    0.000000    0.000000   clock clk (rise edge)
                                  0.000000    0.000000   clock network delay (ideal)
                                  0.250000    0.250000   clock uncertainty
                                  0.000000    0.250000   clock reconvergence pessimism
                                              0.250000 ^ _23_/CLK (sky130_fd_sc_hd__dfrtp_2)
                                 -0.011276    0.238724   library hold time
                                              0.238724   data required time
---------------------------------------------------------------------------------------------
                                              0.238724   data required time
                                             -0.603386   data arrival time
---------------------------------------------------------------------------------------------
                                              0.364662   slack (MET)


Startpoint: _21_ (rising edge-triggered flip-flop clocked by clk)
Endpoint: _21_ (rising edge-triggered flip-flop clocked by clk)
Path Group: clk
Path Type: min

Fanout         Cap        Slew       Delay        Time   Description
---------------------------------------------------------------------------------------------
                      0.150000    0.000000    0.000000   clock clk (rise edge)
                                  0.000000    0.000000   clock network delay (ideal)
                      0.150000    0.000000    0.000000 ^ _21_/CLK (sky130_fd_sc_hd__dfrtp_2)
     4    0.048522    0.239596    0.533264    0.533264 ^ _21_/Q (sky130_fd_sc_hd__dfrtp_2)
                                                         out[1] (net)
                      0.239596    0.000000    0.533264 ^ _12_/B (sky130_fd_sc_hd__xor2_2)
     1    0.001949    0.028328    0.085288    0.618551 v _12_/X (sky130_fd_sc_hd__xor2_2)
                                                         _01_ (net)
                      0.028328    0.000000    0.618551 v _21_/D (sky130_fd_sc_hd__dfrtp_2)
                                              0.618551   data arrival time

                      0.150000    0.000000    0.000000   clock clk (rise edge)
                                  0.000000    0.000000   clock network delay (ideal)
                                  0.250000    0.250000   clock uncertainty
                                  0.000000    0.250000   clock reconvergence pessimism
                                              0.250000 ^ _21_/CLK (sky130_fd_sc_hd__dfrtp_2)
                                 -0.011383    0.238617   library hold time
                                              0.238617   data required time
---------------------------------------------------------------------------------------------
                                              0.238617   data required time
                                             -0.618551   data arrival time
---------------------------------------------------------------------------------------------
                                              0.379934   slack (MET)


Startpoint: _22_ (rising edge-triggered flip-flop clocked by clk)
Endpoint: _22_ (rising edge-triggered flip-flop clocked by clk)
Path Group: clk
Path Type: min

Fanout         Cap        Slew       Delay        Time   Description
---------------------------------------------------------------------------------------------
                      0.150000    0.000000    0.000000   clock clk (rise edge)
                                  0.000000    0.000000   clock network delay (ideal)
                      0.150000    0.000000    0.000000 ^ _22_/CLK (sky130_fd_sc_hd__dfrtp_2)
     3    0.039742    0.199628    0.505092    0.505092 ^ _22_/Q (sky130_fd_sc_hd__dfrtp_2)
                                                         out[2] (net)
                      0.199628    0.000000    0.505092 ^ _13_/B1 (sky130_fd_sc_hd__a21oi_2)
     1    0.004190    0.053877    0.050314    0.555406 v _13_/Y (sky130_fd_sc_hd__a21oi_2)
                                                         _08_ (net)
                      0.053877    0.000000    0.555406 v _15_/A (sky130_fd_sc_hd__nor2_2)
     1    0.002005    0.053937    0.089387    0.644793 ^ _15_/Y (sky130_fd_sc_hd__nor2_2)
                                                         _02_ (net)
                      0.053937    0.000000    0.644793 ^ _22_/D (sky130_fd_sc_hd__dfrtp_2)
                                              0.644793   data arrival time

                      0.150000    0.000000    0.000000   clock clk (rise edge)
                                  0.000000    0.000000   clock network delay (ideal)
                                  0.250000    0.250000   clock uncertainty
                                  0.000000    0.250000   clock reconvergence pessimism
                                              0.250000 ^ _22_/CLK (sky130_fd_sc_hd__dfrtp_2)
                                 -0.022156    0.227844   library hold time
                                              0.227844   data required time
---------------------------------------------------------------------------------------------
                                              0.227844   data required time
                                             -0.644793   data arrival time
---------------------------------------------------------------------------------------------
                                              0.416949   slack (MET)


Startpoint: rst (input port clocked by clk)
Endpoint: _20_ (removal check against rising-edge clock clk)
Path Group: asynchronous
Path Type: min

Fanout         Cap        Slew       Delay        Time   Description
---------------------------------------------------------------------------------------------
                      0.150000    0.000000    0.000000   clock clk (rise edge)
                                  0.000000    0.000000   clock network delay (ideal)
                                  2.000000    2.000000 v input external delay
     4    0.017104    0.040141    0.027519    2.027519 v rst (in)
                                                         rst (net)
                      0.040141    0.000000    2.027519 v _11_/A (sky130_fd_sc_hd__inv_2)
     1    0.003612    0.026003    0.040971    2.068490 ^ _11_/Y (sky130_fd_sc_hd__inv_2)
                                                         _04_ (net)
                      0.026003    0.000000    2.068490 ^ _20_/RESET_B (sky130_fd_sc_hd__dfrtp_2)
                                              2.068490   data arrival time

                      0.150000    0.000000    0.000000   clock clk (rise edge)
                                  0.000000    0.000000   clock network delay (ideal)
                                  0.250000    0.250000   clock uncertainty
                                  0.000000    0.250000   clock reconvergence pessimism
                                              0.250000 ^ _20_/CLK (sky130_fd_sc_hd__dfrtp_2)
                                  0.343964    0.593964   library removal time
                                              0.593964   data required time
---------------------------------------------------------------------------------------------
                                              0.593964   data required time
                                             -2.068490   data arrival time
---------------------------------------------------------------------------------------------
                                              1.474526   slack (MET)


Startpoint: rst (input port clocked by clk)
Endpoint: _21_ (removal check against rising-edge clock clk)
Path Group: asynchronous
Path Type: min

Fanout         Cap        Slew       Delay        Time   Description
---------------------------------------------------------------------------------------------
                      0.150000    0.000000    0.000000   clock clk (rise edge)
                                  0.000000    0.000000   clock network delay (ideal)
                                  2.000000    2.000000 v input external delay
     4    0.017104    0.040141    0.027519    2.027519 v rst (in)
                                                         rst (net)
                      0.040141    0.000000    2.027519 v _17_/A (sky130_fd_sc_hd__inv_2)
     1    0.003612    0.026003    0.040971    2.068490 ^ _17_/Y (sky130_fd_sc_hd__inv_2)
                                                         _05_ (net)
                      0.026003    0.000000    2.068490 ^ _21_/RESET_B (sky130_fd_sc_hd__dfrtp_2)
                                              2.068490   data arrival time

                      0.150000    0.000000    0.000000   clock clk (rise edge)
                                  0.000000    0.000000   clock network delay (ideal)
                                  0.250000    0.250000   clock uncertainty
                                  0.000000    0.250000   clock reconvergence pessimism
                                              0.250000 ^ _21_/CLK (sky130_fd_sc_hd__dfrtp_2)
                                  0.343964    0.593964   library removal time
                                              0.593964   data required time
---------------------------------------------------------------------------------------------
                                              0.593964   data required time
                                             -2.068490   data arrival time
---------------------------------------------------------------------------------------------
                                              1.474526   slack (MET)


Startpoint: rst (input port clocked by clk)
Endpoint: _22_ (removal check against rising-edge clock clk)
Path Group: asynchronous
Path Type: min

Fanout         Cap        Slew       Delay        Time   Description
---------------------------------------------------------------------------------------------
                      0.150000    0.000000    0.000000   clock clk (rise edge)
                                  0.000000    0.000000   clock network delay (ideal)
                                  2.000000    2.000000 v input external delay
     4    0.017104    0.040141    0.027519    2.027519 v rst (in)
                                                         rst (net)
                      0.040141    0.000000    2.027519 v _18_/A (sky130_fd_sc_hd__inv_2)
     1    0.003612    0.026003    0.040971    2.068490 ^ _18_/Y (sky130_fd_sc_hd__inv_2)
                                                         _06_ (net)
                      0.026003    0.000000    2.068490 ^ _22_/RESET_B (sky130_fd_sc_hd__dfrtp_2)
                                              2.068490   data arrival time

                      0.150000    0.000000    0.000000   clock clk (rise edge)
                                  0.000000    0.000000   clock network delay (ideal)
                                  0.250000    0.250000   clock uncertainty
                                  0.000000    0.250000   clock reconvergence pessimism
                                              0.250000 ^ _22_/CLK (sky130_fd_sc_hd__dfrtp_2)
                                  0.343964    0.593964   library removal time
                                              0.593964   data required time
---------------------------------------------------------------------------------------------
                                              0.593964   data required time
                                             -2.068490   data arrival time
---------------------------------------------------------------------------------------------
                                              1.474526   slack (MET)


Startpoint: rst (input port clocked by clk)
Endpoint: _23_ (removal check against rising-edge clock clk)
Path Group: asynchronous
Path Type: min

Fanout         Cap        Slew       Delay        Time   Description
---------------------------------------------------------------------------------------------
                      0.150000    0.000000    0.000000   clock clk (rise edge)
                                  0.000000    0.000000   clock network delay (ideal)
                                  2.000000    2.000000 v input external delay
     4    0.017104    0.040141    0.027519    2.027519 v rst (in)
                                                         rst (net)
                      0.040141    0.000000    2.027519 v _19_/A (sky130_fd_sc_hd__inv_2)
     1    0.003612    0.026003    0.040971    2.068490 ^ _19_/Y (sky130_fd_sc_hd__inv_2)
                                                         _07_ (net)
                      0.026003    0.000000    2.068490 ^ _23_/RESET_B (sky130_fd_sc_hd__dfrtp_2)
                                              2.068490   data arrival time

                      0.150000    0.000000    0.000000   clock clk (rise edge)
                                  0.000000    0.000000   clock network delay (ideal)
                                  0.250000    0.250000   clock uncertainty
                                  0.000000    0.250000   clock reconvergence pessimism
                                              0.250000 ^ _23_/CLK (sky130_fd_sc_hd__dfrtp_2)
                                  0.343964    0.593964   library removal time
                                              0.593964   data required time
---------------------------------------------------------------------------------------------
                                              0.593964   data required time
                                             -2.068490   data arrival time
---------------------------------------------------------------------------------------------
                                              1.474526   slack (MET)


Startpoint: _22_ (rising edge-triggered flip-flop clocked by clk)
Endpoint: out[2] (output port clocked by clk)
Path Group: clk
Path Type: min

Fanout         Cap        Slew       Delay        Time   Description
---------------------------------------------------------------------------------------------
                      0.150000    0.000000    0.000000   clock clk (rise edge)
                                  0.000000    0.000000   clock network delay (ideal)
                      0.150000    0.000000    0.000000 ^ _22_/CLK (sky130_fd_sc_hd__dfrtp_2)
     3    0.039742    0.199628    0.505092    0.505092 ^ _22_/Q (sky130_fd_sc_hd__dfrtp_2)
                                                         out[2] (net)
                      0.199628    0.000000    0.505092 ^ out[2] (out)
                                              0.505092   data arrival time

                      0.150000    0.000000    0.000000   clock clk (rise edge)
                                  0.000000    0.000000   clock network delay (ideal)
                                  0.250000    0.250000   clock uncertainty
                                  0.000000    0.250000   clock reconvergence pessimism
                                 -2.000000   -1.750000   output external delay
                                             -1.750000   data required time
---------------------------------------------------------------------------------------------
                                             -1.750000   data required time
                                             -0.505092   data arrival time
---------------------------------------------------------------------------------------------
                                              2.255092   slack (MET)


Startpoint: _23_ (rising edge-triggered flip-flop clocked by clk)
Endpoint: out[3] (output port clocked by clk)
Path Group: clk
Path Type: min

Fanout         Cap        Slew       Delay        Time   Description
---------------------------------------------------------------------------------------------
                      0.150000    0.000000    0.000000   clock clk (rise edge)
                                  0.000000    0.000000   clock network delay (ideal)
                      0.150000    0.000000    0.000000 ^ _23_/CLK (sky130_fd_sc_hd__dfrtp_2)
     2    0.042818    0.213630    0.514962    0.514962 ^ _23_/Q (sky130_fd_sc_hd__dfrtp_2)
                                                         out[3] (net)
                      0.213630    0.000000    0.514962 ^ out[3] (out)
                                              0.514962   data arrival time

                      0.150000    0.000000    0.000000   clock clk (rise edge)
                                  0.000000    0.000000   clock network delay (ideal)
                                  0.250000    0.250000   clock uncertainty
                                  0.000000    0.250000   clock reconvergence pessimism
                                 -2.000000   -1.750000   output external delay
                                             -1.750000   data required time
---------------------------------------------------------------------------------------------
                                             -1.750000   data required time
                                             -0.514962   data arrival time
---------------------------------------------------------------------------------------------
                                              2.264962   slack (MET)


Startpoint: _21_ (rising edge-triggered flip-flop clocked by clk)
Endpoint: out[1] (output port clocked by clk)
Path Group: clk
Path Type: min

Fanout         Cap        Slew       Delay        Time   Description
---------------------------------------------------------------------------------------------
                      0.150000    0.000000    0.000000   clock clk (rise edge)
                                  0.000000    0.000000   clock network delay (ideal)
                      0.150000    0.000000    0.000000 ^ _21_/CLK (sky130_fd_sc_hd__dfrtp_2)
     4    0.047363    0.139086    0.532688    0.532688 v _21_/Q (sky130_fd_sc_hd__dfrtp_2)
                                                         out[1] (net)
                      0.139086    0.000000    0.532688 v out[1] (out)
                                              0.532688   data arrival time

                      0.150000    0.000000    0.000000   clock clk (rise edge)
                                  0.000000    0.000000   clock network delay (ideal)
                                  0.250000    0.250000   clock uncertainty
                                  0.000000    0.250000   clock reconvergence pessimism
                                 -2.000000   -1.750000   output external delay
                                             -1.750000   data required time
---------------------------------------------------------------------------------------------
                                             -1.750000   data required time
                                             -0.532688   data arrival time
---------------------------------------------------------------------------------------------
                                              2.282688   slack (MET)


Startpoint: _20_ (rising edge-triggered flip-flop clocked by clk)
Endpoint: out[0] (output port clocked by clk)
Path Group: clk
Path Type: min

Fanout         Cap        Slew       Delay        Time   Description
---------------------------------------------------------------------------------------------
                      0.150000    0.000000    0.000000   clock clk (rise edge)
                                  0.000000    0.000000   clock network delay (ideal)
                      0.150000    0.000000    0.000000 ^ _20_/CLK (sky130_fd_sc_hd__dfrtp_2)
     5    0.051985    0.148618    0.541130    0.541130 v _20_/Q (sky130_fd_sc_hd__dfrtp_2)
                                                         out[0] (net)
                      0.148618    0.000000    0.541130 v out[0] (out)
                                              0.541130   data arrival time

                      0.150000    0.000000    0.000000   clock clk (rise edge)
                                  0.000000    0.000000   clock network delay (ideal)
                                  0.250000    0.250000   clock uncertainty
                                  0.000000    0.250000   clock reconvergence pessimism
                                 -2.000000   -1.750000   output external delay
                                             -1.750000   data required time
---------------------------------------------------------------------------------------------
                                             -1.750000   data required time
                                             -0.541130   data arrival time
---------------------------------------------------------------------------------------------
                                              2.291130   slack (MET)



