Reading OpenROAD database at '/home/yaser/CMOS_Tapeouts/counter/runs/RUN_2026-04-03_19-53-56/18-openroad-tapendcapinsertion/counter.odb'…
Reading library file at '/home/yaser/.volare/volare/sky130/versions/0fe599b2afb6708d281543108caf8310912f54af/sky130A/libs.ref/sky130_fd_sc_hd/lib/sky130_fd_sc_hd__tt_025C_1v80.lib'…
Reading design constraints file at '/nix/store/ss2cw3sxbrwwx9jl0rrppbw4kgcmgi2n-python3-3.11.9-env/lib/python3.11/site-packages/openlane/scripts/base.sdc'…
[INFO] Using clock clk…
[INFO] Setting output delay to: 2.0
[INFO] Setting input delay to: 2.0
[INFO] Setting load to: 0.033442
[INFO] Setting clock uncertainty to: 0.25
[INFO] Setting clock transition to: 0.1499999999999999944488848768742172978818416595458984375
[INFO] Setting timing derate to: 5%
[INFO] Setting global connections...
[INFO PDN-0001] Inserting grid: stdcell_grid
Setting global connections for newly added cells…
[INFO] Setting global connections...
Updating metrics…
Cell type report:                       Count       Area
  Fill cell                                20      75.07
  Tap cell                                 12      15.01
  Inverter                                  5      18.77
  Sequential cell                           4     105.10
  Multi-Input combinational cell            5      55.05
  Total                                    46     269.01
Writing OpenROAD database to '/home/yaser/CMOS_Tapeouts/counter/runs/RUN_2026-04-03_19-53-56/20-openroad-generatepdn/counter.odb'…
Writing netlist to '/home/yaser/CMOS_Tapeouts/counter/runs/RUN_2026-04-03_19-53-56/20-openroad-generatepdn/counter.nl.v'…
Writing powered netlist to '/home/yaser/CMOS_Tapeouts/counter/runs/RUN_2026-04-03_19-53-56/20-openroad-generatepdn/counter.pnl.v'…
Writing layout to '/home/yaser/CMOS_Tapeouts/counter/runs/RUN_2026-04-03_19-53-56/20-openroad-generatepdn/counter.def'…
Writing timing constraints to '/home/yaser/CMOS_Tapeouts/counter/runs/RUN_2026-04-03_19-53-56/20-openroad-generatepdn/counter.sdc'…
[INFO PSM-0040] All shapes on net VPWR are connected.
[INFO PSM-0040] All shapes on net VGND are connected.
