Reading OpenROAD database at '/home/yaser/CMOS_Tapeouts/nano_cpu/runs/RUN_2026-04-05_19-43-06/41-odb-heuristicdiodeinsertion/3-openroad-globalrouting/nano_cpu.odb'…
Reading library file at '/home/yaser/.volare/volare/sky130/versions/0fe599b2afb6708d281543108caf8310912f54af/sky130A/libs.ref/sky130_fd_sc_hd/lib/sky130_fd_sc_hd__tt_025C_1v80.lib'…
Reading design constraints file at '/nix/store/ss2cw3sxbrwwx9jl0rrppbw4kgcmgi2n-python3-3.11.9-env/lib/python3.11/site-packages/openlane/scripts/base.sdc'…
[INFO] Using clock clk…
[INFO] Setting output delay to: 3.0
[INFO] Setting input delay to: 3.0
[INFO] Setting load to: 0.033442
[INFO] Setting clock uncertainty to: 0.25
[INFO] Setting clock transition to: 0.1499999999999999944488848768742172978818416595458984375
[INFO] Setting timing derate to: 5%
[INFO ORD-0030] Using 4 thread(s).
[INFO DRT-0149] Reading tech and libs.
[WARNING DRT-0349] LEF58_ENCLOSURE with no CUTCLASS is not supported. Skipping for layer mcon
[WARNING DRT-0349] LEF58_ENCLOSURE with no CUTCLASS is not supported. Skipping for layer mcon
[WARNING DRT-0349] LEF58_ENCLOSURE with no CUTCLASS is not supported. Skipping for layer via
[WARNING DRT-0349] LEF58_ENCLOSURE with no CUTCLASS is not supported. Skipping for layer via
[WARNING DRT-0349] LEF58_ENCLOSURE with no CUTCLASS is not supported. Skipping for layer via2
[WARNING DRT-0349] LEF58_ENCLOSURE with no CUTCLASS is not supported. Skipping for layer via2
[WARNING DRT-0349] LEF58_ENCLOSURE with no CUTCLASS is not supported. Skipping for layer via3
[WARNING DRT-0349] LEF58_ENCLOSURE with no CUTCLASS is not supported. Skipping for layer via3
[WARNING DRT-0349] LEF58_ENCLOSURE with no CUTCLASS is not supported. Skipping for layer via4
[WARNING DRT-0349] LEF58_ENCLOSURE with no CUTCLASS is not supported. Skipping for layer via4

Units:                1000
Number of layers:     13
Number of macros:     441
Number of vias:       28
Number of viarulegen: 25

[INFO DRT-0150] Reading design.

Design:                   nano_cpu
Die area:                 ( 0 0 ) ( 76525 87245 )
Number of track patterns: 12
Number of DEF vias:       0
Number of components:     353
Number of terminals:      28
Number of snets:          2
Number of nets:           252

[INFO DRT-0167] List of default vias:
  Layer via
    default via: M1M2_PR
  Layer via2
    default via: M2M3_PR
  Layer via3
    default via: M3M4_PR
  Layer via4
    default via: M4M5_PR
[INFO DRT-0162] Library cell analysis.
[INFO DRT-0163] Instance analysis.
[INFO DRT-0164] Number of unique instances = 106.
[INFO DRT-0168] Init region query.
[INFO DRT-0024]   Complete FR_MASTERSLICE.
[INFO DRT-0024]   Complete licon.
[INFO DRT-0024]   Complete li1.
[INFO DRT-0024]   Complete mcon.
[INFO DRT-0024]   Complete met1.
[INFO DRT-0024]   Complete via.
[INFO DRT-0024]   Complete met2.
[INFO DRT-0024]   Complete via2.
[INFO DRT-0024]   Complete met3.
[INFO DRT-0024]   Complete via3.
[INFO DRT-0024]   Complete met4.
[INFO DRT-0024]   Complete via4.
[INFO DRT-0024]   Complete met5.
[INFO DRT-0033] FR_MASTERSLICE shape region query size = 0.
[INFO DRT-0033] licon shape region query size = 0.
[INFO DRT-0033] li1 shape region query size = 7507.
[INFO DRT-0033] mcon shape region query size = 0.
[INFO DRT-0033] met1 shape region query size = 956.
[INFO DRT-0033] via shape region query size = 125.
[INFO DRT-0033] met2 shape region query size = 81.
[INFO DRT-0033] via2 shape region query size = 100.
[INFO DRT-0033] met3 shape region query size = 95.
[INFO DRT-0033] via3 shape region query size = 100.
[INFO DRT-0033] met4 shape region query size = 29.
[INFO DRT-0033] via4 shape region query size = 0.
[INFO DRT-0033] met5 shape region query size = 0.
[INFO DRT-0165] Start pin access.
[INFO DRT-0078]   Complete 331 pins.
[INFO DRT-0079]   Complete 100 unique inst patterns.
[INFO DRT-0081]   Complete 100 unique inst patterns.
[INFO DRT-0084]   Complete 139 groups.
#scanned instances     = 353
#unique  instances     = 106
#stdCellGenAp          = 2684
#stdCellValidPlanarAp  = 0
#stdCellValidViaAp     = 2052
#stdCellPinNoAp        = 0
#stdCellPinCnt         = 736
#instTermValidViaApCnt = 0
#macroGenAp            = 0
#macroValidPlanarAp    = 0
#macroValidViaAp       = 0
#macroNoAp             = 0
[INFO DRT-0166] Complete pin access.
[INFO DRT-0267] cpu time = 00:00:08, elapsed time = 00:00:02, memory = 138.29 (MB), peak = 137.43 (MB)

[INFO DRT-0157] Number of guides:     1508

[INFO DRT-0169] Post process guides.
[INFO DRT-0176] GCELLGRID X 0 DO 11 STEP 6900 ;
[INFO DRT-0177] GCELLGRID Y 0 DO 12 STEP 6900 ;
[INFO DRT-0028]   Complete FR_MASTERSLICE.
[INFO DRT-0028]   Complete licon.
[INFO DRT-0028]   Complete li1.
[INFO DRT-0028]   Complete mcon.
[INFO DRT-0028]   Complete met1.
[INFO DRT-0028]   Complete via.
[INFO DRT-0028]   Complete met2.
[INFO DRT-0028]   Complete via2.
[INFO DRT-0028]   Complete met3.
[INFO DRT-0028]   Complete via3.
[INFO DRT-0028]   Complete met4.
[INFO DRT-0028]   Complete via4.
[INFO DRT-0028]   Complete met5.
[INFO DRT-0178] Init guide query.
[INFO DRT-0035]   Complete FR_MASTERSLICE (guide).
[INFO DRT-0035]   Complete licon (guide).
[INFO DRT-0035]   Complete li1 (guide).
[INFO DRT-0035]   Complete mcon (guide).
[INFO DRT-0035]   Complete met1 (guide).
[INFO DRT-0035]   Complete via (guide).
[INFO DRT-0035]   Complete met2 (guide).
[INFO DRT-0035]   Complete via2 (guide).
[INFO DRT-0035]   Complete met3 (guide).
[INFO DRT-0035]   Complete via3 (guide).
[INFO DRT-0035]   Complete met4 (guide).
[INFO DRT-0035]   Complete via4 (guide).
[INFO DRT-0035]   Complete met5 (guide).
[INFO DRT-0036] FR_MASTERSLICE guide region query size = 0.
[INFO DRT-0036] licon guide region query size = 0.
[INFO DRT-0036] li1 guide region query size = 550.
[INFO DRT-0036] mcon guide region query size = 0.
[INFO DRT-0036] met1 guide region query size = 394.
[INFO DRT-0036] via guide region query size = 0.
[INFO DRT-0036] met2 guide region query size = 214.
[INFO DRT-0036] via2 guide region query size = 0.
[INFO DRT-0036] met3 guide region query size = 20.
[INFO DRT-0036] via3 guide region query size = 0.
[INFO DRT-0036] met4 guide region query size = 0.
[INFO DRT-0036] via4 guide region query size = 0.
[INFO DRT-0036] met5 guide region query size = 0.
[INFO DRT-0179] Init gr pin query.
[INFO DRT-0245] skipped writing guide updates to database.
[INFO DRT-0185] Post process initialize RPin region query.
[INFO DRT-0181] Start track assignment.
[INFO DRT-0184] Done with 764 vertical wires in 1 frboxes and 414 horizontal wires in 1 frboxes.
[INFO DRT-0186] Done with 50 vertical wires in 1 frboxes and 100 horizontal wires in 1 frboxes.
[INFO DRT-0182] Complete track assignment.
[INFO DRT-0267] cpu time = 00:00:00, elapsed time = 00:00:00, memory = 140.63 (MB), peak = 139.81 (MB)
[INFO DRT-0187] Start routing data preparation.
[INFO DRT-0267] cpu time = 00:00:00, elapsed time = 00:00:00, memory = 140.63 (MB), peak = 139.81 (MB)
[INFO DRT-0194] Start detail routing.
[INFO DRT-0195] Start 0th optimization iteration.
    Completing 10% with 0 violations.
    elapsed time = 00:00:00, memory = 148.21 (MB).
    Completing 20% with 13 violations.
    elapsed time = 00:00:00, memory = 160.46 (MB).
    Completing 30% with 26 violations.
    elapsed time = 00:00:00, memory = 160.46 (MB).
    Completing 40% with 39 violations.
    elapsed time = 00:00:00, memory = 160.46 (MB).
[INFO DRT-0199]   Number of violations = 47.
Viol/Layer        met1   met3
Metal Spacing       19      4
Recheck              1      0
Short               23      0
[INFO DRT-0267] cpu time = 00:00:01, elapsed time = 00:00:01, memory = 503.82 (MB), peak = 502.74 (MB)
Total wire length = 3948 um.
Total wire length on LAYER li1 = 0 um.
Total wire length on LAYER met1 = 2019 um.
Total wire length on LAYER met2 = 1825 um.
Total wire length on LAYER met3 = 104 um.
Total wire length on LAYER met4 = 0 um.
Total wire length on LAYER met5 = 0 um.
Total number of vias = 1443.
Up-via summary (total 1443):

-----------------------
 FR_MASTERSLICE       0
            li1     746
           met1     675
           met2      22
           met3       0
           met4       0
-----------------------
                   1443


[INFO DRT-0195] Start 1st optimization iteration.
    Completing 10% with 47 violations.
    elapsed time = 00:00:00, memory = 503.84 (MB).
    Completing 20% with 52 violations.
    elapsed time = 00:00:00, memory = 503.84 (MB).
    Completing 30% with 50 violations.
    elapsed time = 00:00:00, memory = 503.84 (MB).
    Completing 40% with 32 violations.
    elapsed time = 00:00:00, memory = 529.18 (MB).
[INFO DRT-0199]   Number of violations = 17.
Viol/Layer        met1   met2
Metal Spacing        5      1
Short               11      0
[INFO DRT-0267] cpu time = 00:00:00, elapsed time = 00:00:00, memory = 529.31 (MB), peak = 528.27 (MB)
Total wire length = 3920 um.
Total wire length on LAYER li1 = 0 um.
Total wire length on LAYER met1 = 2003 um.
Total wire length on LAYER met2 = 1820 um.
Total wire length on LAYER met3 = 97 um.
Total wire length on LAYER met4 = 0 um.
Total wire length on LAYER met5 = 0 um.
Total number of vias = 1445.
Up-via summary (total 1445):

-----------------------
 FR_MASTERSLICE       0
            li1     746
           met1     679
           met2      20
           met3       0
           met4       0
-----------------------
                   1445


[INFO DRT-0195] Start 2nd optimization iteration.
    Completing 10% with 17 violations.
    elapsed time = 00:00:00, memory = 529.31 (MB).
    Completing 20% with 17 violations.
    elapsed time = 00:00:00, memory = 529.31 (MB).
    Completing 30% with 17 violations.
    elapsed time = 00:00:00, memory = 529.31 (MB).
    Completing 40% with 17 violations.
    elapsed time = 00:00:00, memory = 529.31 (MB).
    Completing 50% with 17 violations.
    elapsed time = 00:00:00, memory = 529.31 (MB).
    Completing 60% with 17 violations.
    elapsed time = 00:00:00, memory = 529.31 (MB).
    Completing 70% with 17 violations.
    elapsed time = 00:00:00, memory = 529.31 (MB).
    Completing 80% with 17 violations.
    elapsed time = 00:00:00, memory = 529.31 (MB).
    Completing 90% with 15 violations.
    elapsed time = 00:00:00, memory = 529.31 (MB).
    Completing 100% with 9 violations.
    elapsed time = 00:00:01, memory = 529.31 (MB).
[INFO DRT-0199]   Number of violations = 9.
Viol/Layer        met1
Metal Spacing        3
Short                6
[INFO DRT-0267] cpu time = 00:00:01, elapsed time = 00:00:01, memory = 529.32 (MB), peak = 528.39 (MB)
Total wire length = 3923 um.
Total wire length on LAYER li1 = 0 um.
Total wire length on LAYER met1 = 1999 um.
Total wire length on LAYER met2 = 1827 um.
Total wire length on LAYER met3 = 97 um.
Total wire length on LAYER met4 = 0 um.
Total wire length on LAYER met5 = 0 um.
Total number of vias = 1438.
Up-via summary (total 1438):

-----------------------
 FR_MASTERSLICE       0
            li1     746
           met1     672
           met2      20
           met3       0
           met4       0
-----------------------
                   1438


[INFO DRT-0195] Start 3rd optimization iteration.
    Completing 10% with 9 violations.
    elapsed time = 00:00:00, memory = 529.32 (MB).
    Completing 20% with 5 violations.
    elapsed time = 00:00:00, memory = 529.32 (MB).
    Completing 30% with 3 violations.
    elapsed time = 00:00:00, memory = 529.32 (MB).
    Completing 40% with 2 violations.
    elapsed time = 00:00:00, memory = 529.32 (MB).
[INFO DRT-0199]   Number of violations = 0.
[INFO DRT-0267] cpu time = 00:00:00, elapsed time = 00:00:00, memory = 529.32 (MB), peak = 528.39 (MB)
Total wire length = 3929 um.
Total wire length on LAYER li1 = 0 um.
Total wire length on LAYER met1 = 1949 um.
Total wire length on LAYER met2 = 1833 um.
Total wire length on LAYER met3 = 146 um.
Total wire length on LAYER met4 = 0 um.
Total wire length on LAYER met5 = 0 um.
Total number of vias = 1451.
Up-via summary (total 1451):

-----------------------
 FR_MASTERSLICE       0
            li1     746
           met1     679
           met2      26
           met3       0
           met4       0
-----------------------
                   1451


[INFO DRT-0198] Complete detail routing.
Total wire length = 3929 um.
Total wire length on LAYER li1 = 0 um.
Total wire length on LAYER met1 = 1949 um.
Total wire length on LAYER met2 = 1833 um.
Total wire length on LAYER met3 = 146 um.
Total wire length on LAYER met4 = 0 um.
Total wire length on LAYER met5 = 0 um.
Total number of vias = 1451.
Up-via summary (total 1451):

-----------------------
 FR_MASTERSLICE       0
            li1     746
           met1     679
           met2      26
           met3       0
           met4       0
-----------------------
                   1451


[INFO DRT-0267] cpu time = 00:00:03, elapsed time = 00:00:03, memory = 529.32 (MB), peak = 528.39 (MB)

[INFO DRT-0180] Post processing.
Setting global connections for newly added cells…
[INFO] Setting global connections...
Updating metrics…
Cell type report:                       Count       Area
  Fill cell                                48     180.17
  Tap cell                                 52      65.06
  Antenna cell                             10      25.02
  Clock buffer                              4      82.58
  Timing Repair Buffer                     84     462.94
  Inverter                                  5      18.77
  Sequential cell                          25     500.48
  Multi-Input combinational cell          125     912.12
  Total                                   353    2247.16
Writing OpenROAD database to '/home/yaser/CMOS_Tapeouts/nano_cpu/runs/RUN_2026-04-05_19-43-06/43-openroad-detailedrouting/nano_cpu.odb'…
Writing netlist to '/home/yaser/CMOS_Tapeouts/nano_cpu/runs/RUN_2026-04-05_19-43-06/43-openroad-detailedrouting/nano_cpu.nl.v'…
Writing powered netlist to '/home/yaser/CMOS_Tapeouts/nano_cpu/runs/RUN_2026-04-05_19-43-06/43-openroad-detailedrouting/nano_cpu.pnl.v'…
Writing layout to '/home/yaser/CMOS_Tapeouts/nano_cpu/runs/RUN_2026-04-05_19-43-06/43-openroad-detailedrouting/nano_cpu.def'…
Writing timing constraints to '/home/yaser/CMOS_Tapeouts/nano_cpu/runs/RUN_2026-04-05_19-43-06/43-openroad-detailedrouting/nano_cpu.sdc'…
