
===========================================================================
report_checks -unconstrained
===========================================================================
======================= max_ff_n40C_1v95 Corner ===================================

Startpoint: instruction[6] (input port clocked by clk)
Endpoint: _284_ (rising edge-triggered flip-flop clocked by clk)
Path Group: clk
Path Type: max

Fanout         Cap        Slew       Delay        Time   Description
---------------------------------------------------------------------------------------------
                                  0.000000    0.000000   clock clk (rise edge)
                                  0.000000    0.000000   clock network delay (propagated)
                                  3.000000    3.000000 ^ input external delay
     2    0.003764    0.017386    0.009809    3.009809 ^ instruction[6] (in)
                                                         instruction[6] (net)
                      0.017387    0.000000    3.009809 ^ input7/A (sky130_fd_sc_hd__clkbuf_1)
     2    0.011137    0.102303    0.097260    3.107069 ^ input7/X (sky130_fd_sc_hd__clkbuf_1)
                                                         net7 (net)
                      0.102312    0.000783    3.107852 ^ fanout60/A (sky130_fd_sc_hd__buf_1)
     4    0.013779    0.124945    0.123732    3.231584 ^ fanout60/X (sky130_fd_sc_hd__buf_1)
                                                         net60 (net)
                      0.124960    0.001115    3.232700 ^ fanout59/A (sky130_fd_sc_hd__buf_1)
     4    0.011711    0.107311    0.113184    3.345884 ^ fanout59/X (sky130_fd_sc_hd__buf_1)
                                                         net59 (net)
                      0.107317    0.000646    3.346529 ^ _137_/B (sky130_fd_sc_hd__nand3b_1)
     2    0.006835    0.058249    0.067552    3.414081 v _137_/Y (sky130_fd_sc_hd__nand3b_1)
                                                         _041_ (net)
                      0.058254    0.000427    3.414508 v fanout53/A (sky130_fd_sc_hd__buf_1)
     4    0.013944    0.058845    0.101182    3.515690 v fanout53/X (sky130_fd_sc_hd__buf_1)
                                                         net53 (net)
                      0.058858    0.000847    3.516537 v _138_/C (sky130_fd_sc_hd__and3_1)
     2    0.005977    0.036598    0.132547    3.649085 v _138_/X (sky130_fd_sc_hd__and3_1)
                                                         _042_ (net)
                      0.036601    0.000359    3.649443 v _141_/B (sky130_fd_sc_hd__or3_1)
     2    0.005047    0.051667    0.207256    3.856699 v _141_/X (sky130_fd_sc_hd__or3_1)
                                                         _045_ (net)
                      0.051667    0.000198    3.856897 v _148_/A1 (sky130_fd_sc_hd__a21o_1)
     3    0.010908    0.046759    0.127666    3.984563 v _148_/X (sky130_fd_sc_hd__a21o_1)
                                                         _051_ (net)
                      0.046777    0.000867    3.985430 v _173_/A1 (sky130_fd_sc_hd__a31o_1)
     3    0.012009    0.054164    0.142434    4.127864 v _173_/X (sky130_fd_sc_hd__a31o_1)
                                                         _074_ (net)
                      0.054175    0.000766    4.128631 v _190_/A2 (sky130_fd_sc_hd__a31o_1)
     3    0.013922    0.059621    0.172286    4.300916 v _190_/X (sky130_fd_sc_hd__a31o_1)
                                                         _089_ (net)
                      0.059645    0.001147    4.302063 v _199_/A2 (sky130_fd_sc_hd__a211o_1)
     1    0.003042    0.034201    0.187009    4.489072 v _199_/X (sky130_fd_sc_hd__a211o_1)
                                                         _097_ (net)
                      0.034201    0.000132    4.489204 v _200_/B1 (sky130_fd_sc_hd__o311a_1)
     1    0.003591    0.041891    0.077474    4.566678 v _200_/X (sky130_fd_sc_hd__o311a_1)
                                                         _098_ (net)
                      0.041891    0.000266    4.566944 v _201_/A2 (sky130_fd_sc_hd__o21a_1)
     1    0.002510    0.024003    0.104054    4.670998 v _201_/X (sky130_fd_sc_hd__o21a_1)
                                                         _024_ (net)
                      0.024016    0.000181    4.671179 v _284_/D (sky130_fd_sc_hd__dfxtp_1)
                                              4.671179   data arrival time

                                 15.000000   15.000000   clock clk (rise edge)
                                  0.000000   15.000000   clock source latency
     2    0.017272    0.062681    0.042828   15.042828 ^ clk (in)
                                                         clk (net)
                      0.062697    0.000000   15.042828 ^ clkbuf_0_clk/A (sky130_fd_sc_hd__clkbuf_16)
     2    0.018898    0.030667    0.092488   15.135316 ^ clkbuf_0_clk/X (sky130_fd_sc_hd__clkbuf_16)
                                                         clknet_0_clk (net)
                      0.030677    0.000743   15.136058 ^ clkbuf_1_0__f_clk/A (sky130_fd_sc_hd__clkbuf_16)
    13    0.044724    0.048390    0.098551   15.234609 ^ clkbuf_1_0__f_clk/X (sky130_fd_sc_hd__clkbuf_16)
                                                         clknet_1_0__leaf_clk (net)
                      0.048766    0.003320   15.237928 ^ _284_/CLK (sky130_fd_sc_hd__dfxtp_1)
                                 -0.250000   14.987929   clock uncertainty
                                  0.000000   14.987929   clock reconvergence pessimism
                                 -0.065541   14.922389   library setup time
                                             14.922389   data required time
---------------------------------------------------------------------------------------------
                                             14.922389   data required time
                                             -4.671179   data arrival time
---------------------------------------------------------------------------------------------
                                             10.251210   slack (MET)




===========================================================================
report_checks --slack_max -0.01
============================================================================
======================= max_ff_n40C_1v95 Corner ===================================

No paths found.


===========================================================================
 report_check_types -max_slew -max_cap -max_fanout -violators
============================================================================
======================= max_ff_n40C_1v95 Corner ===================================

max fanout

Pin                                   Limit Fanout  Slack
---------------------------------------------------------
clkbuf_1_0__f_clk/X                       4     13     -9 (VIOLATED)
clkbuf_1_1__f_clk/X                       4     13     -9 (VIOLATED)



===========================================================================
report_parasitic_annotation -report_unannotated
============================================================================
Found 1 unannotated drivers.
 clkload0/X
Found 0 partially unannotated drivers.

===========================================================================
max slew violation count 0
max fanout violation count 2
max cap violation count 0
============================================================================

===========================================================================
check_setup -verbose -unconstrained_endpoints -multiple_clock -no_clock -no_input_delay -loops -generated_clocks
===========================================================================
