[WARNING ORD-0039] .openroad ignored with -python
                                Cells by Master                                 
┏━━━━━━━━━━━━━━━━━━━━━━━━━━━━━━━━━━━━━━━━━━━━━━━━━━━━━━━━━━━━━━━━┳━━━━━━━━━━━━━┓
┃ Cell                                                           ┃ Count       ┃
┡━━━━━━━━━━━━━━━━━━━━━━━━━━━━━━━━━━━━━━━━━━━━━━━━━━━━━━━━━━━━━━━━╇━━━━━━━━━━━━━┩
│ sky130_ef_sc_hd__decap_12                                      │ 41          │
│ sky130_fd_sc_hd__and2_1                                        │ 1           │
│ sky130_fd_sc_hd__buf_1                                         │ 1           │
│ sky130_fd_sc_hd__buf_2                                         │ 4           │
│ sky130_fd_sc_hd__clkbuf_1                                      │ 1           │
│ sky130_fd_sc_hd__clkbuf_16                                     │ 3           │
│ sky130_fd_sc_hd__decap_3                                       │ 25          │
│ sky130_fd_sc_hd__decap_4                                       │ 8           │
│ sky130_fd_sc_hd__decap_6                                       │ 2           │
│ sky130_fd_sc_hd__decap_8                                       │ 2           │
│ sky130_fd_sc_hd__dfrtp_1                                       │ 2           │
│ sky130_fd_sc_hd__dlygate4sd3_1                                 │ 3           │
│ sky130_fd_sc_hd__fill_1                                        │ 14          │
│ sky130_fd_sc_hd__fill_2                                        │ 5           │
│ sky130_fd_sc_hd__inv_2                                         │ 2           │
│ sky130_fd_sc_hd__o21ba_1                                       │ 1           │
│ sky130_fd_sc_hd__or2_1                                         │ 1           │
│ sky130_fd_sc_hd__tapvpwrvgnd_1                                 │ 12          │
│ sky130_fd_sc_hd__xor2_1                                        │ 1           │
└────────────────────────────────────────────────────────────────┴─────────────┘
                               Cells by Function                                
┏━━━━━━━━━━━━━━━━━━━━━━━━━━━━━━━━━━━━━━━━━━━━━━━━━━━━━━━━━━━━━━━┳━━━━━━━━━━━━━━┓
┃ Cell Function                                                 ┃ Count        ┃
┡━━━━━━━━━━━━━━━━━━━━━━━━━━━━━━━━━━━━━━━━━━━━━━━━━━━━━━━━━━━━━━━╇━━━━━━━━━━━━━━┩
│ sky130_ef_sc_hd__decap                                        │ 41           │
│ sky130_fd_sc_hd__and2                                         │ 1            │
│ sky130_fd_sc_hd__buf                                          │ 5            │
│ sky130_fd_sc_hd__clkbuf                                       │ 4            │
│ sky130_fd_sc_hd__decap                                        │ 37           │
│ sky130_fd_sc_hd__dfrtp                                        │ 2            │
│ sky130_fd_sc_hd__dlygate4sd3                                  │ 3            │
│ sky130_fd_sc_hd__fill                                         │ 19           │
│ sky130_fd_sc_hd__inv                                          │ 2            │
│ sky130_fd_sc_hd__o21ba                                        │ 1            │
│ sky130_fd_sc_hd__or2                                          │ 1            │
│ sky130_fd_sc_hd__tapvpwrvgnd                                  │ 12           │
│ sky130_fd_sc_hd__xor2                                         │ 1            │
└───────────────────────────────────────────────────────────────┴──────────────┘
                                  Cells by SCL                                  
┏━━━━━━━━━━━━━━━━━━━━━━━━━━━━━━━━━━━━━━━━━━━━━━━━━━━━━━━┳━━━━━━━━━━━━━━━━━━━━━━┓
┃ SCL                                                   ┃ Count                ┃
┡━━━━━━━━━━━━━━━━━━━━━━━━━━━━━━━━━━━━━━━━━━━━━━━━━━━━━━━╇━━━━━━━━━━━━━━━━━━━━━━┩
│ sky130_ef_sc_hd                                       │ 41                   │
│ sky130_fd_sc_hd                                       │ 88                   │
└───────────────────────────────────────────────────────┴──────────────────────┘
                             Buffers by Cell Master                             
┏━━━━━━━━━━━━━━━━━━━━━━━━━━━━━━━━━━━━━━━━━━━━━━━━━━━━━━━━━━━━━━━━┳━━━━━━━━━━━━━┓
┃ Buffer                                                         ┃ Count       ┃
┡━━━━━━━━━━━━━━━━━━━━━━━━━━━━━━━━━━━━━━━━━━━━━━━━━━━━━━━━━━━━━━━━╇━━━━━━━━━━━━━┩
│ sky130_fd_sc_hd__buf_1                                         │ 1           │
│ sky130_fd_sc_hd__buf_2                                         │ 4           │
│ sky130_fd_sc_hd__clkbuf_1                                      │ 1           │
│ sky130_fd_sc_hd__clkbuf_16                                     │ 3           │
│ sky130_fd_sc_hd__dlygate4sd3_1                                 │ 3           │
└────────────────────────────────────────────────────────────────┴─────────────┘
