Reading timing models for corner nom_ss_100C_1v60…
Reading cell library for the 'nom_ss_100C_1v60' corner at '/home/yaser/.volare/volare/sky130/versions/0fe599b2afb6708d281543108caf8310912f54af/sky130A/libs.ref/sky130_fd_sc_hd/lib/sky130_fd_sc_hd__ss_100C_1v60.lib'…
Reading top-level netlist at '/home/yaser/CMOS_Tapeouts/control_unit/runs/RUN_2026-04-04_09-19-09/06-yosys-synthesis/control_unit.nl.v'…
Linking design 'control_unit' from netlist…
Reading design constraints file at '/nix/store/ss2cw3sxbrwwx9jl0rrppbw4kgcmgi2n-python3-3.11.9-env/lib/python3.11/site-packages/openlane/scripts/base.sdc'…
[INFO] Using clock clk…
[INFO] Setting output delay to: 2.0
[INFO] Setting input delay to: 2.0
[INFO] Setting load to: 0.033442
[INFO] Setting clock uncertainty to: 0.25
[INFO] Setting clock transition to: 0.1499999999999999944488848768742172978818416595458984375
[INFO] Setting timing derate to: 5%
%OL_CREATE_REPORT min.rpt

===========================================================================
report_checks -path_delay min (Hold)
============================================================================
======================= nom_ss_100C_1v60 Corner ===================================

Startpoint: _9_ (rising edge-triggered flip-flop clocked by clk)
Endpoint: _9_ (rising edge-triggered flip-flop clocked by clk)
Path Group: clk
Path Type: min

Fanout         Cap        Slew       Delay        Time   Description
---------------------------------------------------------------------------------------------
                      0.150000    0.000000    0.000000   clock clk (rise edge)
                                  0.000000    0.000000   clock network delay (ideal)
                      0.150000    0.000000    0.000000 ^ _9_/CLK (sky130_fd_sc_hd__dfrtp_2)
     5    0.047357    0.376849    0.980874    0.980874 ^ _9_/Q (sky130_fd_sc_hd__dfrtp_2)
                                                         state_out[1] (net)
                      0.376849    0.000000    0.980874 ^ _6_/B (sky130_fd_sc_hd__xor2_2)
     1    0.001838    0.050500    0.202176    1.183050 v _6_/X (sky130_fd_sc_hd__xor2_2)
                                                         next_state[1] (net)
                      0.050500    0.000000    1.183050 v _9_/D (sky130_fd_sc_hd__dfrtp_2)
                                              1.183050   data arrival time

                      0.150000    0.000000    0.000000   clock clk (rise edge)
                                  0.000000    0.000000   clock network delay (ideal)
                                  0.250000    0.250000   clock uncertainty
                                  0.000000    0.250000   clock reconvergence pessimism
                                              0.250000 ^ _9_/CLK (sky130_fd_sc_hd__dfrtp_2)
                                 -0.063116    0.186884   library hold time
                                              0.186884   data required time
---------------------------------------------------------------------------------------------
                                              0.186884   data required time
                                             -1.183050   data arrival time
---------------------------------------------------------------------------------------------
                                              0.996166   slack (MET)


Startpoint: rst (input port clocked by clk)
Endpoint: _8_ (removal check against rising-edge clock clk)
Path Group: asynchronous
Path Type: min

Fanout         Cap        Slew       Delay        Time   Description
---------------------------------------------------------------------------------------------
                      0.150000    0.000000    0.000000   clock clk (rise edge)
                                  0.000000    0.000000   clock network delay (ideal)
                                  2.000000    2.000000 v input external delay
     2    0.008600    0.042697    0.027057    2.027057 v rst (in)
                                                         rst (net)
                      0.042697    0.000000    2.027057 v _2_/A (sky130_fd_sc_hd__inv_2)
     1    0.003263    0.037579    0.056546    2.083603 ^ _2_/Y (sky130_fd_sc_hd__inv_2)
                                                         _0_ (net)
                      0.037579    0.000000    2.083603 ^ _8_/RESET_B (sky130_fd_sc_hd__dfrtp_2)
                                              2.083603   data arrival time

                      0.150000    0.000000    0.000000   clock clk (rise edge)
                                  0.000000    0.000000   clock network delay (ideal)
                                  0.250000    0.250000   clock uncertainty
                                  0.000000    0.250000   clock reconvergence pessimism
                                              0.250000 ^ _8_/CLK (sky130_fd_sc_hd__dfrtp_2)
                                  0.671631    0.921630   library removal time
                                              0.921630   data required time
---------------------------------------------------------------------------------------------
                                              0.921630   data required time
                                             -2.083603   data arrival time
---------------------------------------------------------------------------------------------
                                              1.161972   slack (MET)


Startpoint: rst (input port clocked by clk)
Endpoint: _9_ (removal check against rising-edge clock clk)
Path Group: asynchronous
Path Type: min

Fanout         Cap        Slew       Delay        Time   Description
---------------------------------------------------------------------------------------------
                      0.150000    0.000000    0.000000   clock clk (rise edge)
                                  0.000000    0.000000   clock network delay (ideal)
                                  2.000000    2.000000 v input external delay
     2    0.008600    0.042697    0.027057    2.027057 v rst (in)
                                                         rst (net)
                      0.042697    0.000000    2.027057 v _7_/A (sky130_fd_sc_hd__inv_2)
     1    0.003263    0.037579    0.056546    2.083603 ^ _7_/Y (sky130_fd_sc_hd__inv_2)
                                                         _1_ (net)
                      0.037579    0.000000    2.083603 ^ _9_/RESET_B (sky130_fd_sc_hd__dfrtp_2)
                                              2.083603   data arrival time

                      0.150000    0.000000    0.000000   clock clk (rise edge)
                                  0.000000    0.000000   clock network delay (ideal)
                                  0.250000    0.250000   clock uncertainty
                                  0.000000    0.250000   clock reconvergence pessimism
                                              0.250000 ^ _9_/CLK (sky130_fd_sc_hd__dfrtp_2)
                                  0.671631    0.921630   library removal time
                                              0.921630   data required time
---------------------------------------------------------------------------------------------
                                              0.921630   data required time
                                             -2.083603   data arrival time
---------------------------------------------------------------------------------------------
                                              1.161972   slack (MET)


Startpoint: _9_ (rising edge-triggered flip-flop clocked by clk)
Endpoint: _8_ (rising edge-triggered flip-flop clocked by clk)
Path Group: clk
Path Type: min

Fanout         Cap        Slew       Delay        Time   Description
---------------------------------------------------------------------------------------------
                      0.150000    0.000000    0.000000   clock clk (rise edge)
                                  0.000000    0.000000   clock network delay (ideal)
                      0.150000    0.000000    0.000000 ^ _9_/CLK (sky130_fd_sc_hd__dfrtp_2)
     5    0.047357    0.376849    0.980874    0.980874 ^ _9_/Q (sky130_fd_sc_hd__dfrtp_2)
                                                         state_out[1] (net)
                      0.376849    0.000000    0.980874 ^ _5_/A1 (sky130_fd_sc_hd__o21ba_2)
     1    0.001853    0.052932    0.371596    1.352470 ^ _5_/X (sky130_fd_sc_hd__o21ba_2)
                                                         next_state[0] (net)
                      0.052932    0.000000    1.352470 ^ _8_/D (sky130_fd_sc_hd__dfrtp_2)
                                              1.352470   data arrival time

                      0.150000    0.000000    0.000000   clock clk (rise edge)
                                  0.000000    0.000000   clock network delay (ideal)
                                  0.250000    0.250000   clock uncertainty
                                  0.000000    0.250000   clock reconvergence pessimism
                                              0.250000 ^ _8_/CLK (sky130_fd_sc_hd__dfrtp_2)
                                 -0.059893    0.190107   library hold time
                                              0.190107   data required time
---------------------------------------------------------------------------------------------
                                              0.190107   data required time
                                             -1.352470   data arrival time
---------------------------------------------------------------------------------------------
                                              1.162363   slack (MET)


Startpoint: _8_ (rising edge-triggered flip-flop clocked by clk)
Endpoint: state_out[0] (output port clocked by clk)
Path Group: clk
Path Type: min

Fanout         Cap        Slew       Delay        Time   Description
---------------------------------------------------------------------------------------------
                      0.150000    0.000000    0.000000   clock clk (rise edge)
                                  0.000000    0.000000   clock network delay (ideal)
                      0.150000    0.000000    0.000000 ^ _8_/CLK (sky130_fd_sc_hd__dfrtp_2)
     5    0.047095    0.375055    0.979470    0.979470 ^ _8_/Q (sky130_fd_sc_hd__dfrtp_2)
                                                         state_out[0] (net)
                      0.375055    0.000000    0.979470 ^ state_out[0] (out)
                                              0.979470   data arrival time

                      0.150000    0.000000    0.000000   clock clk (rise edge)
                                  0.000000    0.000000   clock network delay (ideal)
                                  0.250000    0.250000   clock uncertainty
                                  0.000000    0.250000   clock reconvergence pessimism
                                 -2.000000   -1.750000   output external delay
                                             -1.750000   data required time
---------------------------------------------------------------------------------------------
                                             -1.750000   data required time
                                             -0.979470   data arrival time
---------------------------------------------------------------------------------------------
                                              2.729470   slack (MET)


Startpoint: _9_ (rising edge-triggered flip-flop clocked by clk)
Endpoint: state_out[1] (output port clocked by clk)
Path Group: clk
Path Type: min

Fanout         Cap        Slew       Delay        Time   Description
---------------------------------------------------------------------------------------------
                      0.150000    0.000000    0.000000   clock clk (rise edge)
                                  0.000000    0.000000   clock network delay (ideal)
                      0.150000    0.000000    0.000000 ^ _9_/CLK (sky130_fd_sc_hd__dfrtp_2)
     5    0.047357    0.376849    0.980874    0.980874 ^ _9_/Q (sky130_fd_sc_hd__dfrtp_2)
                                                         state_out[1] (net)
                      0.376849    0.000000    0.980874 ^ state_out[1] (out)
                                              0.980874   data arrival time

                      0.150000    0.000000    0.000000   clock clk (rise edge)
                                  0.000000    0.000000   clock network delay (ideal)
                                  0.250000    0.250000   clock uncertainty
                                  0.000000    0.250000   clock reconvergence pessimism
                                 -2.000000   -1.750000   output external delay
                                             -1.750000   data required time
---------------------------------------------------------------------------------------------
                                             -1.750000   data required time
                                             -0.980874   data arrival time
---------------------------------------------------------------------------------------------
                                              2.730874   slack (MET)


Startpoint: _8_ (rising edge-triggered flip-flop clocked by clk)
Endpoint: busy (output port clocked by clk)
Path Group: clk
Path Type: min

Fanout         Cap        Slew       Delay        Time   Description
---------------------------------------------------------------------------------------------
                      0.150000    0.000000    0.000000   clock clk (rise edge)
                                  0.000000    0.000000   clock network delay (ideal)
                      0.150000    0.000000    0.000000 ^ _8_/CLK (sky130_fd_sc_hd__dfrtp_2)
     5    0.047095    0.375055    0.979470    0.979470 ^ _8_/Q (sky130_fd_sc_hd__dfrtp_2)
                                                         state_out[0] (net)
                      0.375055    0.000000    0.979470 ^ _3_/A (sky130_fd_sc_hd__or2_2)
     1    0.033442    0.282536    0.481691    1.461160 ^ _3_/X (sky130_fd_sc_hd__or2_2)
                                                         busy (net)
                      0.282536    0.000000    1.461160 ^ busy (out)
                                              1.461160   data arrival time

                      0.150000    0.000000    0.000000   clock clk (rise edge)
                                  0.000000    0.000000   clock network delay (ideal)
                                  0.250000    0.250000   clock uncertainty
                                  0.000000    0.250000   clock reconvergence pessimism
                                 -2.000000   -1.750000   output external delay
                                             -1.750000   data required time
---------------------------------------------------------------------------------------------
                                             -1.750000   data required time
                                             -1.461160   data arrival time
---------------------------------------------------------------------------------------------
                                              3.211160   slack (MET)


Startpoint: _9_ (rising edge-triggered flip-flop clocked by clk)
Endpoint: done (output port clocked by clk)
Path Group: clk
Path Type: min

Fanout         Cap        Slew       Delay        Time   Description
---------------------------------------------------------------------------------------------
                      0.150000    0.000000    0.000000   clock clk (rise edge)
                                  0.000000    0.000000   clock network delay (ideal)
                      0.150000    0.000000    0.000000 ^ _9_/CLK (sky130_fd_sc_hd__dfrtp_2)
     5    0.047357    0.376849    0.980874    0.980874 ^ _9_/Q (sky130_fd_sc_hd__dfrtp_2)
                                                         state_out[1] (net)
                      0.376849    0.000000    0.980874 ^ _4_/B (sky130_fd_sc_hd__and2_2)
     1    0.033442    0.295954    0.563005    1.543879 ^ _4_/X (sky130_fd_sc_hd__and2_2)
                                                         done (net)
                      0.295954    0.000000    1.543879 ^ done (out)
                                              1.543879   data arrival time

                      0.150000    0.000000    0.000000   clock clk (rise edge)
                                  0.000000    0.000000   clock network delay (ideal)
                                  0.250000    0.250000   clock uncertainty
                                  0.000000    0.250000   clock reconvergence pessimism
                                 -2.000000   -1.750000   output external delay
                                             -1.750000   data required time
---------------------------------------------------------------------------------------------
                                             -1.750000   data required time
                                             -1.543879   data arrival time
---------------------------------------------------------------------------------------------
                                              3.293879   slack (MET)



%OL_END_REPORT
%OL_CREATE_REPORT max.rpt

===========================================================================
report_checks -path_delay max (Setup)
============================================================================
======================= nom_ss_100C_1v60 Corner ===================================

Startpoint: _8_ (rising edge-triggered flip-flop clocked by clk)
Endpoint: busy (output port clocked by clk)
Path Group: clk
Path Type: max

Fanout         Cap        Slew       Delay        Time   Description
---------------------------------------------------------------------------------------------
                      0.150000    0.000000    0.000000   clock clk (rise edge)
                                  0.000000    0.000000   clock network delay (ideal)
                      0.150000    0.000000    0.000000 ^ _8_/CLK (sky130_fd_sc_hd__dfrtp_2)
     5    0.046183    0.258012    1.043606    1.043606 v _8_/Q (sky130_fd_sc_hd__dfrtp_2)
                                                         state_out[0] (net)
                      0.258012    0.000000    1.043606 v _3_/A (sky130_fd_sc_hd__or2_2)
     1    0.033442    0.253744    0.927597    1.971203 v _3_/X (sky130_fd_sc_hd__or2_2)
                                                         busy (net)
                      0.253744    0.000000    1.971203 v busy (out)
                                              1.971203   data arrival time

                      0.150000   10.000000   10.000000   clock clk (rise edge)
                                  0.000000   10.000000   clock network delay (ideal)
                                 -0.250000    9.750000   clock uncertainty
                                  0.000000    9.750000   clock reconvergence pessimism
                                 -2.000000    7.750000   output external delay
                                              7.750000   data required time
---------------------------------------------------------------------------------------------
                                              7.750000   data required time
                                             -1.971203   data arrival time
---------------------------------------------------------------------------------------------
                                              5.778797   slack (MET)


Startpoint: _9_ (rising edge-triggered flip-flop clocked by clk)
Endpoint: done (output port clocked by clk)
Path Group: clk
Path Type: max

Fanout         Cap        Slew       Delay        Time   Description
---------------------------------------------------------------------------------------------
                      0.150000    0.000000    0.000000   clock clk (rise edge)
                                  0.000000    0.000000   clock network delay (ideal)
                      0.150000    0.000000    0.000000 ^ _9_/CLK (sky130_fd_sc_hd__dfrtp_2)
     5    0.046403    0.258862    1.044474    1.044474 v _9_/Q (sky130_fd_sc_hd__dfrtp_2)
                                                         state_out[1] (net)
                      0.258862    0.000000    1.044474 v _4_/B (sky130_fd_sc_hd__and2_2)
     1    0.033442    0.193868    0.627105    1.671579 v _4_/X (sky130_fd_sc_hd__and2_2)
                                                         done (net)
                      0.193868    0.000000    1.671579 v done (out)
                                              1.671579   data arrival time

                      0.150000   10.000000   10.000000   clock clk (rise edge)
                                  0.000000   10.000000   clock network delay (ideal)
                                 -0.250000    9.750000   clock uncertainty
                                  0.000000    9.750000   clock reconvergence pessimism
                                 -2.000000    7.750000   output external delay
                                              7.750000   data required time
---------------------------------------------------------------------------------------------
                                              7.750000   data required time
                                             -1.671579   data arrival time
---------------------------------------------------------------------------------------------
                                              6.078421   slack (MET)


Startpoint: _9_ (rising edge-triggered flip-flop clocked by clk)
Endpoint: state_out[1] (output port clocked by clk)
Path Group: clk
Path Type: max

Fanout         Cap        Slew       Delay        Time   Description
---------------------------------------------------------------------------------------------
                      0.150000    0.000000    0.000000   clock clk (rise edge)
                                  0.000000    0.000000   clock network delay (ideal)
                      0.150000    0.000000    0.000000 ^ _9_/CLK (sky130_fd_sc_hd__dfrtp_2)
     5    0.046403    0.258862    1.044474    1.044474 v _9_/Q (sky130_fd_sc_hd__dfrtp_2)
                                                         state_out[1] (net)
                      0.258862    0.000000    1.044474 v state_out[1] (out)
                                              1.044474   data arrival time

                      0.150000   10.000000   10.000000   clock clk (rise edge)
                                  0.000000   10.000000   clock network delay (ideal)
                                 -0.250000    9.750000   clock uncertainty
                                  0.000000    9.750000   clock reconvergence pessimism
                                 -2.000000    7.750000   output external delay
                                              7.750000   data required time
---------------------------------------------------------------------------------------------
                                              7.750000   data required time
                                             -1.044474   data arrival time
---------------------------------------------------------------------------------------------
                                              6.705526   slack (MET)


Startpoint: _8_ (rising edge-triggered flip-flop clocked by clk)
Endpoint: state_out[0] (output port clocked by clk)
Path Group: clk
Path Type: max

Fanout         Cap        Slew       Delay        Time   Description
---------------------------------------------------------------------------------------------
                      0.150000    0.000000    0.000000   clock clk (rise edge)
                                  0.000000    0.000000   clock network delay (ideal)
                      0.150000    0.000000    0.000000 ^ _8_/CLK (sky130_fd_sc_hd__dfrtp_2)
     5    0.046183    0.258012    1.043606    1.043606 v _8_/Q (sky130_fd_sc_hd__dfrtp_2)
                                                         state_out[0] (net)
                      0.258012    0.000000    1.043606 v state_out[0] (out)
                                              1.043606   data arrival time

                      0.150000   10.000000   10.000000   clock clk (rise edge)
                                  0.000000   10.000000   clock network delay (ideal)
                                 -0.250000    9.750000   clock uncertainty
                                  0.000000    9.750000   clock reconvergence pessimism
                                 -2.000000    7.750000   output external delay
                                              7.750000   data required time
---------------------------------------------------------------------------------------------
                                              7.750000   data required time
                                             -1.043606   data arrival time
---------------------------------------------------------------------------------------------
                                              6.706394   slack (MET)


Startpoint: start (input port clocked by clk)
Endpoint: _8_ (rising edge-triggered flip-flop clocked by clk)
Path Group: clk
Path Type: max

Fanout         Cap        Slew       Delay        Time   Description
---------------------------------------------------------------------------------------------
                      0.150000    0.000000    0.000000   clock clk (rise edge)
                                  0.000000    0.000000   clock network delay (ideal)
                                  2.000000    2.000000 v input external delay
     1    0.002254    0.016886    0.007488    2.007488 v start (in)
                                                         start (net)
                      0.016886    0.000000    2.007488 v _5_/A2 (sky130_fd_sc_hd__o21ba_2)
     1    0.001838    0.055029    0.330814    2.338302 v _5_/X (sky130_fd_sc_hd__o21ba_2)
                                                         next_state[0] (net)
                      0.055029    0.000000    2.338302 v _8_/D (sky130_fd_sc_hd__dfrtp_2)
                                              2.338302   data arrival time

                      0.150000   10.000000   10.000000   clock clk (rise edge)
                                  0.000000   10.000000   clock network delay (ideal)
                                 -0.250000    9.750000   clock uncertainty
                                  0.000000    9.750000   clock reconvergence pessimism
                                              9.750000 ^ _8_/CLK (sky130_fd_sc_hd__dfrtp_2)
                                 -0.249043    9.500957   library setup time
                                              9.500957   data required time
---------------------------------------------------------------------------------------------
                                              9.500957   data required time
                                             -2.338302   data arrival time
---------------------------------------------------------------------------------------------
                                              7.162655   slack (MET)


Startpoint: _8_ (rising edge-triggered flip-flop clocked by clk)
Endpoint: _9_ (rising edge-triggered flip-flop clocked by clk)
Path Group: clk
Path Type: max

Fanout         Cap        Slew       Delay        Time   Description
---------------------------------------------------------------------------------------------
                      0.150000    0.000000    0.000000   clock clk (rise edge)
                                  0.000000    0.000000   clock network delay (ideal)
                      0.150000    0.000000    0.000000 ^ _8_/CLK (sky130_fd_sc_hd__dfrtp_2)
     5    0.046183    0.258012    1.043606    1.043606 v _8_/Q (sky130_fd_sc_hd__dfrtp_2)
                                                         state_out[0] (net)
                      0.258012    0.000000    1.043606 v _6_/A (sky130_fd_sc_hd__xor2_2)
     1    0.001838    0.102015    0.364210    1.407816 v _6_/X (sky130_fd_sc_hd__xor2_2)
                                                         next_state[1] (net)
                      0.102015    0.000000    1.407816 v _9_/D (sky130_fd_sc_hd__dfrtp_2)
                                              1.407816   data arrival time

                      0.150000   10.000000   10.000000   clock clk (rise edge)
                                  0.000000   10.000000   clock network delay (ideal)
                                 -0.250000    9.750000   clock uncertainty
                                  0.000000    9.750000   clock reconvergence pessimism
                                              9.750000 ^ _9_/CLK (sky130_fd_sc_hd__dfrtp_2)
                                 -0.268645    9.481356   library setup time
                                              9.481356   data required time
---------------------------------------------------------------------------------------------
                                              9.481356   data required time
                                             -1.407816   data arrival time
---------------------------------------------------------------------------------------------
                                              8.073540   slack (MET)


Startpoint: rst (input port clocked by clk)
Endpoint: _8_ (recovery check against rising-edge clock clk)
Path Group: asynchronous
Path Type: max

Fanout         Cap        Slew       Delay        Time   Description
---------------------------------------------------------------------------------------------
                      0.150000    0.000000    0.000000   clock clk (rise edge)
                                  0.000000    0.000000   clock network delay (ideal)
                                  2.000000    2.000000 v input external delay
     2    0.008600    0.042697    0.027057    2.027057 v rst (in)
                                                         rst (net)
                      0.042697    0.000000    2.027057 v _2_/A (sky130_fd_sc_hd__inv_2)
     1    0.003263    0.037579    0.056546    2.083603 ^ _2_/Y (sky130_fd_sc_hd__inv_2)
                                                         _0_ (net)
                      0.037579    0.000000    2.083603 ^ _8_/RESET_B (sky130_fd_sc_hd__dfrtp_2)
                                              2.083603   data arrival time

                      0.150000   10.000000   10.000000   clock clk (rise edge)
                                  0.000000   10.000000   clock network delay (ideal)
                                 -0.250000    9.750000   clock uncertainty
                                  0.000000    9.750000   clock reconvergence pessimism
                                              9.750000 ^ _8_/CLK (sky130_fd_sc_hd__dfrtp_2)
                                  0.485060   10.235060   library recovery time
                                             10.235060   data required time
---------------------------------------------------------------------------------------------
                                             10.235060   data required time
                                             -2.083603   data arrival time
---------------------------------------------------------------------------------------------
                                              8.151458   slack (MET)


Startpoint: rst (input port clocked by clk)
Endpoint: _9_ (recovery check against rising-edge clock clk)
Path Group: asynchronous
Path Type: max

Fanout         Cap        Slew       Delay        Time   Description
---------------------------------------------------------------------------------------------
                      0.150000    0.000000    0.000000   clock clk (rise edge)
                                  0.000000    0.000000   clock network delay (ideal)
                                  2.000000    2.000000 v input external delay
     2    0.008600    0.042697    0.027057    2.027057 v rst (in)
                                                         rst (net)
                      0.042697    0.000000    2.027057 v _7_/A (sky130_fd_sc_hd__inv_2)
     1    0.003263    0.037579    0.056546    2.083603 ^ _7_/Y (sky130_fd_sc_hd__inv_2)
                                                         _1_ (net)
                      0.037579    0.000000    2.083603 ^ _9_/RESET_B (sky130_fd_sc_hd__dfrtp_2)
                                              2.083603   data arrival time

                      0.150000   10.000000   10.000000   clock clk (rise edge)
                                  0.000000   10.000000   clock network delay (ideal)
                                 -0.250000    9.750000   clock uncertainty
                                  0.000000    9.750000   clock reconvergence pessimism
                                              9.750000 ^ _9_/CLK (sky130_fd_sc_hd__dfrtp_2)
                                  0.485060   10.235060   library recovery time
                                             10.235060   data required time
---------------------------------------------------------------------------------------------
                                             10.235060   data required time
                                             -2.083603   data arrival time
---------------------------------------------------------------------------------------------
                                              8.151458   slack (MET)



%OL_END_REPORT
%OL_CREATE_REPORT checks.rpt

===========================================================================
report_checks -unconstrained
===========================================================================
======================= nom_ss_100C_1v60 Corner ===================================

Startpoint: rst (input port clocked by clk)
Endpoint: _8_ (recovery check against rising-edge clock clk)
Path Group: asynchronous
Path Type: max

Fanout         Cap        Slew       Delay        Time   Description
---------------------------------------------------------------------------------------------
                      0.150000    0.000000    0.000000   clock clk (rise edge)
                                  0.000000    0.000000   clock network delay (ideal)
                                  2.000000    2.000000 v input external delay
     2    0.008600    0.042697    0.027057    2.027057 v rst (in)
                                                         rst (net)
                      0.042697    0.000000    2.027057 v _2_/A (sky130_fd_sc_hd__inv_2)
     1    0.003263    0.037579    0.056546    2.083603 ^ _2_/Y (sky130_fd_sc_hd__inv_2)
                                                         _0_ (net)
                      0.037579    0.000000    2.083603 ^ _8_/RESET_B (sky130_fd_sc_hd__dfrtp_2)
                                              2.083603   data arrival time

                      0.150000   10.000000   10.000000   clock clk (rise edge)
                                  0.000000   10.000000   clock network delay (ideal)
                                 -0.250000    9.750000   clock uncertainty
                                  0.000000    9.750000   clock reconvergence pessimism
                                              9.750000 ^ _8_/CLK (sky130_fd_sc_hd__dfrtp_2)
                                  0.485060   10.235060   library recovery time
                                             10.235060   data required time
---------------------------------------------------------------------------------------------
                                             10.235060   data required time
                                             -2.083603   data arrival time
---------------------------------------------------------------------------------------------
                                              8.151458   slack (MET)


Startpoint: _8_ (rising edge-triggered flip-flop clocked by clk)
Endpoint: busy (output port clocked by clk)
Path Group: clk
Path Type: max

Fanout         Cap        Slew       Delay        Time   Description
---------------------------------------------------------------------------------------------
                      0.150000    0.000000    0.000000   clock clk (rise edge)
                                  0.000000    0.000000   clock network delay (ideal)
                      0.150000    0.000000    0.000000 ^ _8_/CLK (sky130_fd_sc_hd__dfrtp_2)
     5    0.046183    0.258012    1.043606    1.043606 v _8_/Q (sky130_fd_sc_hd__dfrtp_2)
                                                         state_out[0] (net)
                      0.258012    0.000000    1.043606 v _3_/A (sky130_fd_sc_hd__or2_2)
     1    0.033442    0.253744    0.927597    1.971203 v _3_/X (sky130_fd_sc_hd__or2_2)
                                                         busy (net)
                      0.253744    0.000000    1.971203 v busy (out)
                                              1.971203   data arrival time

                      0.150000   10.000000   10.000000   clock clk (rise edge)
                                  0.000000   10.000000   clock network delay (ideal)
                                 -0.250000    9.750000   clock uncertainty
                                  0.000000    9.750000   clock reconvergence pessimism
                                 -2.000000    7.750000   output external delay
                                              7.750000   data required time
---------------------------------------------------------------------------------------------
                                              7.750000   data required time
                                             -1.971203   data arrival time
---------------------------------------------------------------------------------------------
                                              5.778797   slack (MET)




===========================================================================
report_checks --slack_max -0.01
============================================================================
======================= nom_ss_100C_1v60 Corner ===================================

No paths found.


===========================================================================
 report_check_types -max_slew -max_cap -max_fanout -violators
============================================================================
======================= nom_ss_100C_1v60 Corner ===================================



===========================================================================
report_parasitic_annotation -report_unannotated
============================================================================
Found 11 unannotated drivers.
 clk
 rst
 start
 _2_/Y
 _3_/X
 _4_/X
 _5_/X
 _6_/X
 _7_/Y
 _8_/Q
 _9_/Q
Found 0 partially unannotated drivers.

===========================================================================
max slew violation count 0
%OL_METRIC_I design__max_slew_violation__count__corner:nom_ss_100C_1v60 0
max fanout violation count 0
%OL_METRIC_I design__max_fanout_violation__count__corner:nom_ss_100C_1v60 0
max cap violation count 0
%OL_METRIC_I design__max_cap_violation__count__corner:nom_ss_100C_1v60 0
============================================================================

===========================================================================
check_setup -verbose -unconstrained_endpoints -multiple_clock -no_clock -no_input_delay -loops -generated_clocks
===========================================================================
%OL_END_REPORT
%OL_CREATE_REPORT power.rpt

===========================================================================
 report_power
============================================================================
======================= nom_ss_100C_1v60 Corner ===================================

Group                    Internal    Switching      Leakage        Total
                            Power        Power        Power        Power (Watts)
------------------------------------------------------------------------
Sequential           1.048880e-05 1.208986e-05 3.907427e-08 2.261773e-05  58.5%
Combinational        6.649584e-06 9.374713e-06 3.167047e-08 1.605597e-05  41.5%
Clock                0.000000e+00 0.000000e+00 0.000000e+00 0.000000e+00   0.0%
Macro                0.000000e+00 0.000000e+00 0.000000e+00 0.000000e+00   0.0%
Pad                  0.000000e+00 0.000000e+00 0.000000e+00 0.000000e+00   0.0%
------------------------------------------------------------------------
Total                1.713839e-05 2.146457e-05 7.074473e-08 3.867370e-05 100.0%
                            44.3%        55.5%         0.2%
%OL_METRIC_F power__internal__total 1.7138387192972004e-5
%OL_METRIC_F power__switching__total 2.146456972695887e-5
%OL_METRIC_F power__leakage__total 7.074473273860349e-8
%OL_METRIC_F power__total 3.867370105581358e-5

%OL_END_REPORT
%OL_CREATE_REPORT skew.min.rpt

===========================================================================
Clock Skew (Hold)
============================================================================
%OL_METRIC_F clock__skew__worst_hold__corner:nom_ss_100C_1v60 -0.25
======================= nom_ss_100C_1v60 Corner ===================================

Clock clk
0.019700 source latency _8_/CLK ^
-0.019700 target latency _8_/CLK ^
-0.250000 clock uncertainty
0.000000 CRPR
--------------
-0.250000 hold skew

%OL_END_REPORT
%OL_CREATE_REPORT skew.max.rpt

===========================================================================
Clock Skew (Setup)
============================================================================
%OL_METRIC_F clock__skew__worst_setup__corner:nom_ss_100C_1v60 0.25
======================= nom_ss_100C_1v60 Corner ===================================

Clock clk
0.019700 source latency _8_/CLK ^
-0.019700 target latency _8_/CLK ^
0.250000 clock uncertainty
0.000000 CRPR
--------------
0.250000 setup skew

%OL_END_REPORT
%OL_CREATE_REPORT ws.min.rpt

===========================================================================
Worst Slack (Hold)
============================================================================
%OL_METRIC_F timing__hold__ws__corner:nom_ss_100C_1v60 0.9961660667206309
nom_ss_100C_1v60: 0.9961660667206309
%OL_END_REPORT
%OL_CREATE_REPORT ws.max.rpt

===========================================================================
Worst Slack (Setup)
============================================================================
%OL_METRIC_F timing__setup__ws__corner:nom_ss_100C_1v60 5.7787967158269735
nom_ss_100C_1v60: 5.7787967158269735
%OL_END_REPORT
%OL_CREATE_REPORT tns.min.rpt

===========================================================================
Total Negative Slack (Hold)
============================================================================
%OL_METRIC_F timing__hold__tns__corner:nom_ss_100C_1v60 0.0
nom_ss_100C_1v60: 0.0
%OL_END_REPORT
%OL_CREATE_REPORT tns.max.rpt

===========================================================================
Total Negative Slack (Setup)
============================================================================
%OL_METRIC_F timing__setup__tns__corner:nom_ss_100C_1v60 0.0
nom_ss_100C_1v60: 0.0
%OL_END_REPORT
%OL_CREATE_REPORT wns.min.rpt

===========================================================================
Worst Negative Slack (Hold)
============================================================================
%OL_METRIC_F timing__hold__wns__corner:nom_ss_100C_1v60 0
nom_ss_100C_1v60: 0
%OL_END_REPORT
%OL_CREATE_REPORT wns.max.rpt

===========================================================================
Worst Negative Slack (Setup)
============================================================================
%OL_METRIC_F timing__setup__wns__corner:nom_ss_100C_1v60 0.0
nom_ss_100C_1v60: 0.0
%OL_END_REPORT
%OL_CREATE_REPORT violator_list.rpt

===========================================================================
Violator List
============================================================================
%OL_METRIC_I timing__hold_vio__count__corner:nom_ss_100C_1v60 0
%OL_METRIC_F timing__hold_r2r__ws__corner:nom_ss_100C_1v60 0.996166
%OL_METRIC_I timing__hold_r2r_vio__count__corner:nom_ss_100C_1v60 0
%OL_METRIC_I timing__setup_vio__count__corner:nom_ss_100C_1v60 0
%OL_METRIC_F timing__setup_r2r__ws__corner:nom_ss_100C_1v60 8.073540
%OL_METRIC_I timing__setup_r2r_vio__count__corner:nom_ss_100C_1v60 0
%OL_END_REPORT
%OL_CREATE_REPORT unpropagated.rpt
clk
%OL_END_REPORT
%OL_CREATE_REPORT clock.rpt
Clock: clk
Sources: clk 
Generated: no
Virtual: no
Propagated: no
Period: 10.000000

===========================================================================
report_clock_properties
============================================================================
Clock                   Period          Waveform
----------------------------------------------------
clk                  10.000000    0.000000  5.000000

===========================================================================
report_clock_latency
============================================================================
Clock clk
rise -> rise
    min     max
0.000000 0.000000 source latency
0.019700         network latency _8_/CLK
        0.019700 network latency _8_/CLK
---------------
0.019700 0.019700 latency
        0.000000 skew

fall -> fall
    min     max
0.000000 0.000000 source latency
0.010585         network latency _8_/CLK
        0.010585 network latency _8_/CLK
---------------
0.010585 0.010585 latency
        0.000000 skew



===========================================================================
report_clock_min_period
============================================================================
clk period_min = 1.99 fmax = 501.44
%OL_END_REPORT
Writing SDF files for all corners…
