
===========================================================================
report_checks -unconstrained
===========================================================================
======================= nom_ff_n40C_1v95 Corner ===================================

Startpoint: cin (input port clocked by clk)
Endpoint: cout (output port clocked by clk)
Path Group: clk
Path Type: max

Fanout         Cap        Slew       Delay        Time   Description
---------------------------------------------------------------------------------------------
                                  0.000000    0.000000   clock clk (rise edge)
                                  0.000000    0.000000   clock network delay (propagated)
                                  2.000000    2.000000 ^ input external delay
     2    0.003799    0.017507    0.009855    2.009856 ^ cin (in)
                                                         cin (net)
                      0.017507    0.000000    2.009856 ^ input2/A (sky130_fd_sc_hd__clkbuf_1)
     1    0.002201    0.027260    0.045103    2.054959 ^ input2/X (sky130_fd_sc_hd__clkbuf_1)
                                                         net2 (net)
                      0.027260    0.000045    2.055003 ^ _0_/B (sky130_fd_sc_hd__and2_1)
     1    0.006940    0.059812    0.091732    2.146735 ^ _0_/X (sky130_fd_sc_hd__and2_1)
                                                         net3 (net)
                      0.059812    0.000243    2.146979 ^ output3/A (sky130_fd_sc_hd__buf_2)
     1    0.034393    0.128605    0.145711    2.292689 ^ output3/X (sky130_fd_sc_hd__buf_2)
                                                         cout (net)
                      0.128611    0.000747    2.293437 ^ cout (out)
                                              2.293437   data arrival time

                                 10.000000   10.000000   clock clk (rise edge)
                                  0.000000   10.000000   clock network delay (propagated)
                                 -0.250000    9.750000   clock uncertainty
                                  0.000000    9.750000   clock reconvergence pessimism
                                 -2.000000    7.750000   output external delay
                                              7.750000   data required time
---------------------------------------------------------------------------------------------
                                              7.750000   data required time
                                             -2.293437   data arrival time
---------------------------------------------------------------------------------------------
                                              5.456563   slack (MET)




===========================================================================
report_checks --slack_max -0.01
============================================================================
======================= nom_ff_n40C_1v95 Corner ===================================

No paths found.


===========================================================================
 report_check_types -max_slew -max_cap -max_fanout -violators
============================================================================
======================= nom_ff_n40C_1v95 Corner ===================================



===========================================================================
report_parasitic_annotation -report_unannotated
============================================================================
Found 7 unannotated drivers.
 I[0]
 I[1]
 I[2]
 clk
 ff_en
 rst
 clb_4/HI
Found 0 partially unannotated drivers.

===========================================================================
max slew violation count 0
max fanout violation count 0
max cap violation count 0
============================================================================

===========================================================================
check_setup -verbose -unconstrained_endpoints -multiple_clock -no_clock -no_input_delay -loops -generated_clocks
===========================================================================
Warning: There is 1 unconstrained endpoint.
  O
