
===========================================================================
report_checks -unconstrained
===========================================================================
======================= nom_ff_n40C_1v95 Corner ===================================

Startpoint: instruction[0] (input port clocked by clk)
Endpoint: _284_ (rising edge-triggered flip-flop clocked by clk)
Path Group: clk
Path Type: max

Fanout         Cap        Slew       Delay        Time   Description
---------------------------------------------------------------------------------------------
                      0.150000    0.000000    0.000000   clock clk (rise edge)
                                  0.000000    0.000000   clock network delay (ideal)
                                  3.000000    3.000000 v input external delay
     8    0.022002    0.035058    0.023201    3.023201 v instruction[0] (in)
                                                         instruction[0] (net)
                      0.035058    0.000000    3.023201 v _158_/A (sky130_fd_sc_hd__or3_2)
     3    0.008749    0.065816    0.288140    3.311341 v _158_/X (sky130_fd_sc_hd__or3_2)
                                                         _060_ (net)
                      0.065816    0.000000    3.311341 v _159_/A2 (sky130_fd_sc_hd__a21bo_2)
     2    0.003833    0.028148    0.145648    3.456989 v _159_/X (sky130_fd_sc_hd__a21bo_2)
                                                         _061_ (net)
                      0.028148    0.000000    3.456989 v _162_/A1 (sky130_fd_sc_hd__a21o_2)
     2    0.003899    0.027599    0.115005    3.571994 v _162_/X (sky130_fd_sc_hd__a21o_2)
                                                         _064_ (net)
                      0.027599    0.000000    3.571994 v _163_/B (sky130_fd_sc_hd__and2b_2)
     2    0.010822    0.040978    0.131981    3.703975 v _163_/X (sky130_fd_sc_hd__and2b_2)
                                                         _065_ (net)
                      0.040978    0.000000    3.703975 v _173_/A3 (sky130_fd_sc_hd__a31o_2)
     3    0.011778    0.045118    0.175965    3.879940 v _173_/X (sky130_fd_sc_hd__a31o_2)
                                                         _074_ (net)
                      0.045118    0.000000    3.879940 v _190_/A2 (sky130_fd_sc_hd__a31o_2)
     3    0.014863    0.050071    0.175614    4.055553 v _190_/X (sky130_fd_sc_hd__a31o_2)
                                                         _089_ (net)
                      0.050071    0.000000    4.055553 v _199_/A2 (sky130_fd_sc_hd__a211o_2)
     1    0.002298    0.032208    0.201570    4.257123 v _199_/X (sky130_fd_sc_hd__a211o_2)
                                                         _097_ (net)
                      0.032208    0.000000    4.257123 v _200_/B1 (sky130_fd_sc_hd__o311a_2)
     1    0.002266    0.038575    0.078787    4.335911 v _200_/X (sky130_fd_sc_hd__o311a_2)
                                                         _098_ (net)
                      0.038575    0.000000    4.335911 v _201_/A2 (sky130_fd_sc_hd__o21a_2)
     1    0.001783    0.022600    0.113562    4.449473 v _201_/X (sky130_fd_sc_hd__o21a_2)
                                                         _024_ (net)
                      0.022600    0.000000    4.449473 v _284_/D (sky130_fd_sc_hd__dfxtp_2)
                                              4.449473   data arrival time

                      0.150000   15.000000   15.000000   clock clk (rise edge)
                                  0.000000   15.000000   clock network delay (ideal)
                                 -0.250000   14.750000   clock uncertainty
                                  0.000000   14.750000   clock reconvergence pessimism
                                             14.750000 ^ _284_/CLK (sky130_fd_sc_hd__dfxtp_2)
                                 -0.056529   14.693471   library setup time
                                             14.693471   data required time
---------------------------------------------------------------------------------------------
                                             14.693471   data required time
                                             -4.449473   data arrival time
---------------------------------------------------------------------------------------------
                                             10.243998   slack (MET)




===========================================================================
report_checks --slack_max -0.01
============================================================================
======================= nom_ff_n40C_1v95 Corner ===================================

No paths found.


===========================================================================
 report_check_types -max_slew -max_cap -max_fanout -violators
============================================================================
======================= nom_ff_n40C_1v95 Corner ===================================

max fanout

Pin                                   Limit Fanout  Slack
---------------------------------------------------------
_205_/Y                                   4     15    -11 (VIOLATED)
reset                                     4      9     -5 (VIOLATED)
_240_/X                                   4      9     -5 (VIOLATED)
instruction[0]                            4      8     -4 (VIOLATED)
instruction[6]                            4      8     -4 (VIOLATED)
_211_/X                                   4      8     -4 (VIOLATED)
_137_/Y                                   4      7     -3 (VIOLATED)
_216_/X                                   4      7     -3 (VIOLATED)
_258_/Y                                   4      7     -3 (VIOLATED)
instruction[1]                            4      6     -2 (VIOLATED)
instruction[5]                            4      6     -2 (VIOLATED)
_178_/Y                                   4      6     -2 (VIOLATED)
_279_/Q                                   4      6     -2 (VIOLATED)
instruction[3]                            4      5        (VIOLATED)
instruction[7]                            4      5        (VIOLATED)
_130_/Y                                   4      5        (VIOLATED)
_132_/Y                                   4      5        (VIOLATED)
_260_/Q                                   4      5        (VIOLATED)
_278_/Q                                   4      5        (VIOLATED)
_280_/Q                                   4      5        (VIOLATED)
_282_/Q                                   4      5        (VIOLATED)
_283_/Q                                   4      5        (VIOLATED)
_284_/Q                                   4      5        (VIOLATED)



===========================================================================
report_parasitic_annotation -report_unannotated
============================================================================
Found 165 unannotated drivers.
 clk
 instruction[0]
 instruction[1]
 instruction[2]
 instruction[3]
 instruction[4]
 instruction[5]
 instruction[6]
 instruction[7]
 reset
 _130_/Y
 _131_/X
 _132_/Y
 _133_/X
 _134_/Y
 _135_/X
 _136_/Y
 _137_/Y
 _138_/X
 _139_/Y
 _140_/X
 _141_/X
 _142_/X
 _143_/Y
 _144_/X
 _145_/X
 _146_/X
 _147_/X
 _148_/X
 _149_/X
 _150_/Y
 _151_/X
 _152_/X
 _153_/Y
 _154_/Y
 _155_/X
 _156_/X
 _157_/X
 _158_/X
 _159_/X
 _160_/Y
 _161_/X
 _162_/X
 _163_/X
 _164_/Y
 _165_/X
 _166_/X
 _167_/X
 _168_/Y
 _169_/X
 _170_/X
 _171_/Y
 _172_/X
 _173_/X
 _174_/X
 _175_/X
 _176_/X
 _177_/X
 _178_/Y
 _179_/Y
 _180_/Y
 _181_/X
 _182_/X
 _183_/Y
 _184_/X
 _185_/Y
 _186_/X
 _187_/X
 _188_/X
 _189_/Y
 _190_/X
 _191_/Y
 _192_/X
 _193_/Y
 _194_/X
 _195_/Y
 _196_/Y
 _197_/X
 _198_/Y
 _199_/X
 _200_/X
 _201_/X
 _202_/Y
 _203_/Y
 _204_/Y
 _205_/Y
 _206_/Y
 _207_/X
 _208_/X
 _209_/Y
 _210_/Y
 _211_/X
 _212_/X
 _213_/X
 _214_/Y
 _215_/X
 _216_/X
 _217_/Y
 _218_/X
 _219_/X
 _220_/X
 _221_/Y
 _222_/Y
 _223_/X
 _224_/X
 _225_/X
 _226_/X
 _227_/Y
 _228_/X
 _229_/X
 _230_/X
 _231_/X
 _232_/Y
 _233_/Y
 _234_/Y
 _235_/X
 _236_/Y
 _237_/Y
 _238_/Y
 _239_/X
 _240_/X
 _241_/X
 _242_/X
 _243_/X
 _244_/X
 _245_/X
 _246_/X
 _247_/X
 _248_/X
 _249_/Y
 _250_/X
 _251_/X
 _252_/X
 _253_/X
 _254_/X
 _255_/X
 _256_/X
 _257_/X
 _258_/Y
 _259_/Y
 _260_/Q
 _261_/Q
 _262_/Q
 _263_/Q
 _264_/Q
 _265_/Q
 _266_/Q
 _267_/Q
 _268_/Q
 _269_/Q
 _270_/Q
 _271_/Q
 _272_/Q
 _273_/Q
 _274_/Q
 _275_/Q
 _276_/Q
 _277_/Q
 _278_/Q
 _279_/Q
 _280_/Q
 _281_/Q
 _282_/Q
 _283_/Q
 _284_/Q
Found 0 partially unannotated drivers.

===========================================================================
max slew violation count 0
max fanout violation count 23
max cap violation count 0
============================================================================

===========================================================================
check_setup -verbose -unconstrained_endpoints -multiple_clock -no_clock -no_input_delay -loops -generated_clocks
===========================================================================
