Clock: clk
Sources: clk 
Generated: no
Virtual: yes
Propagated: no
Period: 10.000000

===========================================================================
report_clock_properties
============================================================================
Clock                   Period          Waveform
----------------------------------------------------
clk                  10.000000    0.000000  5.000000

===========================================================================
report_clock_latency
============================================================================
Clock clk
rise -> rise
    min     max
0.000000 0.000000 source latency
0.267670         network latency _8_/CLK
        0.267751 network latency _9_/CLK
---------------
0.267670 0.267751 latency
        0.000081 skew

fall -> fall
    min     max
0.000000 0.000000 source latency
0.275361         network latency _8_/CLK
        0.275435 network latency _9_/CLK
---------------
0.275361 0.275435 latency
        0.000075 skew



===========================================================================
report_clock_min_period
============================================================================
clk period_min = 2.05 fmax = 486.72
