Reading timing models for corner min_ss_100C_1v60…
Reading cell library for the 'min_ss_100C_1v60' corner at '/home/yaser/.volare/volare/sky130/versions/0fe599b2afb6708d281543108caf8310912f54af/sky130A/libs.ref/sky130_fd_sc_hd/lib/sky130_fd_sc_hd__ss_100C_1v60.lib'…
Reading top-level netlist at '/home/yaser/CMOS_Tapeouts/control_unit/runs/RUN_2026-04-04_09-19-09/51-openroad-fillinsertion/control_unit.nl.v'…
Linking design 'control_unit' from netlist…
Warning: /home/yaser/CMOS_Tapeouts/control_unit/runs/RUN_2026-04-04_09-19-09/51-openroad-fillinsertion/control_unit.nl.v line 76, module sky130_fd_sc_hd__tapvpwrvgnd_1 not found. Creating black box for TAP_TAPCELL_ROW_0_20.
Warning: /home/yaser/CMOS_Tapeouts/control_unit/runs/RUN_2026-04-04_09-19-09/51-openroad-fillinsertion/control_unit.nl.v line 112, module sky130_ef_sc_hd__decap_12 not found. Creating black box for FILLER_0_3.
Warning: /home/yaser/CMOS_Tapeouts/control_unit/runs/RUN_2026-04-04_09-19-09/51-openroad-fillinsertion/control_unit.nl.v line 114, module sky130_fd_sc_hd__fill_1 not found. Creating black box for FILLER_0_27.
Warning: /home/yaser/CMOS_Tapeouts/control_unit/runs/RUN_2026-04-04_09-19-09/51-openroad-fillinsertion/control_unit.nl.v line 157, module sky130_fd_sc_hd__fill_2 not found. Creating black box for FILLER_5_54.
Reading design constraints file at '/nix/store/ss2cw3sxbrwwx9jl0rrppbw4kgcmgi2n-python3-3.11.9-env/lib/python3.11/site-packages/openlane/scripts/base.sdc'…
[INFO] Using clock clk…
[INFO] Setting output delay to: 2.0
[INFO] Setting input delay to: 2.0
[INFO] Setting load to: 0.033442
[INFO] Setting clock uncertainty to: 0.25
[INFO] Setting clock transition to: 0.1499999999999999944488848768742172978818416595458984375
[INFO] Setting timing derate to: 5%
Reading top-level design parasitics for the 'min_ss_100C_1v60' corner at '/home/yaser/CMOS_Tapeouts/control_unit/runs/RUN_2026-04-04_09-19-09/53-openroad-rcx/min/control_unit.min.spef'…
%OL_CREATE_REPORT min.rpt

===========================================================================
report_checks -path_delay min (Hold)
============================================================================
======================= min_ss_100C_1v60 Corner ===================================

Startpoint: _9_ (rising edge-triggered flip-flop clocked by clk)
Endpoint: _8_ (rising edge-triggered flip-flop clocked by clk)
Path Group: clk
Path Type: min

Fanout         Cap        Slew       Delay        Time   Description
---------------------------------------------------------------------------------------------
                                  0.000000    0.000000   clock clk (rise edge)
                                  0.000000    0.000000   clock source latency
     1    0.010140    0.082074    0.053074    0.053074 ^ clk (in)
                                                         clk (net)
                      0.082075    0.000000    0.053074 ^ clkbuf_0_clk/A (sky130_fd_sc_hd__clkbuf_16)
     2    0.018299    0.065302    0.224681    0.277755 ^ clkbuf_0_clk/X (sky130_fd_sc_hd__clkbuf_16)
                                                         clknet_0_clk (net)
                      0.065302    0.000084    0.277839 ^ clkbuf_1_1__f_clk/A (sky130_fd_sc_hd__clkbuf_16)
     1    0.002044    0.043563    0.190359    0.468198 ^ clkbuf_1_1__f_clk/X (sky130_fd_sc_hd__clkbuf_16)
                                                         clknet_1_1__leaf_clk (net)
                      0.043563    0.000017    0.468216 ^ _9_/CLK (sky130_fd_sc_hd__dfrtp_1)
     5    0.016449    0.244488    0.769176    1.237392 ^ _9_/Q (sky130_fd_sc_hd__dfrtp_1)
                                                         net6 (net)
                      0.244488    0.000317    1.237709 ^ _5_/A1 (sky130_fd_sc_hd__o21ba_1)
     1    0.002444    0.066810    0.307158    1.544866 ^ _5_/X (sky130_fd_sc_hd__o21ba_1)
                                                         next_state[0] (net)
                      0.066810    0.000025    1.544891 ^ _8_/D (sky130_fd_sc_hd__dfrtp_1)
                                              1.544891   data arrival time

                                  0.000000    0.000000   clock clk (rise edge)
                                  0.000000    0.000000   clock source latency
     1    0.010140    0.082074    0.053074    0.053074 ^ clk (in)
                                                         clk (net)
                      0.082075    0.000000    0.053074 ^ clkbuf_0_clk/A (sky130_fd_sc_hd__clkbuf_16)
     2    0.018299    0.065302    0.224681    0.277755 ^ clkbuf_0_clk/X (sky130_fd_sc_hd__clkbuf_16)
                                                         clknet_0_clk (net)
                      0.065302    0.000120    0.277875 ^ clkbuf_1_0__f_clk/A (sky130_fd_sc_hd__clkbuf_16)
     1    0.001950    0.043414    0.190156    0.468031 ^ clkbuf_1_0__f_clk/X (sky130_fd_sc_hd__clkbuf_16)
                                                         clknet_1_0__leaf_clk (net)
                      0.043414    0.000016    0.468047 ^ _8_/CLK (sky130_fd_sc_hd__dfrtp_1)
                                  0.250000    0.718047   clock uncertainty
                                  0.000000    0.718047   clock reconvergence pessimism
                                 -0.080574    0.637474   library hold time
                                              0.637474   data required time
---------------------------------------------------------------------------------------------
                                              0.637474   data required time
                                             -1.544891   data arrival time
---------------------------------------------------------------------------------------------
                                              0.907418   slack (MET)


Startpoint: rst (input port clocked by clk)
Endpoint: _8_ (removal check against rising-edge clock clk)
Path Group: asynchronous
Path Type: min

Fanout         Cap        Slew       Delay        Time   Description
---------------------------------------------------------------------------------------------
                                  0.000000    0.000000   clock clk (rise edge)
                                  0.000000    0.000000   clock network delay (propagated)
                                  2.000000    2.000000 v input external delay
     1    0.002495    0.017304    0.008252    2.008252 v rst (in)
                                                         rst (net)
                      0.017304    0.000000    2.008252 v input1/A (sky130_fd_sc_hd__buf_1)
     2    0.011259    0.137673    0.208340    2.216591 v input1/X (sky130_fd_sc_hd__buf_1)
                                                         net1 (net)
                      0.137673    0.000172    2.216764 v _2_/A (sky130_fd_sc_hd__inv_2)
     1    0.003575    0.054242    0.095948    2.312712 ^ _2_/Y (sky130_fd_sc_hd__inv_2)
                                                         _0_ (net)
                      0.054242    0.000013    2.312725 ^ _8_/RESET_B (sky130_fd_sc_hd__dfrtp_1)
                                              2.312725   data arrival time

                                  0.000000    0.000000   clock clk (rise edge)
                                  0.000000    0.000000   clock source latency
     1    0.010140    0.082074    0.053074    0.053074 ^ clk (in)
                                                         clk (net)
                      0.082075    0.000000    0.053074 ^ clkbuf_0_clk/A (sky130_fd_sc_hd__clkbuf_16)
     2    0.018299    0.065302    0.224681    0.277755 ^ clkbuf_0_clk/X (sky130_fd_sc_hd__clkbuf_16)
                                                         clknet_0_clk (net)
                      0.065302    0.000120    0.277875 ^ clkbuf_1_0__f_clk/A (sky130_fd_sc_hd__clkbuf_16)
     1    0.001950    0.043414    0.190156    0.468031 ^ clkbuf_1_0__f_clk/X (sky130_fd_sc_hd__clkbuf_16)
                                                         clknet_1_0__leaf_clk (net)
                      0.043414    0.000016    0.468047 ^ _8_/CLK (sky130_fd_sc_hd__dfrtp_1)
                                  0.250000    0.718047   clock uncertainty
                                  0.000000    0.718047   clock reconvergence pessimism
                                  0.644589    1.362636   library removal time
                                              1.362636   data required time
---------------------------------------------------------------------------------------------
                                              1.362636   data required time
                                             -2.312725   data arrival time
---------------------------------------------------------------------------------------------
                                              0.950088   slack (MET)


Startpoint: rst (input port clocked by clk)
Endpoint: _9_ (removal check against rising-edge clock clk)
Path Group: asynchronous
Path Type: min

Fanout         Cap        Slew       Delay        Time   Description
---------------------------------------------------------------------------------------------
                                  0.000000    0.000000   clock clk (rise edge)
                                  0.000000    0.000000   clock network delay (propagated)
                                  2.000000    2.000000 v input external delay
     1    0.002495    0.017304    0.008252    2.008252 v rst (in)
                                                         rst (net)
                      0.017304    0.000000    2.008252 v input1/A (sky130_fd_sc_hd__buf_1)
     2    0.011259    0.137673    0.208340    2.216591 v input1/X (sky130_fd_sc_hd__buf_1)
                                                         net1 (net)
                      0.137673    0.000088    2.216680 v _7_/A (sky130_fd_sc_hd__inv_2)
     1    0.003712    0.053181    0.096888    2.313568 ^ _7_/Y (sky130_fd_sc_hd__inv_2)
                                                         _1_ (net)
                      0.053181    0.000029    2.313596 ^ _9_/RESET_B (sky130_fd_sc_hd__dfrtp_1)
                                              2.313596   data arrival time

                                  0.000000    0.000000   clock clk (rise edge)
                                  0.000000    0.000000   clock source latency
     1    0.010140    0.082074    0.053074    0.053074 ^ clk (in)
                                                         clk (net)
                      0.082075    0.000000    0.053074 ^ clkbuf_0_clk/A (sky130_fd_sc_hd__clkbuf_16)
     2    0.018299    0.065302    0.224681    0.277755 ^ clkbuf_0_clk/X (sky130_fd_sc_hd__clkbuf_16)
                                                         clknet_0_clk (net)
                      0.065302    0.000084    0.277839 ^ clkbuf_1_1__f_clk/A (sky130_fd_sc_hd__clkbuf_16)
     1    0.002044    0.043563    0.190359    0.468198 ^ clkbuf_1_1__f_clk/X (sky130_fd_sc_hd__clkbuf_16)
                                                         clknet_1_1__leaf_clk (net)
                      0.043563    0.000017    0.468216 ^ _9_/CLK (sky130_fd_sc_hd__dfrtp_1)
                                  0.250000    0.718216   clock uncertainty
                                  0.000000    0.718216   clock reconvergence pessimism
                                  0.644308    1.362524   library removal time
                                              1.362524   data required time
---------------------------------------------------------------------------------------------
                                              1.362524   data required time
                                             -2.313596   data arrival time
---------------------------------------------------------------------------------------------
                                              0.951073   slack (MET)


Startpoint: _9_ (rising edge-triggered flip-flop clocked by clk)
Endpoint: _9_ (rising edge-triggered flip-flop clocked by clk)
Path Group: clk
Path Type: min

Fanout         Cap        Slew       Delay        Time   Description
---------------------------------------------------------------------------------------------
                                  0.000000    0.000000   clock clk (rise edge)
                                  0.000000    0.000000   clock source latency
     1    0.010140    0.082074    0.053074    0.053074 ^ clk (in)
                                                         clk (net)
                      0.082075    0.000000    0.053074 ^ clkbuf_0_clk/A (sky130_fd_sc_hd__clkbuf_16)
     2    0.018299    0.065302    0.224681    0.277755 ^ clkbuf_0_clk/X (sky130_fd_sc_hd__clkbuf_16)
                                                         clknet_0_clk (net)
                      0.065302    0.000084    0.277839 ^ clkbuf_1_1__f_clk/A (sky130_fd_sc_hd__clkbuf_16)
     1    0.002044    0.043563    0.190359    0.468198 ^ clkbuf_1_1__f_clk/X (sky130_fd_sc_hd__clkbuf_16)
                                                         clknet_1_1__leaf_clk (net)
                      0.043563    0.000017    0.468216 ^ _9_/CLK (sky130_fd_sc_hd__dfrtp_1)
     5    0.016449    0.244488    0.769176    1.237392 ^ _9_/Q (sky130_fd_sc_hd__dfrtp_1)
                                                         net6 (net)
                      0.244488    0.000265    1.237657 ^ _6_/B (sky130_fd_sc_hd__xor2_1)
     1    0.002753    0.067380    0.188243    1.425901 v _6_/X (sky130_fd_sc_hd__xor2_1)
                                                         next_state[1] (net)
                      0.067380    0.000035    1.425936 v hold2/A (sky130_fd_sc_hd__dlygate4sd3_1)
     1    0.002825    0.105761    1.122697    2.548633 v hold2/X (sky130_fd_sc_hd__dlygate4sd3_1)
                                                         net8 (net)
                      0.105761    0.000032    2.548665 v _9_/D (sky130_fd_sc_hd__dfrtp_1)
                                              2.548665   data arrival time

                                  0.000000    0.000000   clock clk (rise edge)
                                  0.000000    0.000000   clock source latency
     1    0.010140    0.082074    0.053074    0.053074 ^ clk (in)
                                                         clk (net)
                      0.082075    0.000000    0.053074 ^ clkbuf_0_clk/A (sky130_fd_sc_hd__clkbuf_16)
     2    0.018299    0.065302    0.224681    0.277755 ^ clkbuf_0_clk/X (sky130_fd_sc_hd__clkbuf_16)
                                                         clknet_0_clk (net)
                      0.065302    0.000084    0.277839 ^ clkbuf_1_1__f_clk/A (sky130_fd_sc_hd__clkbuf_16)
     1    0.002044    0.043563    0.190359    0.468198 ^ clkbuf_1_1__f_clk/X (sky130_fd_sc_hd__clkbuf_16)
                                                         clknet_1_1__leaf_clk (net)
                      0.043563    0.000017    0.468216 ^ _9_/CLK (sky130_fd_sc_hd__dfrtp_1)
                                  0.250000    0.718216   clock uncertainty
                                  0.000000    0.718216   clock reconvergence pessimism
                                 -0.116937    0.601278   library hold time
                                              0.601278   data required time
---------------------------------------------------------------------------------------------
                                              0.601278   data required time
                                             -2.548665   data arrival time
---------------------------------------------------------------------------------------------
                                              1.947387   slack (MET)


Startpoint: _8_ (rising edge-triggered flip-flop clocked by clk)
Endpoint: state_out[0] (output port clocked by clk)
Path Group: clk
Path Type: min

Fanout         Cap        Slew       Delay        Time   Description
---------------------------------------------------------------------------------------------
                                  0.000000    0.000000   clock clk (rise edge)
                                  0.000000    0.000000   clock source latency
     1    0.010140    0.082074    0.053074    0.053074 ^ clk (in)
                                                         clk (net)
                      0.082075    0.000000    0.053074 ^ clkbuf_0_clk/A (sky130_fd_sc_hd__clkbuf_16)
     2    0.018299    0.065302    0.224681    0.277755 ^ clkbuf_0_clk/X (sky130_fd_sc_hd__clkbuf_16)
                                                         clknet_0_clk (net)
                      0.065302    0.000120    0.277875 ^ clkbuf_1_0__f_clk/A (sky130_fd_sc_hd__clkbuf_16)
     1    0.001950    0.043414    0.190156    0.468031 ^ clkbuf_1_0__f_clk/X (sky130_fd_sc_hd__clkbuf_16)
                                                         clknet_1_0__leaf_clk (net)
                      0.043414    0.000016    0.468047 ^ _8_/CLK (sky130_fd_sc_hd__dfrtp_1)
     5    0.010685    0.174378    0.711245    1.179292 ^ _8_/Q (sky130_fd_sc_hd__dfrtp_1)
                                                         net5 (net)
                      0.174378    0.000111    1.179404 ^ output5/A (sky130_fd_sc_hd__buf_2)
     1    0.034104    0.271030    0.391792    1.571196 ^ output5/X (sky130_fd_sc_hd__buf_2)
                                                         state_out[0] (net)
                      0.271030    0.000243    1.571438 ^ state_out[0] (out)
                                              1.571438   data arrival time

                                  0.000000    0.000000   clock clk (rise edge)
                                  0.000000    0.000000   clock network delay (propagated)
                                  0.250000    0.250000   clock uncertainty
                                  0.000000    0.250000   clock reconvergence pessimism
                                 -2.000000   -1.750000   output external delay
                                             -1.750000   data required time
---------------------------------------------------------------------------------------------
                                             -1.750000   data required time
                                             -1.571438   data arrival time
---------------------------------------------------------------------------------------------
                                              3.321438   slack (MET)


Startpoint: _9_ (rising edge-triggered flip-flop clocked by clk)
Endpoint: state_out[1] (output port clocked by clk)
Path Group: clk
Path Type: min

Fanout         Cap        Slew       Delay        Time   Description
---------------------------------------------------------------------------------------------
                                  0.000000    0.000000   clock clk (rise edge)
                                  0.000000    0.000000   clock source latency
     1    0.010140    0.082074    0.053074    0.053074 ^ clk (in)
                                                         clk (net)
                      0.082075    0.000000    0.053074 ^ clkbuf_0_clk/A (sky130_fd_sc_hd__clkbuf_16)
     2    0.018299    0.065302    0.224681    0.277755 ^ clkbuf_0_clk/X (sky130_fd_sc_hd__clkbuf_16)
                                                         clknet_0_clk (net)
                      0.065302    0.000084    0.277839 ^ clkbuf_1_1__f_clk/A (sky130_fd_sc_hd__clkbuf_16)
     1    0.002044    0.043563    0.190359    0.468198 ^ clkbuf_1_1__f_clk/X (sky130_fd_sc_hd__clkbuf_16)
                                                         clknet_1_1__leaf_clk (net)
                      0.043563    0.000017    0.468216 ^ _9_/CLK (sky130_fd_sc_hd__dfrtp_1)
     5    0.016449    0.244488    0.769176    1.237392 ^ _9_/Q (sky130_fd_sc_hd__dfrtp_1)
                                                         net6 (net)
                      0.244488    0.000047    1.237439 ^ output6/A (sky130_fd_sc_hd__buf_2)
     1    0.033991    0.270367    0.422430    1.659869 ^ output6/X (sky130_fd_sc_hd__buf_2)
                                                         state_out[1] (net)
                      0.270367    0.000183    1.660052 ^ state_out[1] (out)
                                              1.660052   data arrival time

                                  0.000000    0.000000   clock clk (rise edge)
                                  0.000000    0.000000   clock network delay (propagated)
                                  0.250000    0.250000   clock uncertainty
                                  0.000000    0.250000   clock reconvergence pessimism
                                 -2.000000   -1.750000   output external delay
                                             -1.750000   data required time
---------------------------------------------------------------------------------------------
                                             -1.750000   data required time
                                             -1.660052   data arrival time
---------------------------------------------------------------------------------------------
                                              3.410051   slack (MET)


Startpoint: _8_ (rising edge-triggered flip-flop clocked by clk)
Endpoint: busy (output port clocked by clk)
Path Group: clk
Path Type: min

Fanout         Cap        Slew       Delay        Time   Description
---------------------------------------------------------------------------------------------
                                  0.000000    0.000000   clock clk (rise edge)
                                  0.000000    0.000000   clock source latency
     1    0.010140    0.082074    0.053074    0.053074 ^ clk (in)
                                                         clk (net)
                      0.082075    0.000000    0.053074 ^ clkbuf_0_clk/A (sky130_fd_sc_hd__clkbuf_16)
     2    0.018299    0.065302    0.224681    0.277755 ^ clkbuf_0_clk/X (sky130_fd_sc_hd__clkbuf_16)
                                                         clknet_0_clk (net)
                      0.065302    0.000120    0.277875 ^ clkbuf_1_0__f_clk/A (sky130_fd_sc_hd__clkbuf_16)
     1    0.001950    0.043414    0.190156    0.468031 ^ clkbuf_1_0__f_clk/X (sky130_fd_sc_hd__clkbuf_16)
                                                         clknet_1_0__leaf_clk (net)
                      0.043414    0.000016    0.468047 ^ _8_/CLK (sky130_fd_sc_hd__dfrtp_1)
     5    0.010685    0.174378    0.711245    1.179292 ^ _8_/Q (sky130_fd_sc_hd__dfrtp_1)
                                                         net5 (net)
                      0.174378    0.000096    1.179388 ^ _3_/A (sky130_fd_sc_hd__or2_1)
     1    0.002636    0.063845    0.207827    1.387215 ^ _3_/X (sky130_fd_sc_hd__or2_1)
                                                         net3 (net)
                      0.063845    0.000031    1.387245 ^ output3/A (sky130_fd_sc_hd__buf_2)
     1    0.034342    0.272627    0.341270    1.728516 ^ output3/X (sky130_fd_sc_hd__buf_2)
                                                         busy (net)
                      0.272627    0.000391    1.728907 ^ busy (out)
                                              1.728907   data arrival time

                                  0.000000    0.000000   clock clk (rise edge)
                                  0.000000    0.000000   clock network delay (propagated)
                                  0.250000    0.250000   clock uncertainty
                                  0.000000    0.250000   clock reconvergence pessimism
                                 -2.000000   -1.750000   output external delay
                                             -1.750000   data required time
---------------------------------------------------------------------------------------------
                                             -1.750000   data required time
                                             -1.728907   data arrival time
---------------------------------------------------------------------------------------------
                                              3.478907   slack (MET)


Startpoint: _8_ (rising edge-triggered flip-flop clocked by clk)
Endpoint: done (output port clocked by clk)
Path Group: clk
Path Type: min

Fanout         Cap        Slew       Delay        Time   Description
---------------------------------------------------------------------------------------------
                                  0.000000    0.000000   clock clk (rise edge)
                                  0.000000    0.000000   clock source latency
     1    0.010140    0.082074    0.053074    0.053074 ^ clk (in)
                                                         clk (net)
                      0.082075    0.000000    0.053074 ^ clkbuf_0_clk/A (sky130_fd_sc_hd__clkbuf_16)
     2    0.018299    0.065302    0.224681    0.277755 ^ clkbuf_0_clk/X (sky130_fd_sc_hd__clkbuf_16)
                                                         clknet_0_clk (net)
                      0.065302    0.000120    0.277875 ^ clkbuf_1_0__f_clk/A (sky130_fd_sc_hd__clkbuf_16)
     1    0.001950    0.043414    0.190156    0.468031 ^ clkbuf_1_0__f_clk/X (sky130_fd_sc_hd__clkbuf_16)
                                                         clknet_1_0__leaf_clk (net)
                      0.043414    0.000016    0.468047 ^ _8_/CLK (sky130_fd_sc_hd__dfrtp_1)
     5    0.010685    0.174378    0.711245    1.179292 ^ _8_/Q (sky130_fd_sc_hd__dfrtp_1)
                                                         net5 (net)
                      0.174378    0.000102    1.179394 ^ _4_/A (sky130_fd_sc_hd__and2_1)
     1    0.002392    0.074444    0.253768    1.433162 ^ _4_/X (sky130_fd_sc_hd__and2_1)
                                                         net4 (net)
                      0.074444    0.000025    1.433187 ^ output4/A (sky130_fd_sc_hd__buf_2)
     1    0.034392    0.273013    0.346388    1.779575 ^ output4/X (sky130_fd_sc_hd__buf_2)
                                                         done (net)
                      0.273013    0.000395    1.779970 ^ done (out)
                                              1.779970   data arrival time

                                  0.000000    0.000000   clock clk (rise edge)
                                  0.000000    0.000000   clock network delay (propagated)
                                  0.250000    0.250000   clock uncertainty
                                  0.000000    0.250000   clock reconvergence pessimism
                                 -2.000000   -1.750000   output external delay
                                             -1.750000   data required time
---------------------------------------------------------------------------------------------
                                             -1.750000   data required time
                                             -1.779970   data arrival time
---------------------------------------------------------------------------------------------
                                              3.529970   slack (MET)



%OL_END_REPORT
%OL_CREATE_REPORT max.rpt

===========================================================================
report_checks -path_delay max (Setup)
============================================================================
======================= min_ss_100C_1v60 Corner ===================================

Startpoint: _9_ (rising edge-triggered flip-flop clocked by clk)
Endpoint: busy (output port clocked by clk)
Path Group: clk
Path Type: max

Fanout         Cap        Slew       Delay        Time   Description
---------------------------------------------------------------------------------------------
                                  0.000000    0.000000   clock clk (rise edge)
                                  0.000000    0.000000   clock source latency
     1    0.010140    0.082074    0.053074    0.053074 ^ clk (in)
                                                         clk (net)
                      0.082075    0.000000    0.053074 ^ clkbuf_0_clk/A (sky130_fd_sc_hd__clkbuf_16)
     2    0.018299    0.065302    0.224681    0.277755 ^ clkbuf_0_clk/X (sky130_fd_sc_hd__clkbuf_16)
                                                         clknet_0_clk (net)
                      0.065302    0.000084    0.277839 ^ clkbuf_1_1__f_clk/A (sky130_fd_sc_hd__clkbuf_16)
     1    0.002044    0.043563    0.190359    0.468198 ^ clkbuf_1_1__f_clk/X (sky130_fd_sc_hd__clkbuf_16)
                                                         clknet_1_1__leaf_clk (net)
                      0.043563    0.000017    0.468216 ^ _9_/CLK (sky130_fd_sc_hd__dfrtp_1)
     5    0.015638    0.182022    0.838470    1.306686 v _9_/Q (sky130_fd_sc_hd__dfrtp_1)
                                                         net6 (net)
                      0.182022    0.000273    1.306959 v _3_/B (sky130_fd_sc_hd__or2_1)
     1    0.002508    0.093977    0.495902    1.802861 v _3_/X (sky130_fd_sc_hd__or2_1)
                                                         net3 (net)
                      0.093977    0.000029    1.802890 v output3/A (sky130_fd_sc_hd__buf_2)
     1    0.034342    0.166097    0.356337    2.159227 v output3/X (sky130_fd_sc_hd__buf_2)
                                                         busy (net)
                      0.166097    0.000391    2.159619 v busy (out)
                                              2.159619   data arrival time

                                 10.000000   10.000000   clock clk (rise edge)
                                  0.000000   10.000000   clock network delay (propagated)
                                 -0.250000    9.750000   clock uncertainty
                                  0.000000    9.750000   clock reconvergence pessimism
                                 -2.000000    7.750000   output external delay
                                              7.750000   data required time
---------------------------------------------------------------------------------------------
                                              7.750000   data required time
                                             -2.159619   data arrival time
---------------------------------------------------------------------------------------------
                                              5.590382   slack (MET)


Startpoint: _9_ (rising edge-triggered flip-flop clocked by clk)
Endpoint: done (output port clocked by clk)
Path Group: clk
Path Type: max

Fanout         Cap        Slew       Delay        Time   Description
---------------------------------------------------------------------------------------------
                                  0.000000    0.000000   clock clk (rise edge)
                                  0.000000    0.000000   clock source latency
     1    0.010140    0.082074    0.053074    0.053074 ^ clk (in)
                                                         clk (net)
                      0.082075    0.000000    0.053074 ^ clkbuf_0_clk/A (sky130_fd_sc_hd__clkbuf_16)
     2    0.018299    0.065302    0.224681    0.277755 ^ clkbuf_0_clk/X (sky130_fd_sc_hd__clkbuf_16)
                                                         clknet_0_clk (net)
                      0.065302    0.000084    0.277839 ^ clkbuf_1_1__f_clk/A (sky130_fd_sc_hd__clkbuf_16)
     1    0.002044    0.043563    0.190359    0.468198 ^ clkbuf_1_1__f_clk/X (sky130_fd_sc_hd__clkbuf_16)
                                                         clknet_1_1__leaf_clk (net)
                      0.043563    0.000017    0.468216 ^ _9_/CLK (sky130_fd_sc_hd__dfrtp_1)
     5    0.015638    0.182022    0.838470    1.306686 v _9_/Q (sky130_fd_sc_hd__dfrtp_1)
                                                         net6 (net)
                      0.182022    0.000280    1.306966 v _4_/B (sky130_fd_sc_hd__and2_1)
     1    0.002264    0.064147    0.362224    1.669190 v _4_/X (sky130_fd_sc_hd__and2_1)
                                                         net4 (net)
                      0.064147    0.000023    1.669213 v output4/A (sky130_fd_sc_hd__buf_2)
     1    0.034392    0.166348    0.342472    2.011685 v output4/X (sky130_fd_sc_hd__buf_2)
                                                         done (net)
                      0.166348    0.000395    2.012081 v done (out)
                                              2.012081   data arrival time

                                 10.000000   10.000000   clock clk (rise edge)
                                  0.000000   10.000000   clock network delay (propagated)
                                 -0.250000    9.750000   clock uncertainty
                                  0.000000    9.750000   clock reconvergence pessimism
                                 -2.000000    7.750000   output external delay
                                              7.750000   data required time
---------------------------------------------------------------------------------------------
                                              7.750000   data required time
                                             -2.012081   data arrival time
---------------------------------------------------------------------------------------------
                                              5.737920   slack (MET)


Startpoint: _8_ (rising edge-triggered flip-flop clocked by clk)
Endpoint: _9_ (rising edge-triggered flip-flop clocked by clk)
Path Group: clk
Path Type: max

Fanout         Cap        Slew       Delay        Time   Description
---------------------------------------------------------------------------------------------
                                  0.000000    0.000000   clock clk (rise edge)
                                  0.000000    0.000000   clock source latency
     1    0.010140    0.082074    0.053074    0.053074 ^ clk (in)
                                                         clk (net)
                      0.082075    0.000000    0.053074 ^ clkbuf_0_clk/A (sky130_fd_sc_hd__clkbuf_16)
     2    0.018299    0.065302    0.224681    0.277755 ^ clkbuf_0_clk/X (sky130_fd_sc_hd__clkbuf_16)
                                                         clknet_0_clk (net)
                      0.065302    0.000120    0.277875 ^ clkbuf_1_0__f_clk/A (sky130_fd_sc_hd__clkbuf_16)
     1    0.001950    0.043414    0.190156    0.468031 ^ clkbuf_1_0__f_clk/X (sky130_fd_sc_hd__clkbuf_16)
                                                         clknet_1_0__leaf_clk (net)
                      0.043414    0.000016    0.468047 ^ _8_/CLK (sky130_fd_sc_hd__dfrtp_1)
     5    0.010171    0.140018    0.792300    1.260347 v _8_/Q (sky130_fd_sc_hd__dfrtp_1)
                                                         net5 (net)
                      0.140018    0.000086    1.260433 v hold1/A (sky130_fd_sc_hd__dlygate4sd3_1)
     1    0.004885    0.128310    1.189582    2.450015 v hold1/X (sky130_fd_sc_hd__dlygate4sd3_1)
                                                         net7 (net)
                      0.128310    0.000048    2.450062 v _6_/A (sky130_fd_sc_hd__xor2_1)
     1    0.002753    0.104905    0.315340    2.765402 v _6_/X (sky130_fd_sc_hd__xor2_1)
                                                         next_state[1] (net)
                      0.104905    0.000035    2.765438 v hold2/A (sky130_fd_sc_hd__dlygate4sd3_1)
     1    0.002825    0.105830    1.140277    3.905715 v hold2/X (sky130_fd_sc_hd__dlygate4sd3_1)
                                                         net8 (net)
                      0.105830    0.000032    3.905746 v _9_/D (sky130_fd_sc_hd__dfrtp_1)
                                              3.905746   data arrival time

                                 10.000000   10.000000   clock clk (rise edge)
                                  0.000000   10.000000   clock source latency
     1    0.010140    0.082074    0.053074   10.053074 ^ clk (in)
                                                         clk (net)
                      0.082075    0.000000   10.053074 ^ clkbuf_0_clk/A (sky130_fd_sc_hd__clkbuf_16)
     2    0.018299    0.065302    0.224681   10.277755 ^ clkbuf_0_clk/X (sky130_fd_sc_hd__clkbuf_16)
                                                         clknet_0_clk (net)
                      0.065302    0.000084   10.277840 ^ clkbuf_1_1__f_clk/A (sky130_fd_sc_hd__clkbuf_16)
     1    0.002044    0.043563    0.190359   10.468198 ^ clkbuf_1_1__f_clk/X (sky130_fd_sc_hd__clkbuf_16)
                                                         clknet_1_1__leaf_clk (net)
                      0.043563    0.000018   10.468216 ^ _9_/CLK (sky130_fd_sc_hd__dfrtp_1)
                                 -0.250000   10.218216   clock uncertainty
                                  0.000000   10.218216   clock reconvergence pessimism
                                 -0.298560    9.919656   library setup time
                                              9.919656   data required time
---------------------------------------------------------------------------------------------
                                              9.919656   data required time
                                             -3.905746   data arrival time
---------------------------------------------------------------------------------------------
                                              6.013909   slack (MET)


Startpoint: _9_ (rising edge-triggered flip-flop clocked by clk)
Endpoint: state_out[1] (output port clocked by clk)
Path Group: clk
Path Type: max

Fanout         Cap        Slew       Delay        Time   Description
---------------------------------------------------------------------------------------------
                                  0.000000    0.000000   clock clk (rise edge)
                                  0.000000    0.000000   clock source latency
     1    0.010140    0.082074    0.053074    0.053074 ^ clk (in)
                                                         clk (net)
                      0.082075    0.000000    0.053074 ^ clkbuf_0_clk/A (sky130_fd_sc_hd__clkbuf_16)
     2    0.018299    0.065302    0.224681    0.277755 ^ clkbuf_0_clk/X (sky130_fd_sc_hd__clkbuf_16)
                                                         clknet_0_clk (net)
                      0.065302    0.000084    0.277839 ^ clkbuf_1_1__f_clk/A (sky130_fd_sc_hd__clkbuf_16)
     1    0.002044    0.043563    0.190359    0.468198 ^ clkbuf_1_1__f_clk/X (sky130_fd_sc_hd__clkbuf_16)
                                                         clknet_1_1__leaf_clk (net)
                      0.043563    0.000017    0.468216 ^ _9_/CLK (sky130_fd_sc_hd__dfrtp_1)
     5    0.015638    0.182022    0.838470    1.306686 v _9_/Q (sky130_fd_sc_hd__dfrtp_1)
                                                         net6 (net)
                      0.182022    0.000045    1.306731 v output6/A (sky130_fd_sc_hd__buf_2)
     1    0.033991    0.164763    0.397813    1.704544 v output6/X (sky130_fd_sc_hd__buf_2)
                                                         state_out[1] (net)
                      0.164763    0.000183    1.704727 v state_out[1] (out)
                                              1.704727   data arrival time

                                 10.000000   10.000000   clock clk (rise edge)
                                  0.000000   10.000000   clock network delay (propagated)
                                 -0.250000    9.750000   clock uncertainty
                                  0.000000    9.750000   clock reconvergence pessimism
                                 -2.000000    7.750000   output external delay
                                              7.750000   data required time
---------------------------------------------------------------------------------------------
                                              7.750000   data required time
                                             -1.704727   data arrival time
---------------------------------------------------------------------------------------------
                                              6.045273   slack (MET)


Startpoint: _8_ (rising edge-triggered flip-flop clocked by clk)
Endpoint: state_out[0] (output port clocked by clk)
Path Group: clk
Path Type: max

Fanout         Cap        Slew       Delay        Time   Description
---------------------------------------------------------------------------------------------
                                  0.000000    0.000000   clock clk (rise edge)
                                  0.000000    0.000000   clock source latency
     1    0.010140    0.082074    0.053074    0.053074 ^ clk (in)
                                                         clk (net)
                      0.082075    0.000000    0.053074 ^ clkbuf_0_clk/A (sky130_fd_sc_hd__clkbuf_16)
     2    0.018299    0.065302    0.224681    0.277755 ^ clkbuf_0_clk/X (sky130_fd_sc_hd__clkbuf_16)
                                                         clknet_0_clk (net)
                      0.065302    0.000120    0.277875 ^ clkbuf_1_0__f_clk/A (sky130_fd_sc_hd__clkbuf_16)
     1    0.001950    0.043414    0.190156    0.468031 ^ clkbuf_1_0__f_clk/X (sky130_fd_sc_hd__clkbuf_16)
                                                         clknet_1_0__leaf_clk (net)
                      0.043414    0.000016    0.468047 ^ _8_/CLK (sky130_fd_sc_hd__dfrtp_1)
     5    0.010171    0.140018    0.792300    1.260347 v _8_/Q (sky130_fd_sc_hd__dfrtp_1)
                                                         net5 (net)
                      0.140018    0.000106    1.260453 v output5/A (sky130_fd_sc_hd__buf_2)
     1    0.034104    0.165172    0.377879    1.638332 v output5/X (sky130_fd_sc_hd__buf_2)
                                                         state_out[0] (net)
                      0.165172    0.000243    1.638574 v state_out[0] (out)
                                              1.638574   data arrival time

                                 10.000000   10.000000   clock clk (rise edge)
                                  0.000000   10.000000   clock network delay (propagated)
                                 -0.250000    9.750000   clock uncertainty
                                  0.000000    9.750000   clock reconvergence pessimism
                                 -2.000000    7.750000   output external delay
                                              7.750000   data required time
---------------------------------------------------------------------------------------------
                                              7.750000   data required time
                                             -1.638574   data arrival time
---------------------------------------------------------------------------------------------
                                              6.111425   slack (MET)


Startpoint: _8_ (rising edge-triggered flip-flop clocked by clk)
Endpoint: _8_ (rising edge-triggered flip-flop clocked by clk)
Path Group: clk
Path Type: max

Fanout         Cap        Slew       Delay        Time   Description
---------------------------------------------------------------------------------------------
                                  0.000000    0.000000   clock clk (rise edge)
                                  0.000000    0.000000   clock source latency
     1    0.010140    0.082074    0.053074    0.053074 ^ clk (in)
                                                         clk (net)
                      0.082075    0.000000    0.053074 ^ clkbuf_0_clk/A (sky130_fd_sc_hd__clkbuf_16)
     2    0.018299    0.065302    0.224681    0.277755 ^ clkbuf_0_clk/X (sky130_fd_sc_hd__clkbuf_16)
                                                         clknet_0_clk (net)
                      0.065302    0.000120    0.277875 ^ clkbuf_1_0__f_clk/A (sky130_fd_sc_hd__clkbuf_16)
     1    0.001950    0.043414    0.190156    0.468031 ^ clkbuf_1_0__f_clk/X (sky130_fd_sc_hd__clkbuf_16)
                                                         clknet_1_0__leaf_clk (net)
                      0.043414    0.000016    0.468047 ^ _8_/CLK (sky130_fd_sc_hd__dfrtp_1)
     5    0.010171    0.140018    0.792300    1.260347 v _8_/Q (sky130_fd_sc_hd__dfrtp_1)
                                                         net5 (net)
                      0.140018    0.000084    1.260431 v hold3/A (sky130_fd_sc_hd__dlygate4sd3_1)
     1    0.001887    0.099510    1.141469    2.401900 v hold3/X (sky130_fd_sc_hd__dlygate4sd3_1)
                                                         net9 (net)
                      0.099510    0.000012    2.401912 v _5_/B1_N (sky130_fd_sc_hd__o21ba_1)
     1    0.002444    0.069404    0.425330    2.827241 ^ _5_/X (sky130_fd_sc_hd__o21ba_1)
                                                         next_state[0] (net)
                      0.069404    0.000025    2.827266 ^ _8_/D (sky130_fd_sc_hd__dfrtp_1)
                                              2.827266   data arrival time

                                 10.000000   10.000000   clock clk (rise edge)
                                  0.000000   10.000000   clock source latency
     1    0.010140    0.082074    0.053074   10.053074 ^ clk (in)
                                                         clk (net)
                      0.082075    0.000000   10.053074 ^ clkbuf_0_clk/A (sky130_fd_sc_hd__clkbuf_16)
     2    0.018299    0.065302    0.224681   10.277755 ^ clkbuf_0_clk/X (sky130_fd_sc_hd__clkbuf_16)
                                                         clknet_0_clk (net)
                      0.065302    0.000120   10.277875 ^ clkbuf_1_0__f_clk/A (sky130_fd_sc_hd__clkbuf_16)
     1    0.001950    0.043414    0.190156   10.468031 ^ clkbuf_1_0__f_clk/X (sky130_fd_sc_hd__clkbuf_16)
                                                         clknet_1_0__leaf_clk (net)
                      0.043414    0.000016   10.468047 ^ _8_/CLK (sky130_fd_sc_hd__dfrtp_1)
                                 -0.250000   10.218047   clock uncertainty
                                  0.000000   10.218047   clock reconvergence pessimism
                                 -0.137521   10.080527   library setup time
                                             10.080527   data required time
---------------------------------------------------------------------------------------------
                                             10.080527   data required time
                                             -2.827266   data arrival time
---------------------------------------------------------------------------------------------
                                              7.253261   slack (MET)


Startpoint: rst (input port clocked by clk)
Endpoint: _9_ (recovery check against rising-edge clock clk)
Path Group: asynchronous
Path Type: max

Fanout         Cap        Slew       Delay        Time   Description
---------------------------------------------------------------------------------------------
                                  0.000000    0.000000   clock clk (rise edge)
                                  0.000000    0.000000   clock network delay (propagated)
                                  2.000000    2.000000 v input external delay
     1    0.002495    0.017304    0.008252    2.008252 v rst (in)
                                                         rst (net)
                      0.017304    0.000000    2.008252 v input1/A (sky130_fd_sc_hd__buf_1)
     2    0.011259    0.137673    0.208340    2.216591 v input1/X (sky130_fd_sc_hd__buf_1)
                                                         net1 (net)
                      0.137673    0.000088    2.216680 v _7_/A (sky130_fd_sc_hd__inv_2)
     1    0.003712    0.053181    0.096888    2.313568 ^ _7_/Y (sky130_fd_sc_hd__inv_2)
                                                         _1_ (net)
                      0.053181    0.000029    2.313596 ^ _9_/RESET_B (sky130_fd_sc_hd__dfrtp_1)
                                              2.313596   data arrival time

                                 10.000000   10.000000   clock clk (rise edge)
                                  0.000000   10.000000   clock source latency
     1    0.010140    0.082074    0.053074   10.053074 ^ clk (in)
                                                         clk (net)
                      0.082075    0.000000   10.053074 ^ clkbuf_0_clk/A (sky130_fd_sc_hd__clkbuf_16)
     2    0.018299    0.065302    0.224681   10.277755 ^ clkbuf_0_clk/X (sky130_fd_sc_hd__clkbuf_16)
                                                         clknet_0_clk (net)
                      0.065302    0.000084   10.277840 ^ clkbuf_1_1__f_clk/A (sky130_fd_sc_hd__clkbuf_16)
     1    0.002044    0.043563    0.190359   10.468198 ^ clkbuf_1_1__f_clk/X (sky130_fd_sc_hd__clkbuf_16)
                                                         clknet_1_1__leaf_clk (net)
                      0.043563    0.000018   10.468216 ^ _9_/CLK (sky130_fd_sc_hd__dfrtp_1)
                                 -0.250000   10.218216   clock uncertainty
                                  0.000000   10.218216   clock reconvergence pessimism
                                  0.460020   10.678236   library recovery time
                                             10.678236   data required time
---------------------------------------------------------------------------------------------
                                             10.678236   data required time
                                             -2.313596   data arrival time
---------------------------------------------------------------------------------------------
                                              8.364640   slack (MET)


Startpoint: rst (input port clocked by clk)
Endpoint: _8_ (recovery check against rising-edge clock clk)
Path Group: asynchronous
Path Type: max

Fanout         Cap        Slew       Delay        Time   Description
---------------------------------------------------------------------------------------------
                                  0.000000    0.000000   clock clk (rise edge)
                                  0.000000    0.000000   clock network delay (propagated)
                                  2.000000    2.000000 v input external delay
     1    0.002495    0.017304    0.008252    2.008252 v rst (in)
                                                         rst (net)
                      0.017304    0.000000    2.008252 v input1/A (sky130_fd_sc_hd__buf_1)
     2    0.011259    0.137673    0.208340    2.216591 v input1/X (sky130_fd_sc_hd__buf_1)
                                                         net1 (net)
                      0.137673    0.000172    2.216764 v _2_/A (sky130_fd_sc_hd__inv_2)
     1    0.003575    0.054242    0.095948    2.312712 ^ _2_/Y (sky130_fd_sc_hd__inv_2)
                                                         _0_ (net)
                      0.054242    0.000013    2.312725 ^ _8_/RESET_B (sky130_fd_sc_hd__dfrtp_1)
                                              2.312725   data arrival time

                                 10.000000   10.000000   clock clk (rise edge)
                                  0.000000   10.000000   clock source latency
     1    0.010140    0.082074    0.053074   10.053074 ^ clk (in)
                                                         clk (net)
                      0.082075    0.000000   10.053074 ^ clkbuf_0_clk/A (sky130_fd_sc_hd__clkbuf_16)
     2    0.018299    0.065302    0.224681   10.277755 ^ clkbuf_0_clk/X (sky130_fd_sc_hd__clkbuf_16)
                                                         clknet_0_clk (net)
                      0.065302    0.000120   10.277875 ^ clkbuf_1_0__f_clk/A (sky130_fd_sc_hd__clkbuf_16)
     1    0.001950    0.043414    0.190156   10.468031 ^ clkbuf_1_0__f_clk/X (sky130_fd_sc_hd__clkbuf_16)
                                                         clknet_1_0__leaf_clk (net)
                      0.043414    0.000016   10.468047 ^ _8_/CLK (sky130_fd_sc_hd__dfrtp_1)
                                 -0.250000   10.218047   clock uncertainty
                                  0.000000   10.218047   clock reconvergence pessimism
                                  0.459577   10.677625   library recovery time
                                             10.677625   data required time
---------------------------------------------------------------------------------------------
                                             10.677625   data required time
                                             -2.312725   data arrival time
---------------------------------------------------------------------------------------------
                                              8.364901   slack (MET)



%OL_END_REPORT
%OL_CREATE_REPORT checks.rpt

===========================================================================
report_checks -unconstrained
===========================================================================
======================= min_ss_100C_1v60 Corner ===================================

Startpoint: rst (input port clocked by clk)
Endpoint: _9_ (recovery check against rising-edge clock clk)
Path Group: asynchronous
Path Type: max

Fanout         Cap        Slew       Delay        Time   Description
---------------------------------------------------------------------------------------------
                                  0.000000    0.000000   clock clk (rise edge)
                                  0.000000    0.000000   clock network delay (propagated)
                                  2.000000    2.000000 v input external delay
     1    0.002495    0.017304    0.008252    2.008252 v rst (in)
                                                         rst (net)
                      0.017304    0.000000    2.008252 v input1/A (sky130_fd_sc_hd__buf_1)
     2    0.011259    0.137673    0.208340    2.216591 v input1/X (sky130_fd_sc_hd__buf_1)
                                                         net1 (net)
                      0.137673    0.000088    2.216680 v _7_/A (sky130_fd_sc_hd__inv_2)
     1    0.003712    0.053181    0.096888    2.313568 ^ _7_/Y (sky130_fd_sc_hd__inv_2)
                                                         _1_ (net)
                      0.053181    0.000029    2.313596 ^ _9_/RESET_B (sky130_fd_sc_hd__dfrtp_1)
                                              2.313596   data arrival time

                                 10.000000   10.000000   clock clk (rise edge)
                                  0.000000   10.000000   clock source latency
     1    0.010140    0.082074    0.053074   10.053074 ^ clk (in)
                                                         clk (net)
                      0.082075    0.000000   10.053074 ^ clkbuf_0_clk/A (sky130_fd_sc_hd__clkbuf_16)
     2    0.018299    0.065302    0.224681   10.277755 ^ clkbuf_0_clk/X (sky130_fd_sc_hd__clkbuf_16)
                                                         clknet_0_clk (net)
                      0.065302    0.000084   10.277840 ^ clkbuf_1_1__f_clk/A (sky130_fd_sc_hd__clkbuf_16)
     1    0.002044    0.043563    0.190359   10.468198 ^ clkbuf_1_1__f_clk/X (sky130_fd_sc_hd__clkbuf_16)
                                                         clknet_1_1__leaf_clk (net)
                      0.043563    0.000018   10.468216 ^ _9_/CLK (sky130_fd_sc_hd__dfrtp_1)
                                 -0.250000   10.218216   clock uncertainty
                                  0.000000   10.218216   clock reconvergence pessimism
                                  0.460020   10.678236   library recovery time
                                             10.678236   data required time
---------------------------------------------------------------------------------------------
                                             10.678236   data required time
                                             -2.313596   data arrival time
---------------------------------------------------------------------------------------------
                                              8.364640   slack (MET)


Startpoint: _9_ (rising edge-triggered flip-flop clocked by clk)
Endpoint: busy (output port clocked by clk)
Path Group: clk
Path Type: max

Fanout         Cap        Slew       Delay        Time   Description
---------------------------------------------------------------------------------------------
                                  0.000000    0.000000   clock clk (rise edge)
                                  0.000000    0.000000   clock source latency
     1    0.010140    0.082074    0.053074    0.053074 ^ clk (in)
                                                         clk (net)
                      0.082075    0.000000    0.053074 ^ clkbuf_0_clk/A (sky130_fd_sc_hd__clkbuf_16)
     2    0.018299    0.065302    0.224681    0.277755 ^ clkbuf_0_clk/X (sky130_fd_sc_hd__clkbuf_16)
                                                         clknet_0_clk (net)
                      0.065302    0.000084    0.277839 ^ clkbuf_1_1__f_clk/A (sky130_fd_sc_hd__clkbuf_16)
     1    0.002044    0.043563    0.190359    0.468198 ^ clkbuf_1_1__f_clk/X (sky130_fd_sc_hd__clkbuf_16)
                                                         clknet_1_1__leaf_clk (net)
                      0.043563    0.000017    0.468216 ^ _9_/CLK (sky130_fd_sc_hd__dfrtp_1)
     5    0.015638    0.182022    0.838470    1.306686 v _9_/Q (sky130_fd_sc_hd__dfrtp_1)
                                                         net6 (net)
                      0.182022    0.000273    1.306959 v _3_/B (sky130_fd_sc_hd__or2_1)
     1    0.002508    0.093977    0.495902    1.802861 v _3_/X (sky130_fd_sc_hd__or2_1)
                                                         net3 (net)
                      0.093977    0.000029    1.802890 v output3/A (sky130_fd_sc_hd__buf_2)
     1    0.034342    0.166097    0.356337    2.159227 v output3/X (sky130_fd_sc_hd__buf_2)
                                                         busy (net)
                      0.166097    0.000391    2.159619 v busy (out)
                                              2.159619   data arrival time

                                 10.000000   10.000000   clock clk (rise edge)
                                  0.000000   10.000000   clock network delay (propagated)
                                 -0.250000    9.750000   clock uncertainty
                                  0.000000    9.750000   clock reconvergence pessimism
                                 -2.000000    7.750000   output external delay
                                              7.750000   data required time
---------------------------------------------------------------------------------------------
                                              7.750000   data required time
                                             -2.159619   data arrival time
---------------------------------------------------------------------------------------------
                                              5.590382   slack (MET)




===========================================================================
report_checks --slack_max -0.01
============================================================================
======================= min_ss_100C_1v60 Corner ===================================

No paths found.


===========================================================================
 report_check_types -max_slew -max_cap -max_fanout -violators
============================================================================
======================= min_ss_100C_1v60 Corner ===================================



===========================================================================
report_parasitic_annotation -report_unannotated
============================================================================
Found 0 unannotated drivers.
Found 0 partially unannotated drivers.

===========================================================================
max slew violation count 0
%OL_METRIC_I design__max_slew_violation__count__corner:min_ss_100C_1v60 0
max fanout violation count 0
%OL_METRIC_I design__max_fanout_violation__count__corner:min_ss_100C_1v60 0
max cap violation count 0
%OL_METRIC_I design__max_cap_violation__count__corner:min_ss_100C_1v60 0
============================================================================

===========================================================================
check_setup -verbose -unconstrained_endpoints -multiple_clock -no_clock -no_input_delay -loops -generated_clocks
===========================================================================
%OL_END_REPORT
%OL_CREATE_REPORT power.rpt

===========================================================================
 report_power
============================================================================
======================= min_ss_100C_1v60 Corner ===================================

Group                    Internal    Switching      Leakage        Total
                            Power        Power        Power        Power (Watts)
------------------------------------------------------------------------
Sequential           9.939283e-06 3.473074e-06 3.773923e-08 1.345010e-05  13.6%
Combinational        1.721219e-05 2.116008e-05 7.750744e-08 3.844977e-05  39.0%
Clock                4.098478e-05 5.707032e-06 5.715885e-08 4.674897e-05  47.4%
Macro                0.000000e+00 0.000000e+00 0.000000e+00 0.000000e+00   0.0%
Pad                  0.000000e+00 0.000000e+00 0.000000e+00 0.000000e+00   0.0%
------------------------------------------------------------------------
Total                6.813625e-05 3.034018e-05 1.724055e-07 9.864884e-05 100.0%
                            69.1%        30.8%         0.2%
%OL_METRIC_F power__internal__total 6.813625077484176e-5
%OL_METRIC_F power__switching__total 3.034018118341919e-5
%OL_METRIC_F power__leakage__total 1.7240549254893267e-7
%OL_METRIC_F power__total 9.864883759291843e-5

%OL_END_REPORT
%OL_CREATE_REPORT skew.min.rpt

===========================================================================
Clock Skew (Hold)
============================================================================
%OL_METRIC_F clock__skew__worst_hold__corner:min_ss_100C_1v60 -0.2501683653264461
======================= min_ss_100C_1v60 Corner ===================================

Clock clk
0.468047 source latency _8_/CLK ^
-0.468216 target latency _9_/CLK ^
-0.250000 clock uncertainty
0.000000 CRPR
--------------
-0.250168 hold skew

%OL_END_REPORT
%OL_CREATE_REPORT skew.max.rpt

===========================================================================
Clock Skew (Setup)
============================================================================
%OL_METRIC_F clock__skew__worst_setup__corner:min_ss_100C_1v60 0.2501683653264461
======================= min_ss_100C_1v60 Corner ===================================

Clock clk
0.468216 source latency _9_/CLK ^
-0.468047 target latency _8_/CLK ^
0.250000 clock uncertainty
0.000000 CRPR
--------------
0.250168 setup skew

%OL_END_REPORT
%OL_CREATE_REPORT ws.min.rpt

===========================================================================
Worst Slack (Hold)
============================================================================
%OL_METRIC_F timing__hold__ws__corner:min_ss_100C_1v60 0.9074177222019854
min_ss_100C_1v60: 0.9074177222019854
%OL_END_REPORT
%OL_CREATE_REPORT ws.max.rpt

===========================================================================
Worst Slack (Setup)
============================================================================
%OL_METRIC_F timing__setup__ws__corner:min_ss_100C_1v60 5.590381649167516
min_ss_100C_1v60: 5.590381649167516
%OL_END_REPORT
%OL_CREATE_REPORT tns.min.rpt

===========================================================================
Total Negative Slack (Hold)
============================================================================
%OL_METRIC_F timing__hold__tns__corner:min_ss_100C_1v60 0.0
min_ss_100C_1v60: 0.0
%OL_END_REPORT
%OL_CREATE_REPORT tns.max.rpt

===========================================================================
Total Negative Slack (Setup)
============================================================================
%OL_METRIC_F timing__setup__tns__corner:min_ss_100C_1v60 0.0
min_ss_100C_1v60: 0.0
%OL_END_REPORT
%OL_CREATE_REPORT wns.min.rpt

===========================================================================
Worst Negative Slack (Hold)
============================================================================
%OL_METRIC_F timing__hold__wns__corner:min_ss_100C_1v60 0
min_ss_100C_1v60: 0
%OL_END_REPORT
%OL_CREATE_REPORT wns.max.rpt

===========================================================================
Worst Negative Slack (Setup)
============================================================================
%OL_METRIC_F timing__setup__wns__corner:min_ss_100C_1v60 0.0
min_ss_100C_1v60: 0.0
%OL_END_REPORT
%OL_CREATE_REPORT violator_list.rpt

===========================================================================
Violator List
============================================================================
%OL_METRIC_I timing__hold_vio__count__corner:min_ss_100C_1v60 0
%OL_METRIC_F timing__hold_r2r__ws__corner:min_ss_100C_1v60 0.907418
%OL_METRIC_I timing__hold_r2r_vio__count__corner:min_ss_100C_1v60 0
%OL_METRIC_I timing__setup_vio__count__corner:min_ss_100C_1v60 0
%OL_METRIC_F timing__setup_r2r__ws__corner:min_ss_100C_1v60 6.013909
%OL_METRIC_I timing__setup_r2r_vio__count__corner:min_ss_100C_1v60 0
%OL_END_REPORT
%OL_CREATE_REPORT unpropagated.rpt
%OL_END_REPORT
%OL_CREATE_REPORT clock.rpt
Clock: clk
Sources: clk 
Generated: no
Virtual: yes
Propagated: no
Period: 10.000000

===========================================================================
report_clock_properties
============================================================================
Clock                   Period          Waveform
----------------------------------------------------
clk                  10.000000    0.000000  5.000000

===========================================================================
report_clock_latency
============================================================================
Clock clk
rise -> rise
    min     max
0.000000 0.000000 source latency
0.468047         network latency _8_/CLK
        0.468216 network latency _9_/CLK
---------------
0.468047 0.468216 latency
        0.000168 skew

fall -> fall
    min     max
0.000000 0.000000 source latency
0.494548         network latency _8_/CLK
        0.494694 network latency _9_/CLK
---------------
0.494548 0.494694 latency
        0.000147 skew



===========================================================================
report_clock_min_period
============================================================================
clk period_min = 3.99 fmax = 250.87
%OL_END_REPORT
Writing SDF files for all corners…
Removing Clock latencies before writing libs…
Writing timing models for all corners…
Writing timing models for the min_ss_100C_1v60 corner to /home/yaser/CMOS_Tapeouts/control_unit/runs/RUN_2026-04-04_09-19-09/54-openroad-stapostpnr/min_ss_100C_1v60/control_unit__min_ss_100C_1v60.lib…
