Reading timing models for corner max_ss_100C_1v60…
Reading cell library for the 'max_ss_100C_1v60' corner at '/home/yaser/.volare/volare/sky130/versions/0fe599b2afb6708d281543108caf8310912f54af/sky130A/libs.ref/sky130_fd_sc_hd/lib/sky130_fd_sc_hd__ss_100C_1v60.lib'…
Reading top-level netlist at '/home/yaser/CMOS_Tapeouts/control_unit/runs/RUN_2026-04-04_09-19-09/51-openroad-fillinsertion/control_unit.nl.v'…
Linking design 'control_unit' from netlist…
Warning: /home/yaser/CMOS_Tapeouts/control_unit/runs/RUN_2026-04-04_09-19-09/51-openroad-fillinsertion/control_unit.nl.v line 76, module sky130_fd_sc_hd__tapvpwrvgnd_1 not found. Creating black box for TAP_TAPCELL_ROW_0_20.
Warning: /home/yaser/CMOS_Tapeouts/control_unit/runs/RUN_2026-04-04_09-19-09/51-openroad-fillinsertion/control_unit.nl.v line 112, module sky130_ef_sc_hd__decap_12 not found. Creating black box for FILLER_0_3.
Warning: /home/yaser/CMOS_Tapeouts/control_unit/runs/RUN_2026-04-04_09-19-09/51-openroad-fillinsertion/control_unit.nl.v line 114, module sky130_fd_sc_hd__fill_1 not found. Creating black box for FILLER_0_27.
Warning: /home/yaser/CMOS_Tapeouts/control_unit/runs/RUN_2026-04-04_09-19-09/51-openroad-fillinsertion/control_unit.nl.v line 157, module sky130_fd_sc_hd__fill_2 not found. Creating black box for FILLER_5_54.
Reading design constraints file at '/nix/store/ss2cw3sxbrwwx9jl0rrppbw4kgcmgi2n-python3-3.11.9-env/lib/python3.11/site-packages/openlane/scripts/base.sdc'…
[INFO] Using clock clk…
[INFO] Setting output delay to: 2.0
[INFO] Setting input delay to: 2.0
[INFO] Setting load to: 0.033442
[INFO] Setting clock uncertainty to: 0.25
[INFO] Setting clock transition to: 0.1499999999999999944488848768742172978818416595458984375
[INFO] Setting timing derate to: 5%
Reading top-level design parasitics for the 'max_ss_100C_1v60' corner at '/home/yaser/CMOS_Tapeouts/control_unit/runs/RUN_2026-04-04_09-19-09/53-openroad-rcx/max/control_unit.max.spef'…
%OL_CREATE_REPORT min.rpt

===========================================================================
report_checks -path_delay min (Hold)
============================================================================
======================= max_ss_100C_1v60 Corner ===================================

Startpoint: _9_ (rising edge-triggered flip-flop clocked by clk)
Endpoint: _8_ (rising edge-triggered flip-flop clocked by clk)
Path Group: clk
Path Type: min

Fanout         Cap        Slew       Delay        Time   Description
---------------------------------------------------------------------------------------------
                                  0.000000    0.000000   clock clk (rise edge)
                                  0.000000    0.000000   clock source latency
     1    0.010440    0.084167    0.054748    0.054748 ^ clk (in)
                                                         clk (net)
                      0.084171    0.000000    0.054748 ^ clkbuf_0_clk/A (sky130_fd_sc_hd__clkbuf_16)
     2    0.018716    0.065834    0.226034    0.280782 ^ clkbuf_0_clk/X (sky130_fd_sc_hd__clkbuf_16)
                                                         clknet_0_clk (net)
                      0.065834    0.000681    0.281463 ^ clkbuf_1_1__f_clk/A (sky130_fd_sc_hd__clkbuf_16)
     1    0.002108    0.043665    0.190727    0.472189 ^ clkbuf_1_1__f_clk/X (sky130_fd_sc_hd__clkbuf_16)
                                                         clknet_1_1__leaf_clk (net)
                      0.043665    0.000147    0.472336 ^ _9_/CLK (sky130_fd_sc_hd__dfrtp_1)
     5    0.017290    0.255476    0.776689    1.249025 ^ _9_/Q (sky130_fd_sc_hd__dfrtp_1)
                                                         net6 (net)
                      0.255478    0.001257    1.250282 ^ _5_/A1 (sky130_fd_sc_hd__o21ba_1)
     1    0.002569    0.068379    0.312263    1.562545 ^ _5_/X (sky130_fd_sc_hd__o21ba_1)
                                                         next_state[0] (net)
                      0.068380    0.000171    1.562716 ^ _8_/D (sky130_fd_sc_hd__dfrtp_1)
                                              1.562716   data arrival time

                                  0.000000    0.000000   clock clk (rise edge)
                                  0.000000    0.000000   clock source latency
     1    0.010440    0.084167    0.054748    0.054748 ^ clk (in)
                                                         clk (net)
                      0.084171    0.000000    0.054748 ^ clkbuf_0_clk/A (sky130_fd_sc_hd__clkbuf_16)
     2    0.018716    0.065834    0.226034    0.280782 ^ clkbuf_0_clk/X (sky130_fd_sc_hd__clkbuf_16)
                                                         clknet_0_clk (net)
                      0.065834    0.000742    0.281524 ^ clkbuf_1_0__f_clk/A (sky130_fd_sc_hd__clkbuf_16)
     1    0.001998    0.043491    0.190490    0.472013 ^ clkbuf_1_0__f_clk/X (sky130_fd_sc_hd__clkbuf_16)
                                                         clknet_1_0__leaf_clk (net)
                      0.043491    0.000143    0.472156 ^ _8_/CLK (sky130_fd_sc_hd__dfrtp_1)
                                  0.250000    0.722156   clock uncertainty
                                  0.000000    0.722156   clock reconvergence pessimism
                                 -0.080920    0.641237   library hold time
                                              0.641237   data required time
---------------------------------------------------------------------------------------------
                                              0.641237   data required time
                                             -1.562716   data arrival time
---------------------------------------------------------------------------------------------
                                              0.921479   slack (MET)


Startpoint: rst (input port clocked by clk)
Endpoint: _8_ (removal check against rising-edge clock clk)
Path Group: asynchronous
Path Type: min

Fanout         Cap        Slew       Delay        Time   Description
---------------------------------------------------------------------------------------------
                                  0.000000    0.000000   clock clk (rise edge)
                                  0.000000    0.000000   clock network delay (propagated)
                                  2.000000    2.000000 v input external delay
     1    0.002557    0.017534    0.008511    2.008511 v rst (in)
                                                         rst (net)
                      0.017535    0.000000    2.008511 v input1/A (sky130_fd_sc_hd__buf_1)
     2    0.011674    0.141743    0.211580    2.220091 v input1/X (sky130_fd_sc_hd__buf_1)
                                                         net1 (net)
                      0.141744    0.000700    2.220791 v _2_/A (sky130_fd_sc_hd__inv_2)
     1    0.003616    0.053474    0.097677    2.318468 ^ _2_/Y (sky130_fd_sc_hd__inv_2)
                                                         _0_ (net)
                      0.053474    0.000089    2.318557 ^ _8_/RESET_B (sky130_fd_sc_hd__dfrtp_1)
                                              2.318557   data arrival time

                                  0.000000    0.000000   clock clk (rise edge)
                                  0.000000    0.000000   clock source latency
     1    0.010440    0.084167    0.054748    0.054748 ^ clk (in)
                                                         clk (net)
                      0.084171    0.000000    0.054748 ^ clkbuf_0_clk/A (sky130_fd_sc_hd__clkbuf_16)
     2    0.018716    0.065834    0.226034    0.280782 ^ clkbuf_0_clk/X (sky130_fd_sc_hd__clkbuf_16)
                                                         clknet_0_clk (net)
                      0.065834    0.000742    0.281524 ^ clkbuf_1_0__f_clk/A (sky130_fd_sc_hd__clkbuf_16)
     1    0.001998    0.043491    0.190490    0.472013 ^ clkbuf_1_0__f_clk/X (sky130_fd_sc_hd__clkbuf_16)
                                                         clknet_1_0__leaf_clk (net)
                      0.043491    0.000143    0.472156 ^ _8_/CLK (sky130_fd_sc_hd__dfrtp_1)
                                  0.250000    0.722156   clock uncertainty
                                  0.000000    0.722156   clock reconvergence pessimism
                                  0.644376    1.366532   library removal time
                                              1.366532   data required time
---------------------------------------------------------------------------------------------
                                              1.366532   data required time
                                             -2.318557   data arrival time
---------------------------------------------------------------------------------------------
                                              0.952024   slack (MET)


Startpoint: rst (input port clocked by clk)
Endpoint: _9_ (removal check against rising-edge clock clk)
Path Group: asynchronous
Path Type: min

Fanout         Cap        Slew       Delay        Time   Description
---------------------------------------------------------------------------------------------
                                  0.000000    0.000000   clock clk (rise edge)
                                  0.000000    0.000000   clock network delay (propagated)
                                  2.000000    2.000000 v input external delay
     1    0.002557    0.017534    0.008511    2.008511 v rst (in)
                                                         rst (net)
                      0.017535    0.000000    2.008511 v input1/A (sky130_fd_sc_hd__buf_1)
     2    0.011674    0.141743    0.211580    2.220091 v input1/X (sky130_fd_sc_hd__buf_1)
                                                         net1 (net)
                      0.141743    0.000449    2.220541 v _7_/A (sky130_fd_sc_hd__inv_2)
     1    0.003808    0.054552    0.098987    2.319527 ^ _7_/Y (sky130_fd_sc_hd__inv_2)
                                                         _1_ (net)
                      0.054552    0.000199    2.319726 ^ _9_/RESET_B (sky130_fd_sc_hd__dfrtp_1)
                                              2.319726   data arrival time

                                  0.000000    0.000000   clock clk (rise edge)
                                  0.000000    0.000000   clock source latency
     1    0.010440    0.084167    0.054748    0.054748 ^ clk (in)
                                                         clk (net)
                      0.084171    0.000000    0.054748 ^ clkbuf_0_clk/A (sky130_fd_sc_hd__clkbuf_16)
     2    0.018716    0.065834    0.226034    0.280782 ^ clkbuf_0_clk/X (sky130_fd_sc_hd__clkbuf_16)
                                                         clknet_0_clk (net)
                      0.065834    0.000681    0.281463 ^ clkbuf_1_1__f_clk/A (sky130_fd_sc_hd__clkbuf_16)
     1    0.002108    0.043665    0.190727    0.472189 ^ clkbuf_1_1__f_clk/X (sky130_fd_sc_hd__clkbuf_16)
                                                         clknet_1_1__leaf_clk (net)
                      0.043665    0.000147    0.472336 ^ _9_/CLK (sky130_fd_sc_hd__dfrtp_1)
                                  0.250000    0.722336   clock uncertainty
                                  0.000000    0.722336   clock reconvergence pessimism
                                  0.644760    1.367096   library removal time
                                              1.367096   data required time
---------------------------------------------------------------------------------------------
                                              1.367096   data required time
                                             -2.319726   data arrival time
---------------------------------------------------------------------------------------------
                                              0.952630   slack (MET)


Startpoint: _9_ (rising edge-triggered flip-flop clocked by clk)
Endpoint: _9_ (rising edge-triggered flip-flop clocked by clk)
Path Group: clk
Path Type: min

Fanout         Cap        Slew       Delay        Time   Description
---------------------------------------------------------------------------------------------
                                  0.000000    0.000000   clock clk (rise edge)
                                  0.000000    0.000000   clock source latency
     1    0.010440    0.084167    0.054748    0.054748 ^ clk (in)
                                                         clk (net)
                      0.084171    0.000000    0.054748 ^ clkbuf_0_clk/A (sky130_fd_sc_hd__clkbuf_16)
     2    0.018716    0.065834    0.226034    0.280782 ^ clkbuf_0_clk/X (sky130_fd_sc_hd__clkbuf_16)
                                                         clknet_0_clk (net)
                      0.065834    0.000681    0.281463 ^ clkbuf_1_1__f_clk/A (sky130_fd_sc_hd__clkbuf_16)
     1    0.002108    0.043665    0.190727    0.472189 ^ clkbuf_1_1__f_clk/X (sky130_fd_sc_hd__clkbuf_16)
                                                         clknet_1_1__leaf_clk (net)
                      0.043665    0.000147    0.472336 ^ _9_/CLK (sky130_fd_sc_hd__dfrtp_1)
     5    0.017290    0.255476    0.776689    1.249025 ^ _9_/Q (sky130_fd_sc_hd__dfrtp_1)
                                                         net6 (net)
                      0.255477    0.001158    1.250183 ^ _6_/B (sky130_fd_sc_hd__xor2_1)
     1    0.002945    0.068972    0.194080    1.444262 v _6_/X (sky130_fd_sc_hd__xor2_1)
                                                         next_state[1] (net)
                      0.068972    0.000212    1.444474 v hold2/A (sky130_fd_sc_hd__dlygate4sd3_1)
     1    0.002999    0.107178    1.126277    2.570750 v hold2/X (sky130_fd_sc_hd__dlygate4sd3_1)
                                                         net8 (net)
                      0.107178    0.000184    2.570934 v _9_/D (sky130_fd_sc_hd__dfrtp_1)
                                              2.570934   data arrival time

                                  0.000000    0.000000   clock clk (rise edge)
                                  0.000000    0.000000   clock source latency
     1    0.010440    0.084167    0.054748    0.054748 ^ clk (in)
                                                         clk (net)
                      0.084171    0.000000    0.054748 ^ clkbuf_0_clk/A (sky130_fd_sc_hd__clkbuf_16)
     2    0.018716    0.065834    0.226034    0.280782 ^ clkbuf_0_clk/X (sky130_fd_sc_hd__clkbuf_16)
                                                         clknet_0_clk (net)
                      0.065834    0.000681    0.281463 ^ clkbuf_1_1__f_clk/A (sky130_fd_sc_hd__clkbuf_16)
     1    0.002108    0.043665    0.190727    0.472189 ^ clkbuf_1_1__f_clk/X (sky130_fd_sc_hd__clkbuf_16)
                                                         clknet_1_1__leaf_clk (net)
                      0.043665    0.000147    0.472336 ^ _9_/CLK (sky130_fd_sc_hd__dfrtp_1)
                                  0.250000    0.722336   clock uncertainty
                                  0.000000    0.722336   clock reconvergence pessimism
                                 -0.117439    0.604898   library hold time
                                              0.604898   data required time
---------------------------------------------------------------------------------------------
                                              0.604898   data required time
                                             -2.570934   data arrival time
---------------------------------------------------------------------------------------------
                                              1.966037   slack (MET)


Startpoint: _8_ (rising edge-triggered flip-flop clocked by clk)
Endpoint: state_out[0] (output port clocked by clk)
Path Group: clk
Path Type: min

Fanout         Cap        Slew       Delay        Time   Description
---------------------------------------------------------------------------------------------
                                  0.000000    0.000000   clock clk (rise edge)
                                  0.000000    0.000000   clock source latency
     1    0.010440    0.084167    0.054748    0.054748 ^ clk (in)
                                                         clk (net)
                      0.084171    0.000000    0.054748 ^ clkbuf_0_clk/A (sky130_fd_sc_hd__clkbuf_16)
     2    0.018716    0.065834    0.226034    0.280782 ^ clkbuf_0_clk/X (sky130_fd_sc_hd__clkbuf_16)
                                                         clknet_0_clk (net)
                      0.065834    0.000742    0.281524 ^ clkbuf_1_0__f_clk/A (sky130_fd_sc_hd__clkbuf_16)
     1    0.001998    0.043491    0.190490    0.472013 ^ clkbuf_1_0__f_clk/X (sky130_fd_sc_hd__clkbuf_16)
                                                         clknet_1_0__leaf_clk (net)
                      0.043491    0.000143    0.472156 ^ _8_/CLK (sky130_fd_sc_hd__dfrtp_1)
     5    0.011173    0.180687    0.716110    1.188267 ^ _8_/Q (sky130_fd_sc_hd__dfrtp_1)
                                                         net5 (net)
                      0.180687    0.000655    1.188922 ^ output5/A (sky130_fd_sc_hd__buf_2)
     1    0.034210    0.272124    0.394277    1.583199 ^ output5/X (sky130_fd_sc_hd__buf_2)
                                                         state_out[0] (net)
                      0.272131    0.001705    1.584904 ^ state_out[0] (out)
                                              1.584904   data arrival time

                                  0.000000    0.000000   clock clk (rise edge)
                                  0.000000    0.000000   clock network delay (propagated)
                                  0.250000    0.250000   clock uncertainty
                                  0.000000    0.250000   clock reconvergence pessimism
                                 -2.000000   -1.750000   output external delay
                                             -1.750000   data required time
---------------------------------------------------------------------------------------------
                                             -1.750000   data required time
                                             -1.584904   data arrival time
---------------------------------------------------------------------------------------------
                                              3.334903   slack (MET)


Startpoint: _9_ (rising edge-triggered flip-flop clocked by clk)
Endpoint: state_out[1] (output port clocked by clk)
Path Group: clk
Path Type: min

Fanout         Cap        Slew       Delay        Time   Description
---------------------------------------------------------------------------------------------
                                  0.000000    0.000000   clock clk (rise edge)
                                  0.000000    0.000000   clock source latency
     1    0.010440    0.084167    0.054748    0.054748 ^ clk (in)
                                                         clk (net)
                      0.084171    0.000000    0.054748 ^ clkbuf_0_clk/A (sky130_fd_sc_hd__clkbuf_16)
     2    0.018716    0.065834    0.226034    0.280782 ^ clkbuf_0_clk/X (sky130_fd_sc_hd__clkbuf_16)
                                                         clknet_0_clk (net)
                      0.065834    0.000681    0.281463 ^ clkbuf_1_1__f_clk/A (sky130_fd_sc_hd__clkbuf_16)
     1    0.002108    0.043665    0.190727    0.472189 ^ clkbuf_1_1__f_clk/X (sky130_fd_sc_hd__clkbuf_16)
                                                         clknet_1_1__leaf_clk (net)
                      0.043665    0.000147    0.472336 ^ _9_/CLK (sky130_fd_sc_hd__dfrtp_1)
     5    0.017290    0.255476    0.776689    1.249025 ^ _9_/Q (sky130_fd_sc_hd__dfrtp_1)
                                                         net6 (net)
                      0.255476    0.000477    1.249502 ^ output6/A (sky130_fd_sc_hd__buf_2)
     1    0.034083    0.271395    0.426166    1.675668 ^ output6/X (sky130_fd_sc_hd__buf_2)
                                                         state_out[1] (net)
                      0.271400    0.001618    1.677286 ^ state_out[1] (out)
                                              1.677286   data arrival time

                                  0.000000    0.000000   clock clk (rise edge)
                                  0.000000    0.000000   clock network delay (propagated)
                                  0.250000    0.250000   clock uncertainty
                                  0.000000    0.250000   clock reconvergence pessimism
                                 -2.000000   -1.750000   output external delay
                                             -1.750000   data required time
---------------------------------------------------------------------------------------------
                                             -1.750000   data required time
                                             -1.677286   data arrival time
---------------------------------------------------------------------------------------------
                                              3.427286   slack (MET)


Startpoint: _8_ (rising edge-triggered flip-flop clocked by clk)
Endpoint: busy (output port clocked by clk)
Path Group: clk
Path Type: min

Fanout         Cap        Slew       Delay        Time   Description
---------------------------------------------------------------------------------------------
                                  0.000000    0.000000   clock clk (rise edge)
                                  0.000000    0.000000   clock source latency
     1    0.010440    0.084167    0.054748    0.054748 ^ clk (in)
                                                         clk (net)
                      0.084171    0.000000    0.054748 ^ clkbuf_0_clk/A (sky130_fd_sc_hd__clkbuf_16)
     2    0.018716    0.065834    0.226034    0.280782 ^ clkbuf_0_clk/X (sky130_fd_sc_hd__clkbuf_16)
                                                         clknet_0_clk (net)
                      0.065834    0.000742    0.281524 ^ clkbuf_1_0__f_clk/A (sky130_fd_sc_hd__clkbuf_16)
     1    0.001998    0.043491    0.190490    0.472013 ^ clkbuf_1_0__f_clk/X (sky130_fd_sc_hd__clkbuf_16)
                                                         clknet_1_0__leaf_clk (net)
                      0.043491    0.000143    0.472156 ^ _8_/CLK (sky130_fd_sc_hd__dfrtp_1)
     5    0.011173    0.180687    0.716110    1.188267 ^ _8_/Q (sky130_fd_sc_hd__dfrtp_1)
                                                         net5 (net)
                      0.180687    0.000576    1.188842 ^ _3_/A (sky130_fd_sc_hd__or2_1)
     1    0.002796    0.065861    0.212401    1.401243 ^ _3_/X (sky130_fd_sc_hd__or2_1)
                                                         net3 (net)
                      0.065861    0.000177    1.401421 ^ output3/A (sky130_fd_sc_hd__buf_2)
     1    0.034453    0.273709    0.341891    1.743311 ^ output3/X (sky130_fd_sc_hd__buf_2)
                                                         busy (net)
                      0.273715    0.001662    1.744973 ^ busy (out)
                                              1.744973   data arrival time

                                  0.000000    0.000000   clock clk (rise edge)
                                  0.000000    0.000000   clock network delay (propagated)
                                  0.250000    0.250000   clock uncertainty
                                  0.000000    0.250000   clock reconvergence pessimism
                                 -2.000000   -1.750000   output external delay
                                             -1.750000   data required time
---------------------------------------------------------------------------------------------
                                             -1.750000   data required time
                                             -1.744973   data arrival time
---------------------------------------------------------------------------------------------
                                              3.494973   slack (MET)


Startpoint: _8_ (rising edge-triggered flip-flop clocked by clk)
Endpoint: done (output port clocked by clk)
Path Group: clk
Path Type: min

Fanout         Cap        Slew       Delay        Time   Description
---------------------------------------------------------------------------------------------
                                  0.000000    0.000000   clock clk (rise edge)
                                  0.000000    0.000000   clock source latency
     1    0.010440    0.084167    0.054748    0.054748 ^ clk (in)
                                                         clk (net)
                      0.084171    0.000000    0.054748 ^ clkbuf_0_clk/A (sky130_fd_sc_hd__clkbuf_16)
     2    0.018716    0.065834    0.226034    0.280782 ^ clkbuf_0_clk/X (sky130_fd_sc_hd__clkbuf_16)
                                                         clknet_0_clk (net)
                      0.065834    0.000742    0.281524 ^ clkbuf_1_0__f_clk/A (sky130_fd_sc_hd__clkbuf_16)
     1    0.001998    0.043491    0.190490    0.472013 ^ clkbuf_1_0__f_clk/X (sky130_fd_sc_hd__clkbuf_16)
                                                         clknet_1_0__leaf_clk (net)
                      0.043491    0.000143    0.472156 ^ _8_/CLK (sky130_fd_sc_hd__dfrtp_1)
     5    0.011173    0.180687    0.716110    1.188267 ^ _8_/Q (sky130_fd_sc_hd__dfrtp_1)
                                                         net5 (net)
                      0.180687    0.000591    1.188858 ^ _4_/A (sky130_fd_sc_hd__and2_1)
     1    0.002501    0.075819    0.257781    1.446639 ^ _4_/X (sky130_fd_sc_hd__and2_1)
                                                         net4 (net)
                      0.075819    0.000180    1.446820 ^ output4/A (sky130_fd_sc_hd__buf_2)
     1    0.034519    0.274212    0.346799    1.793619 ^ output4/X (sky130_fd_sc_hd__buf_2)
                                                         done (net)
                      0.274218    0.001668    1.795287 ^ done (out)
                                              1.795287   data arrival time

                                  0.000000    0.000000   clock clk (rise edge)
                                  0.000000    0.000000   clock network delay (propagated)
                                  0.250000    0.250000   clock uncertainty
                                  0.000000    0.250000   clock reconvergence pessimism
                                 -2.000000   -1.750000   output external delay
                                             -1.750000   data required time
---------------------------------------------------------------------------------------------
                                             -1.750000   data required time
                                             -1.795287   data arrival time
---------------------------------------------------------------------------------------------
                                              3.545287   slack (MET)



%OL_END_REPORT
%OL_CREATE_REPORT max.rpt

===========================================================================
report_checks -path_delay max (Setup)
============================================================================
======================= max_ss_100C_1v60 Corner ===================================

Startpoint: _9_ (rising edge-triggered flip-flop clocked by clk)
Endpoint: busy (output port clocked by clk)
Path Group: clk
Path Type: max

Fanout         Cap        Slew       Delay        Time   Description
---------------------------------------------------------------------------------------------
                                  0.000000    0.000000   clock clk (rise edge)
                                  0.000000    0.000000   clock source latency
     1    0.010440    0.084167    0.054748    0.054748 ^ clk (in)
                                                         clk (net)
                      0.084171    0.000000    0.054748 ^ clkbuf_0_clk/A (sky130_fd_sc_hd__clkbuf_16)
     2    0.018716    0.065834    0.226034    0.280782 ^ clkbuf_0_clk/X (sky130_fd_sc_hd__clkbuf_16)
                                                         clknet_0_clk (net)
                      0.065834    0.000681    0.281463 ^ clkbuf_1_1__f_clk/A (sky130_fd_sc_hd__clkbuf_16)
     1    0.002108    0.043665    0.190727    0.472189 ^ clkbuf_1_1__f_clk/X (sky130_fd_sc_hd__clkbuf_16)
                                                         clknet_1_1__leaf_clk (net)
                      0.043665    0.000147    0.472336 ^ _9_/CLK (sky130_fd_sc_hd__dfrtp_1)
     5    0.016479    0.189205    0.844000    1.316336 v _9_/Q (sky130_fd_sc_hd__dfrtp_1)
                                                         net6 (net)
                      0.189207    0.001069    1.317405 v _3_/B (sky130_fd_sc_hd__or2_1)
     1    0.002668    0.095555    0.501186    1.818592 v _3_/X (sky130_fd_sc_hd__or2_1)
                                                         net3 (net)
                      0.095555    0.000167    1.818758 v output3/A (sky130_fd_sc_hd__buf_2)
     1    0.034453    0.166897    0.356577    2.175336 v output3/X (sky130_fd_sc_hd__buf_2)
                                                         busy (net)
                      0.166912    0.001661    2.176997 v busy (out)
                                              2.176997   data arrival time

                                 10.000000   10.000000   clock clk (rise edge)
                                  0.000000   10.000000   clock network delay (propagated)
                                 -0.250000    9.750000   clock uncertainty
                                  0.000000    9.750000   clock reconvergence pessimism
                                 -2.000000    7.750000   output external delay
                                              7.750000   data required time
---------------------------------------------------------------------------------------------
                                              7.750000   data required time
                                             -2.176997   data arrival time
---------------------------------------------------------------------------------------------
                                              5.573004   slack (MET)


Startpoint: _9_ (rising edge-triggered flip-flop clocked by clk)
Endpoint: done (output port clocked by clk)
Path Group: clk
Path Type: max

Fanout         Cap        Slew       Delay        Time   Description
---------------------------------------------------------------------------------------------
                                  0.000000    0.000000   clock clk (rise edge)
                                  0.000000    0.000000   clock source latency
     1    0.010440    0.084167    0.054748    0.054748 ^ clk (in)
                                                         clk (net)
                      0.084171    0.000000    0.054748 ^ clkbuf_0_clk/A (sky130_fd_sc_hd__clkbuf_16)
     2    0.018716    0.065834    0.226034    0.280782 ^ clkbuf_0_clk/X (sky130_fd_sc_hd__clkbuf_16)
                                                         clknet_0_clk (net)
                      0.065834    0.000681    0.281463 ^ clkbuf_1_1__f_clk/A (sky130_fd_sc_hd__clkbuf_16)
     1    0.002108    0.043665    0.190727    0.472189 ^ clkbuf_1_1__f_clk/X (sky130_fd_sc_hd__clkbuf_16)
                                                         clknet_1_1__leaf_clk (net)
                      0.043665    0.000147    0.472336 ^ _9_/CLK (sky130_fd_sc_hd__dfrtp_1)
     5    0.016479    0.189205    0.844000    1.316336 v _9_/Q (sky130_fd_sc_hd__dfrtp_1)
                                                         net6 (net)
                      0.189207    0.001079    1.317416 v _4_/B (sky130_fd_sc_hd__and2_1)
     1    0.002373    0.064976    0.366910    1.684326 v _4_/X (sky130_fd_sc_hd__and2_1)
                                                         net4 (net)
                      0.064976    0.000170    1.684495 v output4/A (sky130_fd_sc_hd__buf_2)
     1    0.034519    0.167205    0.342383    2.026878 v output4/X (sky130_fd_sc_hd__buf_2)
                                                         done (net)
                      0.167220    0.001668    2.028546 v done (out)
                                              2.028546   data arrival time

                                 10.000000   10.000000   clock clk (rise edge)
                                  0.000000   10.000000   clock network delay (propagated)
                                 -0.250000    9.750000   clock uncertainty
                                  0.000000    9.750000   clock reconvergence pessimism
                                 -2.000000    7.750000   output external delay
                                              7.750000   data required time
---------------------------------------------------------------------------------------------
                                              7.750000   data required time
                                             -2.028546   data arrival time
---------------------------------------------------------------------------------------------
                                              5.721454   slack (MET)


Startpoint: _8_ (rising edge-triggered flip-flop clocked by clk)
Endpoint: _9_ (rising edge-triggered flip-flop clocked by clk)
Path Group: clk
Path Type: max

Fanout         Cap        Slew       Delay        Time   Description
---------------------------------------------------------------------------------------------
                                  0.000000    0.000000   clock clk (rise edge)
                                  0.000000    0.000000   clock source latency
     1    0.010440    0.084167    0.054748    0.054748 ^ clk (in)
                                                         clk (net)
                      0.084171    0.000000    0.054748 ^ clkbuf_0_clk/A (sky130_fd_sc_hd__clkbuf_16)
     2    0.018716    0.065834    0.226034    0.280782 ^ clkbuf_0_clk/X (sky130_fd_sc_hd__clkbuf_16)
                                                         clknet_0_clk (net)
                      0.065834    0.000742    0.281524 ^ clkbuf_1_0__f_clk/A (sky130_fd_sc_hd__clkbuf_16)
     1    0.001998    0.043491    0.190490    0.472013 ^ clkbuf_1_0__f_clk/X (sky130_fd_sc_hd__clkbuf_16)
                                                         clknet_1_0__leaf_clk (net)
                      0.043491    0.000143    0.472156 ^ _8_/CLK (sky130_fd_sc_hd__dfrtp_1)
     5    0.010659    0.144748    0.796492    1.268649 v _8_/Q (sky130_fd_sc_hd__dfrtp_1)
                                                         net5 (net)
                      0.144749    0.000575    1.269223 v hold1/A (sky130_fd_sc_hd__dlygate4sd3_1)
     1    0.005059    0.129474    1.193760    2.462983 v hold1/X (sky130_fd_sc_hd__dlygate4sd3_1)
                                                         net7 (net)
                      0.129474    0.000360    2.463344 v _6_/A (sky130_fd_sc_hd__xor2_1)
     1    0.002945    0.108870    0.317744    2.781088 v _6_/X (sky130_fd_sc_hd__xor2_1)
                                                         next_state[1] (net)
                      0.108870    0.000212    2.781300 v hold2/A (sky130_fd_sc_hd__dlygate4sd3_1)
     1    0.002999    0.107321    1.145108    3.926408 v hold2/X (sky130_fd_sc_hd__dlygate4sd3_1)
                                                         net8 (net)
                      0.107321    0.000184    3.926592 v _9_/D (sky130_fd_sc_hd__dfrtp_1)
                                              3.926592   data arrival time

                                 10.000000   10.000000   clock clk (rise edge)
                                  0.000000   10.000000   clock source latency
     1    0.010440    0.084167    0.054747   10.054748 ^ clk (in)
                                                         clk (net)
                      0.084171    0.000000   10.054748 ^ clkbuf_0_clk/A (sky130_fd_sc_hd__clkbuf_16)
     2    0.018716    0.065834    0.226034   10.280782 ^ clkbuf_0_clk/X (sky130_fd_sc_hd__clkbuf_16)
                                                         clknet_0_clk (net)
                      0.065834    0.000681   10.281463 ^ clkbuf_1_1__f_clk/A (sky130_fd_sc_hd__clkbuf_16)
     1    0.002108    0.043665    0.190727   10.472190 ^ clkbuf_1_1__f_clk/X (sky130_fd_sc_hd__clkbuf_16)
                                                         clknet_1_1__leaf_clk (net)
                      0.043665    0.000147   10.472336 ^ _9_/CLK (sky130_fd_sc_hd__dfrtp_1)
                                 -0.250000   10.222336   clock uncertainty
                                  0.000000   10.222336   clock reconvergence pessimism
                                 -0.299155    9.923182   library setup time
                                              9.923182   data required time
---------------------------------------------------------------------------------------------
                                              9.923182   data required time
                                             -3.926592   data arrival time
---------------------------------------------------------------------------------------------
                                              5.996590   slack (MET)


Startpoint: _9_ (rising edge-triggered flip-flop clocked by clk)
Endpoint: state_out[1] (output port clocked by clk)
Path Group: clk
Path Type: max

Fanout         Cap        Slew       Delay        Time   Description
---------------------------------------------------------------------------------------------
                                  0.000000    0.000000   clock clk (rise edge)
                                  0.000000    0.000000   clock source latency
     1    0.010440    0.084167    0.054748    0.054748 ^ clk (in)
                                                         clk (net)
                      0.084171    0.000000    0.054748 ^ clkbuf_0_clk/A (sky130_fd_sc_hd__clkbuf_16)
     2    0.018716    0.065834    0.226034    0.280782 ^ clkbuf_0_clk/X (sky130_fd_sc_hd__clkbuf_16)
                                                         clknet_0_clk (net)
                      0.065834    0.000681    0.281463 ^ clkbuf_1_1__f_clk/A (sky130_fd_sc_hd__clkbuf_16)
     1    0.002108    0.043665    0.190727    0.472189 ^ clkbuf_1_1__f_clk/X (sky130_fd_sc_hd__clkbuf_16)
                                                         clknet_1_1__leaf_clk (net)
                      0.043665    0.000147    0.472336 ^ _9_/CLK (sky130_fd_sc_hd__dfrtp_1)
     5    0.016479    0.189205    0.844000    1.316336 v _9_/Q (sky130_fd_sc_hd__dfrtp_1)
                                                         net6 (net)
                      0.189205    0.000454    1.316791 v output6/A (sky130_fd_sc_hd__buf_2)
     1    0.034083    0.165546    0.400577    1.717368 v output6/X (sky130_fd_sc_hd__buf_2)
                                                         state_out[1] (net)
                      0.165560    0.001617    1.718985 v state_out[1] (out)
                                              1.718985   data arrival time

                                 10.000000   10.000000   clock clk (rise edge)
                                  0.000000   10.000000   clock network delay (propagated)
                                 -0.250000    9.750000   clock uncertainty
                                  0.000000    9.750000   clock reconvergence pessimism
                                 -2.000000    7.750000   output external delay
                                              7.750000   data required time
---------------------------------------------------------------------------------------------
                                              7.750000   data required time
                                             -1.718985   data arrival time
---------------------------------------------------------------------------------------------
                                              6.031015   slack (MET)


Startpoint: _8_ (rising edge-triggered flip-flop clocked by clk)
Endpoint: state_out[0] (output port clocked by clk)
Path Group: clk
Path Type: max

Fanout         Cap        Slew       Delay        Time   Description
---------------------------------------------------------------------------------------------
                                  0.000000    0.000000   clock clk (rise edge)
                                  0.000000    0.000000   clock source latency
     1    0.010440    0.084167    0.054748    0.054748 ^ clk (in)
                                                         clk (net)
                      0.084171    0.000000    0.054748 ^ clkbuf_0_clk/A (sky130_fd_sc_hd__clkbuf_16)
     2    0.018716    0.065834    0.226034    0.280782 ^ clkbuf_0_clk/X (sky130_fd_sc_hd__clkbuf_16)
                                                         clknet_0_clk (net)
                      0.065834    0.000742    0.281524 ^ clkbuf_1_0__f_clk/A (sky130_fd_sc_hd__clkbuf_16)
     1    0.001998    0.043491    0.190490    0.472013 ^ clkbuf_1_0__f_clk/X (sky130_fd_sc_hd__clkbuf_16)
                                                         clknet_1_0__leaf_clk (net)
                      0.043491    0.000143    0.472156 ^ _8_/CLK (sky130_fd_sc_hd__dfrtp_1)
     5    0.010659    0.144748    0.796492    1.268649 v _8_/Q (sky130_fd_sc_hd__dfrtp_1)
                                                         net5 (net)
                      0.144749    0.000623    1.269272 v output5/A (sky130_fd_sc_hd__buf_2)
     1    0.034210    0.166013    0.379486    1.648758 v output5/X (sky130_fd_sc_hd__buf_2)
                                                         state_out[0] (net)
                      0.166028    0.001704    1.650462 v state_out[0] (out)
                                              1.650462   data arrival time

                                 10.000000   10.000000   clock clk (rise edge)
                                  0.000000   10.000000   clock network delay (propagated)
                                 -0.250000    9.750000   clock uncertainty
                                  0.000000    9.750000   clock reconvergence pessimism
                                 -2.000000    7.750000   output external delay
                                              7.750000   data required time
---------------------------------------------------------------------------------------------
                                              7.750000   data required time
                                             -1.650462   data arrival time
---------------------------------------------------------------------------------------------
                                              6.099538   slack (MET)


Startpoint: _8_ (rising edge-triggered flip-flop clocked by clk)
Endpoint: _8_ (rising edge-triggered flip-flop clocked by clk)
Path Group: clk
Path Type: max

Fanout         Cap        Slew       Delay        Time   Description
---------------------------------------------------------------------------------------------
                                  0.000000    0.000000   clock clk (rise edge)
                                  0.000000    0.000000   clock source latency
     1    0.010440    0.084167    0.054748    0.054748 ^ clk (in)
                                                         clk (net)
                      0.084171    0.000000    0.054748 ^ clkbuf_0_clk/A (sky130_fd_sc_hd__clkbuf_16)
     2    0.018716    0.065834    0.226034    0.280782 ^ clkbuf_0_clk/X (sky130_fd_sc_hd__clkbuf_16)
                                                         clknet_0_clk (net)
                      0.065834    0.000742    0.281524 ^ clkbuf_1_0__f_clk/A (sky130_fd_sc_hd__clkbuf_16)
     1    0.001998    0.043491    0.190490    0.472013 ^ clkbuf_1_0__f_clk/X (sky130_fd_sc_hd__clkbuf_16)
                                                         clknet_1_0__leaf_clk (net)
                      0.043491    0.000143    0.472156 ^ _8_/CLK (sky130_fd_sc_hd__dfrtp_1)
     5    0.010659    0.144748    0.796492    1.268649 v _8_/Q (sky130_fd_sc_hd__dfrtp_1)
                                                         net5 (net)
                      0.144749    0.000571    1.269220 v hold3/A (sky130_fd_sc_hd__dlygate4sd3_1)
     1    0.001976    0.098701    1.145275    2.414495 v hold3/X (sky130_fd_sc_hd__dlygate4sd3_1)
                                                         net9 (net)
                      0.098701    0.000078    2.414573 v _5_/B1_N (sky130_fd_sc_hd__o21ba_1)
     1    0.002569    0.070967    0.426509    2.841082 ^ _5_/X (sky130_fd_sc_hd__o21ba_1)
                                                         next_state[0] (net)
                      0.070967    0.000171    2.841252 ^ _8_/D (sky130_fd_sc_hd__dfrtp_1)
                                              2.841252   data arrival time

                                 10.000000   10.000000   clock clk (rise edge)
                                  0.000000   10.000000   clock source latency
     1    0.010440    0.084167    0.054747   10.054748 ^ clk (in)
                                                         clk (net)
                      0.084171    0.000000   10.054748 ^ clkbuf_0_clk/A (sky130_fd_sc_hd__clkbuf_16)
     2    0.018716    0.065834    0.226034   10.280782 ^ clkbuf_0_clk/X (sky130_fd_sc_hd__clkbuf_16)
                                                         clknet_0_clk (net)
                      0.065834    0.000742   10.281524 ^ clkbuf_1_0__f_clk/A (sky130_fd_sc_hd__clkbuf_16)
     1    0.001998    0.043491    0.190490   10.472013 ^ clkbuf_1_0__f_clk/X (sky130_fd_sc_hd__clkbuf_16)
                                                         clknet_1_0__leaf_clk (net)
                      0.043491    0.000143   10.472157 ^ _8_/CLK (sky130_fd_sc_hd__dfrtp_1)
                                 -0.250000   10.222157   clock uncertainty
                                  0.000000   10.222157   clock reconvergence pessimism
                                 -0.137902   10.084255   library setup time
                                             10.084255   data required time
---------------------------------------------------------------------------------------------
                                             10.084255   data required time
                                             -2.841252   data arrival time
---------------------------------------------------------------------------------------------
                                              7.243003   slack (MET)


Startpoint: rst (input port clocked by clk)
Endpoint: _9_ (recovery check against rising-edge clock clk)
Path Group: asynchronous
Path Type: max

Fanout         Cap        Slew       Delay        Time   Description
---------------------------------------------------------------------------------------------
                                  0.000000    0.000000   clock clk (rise edge)
                                  0.000000    0.000000   clock network delay (propagated)
                                  2.000000    2.000000 v input external delay
     1    0.002557    0.017534    0.008511    2.008511 v rst (in)
                                                         rst (net)
                      0.017535    0.000000    2.008511 v input1/A (sky130_fd_sc_hd__buf_1)
     2    0.011674    0.141743    0.211580    2.220091 v input1/X (sky130_fd_sc_hd__buf_1)
                                                         net1 (net)
                      0.141743    0.000449    2.220541 v _7_/A (sky130_fd_sc_hd__inv_2)
     1    0.003808    0.054552    0.098987    2.319527 ^ _7_/Y (sky130_fd_sc_hd__inv_2)
                                                         _1_ (net)
                      0.054552    0.000199    2.319726 ^ _9_/RESET_B (sky130_fd_sc_hd__dfrtp_1)
                                              2.319726   data arrival time

                                 10.000000   10.000000   clock clk (rise edge)
                                  0.000000   10.000000   clock source latency
     1    0.010440    0.084167    0.054747   10.054748 ^ clk (in)
                                                         clk (net)
                      0.084171    0.000000   10.054748 ^ clkbuf_0_clk/A (sky130_fd_sc_hd__clkbuf_16)
     2    0.018716    0.065834    0.226034   10.280782 ^ clkbuf_0_clk/X (sky130_fd_sc_hd__clkbuf_16)
                                                         clknet_0_clk (net)
                      0.065834    0.000681   10.281463 ^ clkbuf_1_1__f_clk/A (sky130_fd_sc_hd__clkbuf_16)
     1    0.002108    0.043665    0.190727   10.472190 ^ clkbuf_1_1__f_clk/X (sky130_fd_sc_hd__clkbuf_16)
                                                         clknet_1_1__leaf_clk (net)
                      0.043665    0.000147   10.472336 ^ _9_/CLK (sky130_fd_sc_hd__dfrtp_1)
                                 -0.250000   10.222336   clock uncertainty
                                  0.000000   10.222336   clock reconvergence pessimism
                                  0.459545   10.681882   library recovery time
                                             10.681882   data required time
---------------------------------------------------------------------------------------------
                                             10.681882   data required time
                                             -2.319726   data arrival time
---------------------------------------------------------------------------------------------
                                              8.362155   slack (MET)


Startpoint: rst (input port clocked by clk)
Endpoint: _8_ (recovery check against rising-edge clock clk)
Path Group: asynchronous
Path Type: max

Fanout         Cap        Slew       Delay        Time   Description
---------------------------------------------------------------------------------------------
                                  0.000000    0.000000   clock clk (rise edge)
                                  0.000000    0.000000   clock network delay (propagated)
                                  2.000000    2.000000 v input external delay
     1    0.002557    0.017534    0.008511    2.008511 v rst (in)
                                                         rst (net)
                      0.017535    0.000000    2.008511 v input1/A (sky130_fd_sc_hd__buf_1)
     2    0.011674    0.141743    0.211580    2.220091 v input1/X (sky130_fd_sc_hd__buf_1)
                                                         net1 (net)
                      0.141744    0.000700    2.220791 v _2_/A (sky130_fd_sc_hd__inv_2)
     1    0.003616    0.053474    0.097677    2.318468 ^ _2_/Y (sky130_fd_sc_hd__inv_2)
                                                         _0_ (net)
                      0.053474    0.000089    2.318557 ^ _8_/RESET_B (sky130_fd_sc_hd__dfrtp_1)
                                              2.318557   data arrival time

                                 10.000000   10.000000   clock clk (rise edge)
                                  0.000000   10.000000   clock source latency
     1    0.010440    0.084167    0.054747   10.054748 ^ clk (in)
                                                         clk (net)
                      0.084171    0.000000   10.054748 ^ clkbuf_0_clk/A (sky130_fd_sc_hd__clkbuf_16)
     2    0.018716    0.065834    0.226034   10.280782 ^ clkbuf_0_clk/X (sky130_fd_sc_hd__clkbuf_16)
                                                         clknet_0_clk (net)
                      0.065834    0.000742   10.281524 ^ clkbuf_1_0__f_clk/A (sky130_fd_sc_hd__clkbuf_16)
     1    0.001998    0.043491    0.190490   10.472013 ^ clkbuf_1_0__f_clk/X (sky130_fd_sc_hd__clkbuf_16)
                                                         clknet_1_0__leaf_clk (net)
                      0.043491    0.000143   10.472157 ^ _8_/CLK (sky130_fd_sc_hd__dfrtp_1)
                                 -0.250000   10.222157   clock uncertainty
                                  0.000000   10.222157   clock reconvergence pessimism
                                  0.459887   10.682044   library recovery time
                                             10.682044   data required time
---------------------------------------------------------------------------------------------
                                             10.682044   data required time
                                             -2.318557   data arrival time
---------------------------------------------------------------------------------------------
                                              8.363487   slack (MET)



%OL_END_REPORT
%OL_CREATE_REPORT checks.rpt

===========================================================================
report_checks -unconstrained
===========================================================================
======================= max_ss_100C_1v60 Corner ===================================

Startpoint: rst (input port clocked by clk)
Endpoint: _9_ (recovery check against rising-edge clock clk)
Path Group: asynchronous
Path Type: max

Fanout         Cap        Slew       Delay        Time   Description
---------------------------------------------------------------------------------------------
                                  0.000000    0.000000   clock clk (rise edge)
                                  0.000000    0.000000   clock network delay (propagated)
                                  2.000000    2.000000 v input external delay
     1    0.002557    0.017534    0.008511    2.008511 v rst (in)
                                                         rst (net)
                      0.017535    0.000000    2.008511 v input1/A (sky130_fd_sc_hd__buf_1)
     2    0.011674    0.141743    0.211580    2.220091 v input1/X (sky130_fd_sc_hd__buf_1)
                                                         net1 (net)
                      0.141743    0.000449    2.220541 v _7_/A (sky130_fd_sc_hd__inv_2)
     1    0.003808    0.054552    0.098987    2.319527 ^ _7_/Y (sky130_fd_sc_hd__inv_2)
                                                         _1_ (net)
                      0.054552    0.000199    2.319726 ^ _9_/RESET_B (sky130_fd_sc_hd__dfrtp_1)
                                              2.319726   data arrival time

                                 10.000000   10.000000   clock clk (rise edge)
                                  0.000000   10.000000   clock source latency
     1    0.010440    0.084167    0.054747   10.054748 ^ clk (in)
                                                         clk (net)
                      0.084171    0.000000   10.054748 ^ clkbuf_0_clk/A (sky130_fd_sc_hd__clkbuf_16)
     2    0.018716    0.065834    0.226034   10.280782 ^ clkbuf_0_clk/X (sky130_fd_sc_hd__clkbuf_16)
                                                         clknet_0_clk (net)
                      0.065834    0.000681   10.281463 ^ clkbuf_1_1__f_clk/A (sky130_fd_sc_hd__clkbuf_16)
     1    0.002108    0.043665    0.190727   10.472190 ^ clkbuf_1_1__f_clk/X (sky130_fd_sc_hd__clkbuf_16)
                                                         clknet_1_1__leaf_clk (net)
                      0.043665    0.000147   10.472336 ^ _9_/CLK (sky130_fd_sc_hd__dfrtp_1)
                                 -0.250000   10.222336   clock uncertainty
                                  0.000000   10.222336   clock reconvergence pessimism
                                  0.459545   10.681882   library recovery time
                                             10.681882   data required time
---------------------------------------------------------------------------------------------
                                             10.681882   data required time
                                             -2.319726   data arrival time
---------------------------------------------------------------------------------------------
                                              8.362155   slack (MET)


Startpoint: _9_ (rising edge-triggered flip-flop clocked by clk)
Endpoint: busy (output port clocked by clk)
Path Group: clk
Path Type: max

Fanout         Cap        Slew       Delay        Time   Description
---------------------------------------------------------------------------------------------
                                  0.000000    0.000000   clock clk (rise edge)
                                  0.000000    0.000000   clock source latency
     1    0.010440    0.084167    0.054748    0.054748 ^ clk (in)
                                                         clk (net)
                      0.084171    0.000000    0.054748 ^ clkbuf_0_clk/A (sky130_fd_sc_hd__clkbuf_16)
     2    0.018716    0.065834    0.226034    0.280782 ^ clkbuf_0_clk/X (sky130_fd_sc_hd__clkbuf_16)
                                                         clknet_0_clk (net)
                      0.065834    0.000681    0.281463 ^ clkbuf_1_1__f_clk/A (sky130_fd_sc_hd__clkbuf_16)
     1    0.002108    0.043665    0.190727    0.472189 ^ clkbuf_1_1__f_clk/X (sky130_fd_sc_hd__clkbuf_16)
                                                         clknet_1_1__leaf_clk (net)
                      0.043665    0.000147    0.472336 ^ _9_/CLK (sky130_fd_sc_hd__dfrtp_1)
     5    0.016479    0.189205    0.844000    1.316336 v _9_/Q (sky130_fd_sc_hd__dfrtp_1)
                                                         net6 (net)
                      0.189207    0.001069    1.317405 v _3_/B (sky130_fd_sc_hd__or2_1)
     1    0.002668    0.095555    0.501186    1.818592 v _3_/X (sky130_fd_sc_hd__or2_1)
                                                         net3 (net)
                      0.095555    0.000167    1.818758 v output3/A (sky130_fd_sc_hd__buf_2)
     1    0.034453    0.166897    0.356577    2.175336 v output3/X (sky130_fd_sc_hd__buf_2)
                                                         busy (net)
                      0.166912    0.001661    2.176997 v busy (out)
                                              2.176997   data arrival time

                                 10.000000   10.000000   clock clk (rise edge)
                                  0.000000   10.000000   clock network delay (propagated)
                                 -0.250000    9.750000   clock uncertainty
                                  0.000000    9.750000   clock reconvergence pessimism
                                 -2.000000    7.750000   output external delay
                                              7.750000   data required time
---------------------------------------------------------------------------------------------
                                              7.750000   data required time
                                             -2.176997   data arrival time
---------------------------------------------------------------------------------------------
                                              5.573004   slack (MET)




===========================================================================
report_checks --slack_max -0.01
============================================================================
======================= max_ss_100C_1v60 Corner ===================================

No paths found.


===========================================================================
 report_check_types -max_slew -max_cap -max_fanout -violators
============================================================================
======================= max_ss_100C_1v60 Corner ===================================



===========================================================================
report_parasitic_annotation -report_unannotated
============================================================================
Found 0 unannotated drivers.
Found 0 partially unannotated drivers.

===========================================================================
max slew violation count 0
%OL_METRIC_I design__max_slew_violation__count__corner:max_ss_100C_1v60 0
max fanout violation count 0
%OL_METRIC_I design__max_fanout_violation__count__corner:max_ss_100C_1v60 0
max cap violation count 0
%OL_METRIC_I design__max_cap_violation__count__corner:max_ss_100C_1v60 0
============================================================================

===========================================================================
check_setup -verbose -unconstrained_endpoints -multiple_clock -no_clock -no_input_delay -loops -generated_clocks
===========================================================================
%OL_END_REPORT
%OL_CREATE_REPORT power.rpt

===========================================================================
 report_power
============================================================================
======================= max_ss_100C_1v60 Corner ===================================

Group                    Internal    Switching      Leakage        Total
                            Power        Power        Power        Power (Watts)
------------------------------------------------------------------------
Sequential           9.938872e-06 3.643247e-06 3.773923e-08 1.361986e-05  13.7%
Combinational        1.721840e-05 2.140497e-05 7.750744e-08 3.870087e-05  39.0%
Clock                4.099471e-05 5.842216e-06 5.715885e-08 4.689408e-05  47.3%
Macro                0.000000e+00 0.000000e+00 0.000000e+00 0.000000e+00   0.0%
Pad                  0.000000e+00 0.000000e+00 0.000000e+00 0.000000e+00   0.0%
------------------------------------------------------------------------
Total                6.815198e-05 3.089043e-05 1.724055e-07 9.921482e-05 100.0%
                            68.7%        31.1%         0.2%
%OL_METRIC_F power__internal__total 6.815198139520362e-5
%OL_METRIC_F power__switching__total 3.089043093496002e-5
%OL_METRIC_F power__leakage__total 1.7240549254893267e-7
%OL_METRIC_F power__total 9.921481978381053e-5

%OL_END_REPORT
%OL_CREATE_REPORT skew.min.rpt

===========================================================================
Clock Skew (Hold)
============================================================================
%OL_METRIC_F clock__skew__worst_hold__corner:max_ss_100C_1v60 -0.25018002266853434
======================= max_ss_100C_1v60 Corner ===================================

Clock clk
0.472156 source latency _8_/CLK ^
-0.472336 target latency _9_/CLK ^
-0.250000 clock uncertainty
0.000000 CRPR
--------------
-0.250180 hold skew

%OL_END_REPORT
%OL_CREATE_REPORT skew.max.rpt

===========================================================================
Clock Skew (Setup)
============================================================================
%OL_METRIC_F clock__skew__worst_setup__corner:max_ss_100C_1v60 0.25018002266853434
======================= max_ss_100C_1v60 Corner ===================================

Clock clk
0.472336 source latency _9_/CLK ^
-0.472156 target latency _8_/CLK ^
0.250000 clock uncertainty
0.000000 CRPR
--------------
0.250180 setup skew

%OL_END_REPORT
%OL_CREATE_REPORT ws.min.rpt

===========================================================================
Worst Slack (Hold)
============================================================================
%OL_METRIC_F timing__hold__ws__corner:max_ss_100C_1v60 0.9214789747622985
max_ss_100C_1v60: 0.9214789747622985
%OL_END_REPORT
%OL_CREATE_REPORT ws.max.rpt

===========================================================================
Worst Slack (Setup)
============================================================================
%OL_METRIC_F timing__setup__ws__corner:max_ss_100C_1v60 5.573003549716177
max_ss_100C_1v60: 5.573003549716177
%OL_END_REPORT
%OL_CREATE_REPORT tns.min.rpt

===========================================================================
Total Negative Slack (Hold)
============================================================================
%OL_METRIC_F timing__hold__tns__corner:max_ss_100C_1v60 0.0
max_ss_100C_1v60: 0.0
%OL_END_REPORT
%OL_CREATE_REPORT tns.max.rpt

===========================================================================
Total Negative Slack (Setup)
============================================================================
%OL_METRIC_F timing__setup__tns__corner:max_ss_100C_1v60 0.0
max_ss_100C_1v60: 0.0
%OL_END_REPORT
%OL_CREATE_REPORT wns.min.rpt

===========================================================================
Worst Negative Slack (Hold)
============================================================================
%OL_METRIC_F timing__hold__wns__corner:max_ss_100C_1v60 0
max_ss_100C_1v60: 0
%OL_END_REPORT
%OL_CREATE_REPORT wns.max.rpt

===========================================================================
Worst Negative Slack (Setup)
============================================================================
%OL_METRIC_F timing__setup__wns__corner:max_ss_100C_1v60 0.0
max_ss_100C_1v60: 0.0
%OL_END_REPORT
%OL_CREATE_REPORT violator_list.rpt

===========================================================================
Violator List
============================================================================
%OL_METRIC_I timing__hold_vio__count__corner:max_ss_100C_1v60 0
%OL_METRIC_F timing__hold_r2r__ws__corner:max_ss_100C_1v60 0.921479
%OL_METRIC_I timing__hold_r2r_vio__count__corner:max_ss_100C_1v60 0
%OL_METRIC_I timing__setup_vio__count__corner:max_ss_100C_1v60 0
%OL_METRIC_F timing__setup_r2r__ws__corner:max_ss_100C_1v60 5.996590
%OL_METRIC_I timing__setup_r2r_vio__count__corner:max_ss_100C_1v60 0
%OL_END_REPORT
%OL_CREATE_REPORT unpropagated.rpt
%OL_END_REPORT
%OL_CREATE_REPORT clock.rpt
Clock: clk
Sources: clk 
Generated: no
Virtual: yes
Propagated: no
Period: 10.000000

===========================================================================
report_clock_properties
============================================================================
Clock                   Period          Waveform
----------------------------------------------------
clk                  10.000000    0.000000  5.000000

===========================================================================
report_clock_latency
============================================================================
Clock clk
rise -> rise
    min     max
0.000000 0.000000 source latency
0.472156         network latency _8_/CLK
        0.472336 network latency _9_/CLK
---------------
0.472156 0.472336 latency
        0.000180 skew

fall -> fall
    min     max
0.000000 0.000000 source latency
0.497502         network latency _8_/CLK
        0.497657 network latency _9_/CLK
---------------
0.497502 0.497657 latency
        0.000155 skew



===========================================================================
report_clock_min_period
============================================================================
clk period_min = 4.00 fmax = 249.79
%OL_END_REPORT
Writing SDF files for all corners…
Removing Clock latencies before writing libs…
Writing timing models for all corners…
Writing timing models for the max_ss_100C_1v60 corner to /home/yaser/CMOS_Tapeouts/control_unit/runs/RUN_2026-04-04_09-19-09/54-openroad-stapostpnr/max_ss_100C_1v60/control_unit__max_ss_100C_1v60.lib…
