
===========================================================================
report_checks -unconstrained
===========================================================================
======================= nom_ss_100C_1v60 Corner ===================================

Startpoint: rst (input port clocked by clk)
Endpoint: _20_ (recovery check against rising-edge clock clk)
Path Group: asynchronous
Path Type: max

Fanout         Cap        Slew       Delay        Time   Description
---------------------------------------------------------------------------------------------
                      0.150000    0.000000    0.000000   clock clk (rise edge)
                                  0.000000    0.000000   clock network delay (ideal)
                                  2.000000    2.000000 v input external delay
     4    0.017200    0.077735    0.053021    2.053021 v rst (in)
                                                         rst (net)
                      0.077735    0.000000    2.053021 v _11_/A (sky130_fd_sc_hd__inv_2)
     1    0.003263    0.040103    0.072439    2.125460 ^ _11_/Y (sky130_fd_sc_hd__inv_2)
                                                         _04_ (net)
                      0.040103    0.000000    2.125460 ^ _20_/RESET_B (sky130_fd_sc_hd__dfrtp_2)
                                              2.125460   data arrival time

                      0.150000   10.000000   10.000000   clock clk (rise edge)
                                  0.000000   10.000000   clock network delay (ideal)
                                 -0.250000    9.750000   clock uncertainty
                                  0.000000    9.750000   clock reconvergence pessimism
                                              9.750000 ^ _20_/CLK (sky130_fd_sc_hd__dfrtp_2)
                                  0.483988   10.233988   library recovery time
                                             10.233988   data required time
---------------------------------------------------------------------------------------------
                                             10.233988   data required time
                                             -2.125460   data arrival time
---------------------------------------------------------------------------------------------
                                              8.108528   slack (MET)


Startpoint: _20_ (rising edge-triggered flip-flop clocked by clk)
Endpoint: out[0] (output port clocked by clk)
Path Group: clk
Path Type: max

Fanout         Cap        Slew       Delay        Time   Description
---------------------------------------------------------------------------------------------
                      0.150000    0.000000    0.000000   clock clk (rise edge)
                                  0.000000    0.000000   clock network delay (ideal)
                      0.150000    0.000000    0.000000 ^ _20_/CLK (sky130_fd_sc_hd__dfrtp_2)
     5    0.052154    0.281073    1.067161    1.067161 v _20_/Q (sky130_fd_sc_hd__dfrtp_2)
                                                         out[0] (net)
                      0.281073    0.000000    1.067161 v out[0] (out)
                                              1.067161   data arrival time

                      0.150000   10.000000   10.000000   clock clk (rise edge)
                                  0.000000   10.000000   clock network delay (ideal)
                                 -0.250000    9.750000   clock uncertainty
                                  0.000000    9.750000   clock reconvergence pessimism
                                 -2.000000    7.750000   output external delay
                                              7.750000   data required time
---------------------------------------------------------------------------------------------
                                              7.750000   data required time
                                             -1.067161   data arrival time
---------------------------------------------------------------------------------------------
                                              6.682839   slack (MET)




===========================================================================
report_checks --slack_max -0.01
============================================================================
======================= nom_ss_100C_1v60 Corner ===================================

No paths found.


===========================================================================
 report_check_types -max_slew -max_cap -max_fanout -violators
============================================================================
======================= nom_ss_100C_1v60 Corner ===================================



===========================================================================
report_parasitic_annotation -report_unannotated
============================================================================
Found 16 unannotated drivers.
 clk
 rst
 _10_/Y
 _11_/Y
 _12_/X
 _13_/Y
 _14_/X
 _15_/Y
 _16_/X
 _17_/Y
 _18_/Y
 _19_/Y
 _20_/Q
 _21_/Q
 _22_/Q
 _23_/Q
Found 0 partially unannotated drivers.

===========================================================================
max slew violation count 0
max fanout violation count 0
max cap violation count 0
============================================================================

===========================================================================
check_setup -verbose -unconstrained_endpoints -multiple_clock -no_clock -no_input_delay -loops -generated_clocks
===========================================================================
