Reading timing models for corner nom_ss_100C_1v60…
Reading cell library for the 'nom_ss_100C_1v60' corner at '/home/yaser/.volare/volare/sky130/versions/0fe599b2afb6708d281543108caf8310912f54af/sky130A/libs.ref/sky130_fd_sc_hd/lib/sky130_fd_sc_hd__ss_100C_1v60.lib'…
Reading top-level netlist at '/home/yaser/CMOS_Tapeouts/counter/runs/RUN_2026-04-03_19-53-56/06-yosys-synthesis/counter.nl.v'…
Linking design 'counter' from netlist…
Reading design constraints file at '/nix/store/ss2cw3sxbrwwx9jl0rrppbw4kgcmgi2n-python3-3.11.9-env/lib/python3.11/site-packages/openlane/scripts/base.sdc'…
[INFO] Using clock clk…
[INFO] Setting output delay to: 2.0
[INFO] Setting input delay to: 2.0
[INFO] Setting load to: 0.033442
[INFO] Setting clock uncertainty to: 0.25
[INFO] Setting clock transition to: 0.1499999999999999944488848768742172978818416595458984375
[INFO] Setting timing derate to: 5%
%OL_CREATE_REPORT min.rpt

===========================================================================
report_checks -path_delay min (Hold)
============================================================================
======================= nom_ss_100C_1v60 Corner ===================================

Startpoint: _20_ (rising edge-triggered flip-flop clocked by clk)
Endpoint: _20_ (rising edge-triggered flip-flop clocked by clk)
Path Group: clk
Path Type: min

Fanout         Cap        Slew       Delay        Time   Description
---------------------------------------------------------------------------------------------
                      0.150000    0.000000    0.000000   clock clk (rise edge)
                                  0.000000    0.000000   clock network delay (ideal)
                      0.150000    0.000000    0.000000 ^ _20_/CLK (sky130_fd_sc_hd__dfrtp_2)
     5    0.053424    0.418395    1.013390    1.013390 ^ _20_/Q (sky130_fd_sc_hd__dfrtp_2)
                                                         out[0] (net)
                      0.418395    0.000000    1.013390 ^ _10_/A (sky130_fd_sc_hd__inv_2)
     1    0.001838    0.069064    0.122816    1.136206 v _10_/Y (sky130_fd_sc_hd__inv_2)
                                                         _00_ (net)
                      0.069064    0.000000    1.136206 v _20_/D (sky130_fd_sc_hd__dfrtp_2)
                                              1.136206   data arrival time

                      0.150000    0.000000    0.000000   clock clk (rise edge)
                                  0.000000    0.000000   clock network delay (ideal)
                                  0.250000    0.250000   clock uncertainty
                                  0.000000    0.250000   clock reconvergence pessimism
                                              0.250000 ^ _20_/CLK (sky130_fd_sc_hd__dfrtp_2)
                                 -0.069918    0.180082   library hold time
                                              0.180082   data required time
---------------------------------------------------------------------------------------------
                                              0.180082   data required time
                                             -1.136206   data arrival time
---------------------------------------------------------------------------------------------
                                              0.956123   slack (MET)


Startpoint: _23_ (rising edge-triggered flip-flop clocked by clk)
Endpoint: _23_ (rising edge-triggered flip-flop clocked by clk)
Path Group: clk
Path Type: min

Fanout         Cap        Slew       Delay        Time   Description
---------------------------------------------------------------------------------------------
                      0.150000    0.000000    0.000000   clock clk (rise edge)
                                  0.000000    0.000000   clock network delay (ideal)
                      0.150000    0.000000    0.000000 ^ _23_/CLK (sky130_fd_sc_hd__dfrtp_2)
     2    0.042834    0.345877    0.956633    0.956633 ^ _23_/Q (sky130_fd_sc_hd__dfrtp_2)
                                                         out[3] (net)
                      0.345877    0.000000    0.956633 ^ _16_/A (sky130_fd_sc_hd__xor2_2)
     1    0.001838    0.049759    0.203882    1.160515 v _16_/X (sky130_fd_sc_hd__xor2_2)
                                                         _03_ (net)
                      0.049759    0.000000    1.160515 v _23_/D (sky130_fd_sc_hd__dfrtp_2)
                                              1.160515   data arrival time

                      0.150000    0.000000    0.000000   clock clk (rise edge)
                                  0.000000    0.000000   clock network delay (ideal)
                                  0.250000    0.250000   clock uncertainty
                                  0.000000    0.250000   clock reconvergence pessimism
                                              0.250000 ^ _23_/CLK (sky130_fd_sc_hd__dfrtp_2)
                                 -0.062845    0.187155   library hold time
                                              0.187155   data required time
---------------------------------------------------------------------------------------------
                                              0.187155   data required time
                                             -1.160515   data arrival time
---------------------------------------------------------------------------------------------
                                              0.973360   slack (MET)


Startpoint: _21_ (rising edge-triggered flip-flop clocked by clk)
Endpoint: _21_ (rising edge-triggered flip-flop clocked by clk)
Path Group: clk
Path Type: min

Fanout         Cap        Slew       Delay        Time   Description
---------------------------------------------------------------------------------------------
                      0.150000    0.000000    0.000000   clock clk (rise edge)
                                  0.000000    0.000000   clock network delay (ideal)
                      0.150000    0.000000    0.000000 ^ _21_/CLK (sky130_fd_sc_hd__dfrtp_2)
     4    0.048509    0.384738    0.987048    0.987048 ^ _21_/Q (sky130_fd_sc_hd__dfrtp_2)
                                                         out[1] (net)
                      0.384738    0.000000    0.987048 ^ _12_/B (sky130_fd_sc_hd__xor2_2)
     1    0.001838    0.050620    0.204366    1.191414 v _12_/X (sky130_fd_sc_hd__xor2_2)
                                                         _01_ (net)
                      0.050620    0.000000    1.191414 v _21_/D (sky130_fd_sc_hd__dfrtp_2)
                                              1.191414   data arrival time

                      0.150000    0.000000    0.000000   clock clk (rise edge)
                                  0.000000    0.000000   clock network delay (ideal)
                                  0.250000    0.250000   clock uncertainty
                                  0.000000    0.250000   clock reconvergence pessimism
                                              0.250000 ^ _21_/CLK (sky130_fd_sc_hd__dfrtp_2)
                                 -0.063160    0.186840   library hold time
                                              0.186840   data required time
---------------------------------------------------------------------------------------------
                                              0.186840   data required time
                                             -1.191414   data arrival time
---------------------------------------------------------------------------------------------
                                              1.004575   slack (MET)


Startpoint: _22_ (rising edge-triggered flip-flop clocked by clk)
Endpoint: _22_ (rising edge-triggered flip-flop clocked by clk)
Path Group: clk
Path Type: min

Fanout         Cap        Slew       Delay        Time   Description
---------------------------------------------------------------------------------------------
                      0.150000    0.000000    0.000000   clock clk (rise edge)
                                  0.000000    0.000000   clock network delay (ideal)
                      0.150000    0.000000    0.000000 ^ _22_/CLK (sky130_fd_sc_hd__dfrtp_2)
     3    0.039642    0.324019    0.939526    0.939526 ^ _22_/Q (sky130_fd_sc_hd__dfrtp_2)
                                                         out[2] (net)
                      0.324019    0.000000    0.939526 ^ _13_/B1 (sky130_fd_sc_hd__a21oi_2)
     1    0.004246    0.087661    0.132056    1.071582 v _13_/Y (sky130_fd_sc_hd__a21oi_2)
                                                         _08_ (net)
                      0.087661    0.000000    1.071582 v _15_/A (sky130_fd_sc_hd__nor2_2)
     1    0.001853    0.087455    0.151787    1.223369 ^ _15_/Y (sky130_fd_sc_hd__nor2_2)
                                                         _02_ (net)
                      0.087455    0.000000    1.223369 ^ _22_/D (sky130_fd_sc_hd__dfrtp_2)
                                              1.223369   data arrival time

                      0.150000    0.000000    0.000000   clock clk (rise edge)
                                  0.000000    0.000000   clock network delay (ideal)
                                  0.250000    0.250000   clock uncertainty
                                  0.000000    0.250000   clock reconvergence pessimism
                                              0.250000 ^ _22_/CLK (sky130_fd_sc_hd__dfrtp_2)
                                 -0.067738    0.182262   library hold time
                                              0.182262   data required time
---------------------------------------------------------------------------------------------
                                              0.182262   data required time
                                             -1.223369   data arrival time
---------------------------------------------------------------------------------------------
                                              1.041107   slack (MET)


Startpoint: rst (input port clocked by clk)
Endpoint: _20_ (removal check against rising-edge clock clk)
Path Group: asynchronous
Path Type: min

Fanout         Cap        Slew       Delay        Time   Description
---------------------------------------------------------------------------------------------
                      0.150000    0.000000    0.000000   clock clk (rise edge)
                                  0.000000    0.000000   clock network delay (ideal)
                                  2.000000    2.000000 v input external delay
     4    0.017200    0.077735    0.053021    2.053021 v rst (in)
                                                         rst (net)
                      0.077735    0.000000    2.053021 v _11_/A (sky130_fd_sc_hd__inv_2)
     1    0.003263    0.040103    0.072439    2.125460 ^ _11_/Y (sky130_fd_sc_hd__inv_2)
                                                         _04_ (net)
                      0.040103    0.000000    2.125460 ^ _20_/RESET_B (sky130_fd_sc_hd__dfrtp_2)
                                              2.125460   data arrival time

                      0.150000    0.000000    0.000000   clock clk (rise edge)
                                  0.000000    0.000000   clock network delay (ideal)
                                  0.250000    0.250000   clock uncertainty
                                  0.000000    0.250000   clock reconvergence pessimism
                                              0.250000 ^ _20_/CLK (sky130_fd_sc_hd__dfrtp_2)
                                  0.672403    0.922403   library removal time
                                              0.922403   data required time
---------------------------------------------------------------------------------------------
                                              0.922403   data required time
                                             -2.125460   data arrival time
---------------------------------------------------------------------------------------------
                                              1.203057   slack (MET)


Startpoint: rst (input port clocked by clk)
Endpoint: _21_ (removal check against rising-edge clock clk)
Path Group: asynchronous
Path Type: min

Fanout         Cap        Slew       Delay        Time   Description
---------------------------------------------------------------------------------------------
                      0.150000    0.000000    0.000000   clock clk (rise edge)
                                  0.000000    0.000000   clock network delay (ideal)
                                  2.000000    2.000000 v input external delay
     4    0.017200    0.077735    0.053021    2.053021 v rst (in)
                                                         rst (net)
                      0.077735    0.000000    2.053021 v _17_/A (sky130_fd_sc_hd__inv_2)
     1    0.003263    0.040103    0.072439    2.125460 ^ _17_/Y (sky130_fd_sc_hd__inv_2)
                                                         _05_ (net)
                      0.040103    0.000000    2.125460 ^ _21_/RESET_B (sky130_fd_sc_hd__dfrtp_2)
                                              2.125460   data arrival time

                      0.150000    0.000000    0.000000   clock clk (rise edge)
                                  0.000000    0.000000   clock network delay (ideal)
                                  0.250000    0.250000   clock uncertainty
                                  0.000000    0.250000   clock reconvergence pessimism
                                              0.250000 ^ _21_/CLK (sky130_fd_sc_hd__dfrtp_2)
                                  0.672403    0.922403   library removal time
                                              0.922403   data required time
---------------------------------------------------------------------------------------------
                                              0.922403   data required time
                                             -2.125460   data arrival time
---------------------------------------------------------------------------------------------
                                              1.203057   slack (MET)


Startpoint: rst (input port clocked by clk)
Endpoint: _22_ (removal check against rising-edge clock clk)
Path Group: asynchronous
Path Type: min

Fanout         Cap        Slew       Delay        Time   Description
---------------------------------------------------------------------------------------------
                      0.150000    0.000000    0.000000   clock clk (rise edge)
                                  0.000000    0.000000   clock network delay (ideal)
                                  2.000000    2.000000 v input external delay
     4    0.017200    0.077735    0.053021    2.053021 v rst (in)
                                                         rst (net)
                      0.077735    0.000000    2.053021 v _18_/A (sky130_fd_sc_hd__inv_2)
     1    0.003263    0.040103    0.072439    2.125460 ^ _18_/Y (sky130_fd_sc_hd__inv_2)
                                                         _06_ (net)
                      0.040103    0.000000    2.125460 ^ _22_/RESET_B (sky130_fd_sc_hd__dfrtp_2)
                                              2.125460   data arrival time

                      0.150000    0.000000    0.000000   clock clk (rise edge)
                                  0.000000    0.000000   clock network delay (ideal)
                                  0.250000    0.250000   clock uncertainty
                                  0.000000    0.250000   clock reconvergence pessimism
                                              0.250000 ^ _22_/CLK (sky130_fd_sc_hd__dfrtp_2)
                                  0.672403    0.922403   library removal time
                                              0.922403   data required time
---------------------------------------------------------------------------------------------
                                              0.922403   data required time
                                             -2.125460   data arrival time
---------------------------------------------------------------------------------------------
                                              1.203057   slack (MET)


Startpoint: rst (input port clocked by clk)
Endpoint: _23_ (removal check against rising-edge clock clk)
Path Group: asynchronous
Path Type: min

Fanout         Cap        Slew       Delay        Time   Description
---------------------------------------------------------------------------------------------
                      0.150000    0.000000    0.000000   clock clk (rise edge)
                                  0.000000    0.000000   clock network delay (ideal)
                                  2.000000    2.000000 v input external delay
     4    0.017200    0.077735    0.053021    2.053021 v rst (in)
                                                         rst (net)
                      0.077735    0.000000    2.053021 v _19_/A (sky130_fd_sc_hd__inv_2)
     1    0.003263    0.040103    0.072439    2.125460 ^ _19_/Y (sky130_fd_sc_hd__inv_2)
                                                         _07_ (net)
                      0.040103    0.000000    2.125460 ^ _23_/RESET_B (sky130_fd_sc_hd__dfrtp_2)
                                              2.125460   data arrival time

                      0.150000    0.000000    0.000000   clock clk (rise edge)
                                  0.000000    0.000000   clock network delay (ideal)
                                  0.250000    0.250000   clock uncertainty
                                  0.000000    0.250000   clock reconvergence pessimism
                                              0.250000 ^ _23_/CLK (sky130_fd_sc_hd__dfrtp_2)
                                  0.672403    0.922403   library removal time
                                              0.922403   data required time
---------------------------------------------------------------------------------------------
                                              0.922403   data required time
                                             -2.125460   data arrival time
---------------------------------------------------------------------------------------------
                                              1.203057   slack (MET)


Startpoint: _22_ (rising edge-triggered flip-flop clocked by clk)
Endpoint: out[2] (output port clocked by clk)
Path Group: clk
Path Type: min

Fanout         Cap        Slew       Delay        Time   Description
---------------------------------------------------------------------------------------------
                      0.150000    0.000000    0.000000   clock clk (rise edge)
                                  0.000000    0.000000   clock network delay (ideal)
                      0.150000    0.000000    0.000000 ^ _22_/CLK (sky130_fd_sc_hd__dfrtp_2)
     3    0.039642    0.324019    0.939526    0.939526 ^ _22_/Q (sky130_fd_sc_hd__dfrtp_2)
                                                         out[2] (net)
                      0.324019    0.000000    0.939526 ^ out[2] (out)
                                              0.939526   data arrival time

                      0.150000    0.000000    0.000000   clock clk (rise edge)
                                  0.000000    0.000000   clock network delay (ideal)
                                  0.250000    0.250000   clock uncertainty
                                  0.000000    0.250000   clock reconvergence pessimism
                                 -2.000000   -1.750000   output external delay
                                             -1.750000   data required time
---------------------------------------------------------------------------------------------
                                             -1.750000   data required time
                                             -0.939526   data arrival time
---------------------------------------------------------------------------------------------
                                              2.689526   slack (MET)


Startpoint: _23_ (rising edge-triggered flip-flop clocked by clk)
Endpoint: out[3] (output port clocked by clk)
Path Group: clk
Path Type: min

Fanout         Cap        Slew       Delay        Time   Description
---------------------------------------------------------------------------------------------
                      0.150000    0.000000    0.000000   clock clk (rise edge)
                                  0.000000    0.000000   clock network delay (ideal)
                      0.150000    0.000000    0.000000 ^ _23_/CLK (sky130_fd_sc_hd__dfrtp_2)
     2    0.042834    0.345877    0.956633    0.956633 ^ _23_/Q (sky130_fd_sc_hd__dfrtp_2)
                                                         out[3] (net)
                      0.345877    0.000000    0.956633 ^ out[3] (out)
                                              0.956633   data arrival time

                      0.150000    0.000000    0.000000   clock clk (rise edge)
                                  0.000000    0.000000   clock network delay (ideal)
                                  0.250000    0.250000   clock uncertainty
                                  0.000000    0.250000   clock reconvergence pessimism
                                 -2.000000   -1.750000   output external delay
                                             -1.750000   data required time
---------------------------------------------------------------------------------------------
                                             -1.750000   data required time
                                             -0.956633   data arrival time
---------------------------------------------------------------------------------------------
                                              2.706633   slack (MET)


Startpoint: _21_ (rising edge-triggered flip-flop clocked by clk)
Endpoint: out[1] (output port clocked by clk)
Path Group: clk
Path Type: min

Fanout         Cap        Slew       Delay        Time   Description
---------------------------------------------------------------------------------------------
                      0.150000    0.000000    0.000000   clock clk (rise edge)
                                  0.000000    0.000000   clock network delay (ideal)
                      0.150000    0.000000    0.000000 ^ _21_/CLK (sky130_fd_sc_hd__dfrtp_2)
     4    0.048509    0.384738    0.987048    0.987048 ^ _21_/Q (sky130_fd_sc_hd__dfrtp_2)
                                                         out[1] (net)
                      0.384738    0.000000    0.987048 ^ out[1] (out)
                                              0.987048   data arrival time

                      0.150000    0.000000    0.000000   clock clk (rise edge)
                                  0.000000    0.000000   clock network delay (ideal)
                                  0.250000    0.250000   clock uncertainty
                                  0.000000    0.250000   clock reconvergence pessimism
                                 -2.000000   -1.750000   output external delay
                                             -1.750000   data required time
---------------------------------------------------------------------------------------------
                                             -1.750000   data required time
                                             -0.987048   data arrival time
---------------------------------------------------------------------------------------------
                                              2.737048   slack (MET)


Startpoint: _20_ (rising edge-triggered flip-flop clocked by clk)
Endpoint: out[0] (output port clocked by clk)
Path Group: clk
Path Type: min

Fanout         Cap        Slew       Delay        Time   Description
---------------------------------------------------------------------------------------------
                      0.150000    0.000000    0.000000   clock clk (rise edge)
                                  0.000000    0.000000   clock network delay (ideal)
                      0.150000    0.000000    0.000000 ^ _20_/CLK (sky130_fd_sc_hd__dfrtp_2)
     5    0.053424    0.418395    1.013390    1.013390 ^ _20_/Q (sky130_fd_sc_hd__dfrtp_2)
                                                         out[0] (net)
                      0.418395    0.000000    1.013390 ^ out[0] (out)
                                              1.013390   data arrival time

                      0.150000    0.000000    0.000000   clock clk (rise edge)
                                  0.000000    0.000000   clock network delay (ideal)
                                  0.250000    0.250000   clock uncertainty
                                  0.000000    0.250000   clock reconvergence pessimism
                                 -2.000000   -1.750000   output external delay
                                             -1.750000   data required time
---------------------------------------------------------------------------------------------
                                             -1.750000   data required time
                                             -1.013390   data arrival time
---------------------------------------------------------------------------------------------
                                              2.763390   slack (MET)



%OL_END_REPORT
%OL_CREATE_REPORT max.rpt

===========================================================================
report_checks -path_delay max (Setup)
============================================================================
======================= nom_ss_100C_1v60 Corner ===================================

Startpoint: _20_ (rising edge-triggered flip-flop clocked by clk)
Endpoint: out[0] (output port clocked by clk)
Path Group: clk
Path Type: max

Fanout         Cap        Slew       Delay        Time   Description
---------------------------------------------------------------------------------------------
                      0.150000    0.000000    0.000000   clock clk (rise edge)
                                  0.000000    0.000000   clock network delay (ideal)
                      0.150000    0.000000    0.000000 ^ _20_/CLK (sky130_fd_sc_hd__dfrtp_2)
     5    0.052154    0.281073    1.067161    1.067161 v _20_/Q (sky130_fd_sc_hd__dfrtp_2)
                                                         out[0] (net)
                      0.281073    0.000000    1.067161 v out[0] (out)
                                              1.067161   data arrival time

                      0.150000   10.000000   10.000000   clock clk (rise edge)
                                  0.000000   10.000000   clock network delay (ideal)
                                 -0.250000    9.750000   clock uncertainty
                                  0.000000    9.750000   clock reconvergence pessimism
                                 -2.000000    7.750000   output external delay
                                              7.750000   data required time
---------------------------------------------------------------------------------------------
                                              7.750000   data required time
                                             -1.067161   data arrival time
---------------------------------------------------------------------------------------------
                                              6.682839   slack (MET)


Startpoint: _21_ (rising edge-triggered flip-flop clocked by clk)
Endpoint: out[1] (output port clocked by clk)
Path Group: clk
Path Type: max

Fanout         Cap        Slew       Delay        Time   Description
---------------------------------------------------------------------------------------------
                      0.150000    0.000000    0.000000   clock clk (rise edge)
                                  0.000000    0.000000   clock network delay (ideal)
                      0.150000    0.000000    0.000000 ^ _21_/CLK (sky130_fd_sc_hd__dfrtp_2)
     4    0.047558    0.263323    1.049031    1.049031 v _21_/Q (sky130_fd_sc_hd__dfrtp_2)
                                                         out[1] (net)
                      0.263323    0.000000    1.049031 v out[1] (out)
                                              1.049031   data arrival time

                      0.150000   10.000000   10.000000   clock clk (rise edge)
                                  0.000000   10.000000   clock network delay (ideal)
                                 -0.250000    9.750000   clock uncertainty
                                  0.000000    9.750000   clock reconvergence pessimism
                                 -2.000000    7.750000   output external delay
                                              7.750000   data required time
---------------------------------------------------------------------------------------------
                                              7.750000   data required time
                                             -1.049031   data arrival time
---------------------------------------------------------------------------------------------
                                              6.700969   slack (MET)


Startpoint: _23_ (rising edge-triggered flip-flop clocked by clk)
Endpoint: out[3] (output port clocked by clk)
Path Group: clk
Path Type: max

Fanout         Cap        Slew       Delay        Time   Description
---------------------------------------------------------------------------------------------
                      0.150000    0.000000    0.000000   clock clk (rise edge)
                                  0.000000    0.000000   clock network delay (ideal)
                      0.150000    0.000000    0.000000 ^ _23_/CLK (sky130_fd_sc_hd__dfrtp_2)
     2    0.042161    0.242479    1.027740    1.027740 v _23_/Q (sky130_fd_sc_hd__dfrtp_2)
                                                         out[3] (net)
                      0.242479    0.000000    1.027740 v out[3] (out)
                                              1.027740   data arrival time

                      0.150000   10.000000   10.000000   clock clk (rise edge)
                                  0.000000   10.000000   clock network delay (ideal)
                                 -0.250000    9.750000   clock uncertainty
                                  0.000000    9.750000   clock reconvergence pessimism
                                 -2.000000    7.750000   output external delay
                                              7.750000   data required time
---------------------------------------------------------------------------------------------
                                              7.750000   data required time
                                             -1.027740   data arrival time
---------------------------------------------------------------------------------------------
                                              6.722260   slack (MET)


Startpoint: _22_ (rising edge-triggered flip-flop clocked by clk)
Endpoint: out[2] (output port clocked by clk)
Path Group: clk
Path Type: max

Fanout         Cap        Slew       Delay        Time   Description
---------------------------------------------------------------------------------------------
                      0.150000    0.000000    0.000000   clock clk (rise edge)
                                  0.000000    0.000000   clock network delay (ideal)
                      0.150000    0.000000    0.000000 ^ _22_/CLK (sky130_fd_sc_hd__dfrtp_2)
     3    0.039031    0.230391    1.015393    1.015393 v _22_/Q (sky130_fd_sc_hd__dfrtp_2)
                                                         out[2] (net)
                      0.230391    0.000000    1.015393 v out[2] (out)
                                              1.015393   data arrival time

                      0.150000   10.000000   10.000000   clock clk (rise edge)
                                  0.000000   10.000000   clock network delay (ideal)
                                 -0.250000    9.750000   clock uncertainty
                                  0.000000    9.750000   clock reconvergence pessimism
                                 -2.000000    7.750000   output external delay
                                              7.750000   data required time
---------------------------------------------------------------------------------------------
                                              7.750000   data required time
                                             -1.015393   data arrival time
---------------------------------------------------------------------------------------------
                                              6.734607   slack (MET)


Startpoint: _21_ (rising edge-triggered flip-flop clocked by clk)
Endpoint: _23_ (rising edge-triggered flip-flop clocked by clk)
Path Group: clk
Path Type: max

Fanout         Cap        Slew       Delay        Time   Description
---------------------------------------------------------------------------------------------
                      0.150000    0.000000    0.000000   clock clk (rise edge)
                                  0.000000    0.000000   clock network delay (ideal)
                      0.150000    0.000000    0.000000 ^ _21_/CLK (sky130_fd_sc_hd__dfrtp_2)
     4    0.047558    0.263323    1.049031    1.049031 v _21_/Q (sky130_fd_sc_hd__dfrtp_2)
                                                         out[1] (net)
                      0.263323    0.000000    1.049031 v _14_/B (sky130_fd_sc_hd__and3_2)
     2    0.012203    0.116570    0.554896    1.603927 v _14_/X (sky130_fd_sc_hd__and3_2)
                                                         _09_ (net)
                      0.116570    0.000000    1.603927 v _16_/B (sky130_fd_sc_hd__xor2_2)
     1    0.001838    0.084702    0.261469    1.865396 v _16_/X (sky130_fd_sc_hd__xor2_2)
                                                         _03_ (net)
                      0.084702    0.000000    1.865396 v _23_/D (sky130_fd_sc_hd__dfrtp_2)
                                              1.865396   data arrival time

                      0.150000   10.000000   10.000000   clock clk (rise edge)
                                  0.000000   10.000000   clock network delay (ideal)
                                 -0.250000    9.750000   clock uncertainty
                                  0.000000    9.750000   clock reconvergence pessimism
                                              9.750000 ^ _23_/CLK (sky130_fd_sc_hd__dfrtp_2)
                                 -0.261422    9.488578   library setup time
                                              9.488578   data required time
---------------------------------------------------------------------------------------------
                                              9.488578   data required time
                                             -1.865396   data arrival time
---------------------------------------------------------------------------------------------
                                              7.623182   slack (MET)


Startpoint: _20_ (rising edge-triggered flip-flop clocked by clk)
Endpoint: _22_ (rising edge-triggered flip-flop clocked by clk)
Path Group: clk
Path Type: max

Fanout         Cap        Slew       Delay        Time   Description
---------------------------------------------------------------------------------------------
                      0.150000    0.000000    0.000000   clock clk (rise edge)
                                  0.000000    0.000000   clock network delay (ideal)
                      0.150000    0.000000    0.000000 ^ _20_/CLK (sky130_fd_sc_hd__dfrtp_2)
     5    0.053424    0.418395    1.013390    1.013390 ^ _20_/Q (sky130_fd_sc_hd__dfrtp_2)
                                                         out[0] (net)
                      0.418395    0.000000    1.013390 ^ _14_/A (sky130_fd_sc_hd__and3_2)
     2    0.013224    0.160028    0.551352    1.564742 ^ _14_/X (sky130_fd_sc_hd__and3_2)
                                                         _09_ (net)
                      0.160028    0.000000    1.564742 ^ _15_/B (sky130_fd_sc_hd__nor2_2)
     1    0.001838    0.044184    0.080843    1.645584 v _15_/Y (sky130_fd_sc_hd__nor2_2)
                                                         _02_ (net)
                      0.044184    0.000000    1.645584 v _22_/D (sky130_fd_sc_hd__dfrtp_2)
                                              1.645584   data arrival time

                      0.150000   10.000000   10.000000   clock clk (rise edge)
                                  0.000000   10.000000   clock network delay (ideal)
                                 -0.250000    9.750000   clock uncertainty
                                  0.000000    9.750000   clock reconvergence pessimism
                                              9.750000 ^ _22_/CLK (sky130_fd_sc_hd__dfrtp_2)
                                 -0.244519    9.505481   library setup time
                                              9.505481   data required time
---------------------------------------------------------------------------------------------
                                              9.505481   data required time
                                             -1.645584   data arrival time
---------------------------------------------------------------------------------------------
                                              7.859897   slack (MET)


Startpoint: _20_ (rising edge-triggered flip-flop clocked by clk)
Endpoint: _21_ (rising edge-triggered flip-flop clocked by clk)
Path Group: clk
Path Type: max

Fanout         Cap        Slew       Delay        Time   Description
---------------------------------------------------------------------------------------------
                      0.150000    0.000000    0.000000   clock clk (rise edge)
                                  0.000000    0.000000   clock network delay (ideal)
                      0.150000    0.000000    0.000000 ^ _20_/CLK (sky130_fd_sc_hd__dfrtp_2)
     5    0.052154    0.281073    1.067161    1.067161 v _20_/Q (sky130_fd_sc_hd__dfrtp_2)
                                                         out[0] (net)
                      0.281073    0.000000    1.067161 v _12_/A (sky130_fd_sc_hd__xor2_2)
     1    0.001838    0.103117    0.372621    1.439782 v _12_/X (sky130_fd_sc_hd__xor2_2)
                                                         _01_ (net)
                      0.103117    0.000000    1.439782 v _21_/D (sky130_fd_sc_hd__dfrtp_2)
                                              1.439782   data arrival time

                      0.150000   10.000000   10.000000   clock clk (rise edge)
                                  0.000000   10.000000   clock network delay (ideal)
                                 -0.250000    9.750000   clock uncertainty
                                  0.000000    9.750000   clock reconvergence pessimism
                                              9.750000 ^ _21_/CLK (sky130_fd_sc_hd__dfrtp_2)
                                 -0.269105    9.480895   library setup time
                                              9.480895   data required time
---------------------------------------------------------------------------------------------
                                              9.480895   data required time
                                             -1.439782   data arrival time
---------------------------------------------------------------------------------------------
                                              8.041113   slack (MET)


Startpoint: rst (input port clocked by clk)
Endpoint: _20_ (recovery check against rising-edge clock clk)
Path Group: asynchronous
Path Type: max

Fanout         Cap        Slew       Delay        Time   Description
---------------------------------------------------------------------------------------------
                      0.150000    0.000000    0.000000   clock clk (rise edge)
                                  0.000000    0.000000   clock network delay (ideal)
                                  2.000000    2.000000 v input external delay
     4    0.017200    0.077735    0.053021    2.053021 v rst (in)
                                                         rst (net)
                      0.077735    0.000000    2.053021 v _11_/A (sky130_fd_sc_hd__inv_2)
     1    0.003263    0.040103    0.072439    2.125460 ^ _11_/Y (sky130_fd_sc_hd__inv_2)
                                                         _04_ (net)
                      0.040103    0.000000    2.125460 ^ _20_/RESET_B (sky130_fd_sc_hd__dfrtp_2)
                                              2.125460   data arrival time

                      0.150000   10.000000   10.000000   clock clk (rise edge)
                                  0.000000   10.000000   clock network delay (ideal)
                                 -0.250000    9.750000   clock uncertainty
                                  0.000000    9.750000   clock reconvergence pessimism
                                              9.750000 ^ _20_/CLK (sky130_fd_sc_hd__dfrtp_2)
                                  0.483988   10.233988   library recovery time
                                             10.233988   data required time
---------------------------------------------------------------------------------------------
                                             10.233988   data required time
                                             -2.125460   data arrival time
---------------------------------------------------------------------------------------------
                                              8.108528   slack (MET)


Startpoint: rst (input port clocked by clk)
Endpoint: _21_ (recovery check against rising-edge clock clk)
Path Group: asynchronous
Path Type: max

Fanout         Cap        Slew       Delay        Time   Description
---------------------------------------------------------------------------------------------
                      0.150000    0.000000    0.000000   clock clk (rise edge)
                                  0.000000    0.000000   clock network delay (ideal)
                                  2.000000    2.000000 v input external delay
     4    0.017200    0.077735    0.053021    2.053021 v rst (in)
                                                         rst (net)
                      0.077735    0.000000    2.053021 v _17_/A (sky130_fd_sc_hd__inv_2)
     1    0.003263    0.040103    0.072439    2.125460 ^ _17_/Y (sky130_fd_sc_hd__inv_2)
                                                         _05_ (net)
                      0.040103    0.000000    2.125460 ^ _21_/RESET_B (sky130_fd_sc_hd__dfrtp_2)
                                              2.125460   data arrival time

                      0.150000   10.000000   10.000000   clock clk (rise edge)
                                  0.000000   10.000000   clock network delay (ideal)
                                 -0.250000    9.750000   clock uncertainty
                                  0.000000    9.750000   clock reconvergence pessimism
                                              9.750000 ^ _21_/CLK (sky130_fd_sc_hd__dfrtp_2)
                                  0.483988   10.233988   library recovery time
                                             10.233988   data required time
---------------------------------------------------------------------------------------------
                                             10.233988   data required time
                                             -2.125460   data arrival time
---------------------------------------------------------------------------------------------
                                              8.108528   slack (MET)


Startpoint: rst (input port clocked by clk)
Endpoint: _22_ (recovery check against rising-edge clock clk)
Path Group: asynchronous
Path Type: max

Fanout         Cap        Slew       Delay        Time   Description
---------------------------------------------------------------------------------------------
                      0.150000    0.000000    0.000000   clock clk (rise edge)
                                  0.000000    0.000000   clock network delay (ideal)
                                  2.000000    2.000000 v input external delay
     4    0.017200    0.077735    0.053021    2.053021 v rst (in)
                                                         rst (net)
                      0.077735    0.000000    2.053021 v _18_/A (sky130_fd_sc_hd__inv_2)
     1    0.003263    0.040103    0.072439    2.125460 ^ _18_/Y (sky130_fd_sc_hd__inv_2)
                                                         _06_ (net)
                      0.040103    0.000000    2.125460 ^ _22_/RESET_B (sky130_fd_sc_hd__dfrtp_2)
                                              2.125460   data arrival time

                      0.150000   10.000000   10.000000   clock clk (rise edge)
                                  0.000000   10.000000   clock network delay (ideal)
                                 -0.250000    9.750000   clock uncertainty
                                  0.000000    9.750000   clock reconvergence pessimism
                                              9.750000 ^ _22_/CLK (sky130_fd_sc_hd__dfrtp_2)
                                  0.483988   10.233988   library recovery time
                                             10.233988   data required time
---------------------------------------------------------------------------------------------
                                             10.233988   data required time
                                             -2.125460   data arrival time
---------------------------------------------------------------------------------------------
                                              8.108528   slack (MET)


Startpoint: rst (input port clocked by clk)
Endpoint: _23_ (recovery check against rising-edge clock clk)
Path Group: asynchronous
Path Type: max

Fanout         Cap        Slew       Delay        Time   Description
---------------------------------------------------------------------------------------------
                      0.150000    0.000000    0.000000   clock clk (rise edge)
                                  0.000000    0.000000   clock network delay (ideal)
                                  2.000000    2.000000 v input external delay
     4    0.017200    0.077735    0.053021    2.053021 v rst (in)
                                                         rst (net)
                      0.077735    0.000000    2.053021 v _19_/A (sky130_fd_sc_hd__inv_2)
     1    0.003263    0.040103    0.072439    2.125460 ^ _19_/Y (sky130_fd_sc_hd__inv_2)
                                                         _07_ (net)
                      0.040103    0.000000    2.125460 ^ _23_/RESET_B (sky130_fd_sc_hd__dfrtp_2)
                                              2.125460   data arrival time

                      0.150000   10.000000   10.000000   clock clk (rise edge)
                                  0.000000   10.000000   clock network delay (ideal)
                                 -0.250000    9.750000   clock uncertainty
                                  0.000000    9.750000   clock reconvergence pessimism
                                              9.750000 ^ _23_/CLK (sky130_fd_sc_hd__dfrtp_2)
                                  0.483988   10.233988   library recovery time
                                             10.233988   data required time
---------------------------------------------------------------------------------------------
                                             10.233988   data required time
                                             -2.125460   data arrival time
---------------------------------------------------------------------------------------------
                                              8.108528   slack (MET)


Startpoint: _20_ (rising edge-triggered flip-flop clocked by clk)
Endpoint: _20_ (rising edge-triggered flip-flop clocked by clk)
Path Group: clk
Path Type: max

Fanout         Cap        Slew       Delay        Time   Description
---------------------------------------------------------------------------------------------
                      0.150000    0.000000    0.000000   clock clk (rise edge)
                                  0.000000    0.000000   clock network delay (ideal)
                      0.150000    0.000000    0.000000 ^ _20_/CLK (sky130_fd_sc_hd__dfrtp_2)
     5    0.053424    0.418395    1.013390    1.013390 ^ _20_/Q (sky130_fd_sc_hd__dfrtp_2)
                                                         out[0] (net)
                      0.418395    0.000000    1.013390 ^ _10_/A (sky130_fd_sc_hd__inv_2)
     1    0.001838    0.069064    0.122816    1.136206 v _10_/Y (sky130_fd_sc_hd__inv_2)
                                                         _00_ (net)
                      0.069064    0.000000    1.136206 v _20_/D (sky130_fd_sc_hd__dfrtp_2)
                                              1.136206   data arrival time

                      0.150000   10.000000   10.000000   clock clk (rise edge)
                                  0.000000   10.000000   clock network delay (ideal)
                                 -0.250000    9.750000   clock uncertainty
                                  0.000000    9.750000   clock reconvergence pessimism
                                              9.750000 ^ _20_/CLK (sky130_fd_sc_hd__dfrtp_2)
                                 -0.254898    9.495102   library setup time
                                              9.495102   data required time
---------------------------------------------------------------------------------------------
                                              9.495102   data required time
                                             -1.136206   data arrival time
---------------------------------------------------------------------------------------------
                                              8.358896   slack (MET)



%OL_END_REPORT
%OL_CREATE_REPORT checks.rpt

===========================================================================
report_checks -unconstrained
===========================================================================
======================= nom_ss_100C_1v60 Corner ===================================

Startpoint: rst (input port clocked by clk)
Endpoint: _20_ (recovery check against rising-edge clock clk)
Path Group: asynchronous
Path Type: max

Fanout         Cap        Slew       Delay        Time   Description
---------------------------------------------------------------------------------------------
                      0.150000    0.000000    0.000000   clock clk (rise edge)
                                  0.000000    0.000000   clock network delay (ideal)
                                  2.000000    2.000000 v input external delay
     4    0.017200    0.077735    0.053021    2.053021 v rst (in)
                                                         rst (net)
                      0.077735    0.000000    2.053021 v _11_/A (sky130_fd_sc_hd__inv_2)
     1    0.003263    0.040103    0.072439    2.125460 ^ _11_/Y (sky130_fd_sc_hd__inv_2)
                                                         _04_ (net)
                      0.040103    0.000000    2.125460 ^ _20_/RESET_B (sky130_fd_sc_hd__dfrtp_2)
                                              2.125460   data arrival time

                      0.150000   10.000000   10.000000   clock clk (rise edge)
                                  0.000000   10.000000   clock network delay (ideal)
                                 -0.250000    9.750000   clock uncertainty
                                  0.000000    9.750000   clock reconvergence pessimism
                                              9.750000 ^ _20_/CLK (sky130_fd_sc_hd__dfrtp_2)
                                  0.483988   10.233988   library recovery time
                                             10.233988   data required time
---------------------------------------------------------------------------------------------
                                             10.233988   data required time
                                             -2.125460   data arrival time
---------------------------------------------------------------------------------------------
                                              8.108528   slack (MET)


Startpoint: _20_ (rising edge-triggered flip-flop clocked by clk)
Endpoint: out[0] (output port clocked by clk)
Path Group: clk
Path Type: max

Fanout         Cap        Slew       Delay        Time   Description
---------------------------------------------------------------------------------------------
                      0.150000    0.000000    0.000000   clock clk (rise edge)
                                  0.000000    0.000000   clock network delay (ideal)
                      0.150000    0.000000    0.000000 ^ _20_/CLK (sky130_fd_sc_hd__dfrtp_2)
     5    0.052154    0.281073    1.067161    1.067161 v _20_/Q (sky130_fd_sc_hd__dfrtp_2)
                                                         out[0] (net)
                      0.281073    0.000000    1.067161 v out[0] (out)
                                              1.067161   data arrival time

                      0.150000   10.000000   10.000000   clock clk (rise edge)
                                  0.000000   10.000000   clock network delay (ideal)
                                 -0.250000    9.750000   clock uncertainty
                                  0.000000    9.750000   clock reconvergence pessimism
                                 -2.000000    7.750000   output external delay
                                              7.750000   data required time
---------------------------------------------------------------------------------------------
                                              7.750000   data required time
                                             -1.067161   data arrival time
---------------------------------------------------------------------------------------------
                                              6.682839   slack (MET)




===========================================================================
report_checks --slack_max -0.01
============================================================================
======================= nom_ss_100C_1v60 Corner ===================================

No paths found.


===========================================================================
 report_check_types -max_slew -max_cap -max_fanout -violators
============================================================================
======================= nom_ss_100C_1v60 Corner ===================================



===========================================================================
report_parasitic_annotation -report_unannotated
============================================================================
Found 16 unannotated drivers.
 clk
 rst
 _10_/Y
 _11_/Y
 _12_/X
 _13_/Y
 _14_/X
 _15_/Y
 _16_/X
 _17_/Y
 _18_/Y
 _19_/Y
 _20_/Q
 _21_/Q
 _22_/Q
 _23_/Q
Found 0 partially unannotated drivers.

===========================================================================
max slew violation count 0
%OL_METRIC_I design__max_slew_violation__count__corner:nom_ss_100C_1v60 0
max fanout violation count 0
%OL_METRIC_I design__max_fanout_violation__count__corner:nom_ss_100C_1v60 0
max cap violation count 0
%OL_METRIC_I design__max_cap_violation__count__corner:nom_ss_100C_1v60 0
============================================================================

===========================================================================
check_setup -verbose -unconstrained_endpoints -multiple_clock -no_clock -no_input_delay -loops -generated_clocks
===========================================================================
%OL_END_REPORT
%OL_CREATE_REPORT power.rpt

===========================================================================
 report_power
============================================================================
======================= nom_ss_100C_1v60 Corner ===================================

Group                    Internal    Switching      Leakage        Total
                            Power        Power        Power        Power (Watts)
------------------------------------------------------------------------
Sequential           1.235265e-05 0.000000e+00 7.793059e-08 1.243058e-05  97.3%
Combinational        1.249057e-07 1.737216e-07 4.949682e-08 3.481241e-07   2.7%
Clock                0.000000e+00 0.000000e+00 0.000000e+00 0.000000e+00   0.0%
Macro                0.000000e+00 0.000000e+00 0.000000e+00 0.000000e+00   0.0%
Pad                  0.000000e+00 0.000000e+00 0.000000e+00 0.000000e+00   0.0%
------------------------------------------------------------------------
Total                1.247755e-05 1.737216e-07 1.274274e-07 1.277870e-05 100.0%
                            97.6%         1.4%         1.0%
%OL_METRIC_F power__internal__total 1.2477554264478385e-5
%OL_METRIC_F power__switching__total 1.7372160243667167e-7
%OL_METRIC_F power__leakage__total 1.2742741262172785e-7
%OL_METRIC_F power__total 1.2778703421645332e-5

%OL_END_REPORT
%OL_CREATE_REPORT skew.min.rpt

===========================================================================
Clock Skew (Hold)
============================================================================
%OL_METRIC_F clock__skew__worst_hold__corner:nom_ss_100C_1v60 -0.25
======================= nom_ss_100C_1v60 Corner ===================================

Clock clk
0.037934 source latency _20_/CLK ^
-0.037934 target latency _20_/CLK ^
-0.250000 clock uncertainty
0.000000 CRPR
--------------
-0.250000 hold skew

%OL_END_REPORT
%OL_CREATE_REPORT skew.max.rpt

===========================================================================
Clock Skew (Setup)
============================================================================
%OL_METRIC_F clock__skew__worst_setup__corner:nom_ss_100C_1v60 0.25
======================= nom_ss_100C_1v60 Corner ===================================

Clock clk
0.037934 source latency _20_/CLK ^
-0.037934 target latency _20_/CLK ^
0.250000 clock uncertainty
0.000000 CRPR
--------------
0.250000 setup skew

%OL_END_REPORT
%OL_CREATE_REPORT ws.min.rpt

===========================================================================
Worst Slack (Hold)
============================================================================
%OL_METRIC_F timing__hold__ws__corner:nom_ss_100C_1v60 0.9561232076697761
nom_ss_100C_1v60: 0.9561232076697761
%OL_END_REPORT
%OL_CREATE_REPORT ws.max.rpt

===========================================================================
Worst Slack (Setup)
============================================================================
%OL_METRIC_F timing__setup__ws__corner:nom_ss_100C_1v60 6.682838915849422
nom_ss_100C_1v60: 6.682838915849422
%OL_END_REPORT
%OL_CREATE_REPORT tns.min.rpt

===========================================================================
Total Negative Slack (Hold)
============================================================================
%OL_METRIC_F timing__hold__tns__corner:nom_ss_100C_1v60 0.0
nom_ss_100C_1v60: 0.0
%OL_END_REPORT
%OL_CREATE_REPORT tns.max.rpt

===========================================================================
Total Negative Slack (Setup)
============================================================================
%OL_METRIC_F timing__setup__tns__corner:nom_ss_100C_1v60 0.0
nom_ss_100C_1v60: 0.0
%OL_END_REPORT
%OL_CREATE_REPORT wns.min.rpt

===========================================================================
Worst Negative Slack (Hold)
============================================================================
%OL_METRIC_F timing__hold__wns__corner:nom_ss_100C_1v60 0
nom_ss_100C_1v60: 0
%OL_END_REPORT
%OL_CREATE_REPORT wns.max.rpt

===========================================================================
Worst Negative Slack (Setup)
============================================================================
%OL_METRIC_F timing__setup__wns__corner:nom_ss_100C_1v60 0.0
nom_ss_100C_1v60: 0.0
%OL_END_REPORT
%OL_CREATE_REPORT violator_list.rpt

===========================================================================
Violator List
============================================================================
%OL_METRIC_I timing__hold_vio__count__corner:nom_ss_100C_1v60 0
%OL_METRIC_F timing__hold_r2r__ws__corner:nom_ss_100C_1v60 0.956123
%OL_METRIC_I timing__hold_r2r_vio__count__corner:nom_ss_100C_1v60 0
%OL_METRIC_I timing__setup_vio__count__corner:nom_ss_100C_1v60 0
%OL_METRIC_F timing__setup_r2r__ws__corner:nom_ss_100C_1v60 7.623182
%OL_METRIC_I timing__setup_r2r_vio__count__corner:nom_ss_100C_1v60 0
%OL_END_REPORT
%OL_CREATE_REPORT unpropagated.rpt
clk
%OL_END_REPORT
%OL_CREATE_REPORT clock.rpt
Clock: clk
Sources: clk 
Generated: no
Virtual: no
Propagated: no
Period: 10.000000

===========================================================================
report_clock_properties
============================================================================
Clock                   Period          Waveform
----------------------------------------------------
clk                  10.000000    0.000000  5.000000

===========================================================================
report_clock_latency
============================================================================
Clock clk
rise -> rise
    min     max
0.000000 0.000000 source latency
0.037934         network latency _20_/CLK
        0.037934 network latency _20_/CLK
---------------
0.037934 0.037934 latency
        0.000000 skew

fall -> fall
    min     max
0.000000 0.000000 source latency
0.020657         network latency _20_/CLK
        0.020657 network latency _20_/CLK
---------------
0.020657 0.020657 latency
        0.000000 skew



===========================================================================
report_clock_min_period
============================================================================
clk period_min = 2.38 fmax = 420.73
%OL_END_REPORT
Writing SDF files for all corners…
